[2023-02-13 18:00:01,331] {taskinstance.py:1159} INFO - Dependencies all met for <TaskInstance: subdags_septimo_dag.subdag scheduled__2023-02-13T00:00:00+00:00 [queued]>
[2023-02-13 18:00:01,336] {taskinstance.py:1159} INFO - Dependencies all met for <TaskInstance: subdags_septimo_dag.subdag scheduled__2023-02-13T00:00:00+00:00 [queued]>
[2023-02-13 18:00:01,337] {taskinstance.py:1356} INFO - 
--------------------------------------------------------------------------------
[2023-02-13 18:00:01,337] {taskinstance.py:1357} INFO - Starting attempt 1 of 1
[2023-02-13 18:00:01,340] {taskinstance.py:1358} INFO - 
--------------------------------------------------------------------------------
[2023-02-13 18:00:01,348] {taskinstance.py:1377} INFO - Executing <Task(SubDagOperator): subdag> on 2023-02-13 00:00:00+00:00
[2023-02-13 18:00:01,351] {standard_task_runner.py:52} INFO - Started process 282342 to run task
[2023-02-13 18:00:01,353] {standard_task_runner.py:79} INFO - Running: ['***', 'tasks', 'run', 'subdags_septimo_dag', 'subdag', 'scheduled__2023-02-13T00:00:00+00:00', '--job-id', '169', '--raw', '--subdir', 'DAGS_FOLDER/Apache_Airflow/subdags_septimo_dag.py', '--cfg-path', '/tmp/tmpf2nyhmem', '--error-file', '/tmp/tmpdius4ubf']
[2023-02-13 18:00:01,355] {standard_task_runner.py:80} INFO - Job 169: Subtask subdag
[2023-02-13 18:00:01,400] {task_command.py:369} INFO - Running <TaskInstance: subdags_septimo_dag.subdag scheduled__2023-02-13T00:00:00+00:00 [running]> on host Tinmar.
[2023-02-13 18:00:01,449] {taskinstance.py:1569} INFO - Exporting the following env vars:
AIRFLOW_CTX_DAG_OWNER=Tinmar
AIRFLOW_CTX_DAG_ID=subdags_septimo_dag
AIRFLOW_CTX_TASK_ID=subdag
AIRFLOW_CTX_EXECUTION_DATE=2023-02-13T00:00:00+00:00
AIRFLOW_CTX_TRY_NUMBER=1
AIRFLOW_CTX_DAG_RUN_ID=scheduled__2023-02-13T00:00:00+00:00
[2023-02-13 18:00:01,453] {logging_mixin.py:115} WARNING - /home/tinmar/.local/lib/python3.10/site-packages/***/utils/context.py:202 AirflowContextDeprecationWarning: Accessing 'execution_date' from the template is deprecated and will be removed in a future version. Please use 'data_interval_start' or 'logical_date' instead.
[2023-02-13 18:00:01,475] {subdag.py:176} INFO - Created DagRun: scheduled__2023-02-13T00:00:00+00:00
[2023-02-13 18:01:01,530] {base.py:301} INFO - Success criteria met. Exiting.
[2023-02-13 18:01:01,537] {subdag.py:191} INFO - Execution finished. State is success
[2023-02-13 18:01:01,546] {taskinstance.py:1395} INFO - Marking task as SUCCESS. dag_id=subdags_septimo_dag, task_id=subdag, execution_date=20230213T000000, start_date=20230214T000001, end_date=20230214T000101
[2023-02-13 18:01:01,566] {local_task_job.py:156} INFO - Task exited with return code 0
[2023-02-13 18:01:01,591] {local_task_job.py:273} INFO - 1 downstream tasks scheduled from follow-on schedule check
