[2023-02-02 12:04:35,664] {taskinstance.py:1159} INFO - Dependencies all met for <TaskInstance: 8_documentation.bash_task scheduled__2023-02-01T00:00:00+00:00 [queued]>
[2023-02-02 12:04:35,676] {taskinstance.py:1159} INFO - Dependencies all met for <TaskInstance: 8_documentation.bash_task scheduled__2023-02-01T00:00:00+00:00 [queued]>
[2023-02-02 12:04:35,677] {taskinstance.py:1356} INFO - 
--------------------------------------------------------------------------------
[2023-02-02 12:04:35,677] {taskinstance.py:1357} INFO - Starting attempt 1 of 1
[2023-02-02 12:04:35,679] {taskinstance.py:1358} INFO - 
--------------------------------------------------------------------------------
[2023-02-02 12:04:35,717] {taskinstance.py:1377} INFO - Executing <Task(BashOperator): bash_task> on 2023-02-01 00:00:00+00:00
[2023-02-02 12:04:35,719] {standard_task_runner.py:52} INFO - Started process 21835 to run task
[2023-02-02 12:04:35,722] {standard_task_runner.py:79} INFO - Running: ['airflow', 'tasks', 'run', '8_documentation', 'bash_task', 'scheduled__2023-02-01T00:00:00+00:00', '--job-id', '196', '--raw', '--subdir', 'DAGS_FOLDER/Airflow2_0_De_0_a_Heroe/8_documentation.py', '--cfg-path', '/tmp/tmp4otrlu2b', '--error-file', '/tmp/tmp3uex63t7']
[2023-02-02 12:04:35,723] {standard_task_runner.py:80} INFO - Job 196: Subtask bash_task
[2023-02-02 12:04:35,801] {task_command.py:369} INFO - Running <TaskInstance: 8_documentation.bash_task scheduled__2023-02-01T00:00:00+00:00 [running]> on host Tinmar.
[2023-02-02 12:04:35,923] {taskinstance.py:1569} INFO - Exporting the following env vars:
AIRFLOW_CTX_DAG_OWNER=David S
AIRFLOW_CTX_DAG_ID=8_documentation
AIRFLOW_CTX_TASK_ID=bash_task
AIRFLOW_CTX_EXECUTION_DATE=2023-02-01T00:00:00+00:00
AIRFLOW_CTX_TRY_NUMBER=1
AIRFLOW_CTX_DAG_RUN_ID=scheduled__2023-02-01T00:00:00+00:00
[2023-02-02 12:04:35,923] {subprocess.py:62} INFO - Tmp dir root location: 
 /tmp
[2023-02-02 12:04:35,927] {subprocess.py:74} INFO - Running command: ['bash', '-c', 'echo "---> Mi primer DAG en Apache Airflow!, Fecha: $TODAY"']
[2023-02-02 12:04:35,930] {subprocess.py:85} INFO - Output:
[2023-02-02 12:04:35,932] {subprocess.py:92} INFO - ---> Mi primer DAG en Apache Airflow!, Fecha: 2023-02-02
[2023-02-02 12:04:35,933] {subprocess.py:96} INFO - Command exited with return code 0
[2023-02-02 12:04:35,980] {taskinstance.py:1395} INFO - Marking task as SUCCESS. dag_id=8_documentation, task_id=bash_task, execution_date=20230201T000000, start_date=20230202T180435, end_date=20230202T180435
[2023-02-02 12:04:36,036] {local_task_job.py:156} INFO - Task exited with return code 0
[2023-02-02 12:04:36,103] {local_task_job.py:273} INFO - 1 downstream tasks scheduled from follow-on schedule check
