[2023-02-02 10:49:25,795] {taskinstance.py:1159} INFO - Dependencies all met for <TaskInstance: 6_dataproc_airflow.create_cluster manual__2023-02-02T16:49:22.030413+00:00 [queued]>
[2023-02-02 10:49:25,819] {taskinstance.py:1159} INFO - Dependencies all met for <TaskInstance: 6_dataproc_airflow.create_cluster manual__2023-02-02T16:49:22.030413+00:00 [queued]>
[2023-02-02 10:49:25,820] {taskinstance.py:1356} INFO - 
--------------------------------------------------------------------------------
[2023-02-02 10:49:25,822] {taskinstance.py:1357} INFO - Starting attempt 1 of 1
[2023-02-02 10:49:25,823] {taskinstance.py:1358} INFO - 
--------------------------------------------------------------------------------
[2023-02-02 10:49:25,861] {taskinstance.py:1377} INFO - Executing <Task(DataprocCreateClusterOperator): create_cluster> on 2023-02-02 16:49:22.030413+00:00
[2023-02-02 10:49:25,863] {standard_task_runner.py:52} INFO - Started process 18921 to run task
[2023-02-02 10:49:25,865] {standard_task_runner.py:79} INFO - Running: ['airflow', 'tasks', 'run', '6_dataproc_airflow', 'create_cluster', 'manual__2023-02-02T16:49:22.030413+00:00', '--job-id', '182', '--raw', '--subdir', 'DAGS_FOLDER/Airflow2_0_De_0_a_Heroe/6_dataproc_airflow.py', '--cfg-path', '/tmp/tmpk2iqi5f_', '--error-file', '/tmp/tmp1tlie507']
[2023-02-02 10:49:25,867] {standard_task_runner.py:80} INFO - Job 182: Subtask create_cluster
[2023-02-02 10:49:25,956] {task_command.py:369} INFO - Running <TaskInstance: 6_dataproc_airflow.create_cluster manual__2023-02-02T16:49:22.030413+00:00 [running]> on host Tinmar.
[2023-02-02 10:49:26,091] {taskinstance.py:1569} INFO - Exporting the following env vars:
AIRFLOW_CTX_DAG_OWNER=David S
AIRFLOW_CTX_DAG_ID=6_dataproc_airflow
AIRFLOW_CTX_TASK_ID=create_cluster
AIRFLOW_CTX_EXECUTION_DATE=2023-02-02T16:49:22.030413+00:00
AIRFLOW_CTX_TRY_NUMBER=1
AIRFLOW_CTX_DAG_RUN_ID=manual__2023-02-02T16:49:22.030413+00:00
[2023-02-02 10:49:26,092] {dataproc.py:591} INFO - Creating cluster: airflow-spark-cluster
[2023-02-02 10:49:26,106] {base.py:68} INFO - Using connection ID 'google_cloud_default' for task execution.
[2023-02-02 10:51:40,077] {dataproc.py:535} INFO - Cluster created.
[2023-02-02 10:51:40,157] {taskinstance.py:1395} INFO - Marking task as SUCCESS. dag_id=6_dataproc_airflow, task_id=create_cluster, execution_date=20230202T164922, start_date=20230202T164925, end_date=20230202T165140
[2023-02-02 10:51:40,217] {local_task_job.py:156} INFO - Task exited with return code 0
