[2023-02-13 11:38:18,855] {taskinstance.py:1159} INFO - Dependencies all met for <TaskInstance: xcoms_cuarto_dag.xcom_pull manual__2023-02-13T17:38:16.491470+00:00 [queued]>
[2023-02-13 11:38:18,861] {taskinstance.py:1159} INFO - Dependencies all met for <TaskInstance: xcoms_cuarto_dag.xcom_pull manual__2023-02-13T17:38:16.491470+00:00 [queued]>
[2023-02-13 11:38:18,862] {taskinstance.py:1356} INFO - 
--------------------------------------------------------------------------------
[2023-02-13 11:38:18,863] {taskinstance.py:1357} INFO - Starting attempt 1 of 1
[2023-02-13 11:38:18,864] {taskinstance.py:1358} INFO - 
--------------------------------------------------------------------------------
[2023-02-13 11:38:18,871] {taskinstance.py:1377} INFO - Executing <Task(PythonOperator): xcom_pull> on 2023-02-13 17:38:16.491470+00:00
[2023-02-13 11:38:18,874] {standard_task_runner.py:52} INFO - Started process 86977 to run task
[2023-02-13 11:38:18,875] {standard_task_runner.py:79} INFO - Running: ['***', 'tasks', 'run', 'xcoms_cuarto_dag', 'xcom_pull', 'manual__2023-02-13T17:38:16.491470+00:00', '--job-id', '113', '--raw', '--subdir', 'DAGS_FOLDER/Apache_Airflow/xcoms_cuarto_dag.py', '--cfg-path', '/tmp/tmpcnu_6anb', '--error-file', '/tmp/tmplpzpiovd']
[2023-02-13 11:38:18,877] {standard_task_runner.py:80} INFO - Job 113: Subtask xcom_pull
[2023-02-13 11:38:18,918] {task_command.py:369} INFO - Running <TaskInstance: xcoms_cuarto_dag.xcom_pull manual__2023-02-13T17:38:16.491470+00:00 [running]> on host Tinmar.
[2023-02-13 11:38:18,963] {taskinstance.py:1569} INFO - Exporting the following env vars:
AIRFLOW_CTX_DAG_OWNER=Tinmar
AIRFLOW_CTX_DAG_ID=xcoms_cuarto_dag
AIRFLOW_CTX_TASK_ID=xcom_pull
AIRFLOW_CTX_EXECUTION_DATE=2023-02-13T17:38:16.491470+00:00
AIRFLOW_CTX_TRY_NUMBER=1
AIRFLOW_CTX_DAG_RUN_ID=manual__2023-02-13T17:38:16.491470+00:00
[2023-02-13 11:38:18,979] {logging_mixin.py:115} INFO - Este es un Xcom valor_de_prueba
[2023-02-13 11:38:18,979] {python.py:173} INFO - Done. Returned value was: None
[2023-02-13 11:38:18,990] {taskinstance.py:1395} INFO - Marking task as SUCCESS. dag_id=xcoms_cuarto_dag, task_id=xcom_pull, execution_date=20230213T173816, start_date=20230213T173818, end_date=20230213T173818
[2023-02-13 11:38:19,013] {local_task_job.py:156} INFO - Task exited with return code 0
[2023-02-13 11:38:19,040] {local_task_job.py:273} INFO - 1 downstream tasks scheduled from follow-on schedule check
