[2023-02-16 12:02:38,504] {taskinstance.py:1159} INFO - Dependencies all met for <TaskInstance: 1.6_user_processing.insert_data manual__2023-02-16T18:02:36.208542+00:00 [queued]>
[2023-02-16 12:02:38,511] {taskinstance.py:1159} INFO - Dependencies all met for <TaskInstance: 1.6_user_processing.insert_data manual__2023-02-16T18:02:36.208542+00:00 [queued]>
[2023-02-16 12:02:38,511] {taskinstance.py:1356} INFO - 
--------------------------------------------------------------------------------
[2023-02-16 12:02:38,512] {taskinstance.py:1357} INFO - Starting attempt 1 of 1
[2023-02-16 12:02:38,513] {taskinstance.py:1358} INFO - 
--------------------------------------------------------------------------------
[2023-02-16 12:02:38,520] {taskinstance.py:1377} INFO - Executing <Task(PostgresOperator): insert_data> on 2023-02-16 18:02:36.208542+00:00
[2023-02-16 12:02:38,524] {standard_task_runner.py:52} INFO - Started process 76309 to run task
[2023-02-16 12:02:38,526] {standard_task_runner.py:79} INFO - Running: ['***', 'tasks', 'run', '1.6_user_processing', 'insert_data', 'manual__2023-02-16T18:02:36.208542+00:00', '--job-id', '259', '--raw', '--subdir', 'DAGS_FOLDER/Introduction_to_Apache_Airflow/1.6_user_processing.py', '--cfg-path', '/tmp/tmpf8lds2ko', '--error-file', '/tmp/tmpdeuxfho3']
[2023-02-16 12:02:38,527] {standard_task_runner.py:80} INFO - Job 259: Subtask insert_data
[2023-02-16 12:02:38,574] {task_command.py:369} INFO - Running <TaskInstance: 1.6_user_processing.insert_data manual__2023-02-16T18:02:36.208542+00:00 [running]> on host Tinmar.
[2023-02-16 12:02:38,640] {taskinstance.py:1569} INFO - Exporting the following env vars:
AIRFLOW_CTX_DAG_OWNER=Tinmar
AIRFLOW_CTX_DAG_ID=1.6_user_processing
AIRFLOW_CTX_TASK_ID=insert_data
AIRFLOW_CTX_EXECUTION_DATE=2023-02-16T18:02:36.208542+00:00
AIRFLOW_CTX_TRY_NUMBER=1
AIRFLOW_CTX_DAG_RUN_ID=manual__2023-02-16T18:02:36.208542+00:00
[2023-02-16 12:02:38,641] {sql.py:254} INFO - Executing: 
                                        INSERT INTO users VALUES ('Tinmar', 'Andrade','México','tinmar','GuruSat.3','tinmar96@gmail.com')
                                    
[2023-02-16 12:02:38,653] {base.py:68} INFO - Using connection ID 'postgres' for task execution.
[2023-02-16 12:02:38,682] {base.py:68} INFO - Using connection ID 'postgres' for task execution.
[2023-02-16 12:02:38,687] {sql.py:375} INFO - Running statement: 
                                        INSERT INTO users VALUES ('Tinmar', 'Andrade','México','tinmar','GuruSat.3','tinmar96@gmail.com')
                                    , parameters: None
[2023-02-16 12:02:38,688] {sql.py:384} INFO - Rows affected: 1
[2023-02-16 12:02:38,713] {taskinstance.py:1395} INFO - Marking task as SUCCESS. dag_id=1.6_user_processing, task_id=insert_data, execution_date=20230216T180236, start_date=20230216T180238, end_date=20230216T180238
[2023-02-16 12:02:38,754] {local_task_job.py:156} INFO - Task exited with return code 0
[2023-02-16 12:02:38,793] {local_task_job.py:273} INFO - 1 downstream tasks scheduled from follow-on schedule check
