[2023-02-21T08:48:22.596-0600] {taskinstance.py:1165} INFO - Dependencies all met for <TaskInstance: 5_task_group.downloads.download_c scheduled__2023-02-20T00:00:00+00:00 [queued]>
[2023-02-21T08:48:22.626-0600] {taskinstance.py:1165} INFO - Dependencies all met for <TaskInstance: 5_task_group.downloads.download_c scheduled__2023-02-20T00:00:00+00:00 [queued]>
[2023-02-21T08:48:22.627-0600] {taskinstance.py:1362} INFO - 
--------------------------------------------------------------------------------
[2023-02-21T08:48:22.629-0600] {taskinstance.py:1363} INFO - Starting attempt 1 of 1
[2023-02-21T08:48:22.630-0600] {taskinstance.py:1364} INFO - 
--------------------------------------------------------------------------------
[2023-02-21T08:48:22.662-0600] {taskinstance.py:1383} INFO - Executing <Task(BashOperator): downloads.download_c> on 2023-02-20 00:00:00+00:00
[2023-02-21T08:48:22.678-0600] {standard_task_runner.py:54} INFO - Started process 427658 to run task
[2023-02-21T08:48:22.688-0600] {standard_task_runner.py:82} INFO - Running: ['***', 'tasks', 'run', '5_task_group', 'downloads.download_c', 'scheduled__2023-02-20T00:00:00+00:00', '--job-id', '593', '--raw', '--subdir', 'DAGS_FOLDER/Introduction_to_Apache_Airflow/5_task_group.py', '--cfg-path', '/tmp/tmpg9ph3ubz']
[2023-02-21T08:48:22.696-0600] {standard_task_runner.py:83} INFO - Job 593: Subtask downloads.download_c
[2023-02-21T08:48:22.702-0600] {dagbag.py:525} INFO - Filling up the DagBag from /c/Airflow/dags/Introduction_to_Apache_Airflow/5_task_group.py
[2023-02-21T08:48:24.667-0600] {task_command.py:384} INFO - Running <TaskInstance: 5_task_group.downloads.download_c scheduled__2023-02-20T00:00:00+00:00 [running]> on host Tinmar.
[2023-02-21T08:48:24.865-0600] {taskinstance.py:1590} INFO - Exporting the following env vars:
AIRFLOW_CTX_DAG_OWNER=***
AIRFLOW_CTX_DAG_ID=5_task_group
AIRFLOW_CTX_TASK_ID=downloads.download_c
AIRFLOW_CTX_EXECUTION_DATE=2023-02-20T00:00:00+00:00
AIRFLOW_CTX_TRY_NUMBER=1
AIRFLOW_CTX_DAG_RUN_ID=scheduled__2023-02-20T00:00:00+00:00
[2023-02-21T08:48:24.868-0600] {subprocess.py:63} INFO - Tmp dir root location: 
 /tmp
[2023-02-21T08:48:24.870-0600] {subprocess.py:75} INFO - Running command: ['/usr/bin/bash', '-c', 'sleep 10']
[2023-02-21T08:48:24.891-0600] {subprocess.py:86} INFO - Output:
[2023-02-21T08:48:34.895-0600] {subprocess.py:97} INFO - Command exited with return code 0
[2023-02-21T08:48:34.991-0600] {taskinstance.py:1401} INFO - Marking task as SUCCESS. dag_id=5_task_group, task_id=downloads.download_c, execution_date=20230220T000000, start_date=20230221T144822, end_date=20230221T144834
[2023-02-21T08:48:35.084-0600] {local_task_job.py:164} INFO - Task exited with return code 0
[2023-02-21T08:48:35.136-0600] {local_task_job.py:273} INFO - 0 downstream tasks scheduled from follow-on schedule check
