[2023-02-15 16:45:02,278] {taskinstance.py:1159} INFO - Dependencies all met for <TaskInstance: 6_dataproc_airflow.create_cluster scheduled__2023-02-14T00:00:00+00:00 [queued]>
[2023-02-15 16:45:02,291] {taskinstance.py:1159} INFO - Dependencies all met for <TaskInstance: 6_dataproc_airflow.create_cluster scheduled__2023-02-14T00:00:00+00:00 [queued]>
[2023-02-15 16:45:02,292] {taskinstance.py:1356} INFO - 
--------------------------------------------------------------------------------
[2023-02-15 16:45:02,293] {taskinstance.py:1357} INFO - Starting attempt 1 of 1
[2023-02-15 16:45:02,293] {taskinstance.py:1358} INFO - 
--------------------------------------------------------------------------------
[2023-02-15 16:45:02,310] {taskinstance.py:1377} INFO - Executing <Task(DataprocCreateClusterOperator): create_cluster> on 2023-02-14 00:00:00+00:00
[2023-02-15 16:45:02,317] {standard_task_runner.py:52} INFO - Started process 441393 to run task
[2023-02-15 16:45:02,321] {standard_task_runner.py:79} INFO - Running: ['***', 'tasks', 'run', '6_dataproc_***', 'create_cluster', 'scheduled__2023-02-14T00:00:00+00:00', '--job-id', '204', '--raw', '--subdir', 'DAGS_FOLDER/Airflow2_0_De_0_a_Heroe/6_dataproc_***.py', '--cfg-path', '/tmp/tmp6z7ui9ll', '--error-file', '/tmp/tmpxq3t154d']
[2023-02-15 16:45:02,324] {standard_task_runner.py:80} INFO - Job 204: Subtask create_cluster
[2023-02-15 16:45:02,410] {task_command.py:369} INFO - Running <TaskInstance: 6_dataproc_airflow.create_cluster scheduled__2023-02-14T00:00:00+00:00 [running]> on host Tinmar.
[2023-02-15 16:45:02,502] {taskinstance.py:1569} INFO - Exporting the following env vars:
AIRFLOW_CTX_DAG_OWNER=David S
AIRFLOW_CTX_DAG_ID=6_dataproc_***
AIRFLOW_CTX_TASK_ID=create_cluster
AIRFLOW_CTX_EXECUTION_DATE=2023-02-14T00:00:00+00:00
AIRFLOW_CTX_TRY_NUMBER=1
AIRFLOW_CTX_DAG_RUN_ID=scheduled__2023-02-14T00:00:00+00:00
[2023-02-15 16:45:02,508] {dataproc.py:591} INFO - Creating cluster: ***-spark-cluster
[2023-02-15 16:45:02,534] {base.py:68} INFO - Using connection ID 'google_cloud_default' for task execution.
[2023-02-15 16:47:36,824] {dataproc.py:535} INFO - Cluster created.
[2023-02-15 16:47:36,856] {taskinstance.py:1395} INFO - Marking task as SUCCESS. dag_id=6_dataproc_***, task_id=create_cluster, execution_date=20230214T000000, start_date=20230215T224502, end_date=20230215T224736
[2023-02-15 16:47:36,900] {local_task_job.py:156} INFO - Task exited with return code 0
