[2023-02-02 10:51:50,366] {taskinstance.py:1159} INFO - Dependencies all met for <TaskInstance: 6_dataproc_airflow.par_task.avg_quant manual__2023-02-02T16:49:22.030413+00:00 [queued]>
[2023-02-02 10:51:50,381] {taskinstance.py:1159} INFO - Dependencies all met for <TaskInstance: 6_dataproc_airflow.par_task.avg_quant manual__2023-02-02T16:49:22.030413+00:00 [queued]>
[2023-02-02 10:51:50,382] {taskinstance.py:1356} INFO - 
--------------------------------------------------------------------------------
[2023-02-02 10:51:50,384] {taskinstance.py:1357} INFO - Starting attempt 1 of 1
[2023-02-02 10:51:50,385] {taskinstance.py:1358} INFO - 
--------------------------------------------------------------------------------
[2023-02-02 10:51:50,415] {taskinstance.py:1377} INFO - Executing <Task(DataprocSubmitJobOperator): par_task.avg_quant> on 2023-02-02 16:49:22.030413+00:00
[2023-02-02 10:51:50,417] {standard_task_runner.py:52} INFO - Started process 18959 to run task
[2023-02-02 10:51:50,419] {standard_task_runner.py:79} INFO - Running: ['airflow', 'tasks', 'run', '6_dataproc_airflow', 'par_task.avg_quant', 'manual__2023-02-02T16:49:22.030413+00:00', '--job-id', '184', '--raw', '--subdir', 'DAGS_FOLDER/Airflow2_0_De_0_a_Heroe/6_dataproc_airflow.py', '--cfg-path', '/tmp/tmp09bhsc3d', '--error-file', '/tmp/tmpm74cw0ro']
[2023-02-02 10:51:50,420] {standard_task_runner.py:80} INFO - Job 184: Subtask par_task.avg_quant
[2023-02-02 10:51:50,496] {task_command.py:369} INFO - Running <TaskInstance: 6_dataproc_airflow.par_task.avg_quant manual__2023-02-02T16:49:22.030413+00:00 [running]> on host Tinmar.
[2023-02-02 10:51:50,601] {taskinstance.py:1569} INFO - Exporting the following env vars:
AIRFLOW_CTX_DAG_OWNER=David S
AIRFLOW_CTX_DAG_ID=6_dataproc_airflow
AIRFLOW_CTX_TASK_ID=par_task.avg_quant
AIRFLOW_CTX_EXECUTION_DATE=2023-02-02T16:49:22.030413+00:00
AIRFLOW_CTX_TRY_NUMBER=1
AIRFLOW_CTX_DAG_RUN_ID=manual__2023-02-02T16:49:22.030413+00:00
[2023-02-02 10:51:50,602] {dataproc.py:1866} INFO - Submitting job
[2023-02-02 10:51:50,612] {base.py:68} INFO - Using connection ID 'google_cloud_default' for task execution.
[2023-02-02 10:51:51,208] {dataproc.py:1878} INFO - Job PARTASK_dfa23fbf_avg_quant submitted successfully.
[2023-02-02 10:51:51,256] {dataproc.py:1898} INFO - Waiting for job PARTASK_dfa23fbf_avg_quant to complete
[2023-02-02 10:52:43,418] {dataproc.py:1902} INFO - Job PARTASK_dfa23fbf_avg_quant completed successfully.
[2023-02-02 10:52:43,469] {taskinstance.py:1395} INFO - Marking task as SUCCESS. dag_id=6_dataproc_airflow, task_id=par_task.avg_quant, execution_date=20230202T164922, start_date=20230202T165150, end_date=20230202T165243
[2023-02-02 10:52:43,530] {local_task_job.py:156} INFO - Task exited with return code 0
