[2023-02-13 15:16:46,592] {taskinstance.py:1159} INFO - Dependencies all met for <TaskInstance: dynamic_tasks_noveno_dag.imprimir_Suiza manual__2023-02-13T21:16:42.243787+00:00 [queued]>
[2023-02-13 15:16:46,597] {taskinstance.py:1159} INFO - Dependencies all met for <TaskInstance: dynamic_tasks_noveno_dag.imprimir_Suiza manual__2023-02-13T21:16:42.243787+00:00 [queued]>
[2023-02-13 15:16:46,598] {taskinstance.py:1356} INFO - 
--------------------------------------------------------------------------------
[2023-02-13 15:16:46,599] {taskinstance.py:1357} INFO - Starting attempt 1 of 1
[2023-02-13 15:16:46,599] {taskinstance.py:1358} INFO - 
--------------------------------------------------------------------------------
[2023-02-13 15:16:46,607] {taskinstance.py:1377} INFO - Executing <Task(BashOperator): imprimir_Suiza> on 2023-02-13 21:16:42.243787+00:00
[2023-02-13 15:16:46,609] {standard_task_runner.py:52} INFO - Started process 226974 to run task
[2023-02-13 15:16:46,611] {standard_task_runner.py:79} INFO - Running: ['***', 'tasks', 'run', 'dynamic_tasks_noveno_dag', 'imprimir_Suiza', 'manual__2023-02-13T21:16:42.243787+00:00', '--job-id', '162', '--raw', '--subdir', 'DAGS_FOLDER/Apache_Airflow/dynamic_tasks_noveno_dag.py', '--cfg-path', '/tmp/tmp4i3t4kt1', '--error-file', '/tmp/tmppn0r757v']
[2023-02-13 15:16:46,613] {standard_task_runner.py:80} INFO - Job 162: Subtask imprimir_Suiza
[2023-02-13 15:16:46,648] {task_command.py:369} INFO - Running <TaskInstance: dynamic_tasks_noveno_dag.imprimir_Suiza manual__2023-02-13T21:16:42.243787+00:00 [running]> on host Tinmar.
[2023-02-13 15:16:46,690] {taskinstance.py:1569} INFO - Exporting the following env vars:
AIRFLOW_CTX_DAG_OWNER=Tinmar
AIRFLOW_CTX_DAG_ID=dynamic_tasks_noveno_dag
AIRFLOW_CTX_TASK_ID=imprimir_Suiza
AIRFLOW_CTX_EXECUTION_DATE=2023-02-13T21:16:42.243787+00:00
AIRFLOW_CTX_TRY_NUMBER=1
AIRFLOW_CTX_DAG_RUN_ID=manual__2023-02-13T21:16:42.243787+00:00
[2023-02-13 15:16:46,691] {subprocess.py:62} INFO - Tmp dir root location: 
 /tmp
[2023-02-13 15:16:46,692] {subprocess.py:74} INFO - Running command: ['bash', '-c', 'echo Suiza']
[2023-02-13 15:16:46,697] {subprocess.py:85} INFO - Output:
[2023-02-13 15:16:46,697] {subprocess.py:92} INFO - Suiza
[2023-02-13 15:16:46,698] {subprocess.py:96} INFO - Command exited with return code 0
[2023-02-13 15:16:46,719] {taskinstance.py:1395} INFO - Marking task as SUCCESS. dag_id=dynamic_tasks_noveno_dag, task_id=imprimir_Suiza, execution_date=20230213T211642, start_date=20230213T211646, end_date=20230213T211646
[2023-02-13 15:16:46,748] {local_task_job.py:156} INFO - Task exited with return code 0
[2023-02-13 15:16:46,773] {local_task_job.py:273} INFO - 1 downstream tasks scheduled from follow-on schedule check
