[2023-02-15 18:03:27,465] {taskinstance.py:1159} INFO - Dependencies all met for <TaskInstance: 7_dataproc_subdags.delete_cluster scheduled__2023-02-15T00:00:00+00:00 [queued]>
[2023-02-15 18:03:27,470] {taskinstance.py:1159} INFO - Dependencies all met for <TaskInstance: 7_dataproc_subdags.delete_cluster scheduled__2023-02-15T00:00:00+00:00 [queued]>
[2023-02-15 18:03:27,471] {taskinstance.py:1356} INFO - 
--------------------------------------------------------------------------------
[2023-02-15 18:03:27,471] {taskinstance.py:1357} INFO - Starting attempt 1 of 1
[2023-02-15 18:03:27,472] {taskinstance.py:1358} INFO - 
--------------------------------------------------------------------------------
[2023-02-15 18:03:27,479] {taskinstance.py:1377} INFO - Executing <Task(DataprocDeleteClusterOperator): delete_cluster> on 2023-02-15 00:00:00+00:00
[2023-02-15 18:03:27,481] {standard_task_runner.py:52} INFO - Started process 467781 to run task
[2023-02-15 18:03:27,483] {standard_task_runner.py:79} INFO - Running: ['***', 'tasks', 'run', '7_dataproc_subdags', 'delete_cluster', 'scheduled__2023-02-15T00:00:00+00:00', '--job-id', '229', '--raw', '--subdir', 'DAGS_FOLDER/Airflow2_0_De_0_a_Heroe/7_dataproc_subdags.py', '--cfg-path', '/tmp/tmps1_3m5hr', '--error-file', '/tmp/tmp1tcy9j5i']
[2023-02-15 18:03:27,484] {standard_task_runner.py:80} INFO - Job 229: Subtask delete_cluster
[2023-02-15 18:03:27,523] {task_command.py:369} INFO - Running <TaskInstance: 7_dataproc_subdags.delete_cluster scheduled__2023-02-15T00:00:00+00:00 [running]> on host Tinmar.
[2023-02-15 18:03:27,564] {taskinstance.py:1569} INFO - Exporting the following env vars:
AIRFLOW_CTX_DAG_OWNER=David Sanchez
AIRFLOW_CTX_DAG_ID=7_dataproc_subdags
AIRFLOW_CTX_TASK_ID=delete_cluster
AIRFLOW_CTX_EXECUTION_DATE=2023-02-15T00:00:00+00:00
AIRFLOW_CTX_TRY_NUMBER=1
AIRFLOW_CTX_DAG_RUN_ID=scheduled__2023-02-15T00:00:00+00:00
[2023-02-15 18:03:27,572] {base.py:68} INFO - Using connection ID 'google_cloud_default' for task execution.
[2023-02-15 18:03:27,576] {dataproc.py:817} INFO - Deleting cluster: ***-spark-cluster
[2023-02-15 18:03:28,066] {taskinstance.py:1889} ERROR - Task failed with exception
Traceback (most recent call last):
  File "/home/tinmar/.local/lib/python3.10/site-packages/google/api_core/grpc_helpers.py", line 50, in error_remapped_callable
    return callable_(*args, **kwargs)
  File "/home/tinmar/.local/lib/python3.10/site-packages/grpc/_channel.py", line 946, in __call__
    return _end_unary_response_blocking(state, call, False, None)
  File "/home/tinmar/.local/lib/python3.10/site-packages/grpc/_channel.py", line 849, in _end_unary_response_blocking
    raise _InactiveRpcError(state)
grpc._channel._InactiveRpcError: <_InactiveRpcError of RPC that terminated with:
	status = StatusCode.FAILED_PRECONDITION
	details = "Cannot delete cluster 'airflow-spark-cluster' while it has other pending delete operations."
	debug_error_string = "UNKNOWN:Error received from peer ipv4:142.251.34.234:443 {created_time:"2023-02-15T18:03:28.065951086-06:00", grpc_status:9, grpc_message:"Cannot delete cluster \'airflow-spark-cluster\' while it has other pending delete operations."}"
>

The above exception was the direct cause of the following exception:

Traceback (most recent call last):
  File "/home/tinmar/.local/lib/python3.10/site-packages/airflow/providers/google/cloud/operators/dataproc.py", line 818, in execute
    operation = hook.delete_cluster(
  File "/home/tinmar/.local/lib/python3.10/site-packages/airflow/providers/google/common/hooks/base_google.py", line 462, in inner_wrapper
    return func(self, *args, **kwargs)
  File "/home/tinmar/.local/lib/python3.10/site-packages/airflow/providers/google/cloud/hooks/dataproc.py", line 365, in delete_cluster
    result = client.delete_cluster(
  File "/home/tinmar/.local/lib/python3.10/site-packages/google/cloud/dataproc_v1/services/cluster_controller/client.py", line 1124, in delete_cluster
    response = rpc(
  File "/home/tinmar/.local/lib/python3.10/site-packages/google/api_core/gapic_v1/method.py", line 154, in __call__
    return wrapped_func(*args, **kwargs)
  File "/home/tinmar/.local/lib/python3.10/site-packages/google/api_core/retry.py", line 283, in retry_wrapped_func
    return retry_target(
  File "/home/tinmar/.local/lib/python3.10/site-packages/google/api_core/retry.py", line 190, in retry_target
    return target()
  File "/home/tinmar/.local/lib/python3.10/site-packages/google/api_core/grpc_helpers.py", line 52, in error_remapped_callable
    raise exceptions.from_grpc_error(exc) from exc
google.api_core.exceptions.FailedPrecondition: 400 Cannot delete cluster 'airflow-spark-cluster' while it has other pending delete operations.
[2023-02-15 18:03:28,078] {taskinstance.py:1395} INFO - Marking task as FAILED. dag_id=7_dataproc_subdags, task_id=delete_cluster, execution_date=20230215T000000, start_date=20230216T000327, end_date=20230216T000328
[2023-02-15 18:03:28,086] {standard_task_runner.py:92} ERROR - Failed to execute job 229 for task delete_cluster (400 Cannot delete cluster 'airflow-spark-cluster' while it has other pending delete operations.; 467781)
[2023-02-15 18:03:28,099] {local_task_job.py:156} INFO - Task exited with return code 1
[2023-02-15 18:03:28,124] {local_task_job.py:273} INFO - 0 downstream tasks scheduled from follow-on schedule check
