[2023-02-18T18:29:00.518-0600] {taskinstance.py:1165} INFO - Dependencies all met for <TaskInstance: 1.6.2_user_processing.create_table scheduled__2023-02-18T00:00:00+00:00 [queued]>
[2023-02-18T18:29:00.538-0600] {taskinstance.py:1165} INFO - Dependencies all met for <TaskInstance: 1.6.2_user_processing.create_table scheduled__2023-02-18T00:00:00+00:00 [queued]>
[2023-02-18T18:29:00.542-0600] {taskinstance.py:1362} INFO - 
--------------------------------------------------------------------------------
[2023-02-18T18:29:00.545-0600] {taskinstance.py:1363} INFO - Starting attempt 1 of 1
[2023-02-18T18:29:00.547-0600] {taskinstance.py:1364} INFO - 
--------------------------------------------------------------------------------
[2023-02-18T18:29:00.569-0600] {taskinstance.py:1383} INFO - Executing <Task(PostgresOperator): create_table> on 2023-02-18 00:00:00+00:00
[2023-02-18T18:29:00.580-0600] {standard_task_runner.py:54} INFO - Started process 195362 to run task
[2023-02-18T18:29:00.586-0600] {standard_task_runner.py:82} INFO - Running: ['***', 'tasks', 'run', '1.6.2_user_processing', 'create_table', 'scheduled__2023-02-18T00:00:00+00:00', '--job-id', '494', '--raw', '--subdir', 'DAGS_FOLDER/Introduction_to_Apache_Airflow/1.6.2_user_processing.py', '--cfg-path', '/tmp/tmp4lsqs4mw']
[2023-02-18T18:29:00.590-0600] {standard_task_runner.py:83} INFO - Job 494: Subtask create_table
[2023-02-18T18:29:00.598-0600] {dagbag.py:525} INFO - Filling up the DagBag from /c/Airflow/dags/Introduction_to_Apache_Airflow/1.6.2_user_processing.py
[2023-02-18T18:29:02.476-0600] {task_command.py:384} INFO - Running <TaskInstance: 1.6.2_user_processing.create_table scheduled__2023-02-18T00:00:00+00:00 [running]> on host Tinmar.
[2023-02-18T18:29:02.697-0600] {taskinstance.py:1590} INFO - Exporting the following env vars:
AIRFLOW_CTX_DAG_OWNER=Tinmar
AIRFLOW_CTX_DAG_ID=1.6.2_user_processing
AIRFLOW_CTX_TASK_ID=create_table
AIRFLOW_CTX_EXECUTION_DATE=2023-02-18T00:00:00+00:00
AIRFLOW_CTX_TRY_NUMBER=1
AIRFLOW_CTX_DAG_RUN_ID=scheduled__2023-02-18T00:00:00+00:00
[2023-02-18T18:29:02.698-0600] {sql.py:254} INFO - Executing: 
                                        CREATE TABLE IF NOT EXISTS users (
                                            firstname TEXT NOT NULL,
                                            lastname TEXT NOT NULL,
                                            country TEXT NOT NULL,
                                            username TEXT NOT NULL,
                                            password TEXT NOT NULL,
                                            email TEXT NOT NULL
                                        );
                                    
[2023-02-18T18:29:02.751-0600] {base.py:71} INFO - Using connection ID 'postgres_default' for task execution.
[2023-02-18T18:29:03.511-0600] {base.py:71} INFO - Using connection ID 'postgres_default' for task execution.
[2023-02-18T18:29:03.526-0600] {sql.py:375} INFO - Running statement: 
                                        CREATE TABLE IF NOT EXISTS users (
                                            firstname TEXT NOT NULL,
                                            lastname TEXT NOT NULL,
                                            country TEXT NOT NULL,
                                            username TEXT NOT NULL,
                                            password TEXT NOT NULL,
                                            email TEXT NOT NULL
                                        );
                                    , parameters: None
[2023-02-18T18:29:03.541-0600] {taskinstance.py:1401} INFO - Marking task as SUCCESS. dag_id=1.6.2_user_processing, task_id=create_table, execution_date=20230218T000000, start_date=20230219T002900, end_date=20230219T002903
[2023-02-18T18:29:03.916-0600] {local_task_job.py:164} INFO - Task exited with return code 0
[2023-02-18T18:29:03.978-0600] {local_task_job.py:273} INFO - 0 downstream tasks scheduled from follow-on schedule check
