[2023-02-21T08:48:22.596-0600] {taskinstance.py:1165} INFO - Dependencies all met for <TaskInstance: 1.6.1_user_processing.is_api_available scheduled__2023-02-20T00:00:00+00:00 [queued]>
[2023-02-21T08:48:22.643-0600] {taskinstance.py:1165} INFO - Dependencies all met for <TaskInstance: 1.6.1_user_processing.is_api_available scheduled__2023-02-20T00:00:00+00:00 [queued]>
[2023-02-21T08:48:22.656-0600] {taskinstance.py:1362} INFO - 
--------------------------------------------------------------------------------
[2023-02-21T08:48:22.658-0600] {taskinstance.py:1363} INFO - Starting attempt 1 of 1
[2023-02-21T08:48:22.660-0600] {taskinstance.py:1364} INFO - 
--------------------------------------------------------------------------------
[2023-02-21T08:48:22.719-0600] {taskinstance.py:1383} INFO - Executing <Task(HttpSensor): is_api_available> on 2023-02-20 00:00:00+00:00
[2023-02-21T08:48:22.737-0600] {standard_task_runner.py:54} INFO - Started process 427670 to run task
[2023-02-21T08:48:22.748-0600] {standard_task_runner.py:82} INFO - Running: ['***', 'tasks', 'run', '1.6.1_user_processing', 'is_api_available', 'scheduled__2023-02-20T00:00:00+00:00', '--job-id', '590', '--raw', '--subdir', 'DAGS_FOLDER/Introduction_to_Apache_Airflow/1.6.1_user_processing.py', '--cfg-path', '/tmp/tmpsibyp_0l']
[2023-02-21T08:48:22.783-0600] {standard_task_runner.py:83} INFO - Job 590: Subtask is_api_available
[2023-02-21T08:48:22.801-0600] {dagbag.py:525} INFO - Filling up the DagBag from /c/Airflow/dags/Introduction_to_Apache_Airflow/1.6.1_user_processing.py
[2023-02-21T08:48:24.915-0600] {task_command.py:384} INFO - Running <TaskInstance: 1.6.1_user_processing.is_api_available scheduled__2023-02-20T00:00:00+00:00 [running]> on host Tinmar.
[2023-02-21T08:48:25.080-0600] {taskinstance.py:1590} INFO - Exporting the following env vars:
AIRFLOW_CTX_DAG_OWNER=Tinmar
AIRFLOW_CTX_DAG_ID=1.6.1_user_processing
AIRFLOW_CTX_TASK_ID=is_api_available
AIRFLOW_CTX_EXECUTION_DATE=2023-02-20T00:00:00+00:00
AIRFLOW_CTX_TRY_NUMBER=1
AIRFLOW_CTX_DAG_RUN_ID=scheduled__2023-02-20T00:00:00+00:00
[2023-02-21T08:48:25.082-0600] {http.py:122} INFO - Poking: api/
[2023-02-21T08:48:25.108-0600] {base.py:71} INFO - Using connection ID 'user_api' for task execution.
[2023-02-21T08:48:26.920-0600] {base.py:213} INFO - Success criteria met. Exiting.
[2023-02-21T08:48:27.755-0600] {taskinstance.py:1401} INFO - Marking task as SUCCESS. dag_id=1.6.1_user_processing, task_id=is_api_available, execution_date=20230220T000000, start_date=20230221T144822, end_date=20230221T144827
[2023-02-21T08:48:28.965-0600] {local_task_job.py:164} INFO - Task exited with return code 0
[2023-02-21T08:48:29.598-0600] {local_task_job.py:273} INFO - 0 downstream tasks scheduled from follow-on schedule check
