[2023-01-31 10:14:49,111] {taskinstance.py:1159} INFO - Dependencies all met for <TaskInstance: 0_airflow_macro.python_task scheduled__2023-01-30T00:00:00+00:00 [queued]>
[2023-01-31 10:14:49,121] {taskinstance.py:1159} INFO - Dependencies all met for <TaskInstance: 0_airflow_macro.python_task scheduled__2023-01-30T00:00:00+00:00 [queued]>
[2023-01-31 10:14:49,121] {taskinstance.py:1356} INFO - 
--------------------------------------------------------------------------------
[2023-01-31 10:14:49,122] {taskinstance.py:1357} INFO - Starting attempt 1 of 1
[2023-01-31 10:14:49,122] {taskinstance.py:1358} INFO - 
--------------------------------------------------------------------------------
[2023-01-31 10:14:49,145] {taskinstance.py:1377} INFO - Executing <Task(PythonOperator): python_task> on 2023-01-30 00:00:00+00:00
[2023-01-31 10:14:49,147] {standard_task_runner.py:52} INFO - Started process 157 to run task
[2023-01-31 10:14:49,149] {standard_task_runner.py:79} INFO - Running: ['airflow', 'tasks', 'run', '0_airflow_macro', 'python_task', 'scheduled__2023-01-30T00:00:00+00:00', '--job-id', '19', '--raw', '--subdir', 'DAGS_FOLDER/0_airflow_macro.py', '--cfg-path', '/tmp/tmphu1nlg9z', '--error-file', '/tmp/tmpja38qnrc']
[2023-01-31 10:14:49,149] {standard_task_runner.py:80} INFO - Job 19: Subtask python_task
[2023-01-31 10:14:49,221] {task_command.py:369} INFO - Running <TaskInstance: 0_airflow_macro.python_task scheduled__2023-01-30T00:00:00+00:00 [running]> on host Tinmar.
[2023-01-31 10:14:49,309] {taskinstance.py:1569} INFO - Exporting the following env vars:
AIRFLOW_CTX_DAG_OWNER=David S
AIRFLOW_CTX_DAG_ID=0_airflow_macro
AIRFLOW_CTX_TASK_ID=python_task
AIRFLOW_CTX_EXECUTION_DATE=2023-01-30T00:00:00+00:00
AIRFLOW_CTX_TRY_NUMBER=1
AIRFLOW_CTX_DAG_RUN_ID=scheduled__2023-01-30T00:00:00+00:00
[2023-01-31 10:14:49,310] {logging_mixin.py:115} INFO - ESTE ES EL RANDOM NUMBER 1 0.40327552392560206
[2023-01-31 10:14:49,310] {logging_mixin.py:115} INFO - ESTE ES EL RANDOM NUMBER 2 0.8439581656587056
[2023-01-31 10:14:49,310] {logging_mixin.py:115} INFO - ESTE ES EL RANDOM NUMBER 3 0.29856320478919074
[2023-01-31 10:14:49,311] {logging_mixin.py:115} INFO - ESTE ES EL RANDOM NUMBER 4 0.9776837569503963
[2023-01-31 10:14:49,311] {logging_mixin.py:115} INFO - ESTE ES EL RANDOM NUMBER 5 0.3460046644020648
[2023-01-31 10:14:49,311] {logging_mixin.py:115} INFO - ESTE ES EL RANDOM NUMBER 6 0.9681699707578661
[2023-01-31 10:14:49,311] {logging_mixin.py:115} INFO - ESTE ES EL RANDOM NUMBER 7 0.4195598015962779
[2023-01-31 10:14:49,312] {logging_mixin.py:115} INFO - ESTE ES EL RANDOM NUMBER 8 0.7727876802105065
[2023-01-31 10:14:49,312] {logging_mixin.py:115} INFO - ESTE ES EL RANDOM NUMBER 9 0.2991880077170054
[2023-01-31 10:14:49,312] {logging_mixin.py:115} INFO - ESTE ES EL RANDOM NUMBER 10 0.5770796099911819
[2023-01-31 10:14:49,312] {python.py:173} INFO - Done. Returned value was: None
[2023-01-31 10:14:49,322] {taskinstance.py:1395} INFO - Marking task as SUCCESS. dag_id=0_airflow_macro, task_id=python_task, execution_date=20230130T000000, start_date=20230131T161449, end_date=20230131T161449
[2023-01-31 10:14:49,361] {local_task_job.py:156} INFO - Task exited with return code 0
[2023-01-31 10:14:49,391] {local_task_job.py:273} INFO - 0 downstream tasks scheduled from follow-on schedule check
