[2023-02-21T13:49:09.839-0600] {taskinstance.py:1165} INFO - Dependencies all met for <TaskInstance: 5_trigger_rules.process_b manual__2023-02-21T19:48:56.902282+00:00 [queued]>
[2023-02-21T13:49:09.847-0600] {taskinstance.py:1165} INFO - Dependencies all met for <TaskInstance: 5_trigger_rules.process_b manual__2023-02-21T19:48:56.902282+00:00 [queued]>
[2023-02-21T13:49:09.847-0600] {taskinstance.py:1362} INFO - 
--------------------------------------------------------------------------------
[2023-02-21T13:49:09.849-0600] {taskinstance.py:1363} INFO - Starting attempt 1 of 1
[2023-02-21T13:49:09.849-0600] {taskinstance.py:1364} INFO - 
--------------------------------------------------------------------------------
[2023-02-21T13:49:09.856-0600] {taskinstance.py:1383} INFO - Executing <Task(BashOperator): process_b> on 2023-02-21 19:48:56.902282+00:00
[2023-02-21T13:49:09.859-0600] {standard_task_runner.py:54} INFO - Started process 617163 to run task
[2023-02-21T13:49:09.861-0600] {standard_task_runner.py:82} INFO - Running: ['***', 'tasks', 'run', '5_trigger_rules', 'process_b', 'manual__2023-02-21T19:48:56.902282+00:00', '--job-id', '680', '--raw', '--subdir', 'DAGS_FOLDER/Apache_Airflow-The_Operators_Guide/5_trigger_rules.py', '--cfg-path', '/tmp/tmpu_o13gvw']
[2023-02-21T13:49:09.862-0600] {standard_task_runner.py:83} INFO - Job 680: Subtask process_b
[2023-02-21T13:49:09.863-0600] {dagbag.py:525} INFO - Filling up the DagBag from /c/Airflow/dags/Apache_Airflow-The_Operators_Guide/5_trigger_rules.py
[2023-02-21T13:49:09.954-0600] {task_command.py:384} INFO - Running <TaskInstance: 5_trigger_rules.process_b manual__2023-02-21T19:48:56.902282+00:00 [running]> on host Tinmar.
[2023-02-21T13:49:10.000-0600] {taskinstance.py:1590} INFO - Exporting the following env vars:
AIRFLOW_CTX_DAG_OWNER=Armando
AIRFLOW_CTX_DAG_ID=5_trigger_rules
AIRFLOW_CTX_TASK_ID=process_b
AIRFLOW_CTX_EXECUTION_DATE=2023-02-21T19:48:56.902282+00:00
AIRFLOW_CTX_TRY_NUMBER=1
AIRFLOW_CTX_DAG_RUN_ID=manual__2023-02-21T19:48:56.902282+00:00
[2023-02-21T13:49:10.001-0600] {subprocess.py:63} INFO - Tmp dir root location: 
 /tmp
[2023-02-21T13:49:10.002-0600] {subprocess.py:75} INFO - Running command: ['/usr/bin/bash', '-c', "echo 'process_b' && sleep 5"]
[2023-02-21T13:49:10.006-0600] {subprocess.py:86} INFO - Output:
[2023-02-21T13:49:10.007-0600] {subprocess.py:93} INFO - process_b
[2023-02-21T13:49:15.008-0600] {subprocess.py:97} INFO - Command exited with return code 0
[2023-02-21T13:49:15.032-0600] {taskinstance.py:1401} INFO - Marking task as SUCCESS. dag_id=5_trigger_rules, task_id=process_b, execution_date=20230221T194856, start_date=20230221T194909, end_date=20230221T194915
[2023-02-21T13:49:15.063-0600] {local_task_job.py:164} INFO - Task exited with return code 0
[2023-02-21T13:49:15.080-0600] {local_task_job.py:273} INFO - 0 downstream tasks scheduled from follow-on schedule check
