[2023-02-21T08:48:22.603-0600] {taskinstance.py:1165} INFO - Dependencies all met for <TaskInstance: 1.6.1_user_processing.create_table scheduled__2023-02-20T00:00:00+00:00 [queued]>
[2023-02-21T08:48:22.652-0600] {taskinstance.py:1165} INFO - Dependencies all met for <TaskInstance: 1.6.1_user_processing.create_table scheduled__2023-02-20T00:00:00+00:00 [queued]>
[2023-02-21T08:48:22.665-0600] {taskinstance.py:1362} INFO - 
--------------------------------------------------------------------------------
[2023-02-21T08:48:22.671-0600] {taskinstance.py:1363} INFO - Starting attempt 1 of 1
[2023-02-21T08:48:22.685-0600] {taskinstance.py:1364} INFO - 
--------------------------------------------------------------------------------
[2023-02-21T08:48:22.775-0600] {taskinstance.py:1383} INFO - Executing <Task(PostgresOperator): create_table> on 2023-02-20 00:00:00+00:00
[2023-02-21T08:48:22.797-0600] {standard_task_runner.py:54} INFO - Started process 427676 to run task
[2023-02-21T08:48:22.804-0600] {standard_task_runner.py:82} INFO - Running: ['***', 'tasks', 'run', '1.6.1_user_processing', 'create_table', 'scheduled__2023-02-20T00:00:00+00:00', '--job-id', '589', '--raw', '--subdir', 'DAGS_FOLDER/Introduction_to_Apache_Airflow/1.6.1_user_processing.py', '--cfg-path', '/tmp/tmpn5vna5ah']
[2023-02-21T08:48:22.814-0600] {standard_task_runner.py:83} INFO - Job 589: Subtask create_table
[2023-02-21T08:48:22.821-0600] {dagbag.py:525} INFO - Filling up the DagBag from /c/Airflow/dags/Introduction_to_Apache_Airflow/1.6.1_user_processing.py
[2023-02-21T08:48:24.968-0600] {task_command.py:384} INFO - Running <TaskInstance: 1.6.1_user_processing.create_table scheduled__2023-02-20T00:00:00+00:00 [running]> on host Tinmar.
[2023-02-21T08:48:25.157-0600] {taskinstance.py:1590} INFO - Exporting the following env vars:
AIRFLOW_CTX_DAG_OWNER=Tinmar
AIRFLOW_CTX_DAG_ID=1.6.1_user_processing
AIRFLOW_CTX_TASK_ID=create_table
AIRFLOW_CTX_EXECUTION_DATE=2023-02-20T00:00:00+00:00
AIRFLOW_CTX_TRY_NUMBER=1
AIRFLOW_CTX_DAG_RUN_ID=scheduled__2023-02-20T00:00:00+00:00
[2023-02-21T08:48:25.158-0600] {sql.py:254} INFO - Executing: 
                                        CREATE TABLE IF NOT EXISTS users (
                                            firstname TEXT NOT NULL,
                                            lastname TEXT NOT NULL,
                                            country TEXT NOT NULL,
                                            username TEXT NOT NULL,
                                            password TEXT NOT NULL,
                                            email TEXT NOT NULL
                                        );
                                    
[2023-02-21T08:48:25.206-0600] {base.py:71} INFO - Using connection ID 'postgres' for task execution.
[2023-02-21T08:48:27.605-0600] {base.py:71} INFO - Using connection ID 'postgres' for task execution.
[2023-02-21T08:48:28.283-0600] {sql.py:375} INFO - Running statement: 
                                        CREATE TABLE IF NOT EXISTS users (
                                            firstname TEXT NOT NULL,
                                            lastname TEXT NOT NULL,
                                            country TEXT NOT NULL,
                                            username TEXT NOT NULL,
                                            password TEXT NOT NULL,
                                            email TEXT NOT NULL
                                        );
                                    , parameters: None
[2023-02-21T08:48:28.818-0600] {taskinstance.py:1401} INFO - Marking task as SUCCESS. dag_id=1.6.1_user_processing, task_id=create_table, execution_date=20230220T000000, start_date=20230221T144822, end_date=20230221T144828
[2023-02-21T08:48:29.666-0600] {local_task_job.py:164} INFO - Task exited with return code 0
[2023-02-21T08:48:29.900-0600] {local_task_job.py:273} INFO - 0 downstream tasks scheduled from follow-on schedule check
