[2023-02-13 12:23:25,407] {taskinstance.py:1159} INFO - Dependencies all met for <TaskInstance: jinja_macros_quinto_dag.jinja_4 manual__2023-02-13T18:23:18.602007+00:00 [queued]>
[2023-02-13 12:23:25,412] {taskinstance.py:1159} INFO - Dependencies all met for <TaskInstance: jinja_macros_quinto_dag.jinja_4 manual__2023-02-13T18:23:18.602007+00:00 [queued]>
[2023-02-13 12:23:25,412] {taskinstance.py:1356} INFO - 
--------------------------------------------------------------------------------
[2023-02-13 12:23:25,414] {taskinstance.py:1357} INFO - Starting attempt 1 of 1
[2023-02-13 12:23:25,415] {taskinstance.py:1358} INFO - 
--------------------------------------------------------------------------------
[2023-02-13 12:23:25,422] {taskinstance.py:1377} INFO - Executing <Task(BashOperator): jinja_4> on 2023-02-13 18:23:18.602007+00:00
[2023-02-13 12:23:25,424] {standard_task_runner.py:52} INFO - Started process 114953 to run task
[2023-02-13 12:23:25,426] {standard_task_runner.py:79} INFO - Running: ['***', 'tasks', 'run', 'jinja_macros_quinto_dag', 'jinja_4', 'manual__2023-02-13T18:23:18.602007+00:00', '--job-id', '127', '--raw', '--subdir', 'DAGS_FOLDER/Apache_Airflow/jinja_macros_quinto_dag.py', '--cfg-path', '/tmp/tmpb7lx659s', '--error-file', '/tmp/tmpz8rduujb']
[2023-02-13 12:23:25,428] {standard_task_runner.py:80} INFO - Job 127: Subtask jinja_4
[2023-02-13 12:23:25,469] {task_command.py:369} INFO - Running <TaskInstance: jinja_macros_quinto_dag.jinja_4 manual__2023-02-13T18:23:18.602007+00:00 [running]> on host Tinmar.
[2023-02-13 12:23:25,525] {taskinstance.py:1569} INFO - Exporting the following env vars:
AIRFLOW_CTX_DAG_OWNER=Tinmar
AIRFLOW_CTX_DAG_ID=jinja_macros_quinto_dag
AIRFLOW_CTX_TASK_ID=jinja_4
AIRFLOW_CTX_EXECUTION_DATE=2023-02-13T18:23:18.602007+00:00
AIRFLOW_CTX_TRY_NUMBER=1
AIRFLOW_CTX_DAG_RUN_ID=manual__2023-02-13T18:23:18.602007+00:00
[2023-02-13 12:23:25,526] {subprocess.py:62} INFO - Tmp dir root location: 
 /tmp
[2023-02-13 12:23:25,527] {subprocess.py:74} INFO - Running command: ['bash', '-c', "echo 'Esta es una variable de ejemplo para una plantilla jinja'"]
[2023-02-13 12:23:25,532] {subprocess.py:85} INFO - Output:
[2023-02-13 12:23:25,532] {subprocess.py:92} INFO - Esta es una variable de ejemplo para una plantilla jinja
[2023-02-13 12:23:25,533] {subprocess.py:96} INFO - Command exited with return code 0
[2023-02-13 12:23:25,560] {taskinstance.py:1395} INFO - Marking task as SUCCESS. dag_id=jinja_macros_quinto_dag, task_id=jinja_4, execution_date=20230213T182318, start_date=20230213T182325, end_date=20230213T182325
[2023-02-13 12:23:25,605] {local_task_job.py:156} INFO - Task exited with return code 0
[2023-02-13 12:23:25,635] {local_task_job.py:273} INFO - 1 downstream tasks scheduled from follow-on schedule check
