[2023-02-13 14:34:49,649] {taskinstance.py:1159} INFO - Dependencies all met for <TaskInstance: branch_octavo_dag.branch manual__2023-02-13T20:34:45.925793+00:00 [queued]>
[2023-02-13 14:34:49,655] {taskinstance.py:1159} INFO - Dependencies all met for <TaskInstance: branch_octavo_dag.branch manual__2023-02-13T20:34:45.925793+00:00 [queued]>
[2023-02-13 14:34:49,655] {taskinstance.py:1356} INFO - 
--------------------------------------------------------------------------------
[2023-02-13 14:34:49,656] {taskinstance.py:1357} INFO - Starting attempt 1 of 1
[2023-02-13 14:34:49,656] {taskinstance.py:1358} INFO - 
--------------------------------------------------------------------------------
[2023-02-13 14:34:49,664] {taskinstance.py:1377} INFO - Executing <Task(BranchPythonOperator): branch> on 2023-02-13 20:34:45.925793+00:00
[2023-02-13 14:34:49,667] {standard_task_runner.py:52} INFO - Started process 199154 to run task
[2023-02-13 14:34:49,669] {standard_task_runner.py:79} INFO - Running: ['***', 'tasks', 'run', 'branch_octavo_dag', 'branch', 'manual__2023-02-13T20:34:45.925793+00:00', '--job-id', '143', '--raw', '--subdir', 'DAGS_FOLDER/Apache_Airflow/branch_octavo_dag.py', '--cfg-path', '/tmp/tmp7r9c5_5e', '--error-file', '/tmp/tmp3v8camvu']
[2023-02-13 14:34:49,671] {standard_task_runner.py:80} INFO - Job 143: Subtask branch
[2023-02-13 14:34:49,721] {task_command.py:369} INFO - Running <TaskInstance: branch_octavo_dag.branch manual__2023-02-13T20:34:45.925793+00:00 [running]> on host Tinmar.
[2023-02-13 14:34:49,768] {taskinstance.py:1569} INFO - Exporting the following env vars:
AIRFLOW_CTX_DAG_OWNER=Tinmar
AIRFLOW_CTX_DAG_ID=branch_octavo_dag
AIRFLOW_CTX_TASK_ID=branch
AIRFLOW_CTX_EXECUTION_DATE=2023-02-13T20:34:45.925793+00:00
AIRFLOW_CTX_TRY_NUMBER=1
AIRFLOW_CTX_DAG_RUN_ID=manual__2023-02-13T20:34:45.925793+00:00
[2023-02-13 14:34:49,778] {logging_mixin.py:115} INFO - [{"status":"success","min":0,"max":100,"random":97}]
[2023-02-13 14:34:49,779] {logging_mixin.py:115} INFO - [{'status': 'success', 'min': 0, 'max': 100, 'random': 97}]
[2023-02-13 14:34:49,793] {python.py:173} INFO - Done. Returned value was: mayor_que_50
[2023-02-13 14:34:49,793] {skipmixin.py:140} INFO - Following branch mayor_que_50
[2023-02-13 14:34:49,794] {skipmixin.py:175} INFO - Skipping tasks ['menor_que_50']
[2023-02-13 14:34:49,834] {taskinstance.py:1395} INFO - Marking task as SUCCESS. dag_id=branch_octavo_dag, task_id=branch, execution_date=20230213T203445, start_date=20230213T203449, end_date=20230213T203449
[2023-02-13 14:34:49,854] {local_task_job.py:156} INFO - Task exited with return code 0
[2023-02-13 14:34:49,890] {local_task_job.py:273} INFO - 1 downstream tasks scheduled from follow-on schedule check
