[2023-02-18T18:28:59.973-0600] {taskinstance.py:1165} INFO - Dependencies all met for <TaskInstance: 5_task_group.downloads.download_c scheduled__2023-02-18T00:00:00+00:00 [queued]>
[2023-02-18T18:28:59.992-0600] {taskinstance.py:1165} INFO - Dependencies all met for <TaskInstance: 5_task_group.downloads.download_c scheduled__2023-02-18T00:00:00+00:00 [queued]>
[2023-02-18T18:28:59.995-0600] {taskinstance.py:1362} INFO - 
--------------------------------------------------------------------------------
[2023-02-18T18:29:00.006-0600] {taskinstance.py:1363} INFO - Starting attempt 1 of 1
[2023-02-18T18:29:00.008-0600] {taskinstance.py:1364} INFO - 
--------------------------------------------------------------------------------
[2023-02-18T18:29:00.027-0600] {taskinstance.py:1383} INFO - Executing <Task(BashOperator): downloads.download_c> on 2023-02-18 00:00:00+00:00
[2023-02-18T18:29:00.035-0600] {standard_task_runner.py:54} INFO - Started process 195224 to run task
[2023-02-18T18:29:00.045-0600] {standard_task_runner.py:82} INFO - Running: ['***', 'tasks', 'run', '5_task_group', 'downloads.download_c', 'scheduled__2023-02-18T00:00:00+00:00', '--job-id', '487', '--raw', '--subdir', 'DAGS_FOLDER/Introduction_to_Apache_Airflow/5_task_group.py', '--cfg-path', '/tmp/tmpw7g9les5']
[2023-02-18T18:29:00.050-0600] {standard_task_runner.py:83} INFO - Job 487: Subtask downloads.download_c
[2023-02-18T18:29:00.053-0600] {dagbag.py:525} INFO - Filling up the DagBag from /c/Airflow/dags/Introduction_to_Apache_Airflow/5_task_group.py
[2023-02-18T18:29:00.647-0600] {task_command.py:384} INFO - Running <TaskInstance: 5_task_group.downloads.download_c scheduled__2023-02-18T00:00:00+00:00 [running]> on host Tinmar.
[2023-02-18T18:29:00.771-0600] {taskinstance.py:1590} INFO - Exporting the following env vars:
AIRFLOW_CTX_DAG_OWNER=***
AIRFLOW_CTX_DAG_ID=5_task_group
AIRFLOW_CTX_TASK_ID=downloads.download_c
AIRFLOW_CTX_EXECUTION_DATE=2023-02-18T00:00:00+00:00
AIRFLOW_CTX_TRY_NUMBER=1
AIRFLOW_CTX_DAG_RUN_ID=scheduled__2023-02-18T00:00:00+00:00
[2023-02-18T18:29:00.775-0600] {subprocess.py:63} INFO - Tmp dir root location: 
 /tmp
[2023-02-18T18:29:00.776-0600] {subprocess.py:75} INFO - Running command: ['/usr/bin/bash', '-c', 'sleep 10']
[2023-02-18T18:29:01.544-0600] {subprocess.py:86} INFO - Output:
[2023-02-18T18:29:11.512-0600] {subprocess.py:97} INFO - Command exited with return code 0
[2023-02-18T18:29:11.545-0600] {taskinstance.py:1401} INFO - Marking task as SUCCESS. dag_id=5_task_group, task_id=downloads.download_c, execution_date=20230218T000000, start_date=20230219T002859, end_date=20230219T002911
[2023-02-18T18:29:11.650-0600] {local_task_job.py:164} INFO - Task exited with return code 0
[2023-02-18T18:29:11.689-0600] {local_task_job.py:273} INFO - 0 downstream tasks scheduled from follow-on schedule check
