[2023-02-09 11:55:51,088] {taskinstance.py:1159} INFO - Dependencies all met for <TaskInstance: 7_dataproc_subdags.iden_number manual__2023-02-09T16:42:00.190347+00:00 [queued]>
[2023-02-09 11:55:51,093] {taskinstance.py:1159} INFO - Dependencies all met for <TaskInstance: 7_dataproc_subdags.iden_number manual__2023-02-09T16:42:00.190347+00:00 [queued]>
[2023-02-09 11:55:51,093] {taskinstance.py:1356} INFO - 
--------------------------------------------------------------------------------
[2023-02-09 11:55:51,094] {taskinstance.py:1357} INFO - Starting attempt 1 of 1
[2023-02-09 11:55:51,094] {taskinstance.py:1358} INFO - 
--------------------------------------------------------------------------------
[2023-02-09 11:55:51,103] {taskinstance.py:1377} INFO - Executing <Task(BranchPythonOperator): iden_number> on 2023-02-09 16:42:00.190347+00:00
[2023-02-09 11:55:51,105] {standard_task_runner.py:52} INFO - Started process 40521 to run task
[2023-02-09 11:55:51,107] {standard_task_runner.py:79} INFO - Running: ['***', 'tasks', 'run', '7_dataproc_subdags', 'iden_number', 'manual__2023-02-09T16:42:00.190347+00:00', '--job-id', '31', '--raw', '--subdir', 'DAGS_FOLDER/Airflow2_0_De_0_a_Heroe/7_dataproc_subdags.py', '--cfg-path', '/tmp/tmpp76_d_y5', '--error-file', '/tmp/tmpsuhjltea']
[2023-02-09 11:55:51,108] {standard_task_runner.py:80} INFO - Job 31: Subtask iden_number
[2023-02-09 11:55:51,142] {task_command.py:369} INFO - Running <TaskInstance: 7_dataproc_subdags.iden_number manual__2023-02-09T16:42:00.190347+00:00 [running]> on host Tinmar.
[2023-02-09 11:55:51,183] {taskinstance.py:1569} INFO - Exporting the following env vars:
AIRFLOW_CTX_DAG_OWNER=David Sanchez
AIRFLOW_CTX_DAG_ID=7_dataproc_subdags
AIRFLOW_CTX_TASK_ID=iden_number
AIRFLOW_CTX_EXECUTION_DATE=2023-02-09T16:42:00.190347+00:00
AIRFLOW_CTX_TRY_NUMBER=1
AIRFLOW_CTX_DAG_RUN_ID=manual__2023-02-09T16:42:00.190347+00:00
[2023-02-09 11:55:51,185] {python.py:173} INFO - Done. Returned value was: par_task
[2023-02-09 11:55:51,185] {skipmixin.py:140} INFO - Following branch par_task
[2023-02-09 11:55:51,186] {skipmixin.py:175} INFO - Skipping tasks ['impar_task']
[2023-02-09 11:55:51,222] {taskinstance.py:1395} INFO - Marking task as SUCCESS. dag_id=7_dataproc_subdags, task_id=iden_number, execution_date=20230209T164200, start_date=20230209T175551, end_date=20230209T175551
[2023-02-09 11:55:51,239] {local_task_job.py:156} INFO - Task exited with return code 0
