[2023-02-21T08:48:36.320-0600] {taskinstance.py:1165} INFO - Dependencies all met for <TaskInstance: 4.1_group_dag.check_files scheduled__2023-02-20T00:00:00+00:00 [queued]>
[2023-02-21T08:48:36.341-0600] {taskinstance.py:1165} INFO - Dependencies all met for <TaskInstance: 4.1_group_dag.check_files scheduled__2023-02-20T00:00:00+00:00 [queued]>
[2023-02-21T08:48:36.344-0600] {taskinstance.py:1362} INFO - 
--------------------------------------------------------------------------------
[2023-02-21T08:48:36.345-0600] {taskinstance.py:1363} INFO - Starting attempt 1 of 1
[2023-02-21T08:48:36.346-0600] {taskinstance.py:1364} INFO - 
--------------------------------------------------------------------------------
[2023-02-21T08:48:36.365-0600] {taskinstance.py:1383} INFO - Executing <Task(BashOperator): check_files> on 2023-02-20 00:00:00+00:00
[2023-02-21T08:48:36.371-0600] {standard_task_runner.py:54} INFO - Started process 428507 to run task
[2023-02-21T08:48:36.376-0600] {standard_task_runner.py:82} INFO - Running: ['***', 'tasks', 'run', '4.1_group_dag', 'check_files', 'scheduled__2023-02-20T00:00:00+00:00', '--job-id', '621', '--raw', '--subdir', 'DAGS_FOLDER/Introduction_to_Apache_Airflow/4.1_group_dag.py', '--cfg-path', '/tmp/tmpjcs6t_l5']
[2023-02-21T08:48:36.392-0600] {standard_task_runner.py:83} INFO - Job 621: Subtask check_files
[2023-02-21T08:48:36.394-0600] {dagbag.py:525} INFO - Filling up the DagBag from /c/Airflow/dags/Introduction_to_Apache_Airflow/4.1_group_dag.py
[2023-02-21T08:48:36.653-0600] {task_command.py:384} INFO - Running <TaskInstance: 4.1_group_dag.check_files scheduled__2023-02-20T00:00:00+00:00 [running]> on host Tinmar.
[2023-02-21T08:48:36.751-0600] {taskinstance.py:1590} INFO - Exporting the following env vars:
AIRFLOW_CTX_DAG_OWNER=***
AIRFLOW_CTX_DAG_ID=4.1_group_dag
AIRFLOW_CTX_TASK_ID=check_files
AIRFLOW_CTX_EXECUTION_DATE=2023-02-20T00:00:00+00:00
AIRFLOW_CTX_TRY_NUMBER=1
AIRFLOW_CTX_DAG_RUN_ID=scheduled__2023-02-20T00:00:00+00:00
[2023-02-21T08:48:36.753-0600] {subprocess.py:63} INFO - Tmp dir root location: 
 /tmp
[2023-02-21T08:48:36.755-0600] {subprocess.py:75} INFO - Running command: ['/usr/bin/bash', '-c', 'sleep 10']
[2023-02-21T08:48:36.766-0600] {subprocess.py:86} INFO - Output:
[2023-02-21T08:48:46.770-0600] {subprocess.py:97} INFO - Command exited with return code 0
[2023-02-21T08:48:46.805-0600] {taskinstance.py:1401} INFO - Marking task as SUCCESS. dag_id=4.1_group_dag, task_id=check_files, execution_date=20230220T000000, start_date=20230221T144836, end_date=20230221T144846
[2023-02-21T08:48:46.829-0600] {local_task_job.py:164} INFO - Task exited with return code 0
[2023-02-21T08:48:46.851-0600] {local_task_job.py:273} INFO - 3 downstream tasks scheduled from follow-on schedule check
