[2023-02-18T02:59:51.923-0600] {taskinstance.py:1165} INFO - Dependencies all met for <TaskInstance: 5_task_group.transforms.transform_c scheduled__2023-02-17T00:00:00+00:00 [queued]>
[2023-02-18T02:59:51.931-0600] {taskinstance.py:1165} INFO - Dependencies all met for <TaskInstance: 5_task_group.transforms.transform_c scheduled__2023-02-17T00:00:00+00:00 [queued]>
[2023-02-18T02:59:51.932-0600] {taskinstance.py:1362} INFO - 
--------------------------------------------------------------------------------
[2023-02-18T02:59:51.934-0600] {taskinstance.py:1363} INFO - Starting attempt 1 of 1
[2023-02-18T02:59:51.935-0600] {taskinstance.py:1364} INFO - 
--------------------------------------------------------------------------------
[2023-02-18T02:59:51.946-0600] {taskinstance.py:1383} INFO - Executing <Task(BashOperator): transforms.transform_c> on 2023-02-17 00:00:00+00:00
[2023-02-18T02:59:51.950-0600] {standard_task_runner.py:54} INFO - Started process 192535 to run task
[2023-02-18T02:59:51.954-0600] {standard_task_runner.py:82} INFO - Running: ['***', 'tasks', 'run', '5_task_group', 'transforms.transform_c', 'scheduled__2023-02-17T00:00:00+00:00', '--job-id', '473', '--raw', '--subdir', 'DAGS_FOLDER/Introduction_to_Apache_Airflow/5_task_group.py', '--cfg-path', '/tmp/tmpr551ljkx']
[2023-02-18T02:59:51.957-0600] {standard_task_runner.py:83} INFO - Job 473: Subtask transforms.transform_c
[2023-02-18T02:59:51.958-0600] {dagbag.py:525} INFO - Filling up the DagBag from /c/Airflow/dags/Introduction_to_Apache_Airflow/5_task_group.py
[2023-02-18T02:59:52.126-0600] {task_command.py:384} INFO - Running <TaskInstance: 5_task_group.transforms.transform_c scheduled__2023-02-17T00:00:00+00:00 [running]> on host Tinmar.
[2023-02-18T02:59:52.186-0600] {taskinstance.py:1590} INFO - Exporting the following env vars:
AIRFLOW_CTX_DAG_OWNER=***
AIRFLOW_CTX_DAG_ID=5_task_group
AIRFLOW_CTX_TASK_ID=transforms.transform_c
AIRFLOW_CTX_EXECUTION_DATE=2023-02-17T00:00:00+00:00
AIRFLOW_CTX_TRY_NUMBER=1
AIRFLOW_CTX_DAG_RUN_ID=scheduled__2023-02-17T00:00:00+00:00
[2023-02-18T02:59:52.187-0600] {subprocess.py:63} INFO - Tmp dir root location: 
 /tmp
[2023-02-18T02:59:52.188-0600] {subprocess.py:75} INFO - Running command: ['/usr/bin/bash', '-c', 'sleep 10']
[2023-02-18T02:59:52.193-0600] {subprocess.py:86} INFO - Output:
[2023-02-18T03:00:02.194-0600] {subprocess.py:97} INFO - Command exited with return code 0
[2023-02-18T03:00:02.224-0600] {taskinstance.py:1401} INFO - Marking task as SUCCESS. dag_id=5_task_group, task_id=transforms.transform_c, execution_date=20230217T000000, start_date=20230218T085951, end_date=20230218T090002
[2023-02-18T03:00:02.276-0600] {local_task_job.py:164} INFO - Task exited with return code 0
[2023-02-18T03:00:02.345-0600] {local_task_job.py:273} INFO - 0 downstream tasks scheduled from follow-on schedule check
