[2023-02-13 12:23:22,894] {taskinstance.py:1159} INFO - Dependencies all met for <TaskInstance: jinja_macros_quinto_dag.jinja_2 manual__2023-02-13T18:23:18.602007+00:00 [queued]>
[2023-02-13 12:23:22,900] {taskinstance.py:1159} INFO - Dependencies all met for <TaskInstance: jinja_macros_quinto_dag.jinja_2 manual__2023-02-13T18:23:18.602007+00:00 [queued]>
[2023-02-13 12:23:22,901] {taskinstance.py:1356} INFO - 
--------------------------------------------------------------------------------
[2023-02-13 12:23:22,902] {taskinstance.py:1357} INFO - Starting attempt 1 of 1
[2023-02-13 12:23:22,902] {taskinstance.py:1358} INFO - 
--------------------------------------------------------------------------------
[2023-02-13 12:23:22,911] {taskinstance.py:1377} INFO - Executing <Task(BashOperator): jinja_2> on 2023-02-13 18:23:18.602007+00:00
[2023-02-13 12:23:22,913] {standard_task_runner.py:52} INFO - Started process 114909 to run task
[2023-02-13 12:23:22,915] {standard_task_runner.py:79} INFO - Running: ['***', 'tasks', 'run', 'jinja_macros_quinto_dag', 'jinja_2', 'manual__2023-02-13T18:23:18.602007+00:00', '--job-id', '125', '--raw', '--subdir', 'DAGS_FOLDER/Apache_Airflow/jinja_macros_quinto_dag.py', '--cfg-path', '/tmp/tmp71wuiog8', '--error-file', '/tmp/tmpxxai83eu']
[2023-02-13 12:23:22,917] {standard_task_runner.py:80} INFO - Job 125: Subtask jinja_2
[2023-02-13 12:23:22,973] {task_command.py:369} INFO - Running <TaskInstance: jinja_macros_quinto_dag.jinja_2 manual__2023-02-13T18:23:18.602007+00:00 [running]> on host Tinmar.
[2023-02-13 12:23:23,040] {taskinstance.py:1569} INFO - Exporting the following env vars:
AIRFLOW_CTX_DAG_OWNER=Tinmar
AIRFLOW_CTX_DAG_ID=jinja_macros_quinto_dag
AIRFLOW_CTX_TASK_ID=jinja_2
AIRFLOW_CTX_EXECUTION_DATE=2023-02-13T18:23:18.602007+00:00
AIRFLOW_CTX_TRY_NUMBER=1
AIRFLOW_CTX_DAG_RUN_ID=manual__2023-02-13T18:23:18.602007+00:00
[2023-02-13 12:23:23,041] {subprocess.py:62} INFO - Tmp dir root location: 
 /tmp
[2023-02-13 12:23:23,042] {subprocess.py:74} INFO - Running command: ['bash', '-c', 'echo Este es un Xcom']
[2023-02-13 12:23:23,048] {subprocess.py:85} INFO - Output:
[2023-02-13 12:23:23,048] {subprocess.py:92} INFO - Este es un Xcom
[2023-02-13 12:23:23,049] {subprocess.py:96} INFO - Command exited with return code 0
[2023-02-13 12:23:23,074] {taskinstance.py:1395} INFO - Marking task as SUCCESS. dag_id=jinja_macros_quinto_dag, task_id=jinja_2, execution_date=20230213T182318, start_date=20230213T182322, end_date=20230213T182323
[2023-02-13 12:23:23,089] {local_task_job.py:156} INFO - Task exited with return code 0
[2023-02-13 12:23:23,120] {local_task_job.py:273} INFO - 1 downstream tasks scheduled from follow-on schedule check
