[2023-02-16T17:42:58.895-0600] {taskinstance.py:1165} INFO - Dependencies all met for <TaskInstance: 4.1_group_dag.check_files scheduled__2023-02-15T00:00:00+00:00 [queued]>
[2023-02-16T17:42:58.905-0600] {taskinstance.py:1165} INFO - Dependencies all met for <TaskInstance: 4.1_group_dag.check_files scheduled__2023-02-15T00:00:00+00:00 [queued]>
[2023-02-16T17:42:58.906-0600] {taskinstance.py:1362} INFO - 
--------------------------------------------------------------------------------
[2023-02-16T17:42:58.906-0600] {taskinstance.py:1363} INFO - Starting attempt 1 of 1
[2023-02-16T17:42:58.907-0600] {taskinstance.py:1364} INFO - 
--------------------------------------------------------------------------------
[2023-02-16T17:42:58.917-0600] {taskinstance.py:1383} INFO - Executing <Task(BashOperator): check_files> on 2023-02-15 00:00:00+00:00
[2023-02-16T17:42:58.919-0600] {standard_task_runner.py:54} INFO - Started process 202541 to run task
[2023-02-16T17:42:58.922-0600] {standard_task_runner.py:82} INFO - Running: ['***', 'tasks', 'run', '4.1_group_dag', 'check_files', 'scheduled__2023-02-15T00:00:00+00:00', '--job-id', '316', '--raw', '--subdir', 'DAGS_FOLDER/Introduction_to_Apache_Airflow/4.1_group_dag.py', '--cfg-path', '/tmp/tmpk8syrnmd']
[2023-02-16T17:42:58.924-0600] {standard_task_runner.py:83} INFO - Job 316: Subtask check_files
[2023-02-16T17:42:58.925-0600] {dagbag.py:525} INFO - Filling up the DagBag from /c/Airflow/dags/Introduction_to_Apache_Airflow/4.1_group_dag.py
[2023-02-16T17:42:59.015-0600] {task_command.py:384} INFO - Running <TaskInstance: 4.1_group_dag.check_files scheduled__2023-02-15T00:00:00+00:00 [running]> on host Tinmar.
[2023-02-16T17:42:59.055-0600] {taskinstance.py:1590} INFO - Exporting the following env vars:
AIRFLOW_CTX_DAG_OWNER=***
AIRFLOW_CTX_DAG_ID=4.1_group_dag
AIRFLOW_CTX_TASK_ID=check_files
AIRFLOW_CTX_EXECUTION_DATE=2023-02-15T00:00:00+00:00
AIRFLOW_CTX_TRY_NUMBER=1
AIRFLOW_CTX_DAG_RUN_ID=scheduled__2023-02-15T00:00:00+00:00
[2023-02-16T17:42:59.056-0600] {subprocess.py:63} INFO - Tmp dir root location: 
 /tmp
[2023-02-16T17:42:59.057-0600] {subprocess.py:75} INFO - Running command: ['/usr/bin/bash', '-c', 'sleep 10']
[2023-02-16T17:42:59.061-0600] {subprocess.py:86} INFO - Output:
[2023-02-16T17:43:09.062-0600] {subprocess.py:97} INFO - Command exited with return code 0
[2023-02-16T17:43:09.085-0600] {taskinstance.py:1401} INFO - Marking task as SUCCESS. dag_id=4.1_group_dag, task_id=check_files, execution_date=20230215T000000, start_date=20230216T234258, end_date=20230216T234309
[2023-02-16T17:43:09.116-0600] {local_task_job.py:164} INFO - Task exited with return code 0
[2023-02-16T17:43:09.131-0600] {local_task_job.py:273} INFO - 3 downstream tasks scheduled from follow-on schedule check
