[2023-02-09 12:08:58,170] {taskinstance.py:1159} INFO - Dependencies all met for <TaskInstance: 6_dataproc_airflow.create_cluster scheduled__2023-02-08T00:00:00+00:00 [queued]>
[2023-02-09 12:08:58,181] {taskinstance.py:1159} INFO - Dependencies all met for <TaskInstance: 6_dataproc_airflow.create_cluster scheduled__2023-02-08T00:00:00+00:00 [queued]>
[2023-02-09 12:08:58,181] {taskinstance.py:1356} INFO - 
--------------------------------------------------------------------------------
[2023-02-09 12:08:58,182] {taskinstance.py:1357} INFO - Starting attempt 2 of 2
[2023-02-09 12:08:58,183] {taskinstance.py:1358} INFO - 
--------------------------------------------------------------------------------
[2023-02-09 12:08:58,190] {taskinstance.py:1377} INFO - Executing <Task(DataprocCreateClusterOperator): create_cluster> on 2023-02-08 00:00:00+00:00
[2023-02-09 12:08:58,193] {standard_task_runner.py:52} INFO - Started process 49350 to run task
[2023-02-09 12:08:58,195] {standard_task_runner.py:79} INFO - Running: ['***', 'tasks', 'run', '6_dataproc_***', 'create_cluster', 'scheduled__2023-02-08T00:00:00+00:00', '--job-id', '43', '--raw', '--subdir', 'DAGS_FOLDER/Airflow2_0_De_0_a_Heroe/6_dataproc_***.py', '--cfg-path', '/tmp/tmpi1e16wid', '--error-file', '/tmp/tmp33osbt4j']
[2023-02-09 12:08:58,196] {standard_task_runner.py:80} INFO - Job 43: Subtask create_cluster
[2023-02-09 12:08:58,232] {task_command.py:369} INFO - Running <TaskInstance: 6_dataproc_airflow.create_cluster scheduled__2023-02-08T00:00:00+00:00 [running]> on host Tinmar.
[2023-02-09 12:08:58,271] {taskinstance.py:1569} INFO - Exporting the following env vars:
AIRFLOW_CTX_DAG_OWNER=David S
AIRFLOW_CTX_DAG_ID=6_dataproc_***
AIRFLOW_CTX_TASK_ID=create_cluster
AIRFLOW_CTX_EXECUTION_DATE=2023-02-08T00:00:00+00:00
AIRFLOW_CTX_TRY_NUMBER=2
AIRFLOW_CTX_DAG_RUN_ID=scheduled__2023-02-08T00:00:00+00:00
[2023-02-09 12:08:58,272] {dataproc.py:591} INFO - Creating cluster: ***-spark-cluster
[2023-02-09 12:08:58,279] {base.py:68} INFO - Using connection ID 'google_cloud_default' for task execution.
[2023-02-09 12:11:20,069] {dataproc.py:535} INFO - Cluster created.
[2023-02-09 12:11:20,096] {taskinstance.py:1395} INFO - Marking task as SUCCESS. dag_id=6_dataproc_***, task_id=create_cluster, execution_date=20230208T000000, start_date=20230209T180858, end_date=20230209T181120
[2023-02-09 12:11:20,122] {local_task_job.py:156} INFO - Task exited with return code 0
