[2023-02-11 09:57:11,944] {taskinstance.py:1159} INFO - Dependencies all met for <TaskInstance: 7_dataproc_subdags.create_cluster scheduled__2023-02-09T00:00:00+00:00 [queued]>
[2023-02-11 09:57:11,959] {taskinstance.py:1159} INFO - Dependencies all met for <TaskInstance: 7_dataproc_subdags.create_cluster scheduled__2023-02-09T00:00:00+00:00 [queued]>
[2023-02-11 09:57:11,960] {taskinstance.py:1356} INFO - 
--------------------------------------------------------------------------------
[2023-02-11 09:57:11,962] {taskinstance.py:1357} INFO - Starting attempt 1 of 1
[2023-02-11 09:57:11,963] {taskinstance.py:1358} INFO - 
--------------------------------------------------------------------------------
[2023-02-11 09:57:11,981] {taskinstance.py:1377} INFO - Executing <Task(DataprocCreateClusterOperator): create_cluster> on 2023-02-09 00:00:00+00:00
[2023-02-11 09:57:11,987] {standard_task_runner.py:52} INFO - Started process 167141 to run task
[2023-02-11 09:57:11,992] {standard_task_runner.py:79} INFO - Running: ['***', 'tasks', 'run', '7_dataproc_subdags', 'create_cluster', 'scheduled__2023-02-09T00:00:00+00:00', '--job-id', '57', '--raw', '--subdir', 'DAGS_FOLDER/Airflow2_0_De_0_a_Heroe/7_dataproc_subdags.py', '--cfg-path', '/tmp/tmpji_9dlhd', '--error-file', '/tmp/tmpv_13x_l6']
[2023-02-11 09:57:11,995] {standard_task_runner.py:80} INFO - Job 57: Subtask create_cluster
[2023-02-11 09:57:12,086] {task_command.py:369} INFO - Running <TaskInstance: 7_dataproc_subdags.create_cluster scheduled__2023-02-09T00:00:00+00:00 [running]> on host Tinmar.
[2023-02-11 09:57:12,201] {taskinstance.py:1569} INFO - Exporting the following env vars:
AIRFLOW_CTX_DAG_OWNER=David Sanchez
AIRFLOW_CTX_DAG_ID=7_dataproc_subdags
AIRFLOW_CTX_TASK_ID=create_cluster
AIRFLOW_CTX_EXECUTION_DATE=2023-02-09T00:00:00+00:00
AIRFLOW_CTX_TRY_NUMBER=1
AIRFLOW_CTX_DAG_RUN_ID=scheduled__2023-02-09T00:00:00+00:00
[2023-02-11 09:57:12,207] {dataproc.py:591} INFO - Creating cluster: ***-spark-cluster
[2023-02-11 09:57:12,226] {base.py:68} INFO - Using connection ID 'google_cloud_default' for task execution.
[2023-02-11 11:07:23,132] {taskinstance.py:1889} ERROR - Task failed with exception
Traceback (most recent call last):
  File "/home/tinmar/.local/lib/python3.10/site-packages/google/api_core/grpc_helpers.py", line 50, in error_remapped_callable
    return callable_(*args, **kwargs)
  File "/home/tinmar/.local/lib/python3.10/site-packages/grpc/_channel.py", line 946, in __call__
    return _end_unary_response_blocking(state, call, False, None)
  File "/home/tinmar/.local/lib/python3.10/site-packages/grpc/_channel.py", line 849, in _end_unary_response_blocking
    raise _InactiveRpcError(state)
grpc._channel._InactiveRpcError: <_InactiveRpcError of RPC that terminated with:
	status = StatusCode.DEADLINE_EXCEEDED
	details = "Deadline Exceeded"
	debug_error_string = "UNKNOWN:Deadline Exceeded {created_time:"2023-02-11T11:07:23.129147639-06:00", grpc_status:4}"
>

The above exception was the direct cause of the following exception:

Traceback (most recent call last):
  File "/home/tinmar/.local/lib/python3.10/site-packages/airflow/providers/google/cloud/operators/dataproc.py", line 599, in execute
    cluster = self._create_cluster(hook)
  File "/home/tinmar/.local/lib/python3.10/site-packages/airflow/providers/google/cloud/operators/dataproc.py", line 534, in _create_cluster
    cluster = operation.result()
  File "/home/tinmar/.local/lib/python3.10/site-packages/google/api_core/future/polling.py", line 132, in result
    self._blocking_poll(timeout=timeout, **kwargs)
  File "/home/tinmar/.local/lib/python3.10/site-packages/google/api_core/future/polling.py", line 110, in _blocking_poll
    retry_(self._done_or_raise)(**kwargs)
  File "/home/tinmar/.local/lib/python3.10/site-packages/google/api_core/retry.py", line 283, in retry_wrapped_func
    return retry_target(
  File "/home/tinmar/.local/lib/python3.10/site-packages/google/api_core/retry.py", line 190, in retry_target
    return target()
  File "/home/tinmar/.local/lib/python3.10/site-packages/google/api_core/future/polling.py", line 88, in _done_or_raise
    if not self.done(**kwargs):
  File "/home/tinmar/.local/lib/python3.10/site-packages/google/api_core/operation.py", line 170, in done
    self._refresh_and_update(retry)
  File "/home/tinmar/.local/lib/python3.10/site-packages/google/api_core/operation.py", line 158, in _refresh_and_update
    self._operation = self._refresh(retry=retry)
  File "/home/tinmar/.local/lib/python3.10/site-packages/google/api_core/operations_v1/operations_client.py", line 142, in get_operation
    return self._get_operation(
  File "/home/tinmar/.local/lib/python3.10/site-packages/google/api_core/gapic_v1/method.py", line 154, in __call__
    return wrapped_func(*args, **kwargs)
  File "/home/tinmar/.local/lib/python3.10/site-packages/google/api_core/retry.py", line 283, in retry_wrapped_func
    return retry_target(
  File "/home/tinmar/.local/lib/python3.10/site-packages/google/api_core/retry.py", line 190, in retry_target
    return target()
  File "/home/tinmar/.local/lib/python3.10/site-packages/google/api_core/timeout.py", line 210, in func_with_timeout
    return func(*args, **kwargs)
  File "/home/tinmar/.local/lib/python3.10/site-packages/google/api_core/grpc_helpers.py", line 52, in error_remapped_callable
    raise exceptions.from_grpc_error(exc) from exc
google.api_core.exceptions.DeadlineExceeded: 504 Deadline Exceeded
[2023-02-11 11:07:23,152] {taskinstance.py:1395} INFO - Marking task as FAILED. dag_id=7_dataproc_subdags, task_id=create_cluster, execution_date=20230209T000000, start_date=20230211T155711, end_date=20230211T170723
[2023-02-11 11:07:23,165] {standard_task_runner.py:92} ERROR - Failed to execute job 57 for task create_cluster (504 Deadline Exceeded; 167141)
[2023-02-11 11:07:23,183] {local_task_job.py:156} INFO - Task exited with return code 1
