[2023-02-18T18:29:05.394-0600] {taskinstance.py:1165} INFO - Dependencies all met for <TaskInstance: 6_xcom_dag.t3 scheduled__2023-02-18T00:00:00+00:00 [queued]>
[2023-02-18T18:29:05.406-0600] {taskinstance.py:1165} INFO - Dependencies all met for <TaskInstance: 6_xcom_dag.t3 scheduled__2023-02-18T00:00:00+00:00 [queued]>
[2023-02-18T18:29:05.407-0600] {taskinstance.py:1362} INFO - 
--------------------------------------------------------------------------------
[2023-02-18T18:29:05.408-0600] {taskinstance.py:1363} INFO - Starting attempt 1 of 1
[2023-02-18T18:29:05.409-0600] {taskinstance.py:1364} INFO - 
--------------------------------------------------------------------------------
[2023-02-18T18:29:05.419-0600] {taskinstance.py:1383} INFO - Executing <Task(BashOperator): t3> on 2023-02-18 00:00:00+00:00
[2023-02-18T18:29:05.422-0600] {standard_task_runner.py:54} INFO - Started process 195825 to run task
[2023-02-18T18:29:05.424-0600] {standard_task_runner.py:82} INFO - Running: ['***', 'tasks', 'run', '6_xcom_dag', 't3', 'scheduled__2023-02-18T00:00:00+00:00', '--job-id', '506', '--raw', '--subdir', 'DAGS_FOLDER/Introduction_to_Apache_Airflow/6_xcom_dag.py', '--cfg-path', '/tmp/tmpyi0dvyfm']
[2023-02-18T18:29:05.426-0600] {standard_task_runner.py:83} INFO - Job 506: Subtask t3
[2023-02-18T18:29:05.428-0600] {dagbag.py:525} INFO - Filling up the DagBag from /c/Airflow/dags/Introduction_to_Apache_Airflow/6_xcom_dag.py
[2023-02-18T18:29:05.528-0600] {task_command.py:384} INFO - Running <TaskInstance: 6_xcom_dag.t3 scheduled__2023-02-18T00:00:00+00:00 [running]> on host Tinmar.
[2023-02-18T18:29:05.621-0600] {taskinstance.py:1590} INFO - Exporting the following env vars:
AIRFLOW_CTX_DAG_OWNER=***
AIRFLOW_CTX_DAG_ID=6_xcom_dag
AIRFLOW_CTX_TASK_ID=t3
AIRFLOW_CTX_EXECUTION_DATE=2023-02-18T00:00:00+00:00
AIRFLOW_CTX_TRY_NUMBER=1
AIRFLOW_CTX_DAG_RUN_ID=scheduled__2023-02-18T00:00:00+00:00
[2023-02-18T18:29:05.622-0600] {subprocess.py:63} INFO - Tmp dir root location: 
 /tmp
[2023-02-18T18:29:05.623-0600] {subprocess.py:75} INFO - Running command: ['/usr/bin/bash', '-c', "echo ''"]
[2023-02-18T18:29:05.630-0600] {subprocess.py:86} INFO - Output:
[2023-02-18T18:29:05.631-0600] {subprocess.py:93} INFO - 
[2023-02-18T18:29:05.632-0600] {subprocess.py:97} INFO - Command exited with return code 0
[2023-02-18T18:29:05.667-0600] {taskinstance.py:1401} INFO - Marking task as SUCCESS. dag_id=6_xcom_dag, task_id=t3, execution_date=20230218T000000, start_date=20230219T002905, end_date=20230219T002905
[2023-02-18T18:29:05.718-0600] {local_task_job.py:164} INFO - Task exited with return code 0
[2023-02-18T18:29:05.740-0600] {local_task_job.py:273} INFO - 0 downstream tasks scheduled from follow-on schedule check
