[2023-02-18T03:00:01.315-0600] {processor.py:156} INFO - Started process (PID=192702) to work on /c/Airflow/dags/Introduction_to_Apache_Airflow/subdags/subdag_transforms.py
[2023-02-18T03:00:01.316-0600] {processor.py:758} INFO - Processing file /c/Airflow/dags/Introduction_to_Apache_Airflow/subdags/subdag_transforms.py for tasks to queue
[2023-02-18T03:00:01.317-0600] {logging_mixin.py:117} INFO - [2023-02-18T03:00:01.317-0600] {dagbag.py:525} INFO - Filling up the DagBag from /c/Airflow/dags/Introduction_to_Apache_Airflow/subdags/subdag_transforms.py
[2023-02-18T03:00:01.379-0600] {processor.py:770} WARNING - No viable dags retrieved from /c/Airflow/dags/Introduction_to_Apache_Airflow/subdags/subdag_transforms.py
[2023-02-18T03:00:01.394-0600] {processor.py:178} INFO - Processing /c/Airflow/dags/Introduction_to_Apache_Airflow/subdags/subdag_transforms.py took 0.082 seconds
[2023-02-18T03:00:32.554-0600] {processor.py:156} INFO - Started process (PID=193167) to work on /c/Airflow/dags/Introduction_to_Apache_Airflow/subdags/subdag_transforms.py
[2023-02-18T03:00:32.555-0600] {processor.py:758} INFO - Processing file /c/Airflow/dags/Introduction_to_Apache_Airflow/subdags/subdag_transforms.py for tasks to queue
[2023-02-18T03:00:32.556-0600] {logging_mixin.py:117} INFO - [2023-02-18T03:00:32.556-0600] {dagbag.py:525} INFO - Filling up the DagBag from /c/Airflow/dags/Introduction_to_Apache_Airflow/subdags/subdag_transforms.py
[2023-02-18T03:00:32.591-0600] {processor.py:770} WARNING - No viable dags retrieved from /c/Airflow/dags/Introduction_to_Apache_Airflow/subdags/subdag_transforms.py
[2023-02-18T03:00:32.604-0600] {processor.py:178} INFO - Processing /c/Airflow/dags/Introduction_to_Apache_Airflow/subdags/subdag_transforms.py took 0.052 seconds
[2023-02-18T03:01:03.293-0600] {processor.py:156} INFO - Started process (PID=193520) to work on /c/Airflow/dags/Introduction_to_Apache_Airflow/subdags/subdag_transforms.py
[2023-02-18T03:01:03.294-0600] {processor.py:758} INFO - Processing file /c/Airflow/dags/Introduction_to_Apache_Airflow/subdags/subdag_transforms.py for tasks to queue
[2023-02-18T03:01:03.295-0600] {logging_mixin.py:117} INFO - [2023-02-18T03:01:03.294-0600] {dagbag.py:525} INFO - Filling up the DagBag from /c/Airflow/dags/Introduction_to_Apache_Airflow/subdags/subdag_transforms.py
[2023-02-18T03:01:03.313-0600] {processor.py:770} WARNING - No viable dags retrieved from /c/Airflow/dags/Introduction_to_Apache_Airflow/subdags/subdag_transforms.py
[2023-02-18T03:01:03.326-0600] {processor.py:178} INFO - Processing /c/Airflow/dags/Introduction_to_Apache_Airflow/subdags/subdag_transforms.py took 0.034 seconds
[2023-02-18T03:01:33.593-0600] {processor.py:156} INFO - Started process (PID=193847) to work on /c/Airflow/dags/Introduction_to_Apache_Airflow/subdags/subdag_transforms.py
[2023-02-18T03:01:33.595-0600] {processor.py:758} INFO - Processing file /c/Airflow/dags/Introduction_to_Apache_Airflow/subdags/subdag_transforms.py for tasks to queue
[2023-02-18T03:01:33.595-0600] {logging_mixin.py:117} INFO - [2023-02-18T03:01:33.595-0600] {dagbag.py:525} INFO - Filling up the DagBag from /c/Airflow/dags/Introduction_to_Apache_Airflow/subdags/subdag_transforms.py
[2023-02-18T03:01:33.620-0600] {processor.py:770} WARNING - No viable dags retrieved from /c/Airflow/dags/Introduction_to_Apache_Airflow/subdags/subdag_transforms.py
[2023-02-18T03:01:33.632-0600] {processor.py:178} INFO - Processing /c/Airflow/dags/Introduction_to_Apache_Airflow/subdags/subdag_transforms.py took 0.041 seconds
[2023-02-18T03:02:04.550-0600] {processor.py:156} INFO - Started process (PID=194398) to work on /c/Airflow/dags/Introduction_to_Apache_Airflow/subdags/subdag_transforms.py
[2023-02-18T03:02:04.554-0600] {processor.py:758} INFO - Processing file /c/Airflow/dags/Introduction_to_Apache_Airflow/subdags/subdag_transforms.py for tasks to queue
[2023-02-18T03:02:04.555-0600] {logging_mixin.py:117} INFO - [2023-02-18T03:02:04.555-0600] {dagbag.py:525} INFO - Filling up the DagBag from /c/Airflow/dags/Introduction_to_Apache_Airflow/subdags/subdag_transforms.py
[2023-02-18T03:02:04.580-0600] {processor.py:770} WARNING - No viable dags retrieved from /c/Airflow/dags/Introduction_to_Apache_Airflow/subdags/subdag_transforms.py
[2023-02-18T03:02:04.592-0600] {processor.py:178} INFO - Processing /c/Airflow/dags/Introduction_to_Apache_Airflow/subdags/subdag_transforms.py took 0.044 seconds
