[2023-01-31 12:56:03,211] {taskinstance.py:1159} INFO - Dependencies all met for <TaskInstance: 2.3_azure_storage_bigquery.transferir_azure scheduled__2023-01-30T00:00:00+00:00 [queued]>
[2023-01-31 12:56:03,225] {taskinstance.py:1159} INFO - Dependencies all met for <TaskInstance: 2.3_azure_storage_bigquery.transferir_azure scheduled__2023-01-30T00:00:00+00:00 [queued]>
[2023-01-31 12:56:03,226] {taskinstance.py:1356} INFO - 
--------------------------------------------------------------------------------
[2023-01-31 12:56:03,229] {taskinstance.py:1357} INFO - Starting attempt 7 of 7
[2023-01-31 12:56:03,229] {taskinstance.py:1358} INFO - 
--------------------------------------------------------------------------------
[2023-01-31 12:56:03,259] {taskinstance.py:1377} INFO - Executing <Task(AzureBlobStorageToGCSOperator): transferir_azure> on 2023-01-30 00:00:00+00:00
[2023-01-31 12:56:03,264] {standard_task_runner.py:52} INFO - Started process 6852 to run task
[2023-01-31 12:56:03,266] {standard_task_runner.py:79} INFO - Running: ['airflow', 'tasks', 'run', '2.3_azure_storage_bigquery', 'transferir_azure', 'scheduled__2023-01-30T00:00:00+00:00', '--job-id', '58', '--raw', '--subdir', 'DAGS_FOLDER/Airflow2.0-De-0-a-Heroe/2.3_azure_storage_bigquery.py', '--cfg-path', '/tmp/tmp3fstyi71', '--error-file', '/tmp/tmp5ci5hkxi']
[2023-01-31 12:56:03,267] {standard_task_runner.py:80} INFO - Job 58: Subtask transferir_azure
[2023-01-31 12:56:03,357] {task_command.py:369} INFO - Running <TaskInstance: 2.3_azure_storage_bigquery.transferir_azure scheduled__2023-01-30T00:00:00+00:00 [running]> on host Tinmar.
[2023-01-31 12:56:03,466] {taskinstance.py:1569} INFO - Exporting the following env vars:
AIRFLOW_CTX_DAG_OWNER=Rodrigo N
AIRFLOW_CTX_DAG_ID=2.3_azure_storage_bigquery
AIRFLOW_CTX_TASK_ID=transferir_azure
AIRFLOW_CTX_EXECUTION_DATE=2023-01-30T00:00:00+00:00
AIRFLOW_CTX_TRY_NUMBER=7
AIRFLOW_CTX_DAG_RUN_ID=scheduled__2023-01-30T00:00:00+00:00
[2023-01-31 12:56:03,482] {base.py:68} INFO - Using connection ID 'wasb_default' for task execution.
[2023-01-31 12:56:03,494] {base.py:68} INFO - Using connection ID 'google_cloud_default' for task execution.
[2023-01-31 12:56:03,495] {azure_blob_to_gcs.py:108} INFO - Downloading data from blob: retail_2020_azure.csv
[2023-01-31 12:56:03,884] {taskinstance.py:1889} ERROR - Task failed with exception
Traceback (most recent call last):
  File "/home/tinmar/.local/lib/python3.10/site-packages/airflow/providers/microsoft/azure/transfers/azure_blob_to_gcs.py", line 109, in execute
    azure_hook.get_file(
  File "/home/tinmar/.local/lib/python3.10/site-packages/airflow/providers/microsoft/azure/hooks/wasb.py", line 344, in get_file
    stream = self.download(container_name=container_name, blob_name=blob_name, **kwargs)
  File "/home/tinmar/.local/lib/python3.10/site-packages/airflow/providers/microsoft/azure/hooks/wasb.py", line 399, in download
    return blob_client.download_blob(offset=offset, length=length, **kwargs)
  File "/home/tinmar/.local/lib/python3.10/site-packages/azure/core/tracing/decorator.py", line 78, in wrapper_use_tracer
    return func(*args, **kwargs)
  File "/home/tinmar/.local/lib/python3.10/site-packages/azure/storage/blob/_blob_client.py", line 905, in download_blob
    return StorageStreamDownloader(**options)
  File "/home/tinmar/.local/lib/python3.10/site-packages/azure/storage/blob/_download.py", line 366, in __init__
    self._response = self._initial_request()
  File "/home/tinmar/.local/lib/python3.10/site-packages/azure/storage/blob/_download.py", line 466, in _initial_request
    process_storage_error(error)
  File "/home/tinmar/.local/lib/python3.10/site-packages/azure/storage/blob/_shared/response_handlers.py", line 185, in process_storage_error
    exec("raise error from None")   # pylint: disable=exec-used # nosec
  File "<string>", line 1, in <module>
azure.core.exceptions.ClientAuthenticationError: Server failed to authenticate the request. Make sure the value of Authorization header is formed correctly including the signature.
RequestId:51485a8f-a01e-000c-69a8-3536f5000000
Time:2023-01-31T19:18:36.0101207Z
ErrorCode:AuthenticationFailed
authenticationerrordetail:Request date header too old: 'Tue, 31 Jan 2023 18:56:03 GMT'
Content: <?xml version="1.0" encoding="utf-8"?><Error><Code>AuthenticationFailed</Code><Message>Server failed to authenticate the request. Make sure the value of Authorization header is formed correctly including the signature.
RequestId:51485a8f-a01e-000c-69a8-3536f5000000
Time:2023-01-31T19:18:36.0101207Z</Message><AuthenticationErrorDetail>Request date header too old: 'Tue, 31 Jan 2023 18:56:03 GMT'</AuthenticationErrorDetail></Error>
[2023-01-31 12:56:03,903] {taskinstance.py:1395} INFO - Marking task as FAILED. dag_id=2.3_azure_storage_bigquery, task_id=transferir_azure, execution_date=20230130T000000, start_date=20230131T185603, end_date=20230131T185603
[2023-01-31 12:56:03,942] {standard_task_runner.py:92} ERROR - Failed to execute job 58 for task transferir_azure (Server failed to authenticate the request. Make sure the value of Authorization header is formed correctly including the signature.
RequestId:51485a8f-a01e-000c-69a8-3536f5000000
Time:2023-01-31T19:18:36.0101207Z
ErrorCode:AuthenticationFailed
authenticationerrordetail:Request date header too old: 'Tue, 31 Jan 2023 18:56:03 GMT'
Content: <?xml version="1.0" encoding="utf-8"?><Error><Code>AuthenticationFailed</Code><Message>Server failed to authenticate the request. Make sure the value of Authorization header is formed correctly including the signature.
RequestId:51485a8f-a01e-000c-69a8-3536f5000000
Time:2023-01-31T19:18:36.0101207Z</Message><AuthenticationErrorDetail>Request date header too old: 'Tue, 31 Jan 2023 18:56:03 GMT'</AuthenticationErrorDetail></Error>; 6852)
[2023-01-31 12:56:03,958] {local_task_job.py:156} INFO - Task exited with return code 1
[2023-01-31 12:56:04,026] {local_task_job.py:273} INFO - 0 downstream tasks scheduled from follow-on schedule check
