[2023-02-16 11:27:07,145] {taskinstance.py:1159} INFO - Dependencies all met for <TaskInstance: 1.5_user_processing.create_table manual__2023-02-16T17:27:05.053608+00:00 [queued]>
[2023-02-16 11:27:07,151] {taskinstance.py:1159} INFO - Dependencies all met for <TaskInstance: 1.5_user_processing.create_table manual__2023-02-16T17:27:05.053608+00:00 [queued]>
[2023-02-16 11:27:07,152] {taskinstance.py:1356} INFO - 
--------------------------------------------------------------------------------
[2023-02-16 11:27:07,152] {taskinstance.py:1357} INFO - Starting attempt 1 of 1
[2023-02-16 11:27:07,153] {taskinstance.py:1358} INFO - 
--------------------------------------------------------------------------------
[2023-02-16 11:27:07,160] {taskinstance.py:1377} INFO - Executing <Task(PostgresOperator): create_table> on 2023-02-16 17:27:05.053608+00:00
[2023-02-16 11:27:07,163] {standard_task_runner.py:52} INFO - Started process 62129 to run task
[2023-02-16 11:27:07,166] {standard_task_runner.py:79} INFO - Running: ['***', 'tasks', 'run', '1.5_user_processing', 'create_table', 'manual__2023-02-16T17:27:05.053608+00:00', '--job-id', '238', '--raw', '--subdir', 'DAGS_FOLDER/Introduction_to_Apache_Airflow/1.5_user_processing.py', '--cfg-path', '/tmp/tmpfzhjuc7c', '--error-file', '/tmp/tmpuw7yirrn']
[2023-02-16 11:27:07,167] {standard_task_runner.py:80} INFO - Job 238: Subtask create_table
[2023-02-16 11:27:07,212] {task_command.py:369} INFO - Running <TaskInstance: 1.5_user_processing.create_table manual__2023-02-16T17:27:05.053608+00:00 [running]> on host Tinmar.
[2023-02-16 11:27:07,256] {taskinstance.py:1569} INFO - Exporting the following env vars:
AIRFLOW_CTX_DAG_OWNER=Tinmar
AIRFLOW_CTX_DAG_ID=1.5_user_processing
AIRFLOW_CTX_TASK_ID=create_table
AIRFLOW_CTX_EXECUTION_DATE=2023-02-16T17:27:05.053608+00:00
AIRFLOW_CTX_TRY_NUMBER=1
AIRFLOW_CTX_DAG_RUN_ID=manual__2023-02-16T17:27:05.053608+00:00
[2023-02-16 11:27:07,257] {sql.py:254} INFO - Executing: 
                                        CREATE TABLE IF NOT EXISTS users (
                                            firstname TEXT NOT NULL,
                                            lastname TEXT NOT NULL,
                                            country TEXT NOT NULL,
                                            username TEXT NOT NULL,
                                            password TEXT NOT NULL,
                                            email TEXT NOT NULL
                                        );
                                    
[2023-02-16 11:27:07,269] {base.py:68} INFO - Using connection ID 'postgres' for task execution.
[2023-02-16 11:27:07,299] {base.py:68} INFO - Using connection ID 'postgres' for task execution.
[2023-02-16 11:27:07,306] {sql.py:375} INFO - Running statement: 
                                        CREATE TABLE IF NOT EXISTS users (
                                            firstname TEXT NOT NULL,
                                            lastname TEXT NOT NULL,
                                            country TEXT NOT NULL,
                                            username TEXT NOT NULL,
                                            password TEXT NOT NULL,
                                            email TEXT NOT NULL
                                        );
                                    , parameters: None
[2023-02-16 11:27:07,317] {taskinstance.py:1395} INFO - Marking task as SUCCESS. dag_id=1.5_user_processing, task_id=create_table, execution_date=20230216T172705, start_date=20230216T172707, end_date=20230216T172707
[2023-02-16 11:27:07,347] {local_task_job.py:156} INFO - Task exited with return code 0
[2023-02-16 11:27:07,377] {local_task_job.py:273} INFO - 1 downstream tasks scheduled from follow-on schedule check
