[2023-02-17T08:30:36.830-0600] {taskinstance.py:1165} INFO - Dependencies all met for <TaskInstance: 4.1_group_dag.transform_c scheduled__2023-02-16T00:00:00+00:00 [queued]>
[2023-02-17T08:30:36.843-0600] {taskinstance.py:1165} INFO - Dependencies all met for <TaskInstance: 4.1_group_dag.transform_c scheduled__2023-02-16T00:00:00+00:00 [queued]>
[2023-02-17T08:30:36.844-0600] {taskinstance.py:1362} INFO - 
--------------------------------------------------------------------------------
[2023-02-17T08:30:36.845-0600] {taskinstance.py:1363} INFO - Starting attempt 1 of 1
[2023-02-17T08:30:36.845-0600] {taskinstance.py:1364} INFO - 
--------------------------------------------------------------------------------
[2023-02-17T08:30:36.858-0600] {taskinstance.py:1383} INFO - Executing <Task(BashOperator): transform_c> on 2023-02-16 00:00:00+00:00
[2023-02-17T08:30:36.861-0600] {standard_task_runner.py:54} INFO - Started process 3028 to run task
[2023-02-17T08:30:36.864-0600] {standard_task_runner.py:82} INFO - Running: ['***', 'tasks', 'run', '4.1_group_dag', 'transform_c', 'scheduled__2023-02-16T00:00:00+00:00', '--job-id', '346', '--raw', '--subdir', 'DAGS_FOLDER/Introduction_to_Apache_Airflow/4.1_group_dag.py', '--cfg-path', '/tmp/tmp79g91lvj']
[2023-02-17T08:30:36.866-0600] {standard_task_runner.py:83} INFO - Job 346: Subtask transform_c
[2023-02-17T08:30:36.867-0600] {dagbag.py:525} INFO - Filling up the DagBag from /c/Airflow/dags/Introduction_to_Apache_Airflow/4.1_group_dag.py
[2023-02-17T08:30:36.986-0600] {task_command.py:384} INFO - Running <TaskInstance: 4.1_group_dag.transform_c scheduled__2023-02-16T00:00:00+00:00 [running]> on host Tinmar.
[2023-02-17T08:30:37.051-0600] {taskinstance.py:1590} INFO - Exporting the following env vars:
AIRFLOW_CTX_DAG_OWNER=***
AIRFLOW_CTX_DAG_ID=4.1_group_dag
AIRFLOW_CTX_TASK_ID=transform_c
AIRFLOW_CTX_EXECUTION_DATE=2023-02-16T00:00:00+00:00
AIRFLOW_CTX_TRY_NUMBER=1
AIRFLOW_CTX_DAG_RUN_ID=scheduled__2023-02-16T00:00:00+00:00
[2023-02-17T08:30:37.052-0600] {subprocess.py:63} INFO - Tmp dir root location: 
 /tmp
[2023-02-17T08:30:37.053-0600] {subprocess.py:75} INFO - Running command: ['/usr/bin/bash', '-c', 'sleep 10']
[2023-02-17T08:30:37.059-0600] {subprocess.py:86} INFO - Output:
[2023-02-17T08:30:47.060-0600] {subprocess.py:97} INFO - Command exited with return code 0
[2023-02-17T08:30:47.081-0600] {taskinstance.py:1401} INFO - Marking task as SUCCESS. dag_id=4.1_group_dag, task_id=transform_c, execution_date=20230216T000000, start_date=20230217T143036, end_date=20230217T143047
[2023-02-17T08:30:47.098-0600] {local_task_job.py:164} INFO - Task exited with return code 0
[2023-02-17T08:30:47.113-0600] {local_task_job.py:273} INFO - 0 downstream tasks scheduled from follow-on schedule check
