[2023-02-20T09:18:35.982-0600] {taskinstance.py:1165} INFO - Dependencies all met for <TaskInstance: 1.6.1_user_processing.extract_data scheduled__2023-02-19T00:00:00+00:00 [queued]>
[2023-02-20T09:18:35.996-0600] {taskinstance.py:1165} INFO - Dependencies all met for <TaskInstance: 1.6.1_user_processing.extract_data scheduled__2023-02-19T00:00:00+00:00 [queued]>
[2023-02-20T09:18:35.997-0600] {taskinstance.py:1362} INFO - 
--------------------------------------------------------------------------------
[2023-02-20T09:18:35.998-0600] {taskinstance.py:1363} INFO - Starting attempt 1 of 1
[2023-02-20T09:18:35.999-0600] {taskinstance.py:1364} INFO - 
--------------------------------------------------------------------------------
[2023-02-20T09:18:36.012-0600] {taskinstance.py:1383} INFO - Executing <Task(SimpleHttpOperator): extract_data> on 2023-02-19 00:00:00+00:00
[2023-02-20T09:18:36.016-0600] {standard_task_runner.py:54} INFO - Started process 198584 to run task
[2023-02-20T09:18:36.019-0600] {standard_task_runner.py:82} INFO - Running: ['***', 'tasks', 'run', '1.6.1_user_processing', 'extract_data', 'scheduled__2023-02-19T00:00:00+00:00', '--job-id', '567', '--raw', '--subdir', 'DAGS_FOLDER/Introduction_to_Apache_Airflow/1.6.1_user_processing.py', '--cfg-path', '/tmp/tmpetbppyti']
[2023-02-20T09:18:36.021-0600] {standard_task_runner.py:83} INFO - Job 567: Subtask extract_data
[2023-02-20T09:18:36.023-0600] {dagbag.py:525} INFO - Filling up the DagBag from /c/Airflow/dags/Introduction_to_Apache_Airflow/1.6.1_user_processing.py
[2023-02-20T09:18:36.398-0600] {task_command.py:384} INFO - Running <TaskInstance: 1.6.1_user_processing.extract_data scheduled__2023-02-19T00:00:00+00:00 [running]> on host Tinmar.
[2023-02-20T09:18:36.461-0600] {taskinstance.py:1590} INFO - Exporting the following env vars:
AIRFLOW_CTX_DAG_OWNER=Tinmar
AIRFLOW_CTX_DAG_ID=1.6.1_user_processing
AIRFLOW_CTX_TASK_ID=extract_data
AIRFLOW_CTX_EXECUTION_DATE=2023-02-19T00:00:00+00:00
AIRFLOW_CTX_TRY_NUMBER=1
AIRFLOW_CTX_DAG_RUN_ID=scheduled__2023-02-19T00:00:00+00:00
[2023-02-20T09:18:36.465-0600] {http.py:123} INFO - Calling HTTP method
[2023-02-20T09:18:36.479-0600] {base.py:71} INFO - Using connection ID 'user_api' for task execution.
[2023-02-20T09:18:36.863-0600] {http.py:127} INFO - {"results":[{"gender":"female","name":{"title":"Ms","first":"Renuka","last":"Bhoja"},"location":{"street":{"number":781,"name":"Ratha Bheedi"},"city":"Pune","state":"Meghalaya","country":"India","postcode":84839,"coordinates":{"latitude":"12.3007","longitude":"38.7471"},"timezone":{"offset":"-3:30","description":"Newfoundland"}},"email":"renuka.bhoja@example.com","login":{"uuid":"a2c51cba-d389-4a85-ba20-4661f31b3d80","username":"beautifulfish492","password":"bigboy","salt":"nIINHvBO","md5":"e5a515b421b61e28ce5f4c9f02f40d56","sha1":"0875d4a0f0194019c410a304bfffbfd1c2e66c2d","sha256":"2a4cc19ee1661c7b2cebd2aaf4fb165607c7a1fc7b8fbc82086b847325d7f0bb"},"dob":{"date":"1968-10-13T12:33:12.400Z","age":54},"registered":{"date":"2004-02-25T06:11:30.466Z","age":18},"phone":"7072850285","cell":"7836273631","id":{"name":"UIDAI","value":"149013876534"},"picture":{"large":"https://randomuser.me/api/portraits/women/93.jpg","medium":"https://randomuser.me/api/portraits/med/women/93.jpg","thumbnail":"https://randomuser.me/api/portraits/thumb/women/93.jpg"},"nat":"IN"}],"info":{"seed":"7f62081f3b7efc04","results":1,"page":1,"version":"1.4"}}
[2023-02-20T09:18:36.893-0600] {taskinstance.py:1401} INFO - Marking task as SUCCESS. dag_id=1.6.1_user_processing, task_id=extract_data, execution_date=20230219T000000, start_date=20230220T151835, end_date=20230220T151836
[2023-02-20T09:18:36.915-0600] {local_task_job.py:164} INFO - Task exited with return code 0
[2023-02-20T09:18:36.980-0600] {local_task_job.py:273} INFO - 1 downstream tasks scheduled from follow-on schedule check
