[2023-02-15 16:47:37,697] {taskinstance.py:1159} INFO - Dependencies all met for <TaskInstance: 6_dataproc_airflow.iden_number scheduled__2023-02-14T00:00:00+00:00 [queued]>
[2023-02-15 16:47:37,702] {taskinstance.py:1159} INFO - Dependencies all met for <TaskInstance: 6_dataproc_airflow.iden_number scheduled__2023-02-14T00:00:00+00:00 [queued]>
[2023-02-15 16:47:37,703] {taskinstance.py:1356} INFO - 
--------------------------------------------------------------------------------
[2023-02-15 16:47:37,703] {taskinstance.py:1357} INFO - Starting attempt 1 of 1
[2023-02-15 16:47:37,704] {taskinstance.py:1358} INFO - 
--------------------------------------------------------------------------------
[2023-02-15 16:47:37,710] {taskinstance.py:1377} INFO - Executing <Task(BranchPythonOperator): iden_number> on 2023-02-14 00:00:00+00:00
[2023-02-15 16:47:37,712] {standard_task_runner.py:52} INFO - Started process 442385 to run task
[2023-02-15 16:47:37,714] {standard_task_runner.py:79} INFO - Running: ['***', 'tasks', 'run', '6_dataproc_***', 'iden_number', 'scheduled__2023-02-14T00:00:00+00:00', '--job-id', '206', '--raw', '--subdir', 'DAGS_FOLDER/Airflow2_0_De_0_a_Heroe/6_dataproc_***.py', '--cfg-path', '/tmp/tmp22w3z8s2', '--error-file', '/tmp/tmp35zgj7on']
[2023-02-15 16:47:37,715] {standard_task_runner.py:80} INFO - Job 206: Subtask iden_number
[2023-02-15 16:47:37,755] {task_command.py:369} INFO - Running <TaskInstance: 6_dataproc_airflow.iden_number scheduled__2023-02-14T00:00:00+00:00 [running]> on host Tinmar.
[2023-02-15 16:47:37,795] {taskinstance.py:1569} INFO - Exporting the following env vars:
AIRFLOW_CTX_DAG_OWNER=David S
AIRFLOW_CTX_DAG_ID=6_dataproc_***
AIRFLOW_CTX_TASK_ID=iden_number
AIRFLOW_CTX_EXECUTION_DATE=2023-02-14T00:00:00+00:00
AIRFLOW_CTX_TRY_NUMBER=1
AIRFLOW_CTX_DAG_RUN_ID=scheduled__2023-02-14T00:00:00+00:00
[2023-02-15 16:47:37,796] {python.py:173} INFO - Done. Returned value was: ['par_task.avg_quant', 'par_task.avg_tincome', 'par_task.avg_uprice']
[2023-02-15 16:47:37,796] {skipmixin.py:140} INFO - Following branch ['par_task.avg_quant', 'par_task.avg_tincome', 'par_task.avg_uprice']
[2023-02-15 16:47:37,797] {skipmixin.py:175} INFO - Skipping tasks ['impar_task']
[2023-02-15 16:47:37,831] {taskinstance.py:1395} INFO - Marking task as SUCCESS. dag_id=6_dataproc_***, task_id=iden_number, execution_date=20230214T000000, start_date=20230215T224737, end_date=20230215T224737
[2023-02-15 16:47:37,847] {local_task_job.py:156} INFO - Task exited with return code 0
