[2023-02-13 09:22:36,995] {taskinstance.py:1159} INFO - Dependencies all met for <TaskInstance: 7_dataproc_subdags.iden_number scheduled__2023-02-11T00:00:00+00:00 [queued]>
[2023-02-13 09:22:37,000] {taskinstance.py:1159} INFO - Dependencies all met for <TaskInstance: 7_dataproc_subdags.iden_number scheduled__2023-02-11T00:00:00+00:00 [queued]>
[2023-02-13 09:22:37,000] {taskinstance.py:1356} INFO - 
--------------------------------------------------------------------------------
[2023-02-13 09:22:37,001] {taskinstance.py:1357} INFO - Starting attempt 1 of 1
[2023-02-13 09:22:37,001] {taskinstance.py:1358} INFO - 
--------------------------------------------------------------------------------
[2023-02-13 09:22:37,009] {taskinstance.py:1377} INFO - Executing <Task(BranchPythonOperator): iden_number> on 2023-02-11 00:00:00+00:00
[2023-02-13 09:22:37,011] {standard_task_runner.py:52} INFO - Started process 4497 to run task
[2023-02-13 09:22:37,013] {standard_task_runner.py:79} INFO - Running: ['***', 'tasks', 'run', '7_dataproc_subdags', 'iden_number', 'scheduled__2023-02-11T00:00:00+00:00', '--job-id', '91', '--raw', '--subdir', 'DAGS_FOLDER/Airflow2_0_De_0_a_Heroe/7_dataproc_subdags.py', '--cfg-path', '/tmp/tmpf7iw5umm', '--error-file', '/tmp/tmpyvg46_ds']
[2023-02-13 09:22:37,015] {standard_task_runner.py:80} INFO - Job 91: Subtask iden_number
[2023-02-13 09:22:37,056] {task_command.py:369} INFO - Running <TaskInstance: 7_dataproc_subdags.iden_number scheduled__2023-02-11T00:00:00+00:00 [running]> on host Tinmar.
[2023-02-13 09:22:37,104] {taskinstance.py:1569} INFO - Exporting the following env vars:
AIRFLOW_CTX_DAG_OWNER=David Sanchez
AIRFLOW_CTX_DAG_ID=7_dataproc_subdags
AIRFLOW_CTX_TASK_ID=iden_number
AIRFLOW_CTX_EXECUTION_DATE=2023-02-11T00:00:00+00:00
AIRFLOW_CTX_TRY_NUMBER=1
AIRFLOW_CTX_DAG_RUN_ID=scheduled__2023-02-11T00:00:00+00:00
[2023-02-13 09:22:37,105] {python.py:173} INFO - Done. Returned value was: par_task
[2023-02-13 09:22:37,106] {skipmixin.py:140} INFO - Following branch par_task
[2023-02-13 09:22:37,106] {skipmixin.py:175} INFO - Skipping tasks ['impar_task']
[2023-02-13 09:22:37,150] {taskinstance.py:1395} INFO - Marking task as SUCCESS. dag_id=7_dataproc_subdags, task_id=iden_number, execution_date=20230211T000000, start_date=20230213T152236, end_date=20230213T152237
[2023-02-13 09:22:37,187] {local_task_job.py:156} INFO - Task exited with return code 0
