[2023-02-13 15:16:45,714] {taskinstance.py:1159} INFO - Dependencies all met for <TaskInstance: dynamic_tasks_noveno_dag.imprimir_Alemania manual__2023-02-13T21:16:42.243787+00:00 [queued]>
[2023-02-13 15:16:45,719] {taskinstance.py:1159} INFO - Dependencies all met for <TaskInstance: dynamic_tasks_noveno_dag.imprimir_Alemania manual__2023-02-13T21:16:42.243787+00:00 [queued]>
[2023-02-13 15:16:45,720] {taskinstance.py:1356} INFO - 
--------------------------------------------------------------------------------
[2023-02-13 15:16:45,720] {taskinstance.py:1357} INFO - Starting attempt 1 of 1
[2023-02-13 15:16:45,721] {taskinstance.py:1358} INFO - 
--------------------------------------------------------------------------------
[2023-02-13 15:16:45,729] {taskinstance.py:1377} INFO - Executing <Task(BashOperator): imprimir_Alemania> on 2023-02-13 21:16:42.243787+00:00
[2023-02-13 15:16:45,731] {standard_task_runner.py:52} INFO - Started process 226953 to run task
[2023-02-13 15:16:45,733] {standard_task_runner.py:79} INFO - Running: ['***', 'tasks', 'run', 'dynamic_tasks_noveno_dag', 'imprimir_Alemania', 'manual__2023-02-13T21:16:42.243787+00:00', '--job-id', '161', '--raw', '--subdir', 'DAGS_FOLDER/Apache_Airflow/dynamic_tasks_noveno_dag.py', '--cfg-path', '/tmp/tmpibukjf33', '--error-file', '/tmp/tmpnbl9qgi3']
[2023-02-13 15:16:45,734] {standard_task_runner.py:80} INFO - Job 161: Subtask imprimir_Alemania
[2023-02-13 15:16:45,772] {task_command.py:369} INFO - Running <TaskInstance: dynamic_tasks_noveno_dag.imprimir_Alemania manual__2023-02-13T21:16:42.243787+00:00 [running]> on host Tinmar.
[2023-02-13 15:16:45,810] {taskinstance.py:1569} INFO - Exporting the following env vars:
AIRFLOW_CTX_DAG_OWNER=Tinmar
AIRFLOW_CTX_DAG_ID=dynamic_tasks_noveno_dag
AIRFLOW_CTX_TASK_ID=imprimir_Alemania
AIRFLOW_CTX_EXECUTION_DATE=2023-02-13T21:16:42.243787+00:00
AIRFLOW_CTX_TRY_NUMBER=1
AIRFLOW_CTX_DAG_RUN_ID=manual__2023-02-13T21:16:42.243787+00:00
[2023-02-13 15:16:45,811] {subprocess.py:62} INFO - Tmp dir root location: 
 /tmp
[2023-02-13 15:16:45,812] {subprocess.py:74} INFO - Running command: ['bash', '-c', 'echo Alemania']
[2023-02-13 15:16:45,816] {subprocess.py:85} INFO - Output:
[2023-02-13 15:16:45,816] {subprocess.py:92} INFO - Alemania
[2023-02-13 15:16:45,817] {subprocess.py:96} INFO - Command exited with return code 0
[2023-02-13 15:16:45,839] {taskinstance.py:1395} INFO - Marking task as SUCCESS. dag_id=dynamic_tasks_noveno_dag, task_id=imprimir_Alemania, execution_date=20230213T211642, start_date=20230213T211645, end_date=20230213T211645
[2023-02-13 15:16:45,874] {local_task_job.py:156} INFO - Task exited with return code 0
[2023-02-13 15:16:45,901] {local_task_job.py:273} INFO - 1 downstream tasks scheduled from follow-on schedule check
