[2023-02-01 15:56:57,087] {processor.py:153} INFO - Started process (PID=12080) to work on /c/Airflow/dags/Airflow2_0_De_0_a_Heroe/0_airflow_variables.py
[2023-02-01 15:56:57,088] {processor.py:641} INFO - Processing file /c/Airflow/dags/Airflow2_0_De_0_a_Heroe/0_airflow_variables.py for tasks to queue
[2023-02-01 15:56:57,089] {logging_mixin.py:115} INFO - [2023-02-01 15:56:57,089] {dagbag.py:507} INFO - Filling up the DagBag from /c/Airflow/dags/Airflow2_0_De_0_a_Heroe/0_airflow_variables.py
[2023-02-01 15:56:57,142] {processor.py:651} INFO - DAG(s) dict_keys(['0_airflow_variables']) retrieved from /c/Airflow/dags/Airflow2_0_De_0_a_Heroe/0_airflow_variables.py
[2023-02-01 15:56:57,189] {logging_mixin.py:115} INFO - [2023-02-01 15:56:57,189] {dag.py:2371} INFO - Sync 1 DAGs
[2023-02-01 15:56:57,205] {logging_mixin.py:115} INFO - [2023-02-01 15:56:57,205] {dag.py:2915} INFO - Setting next_dagrun for 0_airflow_variables to 2023-02-01T12:30:00+00:00, run_after=2023-02-02T12:30:00+00:00
[2023-02-01 15:56:57,255] {processor.py:161} INFO - Processing /c/Airflow/dags/Airflow2_0_De_0_a_Heroe/0_airflow_variables.py took 0.170 seconds
[2023-02-01 15:57:27,888] {processor.py:153} INFO - Started process (PID=12100) to work on /c/Airflow/dags/Airflow2_0_De_0_a_Heroe/0_airflow_variables.py
[2023-02-01 15:57:27,889] {processor.py:641} INFO - Processing file /c/Airflow/dags/Airflow2_0_De_0_a_Heroe/0_airflow_variables.py for tasks to queue
[2023-02-01 15:57:27,890] {logging_mixin.py:115} INFO - [2023-02-01 15:57:27,890] {dagbag.py:507} INFO - Filling up the DagBag from /c/Airflow/dags/Airflow2_0_De_0_a_Heroe/0_airflow_variables.py
[2023-02-01 15:57:27,933] {processor.py:651} INFO - DAG(s) dict_keys(['0_airflow_variables']) retrieved from /c/Airflow/dags/Airflow2_0_De_0_a_Heroe/0_airflow_variables.py
[2023-02-01 15:57:27,951] {logging_mixin.py:115} INFO - [2023-02-01 15:57:27,951] {dag.py:2371} INFO - Sync 1 DAGs
[2023-02-01 15:57:27,967] {logging_mixin.py:115} INFO - [2023-02-01 15:57:27,967] {dag.py:2915} INFO - Setting next_dagrun for 0_airflow_variables to 2023-02-01T12:30:00+00:00, run_after=2023-02-02T12:30:00+00:00
[2023-02-01 15:57:28,005] {processor.py:161} INFO - Processing /c/Airflow/dags/Airflow2_0_De_0_a_Heroe/0_airflow_variables.py took 0.119 seconds
[2023-02-01 15:57:59,388] {processor.py:153} INFO - Started process (PID=12120) to work on /c/Airflow/dags/Airflow2_0_De_0_a_Heroe/0_airflow_variables.py
[2023-02-01 15:57:59,388] {processor.py:641} INFO - Processing file /c/Airflow/dags/Airflow2_0_De_0_a_Heroe/0_airflow_variables.py for tasks to queue
[2023-02-01 15:57:59,389] {logging_mixin.py:115} INFO - [2023-02-01 15:57:59,389] {dagbag.py:507} INFO - Filling up the DagBag from /c/Airflow/dags/Airflow2_0_De_0_a_Heroe/0_airflow_variables.py
[2023-02-01 15:57:59,431] {processor.py:651} INFO - DAG(s) dict_keys(['0_airflow_variables']) retrieved from /c/Airflow/dags/Airflow2_0_De_0_a_Heroe/0_airflow_variables.py
[2023-02-01 15:57:59,449] {logging_mixin.py:115} INFO - [2023-02-01 15:57:59,449] {dag.py:2371} INFO - Sync 1 DAGs
[2023-02-01 15:57:59,470] {logging_mixin.py:115} INFO - [2023-02-01 15:57:59,470] {dag.py:2915} INFO - Setting next_dagrun for 0_airflow_variables to 2023-02-01T12:30:00+00:00, run_after=2023-02-02T12:30:00+00:00
[2023-02-01 15:57:59,515] {processor.py:161} INFO - Processing /c/Airflow/dags/Airflow2_0_De_0_a_Heroe/0_airflow_variables.py took 0.129 seconds
[2023-02-01 15:58:30,837] {processor.py:153} INFO - Started process (PID=12140) to work on /c/Airflow/dags/Airflow2_0_De_0_a_Heroe/0_airflow_variables.py
[2023-02-01 15:58:30,838] {processor.py:641} INFO - Processing file /c/Airflow/dags/Airflow2_0_De_0_a_Heroe/0_airflow_variables.py for tasks to queue
[2023-02-01 15:58:30,839] {logging_mixin.py:115} INFO - [2023-02-01 15:58:30,839] {dagbag.py:507} INFO - Filling up the DagBag from /c/Airflow/dags/Airflow2_0_De_0_a_Heroe/0_airflow_variables.py
[2023-02-01 15:58:30,881] {processor.py:651} INFO - DAG(s) dict_keys(['0_airflow_variables']) retrieved from /c/Airflow/dags/Airflow2_0_De_0_a_Heroe/0_airflow_variables.py
[2023-02-01 15:58:30,900] {logging_mixin.py:115} INFO - [2023-02-01 15:58:30,900] {dag.py:2371} INFO - Sync 1 DAGs
[2023-02-01 15:58:30,916] {logging_mixin.py:115} INFO - [2023-02-01 15:58:30,916] {dag.py:2915} INFO - Setting next_dagrun for 0_airflow_variables to 2023-02-01T12:30:00+00:00, run_after=2023-02-02T12:30:00+00:00
[2023-02-01 15:58:30,960] {processor.py:161} INFO - Processing /c/Airflow/dags/Airflow2_0_De_0_a_Heroe/0_airflow_variables.py took 0.124 seconds
[2023-02-01 15:59:02,171] {processor.py:153} INFO - Started process (PID=12160) to work on /c/Airflow/dags/Airflow2_0_De_0_a_Heroe/0_airflow_variables.py
[2023-02-01 15:59:02,171] {processor.py:641} INFO - Processing file /c/Airflow/dags/Airflow2_0_De_0_a_Heroe/0_airflow_variables.py for tasks to queue
[2023-02-01 15:59:02,172] {logging_mixin.py:115} INFO - [2023-02-01 15:59:02,172] {dagbag.py:507} INFO - Filling up the DagBag from /c/Airflow/dags/Airflow2_0_De_0_a_Heroe/0_airflow_variables.py
[2023-02-01 15:59:02,215] {processor.py:651} INFO - DAG(s) dict_keys(['0_airflow_variables']) retrieved from /c/Airflow/dags/Airflow2_0_De_0_a_Heroe/0_airflow_variables.py
[2023-02-01 15:59:02,233] {logging_mixin.py:115} INFO - [2023-02-01 15:59:02,233] {dag.py:2371} INFO - Sync 1 DAGs
[2023-02-01 15:59:02,250] {logging_mixin.py:115} INFO - [2023-02-01 15:59:02,250] {dag.py:2915} INFO - Setting next_dagrun for 0_airflow_variables to 2023-02-01T12:30:00+00:00, run_after=2023-02-02T12:30:00+00:00
[2023-02-01 15:59:02,302] {processor.py:161} INFO - Processing /c/Airflow/dags/Airflow2_0_De_0_a_Heroe/0_airflow_variables.py took 0.133 seconds
[2023-02-01 15:59:33,315] {processor.py:153} INFO - Started process (PID=12180) to work on /c/Airflow/dags/Airflow2_0_De_0_a_Heroe/0_airflow_variables.py
[2023-02-01 15:59:33,316] {processor.py:641} INFO - Processing file /c/Airflow/dags/Airflow2_0_De_0_a_Heroe/0_airflow_variables.py for tasks to queue
[2023-02-01 15:59:33,321] {logging_mixin.py:115} INFO - [2023-02-01 15:59:33,321] {dagbag.py:507} INFO - Filling up the DagBag from /c/Airflow/dags/Airflow2_0_De_0_a_Heroe/0_airflow_variables.py
[2023-02-01 15:59:33,394] {processor.py:651} INFO - DAG(s) dict_keys(['0_airflow_variables']) retrieved from /c/Airflow/dags/Airflow2_0_De_0_a_Heroe/0_airflow_variables.py
[2023-02-01 15:59:33,417] {logging_mixin.py:115} INFO - [2023-02-01 15:59:33,417] {dag.py:2371} INFO - Sync 1 DAGs
[2023-02-01 15:59:33,437] {logging_mixin.py:115} INFO - [2023-02-01 15:59:33,437] {dag.py:2915} INFO - Setting next_dagrun for 0_airflow_variables to 2023-02-01T12:30:00+00:00, run_after=2023-02-02T12:30:00+00:00
[2023-02-01 15:59:33,485] {processor.py:161} INFO - Processing /c/Airflow/dags/Airflow2_0_De_0_a_Heroe/0_airflow_variables.py took 0.172 seconds
[2023-02-01 16:00:04,344] {processor.py:153} INFO - Started process (PID=12200) to work on /c/Airflow/dags/Airflow2_0_De_0_a_Heroe/0_airflow_variables.py
[2023-02-01 16:00:04,345] {processor.py:641} INFO - Processing file /c/Airflow/dags/Airflow2_0_De_0_a_Heroe/0_airflow_variables.py for tasks to queue
[2023-02-01 16:00:04,346] {logging_mixin.py:115} INFO - [2023-02-01 16:00:04,346] {dagbag.py:507} INFO - Filling up the DagBag from /c/Airflow/dags/Airflow2_0_De_0_a_Heroe/0_airflow_variables.py
[2023-02-01 16:00:04,392] {processor.py:651} INFO - DAG(s) dict_keys(['0_airflow_variables']) retrieved from /c/Airflow/dags/Airflow2_0_De_0_a_Heroe/0_airflow_variables.py
[2023-02-01 16:00:04,410] {logging_mixin.py:115} INFO - [2023-02-01 16:00:04,410] {dag.py:2371} INFO - Sync 1 DAGs
[2023-02-01 16:00:04,427] {logging_mixin.py:115} INFO - [2023-02-01 16:00:04,427] {dag.py:2915} INFO - Setting next_dagrun for 0_airflow_variables to 2023-02-01T12:30:00+00:00, run_after=2023-02-02T12:30:00+00:00
[2023-02-01 16:00:04,478] {processor.py:161} INFO - Processing /c/Airflow/dags/Airflow2_0_De_0_a_Heroe/0_airflow_variables.py took 0.135 seconds
[2023-02-01 16:00:35,276] {processor.py:153} INFO - Started process (PID=12220) to work on /c/Airflow/dags/Airflow2_0_De_0_a_Heroe/0_airflow_variables.py
[2023-02-01 16:00:35,276] {processor.py:641} INFO - Processing file /c/Airflow/dags/Airflow2_0_De_0_a_Heroe/0_airflow_variables.py for tasks to queue
[2023-02-01 16:00:35,277] {logging_mixin.py:115} INFO - [2023-02-01 16:00:35,277] {dagbag.py:507} INFO - Filling up the DagBag from /c/Airflow/dags/Airflow2_0_De_0_a_Heroe/0_airflow_variables.py
[2023-02-01 16:00:35,322] {processor.py:651} INFO - DAG(s) dict_keys(['0_airflow_variables']) retrieved from /c/Airflow/dags/Airflow2_0_De_0_a_Heroe/0_airflow_variables.py
[2023-02-01 16:00:35,341] {logging_mixin.py:115} INFO - [2023-02-01 16:00:35,341] {dag.py:2371} INFO - Sync 1 DAGs
[2023-02-01 16:00:35,358] {logging_mixin.py:115} INFO - [2023-02-01 16:00:35,357] {dag.py:2915} INFO - Setting next_dagrun for 0_airflow_variables to 2023-02-01T12:30:00+00:00, run_after=2023-02-02T12:30:00+00:00
[2023-02-01 16:00:35,412] {processor.py:161} INFO - Processing /c/Airflow/dags/Airflow2_0_De_0_a_Heroe/0_airflow_variables.py took 0.139 seconds
[2023-02-01 16:01:06,846] {processor.py:153} INFO - Started process (PID=12240) to work on /c/Airflow/dags/Airflow2_0_De_0_a_Heroe/0_airflow_variables.py
[2023-02-01 16:01:06,846] {processor.py:641} INFO - Processing file /c/Airflow/dags/Airflow2_0_De_0_a_Heroe/0_airflow_variables.py for tasks to queue
[2023-02-01 16:01:06,847] {logging_mixin.py:115} INFO - [2023-02-01 16:01:06,847] {dagbag.py:507} INFO - Filling up the DagBag from /c/Airflow/dags/Airflow2_0_De_0_a_Heroe/0_airflow_variables.py
[2023-02-01 16:01:06,888] {processor.py:651} INFO - DAG(s) dict_keys(['0_airflow_variables']) retrieved from /c/Airflow/dags/Airflow2_0_De_0_a_Heroe/0_airflow_variables.py
[2023-02-01 16:01:06,907] {logging_mixin.py:115} INFO - [2023-02-01 16:01:06,907] {dag.py:2371} INFO - Sync 1 DAGs
[2023-02-01 16:01:06,924] {logging_mixin.py:115} INFO - [2023-02-01 16:01:06,923] {dag.py:2915} INFO - Setting next_dagrun for 0_airflow_variables to 2023-02-01T12:30:00+00:00, run_after=2023-02-02T12:30:00+00:00
[2023-02-01 16:01:06,964] {processor.py:161} INFO - Processing /c/Airflow/dags/Airflow2_0_De_0_a_Heroe/0_airflow_variables.py took 0.121 seconds
[2023-02-01 16:01:38,122] {processor.py:153} INFO - Started process (PID=12260) to work on /c/Airflow/dags/Airflow2_0_De_0_a_Heroe/0_airflow_variables.py
[2023-02-01 16:01:38,123] {processor.py:641} INFO - Processing file /c/Airflow/dags/Airflow2_0_De_0_a_Heroe/0_airflow_variables.py for tasks to queue
[2023-02-01 16:01:38,123] {logging_mixin.py:115} INFO - [2023-02-01 16:01:38,123] {dagbag.py:507} INFO - Filling up the DagBag from /c/Airflow/dags/Airflow2_0_De_0_a_Heroe/0_airflow_variables.py
[2023-02-01 16:01:38,167] {processor.py:651} INFO - DAG(s) dict_keys(['0_airflow_variables']) retrieved from /c/Airflow/dags/Airflow2_0_De_0_a_Heroe/0_airflow_variables.py
[2023-02-01 16:01:38,186] {logging_mixin.py:115} INFO - [2023-02-01 16:01:38,186] {dag.py:2371} INFO - Sync 1 DAGs
[2023-02-01 16:01:38,203] {logging_mixin.py:115} INFO - [2023-02-01 16:01:38,203] {dag.py:2915} INFO - Setting next_dagrun for 0_airflow_variables to 2023-02-01T12:30:00+00:00, run_after=2023-02-02T12:30:00+00:00
[2023-02-01 16:01:38,246] {processor.py:161} INFO - Processing /c/Airflow/dags/Airflow2_0_De_0_a_Heroe/0_airflow_variables.py took 0.126 seconds
[2023-02-01 16:02:08,560] {processor.py:153} INFO - Started process (PID=12280) to work on /c/Airflow/dags/Airflow2_0_De_0_a_Heroe/0_airflow_variables.py
[2023-02-01 16:02:08,561] {processor.py:641} INFO - Processing file /c/Airflow/dags/Airflow2_0_De_0_a_Heroe/0_airflow_variables.py for tasks to queue
[2023-02-01 16:02:08,561] {logging_mixin.py:115} INFO - [2023-02-01 16:02:08,561] {dagbag.py:507} INFO - Filling up the DagBag from /c/Airflow/dags/Airflow2_0_De_0_a_Heroe/0_airflow_variables.py
[2023-02-01 16:02:08,602] {processor.py:651} INFO - DAG(s) dict_keys(['0_airflow_variables']) retrieved from /c/Airflow/dags/Airflow2_0_De_0_a_Heroe/0_airflow_variables.py
[2023-02-01 16:02:08,620] {logging_mixin.py:115} INFO - [2023-02-01 16:02:08,620] {dag.py:2371} INFO - Sync 1 DAGs
[2023-02-01 16:02:08,637] {logging_mixin.py:115} INFO - [2023-02-01 16:02:08,637] {dag.py:2915} INFO - Setting next_dagrun for 0_airflow_variables to 2023-02-01T12:30:00+00:00, run_after=2023-02-02T12:30:00+00:00
[2023-02-01 16:02:08,681] {processor.py:161} INFO - Processing /c/Airflow/dags/Airflow2_0_De_0_a_Heroe/0_airflow_variables.py took 0.123 seconds
[2023-02-01 16:02:40,892] {processor.py:153} INFO - Started process (PID=12300) to work on /c/Airflow/dags/Airflow2_0_De_0_a_Heroe/0_airflow_variables.py
[2023-02-01 16:02:40,892] {processor.py:641} INFO - Processing file /c/Airflow/dags/Airflow2_0_De_0_a_Heroe/0_airflow_variables.py for tasks to queue
[2023-02-01 16:02:40,893] {logging_mixin.py:115} INFO - [2023-02-01 16:02:40,893] {dagbag.py:507} INFO - Filling up the DagBag from /c/Airflow/dags/Airflow2_0_De_0_a_Heroe/0_airflow_variables.py
[2023-02-01 16:02:40,935] {processor.py:651} INFO - DAG(s) dict_keys(['0_airflow_variables']) retrieved from /c/Airflow/dags/Airflow2_0_De_0_a_Heroe/0_airflow_variables.py
[2023-02-01 16:02:40,955] {logging_mixin.py:115} INFO - [2023-02-01 16:02:40,955] {dag.py:2371} INFO - Sync 1 DAGs
[2023-02-01 16:02:40,976] {logging_mixin.py:115} INFO - [2023-02-01 16:02:40,976] {dag.py:2915} INFO - Setting next_dagrun for 0_airflow_variables to 2023-02-01T12:30:00+00:00, run_after=2023-02-02T12:30:00+00:00
[2023-02-01 16:02:41,018] {processor.py:161} INFO - Processing /c/Airflow/dags/Airflow2_0_De_0_a_Heroe/0_airflow_variables.py took 0.128 seconds
[2023-02-01 16:03:11,982] {processor.py:153} INFO - Started process (PID=12320) to work on /c/Airflow/dags/Airflow2_0_De_0_a_Heroe/0_airflow_variables.py
[2023-02-01 16:03:11,983] {processor.py:641} INFO - Processing file /c/Airflow/dags/Airflow2_0_De_0_a_Heroe/0_airflow_variables.py for tasks to queue
[2023-02-01 16:03:11,984] {logging_mixin.py:115} INFO - [2023-02-01 16:03:11,984] {dagbag.py:507} INFO - Filling up the DagBag from /c/Airflow/dags/Airflow2_0_De_0_a_Heroe/0_airflow_variables.py
[2023-02-01 16:03:12,025] {processor.py:651} INFO - DAG(s) dict_keys(['0_airflow_variables']) retrieved from /c/Airflow/dags/Airflow2_0_De_0_a_Heroe/0_airflow_variables.py
[2023-02-01 16:03:12,047] {logging_mixin.py:115} INFO - [2023-02-01 16:03:12,047] {dag.py:2371} INFO - Sync 1 DAGs
[2023-02-01 16:03:12,070] {logging_mixin.py:115} INFO - [2023-02-01 16:03:12,070] {dag.py:2915} INFO - Setting next_dagrun for 0_airflow_variables to 2023-02-01T12:30:00+00:00, run_after=2023-02-02T12:30:00+00:00
[2023-02-01 16:03:12,117] {processor.py:161} INFO - Processing /c/Airflow/dags/Airflow2_0_De_0_a_Heroe/0_airflow_variables.py took 0.136 seconds
[2023-02-01 16:03:43,062] {processor.py:153} INFO - Started process (PID=12340) to work on /c/Airflow/dags/Airflow2_0_De_0_a_Heroe/0_airflow_variables.py
[2023-02-01 16:03:43,063] {processor.py:641} INFO - Processing file /c/Airflow/dags/Airflow2_0_De_0_a_Heroe/0_airflow_variables.py for tasks to queue
[2023-02-01 16:03:43,064] {logging_mixin.py:115} INFO - [2023-02-01 16:03:43,063] {dagbag.py:507} INFO - Filling up the DagBag from /c/Airflow/dags/Airflow2_0_De_0_a_Heroe/0_airflow_variables.py
[2023-02-01 16:03:43,114] {processor.py:651} INFO - DAG(s) dict_keys(['0_airflow_variables']) retrieved from /c/Airflow/dags/Airflow2_0_De_0_a_Heroe/0_airflow_variables.py
[2023-02-01 16:03:43,132] {logging_mixin.py:115} INFO - [2023-02-01 16:03:43,132] {dag.py:2371} INFO - Sync 1 DAGs
[2023-02-01 16:03:43,149] {logging_mixin.py:115} INFO - [2023-02-01 16:03:43,149] {dag.py:2915} INFO - Setting next_dagrun for 0_airflow_variables to 2023-02-01T12:30:00+00:00, run_after=2023-02-02T12:30:00+00:00
[2023-02-01 16:03:43,191] {processor.py:161} INFO - Processing /c/Airflow/dags/Airflow2_0_De_0_a_Heroe/0_airflow_variables.py took 0.131 seconds
[2023-02-01 16:04:14,276] {processor.py:153} INFO - Started process (PID=12360) to work on /c/Airflow/dags/Airflow2_0_De_0_a_Heroe/0_airflow_variables.py
[2023-02-01 16:04:14,277] {processor.py:641} INFO - Processing file /c/Airflow/dags/Airflow2_0_De_0_a_Heroe/0_airflow_variables.py for tasks to queue
[2023-02-01 16:04:14,277] {logging_mixin.py:115} INFO - [2023-02-01 16:04:14,277] {dagbag.py:507} INFO - Filling up the DagBag from /c/Airflow/dags/Airflow2_0_De_0_a_Heroe/0_airflow_variables.py
[2023-02-01 16:04:14,319] {processor.py:651} INFO - DAG(s) dict_keys(['0_airflow_variables']) retrieved from /c/Airflow/dags/Airflow2_0_De_0_a_Heroe/0_airflow_variables.py
[2023-02-01 16:04:14,342] {logging_mixin.py:115} INFO - [2023-02-01 16:04:14,342] {dag.py:2371} INFO - Sync 1 DAGs
[2023-02-01 16:04:14,362] {logging_mixin.py:115} INFO - [2023-02-01 16:04:14,362] {dag.py:2915} INFO - Setting next_dagrun for 0_airflow_variables to 2023-02-01T12:30:00+00:00, run_after=2023-02-02T12:30:00+00:00
[2023-02-01 16:04:14,419] {processor.py:161} INFO - Processing /c/Airflow/dags/Airflow2_0_De_0_a_Heroe/0_airflow_variables.py took 0.145 seconds
[2023-02-01 16:04:45,508] {processor.py:153} INFO - Started process (PID=12380) to work on /c/Airflow/dags/Airflow2_0_De_0_a_Heroe/0_airflow_variables.py
[2023-02-01 16:04:45,508] {processor.py:641} INFO - Processing file /c/Airflow/dags/Airflow2_0_De_0_a_Heroe/0_airflow_variables.py for tasks to queue
[2023-02-01 16:04:45,509] {logging_mixin.py:115} INFO - [2023-02-01 16:04:45,509] {dagbag.py:507} INFO - Filling up the DagBag from /c/Airflow/dags/Airflow2_0_De_0_a_Heroe/0_airflow_variables.py
[2023-02-01 16:04:45,553] {processor.py:651} INFO - DAG(s) dict_keys(['0_airflow_variables']) retrieved from /c/Airflow/dags/Airflow2_0_De_0_a_Heroe/0_airflow_variables.py
[2023-02-01 16:04:45,571] {logging_mixin.py:115} INFO - [2023-02-01 16:04:45,571] {dag.py:2371} INFO - Sync 1 DAGs
[2023-02-01 16:04:45,590] {logging_mixin.py:115} INFO - [2023-02-01 16:04:45,590] {dag.py:2915} INFO - Setting next_dagrun for 0_airflow_variables to 2023-02-01T12:30:00+00:00, run_after=2023-02-02T12:30:00+00:00
[2023-02-01 16:04:45,641] {processor.py:161} INFO - Processing /c/Airflow/dags/Airflow2_0_De_0_a_Heroe/0_airflow_variables.py took 0.136 seconds
[2023-02-01 16:05:16,287] {processor.py:153} INFO - Started process (PID=12400) to work on /c/Airflow/dags/Airflow2_0_De_0_a_Heroe/0_airflow_variables.py
[2023-02-01 16:05:16,288] {processor.py:641} INFO - Processing file /c/Airflow/dags/Airflow2_0_De_0_a_Heroe/0_airflow_variables.py for tasks to queue
[2023-02-01 16:05:16,288] {logging_mixin.py:115} INFO - [2023-02-01 16:05:16,288] {dagbag.py:507} INFO - Filling up the DagBag from /c/Airflow/dags/Airflow2_0_De_0_a_Heroe/0_airflow_variables.py
[2023-02-01 16:05:16,344] {processor.py:651} INFO - DAG(s) dict_keys(['0_airflow_variables']) retrieved from /c/Airflow/dags/Airflow2_0_De_0_a_Heroe/0_airflow_variables.py
[2023-02-01 16:05:16,373] {logging_mixin.py:115} INFO - [2023-02-01 16:05:16,373] {dag.py:2371} INFO - Sync 1 DAGs
[2023-02-01 16:05:16,396] {logging_mixin.py:115} INFO - [2023-02-01 16:05:16,396] {dag.py:2915} INFO - Setting next_dagrun for 0_airflow_variables to 2023-02-01T12:30:00+00:00, run_after=2023-02-02T12:30:00+00:00
[2023-02-01 16:05:16,456] {processor.py:161} INFO - Processing /c/Airflow/dags/Airflow2_0_De_0_a_Heroe/0_airflow_variables.py took 0.172 seconds
[2023-02-01 16:05:47,322] {processor.py:153} INFO - Started process (PID=12420) to work on /c/Airflow/dags/Airflow2_0_De_0_a_Heroe/0_airflow_variables.py
[2023-02-01 16:05:47,323] {processor.py:641} INFO - Processing file /c/Airflow/dags/Airflow2_0_De_0_a_Heroe/0_airflow_variables.py for tasks to queue
[2023-02-01 16:05:47,323] {logging_mixin.py:115} INFO - [2023-02-01 16:05:47,323] {dagbag.py:507} INFO - Filling up the DagBag from /c/Airflow/dags/Airflow2_0_De_0_a_Heroe/0_airflow_variables.py
[2023-02-01 16:05:47,370] {processor.py:651} INFO - DAG(s) dict_keys(['0_airflow_variables']) retrieved from /c/Airflow/dags/Airflow2_0_De_0_a_Heroe/0_airflow_variables.py
[2023-02-01 16:05:47,387] {logging_mixin.py:115} INFO - [2023-02-01 16:05:47,387] {dag.py:2371} INFO - Sync 1 DAGs
[2023-02-01 16:05:47,404] {logging_mixin.py:115} INFO - [2023-02-01 16:05:47,404] {dag.py:2915} INFO - Setting next_dagrun for 0_airflow_variables to 2023-02-01T12:30:00+00:00, run_after=2023-02-02T12:30:00+00:00
[2023-02-01 16:05:47,450] {processor.py:161} INFO - Processing /c/Airflow/dags/Airflow2_0_De_0_a_Heroe/0_airflow_variables.py took 0.130 seconds
[2023-02-01 16:06:18,602] {processor.py:153} INFO - Started process (PID=12440) to work on /c/Airflow/dags/Airflow2_0_De_0_a_Heroe/0_airflow_variables.py
[2023-02-01 16:06:18,603] {processor.py:641} INFO - Processing file /c/Airflow/dags/Airflow2_0_De_0_a_Heroe/0_airflow_variables.py for tasks to queue
[2023-02-01 16:06:18,604] {logging_mixin.py:115} INFO - [2023-02-01 16:06:18,603] {dagbag.py:507} INFO - Filling up the DagBag from /c/Airflow/dags/Airflow2_0_De_0_a_Heroe/0_airflow_variables.py
[2023-02-01 16:06:18,647] {processor.py:651} INFO - DAG(s) dict_keys(['0_airflow_variables']) retrieved from /c/Airflow/dags/Airflow2_0_De_0_a_Heroe/0_airflow_variables.py
[2023-02-01 16:06:18,667] {logging_mixin.py:115} INFO - [2023-02-01 16:06:18,667] {dag.py:2371} INFO - Sync 1 DAGs
[2023-02-01 16:06:18,684] {logging_mixin.py:115} INFO - [2023-02-01 16:06:18,684] {dag.py:2915} INFO - Setting next_dagrun for 0_airflow_variables to 2023-02-01T12:30:00+00:00, run_after=2023-02-02T12:30:00+00:00
[2023-02-01 16:06:18,724] {processor.py:161} INFO - Processing /c/Airflow/dags/Airflow2_0_De_0_a_Heroe/0_airflow_variables.py took 0.125 seconds
[2023-02-01 16:06:54,343] {processor.py:153} INFO - Started process (PID=12460) to work on /c/Airflow/dags/Airflow2_0_De_0_a_Heroe/0_airflow_variables.py
[2023-02-01 16:06:54,343] {processor.py:641} INFO - Processing file /c/Airflow/dags/Airflow2_0_De_0_a_Heroe/0_airflow_variables.py for tasks to queue
[2023-02-01 16:06:54,344] {logging_mixin.py:115} INFO - [2023-02-01 16:06:54,344] {dagbag.py:507} INFO - Filling up the DagBag from /c/Airflow/dags/Airflow2_0_De_0_a_Heroe/0_airflow_variables.py
[2023-02-01 16:06:54,389] {processor.py:651} INFO - DAG(s) dict_keys(['0_airflow_variables']) retrieved from /c/Airflow/dags/Airflow2_0_De_0_a_Heroe/0_airflow_variables.py
[2023-02-01 16:06:54,408] {logging_mixin.py:115} INFO - [2023-02-01 16:06:54,408] {dag.py:2371} INFO - Sync 1 DAGs
[2023-02-01 16:06:54,427] {logging_mixin.py:115} INFO - [2023-02-01 16:06:54,426] {dag.py:2915} INFO - Setting next_dagrun for 0_airflow_variables to 2023-02-01T12:30:00+00:00, run_after=2023-02-02T12:30:00+00:00
[2023-02-01 16:06:54,478] {processor.py:161} INFO - Processing /c/Airflow/dags/Airflow2_0_De_0_a_Heroe/0_airflow_variables.py took 0.137 seconds
[2023-02-01 16:07:24,810] {processor.py:153} INFO - Started process (PID=12480) to work on /c/Airflow/dags/Airflow2_0_De_0_a_Heroe/0_airflow_variables.py
[2023-02-01 16:07:24,811] {processor.py:641} INFO - Processing file /c/Airflow/dags/Airflow2_0_De_0_a_Heroe/0_airflow_variables.py for tasks to queue
[2023-02-01 16:07:24,812] {logging_mixin.py:115} INFO - [2023-02-01 16:07:24,812] {dagbag.py:507} INFO - Filling up the DagBag from /c/Airflow/dags/Airflow2_0_De_0_a_Heroe/0_airflow_variables.py
[2023-02-01 16:07:24,869] {processor.py:651} INFO - DAG(s) dict_keys(['0_airflow_variables']) retrieved from /c/Airflow/dags/Airflow2_0_De_0_a_Heroe/0_airflow_variables.py
[2023-02-01 16:07:24,901] {logging_mixin.py:115} INFO - [2023-02-01 16:07:24,901] {dag.py:2371} INFO - Sync 1 DAGs
[2023-02-01 16:07:24,923] {logging_mixin.py:115} INFO - [2023-02-01 16:07:24,923] {dag.py:2915} INFO - Setting next_dagrun for 0_airflow_variables to 2023-02-01T12:30:00+00:00, run_after=2023-02-02T12:30:00+00:00
[2023-02-01 16:07:24,969] {processor.py:161} INFO - Processing /c/Airflow/dags/Airflow2_0_De_0_a_Heroe/0_airflow_variables.py took 0.160 seconds
[2023-02-01 16:07:55,272] {processor.py:153} INFO - Started process (PID=12500) to work on /c/Airflow/dags/Airflow2_0_De_0_a_Heroe/0_airflow_variables.py
[2023-02-01 16:07:55,272] {processor.py:641} INFO - Processing file /c/Airflow/dags/Airflow2_0_De_0_a_Heroe/0_airflow_variables.py for tasks to queue
[2023-02-01 16:07:55,273] {logging_mixin.py:115} INFO - [2023-02-01 16:07:55,273] {dagbag.py:507} INFO - Filling up the DagBag from /c/Airflow/dags/Airflow2_0_De_0_a_Heroe/0_airflow_variables.py
[2023-02-01 16:07:55,317] {processor.py:651} INFO - DAG(s) dict_keys(['0_airflow_variables']) retrieved from /c/Airflow/dags/Airflow2_0_De_0_a_Heroe/0_airflow_variables.py
[2023-02-01 16:07:55,336] {logging_mixin.py:115} INFO - [2023-02-01 16:07:55,336] {dag.py:2371} INFO - Sync 1 DAGs
[2023-02-01 16:07:55,353] {logging_mixin.py:115} INFO - [2023-02-01 16:07:55,353] {dag.py:2915} INFO - Setting next_dagrun for 0_airflow_variables to 2023-02-01T12:30:00+00:00, run_after=2023-02-02T12:30:00+00:00
[2023-02-01 16:07:55,403] {processor.py:161} INFO - Processing /c/Airflow/dags/Airflow2_0_De_0_a_Heroe/0_airflow_variables.py took 0.133 seconds
[2023-02-01 16:08:25,719] {processor.py:153} INFO - Started process (PID=12520) to work on /c/Airflow/dags/Airflow2_0_De_0_a_Heroe/0_airflow_variables.py
[2023-02-01 16:08:25,720] {processor.py:641} INFO - Processing file /c/Airflow/dags/Airflow2_0_De_0_a_Heroe/0_airflow_variables.py for tasks to queue
[2023-02-01 16:08:25,721] {logging_mixin.py:115} INFO - [2023-02-01 16:08:25,721] {dagbag.py:507} INFO - Filling up the DagBag from /c/Airflow/dags/Airflow2_0_De_0_a_Heroe/0_airflow_variables.py
[2023-02-01 16:08:25,778] {processor.py:651} INFO - DAG(s) dict_keys(['0_airflow_variables']) retrieved from /c/Airflow/dags/Airflow2_0_De_0_a_Heroe/0_airflow_variables.py
[2023-02-01 16:08:25,808] {logging_mixin.py:115} INFO - [2023-02-01 16:08:25,808] {dag.py:2371} INFO - Sync 1 DAGs
[2023-02-01 16:08:25,844] {logging_mixin.py:115} INFO - [2023-02-01 16:08:25,844] {dag.py:2915} INFO - Setting next_dagrun for 0_airflow_variables to 2023-02-01T12:30:00+00:00, run_after=2023-02-02T12:30:00+00:00
[2023-02-01 16:08:25,908] {processor.py:161} INFO - Processing /c/Airflow/dags/Airflow2_0_De_0_a_Heroe/0_airflow_variables.py took 0.190 seconds
[2023-02-01 16:08:57,047] {processor.py:153} INFO - Started process (PID=12540) to work on /c/Airflow/dags/Airflow2_0_De_0_a_Heroe/0_airflow_variables.py
[2023-02-01 16:08:57,047] {processor.py:641} INFO - Processing file /c/Airflow/dags/Airflow2_0_De_0_a_Heroe/0_airflow_variables.py for tasks to queue
[2023-02-01 16:08:57,048] {logging_mixin.py:115} INFO - [2023-02-01 16:08:57,048] {dagbag.py:507} INFO - Filling up the DagBag from /c/Airflow/dags/Airflow2_0_De_0_a_Heroe/0_airflow_variables.py
[2023-02-01 16:08:57,089] {processor.py:651} INFO - DAG(s) dict_keys(['0_airflow_variables']) retrieved from /c/Airflow/dags/Airflow2_0_De_0_a_Heroe/0_airflow_variables.py
[2023-02-01 16:08:57,107] {logging_mixin.py:115} INFO - [2023-02-01 16:08:57,107] {dag.py:2371} INFO - Sync 1 DAGs
[2023-02-01 16:08:57,123] {logging_mixin.py:115} INFO - [2023-02-01 16:08:57,123] {dag.py:2915} INFO - Setting next_dagrun for 0_airflow_variables to 2023-02-01T12:30:00+00:00, run_after=2023-02-02T12:30:00+00:00
[2023-02-01 16:08:57,169] {processor.py:161} INFO - Processing /c/Airflow/dags/Airflow2_0_De_0_a_Heroe/0_airflow_variables.py took 0.124 seconds
[2023-02-01 16:09:28,549] {processor.py:153} INFO - Started process (PID=12560) to work on /c/Airflow/dags/Airflow2_0_De_0_a_Heroe/0_airflow_variables.py
[2023-02-01 16:09:28,549] {processor.py:641} INFO - Processing file /c/Airflow/dags/Airflow2_0_De_0_a_Heroe/0_airflow_variables.py for tasks to queue
[2023-02-01 16:09:28,550] {logging_mixin.py:115} INFO - [2023-02-01 16:09:28,550] {dagbag.py:507} INFO - Filling up the DagBag from /c/Airflow/dags/Airflow2_0_De_0_a_Heroe/0_airflow_variables.py
[2023-02-01 16:09:28,603] {processor.py:651} INFO - DAG(s) dict_keys(['0_airflow_variables']) retrieved from /c/Airflow/dags/Airflow2_0_De_0_a_Heroe/0_airflow_variables.py
[2023-02-01 16:09:28,625] {logging_mixin.py:115} INFO - [2023-02-01 16:09:28,625] {dag.py:2371} INFO - Sync 1 DAGs
[2023-02-01 16:09:28,647] {logging_mixin.py:115} INFO - [2023-02-01 16:09:28,647] {dag.py:2915} INFO - Setting next_dagrun for 0_airflow_variables to 2023-02-01T12:30:00+00:00, run_after=2023-02-02T12:30:00+00:00
[2023-02-01 16:09:28,695] {processor.py:161} INFO - Processing /c/Airflow/dags/Airflow2_0_De_0_a_Heroe/0_airflow_variables.py took 0.150 seconds
[2023-02-01 16:10:00,260] {processor.py:153} INFO - Started process (PID=12580) to work on /c/Airflow/dags/Airflow2_0_De_0_a_Heroe/0_airflow_variables.py
[2023-02-01 16:10:00,260] {processor.py:641} INFO - Processing file /c/Airflow/dags/Airflow2_0_De_0_a_Heroe/0_airflow_variables.py for tasks to queue
[2023-02-01 16:10:00,261] {logging_mixin.py:115} INFO - [2023-02-01 16:10:00,261] {dagbag.py:507} INFO - Filling up the DagBag from /c/Airflow/dags/Airflow2_0_De_0_a_Heroe/0_airflow_variables.py
[2023-02-01 16:10:00,308] {processor.py:651} INFO - DAG(s) dict_keys(['0_airflow_variables']) retrieved from /c/Airflow/dags/Airflow2_0_De_0_a_Heroe/0_airflow_variables.py
[2023-02-01 16:10:00,330] {logging_mixin.py:115} INFO - [2023-02-01 16:10:00,330] {dag.py:2371} INFO - Sync 1 DAGs
[2023-02-01 16:10:00,353] {logging_mixin.py:115} INFO - [2023-02-01 16:10:00,353] {dag.py:2915} INFO - Setting next_dagrun for 0_airflow_variables to 2023-02-01T12:30:00+00:00, run_after=2023-02-02T12:30:00+00:00
[2023-02-01 16:10:00,400] {processor.py:161} INFO - Processing /c/Airflow/dags/Airflow2_0_De_0_a_Heroe/0_airflow_variables.py took 0.142 seconds
[2023-02-01 16:10:31,321] {processor.py:153} INFO - Started process (PID=12600) to work on /c/Airflow/dags/Airflow2_0_De_0_a_Heroe/0_airflow_variables.py
[2023-02-01 16:10:31,321] {processor.py:641} INFO - Processing file /c/Airflow/dags/Airflow2_0_De_0_a_Heroe/0_airflow_variables.py for tasks to queue
[2023-02-01 16:10:31,322] {logging_mixin.py:115} INFO - [2023-02-01 16:10:31,322] {dagbag.py:507} INFO - Filling up the DagBag from /c/Airflow/dags/Airflow2_0_De_0_a_Heroe/0_airflow_variables.py
[2023-02-01 16:10:31,365] {processor.py:651} INFO - DAG(s) dict_keys(['0_airflow_variables']) retrieved from /c/Airflow/dags/Airflow2_0_De_0_a_Heroe/0_airflow_variables.py
[2023-02-01 16:10:31,384] {logging_mixin.py:115} INFO - [2023-02-01 16:10:31,384] {dag.py:2371} INFO - Sync 1 DAGs
[2023-02-01 16:10:31,401] {logging_mixin.py:115} INFO - [2023-02-01 16:10:31,401] {dag.py:2915} INFO - Setting next_dagrun for 0_airflow_variables to 2023-02-01T12:30:00+00:00, run_after=2023-02-02T12:30:00+00:00
[2023-02-01 16:10:31,444] {processor.py:161} INFO - Processing /c/Airflow/dags/Airflow2_0_De_0_a_Heroe/0_airflow_variables.py took 0.126 seconds
[2023-02-01 16:11:01,776] {processor.py:153} INFO - Started process (PID=12666) to work on /c/Airflow/dags/Airflow2_0_De_0_a_Heroe/0_airflow_variables.py
[2023-02-01 16:11:01,777] {processor.py:641} INFO - Processing file /c/Airflow/dags/Airflow2_0_De_0_a_Heroe/0_airflow_variables.py for tasks to queue
[2023-02-01 16:11:01,777] {logging_mixin.py:115} INFO - [2023-02-01 16:11:01,777] {dagbag.py:507} INFO - Filling up the DagBag from /c/Airflow/dags/Airflow2_0_De_0_a_Heroe/0_airflow_variables.py
[2023-02-01 16:11:01,819] {processor.py:651} INFO - DAG(s) dict_keys(['0_airflow_variables']) retrieved from /c/Airflow/dags/Airflow2_0_De_0_a_Heroe/0_airflow_variables.py
[2023-02-01 16:11:01,837] {logging_mixin.py:115} INFO - [2023-02-01 16:11:01,837] {dag.py:2371} INFO - Sync 1 DAGs
[2023-02-01 16:11:01,854] {logging_mixin.py:115} INFO - [2023-02-01 16:11:01,854] {dag.py:2915} INFO - Setting next_dagrun for 0_airflow_variables to 2023-02-01T12:30:00+00:00, run_after=2023-02-02T12:30:00+00:00
[2023-02-01 16:11:01,903] {processor.py:161} INFO - Processing /c/Airflow/dags/Airflow2_0_De_0_a_Heroe/0_airflow_variables.py took 0.129 seconds
[2023-02-01 16:11:32,784] {processor.py:153} INFO - Started process (PID=12686) to work on /c/Airflow/dags/Airflow2_0_De_0_a_Heroe/0_airflow_variables.py
[2023-02-01 16:11:32,785] {processor.py:641} INFO - Processing file /c/Airflow/dags/Airflow2_0_De_0_a_Heroe/0_airflow_variables.py for tasks to queue
[2023-02-01 16:11:32,786] {logging_mixin.py:115} INFO - [2023-02-01 16:11:32,786] {dagbag.py:507} INFO - Filling up the DagBag from /c/Airflow/dags/Airflow2_0_De_0_a_Heroe/0_airflow_variables.py
[2023-02-01 16:11:32,847] {processor.py:651} INFO - DAG(s) dict_keys(['0_airflow_variables']) retrieved from /c/Airflow/dags/Airflow2_0_De_0_a_Heroe/0_airflow_variables.py
[2023-02-01 16:11:32,871] {logging_mixin.py:115} INFO - [2023-02-01 16:11:32,871] {dag.py:2371} INFO - Sync 1 DAGs
[2023-02-01 16:11:32,893] {logging_mixin.py:115} INFO - [2023-02-01 16:11:32,893] {dag.py:2915} INFO - Setting next_dagrun for 0_airflow_variables to 2023-02-01T12:30:00+00:00, run_after=2023-02-02T12:30:00+00:00
[2023-02-01 16:11:32,945] {processor.py:161} INFO - Processing /c/Airflow/dags/Airflow2_0_De_0_a_Heroe/0_airflow_variables.py took 0.163 seconds
[2023-02-01 16:12:03,268] {processor.py:153} INFO - Started process (PID=12706) to work on /c/Airflow/dags/Airflow2_0_De_0_a_Heroe/0_airflow_variables.py
[2023-02-01 16:12:03,269] {processor.py:641} INFO - Processing file /c/Airflow/dags/Airflow2_0_De_0_a_Heroe/0_airflow_variables.py for tasks to queue
[2023-02-01 16:12:03,269] {logging_mixin.py:115} INFO - [2023-02-01 16:12:03,269] {dagbag.py:507} INFO - Filling up the DagBag from /c/Airflow/dags/Airflow2_0_De_0_a_Heroe/0_airflow_variables.py
[2023-02-01 16:12:03,313] {processor.py:651} INFO - DAG(s) dict_keys(['0_airflow_variables']) retrieved from /c/Airflow/dags/Airflow2_0_De_0_a_Heroe/0_airflow_variables.py
[2023-02-01 16:12:03,331] {logging_mixin.py:115} INFO - [2023-02-01 16:12:03,331] {dag.py:2371} INFO - Sync 1 DAGs
[2023-02-01 16:12:03,348] {logging_mixin.py:115} INFO - [2023-02-01 16:12:03,348] {dag.py:2915} INFO - Setting next_dagrun for 0_airflow_variables to 2023-02-01T12:30:00+00:00, run_after=2023-02-02T12:30:00+00:00
[2023-02-01 16:12:03,394] {processor.py:161} INFO - Processing /c/Airflow/dags/Airflow2_0_De_0_a_Heroe/0_airflow_variables.py took 0.127 seconds
[2023-02-01 16:12:35,957] {processor.py:153} INFO - Started process (PID=12726) to work on /c/Airflow/dags/Airflow2_0_De_0_a_Heroe/0_airflow_variables.py
[2023-02-01 16:12:35,958] {processor.py:641} INFO - Processing file /c/Airflow/dags/Airflow2_0_De_0_a_Heroe/0_airflow_variables.py for tasks to queue
[2023-02-01 16:12:35,959] {logging_mixin.py:115} INFO - [2023-02-01 16:12:35,959] {dagbag.py:507} INFO - Filling up the DagBag from /c/Airflow/dags/Airflow2_0_De_0_a_Heroe/0_airflow_variables.py
[2023-02-01 16:12:36,003] {processor.py:651} INFO - DAG(s) dict_keys(['0_airflow_variables']) retrieved from /c/Airflow/dags/Airflow2_0_De_0_a_Heroe/0_airflow_variables.py
[2023-02-01 16:12:36,025] {logging_mixin.py:115} INFO - [2023-02-01 16:12:36,025] {dag.py:2371} INFO - Sync 1 DAGs
[2023-02-01 16:12:36,044] {logging_mixin.py:115} INFO - [2023-02-01 16:12:36,044] {dag.py:2915} INFO - Setting next_dagrun for 0_airflow_variables to 2023-02-01T12:30:00+00:00, run_after=2023-02-02T12:30:00+00:00
[2023-02-01 16:12:36,084] {processor.py:161} INFO - Processing /c/Airflow/dags/Airflow2_0_De_0_a_Heroe/0_airflow_variables.py took 0.129 seconds
[2023-02-01 16:13:07,111] {processor.py:153} INFO - Started process (PID=12792) to work on /c/Airflow/dags/Airflow2_0_De_0_a_Heroe/0_airflow_variables.py
[2023-02-01 16:13:07,112] {processor.py:641} INFO - Processing file /c/Airflow/dags/Airflow2_0_De_0_a_Heroe/0_airflow_variables.py for tasks to queue
[2023-02-01 16:13:07,113] {logging_mixin.py:115} INFO - [2023-02-01 16:13:07,113] {dagbag.py:507} INFO - Filling up the DagBag from /c/Airflow/dags/Airflow2_0_De_0_a_Heroe/0_airflow_variables.py
[2023-02-01 16:13:07,167] {processor.py:651} INFO - DAG(s) dict_keys(['0_airflow_variables']) retrieved from /c/Airflow/dags/Airflow2_0_De_0_a_Heroe/0_airflow_variables.py
[2023-02-01 16:13:07,194] {logging_mixin.py:115} INFO - [2023-02-01 16:13:07,194] {dag.py:2371} INFO - Sync 1 DAGs
[2023-02-01 16:13:07,218] {logging_mixin.py:115} INFO - [2023-02-01 16:13:07,218] {dag.py:2915} INFO - Setting next_dagrun for 0_airflow_variables to 2023-02-01T12:30:00+00:00, run_after=2023-02-02T12:30:00+00:00
[2023-02-01 16:13:07,287] {processor.py:161} INFO - Processing /c/Airflow/dags/Airflow2_0_De_0_a_Heroe/0_airflow_variables.py took 0.178 seconds
[2023-02-01 16:13:38,318] {processor.py:153} INFO - Started process (PID=12812) to work on /c/Airflow/dags/Airflow2_0_De_0_a_Heroe/0_airflow_variables.py
[2023-02-01 16:13:38,319] {processor.py:641} INFO - Processing file /c/Airflow/dags/Airflow2_0_De_0_a_Heroe/0_airflow_variables.py for tasks to queue
[2023-02-01 16:13:38,320] {logging_mixin.py:115} INFO - [2023-02-01 16:13:38,320] {dagbag.py:507} INFO - Filling up the DagBag from /c/Airflow/dags/Airflow2_0_De_0_a_Heroe/0_airflow_variables.py
[2023-02-01 16:13:38,371] {processor.py:651} INFO - DAG(s) dict_keys(['0_airflow_variables']) retrieved from /c/Airflow/dags/Airflow2_0_De_0_a_Heroe/0_airflow_variables.py
[2023-02-01 16:13:38,391] {logging_mixin.py:115} INFO - [2023-02-01 16:13:38,391] {dag.py:2371} INFO - Sync 1 DAGs
[2023-02-01 16:13:38,410] {logging_mixin.py:115} INFO - [2023-02-01 16:13:38,410] {dag.py:2915} INFO - Setting next_dagrun for 0_airflow_variables to 2023-02-01T12:30:00+00:00, run_after=2023-02-02T12:30:00+00:00
[2023-02-01 16:13:38,455] {processor.py:161} INFO - Processing /c/Airflow/dags/Airflow2_0_De_0_a_Heroe/0_airflow_variables.py took 0.139 seconds
[2023-02-01 16:14:09,755] {processor.py:153} INFO - Started process (PID=12832) to work on /c/Airflow/dags/Airflow2_0_De_0_a_Heroe/0_airflow_variables.py
[2023-02-01 16:14:09,756] {processor.py:641} INFO - Processing file /c/Airflow/dags/Airflow2_0_De_0_a_Heroe/0_airflow_variables.py for tasks to queue
[2023-02-01 16:14:09,756] {logging_mixin.py:115} INFO - [2023-02-01 16:14:09,756] {dagbag.py:507} INFO - Filling up the DagBag from /c/Airflow/dags/Airflow2_0_De_0_a_Heroe/0_airflow_variables.py
[2023-02-01 16:14:09,804] {processor.py:651} INFO - DAG(s) dict_keys(['0_airflow_variables']) retrieved from /c/Airflow/dags/Airflow2_0_De_0_a_Heroe/0_airflow_variables.py
[2023-02-01 16:14:09,827] {logging_mixin.py:115} INFO - [2023-02-01 16:14:09,827] {dag.py:2371} INFO - Sync 1 DAGs
[2023-02-01 16:14:09,849] {logging_mixin.py:115} INFO - [2023-02-01 16:14:09,848] {dag.py:2915} INFO - Setting next_dagrun for 0_airflow_variables to 2023-02-01T12:30:00+00:00, run_after=2023-02-02T12:30:00+00:00
[2023-02-01 16:14:09,896] {processor.py:161} INFO - Processing /c/Airflow/dags/Airflow2_0_De_0_a_Heroe/0_airflow_variables.py took 0.143 seconds
[2023-02-01 16:14:40,643] {processor.py:153} INFO - Started process (PID=12852) to work on /c/Airflow/dags/Airflow2_0_De_0_a_Heroe/0_airflow_variables.py
[2023-02-01 16:14:40,644] {processor.py:641} INFO - Processing file /c/Airflow/dags/Airflow2_0_De_0_a_Heroe/0_airflow_variables.py for tasks to queue
[2023-02-01 16:14:40,645] {logging_mixin.py:115} INFO - [2023-02-01 16:14:40,644] {dagbag.py:507} INFO - Filling up the DagBag from /c/Airflow/dags/Airflow2_0_De_0_a_Heroe/0_airflow_variables.py
[2023-02-01 16:14:40,688] {processor.py:651} INFO - DAG(s) dict_keys(['0_airflow_variables']) retrieved from /c/Airflow/dags/Airflow2_0_De_0_a_Heroe/0_airflow_variables.py
[2023-02-01 16:14:40,709] {logging_mixin.py:115} INFO - [2023-02-01 16:14:40,709] {dag.py:2371} INFO - Sync 1 DAGs
[2023-02-01 16:14:40,727] {logging_mixin.py:115} INFO - [2023-02-01 16:14:40,727] {dag.py:2915} INFO - Setting next_dagrun for 0_airflow_variables to 2023-02-01T12:30:00+00:00, run_after=2023-02-02T12:30:00+00:00
[2023-02-01 16:14:40,774] {processor.py:161} INFO - Processing /c/Airflow/dags/Airflow2_0_De_0_a_Heroe/0_airflow_variables.py took 0.133 seconds
[2023-02-01 16:15:12,520] {processor.py:153} INFO - Started process (PID=12872) to work on /c/Airflow/dags/Airflow2_0_De_0_a_Heroe/0_airflow_variables.py
[2023-02-01 16:15:12,521] {processor.py:641} INFO - Processing file /c/Airflow/dags/Airflow2_0_De_0_a_Heroe/0_airflow_variables.py for tasks to queue
[2023-02-01 16:15:12,522] {logging_mixin.py:115} INFO - [2023-02-01 16:15:12,522] {dagbag.py:507} INFO - Filling up the DagBag from /c/Airflow/dags/Airflow2_0_De_0_a_Heroe/0_airflow_variables.py
[2023-02-01 16:15:12,599] {processor.py:651} INFO - DAG(s) dict_keys(['0_airflow_variables']) retrieved from /c/Airflow/dags/Airflow2_0_De_0_a_Heroe/0_airflow_variables.py
[2023-02-01 16:15:12,628] {logging_mixin.py:115} INFO - [2023-02-01 16:15:12,628] {dag.py:2371} INFO - Sync 1 DAGs
[2023-02-01 16:15:12,657] {logging_mixin.py:115} INFO - [2023-02-01 16:15:12,657] {dag.py:2915} INFO - Setting next_dagrun for 0_airflow_variables to 2023-02-01T12:30:00+00:00, run_after=2023-02-02T12:30:00+00:00
[2023-02-01 16:15:12,710] {processor.py:161} INFO - Processing /c/Airflow/dags/Airflow2_0_De_0_a_Heroe/0_airflow_variables.py took 0.193 seconds
[2023-02-01 16:15:44,055] {processor.py:153} INFO - Started process (PID=12892) to work on /c/Airflow/dags/Airflow2_0_De_0_a_Heroe/0_airflow_variables.py
[2023-02-01 16:15:44,056] {processor.py:641} INFO - Processing file /c/Airflow/dags/Airflow2_0_De_0_a_Heroe/0_airflow_variables.py for tasks to queue
[2023-02-01 16:15:44,057] {logging_mixin.py:115} INFO - [2023-02-01 16:15:44,057] {dagbag.py:507} INFO - Filling up the DagBag from /c/Airflow/dags/Airflow2_0_De_0_a_Heroe/0_airflow_variables.py
[2023-02-01 16:15:44,102] {processor.py:651} INFO - DAG(s) dict_keys(['0_airflow_variables']) retrieved from /c/Airflow/dags/Airflow2_0_De_0_a_Heroe/0_airflow_variables.py
[2023-02-01 16:15:44,122] {logging_mixin.py:115} INFO - [2023-02-01 16:15:44,122] {dag.py:2371} INFO - Sync 1 DAGs
[2023-02-01 16:15:44,140] {logging_mixin.py:115} INFO - [2023-02-01 16:15:44,140] {dag.py:2915} INFO - Setting next_dagrun for 0_airflow_variables to 2023-02-01T12:30:00+00:00, run_after=2023-02-02T12:30:00+00:00
[2023-02-01 16:15:44,187] {processor.py:161} INFO - Processing /c/Airflow/dags/Airflow2_0_De_0_a_Heroe/0_airflow_variables.py took 0.134 seconds
[2023-02-01 16:16:14,999] {processor.py:153} INFO - Started process (PID=12912) to work on /c/Airflow/dags/Airflow2_0_De_0_a_Heroe/0_airflow_variables.py
[2023-02-01 16:16:14,999] {processor.py:641} INFO - Processing file /c/Airflow/dags/Airflow2_0_De_0_a_Heroe/0_airflow_variables.py for tasks to queue
[2023-02-01 16:16:15,000] {logging_mixin.py:115} INFO - [2023-02-01 16:16:15,000] {dagbag.py:507} INFO - Filling up the DagBag from /c/Airflow/dags/Airflow2_0_De_0_a_Heroe/0_airflow_variables.py
[2023-02-01 16:16:15,041] {processor.py:651} INFO - DAG(s) dict_keys(['0_airflow_variables']) retrieved from /c/Airflow/dags/Airflow2_0_De_0_a_Heroe/0_airflow_variables.py
[2023-02-01 16:16:15,059] {logging_mixin.py:115} INFO - [2023-02-01 16:16:15,059] {dag.py:2371} INFO - Sync 1 DAGs
[2023-02-01 16:16:15,076] {logging_mixin.py:115} INFO - [2023-02-01 16:16:15,076] {dag.py:2915} INFO - Setting next_dagrun for 0_airflow_variables to 2023-02-01T12:30:00+00:00, run_after=2023-02-02T12:30:00+00:00
[2023-02-01 16:16:15,118] {processor.py:161} INFO - Processing /c/Airflow/dags/Airflow2_0_De_0_a_Heroe/0_airflow_variables.py took 0.121 seconds
[2023-02-01 16:16:46,168] {processor.py:153} INFO - Started process (PID=12932) to work on /c/Airflow/dags/Airflow2_0_De_0_a_Heroe/0_airflow_variables.py
[2023-02-01 16:16:46,169] {processor.py:641} INFO - Processing file /c/Airflow/dags/Airflow2_0_De_0_a_Heroe/0_airflow_variables.py for tasks to queue
[2023-02-01 16:16:46,169] {logging_mixin.py:115} INFO - [2023-02-01 16:16:46,169] {dagbag.py:507} INFO - Filling up the DagBag from /c/Airflow/dags/Airflow2_0_De_0_a_Heroe/0_airflow_variables.py
[2023-02-01 16:16:46,215] {processor.py:651} INFO - DAG(s) dict_keys(['0_airflow_variables']) retrieved from /c/Airflow/dags/Airflow2_0_De_0_a_Heroe/0_airflow_variables.py
[2023-02-01 16:16:46,241] {logging_mixin.py:115} INFO - [2023-02-01 16:16:46,241] {dag.py:2371} INFO - Sync 1 DAGs
[2023-02-01 16:16:46,262] {logging_mixin.py:115} INFO - [2023-02-01 16:16:46,262] {dag.py:2915} INFO - Setting next_dagrun for 0_airflow_variables to 2023-02-01T12:30:00+00:00, run_after=2023-02-02T12:30:00+00:00
[2023-02-01 16:16:46,305] {processor.py:161} INFO - Processing /c/Airflow/dags/Airflow2_0_De_0_a_Heroe/0_airflow_variables.py took 0.139 seconds
[2023-02-01 16:17:17,358] {processor.py:153} INFO - Started process (PID=12952) to work on /c/Airflow/dags/Airflow2_0_De_0_a_Heroe/0_airflow_variables.py
[2023-02-01 16:17:17,359] {processor.py:641} INFO - Processing file /c/Airflow/dags/Airflow2_0_De_0_a_Heroe/0_airflow_variables.py for tasks to queue
[2023-02-01 16:17:17,360] {logging_mixin.py:115} INFO - [2023-02-01 16:17:17,360] {dagbag.py:507} INFO - Filling up the DagBag from /c/Airflow/dags/Airflow2_0_De_0_a_Heroe/0_airflow_variables.py
[2023-02-01 16:17:17,408] {processor.py:651} INFO - DAG(s) dict_keys(['0_airflow_variables']) retrieved from /c/Airflow/dags/Airflow2_0_De_0_a_Heroe/0_airflow_variables.py
[2023-02-01 16:17:17,428] {logging_mixin.py:115} INFO - [2023-02-01 16:17:17,428] {dag.py:2371} INFO - Sync 1 DAGs
[2023-02-01 16:17:17,447] {logging_mixin.py:115} INFO - [2023-02-01 16:17:17,447] {dag.py:2915} INFO - Setting next_dagrun for 0_airflow_variables to 2023-02-01T12:30:00+00:00, run_after=2023-02-02T12:30:00+00:00
[2023-02-01 16:17:17,496] {processor.py:161} INFO - Processing /c/Airflow/dags/Airflow2_0_De_0_a_Heroe/0_airflow_variables.py took 0.141 seconds
[2023-02-01 16:17:48,418] {processor.py:153} INFO - Started process (PID=12972) to work on /c/Airflow/dags/Airflow2_0_De_0_a_Heroe/0_airflow_variables.py
[2023-02-01 16:17:48,419] {processor.py:641} INFO - Processing file /c/Airflow/dags/Airflow2_0_De_0_a_Heroe/0_airflow_variables.py for tasks to queue
[2023-02-01 16:17:48,420] {logging_mixin.py:115} INFO - [2023-02-01 16:17:48,420] {dagbag.py:507} INFO - Filling up the DagBag from /c/Airflow/dags/Airflow2_0_De_0_a_Heroe/0_airflow_variables.py
[2023-02-01 16:17:48,462] {processor.py:651} INFO - DAG(s) dict_keys(['0_airflow_variables']) retrieved from /c/Airflow/dags/Airflow2_0_De_0_a_Heroe/0_airflow_variables.py
[2023-02-01 16:17:48,479] {logging_mixin.py:115} INFO - [2023-02-01 16:17:48,479] {dag.py:2371} INFO - Sync 1 DAGs
[2023-02-01 16:17:48,496] {logging_mixin.py:115} INFO - [2023-02-01 16:17:48,496] {dag.py:2915} INFO - Setting next_dagrun for 0_airflow_variables to 2023-02-01T12:30:00+00:00, run_after=2023-02-02T12:30:00+00:00
[2023-02-01 16:17:48,537] {processor.py:161} INFO - Processing /c/Airflow/dags/Airflow2_0_De_0_a_Heroe/0_airflow_variables.py took 0.120 seconds
[2023-02-01 16:18:19,666] {processor.py:153} INFO - Started process (PID=12992) to work on /c/Airflow/dags/Airflow2_0_De_0_a_Heroe/0_airflow_variables.py
[2023-02-01 16:18:19,666] {processor.py:641} INFO - Processing file /c/Airflow/dags/Airflow2_0_De_0_a_Heroe/0_airflow_variables.py for tasks to queue
[2023-02-01 16:18:19,667] {logging_mixin.py:115} INFO - [2023-02-01 16:18:19,667] {dagbag.py:507} INFO - Filling up the DagBag from /c/Airflow/dags/Airflow2_0_De_0_a_Heroe/0_airflow_variables.py
[2023-02-01 16:18:19,710] {processor.py:651} INFO - DAG(s) dict_keys(['0_airflow_variables']) retrieved from /c/Airflow/dags/Airflow2_0_De_0_a_Heroe/0_airflow_variables.py
[2023-02-01 16:18:19,760] {logging_mixin.py:115} INFO - [2023-02-01 16:18:19,760] {dag.py:2371} INFO - Sync 1 DAGs
[2023-02-01 16:18:19,782] {logging_mixin.py:115} INFO - [2023-02-01 16:18:19,782] {dag.py:2915} INFO - Setting next_dagrun for 0_airflow_variables to 2023-02-01T12:30:00+00:00, run_after=2023-02-02T12:30:00+00:00
[2023-02-01 16:18:19,832] {processor.py:161} INFO - Processing /c/Airflow/dags/Airflow2_0_De_0_a_Heroe/0_airflow_variables.py took 0.168 seconds
[2023-02-01 16:18:51,240] {processor.py:153} INFO - Started process (PID=13058) to work on /c/Airflow/dags/Airflow2_0_De_0_a_Heroe/0_airflow_variables.py
[2023-02-01 16:18:51,241] {processor.py:641} INFO - Processing file /c/Airflow/dags/Airflow2_0_De_0_a_Heroe/0_airflow_variables.py for tasks to queue
[2023-02-01 16:18:51,241] {logging_mixin.py:115} INFO - [2023-02-01 16:18:51,241] {dagbag.py:507} INFO - Filling up the DagBag from /c/Airflow/dags/Airflow2_0_De_0_a_Heroe/0_airflow_variables.py
[2023-02-01 16:18:51,287] {processor.py:651} INFO - DAG(s) dict_keys(['0_airflow_variables']) retrieved from /c/Airflow/dags/Airflow2_0_De_0_a_Heroe/0_airflow_variables.py
[2023-02-01 16:18:51,313] {logging_mixin.py:115} INFO - [2023-02-01 16:18:51,313] {dag.py:2371} INFO - Sync 1 DAGs
[2023-02-01 16:18:51,334] {logging_mixin.py:115} INFO - [2023-02-01 16:18:51,334] {dag.py:2915} INFO - Setting next_dagrun for 0_airflow_variables to 2023-02-01T12:30:00+00:00, run_after=2023-02-02T12:30:00+00:00
[2023-02-01 16:18:51,384] {processor.py:161} INFO - Processing /c/Airflow/dags/Airflow2_0_De_0_a_Heroe/0_airflow_variables.py took 0.146 seconds
[2023-02-01 16:19:22,202] {processor.py:153} INFO - Started process (PID=13078) to work on /c/Airflow/dags/Airflow2_0_De_0_a_Heroe/0_airflow_variables.py
[2023-02-01 16:19:22,203] {processor.py:641} INFO - Processing file /c/Airflow/dags/Airflow2_0_De_0_a_Heroe/0_airflow_variables.py for tasks to queue
[2023-02-01 16:19:22,203] {logging_mixin.py:115} INFO - [2023-02-01 16:19:22,203] {dagbag.py:507} INFO - Filling up the DagBag from /c/Airflow/dags/Airflow2_0_De_0_a_Heroe/0_airflow_variables.py
[2023-02-01 16:19:22,244] {processor.py:651} INFO - DAG(s) dict_keys(['0_airflow_variables']) retrieved from /c/Airflow/dags/Airflow2_0_De_0_a_Heroe/0_airflow_variables.py
[2023-02-01 16:19:22,262] {logging_mixin.py:115} INFO - [2023-02-01 16:19:22,262] {dag.py:2371} INFO - Sync 1 DAGs
[2023-02-01 16:19:22,279] {logging_mixin.py:115} INFO - [2023-02-01 16:19:22,279] {dag.py:2915} INFO - Setting next_dagrun for 0_airflow_variables to 2023-02-01T12:30:00+00:00, run_after=2023-02-02T12:30:00+00:00
[2023-02-01 16:19:22,324] {processor.py:161} INFO - Processing /c/Airflow/dags/Airflow2_0_De_0_a_Heroe/0_airflow_variables.py took 0.124 seconds
[2023-02-01 16:19:53,234] {processor.py:153} INFO - Started process (PID=13098) to work on /c/Airflow/dags/Airflow2_0_De_0_a_Heroe/0_airflow_variables.py
[2023-02-01 16:19:53,234] {processor.py:641} INFO - Processing file /c/Airflow/dags/Airflow2_0_De_0_a_Heroe/0_airflow_variables.py for tasks to queue
[2023-02-01 16:19:53,235] {logging_mixin.py:115} INFO - [2023-02-01 16:19:53,235] {dagbag.py:507} INFO - Filling up the DagBag from /c/Airflow/dags/Airflow2_0_De_0_a_Heroe/0_airflow_variables.py
[2023-02-01 16:19:53,295] {processor.py:651} INFO - DAG(s) dict_keys(['0_airflow_variables']) retrieved from /c/Airflow/dags/Airflow2_0_De_0_a_Heroe/0_airflow_variables.py
[2023-02-01 16:19:53,328] {logging_mixin.py:115} INFO - [2023-02-01 16:19:53,328] {dag.py:2371} INFO - Sync 1 DAGs
[2023-02-01 16:19:53,349] {logging_mixin.py:115} INFO - [2023-02-01 16:19:53,349] {dag.py:2915} INFO - Setting next_dagrun for 0_airflow_variables to 2023-02-01T12:30:00+00:00, run_after=2023-02-02T12:30:00+00:00
[2023-02-01 16:19:53,398] {processor.py:161} INFO - Processing /c/Airflow/dags/Airflow2_0_De_0_a_Heroe/0_airflow_variables.py took 0.167 seconds
[2023-02-01 16:20:24,144] {processor.py:153} INFO - Started process (PID=13118) to work on /c/Airflow/dags/Airflow2_0_De_0_a_Heroe/0_airflow_variables.py
[2023-02-01 16:20:24,146] {processor.py:641} INFO - Processing file /c/Airflow/dags/Airflow2_0_De_0_a_Heroe/0_airflow_variables.py for tasks to queue
[2023-02-01 16:20:24,152] {logging_mixin.py:115} INFO - [2023-02-01 16:20:24,152] {dagbag.py:507} INFO - Filling up the DagBag from /c/Airflow/dags/Airflow2_0_De_0_a_Heroe/0_airflow_variables.py
[2023-02-01 16:20:24,205] {processor.py:651} INFO - DAG(s) dict_keys(['0_airflow_variables']) retrieved from /c/Airflow/dags/Airflow2_0_De_0_a_Heroe/0_airflow_variables.py
[2023-02-01 16:20:24,224] {logging_mixin.py:115} INFO - [2023-02-01 16:20:24,224] {dag.py:2371} INFO - Sync 1 DAGs
[2023-02-01 16:20:24,243] {logging_mixin.py:115} INFO - [2023-02-01 16:20:24,243] {dag.py:2915} INFO - Setting next_dagrun for 0_airflow_variables to 2023-02-01T12:30:00+00:00, run_after=2023-02-02T12:30:00+00:00
[2023-02-01 16:20:24,295] {processor.py:161} INFO - Processing /c/Airflow/dags/Airflow2_0_De_0_a_Heroe/0_airflow_variables.py took 0.154 seconds
[2023-02-01 16:20:56,459] {processor.py:153} INFO - Started process (PID=13138) to work on /c/Airflow/dags/Airflow2_0_De_0_a_Heroe/0_airflow_variables.py
[2023-02-01 16:20:56,460] {processor.py:641} INFO - Processing file /c/Airflow/dags/Airflow2_0_De_0_a_Heroe/0_airflow_variables.py for tasks to queue
[2023-02-01 16:20:56,461] {logging_mixin.py:115} INFO - [2023-02-01 16:20:56,461] {dagbag.py:507} INFO - Filling up the DagBag from /c/Airflow/dags/Airflow2_0_De_0_a_Heroe/0_airflow_variables.py
[2023-02-01 16:20:56,520] {processor.py:651} INFO - DAG(s) dict_keys(['0_airflow_variables']) retrieved from /c/Airflow/dags/Airflow2_0_De_0_a_Heroe/0_airflow_variables.py
[2023-02-01 16:20:56,545] {logging_mixin.py:115} INFO - [2023-02-01 16:20:56,545] {dag.py:2371} INFO - Sync 1 DAGs
[2023-02-01 16:20:56,565] {logging_mixin.py:115} INFO - [2023-02-01 16:20:56,565] {dag.py:2915} INFO - Setting next_dagrun for 0_airflow_variables to 2023-02-01T12:30:00+00:00, run_after=2023-02-02T12:30:00+00:00
[2023-02-01 16:20:56,624] {processor.py:161} INFO - Processing /c/Airflow/dags/Airflow2_0_De_0_a_Heroe/0_airflow_variables.py took 0.167 seconds
[2023-02-01 16:21:27,811] {processor.py:153} INFO - Started process (PID=13158) to work on /c/Airflow/dags/Airflow2_0_De_0_a_Heroe/0_airflow_variables.py
[2023-02-01 16:21:27,811] {processor.py:641} INFO - Processing file /c/Airflow/dags/Airflow2_0_De_0_a_Heroe/0_airflow_variables.py for tasks to queue
[2023-02-01 16:21:27,812] {logging_mixin.py:115} INFO - [2023-02-01 16:21:27,812] {dagbag.py:507} INFO - Filling up the DagBag from /c/Airflow/dags/Airflow2_0_De_0_a_Heroe/0_airflow_variables.py
[2023-02-01 16:21:27,853] {processor.py:651} INFO - DAG(s) dict_keys(['0_airflow_variables']) retrieved from /c/Airflow/dags/Airflow2_0_De_0_a_Heroe/0_airflow_variables.py
[2023-02-01 16:21:27,871] {logging_mixin.py:115} INFO - [2023-02-01 16:21:27,871] {dag.py:2371} INFO - Sync 1 DAGs
[2023-02-01 16:21:27,892] {logging_mixin.py:115} INFO - [2023-02-01 16:21:27,892] {dag.py:2915} INFO - Setting next_dagrun for 0_airflow_variables to 2023-02-01T12:30:00+00:00, run_after=2023-02-02T12:30:00+00:00
[2023-02-01 16:21:27,939] {processor.py:161} INFO - Processing /c/Airflow/dags/Airflow2_0_De_0_a_Heroe/0_airflow_variables.py took 0.130 seconds
[2023-02-01 16:22:00,260] {processor.py:153} INFO - Started process (PID=13178) to work on /c/Airflow/dags/Airflow2_0_De_0_a_Heroe/0_airflow_variables.py
[2023-02-01 16:22:00,261] {processor.py:641} INFO - Processing file /c/Airflow/dags/Airflow2_0_De_0_a_Heroe/0_airflow_variables.py for tasks to queue
[2023-02-01 16:22:00,262] {logging_mixin.py:115} INFO - [2023-02-01 16:22:00,261] {dagbag.py:507} INFO - Filling up the DagBag from /c/Airflow/dags/Airflow2_0_De_0_a_Heroe/0_airflow_variables.py
[2023-02-01 16:22:00,307] {processor.py:651} INFO - DAG(s) dict_keys(['0_airflow_variables']) retrieved from /c/Airflow/dags/Airflow2_0_De_0_a_Heroe/0_airflow_variables.py
[2023-02-01 16:22:00,325] {logging_mixin.py:115} INFO - [2023-02-01 16:22:00,325] {dag.py:2371} INFO - Sync 1 DAGs
[2023-02-01 16:22:00,343] {logging_mixin.py:115} INFO - [2023-02-01 16:22:00,343] {dag.py:2915} INFO - Setting next_dagrun for 0_airflow_variables to 2023-02-01T12:30:00+00:00, run_after=2023-02-02T12:30:00+00:00
[2023-02-01 16:22:00,394] {processor.py:161} INFO - Processing /c/Airflow/dags/Airflow2_0_De_0_a_Heroe/0_airflow_variables.py took 0.136 seconds
[2023-02-01 16:22:31,511] {processor.py:153} INFO - Started process (PID=13198) to work on /c/Airflow/dags/Airflow2_0_De_0_a_Heroe/0_airflow_variables.py
[2023-02-01 16:22:31,512] {processor.py:641} INFO - Processing file /c/Airflow/dags/Airflow2_0_De_0_a_Heroe/0_airflow_variables.py for tasks to queue
[2023-02-01 16:22:31,513] {logging_mixin.py:115} INFO - [2023-02-01 16:22:31,513] {dagbag.py:507} INFO - Filling up the DagBag from /c/Airflow/dags/Airflow2_0_De_0_a_Heroe/0_airflow_variables.py
[2023-02-01 16:22:31,554] {processor.py:651} INFO - DAG(s) dict_keys(['0_airflow_variables']) retrieved from /c/Airflow/dags/Airflow2_0_De_0_a_Heroe/0_airflow_variables.py
[2023-02-01 16:22:31,572] {logging_mixin.py:115} INFO - [2023-02-01 16:22:31,572] {dag.py:2371} INFO - Sync 1 DAGs
[2023-02-01 16:22:31,589] {logging_mixin.py:115} INFO - [2023-02-01 16:22:31,589] {dag.py:2915} INFO - Setting next_dagrun for 0_airflow_variables to 2023-02-01T12:30:00+00:00, run_after=2023-02-02T12:30:00+00:00
[2023-02-01 16:22:31,628] {processor.py:161} INFO - Processing /c/Airflow/dags/Airflow2_0_De_0_a_Heroe/0_airflow_variables.py took 0.118 seconds
[2023-02-01 16:23:02,732] {processor.py:153} INFO - Started process (PID=13218) to work on /c/Airflow/dags/Airflow2_0_De_0_a_Heroe/0_airflow_variables.py
[2023-02-01 16:23:02,733] {processor.py:641} INFO - Processing file /c/Airflow/dags/Airflow2_0_De_0_a_Heroe/0_airflow_variables.py for tasks to queue
[2023-02-01 16:23:02,734] {logging_mixin.py:115} INFO - [2023-02-01 16:23:02,733] {dagbag.py:507} INFO - Filling up the DagBag from /c/Airflow/dags/Airflow2_0_De_0_a_Heroe/0_airflow_variables.py
[2023-02-01 16:23:02,775] {processor.py:651} INFO - DAG(s) dict_keys(['0_airflow_variables']) retrieved from /c/Airflow/dags/Airflow2_0_De_0_a_Heroe/0_airflow_variables.py
[2023-02-01 16:23:02,793] {logging_mixin.py:115} INFO - [2023-02-01 16:23:02,793] {dag.py:2371} INFO - Sync 1 DAGs
[2023-02-01 16:23:02,810] {logging_mixin.py:115} INFO - [2023-02-01 16:23:02,810] {dag.py:2915} INFO - Setting next_dagrun for 0_airflow_variables to 2023-02-01T12:30:00+00:00, run_after=2023-02-02T12:30:00+00:00
[2023-02-01 16:23:02,855] {processor.py:161} INFO - Processing /c/Airflow/dags/Airflow2_0_De_0_a_Heroe/0_airflow_variables.py took 0.125 seconds
[2023-02-01 16:23:33,639] {processor.py:153} INFO - Started process (PID=13238) to work on /c/Airflow/dags/Airflow2_0_De_0_a_Heroe/0_airflow_variables.py
[2023-02-01 16:23:33,639] {processor.py:641} INFO - Processing file /c/Airflow/dags/Airflow2_0_De_0_a_Heroe/0_airflow_variables.py for tasks to queue
[2023-02-01 16:23:33,640] {logging_mixin.py:115} INFO - [2023-02-01 16:23:33,640] {dagbag.py:507} INFO - Filling up the DagBag from /c/Airflow/dags/Airflow2_0_De_0_a_Heroe/0_airflow_variables.py
[2023-02-01 16:23:33,693] {processor.py:651} INFO - DAG(s) dict_keys(['0_airflow_variables']) retrieved from /c/Airflow/dags/Airflow2_0_De_0_a_Heroe/0_airflow_variables.py
[2023-02-01 16:23:33,714] {logging_mixin.py:115} INFO - [2023-02-01 16:23:33,714] {dag.py:2371} INFO - Sync 1 DAGs
[2023-02-01 16:23:33,731] {logging_mixin.py:115} INFO - [2023-02-01 16:23:33,731] {dag.py:2915} INFO - Setting next_dagrun for 0_airflow_variables to 2023-02-01T12:30:00+00:00, run_after=2023-02-02T12:30:00+00:00
[2023-02-01 16:23:33,766] {processor.py:161} INFO - Processing /c/Airflow/dags/Airflow2_0_De_0_a_Heroe/0_airflow_variables.py took 0.129 seconds
[2023-02-01 16:24:05,115] {processor.py:153} INFO - Started process (PID=13258) to work on /c/Airflow/dags/Airflow2_0_De_0_a_Heroe/0_airflow_variables.py
[2023-02-01 16:24:05,116] {processor.py:641} INFO - Processing file /c/Airflow/dags/Airflow2_0_De_0_a_Heroe/0_airflow_variables.py for tasks to queue
[2023-02-01 16:24:05,118] {logging_mixin.py:115} INFO - [2023-02-01 16:24:05,117] {dagbag.py:507} INFO - Filling up the DagBag from /c/Airflow/dags/Airflow2_0_De_0_a_Heroe/0_airflow_variables.py
[2023-02-01 16:24:05,174] {processor.py:651} INFO - DAG(s) dict_keys(['0_airflow_variables']) retrieved from /c/Airflow/dags/Airflow2_0_De_0_a_Heroe/0_airflow_variables.py
[2023-02-01 16:24:05,193] {logging_mixin.py:115} INFO - [2023-02-01 16:24:05,193] {dag.py:2371} INFO - Sync 1 DAGs
[2023-02-01 16:24:05,216] {logging_mixin.py:115} INFO - [2023-02-01 16:24:05,216] {dag.py:2915} INFO - Setting next_dagrun for 0_airflow_variables to 2023-02-01T12:30:00+00:00, run_after=2023-02-02T12:30:00+00:00
[2023-02-01 16:24:05,273] {processor.py:161} INFO - Processing /c/Airflow/dags/Airflow2_0_De_0_a_Heroe/0_airflow_variables.py took 0.160 seconds
[2023-02-01 16:24:36,318] {processor.py:153} INFO - Started process (PID=13278) to work on /c/Airflow/dags/Airflow2_0_De_0_a_Heroe/0_airflow_variables.py
[2023-02-01 16:24:36,318] {processor.py:641} INFO - Processing file /c/Airflow/dags/Airflow2_0_De_0_a_Heroe/0_airflow_variables.py for tasks to queue
[2023-02-01 16:24:36,319] {logging_mixin.py:115} INFO - [2023-02-01 16:24:36,319] {dagbag.py:507} INFO - Filling up the DagBag from /c/Airflow/dags/Airflow2_0_De_0_a_Heroe/0_airflow_variables.py
[2023-02-01 16:24:36,362] {processor.py:651} INFO - DAG(s) dict_keys(['0_airflow_variables']) retrieved from /c/Airflow/dags/Airflow2_0_De_0_a_Heroe/0_airflow_variables.py
[2023-02-01 16:24:36,380] {logging_mixin.py:115} INFO - [2023-02-01 16:24:36,380] {dag.py:2371} INFO - Sync 1 DAGs
[2023-02-01 16:24:36,401] {logging_mixin.py:115} INFO - [2023-02-01 16:24:36,401] {dag.py:2915} INFO - Setting next_dagrun for 0_airflow_variables to 2023-02-01T12:30:00+00:00, run_after=2023-02-02T12:30:00+00:00
[2023-02-01 16:24:36,466] {processor.py:161} INFO - Processing /c/Airflow/dags/Airflow2_0_De_0_a_Heroe/0_airflow_variables.py took 0.150 seconds
[2023-02-01 16:25:07,193] {processor.py:153} INFO - Started process (PID=13298) to work on /c/Airflow/dags/Airflow2_0_De_0_a_Heroe/0_airflow_variables.py
[2023-02-01 16:25:07,194] {processor.py:641} INFO - Processing file /c/Airflow/dags/Airflow2_0_De_0_a_Heroe/0_airflow_variables.py for tasks to queue
[2023-02-01 16:25:07,194] {logging_mixin.py:115} INFO - [2023-02-01 16:25:07,194] {dagbag.py:507} INFO - Filling up the DagBag from /c/Airflow/dags/Airflow2_0_De_0_a_Heroe/0_airflow_variables.py
[2023-02-01 16:25:07,237] {processor.py:651} INFO - DAG(s) dict_keys(['0_airflow_variables']) retrieved from /c/Airflow/dags/Airflow2_0_De_0_a_Heroe/0_airflow_variables.py
[2023-02-01 16:25:07,254] {logging_mixin.py:115} INFO - [2023-02-01 16:25:07,254] {dag.py:2371} INFO - Sync 1 DAGs
[2023-02-01 16:25:07,271] {logging_mixin.py:115} INFO - [2023-02-01 16:25:07,271] {dag.py:2915} INFO - Setting next_dagrun for 0_airflow_variables to 2023-02-01T12:30:00+00:00, run_after=2023-02-02T12:30:00+00:00
[2023-02-01 16:25:07,315] {processor.py:161} INFO - Processing /c/Airflow/dags/Airflow2_0_De_0_a_Heroe/0_airflow_variables.py took 0.124 seconds
[2023-02-01 16:25:38,413] {processor.py:153} INFO - Started process (PID=13318) to work on /c/Airflow/dags/Airflow2_0_De_0_a_Heroe/0_airflow_variables.py
[2023-02-01 16:25:38,414] {processor.py:641} INFO - Processing file /c/Airflow/dags/Airflow2_0_De_0_a_Heroe/0_airflow_variables.py for tasks to queue
[2023-02-01 16:25:38,415] {logging_mixin.py:115} INFO - [2023-02-01 16:25:38,415] {dagbag.py:507} INFO - Filling up the DagBag from /c/Airflow/dags/Airflow2_0_De_0_a_Heroe/0_airflow_variables.py
[2023-02-01 16:25:38,461] {processor.py:651} INFO - DAG(s) dict_keys(['0_airflow_variables']) retrieved from /c/Airflow/dags/Airflow2_0_De_0_a_Heroe/0_airflow_variables.py
[2023-02-01 16:25:38,483] {logging_mixin.py:115} INFO - [2023-02-01 16:25:38,483] {dag.py:2371} INFO - Sync 1 DAGs
[2023-02-01 16:25:38,502] {logging_mixin.py:115} INFO - [2023-02-01 16:25:38,502] {dag.py:2915} INFO - Setting next_dagrun for 0_airflow_variables to 2023-02-01T12:30:00+00:00, run_after=2023-02-02T12:30:00+00:00
[2023-02-01 16:25:38,560] {processor.py:161} INFO - Processing /c/Airflow/dags/Airflow2_0_De_0_a_Heroe/0_airflow_variables.py took 0.148 seconds
[2023-02-01 16:26:09,545] {processor.py:153} INFO - Started process (PID=13338) to work on /c/Airflow/dags/Airflow2_0_De_0_a_Heroe/0_airflow_variables.py
[2023-02-01 16:26:09,545] {processor.py:641} INFO - Processing file /c/Airflow/dags/Airflow2_0_De_0_a_Heroe/0_airflow_variables.py for tasks to queue
[2023-02-01 16:26:09,546] {logging_mixin.py:115} INFO - [2023-02-01 16:26:09,546] {dagbag.py:507} INFO - Filling up the DagBag from /c/Airflow/dags/Airflow2_0_De_0_a_Heroe/0_airflow_variables.py
[2023-02-01 16:26:09,587] {processor.py:651} INFO - DAG(s) dict_keys(['0_airflow_variables']) retrieved from /c/Airflow/dags/Airflow2_0_De_0_a_Heroe/0_airflow_variables.py
[2023-02-01 16:26:09,606] {logging_mixin.py:115} INFO - [2023-02-01 16:26:09,606] {dag.py:2371} INFO - Sync 1 DAGs
[2023-02-01 16:26:09,623] {logging_mixin.py:115} INFO - [2023-02-01 16:26:09,623] {dag.py:2915} INFO - Setting next_dagrun for 0_airflow_variables to 2023-02-01T12:30:00+00:00, run_after=2023-02-02T12:30:00+00:00
[2023-02-01 16:26:09,669] {processor.py:161} INFO - Processing /c/Airflow/dags/Airflow2_0_De_0_a_Heroe/0_airflow_variables.py took 0.127 seconds
[2023-02-01 16:26:40,997] {processor.py:153} INFO - Started process (PID=13358) to work on /c/Airflow/dags/Airflow2_0_De_0_a_Heroe/0_airflow_variables.py
[2023-02-01 16:26:40,998] {processor.py:641} INFO - Processing file /c/Airflow/dags/Airflow2_0_De_0_a_Heroe/0_airflow_variables.py for tasks to queue
[2023-02-01 16:26:40,998] {logging_mixin.py:115} INFO - [2023-02-01 16:26:40,998] {dagbag.py:507} INFO - Filling up the DagBag from /c/Airflow/dags/Airflow2_0_De_0_a_Heroe/0_airflow_variables.py
[2023-02-01 16:26:41,044] {processor.py:651} INFO - DAG(s) dict_keys(['0_airflow_variables']) retrieved from /c/Airflow/dags/Airflow2_0_De_0_a_Heroe/0_airflow_variables.py
[2023-02-01 16:26:41,063] {logging_mixin.py:115} INFO - [2023-02-01 16:26:41,063] {dag.py:2371} INFO - Sync 1 DAGs
[2023-02-01 16:26:41,080] {logging_mixin.py:115} INFO - [2023-02-01 16:26:41,080] {dag.py:2915} INFO - Setting next_dagrun for 0_airflow_variables to 2023-02-01T12:30:00+00:00, run_after=2023-02-02T12:30:00+00:00
[2023-02-01 16:26:41,127] {processor.py:161} INFO - Processing /c/Airflow/dags/Airflow2_0_De_0_a_Heroe/0_airflow_variables.py took 0.132 seconds
[2023-02-01 16:27:13,681] {processor.py:153} INFO - Started process (PID=13378) to work on /c/Airflow/dags/Airflow2_0_De_0_a_Heroe/0_airflow_variables.py
[2023-02-01 16:27:13,682] {processor.py:641} INFO - Processing file /c/Airflow/dags/Airflow2_0_De_0_a_Heroe/0_airflow_variables.py for tasks to queue
[2023-02-01 16:27:13,683] {logging_mixin.py:115} INFO - [2023-02-01 16:27:13,683] {dagbag.py:507} INFO - Filling up the DagBag from /c/Airflow/dags/Airflow2_0_De_0_a_Heroe/0_airflow_variables.py
[2023-02-01 16:27:13,728] {processor.py:651} INFO - DAG(s) dict_keys(['0_airflow_variables']) retrieved from /c/Airflow/dags/Airflow2_0_De_0_a_Heroe/0_airflow_variables.py
[2023-02-01 16:27:13,747] {logging_mixin.py:115} INFO - [2023-02-01 16:27:13,747] {dag.py:2371} INFO - Sync 1 DAGs
[2023-02-01 16:27:13,764] {logging_mixin.py:115} INFO - [2023-02-01 16:27:13,764] {dag.py:2915} INFO - Setting next_dagrun for 0_airflow_variables to 2023-02-01T12:30:00+00:00, run_after=2023-02-02T12:30:00+00:00
[2023-02-01 16:27:13,819] {processor.py:161} INFO - Processing /c/Airflow/dags/Airflow2_0_De_0_a_Heroe/0_airflow_variables.py took 0.139 seconds
[2023-02-01 16:27:48,269] {processor.py:153} INFO - Started process (PID=13444) to work on /c/Airflow/dags/Airflow2_0_De_0_a_Heroe/0_airflow_variables.py
[2023-02-01 16:27:48,270] {processor.py:641} INFO - Processing file /c/Airflow/dags/Airflow2_0_De_0_a_Heroe/0_airflow_variables.py for tasks to queue
[2023-02-01 16:27:48,271] {logging_mixin.py:115} INFO - [2023-02-01 16:27:48,271] {dagbag.py:507} INFO - Filling up the DagBag from /c/Airflow/dags/Airflow2_0_De_0_a_Heroe/0_airflow_variables.py
[2023-02-01 16:27:48,326] {processor.py:651} INFO - DAG(s) dict_keys(['0_airflow_variables']) retrieved from /c/Airflow/dags/Airflow2_0_De_0_a_Heroe/0_airflow_variables.py
[2023-02-01 16:27:48,349] {logging_mixin.py:115} INFO - [2023-02-01 16:27:48,349] {dag.py:2371} INFO - Sync 1 DAGs
[2023-02-01 16:27:48,370] {logging_mixin.py:115} INFO - [2023-02-01 16:27:48,370] {dag.py:2915} INFO - Setting next_dagrun for 0_airflow_variables to 2023-02-01T12:30:00+00:00, run_after=2023-02-02T12:30:00+00:00
[2023-02-01 16:27:48,421] {processor.py:161} INFO - Processing /c/Airflow/dags/Airflow2_0_De_0_a_Heroe/0_airflow_variables.py took 0.154 seconds
[2023-02-01 16:28:18,753] {processor.py:153} INFO - Started process (PID=13464) to work on /c/Airflow/dags/Airflow2_0_De_0_a_Heroe/0_airflow_variables.py
[2023-02-01 16:28:18,754] {processor.py:641} INFO - Processing file /c/Airflow/dags/Airflow2_0_De_0_a_Heroe/0_airflow_variables.py for tasks to queue
[2023-02-01 16:28:18,754] {logging_mixin.py:115} INFO - [2023-02-01 16:28:18,754] {dagbag.py:507} INFO - Filling up the DagBag from /c/Airflow/dags/Airflow2_0_De_0_a_Heroe/0_airflow_variables.py
[2023-02-01 16:28:18,799] {processor.py:651} INFO - DAG(s) dict_keys(['0_airflow_variables']) retrieved from /c/Airflow/dags/Airflow2_0_De_0_a_Heroe/0_airflow_variables.py
[2023-02-01 16:28:18,818] {logging_mixin.py:115} INFO - [2023-02-01 16:28:18,818] {dag.py:2371} INFO - Sync 1 DAGs
[2023-02-01 16:28:18,836] {logging_mixin.py:115} INFO - [2023-02-01 16:28:18,836] {dag.py:2915} INFO - Setting next_dagrun for 0_airflow_variables to 2023-02-01T12:30:00+00:00, run_after=2023-02-02T12:30:00+00:00
[2023-02-01 16:28:18,889] {processor.py:161} INFO - Processing /c/Airflow/dags/Airflow2_0_De_0_a_Heroe/0_airflow_variables.py took 0.138 seconds
[2023-02-01 16:28:50,392] {processor.py:153} INFO - Started process (PID=13485) to work on /c/Airflow/dags/Airflow2_0_De_0_a_Heroe/0_airflow_variables.py
[2023-02-01 16:28:50,392] {processor.py:641} INFO - Processing file /c/Airflow/dags/Airflow2_0_De_0_a_Heroe/0_airflow_variables.py for tasks to queue
[2023-02-01 16:28:50,393] {logging_mixin.py:115} INFO - [2023-02-01 16:28:50,393] {dagbag.py:507} INFO - Filling up the DagBag from /c/Airflow/dags/Airflow2_0_De_0_a_Heroe/0_airflow_variables.py
[2023-02-01 16:28:50,435] {processor.py:651} INFO - DAG(s) dict_keys(['0_airflow_variables']) retrieved from /c/Airflow/dags/Airflow2_0_De_0_a_Heroe/0_airflow_variables.py
[2023-02-01 16:28:50,453] {logging_mixin.py:115} INFO - [2023-02-01 16:28:50,453] {dag.py:2371} INFO - Sync 1 DAGs
[2023-02-01 16:28:50,470] {logging_mixin.py:115} INFO - [2023-02-01 16:28:50,469] {dag.py:2915} INFO - Setting next_dagrun for 0_airflow_variables to 2023-02-01T12:30:00+00:00, run_after=2023-02-02T12:30:00+00:00
[2023-02-01 16:28:50,513] {processor.py:161} INFO - Processing /c/Airflow/dags/Airflow2_0_De_0_a_Heroe/0_airflow_variables.py took 0.123 seconds
[2023-02-01 16:29:21,837] {processor.py:153} INFO - Started process (PID=13533) to work on /c/Airflow/dags/Airflow2_0_De_0_a_Heroe/0_airflow_variables.py
[2023-02-01 16:29:21,838] {processor.py:641} INFO - Processing file /c/Airflow/dags/Airflow2_0_De_0_a_Heroe/0_airflow_variables.py for tasks to queue
[2023-02-01 16:29:21,838] {logging_mixin.py:115} INFO - [2023-02-01 16:29:21,838] {dagbag.py:507} INFO - Filling up the DagBag from /c/Airflow/dags/Airflow2_0_De_0_a_Heroe/0_airflow_variables.py
[2023-02-01 16:29:21,881] {processor.py:651} INFO - DAG(s) dict_keys(['0_airflow_variables']) retrieved from /c/Airflow/dags/Airflow2_0_De_0_a_Heroe/0_airflow_variables.py
[2023-02-01 16:29:21,899] {logging_mixin.py:115} INFO - [2023-02-01 16:29:21,899] {dag.py:2371} INFO - Sync 1 DAGs
[2023-02-01 16:29:21,916] {logging_mixin.py:115} INFO - [2023-02-01 16:29:21,916] {dag.py:2915} INFO - Setting next_dagrun for 0_airflow_variables to 2023-02-01T12:30:00+00:00, run_after=2023-02-02T12:30:00+00:00
[2023-02-01 16:29:21,964] {processor.py:161} INFO - Processing /c/Airflow/dags/Airflow2_0_De_0_a_Heroe/0_airflow_variables.py took 0.130 seconds
[2023-02-01 16:29:53,239] {processor.py:153} INFO - Started process (PID=13553) to work on /c/Airflow/dags/Airflow2_0_De_0_a_Heroe/0_airflow_variables.py
[2023-02-01 16:29:53,240] {processor.py:641} INFO - Processing file /c/Airflow/dags/Airflow2_0_De_0_a_Heroe/0_airflow_variables.py for tasks to queue
[2023-02-01 16:29:53,241] {logging_mixin.py:115} INFO - [2023-02-01 16:29:53,241] {dagbag.py:507} INFO - Filling up the DagBag from /c/Airflow/dags/Airflow2_0_De_0_a_Heroe/0_airflow_variables.py
[2023-02-01 16:29:53,288] {processor.py:651} INFO - DAG(s) dict_keys(['0_airflow_variables']) retrieved from /c/Airflow/dags/Airflow2_0_De_0_a_Heroe/0_airflow_variables.py
[2023-02-01 16:29:53,307] {logging_mixin.py:115} INFO - [2023-02-01 16:29:53,307] {dag.py:2371} INFO - Sync 1 DAGs
[2023-02-01 16:29:53,324] {logging_mixin.py:115} INFO - [2023-02-01 16:29:53,324] {dag.py:2915} INFO - Setting next_dagrun for 0_airflow_variables to 2023-02-01T12:30:00+00:00, run_after=2023-02-02T12:30:00+00:00
[2023-02-01 16:29:53,374] {processor.py:161} INFO - Processing /c/Airflow/dags/Airflow2_0_De_0_a_Heroe/0_airflow_variables.py took 0.137 seconds
[2023-02-01 17:43:16,840] {processor.py:153} INFO - Started process (PID=13607) to work on /c/Airflow/dags/Airflow2_0_De_0_a_Heroe/0_airflow_variables.py
[2023-02-01 17:43:16,840] {processor.py:641} INFO - Processing file /c/Airflow/dags/Airflow2_0_De_0_a_Heroe/0_airflow_variables.py for tasks to queue
[2023-02-01 17:43:16,841] {logging_mixin.py:115} INFO - [2023-02-01 17:43:16,841] {dagbag.py:507} INFO - Filling up the DagBag from /c/Airflow/dags/Airflow2_0_De_0_a_Heroe/0_airflow_variables.py
[2023-02-01 17:43:16,879] {processor.py:651} INFO - DAG(s) dict_keys(['0_airflow_variables']) retrieved from /c/Airflow/dags/Airflow2_0_De_0_a_Heroe/0_airflow_variables.py
[2023-02-01 17:43:16,896] {logging_mixin.py:115} INFO - [2023-02-01 17:43:16,896] {dag.py:2371} INFO - Sync 1 DAGs
[2023-02-01 17:43:16,912] {logging_mixin.py:115} INFO - [2023-02-01 17:43:16,912] {dag.py:2915} INFO - Setting next_dagrun for 0_airflow_variables to 2023-02-01T12:30:00+00:00, run_after=2023-02-02T12:30:00+00:00
[2023-02-01 17:43:16,946] {processor.py:161} INFO - Processing /c/Airflow/dags/Airflow2_0_De_0_a_Heroe/0_airflow_variables.py took 0.108 seconds
[2023-02-01 17:43:47,472] {processor.py:153} INFO - Started process (PID=13627) to work on /c/Airflow/dags/Airflow2_0_De_0_a_Heroe/0_airflow_variables.py
[2023-02-01 17:43:47,473] {processor.py:641} INFO - Processing file /c/Airflow/dags/Airflow2_0_De_0_a_Heroe/0_airflow_variables.py for tasks to queue
[2023-02-01 17:43:47,473] {logging_mixin.py:115} INFO - [2023-02-01 17:43:47,473] {dagbag.py:507} INFO - Filling up the DagBag from /c/Airflow/dags/Airflow2_0_De_0_a_Heroe/0_airflow_variables.py
[2023-02-01 17:43:47,512] {processor.py:651} INFO - DAG(s) dict_keys(['0_airflow_variables']) retrieved from /c/Airflow/dags/Airflow2_0_De_0_a_Heroe/0_airflow_variables.py
[2023-02-01 17:43:47,529] {logging_mixin.py:115} INFO - [2023-02-01 17:43:47,529] {dag.py:2371} INFO - Sync 1 DAGs
[2023-02-01 17:43:47,546] {logging_mixin.py:115} INFO - [2023-02-01 17:43:47,546] {dag.py:2915} INFO - Setting next_dagrun for 0_airflow_variables to 2023-02-01T12:30:00+00:00, run_after=2023-02-02T12:30:00+00:00
[2023-02-01 17:43:47,585] {processor.py:161} INFO - Processing /c/Airflow/dags/Airflow2_0_De_0_a_Heroe/0_airflow_variables.py took 0.115 seconds
[2023-02-01 17:44:18,922] {processor.py:153} INFO - Started process (PID=13647) to work on /c/Airflow/dags/Airflow2_0_De_0_a_Heroe/0_airflow_variables.py
[2023-02-01 17:44:18,923] {processor.py:641} INFO - Processing file /c/Airflow/dags/Airflow2_0_De_0_a_Heroe/0_airflow_variables.py for tasks to queue
[2023-02-01 17:44:18,924] {logging_mixin.py:115} INFO - [2023-02-01 17:44:18,924] {dagbag.py:507} INFO - Filling up the DagBag from /c/Airflow/dags/Airflow2_0_De_0_a_Heroe/0_airflow_variables.py
[2023-02-01 17:44:18,991] {processor.py:651} INFO - DAG(s) dict_keys(['0_airflow_variables']) retrieved from /c/Airflow/dags/Airflow2_0_De_0_a_Heroe/0_airflow_variables.py
[2023-02-01 17:44:19,017] {logging_mixin.py:115} INFO - [2023-02-01 17:44:19,017] {dag.py:2371} INFO - Sync 1 DAGs
[2023-02-01 17:44:19,037] {logging_mixin.py:115} INFO - [2023-02-01 17:44:19,037] {dag.py:2915} INFO - Setting next_dagrun for 0_airflow_variables to 2023-02-01T12:30:00+00:00, run_after=2023-02-02T12:30:00+00:00
[2023-02-01 17:44:19,076] {processor.py:161} INFO - Processing /c/Airflow/dags/Airflow2_0_De_0_a_Heroe/0_airflow_variables.py took 0.156 seconds
[2023-02-01 17:44:49,470] {processor.py:153} INFO - Started process (PID=13713) to work on /c/Airflow/dags/Airflow2_0_De_0_a_Heroe/0_airflow_variables.py
[2023-02-01 17:44:49,471] {processor.py:641} INFO - Processing file /c/Airflow/dags/Airflow2_0_De_0_a_Heroe/0_airflow_variables.py for tasks to queue
[2023-02-01 17:44:49,472] {logging_mixin.py:115} INFO - [2023-02-01 17:44:49,471] {dagbag.py:507} INFO - Filling up the DagBag from /c/Airflow/dags/Airflow2_0_De_0_a_Heroe/0_airflow_variables.py
[2023-02-01 17:44:49,508] {processor.py:651} INFO - DAG(s) dict_keys(['0_airflow_variables']) retrieved from /c/Airflow/dags/Airflow2_0_De_0_a_Heroe/0_airflow_variables.py
[2023-02-01 17:44:49,524] {logging_mixin.py:115} INFO - [2023-02-01 17:44:49,524] {dag.py:2371} INFO - Sync 1 DAGs
[2023-02-01 17:44:49,538] {logging_mixin.py:115} INFO - [2023-02-01 17:44:49,538] {dag.py:2915} INFO - Setting next_dagrun for 0_airflow_variables to 2023-02-01T12:30:00+00:00, run_after=2023-02-02T12:30:00+00:00
[2023-02-01 17:44:49,577] {processor.py:161} INFO - Processing /c/Airflow/dags/Airflow2_0_De_0_a_Heroe/0_airflow_variables.py took 0.108 seconds
[2023-02-01 17:45:20,952] {processor.py:153} INFO - Started process (PID=13733) to work on /c/Airflow/dags/Airflow2_0_De_0_a_Heroe/0_airflow_variables.py
[2023-02-01 17:45:20,953] {processor.py:641} INFO - Processing file /c/Airflow/dags/Airflow2_0_De_0_a_Heroe/0_airflow_variables.py for tasks to queue
[2023-02-01 17:45:20,954] {logging_mixin.py:115} INFO - [2023-02-01 17:45:20,954] {dagbag.py:507} INFO - Filling up the DagBag from /c/Airflow/dags/Airflow2_0_De_0_a_Heroe/0_airflow_variables.py
[2023-02-01 17:45:21,005] {processor.py:651} INFO - DAG(s) dict_keys(['0_airflow_variables']) retrieved from /c/Airflow/dags/Airflow2_0_De_0_a_Heroe/0_airflow_variables.py
[2023-02-01 17:45:21,024] {logging_mixin.py:115} INFO - [2023-02-01 17:45:21,024] {dag.py:2371} INFO - Sync 1 DAGs
[2023-02-01 17:45:21,040] {logging_mixin.py:115} INFO - [2023-02-01 17:45:21,040] {dag.py:2915} INFO - Setting next_dagrun for 0_airflow_variables to 2023-02-01T12:30:00+00:00, run_after=2023-02-02T12:30:00+00:00
[2023-02-01 17:45:21,084] {processor.py:161} INFO - Processing /c/Airflow/dags/Airflow2_0_De_0_a_Heroe/0_airflow_variables.py took 0.133 seconds
[2023-02-01 17:45:53,057] {processor.py:153} INFO - Started process (PID=13799) to work on /c/Airflow/dags/Airflow2_0_De_0_a_Heroe/0_airflow_variables.py
[2023-02-01 17:45:53,057] {processor.py:641} INFO - Processing file /c/Airflow/dags/Airflow2_0_De_0_a_Heroe/0_airflow_variables.py for tasks to queue
[2023-02-01 17:45:53,058] {logging_mixin.py:115} INFO - [2023-02-01 17:45:53,058] {dagbag.py:507} INFO - Filling up the DagBag from /c/Airflow/dags/Airflow2_0_De_0_a_Heroe/0_airflow_variables.py
[2023-02-01 17:45:53,096] {processor.py:651} INFO - DAG(s) dict_keys(['0_airflow_variables']) retrieved from /c/Airflow/dags/Airflow2_0_De_0_a_Heroe/0_airflow_variables.py
[2023-02-01 17:45:53,112] {logging_mixin.py:115} INFO - [2023-02-01 17:45:53,112] {dag.py:2371} INFO - Sync 1 DAGs
[2023-02-01 17:45:53,128] {logging_mixin.py:115} INFO - [2023-02-01 17:45:53,127] {dag.py:2915} INFO - Setting next_dagrun for 0_airflow_variables to 2023-02-01T12:30:00+00:00, run_after=2023-02-02T12:30:00+00:00
[2023-02-01 17:45:53,165] {processor.py:161} INFO - Processing /c/Airflow/dags/Airflow2_0_De_0_a_Heroe/0_airflow_variables.py took 0.110 seconds
[2023-02-01 17:46:24,304] {processor.py:153} INFO - Started process (PID=13819) to work on /c/Airflow/dags/Airflow2_0_De_0_a_Heroe/0_airflow_variables.py
[2023-02-01 17:46:24,305] {processor.py:641} INFO - Processing file /c/Airflow/dags/Airflow2_0_De_0_a_Heroe/0_airflow_variables.py for tasks to queue
[2023-02-01 17:46:24,305] {logging_mixin.py:115} INFO - [2023-02-01 17:46:24,305] {dagbag.py:507} INFO - Filling up the DagBag from /c/Airflow/dags/Airflow2_0_De_0_a_Heroe/0_airflow_variables.py
[2023-02-01 17:46:24,350] {processor.py:651} INFO - DAG(s) dict_keys(['0_airflow_variables']) retrieved from /c/Airflow/dags/Airflow2_0_De_0_a_Heroe/0_airflow_variables.py
[2023-02-01 17:46:24,370] {logging_mixin.py:115} INFO - [2023-02-01 17:46:24,370] {dag.py:2371} INFO - Sync 1 DAGs
[2023-02-01 17:46:24,387] {logging_mixin.py:115} INFO - [2023-02-01 17:46:24,387] {dag.py:2915} INFO - Setting next_dagrun for 0_airflow_variables to 2023-02-01T12:30:00+00:00, run_after=2023-02-02T12:30:00+00:00
[2023-02-01 17:46:24,425] {processor.py:161} INFO - Processing /c/Airflow/dags/Airflow2_0_De_0_a_Heroe/0_airflow_variables.py took 0.124 seconds
[2023-02-01 17:46:55,492] {processor.py:153} INFO - Started process (PID=13839) to work on /c/Airflow/dags/Airflow2_0_De_0_a_Heroe/0_airflow_variables.py
[2023-02-01 17:46:55,492] {processor.py:641} INFO - Processing file /c/Airflow/dags/Airflow2_0_De_0_a_Heroe/0_airflow_variables.py for tasks to queue
[2023-02-01 17:46:55,493] {logging_mixin.py:115} INFO - [2023-02-01 17:46:55,493] {dagbag.py:507} INFO - Filling up the DagBag from /c/Airflow/dags/Airflow2_0_De_0_a_Heroe/0_airflow_variables.py
[2023-02-01 17:46:55,535] {processor.py:651} INFO - DAG(s) dict_keys(['0_airflow_variables']) retrieved from /c/Airflow/dags/Airflow2_0_De_0_a_Heroe/0_airflow_variables.py
[2023-02-01 17:46:55,554] {logging_mixin.py:115} INFO - [2023-02-01 17:46:55,553] {dag.py:2371} INFO - Sync 1 DAGs
[2023-02-01 17:46:55,570] {logging_mixin.py:115} INFO - [2023-02-01 17:46:55,569] {dag.py:2915} INFO - Setting next_dagrun for 0_airflow_variables to 2023-02-01T12:30:00+00:00, run_after=2023-02-02T12:30:00+00:00
[2023-02-01 17:46:55,613] {processor.py:161} INFO - Processing /c/Airflow/dags/Airflow2_0_De_0_a_Heroe/0_airflow_variables.py took 0.124 seconds
[2023-02-01 17:51:14,061] {processor.py:153} INFO - Started process (PID=14006) to work on /c/Airflow/dags/Airflow2_0_De_0_a_Heroe/0_airflow_variables.py
[2023-02-01 17:51:14,062] {processor.py:641} INFO - Processing file /c/Airflow/dags/Airflow2_0_De_0_a_Heroe/0_airflow_variables.py for tasks to queue
[2023-02-01 17:51:14,063] {logging_mixin.py:115} INFO - [2023-02-01 17:51:14,063] {dagbag.py:507} INFO - Filling up the DagBag from /c/Airflow/dags/Airflow2_0_De_0_a_Heroe/0_airflow_variables.py
[2023-02-01 17:51:14,121] {processor.py:651} INFO - DAG(s) dict_keys(['0_airflow_variables']) retrieved from /c/Airflow/dags/Airflow2_0_De_0_a_Heroe/0_airflow_variables.py
[2023-02-01 17:51:14,139] {logging_mixin.py:115} INFO - [2023-02-01 17:51:14,138] {dag.py:2371} INFO - Sync 1 DAGs
[2023-02-01 17:51:14,153] {logging_mixin.py:115} INFO - [2023-02-01 17:51:14,153] {dag.py:2915} INFO - Setting next_dagrun for 0_airflow_variables to 2023-02-01T12:30:00+00:00, run_after=2023-02-02T12:30:00+00:00
[2023-02-01 17:51:14,190] {processor.py:161} INFO - Processing /c/Airflow/dags/Airflow2_0_De_0_a_Heroe/0_airflow_variables.py took 0.130 seconds
[2023-02-01 17:51:45,864] {processor.py:153} INFO - Started process (PID=14026) to work on /c/Airflow/dags/Airflow2_0_De_0_a_Heroe/0_airflow_variables.py
[2023-02-01 17:51:45,864] {processor.py:641} INFO - Processing file /c/Airflow/dags/Airflow2_0_De_0_a_Heroe/0_airflow_variables.py for tasks to queue
[2023-02-01 17:51:45,865] {logging_mixin.py:115} INFO - [2023-02-01 17:51:45,865] {dagbag.py:507} INFO - Filling up the DagBag from /c/Airflow/dags/Airflow2_0_De_0_a_Heroe/0_airflow_variables.py
[2023-02-01 17:51:45,907] {processor.py:651} INFO - DAG(s) dict_keys(['0_airflow_variables']) retrieved from /c/Airflow/dags/Airflow2_0_De_0_a_Heroe/0_airflow_variables.py
[2023-02-01 17:51:45,924] {logging_mixin.py:115} INFO - [2023-02-01 17:51:45,924] {dag.py:2371} INFO - Sync 1 DAGs
[2023-02-01 17:51:45,939] {logging_mixin.py:115} INFO - [2023-02-01 17:51:45,939] {dag.py:2915} INFO - Setting next_dagrun for 0_airflow_variables to 2023-02-01T12:30:00+00:00, run_after=2023-02-02T12:30:00+00:00
[2023-02-01 17:51:45,977] {processor.py:161} INFO - Processing /c/Airflow/dags/Airflow2_0_De_0_a_Heroe/0_airflow_variables.py took 0.115 seconds
[2023-02-01 17:52:17,540] {processor.py:153} INFO - Started process (PID=14046) to work on /c/Airflow/dags/Airflow2_0_De_0_a_Heroe/0_airflow_variables.py
[2023-02-01 17:52:17,541] {processor.py:641} INFO - Processing file /c/Airflow/dags/Airflow2_0_De_0_a_Heroe/0_airflow_variables.py for tasks to queue
[2023-02-01 17:52:17,542] {logging_mixin.py:115} INFO - [2023-02-01 17:52:17,541] {dagbag.py:507} INFO - Filling up the DagBag from /c/Airflow/dags/Airflow2_0_De_0_a_Heroe/0_airflow_variables.py
[2023-02-01 17:52:17,578] {processor.py:651} INFO - DAG(s) dict_keys(['0_airflow_variables']) retrieved from /c/Airflow/dags/Airflow2_0_De_0_a_Heroe/0_airflow_variables.py
[2023-02-01 17:52:17,594] {logging_mixin.py:115} INFO - [2023-02-01 17:52:17,593] {dag.py:2371} INFO - Sync 1 DAGs
[2023-02-01 17:52:17,607] {logging_mixin.py:115} INFO - [2023-02-01 17:52:17,607] {dag.py:2915} INFO - Setting next_dagrun for 0_airflow_variables to 2023-02-01T12:30:00+00:00, run_after=2023-02-02T12:30:00+00:00
[2023-02-01 17:52:17,651] {processor.py:161} INFO - Processing /c/Airflow/dags/Airflow2_0_De_0_a_Heroe/0_airflow_variables.py took 0.113 seconds
[2023-02-01 17:52:48,855] {processor.py:153} INFO - Started process (PID=14066) to work on /c/Airflow/dags/Airflow2_0_De_0_a_Heroe/0_airflow_variables.py
[2023-02-01 17:52:48,856] {processor.py:641} INFO - Processing file /c/Airflow/dags/Airflow2_0_De_0_a_Heroe/0_airflow_variables.py for tasks to queue
[2023-02-01 17:52:48,857] {logging_mixin.py:115} INFO - [2023-02-01 17:52:48,857] {dagbag.py:507} INFO - Filling up the DagBag from /c/Airflow/dags/Airflow2_0_De_0_a_Heroe/0_airflow_variables.py
[2023-02-01 17:52:48,895] {processor.py:651} INFO - DAG(s) dict_keys(['0_airflow_variables']) retrieved from /c/Airflow/dags/Airflow2_0_De_0_a_Heroe/0_airflow_variables.py
[2023-02-01 17:52:48,912] {logging_mixin.py:115} INFO - [2023-02-01 17:52:48,912] {dag.py:2371} INFO - Sync 1 DAGs
[2023-02-01 17:52:48,925] {logging_mixin.py:115} INFO - [2023-02-01 17:52:48,925] {dag.py:2915} INFO - Setting next_dagrun for 0_airflow_variables to 2023-02-01T12:30:00+00:00, run_after=2023-02-02T12:30:00+00:00
[2023-02-01 17:52:48,975] {processor.py:161} INFO - Processing /c/Airflow/dags/Airflow2_0_De_0_a_Heroe/0_airflow_variables.py took 0.122 seconds
[2023-02-01 17:53:19,705] {processor.py:153} INFO - Started process (PID=14086) to work on /c/Airflow/dags/Airflow2_0_De_0_a_Heroe/0_airflow_variables.py
[2023-02-01 17:53:19,705] {processor.py:641} INFO - Processing file /c/Airflow/dags/Airflow2_0_De_0_a_Heroe/0_airflow_variables.py for tasks to queue
[2023-02-01 17:53:19,706] {logging_mixin.py:115} INFO - [2023-02-01 17:53:19,706] {dagbag.py:507} INFO - Filling up the DagBag from /c/Airflow/dags/Airflow2_0_De_0_a_Heroe/0_airflow_variables.py
[2023-02-01 17:53:19,744] {processor.py:651} INFO - DAG(s) dict_keys(['0_airflow_variables']) retrieved from /c/Airflow/dags/Airflow2_0_De_0_a_Heroe/0_airflow_variables.py
[2023-02-01 17:53:19,759] {logging_mixin.py:115} INFO - [2023-02-01 17:53:19,759] {dag.py:2371} INFO - Sync 1 DAGs
[2023-02-01 17:53:19,774] {logging_mixin.py:115} INFO - [2023-02-01 17:53:19,774] {dag.py:2915} INFO - Setting next_dagrun for 0_airflow_variables to 2023-02-01T12:30:00+00:00, run_after=2023-02-02T12:30:00+00:00
[2023-02-01 17:53:19,824] {processor.py:161} INFO - Processing /c/Airflow/dags/Airflow2_0_De_0_a_Heroe/0_airflow_variables.py took 0.121 seconds
[2023-02-01 17:57:38,748] {processor.py:153} INFO - Started process (PID=14199) to work on /c/Airflow/dags/Airflow2_0_De_0_a_Heroe/0_airflow_variables.py
[2023-02-01 17:57:38,749] {processor.py:641} INFO - Processing file /c/Airflow/dags/Airflow2_0_De_0_a_Heroe/0_airflow_variables.py for tasks to queue
[2023-02-01 17:57:38,749] {logging_mixin.py:115} INFO - [2023-02-01 17:57:38,749] {dagbag.py:507} INFO - Filling up the DagBag from /c/Airflow/dags/Airflow2_0_De_0_a_Heroe/0_airflow_variables.py
[2023-02-01 17:57:38,788] {processor.py:651} INFO - DAG(s) dict_keys(['0_airflow_variables']) retrieved from /c/Airflow/dags/Airflow2_0_De_0_a_Heroe/0_airflow_variables.py
[2023-02-01 17:57:38,803] {logging_mixin.py:115} INFO - [2023-02-01 17:57:38,803] {dag.py:2371} INFO - Sync 1 DAGs
[2023-02-01 17:57:38,816] {logging_mixin.py:115} INFO - [2023-02-01 17:57:38,816] {dag.py:2915} INFO - Setting next_dagrun for 0_airflow_variables to 2023-02-01T12:30:00+00:00, run_after=2023-02-02T12:30:00+00:00
[2023-02-01 17:57:38,858] {processor.py:161} INFO - Processing /c/Airflow/dags/Airflow2_0_De_0_a_Heroe/0_airflow_variables.py took 0.112 seconds
[2023-02-01 17:58:10,323] {processor.py:153} INFO - Started process (PID=14219) to work on /c/Airflow/dags/Airflow2_0_De_0_a_Heroe/0_airflow_variables.py
[2023-02-01 17:58:10,324] {processor.py:641} INFO - Processing file /c/Airflow/dags/Airflow2_0_De_0_a_Heroe/0_airflow_variables.py for tasks to queue
[2023-02-01 17:58:10,325] {logging_mixin.py:115} INFO - [2023-02-01 17:58:10,325] {dagbag.py:507} INFO - Filling up the DagBag from /c/Airflow/dags/Airflow2_0_De_0_a_Heroe/0_airflow_variables.py
[2023-02-01 17:58:10,374] {processor.py:651} INFO - DAG(s) dict_keys(['0_airflow_variables']) retrieved from /c/Airflow/dags/Airflow2_0_De_0_a_Heroe/0_airflow_variables.py
[2023-02-01 17:58:10,388] {logging_mixin.py:115} INFO - [2023-02-01 17:58:10,388] {dag.py:2371} INFO - Sync 1 DAGs
[2023-02-01 17:58:10,401] {logging_mixin.py:115} INFO - [2023-02-01 17:58:10,401] {dag.py:2915} INFO - Setting next_dagrun for 0_airflow_variables to 2023-02-01T12:30:00+00:00, run_after=2023-02-02T12:30:00+00:00
[2023-02-01 17:58:10,441] {processor.py:161} INFO - Processing /c/Airflow/dags/Airflow2_0_De_0_a_Heroe/0_airflow_variables.py took 0.120 seconds
[2023-02-01 17:58:41,901] {processor.py:153} INFO - Started process (PID=14239) to work on /c/Airflow/dags/Airflow2_0_De_0_a_Heroe/0_airflow_variables.py
[2023-02-01 17:58:41,902] {processor.py:641} INFO - Processing file /c/Airflow/dags/Airflow2_0_De_0_a_Heroe/0_airflow_variables.py for tasks to queue
[2023-02-01 17:58:41,902] {logging_mixin.py:115} INFO - [2023-02-01 17:58:41,902] {dagbag.py:507} INFO - Filling up the DagBag from /c/Airflow/dags/Airflow2_0_De_0_a_Heroe/0_airflow_variables.py
[2023-02-01 17:58:41,955] {processor.py:651} INFO - DAG(s) dict_keys(['0_airflow_variables']) retrieved from /c/Airflow/dags/Airflow2_0_De_0_a_Heroe/0_airflow_variables.py
[2023-02-01 17:58:41,974] {logging_mixin.py:115} INFO - [2023-02-01 17:58:41,974] {dag.py:2371} INFO - Sync 1 DAGs
[2023-02-01 17:58:41,989] {logging_mixin.py:115} INFO - [2023-02-01 17:58:41,989] {dag.py:2915} INFO - Setting next_dagrun for 0_airflow_variables to 2023-02-01T12:30:00+00:00, run_after=2023-02-02T12:30:00+00:00
[2023-02-01 17:58:42,025] {processor.py:161} INFO - Processing /c/Airflow/dags/Airflow2_0_De_0_a_Heroe/0_airflow_variables.py took 0.126 seconds
[2023-02-01 17:59:12,924] {processor.py:153} INFO - Started process (PID=14259) to work on /c/Airflow/dags/Airflow2_0_De_0_a_Heroe/0_airflow_variables.py
[2023-02-01 17:59:12,929] {processor.py:641} INFO - Processing file /c/Airflow/dags/Airflow2_0_De_0_a_Heroe/0_airflow_variables.py for tasks to queue
[2023-02-01 17:59:12,930] {logging_mixin.py:115} INFO - [2023-02-01 17:59:12,930] {dagbag.py:507} INFO - Filling up the DagBag from /c/Airflow/dags/Airflow2_0_De_0_a_Heroe/0_airflow_variables.py
[2023-02-01 17:59:12,977] {processor.py:651} INFO - DAG(s) dict_keys(['0_airflow_variables']) retrieved from /c/Airflow/dags/Airflow2_0_De_0_a_Heroe/0_airflow_variables.py
[2023-02-01 17:59:12,995] {logging_mixin.py:115} INFO - [2023-02-01 17:59:12,995] {dag.py:2371} INFO - Sync 1 DAGs
[2023-02-01 17:59:13,009] {logging_mixin.py:115} INFO - [2023-02-01 17:59:13,009] {dag.py:2915} INFO - Setting next_dagrun for 0_airflow_variables to 2023-02-01T12:30:00+00:00, run_after=2023-02-02T12:30:00+00:00
[2023-02-01 17:59:13,053] {processor.py:161} INFO - Processing /c/Airflow/dags/Airflow2_0_De_0_a_Heroe/0_airflow_variables.py took 0.131 seconds
[2023-02-01 17:59:44,056] {processor.py:153} INFO - Started process (PID=14279) to work on /c/Airflow/dags/Airflow2_0_De_0_a_Heroe/0_airflow_variables.py
[2023-02-01 17:59:44,057] {processor.py:641} INFO - Processing file /c/Airflow/dags/Airflow2_0_De_0_a_Heroe/0_airflow_variables.py for tasks to queue
[2023-02-01 17:59:44,058] {logging_mixin.py:115} INFO - [2023-02-01 17:59:44,058] {dagbag.py:507} INFO - Filling up the DagBag from /c/Airflow/dags/Airflow2_0_De_0_a_Heroe/0_airflow_variables.py
[2023-02-01 17:59:44,119] {processor.py:651} INFO - DAG(s) dict_keys(['0_airflow_variables']) retrieved from /c/Airflow/dags/Airflow2_0_De_0_a_Heroe/0_airflow_variables.py
[2023-02-01 17:59:44,136] {logging_mixin.py:115} INFO - [2023-02-01 17:59:44,136] {dag.py:2371} INFO - Sync 1 DAGs
[2023-02-01 17:59:44,152] {logging_mixin.py:115} INFO - [2023-02-01 17:59:44,152] {dag.py:2915} INFO - Setting next_dagrun for 0_airflow_variables to 2023-02-01T12:30:00+00:00, run_after=2023-02-02T12:30:00+00:00
[2023-02-01 17:59:44,188] {processor.py:161} INFO - Processing /c/Airflow/dags/Airflow2_0_De_0_a_Heroe/0_airflow_variables.py took 0.134 seconds
