[2023-02-01 15:56:58,450] {processor.py:153} INFO - Started process (PID=12081) to work on /c/Airflow/dags/Airflow2_0_De_0_a_Heroe/0_airflow_macro.py
[2023-02-01 15:56:58,451] {processor.py:641} INFO - Processing file /c/Airflow/dags/Airflow2_0_De_0_a_Heroe/0_airflow_macro.py for tasks to queue
[2023-02-01 15:56:58,452] {logging_mixin.py:115} INFO - [2023-02-01 15:56:58,452] {dagbag.py:507} INFO - Filling up the DagBag from /c/Airflow/dags/Airflow2_0_De_0_a_Heroe/0_airflow_macro.py
[2023-02-01 15:56:58,492] {processor.py:651} INFO - DAG(s) dict_keys(['0_airflow_macro']) retrieved from /c/Airflow/dags/Airflow2_0_De_0_a_Heroe/0_airflow_macro.py
[2023-02-01 15:56:58,546] {logging_mixin.py:115} INFO - [2023-02-01 15:56:58,546] {dag.py:2371} INFO - Sync 1 DAGs
[2023-02-01 15:56:58,563] {logging_mixin.py:115} INFO - [2023-02-01 15:56:58,563] {dag.py:2915} INFO - Setting next_dagrun for 0_airflow_macro to 2023-02-01T00:00:00+00:00, run_after=2023-02-02T00:00:00+00:00
[2023-02-01 15:56:58,615] {processor.py:161} INFO - Processing /c/Airflow/dags/Airflow2_0_De_0_a_Heroe/0_airflow_macro.py took 0.166 seconds
[2023-02-01 15:57:29,366] {processor.py:153} INFO - Started process (PID=12101) to work on /c/Airflow/dags/Airflow2_0_De_0_a_Heroe/0_airflow_macro.py
[2023-02-01 15:57:29,367] {processor.py:641} INFO - Processing file /c/Airflow/dags/Airflow2_0_De_0_a_Heroe/0_airflow_macro.py for tasks to queue
[2023-02-01 15:57:29,367] {logging_mixin.py:115} INFO - [2023-02-01 15:57:29,367] {dagbag.py:507} INFO - Filling up the DagBag from /c/Airflow/dags/Airflow2_0_De_0_a_Heroe/0_airflow_macro.py
[2023-02-01 15:57:29,400] {processor.py:651} INFO - DAG(s) dict_keys(['0_airflow_macro']) retrieved from /c/Airflow/dags/Airflow2_0_De_0_a_Heroe/0_airflow_macro.py
[2023-02-01 15:57:29,423] {logging_mixin.py:115} INFO - [2023-02-01 15:57:29,423] {dag.py:2371} INFO - Sync 1 DAGs
[2023-02-01 15:57:29,441] {logging_mixin.py:115} INFO - [2023-02-01 15:57:29,441] {dag.py:2915} INFO - Setting next_dagrun for 0_airflow_macro to 2023-02-01T00:00:00+00:00, run_after=2023-02-02T00:00:00+00:00
[2023-02-01 15:57:29,480] {processor.py:161} INFO - Processing /c/Airflow/dags/Airflow2_0_De_0_a_Heroe/0_airflow_macro.py took 0.117 seconds
[2023-02-01 15:58:00,773] {processor.py:153} INFO - Started process (PID=12121) to work on /c/Airflow/dags/Airflow2_0_De_0_a_Heroe/0_airflow_macro.py
[2023-02-01 15:58:00,774] {processor.py:641} INFO - Processing file /c/Airflow/dags/Airflow2_0_De_0_a_Heroe/0_airflow_macro.py for tasks to queue
[2023-02-01 15:58:00,775] {logging_mixin.py:115} INFO - [2023-02-01 15:58:00,775] {dagbag.py:507} INFO - Filling up the DagBag from /c/Airflow/dags/Airflow2_0_De_0_a_Heroe/0_airflow_macro.py
[2023-02-01 15:58:00,806] {processor.py:651} INFO - DAG(s) dict_keys(['0_airflow_macro']) retrieved from /c/Airflow/dags/Airflow2_0_De_0_a_Heroe/0_airflow_macro.py
[2023-02-01 15:58:00,844] {logging_mixin.py:115} INFO - [2023-02-01 15:58:00,844] {dag.py:2371} INFO - Sync 1 DAGs
[2023-02-01 15:58:00,867] {logging_mixin.py:115} INFO - [2023-02-01 15:58:00,867] {dag.py:2915} INFO - Setting next_dagrun for 0_airflow_macro to 2023-02-01T00:00:00+00:00, run_after=2023-02-02T00:00:00+00:00
[2023-02-01 15:58:00,910] {processor.py:161} INFO - Processing /c/Airflow/dags/Airflow2_0_De_0_a_Heroe/0_airflow_macro.py took 0.139 seconds
[2023-02-01 15:58:32,271] {processor.py:153} INFO - Started process (PID=12141) to work on /c/Airflow/dags/Airflow2_0_De_0_a_Heroe/0_airflow_macro.py
[2023-02-01 15:58:32,272] {processor.py:641} INFO - Processing file /c/Airflow/dags/Airflow2_0_De_0_a_Heroe/0_airflow_macro.py for tasks to queue
[2023-02-01 15:58:32,273] {logging_mixin.py:115} INFO - [2023-02-01 15:58:32,272] {dagbag.py:507} INFO - Filling up the DagBag from /c/Airflow/dags/Airflow2_0_De_0_a_Heroe/0_airflow_macro.py
[2023-02-01 15:58:32,301] {processor.py:651} INFO - DAG(s) dict_keys(['0_airflow_macro']) retrieved from /c/Airflow/dags/Airflow2_0_De_0_a_Heroe/0_airflow_macro.py
[2023-02-01 15:58:32,323] {logging_mixin.py:115} INFO - [2023-02-01 15:58:32,323] {dag.py:2371} INFO - Sync 1 DAGs
[2023-02-01 15:58:32,345] {logging_mixin.py:115} INFO - [2023-02-01 15:58:32,345] {dag.py:2915} INFO - Setting next_dagrun for 0_airflow_macro to 2023-02-01T00:00:00+00:00, run_after=2023-02-02T00:00:00+00:00
[2023-02-01 15:58:32,396] {processor.py:161} INFO - Processing /c/Airflow/dags/Airflow2_0_De_0_a_Heroe/0_airflow_macro.py took 0.127 seconds
[2023-02-01 15:59:02,561] {processor.py:153} INFO - Started process (PID=12161) to work on /c/Airflow/dags/Airflow2_0_De_0_a_Heroe/0_airflow_macro.py
[2023-02-01 15:59:02,562] {processor.py:641} INFO - Processing file /c/Airflow/dags/Airflow2_0_De_0_a_Heroe/0_airflow_macro.py for tasks to queue
[2023-02-01 15:59:02,563] {logging_mixin.py:115} INFO - [2023-02-01 15:59:02,563] {dagbag.py:507} INFO - Filling up the DagBag from /c/Airflow/dags/Airflow2_0_De_0_a_Heroe/0_airflow_macro.py
[2023-02-01 15:59:02,597] {processor.py:651} INFO - DAG(s) dict_keys(['0_airflow_macro']) retrieved from /c/Airflow/dags/Airflow2_0_De_0_a_Heroe/0_airflow_macro.py
[2023-02-01 15:59:02,620] {logging_mixin.py:115} INFO - [2023-02-01 15:59:02,620] {dag.py:2371} INFO - Sync 1 DAGs
[2023-02-01 15:59:02,641] {logging_mixin.py:115} INFO - [2023-02-01 15:59:02,641] {dag.py:2915} INFO - Setting next_dagrun for 0_airflow_macro to 2023-02-01T00:00:00+00:00, run_after=2023-02-02T00:00:00+00:00
[2023-02-01 15:59:02,694] {processor.py:161} INFO - Processing /c/Airflow/dags/Airflow2_0_De_0_a_Heroe/0_airflow_macro.py took 0.135 seconds
[2023-02-01 15:59:34,060] {processor.py:153} INFO - Started process (PID=12181) to work on /c/Airflow/dags/Airflow2_0_De_0_a_Heroe/0_airflow_macro.py
[2023-02-01 15:59:34,061] {processor.py:641} INFO - Processing file /c/Airflow/dags/Airflow2_0_De_0_a_Heroe/0_airflow_macro.py for tasks to queue
[2023-02-01 15:59:34,061] {logging_mixin.py:115} INFO - [2023-02-01 15:59:34,061] {dagbag.py:507} INFO - Filling up the DagBag from /c/Airflow/dags/Airflow2_0_De_0_a_Heroe/0_airflow_macro.py
[2023-02-01 15:59:34,091] {processor.py:651} INFO - DAG(s) dict_keys(['0_airflow_macro']) retrieved from /c/Airflow/dags/Airflow2_0_De_0_a_Heroe/0_airflow_macro.py
[2023-02-01 15:59:34,114] {logging_mixin.py:115} INFO - [2023-02-01 15:59:34,114] {dag.py:2371} INFO - Sync 1 DAGs
[2023-02-01 15:59:34,132] {logging_mixin.py:115} INFO - [2023-02-01 15:59:34,132] {dag.py:2915} INFO - Setting next_dagrun for 0_airflow_macro to 2023-02-01T00:00:00+00:00, run_after=2023-02-02T00:00:00+00:00
[2023-02-01 15:59:34,182] {processor.py:161} INFO - Processing /c/Airflow/dags/Airflow2_0_De_0_a_Heroe/0_airflow_macro.py took 0.124 seconds
[2023-02-01 16:00:05,491] {processor.py:153} INFO - Started process (PID=12201) to work on /c/Airflow/dags/Airflow2_0_De_0_a_Heroe/0_airflow_macro.py
[2023-02-01 16:00:05,491] {processor.py:641} INFO - Processing file /c/Airflow/dags/Airflow2_0_De_0_a_Heroe/0_airflow_macro.py for tasks to queue
[2023-02-01 16:00:05,492] {logging_mixin.py:115} INFO - [2023-02-01 16:00:05,492] {dagbag.py:507} INFO - Filling up the DagBag from /c/Airflow/dags/Airflow2_0_De_0_a_Heroe/0_airflow_macro.py
[2023-02-01 16:00:05,523] {processor.py:651} INFO - DAG(s) dict_keys(['0_airflow_macro']) retrieved from /c/Airflow/dags/Airflow2_0_De_0_a_Heroe/0_airflow_macro.py
[2023-02-01 16:00:05,548] {logging_mixin.py:115} INFO - [2023-02-01 16:00:05,548] {dag.py:2371} INFO - Sync 1 DAGs
[2023-02-01 16:00:05,566] {logging_mixin.py:115} INFO - [2023-02-01 16:00:05,566] {dag.py:2915} INFO - Setting next_dagrun for 0_airflow_macro to 2023-02-01T00:00:00+00:00, run_after=2023-02-02T00:00:00+00:00
[2023-02-01 16:00:05,613] {processor.py:161} INFO - Processing /c/Airflow/dags/Airflow2_0_De_0_a_Heroe/0_airflow_macro.py took 0.124 seconds
[2023-02-01 16:00:36,616] {processor.py:153} INFO - Started process (PID=12221) to work on /c/Airflow/dags/Airflow2_0_De_0_a_Heroe/0_airflow_macro.py
[2023-02-01 16:00:36,617] {processor.py:641} INFO - Processing file /c/Airflow/dags/Airflow2_0_De_0_a_Heroe/0_airflow_macro.py for tasks to queue
[2023-02-01 16:00:36,617] {logging_mixin.py:115} INFO - [2023-02-01 16:00:36,617] {dagbag.py:507} INFO - Filling up the DagBag from /c/Airflow/dags/Airflow2_0_De_0_a_Heroe/0_airflow_macro.py
[2023-02-01 16:00:36,645] {processor.py:651} INFO - DAG(s) dict_keys(['0_airflow_macro']) retrieved from /c/Airflow/dags/Airflow2_0_De_0_a_Heroe/0_airflow_macro.py
[2023-02-01 16:00:36,668] {logging_mixin.py:115} INFO - [2023-02-01 16:00:36,668] {dag.py:2371} INFO - Sync 1 DAGs
[2023-02-01 16:00:36,686] {logging_mixin.py:115} INFO - [2023-02-01 16:00:36,686] {dag.py:2915} INFO - Setting next_dagrun for 0_airflow_macro to 2023-02-01T00:00:00+00:00, run_after=2023-02-02T00:00:00+00:00
[2023-02-01 16:00:36,734] {processor.py:161} INFO - Processing /c/Airflow/dags/Airflow2_0_De_0_a_Heroe/0_airflow_macro.py took 0.120 seconds
[2023-02-01 16:01:08,218] {processor.py:153} INFO - Started process (PID=12241) to work on /c/Airflow/dags/Airflow2_0_De_0_a_Heroe/0_airflow_macro.py
[2023-02-01 16:01:08,219] {processor.py:641} INFO - Processing file /c/Airflow/dags/Airflow2_0_De_0_a_Heroe/0_airflow_macro.py for tasks to queue
[2023-02-01 16:01:08,220] {logging_mixin.py:115} INFO - [2023-02-01 16:01:08,220] {dagbag.py:507} INFO - Filling up the DagBag from /c/Airflow/dags/Airflow2_0_De_0_a_Heroe/0_airflow_macro.py
[2023-02-01 16:01:08,249] {processor.py:651} INFO - DAG(s) dict_keys(['0_airflow_macro']) retrieved from /c/Airflow/dags/Airflow2_0_De_0_a_Heroe/0_airflow_macro.py
[2023-02-01 16:01:08,270] {logging_mixin.py:115} INFO - [2023-02-01 16:01:08,270] {dag.py:2371} INFO - Sync 1 DAGs
[2023-02-01 16:01:08,288] {logging_mixin.py:115} INFO - [2023-02-01 16:01:08,288] {dag.py:2915} INFO - Setting next_dagrun for 0_airflow_macro to 2023-02-01T00:00:00+00:00, run_after=2023-02-02T00:00:00+00:00
[2023-02-01 16:01:08,334] {processor.py:161} INFO - Processing /c/Airflow/dags/Airflow2_0_De_0_a_Heroe/0_airflow_macro.py took 0.118 seconds
[2023-02-01 16:01:39,463] {processor.py:153} INFO - Started process (PID=12261) to work on /c/Airflow/dags/Airflow2_0_De_0_a_Heroe/0_airflow_macro.py
[2023-02-01 16:01:39,464] {processor.py:641} INFO - Processing file /c/Airflow/dags/Airflow2_0_De_0_a_Heroe/0_airflow_macro.py for tasks to queue
[2023-02-01 16:01:39,465] {logging_mixin.py:115} INFO - [2023-02-01 16:01:39,465] {dagbag.py:507} INFO - Filling up the DagBag from /c/Airflow/dags/Airflow2_0_De_0_a_Heroe/0_airflow_macro.py
[2023-02-01 16:01:39,494] {processor.py:651} INFO - DAG(s) dict_keys(['0_airflow_macro']) retrieved from /c/Airflow/dags/Airflow2_0_De_0_a_Heroe/0_airflow_macro.py
[2023-02-01 16:01:39,517] {logging_mixin.py:115} INFO - [2023-02-01 16:01:39,517] {dag.py:2371} INFO - Sync 1 DAGs
[2023-02-01 16:01:39,535] {logging_mixin.py:115} INFO - [2023-02-01 16:01:39,535] {dag.py:2915} INFO - Setting next_dagrun for 0_airflow_macro to 2023-02-01T00:00:00+00:00, run_after=2023-02-02T00:00:00+00:00
[2023-02-01 16:01:39,576] {processor.py:161} INFO - Processing /c/Airflow/dags/Airflow2_0_De_0_a_Heroe/0_airflow_macro.py took 0.115 seconds
[2023-02-01 16:02:10,037] {processor.py:153} INFO - Started process (PID=12281) to work on /c/Airflow/dags/Airflow2_0_De_0_a_Heroe/0_airflow_macro.py
[2023-02-01 16:02:10,038] {processor.py:641} INFO - Processing file /c/Airflow/dags/Airflow2_0_De_0_a_Heroe/0_airflow_macro.py for tasks to queue
[2023-02-01 16:02:10,039] {logging_mixin.py:115} INFO - [2023-02-01 16:02:10,038] {dagbag.py:507} INFO - Filling up the DagBag from /c/Airflow/dags/Airflow2_0_De_0_a_Heroe/0_airflow_macro.py
[2023-02-01 16:02:10,087] {processor.py:651} INFO - DAG(s) dict_keys(['0_airflow_macro']) retrieved from /c/Airflow/dags/Airflow2_0_De_0_a_Heroe/0_airflow_macro.py
[2023-02-01 16:02:10,113] {logging_mixin.py:115} INFO - [2023-02-01 16:02:10,113] {dag.py:2371} INFO - Sync 1 DAGs
[2023-02-01 16:02:10,141] {logging_mixin.py:115} INFO - [2023-02-01 16:02:10,141] {dag.py:2915} INFO - Setting next_dagrun for 0_airflow_macro to 2023-02-01T00:00:00+00:00, run_after=2023-02-02T00:00:00+00:00
[2023-02-01 16:02:10,185] {processor.py:161} INFO - Processing /c/Airflow/dags/Airflow2_0_De_0_a_Heroe/0_airflow_macro.py took 0.152 seconds
[2023-02-01 16:02:42,313] {processor.py:153} INFO - Started process (PID=12301) to work on /c/Airflow/dags/Airflow2_0_De_0_a_Heroe/0_airflow_macro.py
[2023-02-01 16:02:42,314] {processor.py:641} INFO - Processing file /c/Airflow/dags/Airflow2_0_De_0_a_Heroe/0_airflow_macro.py for tasks to queue
[2023-02-01 16:02:42,315] {logging_mixin.py:115} INFO - [2023-02-01 16:02:42,315] {dagbag.py:507} INFO - Filling up the DagBag from /c/Airflow/dags/Airflow2_0_De_0_a_Heroe/0_airflow_macro.py
[2023-02-01 16:02:42,353] {processor.py:651} INFO - DAG(s) dict_keys(['0_airflow_macro']) retrieved from /c/Airflow/dags/Airflow2_0_De_0_a_Heroe/0_airflow_macro.py
[2023-02-01 16:02:42,381] {logging_mixin.py:115} INFO - [2023-02-01 16:02:42,381] {dag.py:2371} INFO - Sync 1 DAGs
[2023-02-01 16:02:42,400] {logging_mixin.py:115} INFO - [2023-02-01 16:02:42,400] {dag.py:2915} INFO - Setting next_dagrun for 0_airflow_macro to 2023-02-01T00:00:00+00:00, run_after=2023-02-02T00:00:00+00:00
[2023-02-01 16:02:42,450] {processor.py:161} INFO - Processing /c/Airflow/dags/Airflow2_0_De_0_a_Heroe/0_airflow_macro.py took 0.138 seconds
[2023-02-01 16:03:13,395] {processor.py:153} INFO - Started process (PID=12321) to work on /c/Airflow/dags/Airflow2_0_De_0_a_Heroe/0_airflow_macro.py
[2023-02-01 16:03:13,396] {processor.py:641} INFO - Processing file /c/Airflow/dags/Airflow2_0_De_0_a_Heroe/0_airflow_macro.py for tasks to queue
[2023-02-01 16:03:13,397] {logging_mixin.py:115} INFO - [2023-02-01 16:03:13,397] {dagbag.py:507} INFO - Filling up the DagBag from /c/Airflow/dags/Airflow2_0_De_0_a_Heroe/0_airflow_macro.py
[2023-02-01 16:03:13,433] {processor.py:651} INFO - DAG(s) dict_keys(['0_airflow_macro']) retrieved from /c/Airflow/dags/Airflow2_0_De_0_a_Heroe/0_airflow_macro.py
[2023-02-01 16:03:13,456] {logging_mixin.py:115} INFO - [2023-02-01 16:03:13,456] {dag.py:2371} INFO - Sync 1 DAGs
[2023-02-01 16:03:13,480] {logging_mixin.py:115} INFO - [2023-02-01 16:03:13,480] {dag.py:2915} INFO - Setting next_dagrun for 0_airflow_macro to 2023-02-01T00:00:00+00:00, run_after=2023-02-02T00:00:00+00:00
[2023-02-01 16:03:13,523] {processor.py:161} INFO - Processing /c/Airflow/dags/Airflow2_0_De_0_a_Heroe/0_airflow_macro.py took 0.130 seconds
[2023-02-01 16:03:44,505] {processor.py:153} INFO - Started process (PID=12341) to work on /c/Airflow/dags/Airflow2_0_De_0_a_Heroe/0_airflow_macro.py
[2023-02-01 16:03:44,506] {processor.py:641} INFO - Processing file /c/Airflow/dags/Airflow2_0_De_0_a_Heroe/0_airflow_macro.py for tasks to queue
[2023-02-01 16:03:44,507] {logging_mixin.py:115} INFO - [2023-02-01 16:03:44,507] {dagbag.py:507} INFO - Filling up the DagBag from /c/Airflow/dags/Airflow2_0_De_0_a_Heroe/0_airflow_macro.py
[2023-02-01 16:03:44,549] {processor.py:651} INFO - DAG(s) dict_keys(['0_airflow_macro']) retrieved from /c/Airflow/dags/Airflow2_0_De_0_a_Heroe/0_airflow_macro.py
[2023-02-01 16:03:44,582] {logging_mixin.py:115} INFO - [2023-02-01 16:03:44,582] {dag.py:2371} INFO - Sync 1 DAGs
[2023-02-01 16:03:44,604] {logging_mixin.py:115} INFO - [2023-02-01 16:03:44,603] {dag.py:2915} INFO - Setting next_dagrun for 0_airflow_macro to 2023-02-01T00:00:00+00:00, run_after=2023-02-02T00:00:00+00:00
[2023-02-01 16:03:44,645] {processor.py:161} INFO - Processing /c/Airflow/dags/Airflow2_0_De_0_a_Heroe/0_airflow_macro.py took 0.142 seconds
[2023-02-01 16:04:15,698] {processor.py:153} INFO - Started process (PID=12361) to work on /c/Airflow/dags/Airflow2_0_De_0_a_Heroe/0_airflow_macro.py
[2023-02-01 16:04:15,699] {processor.py:641} INFO - Processing file /c/Airflow/dags/Airflow2_0_De_0_a_Heroe/0_airflow_macro.py for tasks to queue
[2023-02-01 16:04:15,700] {logging_mixin.py:115} INFO - [2023-02-01 16:04:15,700] {dagbag.py:507} INFO - Filling up the DagBag from /c/Airflow/dags/Airflow2_0_De_0_a_Heroe/0_airflow_macro.py
[2023-02-01 16:04:15,733] {processor.py:651} INFO - DAG(s) dict_keys(['0_airflow_macro']) retrieved from /c/Airflow/dags/Airflow2_0_De_0_a_Heroe/0_airflow_macro.py
[2023-02-01 16:04:15,755] {logging_mixin.py:115} INFO - [2023-02-01 16:04:15,755] {dag.py:2371} INFO - Sync 1 DAGs
[2023-02-01 16:04:15,773] {logging_mixin.py:115} INFO - [2023-02-01 16:04:15,773] {dag.py:2915} INFO - Setting next_dagrun for 0_airflow_macro to 2023-02-01T00:00:00+00:00, run_after=2023-02-02T00:00:00+00:00
[2023-02-01 16:04:15,817] {processor.py:161} INFO - Processing /c/Airflow/dags/Airflow2_0_De_0_a_Heroe/0_airflow_macro.py took 0.121 seconds
[2023-02-01 16:04:46,967] {processor.py:153} INFO - Started process (PID=12381) to work on /c/Airflow/dags/Airflow2_0_De_0_a_Heroe/0_airflow_macro.py
[2023-02-01 16:04:46,968] {processor.py:641} INFO - Processing file /c/Airflow/dags/Airflow2_0_De_0_a_Heroe/0_airflow_macro.py for tasks to queue
[2023-02-01 16:04:46,969] {logging_mixin.py:115} INFO - [2023-02-01 16:04:46,969] {dagbag.py:507} INFO - Filling up the DagBag from /c/Airflow/dags/Airflow2_0_De_0_a_Heroe/0_airflow_macro.py
[2023-02-01 16:04:47,001] {processor.py:651} INFO - DAG(s) dict_keys(['0_airflow_macro']) retrieved from /c/Airflow/dags/Airflow2_0_De_0_a_Heroe/0_airflow_macro.py
[2023-02-01 16:04:47,033] {logging_mixin.py:115} INFO - [2023-02-01 16:04:47,033] {dag.py:2371} INFO - Sync 1 DAGs
[2023-02-01 16:04:47,053] {logging_mixin.py:115} INFO - [2023-02-01 16:04:47,053] {dag.py:2915} INFO - Setting next_dagrun for 0_airflow_macro to 2023-02-01T00:00:00+00:00, run_after=2023-02-02T00:00:00+00:00
[2023-02-01 16:04:47,101] {processor.py:161} INFO - Processing /c/Airflow/dags/Airflow2_0_De_0_a_Heroe/0_airflow_macro.py took 0.135 seconds
[2023-02-01 16:05:18,404] {processor.py:153} INFO - Started process (PID=12401) to work on /c/Airflow/dags/Airflow2_0_De_0_a_Heroe/0_airflow_macro.py
[2023-02-01 16:05:18,405] {processor.py:641} INFO - Processing file /c/Airflow/dags/Airflow2_0_De_0_a_Heroe/0_airflow_macro.py for tasks to queue
[2023-02-01 16:05:18,406] {logging_mixin.py:115} INFO - [2023-02-01 16:05:18,406] {dagbag.py:507} INFO - Filling up the DagBag from /c/Airflow/dags/Airflow2_0_De_0_a_Heroe/0_airflow_macro.py
[2023-02-01 16:05:18,444] {processor.py:651} INFO - DAG(s) dict_keys(['0_airflow_macro']) retrieved from /c/Airflow/dags/Airflow2_0_De_0_a_Heroe/0_airflow_macro.py
[2023-02-01 16:05:18,479] {logging_mixin.py:115} INFO - [2023-02-01 16:05:18,479] {dag.py:2371} INFO - Sync 1 DAGs
[2023-02-01 16:05:18,504] {logging_mixin.py:115} INFO - [2023-02-01 16:05:18,504] {dag.py:2915} INFO - Setting next_dagrun for 0_airflow_macro to 2023-02-01T00:00:00+00:00, run_after=2023-02-02T00:00:00+00:00
[2023-02-01 16:05:18,564] {processor.py:161} INFO - Processing /c/Airflow/dags/Airflow2_0_De_0_a_Heroe/0_airflow_macro.py took 0.163 seconds
[2023-02-01 16:05:49,676] {processor.py:153} INFO - Started process (PID=12421) to work on /c/Airflow/dags/Airflow2_0_De_0_a_Heroe/0_airflow_macro.py
[2023-02-01 16:05:49,677] {processor.py:641} INFO - Processing file /c/Airflow/dags/Airflow2_0_De_0_a_Heroe/0_airflow_macro.py for tasks to queue
[2023-02-01 16:05:49,678] {logging_mixin.py:115} INFO - [2023-02-01 16:05:49,678] {dagbag.py:507} INFO - Filling up the DagBag from /c/Airflow/dags/Airflow2_0_De_0_a_Heroe/0_airflow_macro.py
[2023-02-01 16:05:49,710] {processor.py:651} INFO - DAG(s) dict_keys(['0_airflow_macro']) retrieved from /c/Airflow/dags/Airflow2_0_De_0_a_Heroe/0_airflow_macro.py
[2023-02-01 16:05:49,734] {logging_mixin.py:115} INFO - [2023-02-01 16:05:49,734] {dag.py:2371} INFO - Sync 1 DAGs
[2023-02-01 16:05:49,752] {logging_mixin.py:115} INFO - [2023-02-01 16:05:49,752] {dag.py:2915} INFO - Setting next_dagrun for 0_airflow_macro to 2023-02-01T00:00:00+00:00, run_after=2023-02-02T00:00:00+00:00
[2023-02-01 16:05:49,795] {processor.py:161} INFO - Processing /c/Airflow/dags/Airflow2_0_De_0_a_Heroe/0_airflow_macro.py took 0.121 seconds
[2023-02-01 16:06:20,908] {processor.py:153} INFO - Started process (PID=12441) to work on /c/Airflow/dags/Airflow2_0_De_0_a_Heroe/0_airflow_macro.py
[2023-02-01 16:06:20,909] {processor.py:641} INFO - Processing file /c/Airflow/dags/Airflow2_0_De_0_a_Heroe/0_airflow_macro.py for tasks to queue
[2023-02-01 16:06:20,910] {logging_mixin.py:115} INFO - [2023-02-01 16:06:20,909] {dagbag.py:507} INFO - Filling up the DagBag from /c/Airflow/dags/Airflow2_0_De_0_a_Heroe/0_airflow_macro.py
[2023-02-01 16:06:20,942] {processor.py:651} INFO - DAG(s) dict_keys(['0_airflow_macro']) retrieved from /c/Airflow/dags/Airflow2_0_De_0_a_Heroe/0_airflow_macro.py
[2023-02-01 16:06:20,971] {logging_mixin.py:115} INFO - [2023-02-01 16:06:20,971] {dag.py:2371} INFO - Sync 1 DAGs
[2023-02-01 16:06:20,990] {logging_mixin.py:115} INFO - [2023-02-01 16:06:20,990] {dag.py:2915} INFO - Setting next_dagrun for 0_airflow_macro to 2023-02-01T00:00:00+00:00, run_after=2023-02-02T00:00:00+00:00
[2023-02-01 16:06:21,037] {processor.py:161} INFO - Processing /c/Airflow/dags/Airflow2_0_De_0_a_Heroe/0_airflow_macro.py took 0.131 seconds
[2023-02-01 16:06:55,812] {processor.py:153} INFO - Started process (PID=12461) to work on /c/Airflow/dags/Airflow2_0_De_0_a_Heroe/0_airflow_macro.py
[2023-02-01 16:06:55,813] {processor.py:641} INFO - Processing file /c/Airflow/dags/Airflow2_0_De_0_a_Heroe/0_airflow_macro.py for tasks to queue
[2023-02-01 16:06:55,814] {logging_mixin.py:115} INFO - [2023-02-01 16:06:55,813] {dagbag.py:507} INFO - Filling up the DagBag from /c/Airflow/dags/Airflow2_0_De_0_a_Heroe/0_airflow_macro.py
[2023-02-01 16:06:55,843] {processor.py:651} INFO - DAG(s) dict_keys(['0_airflow_macro']) retrieved from /c/Airflow/dags/Airflow2_0_De_0_a_Heroe/0_airflow_macro.py
[2023-02-01 16:06:55,867] {logging_mixin.py:115} INFO - [2023-02-01 16:06:55,867] {dag.py:2371} INFO - Sync 1 DAGs
[2023-02-01 16:06:55,892] {logging_mixin.py:115} INFO - [2023-02-01 16:06:55,892] {dag.py:2915} INFO - Setting next_dagrun for 0_airflow_macro to 2023-02-01T00:00:00+00:00, run_after=2023-02-02T00:00:00+00:00
[2023-02-01 16:06:55,937] {processor.py:161} INFO - Processing /c/Airflow/dags/Airflow2_0_De_0_a_Heroe/0_airflow_macro.py took 0.127 seconds
[2023-02-01 16:07:26,170] {processor.py:153} INFO - Started process (PID=12481) to work on /c/Airflow/dags/Airflow2_0_De_0_a_Heroe/0_airflow_macro.py
[2023-02-01 16:07:26,170] {processor.py:641} INFO - Processing file /c/Airflow/dags/Airflow2_0_De_0_a_Heroe/0_airflow_macro.py for tasks to queue
[2023-02-01 16:07:26,171] {logging_mixin.py:115} INFO - [2023-02-01 16:07:26,171] {dagbag.py:507} INFO - Filling up the DagBag from /c/Airflow/dags/Airflow2_0_De_0_a_Heroe/0_airflow_macro.py
[2023-02-01 16:07:26,218] {processor.py:651} INFO - DAG(s) dict_keys(['0_airflow_macro']) retrieved from /c/Airflow/dags/Airflow2_0_De_0_a_Heroe/0_airflow_macro.py
[2023-02-01 16:07:26,249] {logging_mixin.py:115} INFO - [2023-02-01 16:07:26,249] {dag.py:2371} INFO - Sync 1 DAGs
[2023-02-01 16:07:26,280] {logging_mixin.py:115} INFO - [2023-02-01 16:07:26,280] {dag.py:2915} INFO - Setting next_dagrun for 0_airflow_macro to 2023-02-01T00:00:00+00:00, run_after=2023-02-02T00:00:00+00:00
[2023-02-01 16:07:26,330] {processor.py:161} INFO - Processing /c/Airflow/dags/Airflow2_0_De_0_a_Heroe/0_airflow_macro.py took 0.163 seconds
[2023-02-01 16:07:56,655] {processor.py:153} INFO - Started process (PID=12501) to work on /c/Airflow/dags/Airflow2_0_De_0_a_Heroe/0_airflow_macro.py
[2023-02-01 16:07:56,656] {processor.py:641} INFO - Processing file /c/Airflow/dags/Airflow2_0_De_0_a_Heroe/0_airflow_macro.py for tasks to queue
[2023-02-01 16:07:56,656] {logging_mixin.py:115} INFO - [2023-02-01 16:07:56,656] {dagbag.py:507} INFO - Filling up the DagBag from /c/Airflow/dags/Airflow2_0_De_0_a_Heroe/0_airflow_macro.py
[2023-02-01 16:07:56,685] {processor.py:651} INFO - DAG(s) dict_keys(['0_airflow_macro']) retrieved from /c/Airflow/dags/Airflow2_0_De_0_a_Heroe/0_airflow_macro.py
[2023-02-01 16:07:56,709] {logging_mixin.py:115} INFO - [2023-02-01 16:07:56,709] {dag.py:2371} INFO - Sync 1 DAGs
[2023-02-01 16:07:56,727] {logging_mixin.py:115} INFO - [2023-02-01 16:07:56,727] {dag.py:2915} INFO - Setting next_dagrun for 0_airflow_macro to 2023-02-01T00:00:00+00:00, run_after=2023-02-02T00:00:00+00:00
[2023-02-01 16:07:56,778] {processor.py:161} INFO - Processing /c/Airflow/dags/Airflow2_0_De_0_a_Heroe/0_airflow_macro.py took 0.125 seconds
[2023-02-01 16:08:27,216] {processor.py:153} INFO - Started process (PID=12521) to work on /c/Airflow/dags/Airflow2_0_De_0_a_Heroe/0_airflow_macro.py
[2023-02-01 16:08:27,217] {processor.py:641} INFO - Processing file /c/Airflow/dags/Airflow2_0_De_0_a_Heroe/0_airflow_macro.py for tasks to queue
[2023-02-01 16:08:27,217] {logging_mixin.py:115} INFO - [2023-02-01 16:08:27,217] {dagbag.py:507} INFO - Filling up the DagBag from /c/Airflow/dags/Airflow2_0_De_0_a_Heroe/0_airflow_macro.py
[2023-02-01 16:08:27,245] {processor.py:651} INFO - DAG(s) dict_keys(['0_airflow_macro']) retrieved from /c/Airflow/dags/Airflow2_0_De_0_a_Heroe/0_airflow_macro.py
[2023-02-01 16:08:27,268] {logging_mixin.py:115} INFO - [2023-02-01 16:08:27,267] {dag.py:2371} INFO - Sync 1 DAGs
[2023-02-01 16:08:27,285] {logging_mixin.py:115} INFO - [2023-02-01 16:08:27,285] {dag.py:2915} INFO - Setting next_dagrun for 0_airflow_macro to 2023-02-01T00:00:00+00:00, run_after=2023-02-02T00:00:00+00:00
[2023-02-01 16:08:27,329] {processor.py:161} INFO - Processing /c/Airflow/dags/Airflow2_0_De_0_a_Heroe/0_airflow_macro.py took 0.115 seconds
[2023-02-01 16:08:58,481] {processor.py:153} INFO - Started process (PID=12541) to work on /c/Airflow/dags/Airflow2_0_De_0_a_Heroe/0_airflow_macro.py
[2023-02-01 16:08:58,482] {processor.py:641} INFO - Processing file /c/Airflow/dags/Airflow2_0_De_0_a_Heroe/0_airflow_macro.py for tasks to queue
[2023-02-01 16:08:58,483] {logging_mixin.py:115} INFO - [2023-02-01 16:08:58,483] {dagbag.py:507} INFO - Filling up the DagBag from /c/Airflow/dags/Airflow2_0_De_0_a_Heroe/0_airflow_macro.py
[2023-02-01 16:08:58,538] {processor.py:651} INFO - DAG(s) dict_keys(['0_airflow_macro']) retrieved from /c/Airflow/dags/Airflow2_0_De_0_a_Heroe/0_airflow_macro.py
[2023-02-01 16:08:58,578] {logging_mixin.py:115} INFO - [2023-02-01 16:08:58,578] {dag.py:2371} INFO - Sync 1 DAGs
[2023-02-01 16:08:58,598] {logging_mixin.py:115} INFO - [2023-02-01 16:08:58,598] {dag.py:2915} INFO - Setting next_dagrun for 0_airflow_macro to 2023-02-01T00:00:00+00:00, run_after=2023-02-02T00:00:00+00:00
[2023-02-01 16:08:58,639] {processor.py:161} INFO - Processing /c/Airflow/dags/Airflow2_0_De_0_a_Heroe/0_airflow_macro.py took 0.161 seconds
[2023-02-01 16:09:29,939] {processor.py:153} INFO - Started process (PID=12561) to work on /c/Airflow/dags/Airflow2_0_De_0_a_Heroe/0_airflow_macro.py
[2023-02-01 16:09:29,940] {processor.py:641} INFO - Processing file /c/Airflow/dags/Airflow2_0_De_0_a_Heroe/0_airflow_macro.py for tasks to queue
[2023-02-01 16:09:29,941] {logging_mixin.py:115} INFO - [2023-02-01 16:09:29,940] {dagbag.py:507} INFO - Filling up the DagBag from /c/Airflow/dags/Airflow2_0_De_0_a_Heroe/0_airflow_macro.py
[2023-02-01 16:09:29,976] {processor.py:651} INFO - DAG(s) dict_keys(['0_airflow_macro']) retrieved from /c/Airflow/dags/Airflow2_0_De_0_a_Heroe/0_airflow_macro.py
[2023-02-01 16:09:30,021] {logging_mixin.py:115} INFO - [2023-02-01 16:09:30,021] {dag.py:2371} INFO - Sync 1 DAGs
[2023-02-01 16:09:30,042] {logging_mixin.py:115} INFO - [2023-02-01 16:09:30,042] {dag.py:2915} INFO - Setting next_dagrun for 0_airflow_macro to 2023-02-01T00:00:00+00:00, run_after=2023-02-02T00:00:00+00:00
[2023-02-01 16:09:30,096] {processor.py:161} INFO - Processing /c/Airflow/dags/Airflow2_0_De_0_a_Heroe/0_airflow_macro.py took 0.159 seconds
[2023-02-01 16:10:01,648] {processor.py:153} INFO - Started process (PID=12581) to work on /c/Airflow/dags/Airflow2_0_De_0_a_Heroe/0_airflow_macro.py
[2023-02-01 16:10:01,649] {processor.py:641} INFO - Processing file /c/Airflow/dags/Airflow2_0_De_0_a_Heroe/0_airflow_macro.py for tasks to queue
[2023-02-01 16:10:01,649] {logging_mixin.py:115} INFO - [2023-02-01 16:10:01,649] {dagbag.py:507} INFO - Filling up the DagBag from /c/Airflow/dags/Airflow2_0_De_0_a_Heroe/0_airflow_macro.py
[2023-02-01 16:10:01,677] {processor.py:651} INFO - DAG(s) dict_keys(['0_airflow_macro']) retrieved from /c/Airflow/dags/Airflow2_0_De_0_a_Heroe/0_airflow_macro.py
[2023-02-01 16:10:01,699] {logging_mixin.py:115} INFO - [2023-02-01 16:10:01,699] {dag.py:2371} INFO - Sync 1 DAGs
[2023-02-01 16:10:01,716] {logging_mixin.py:115} INFO - [2023-02-01 16:10:01,716] {dag.py:2915} INFO - Setting next_dagrun for 0_airflow_macro to 2023-02-01T00:00:00+00:00, run_after=2023-02-02T00:00:00+00:00
[2023-02-01 16:10:01,760] {processor.py:161} INFO - Processing /c/Airflow/dags/Airflow2_0_De_0_a_Heroe/0_airflow_macro.py took 0.115 seconds
[2023-02-01 16:10:32,715] {processor.py:153} INFO - Started process (PID=12601) to work on /c/Airflow/dags/Airflow2_0_De_0_a_Heroe/0_airflow_macro.py
[2023-02-01 16:10:32,716] {processor.py:641} INFO - Processing file /c/Airflow/dags/Airflow2_0_De_0_a_Heroe/0_airflow_macro.py for tasks to queue
[2023-02-01 16:10:32,717] {logging_mixin.py:115} INFO - [2023-02-01 16:10:32,717] {dagbag.py:507} INFO - Filling up the DagBag from /c/Airflow/dags/Airflow2_0_De_0_a_Heroe/0_airflow_macro.py
[2023-02-01 16:10:32,745] {processor.py:651} INFO - DAG(s) dict_keys(['0_airflow_macro']) retrieved from /c/Airflow/dags/Airflow2_0_De_0_a_Heroe/0_airflow_macro.py
[2023-02-01 16:10:32,767] {logging_mixin.py:115} INFO - [2023-02-01 16:10:32,767] {dag.py:2371} INFO - Sync 1 DAGs
[2023-02-01 16:10:32,784] {logging_mixin.py:115} INFO - [2023-02-01 16:10:32,784] {dag.py:2915} INFO - Setting next_dagrun for 0_airflow_macro to 2023-02-01T00:00:00+00:00, run_after=2023-02-02T00:00:00+00:00
[2023-02-01 16:10:32,827] {processor.py:161} INFO - Processing /c/Airflow/dags/Airflow2_0_De_0_a_Heroe/0_airflow_macro.py took 0.114 seconds
[2023-02-01 16:11:03,184] {processor.py:153} INFO - Started process (PID=12667) to work on /c/Airflow/dags/Airflow2_0_De_0_a_Heroe/0_airflow_macro.py
[2023-02-01 16:11:03,185] {processor.py:641} INFO - Processing file /c/Airflow/dags/Airflow2_0_De_0_a_Heroe/0_airflow_macro.py for tasks to queue
[2023-02-01 16:11:03,186] {logging_mixin.py:115} INFO - [2023-02-01 16:11:03,186] {dagbag.py:507} INFO - Filling up the DagBag from /c/Airflow/dags/Airflow2_0_De_0_a_Heroe/0_airflow_macro.py
[2023-02-01 16:11:03,214] {processor.py:651} INFO - DAG(s) dict_keys(['0_airflow_macro']) retrieved from /c/Airflow/dags/Airflow2_0_De_0_a_Heroe/0_airflow_macro.py
[2023-02-01 16:11:03,249] {logging_mixin.py:115} INFO - [2023-02-01 16:11:03,249] {dag.py:2371} INFO - Sync 1 DAGs
[2023-02-01 16:11:03,280] {logging_mixin.py:115} INFO - [2023-02-01 16:11:03,280] {dag.py:2915} INFO - Setting next_dagrun for 0_airflow_macro to 2023-02-01T00:00:00+00:00, run_after=2023-02-02T00:00:00+00:00
[2023-02-01 16:11:03,353] {processor.py:161} INFO - Processing /c/Airflow/dags/Airflow2_0_De_0_a_Heroe/0_airflow_macro.py took 0.170 seconds
[2023-02-01 16:11:34,193] {processor.py:153} INFO - Started process (PID=12687) to work on /c/Airflow/dags/Airflow2_0_De_0_a_Heroe/0_airflow_macro.py
[2023-02-01 16:11:34,193] {processor.py:641} INFO - Processing file /c/Airflow/dags/Airflow2_0_De_0_a_Heroe/0_airflow_macro.py for tasks to queue
[2023-02-01 16:11:34,194] {logging_mixin.py:115} INFO - [2023-02-01 16:11:34,194] {dagbag.py:507} INFO - Filling up the DagBag from /c/Airflow/dags/Airflow2_0_De_0_a_Heroe/0_airflow_macro.py
[2023-02-01 16:11:34,223] {processor.py:651} INFO - DAG(s) dict_keys(['0_airflow_macro']) retrieved from /c/Airflow/dags/Airflow2_0_De_0_a_Heroe/0_airflow_macro.py
[2023-02-01 16:11:34,245] {logging_mixin.py:115} INFO - [2023-02-01 16:11:34,245] {dag.py:2371} INFO - Sync 1 DAGs
[2023-02-01 16:11:34,263] {logging_mixin.py:115} INFO - [2023-02-01 16:11:34,263] {dag.py:2915} INFO - Setting next_dagrun for 0_airflow_macro to 2023-02-01T00:00:00+00:00, run_after=2023-02-02T00:00:00+00:00
[2023-02-01 16:11:34,311] {processor.py:161} INFO - Processing /c/Airflow/dags/Airflow2_0_De_0_a_Heroe/0_airflow_macro.py took 0.121 seconds
[2023-02-01 16:12:04,667] {processor.py:153} INFO - Started process (PID=12707) to work on /c/Airflow/dags/Airflow2_0_De_0_a_Heroe/0_airflow_macro.py
[2023-02-01 16:12:04,668] {processor.py:641} INFO - Processing file /c/Airflow/dags/Airflow2_0_De_0_a_Heroe/0_airflow_macro.py for tasks to queue
[2023-02-01 16:12:04,669] {logging_mixin.py:115} INFO - [2023-02-01 16:12:04,669] {dagbag.py:507} INFO - Filling up the DagBag from /c/Airflow/dags/Airflow2_0_De_0_a_Heroe/0_airflow_macro.py
[2023-02-01 16:12:04,699] {processor.py:651} INFO - DAG(s) dict_keys(['0_airflow_macro']) retrieved from /c/Airflow/dags/Airflow2_0_De_0_a_Heroe/0_airflow_macro.py
[2023-02-01 16:12:04,723] {logging_mixin.py:115} INFO - [2023-02-01 16:12:04,722] {dag.py:2371} INFO - Sync 1 DAGs
[2023-02-01 16:12:04,741] {logging_mixin.py:115} INFO - [2023-02-01 16:12:04,740] {dag.py:2915} INFO - Setting next_dagrun for 0_airflow_macro to 2023-02-01T00:00:00+00:00, run_after=2023-02-02T00:00:00+00:00
[2023-02-01 16:12:04,791] {processor.py:161} INFO - Processing /c/Airflow/dags/Airflow2_0_De_0_a_Heroe/0_airflow_macro.py took 0.126 seconds
[2023-02-01 16:12:38,960] {processor.py:153} INFO - Started process (PID=12750) to work on /c/Airflow/dags/Airflow2_0_De_0_a_Heroe/0_airflow_macro.py
[2023-02-01 16:12:38,961] {processor.py:641} INFO - Processing file /c/Airflow/dags/Airflow2_0_De_0_a_Heroe/0_airflow_macro.py for tasks to queue
[2023-02-01 16:12:38,962] {logging_mixin.py:115} INFO - [2023-02-01 16:12:38,962] {dagbag.py:507} INFO - Filling up the DagBag from /c/Airflow/dags/Airflow2_0_De_0_a_Heroe/0_airflow_macro.py
[2023-02-01 16:12:39,027] {processor.py:651} INFO - DAG(s) dict_keys(['0_airflow_macro']) retrieved from /c/Airflow/dags/Airflow2_0_De_0_a_Heroe/0_airflow_macro.py
[2023-02-01 16:12:39,078] {logging_mixin.py:115} INFO - [2023-02-01 16:12:39,078] {dag.py:2371} INFO - Sync 1 DAGs
[2023-02-01 16:12:39,103] {logging_mixin.py:115} INFO - [2023-02-01 16:12:39,103] {dag.py:2915} INFO - Setting next_dagrun for 0_airflow_macro to 2023-02-01T00:00:00+00:00, run_after=2023-02-02T00:00:00+00:00
[2023-02-01 16:12:39,158] {processor.py:161} INFO - Processing /c/Airflow/dags/Airflow2_0_De_0_a_Heroe/0_airflow_macro.py took 0.202 seconds
[2023-02-01 16:13:09,509] {processor.py:153} INFO - Started process (PID=12793) to work on /c/Airflow/dags/Airflow2_0_De_0_a_Heroe/0_airflow_macro.py
[2023-02-01 16:13:09,509] {processor.py:641} INFO - Processing file /c/Airflow/dags/Airflow2_0_De_0_a_Heroe/0_airflow_macro.py for tasks to queue
[2023-02-01 16:13:09,510] {logging_mixin.py:115} INFO - [2023-02-01 16:13:09,510] {dagbag.py:507} INFO - Filling up the DagBag from /c/Airflow/dags/Airflow2_0_De_0_a_Heroe/0_airflow_macro.py
[2023-02-01 16:13:09,542] {processor.py:651} INFO - DAG(s) dict_keys(['0_airflow_macro']) retrieved from /c/Airflow/dags/Airflow2_0_De_0_a_Heroe/0_airflow_macro.py
[2023-02-01 16:13:09,566] {logging_mixin.py:115} INFO - [2023-02-01 16:13:09,566] {dag.py:2371} INFO - Sync 1 DAGs
[2023-02-01 16:13:09,594] {logging_mixin.py:115} INFO - [2023-02-01 16:13:09,594] {dag.py:2915} INFO - Setting next_dagrun for 0_airflow_macro to 2023-02-01T00:00:00+00:00, run_after=2023-02-02T00:00:00+00:00
[2023-02-01 16:13:09,649] {processor.py:161} INFO - Processing /c/Airflow/dags/Airflow2_0_De_0_a_Heroe/0_airflow_macro.py took 0.143 seconds
[2023-02-01 16:13:40,576] {processor.py:153} INFO - Started process (PID=12813) to work on /c/Airflow/dags/Airflow2_0_De_0_a_Heroe/0_airflow_macro.py
[2023-02-01 16:13:40,577] {processor.py:641} INFO - Processing file /c/Airflow/dags/Airflow2_0_De_0_a_Heroe/0_airflow_macro.py for tasks to queue
[2023-02-01 16:13:40,577] {logging_mixin.py:115} INFO - [2023-02-01 16:13:40,577] {dagbag.py:507} INFO - Filling up the DagBag from /c/Airflow/dags/Airflow2_0_De_0_a_Heroe/0_airflow_macro.py
[2023-02-01 16:13:40,607] {processor.py:651} INFO - DAG(s) dict_keys(['0_airflow_macro']) retrieved from /c/Airflow/dags/Airflow2_0_De_0_a_Heroe/0_airflow_macro.py
[2023-02-01 16:13:40,631] {logging_mixin.py:115} INFO - [2023-02-01 16:13:40,631] {dag.py:2371} INFO - Sync 1 DAGs
[2023-02-01 16:13:40,650] {logging_mixin.py:115} INFO - [2023-02-01 16:13:40,650] {dag.py:2915} INFO - Setting next_dagrun for 0_airflow_macro to 2023-02-01T00:00:00+00:00, run_after=2023-02-02T00:00:00+00:00
[2023-02-01 16:13:40,697] {processor.py:161} INFO - Processing /c/Airflow/dags/Airflow2_0_De_0_a_Heroe/0_airflow_macro.py took 0.123 seconds
[2023-02-01 16:14:11,210] {processor.py:153} INFO - Started process (PID=12833) to work on /c/Airflow/dags/Airflow2_0_De_0_a_Heroe/0_airflow_macro.py
[2023-02-01 16:14:11,211] {processor.py:641} INFO - Processing file /c/Airflow/dags/Airflow2_0_De_0_a_Heroe/0_airflow_macro.py for tasks to queue
[2023-02-01 16:14:11,212] {logging_mixin.py:115} INFO - [2023-02-01 16:14:11,211] {dagbag.py:507} INFO - Filling up the DagBag from /c/Airflow/dags/Airflow2_0_De_0_a_Heroe/0_airflow_macro.py
[2023-02-01 16:14:11,246] {processor.py:651} INFO - DAG(s) dict_keys(['0_airflow_macro']) retrieved from /c/Airflow/dags/Airflow2_0_De_0_a_Heroe/0_airflow_macro.py
[2023-02-01 16:14:11,269] {logging_mixin.py:115} INFO - [2023-02-01 16:14:11,269] {dag.py:2371} INFO - Sync 1 DAGs
[2023-02-01 16:14:11,288] {logging_mixin.py:115} INFO - [2023-02-01 16:14:11,288] {dag.py:2915} INFO - Setting next_dagrun for 0_airflow_macro to 2023-02-01T00:00:00+00:00, run_after=2023-02-02T00:00:00+00:00
[2023-02-01 16:14:11,339] {processor.py:161} INFO - Processing /c/Airflow/dags/Airflow2_0_De_0_a_Heroe/0_airflow_macro.py took 0.132 seconds
[2023-02-01 16:14:42,060] {processor.py:153} INFO - Started process (PID=12853) to work on /c/Airflow/dags/Airflow2_0_De_0_a_Heroe/0_airflow_macro.py
[2023-02-01 16:14:42,060] {processor.py:641} INFO - Processing file /c/Airflow/dags/Airflow2_0_De_0_a_Heroe/0_airflow_macro.py for tasks to queue
[2023-02-01 16:14:42,061] {logging_mixin.py:115} INFO - [2023-02-01 16:14:42,061] {dagbag.py:507} INFO - Filling up the DagBag from /c/Airflow/dags/Airflow2_0_De_0_a_Heroe/0_airflow_macro.py
[2023-02-01 16:14:42,103] {processor.py:651} INFO - DAG(s) dict_keys(['0_airflow_macro']) retrieved from /c/Airflow/dags/Airflow2_0_De_0_a_Heroe/0_airflow_macro.py
[2023-02-01 16:14:42,134] {logging_mixin.py:115} INFO - [2023-02-01 16:14:42,134] {dag.py:2371} INFO - Sync 1 DAGs
[2023-02-01 16:14:42,155] {logging_mixin.py:115} INFO - [2023-02-01 16:14:42,155] {dag.py:2915} INFO - Setting next_dagrun for 0_airflow_macro to 2023-02-01T00:00:00+00:00, run_after=2023-02-02T00:00:00+00:00
[2023-02-01 16:14:42,200] {processor.py:161} INFO - Processing /c/Airflow/dags/Airflow2_0_De_0_a_Heroe/0_airflow_macro.py took 0.142 seconds
[2023-02-01 16:15:13,441] {processor.py:153} INFO - Started process (PID=12873) to work on /c/Airflow/dags/Airflow2_0_De_0_a_Heroe/0_airflow_macro.py
[2023-02-01 16:15:13,443] {processor.py:641} INFO - Processing file /c/Airflow/dags/Airflow2_0_De_0_a_Heroe/0_airflow_macro.py for tasks to queue
[2023-02-01 16:15:13,443] {logging_mixin.py:115} INFO - [2023-02-01 16:15:13,443] {dagbag.py:507} INFO - Filling up the DagBag from /c/Airflow/dags/Airflow2_0_De_0_a_Heroe/0_airflow_macro.py
[2023-02-01 16:15:13,472] {processor.py:651} INFO - DAG(s) dict_keys(['0_airflow_macro']) retrieved from /c/Airflow/dags/Airflow2_0_De_0_a_Heroe/0_airflow_macro.py
[2023-02-01 16:15:13,499] {logging_mixin.py:115} INFO - [2023-02-01 16:15:13,499] {dag.py:2371} INFO - Sync 1 DAGs
[2023-02-01 16:15:13,519] {logging_mixin.py:115} INFO - [2023-02-01 16:15:13,519] {dag.py:2915} INFO - Setting next_dagrun for 0_airflow_macro to 2023-02-01T00:00:00+00:00, run_after=2023-02-02T00:00:00+00:00
[2023-02-01 16:15:13,563] {processor.py:161} INFO - Processing /c/Airflow/dags/Airflow2_0_De_0_a_Heroe/0_airflow_macro.py took 0.124 seconds
[2023-02-01 16:15:44,733] {processor.py:153} INFO - Started process (PID=12893) to work on /c/Airflow/dags/Airflow2_0_De_0_a_Heroe/0_airflow_macro.py
[2023-02-01 16:15:44,734] {processor.py:641} INFO - Processing file /c/Airflow/dags/Airflow2_0_De_0_a_Heroe/0_airflow_macro.py for tasks to queue
[2023-02-01 16:15:44,735] {logging_mixin.py:115} INFO - [2023-02-01 16:15:44,735] {dagbag.py:507} INFO - Filling up the DagBag from /c/Airflow/dags/Airflow2_0_De_0_a_Heroe/0_airflow_macro.py
[2023-02-01 16:15:44,772] {processor.py:651} INFO - DAG(s) dict_keys(['0_airflow_macro']) retrieved from /c/Airflow/dags/Airflow2_0_De_0_a_Heroe/0_airflow_macro.py
[2023-02-01 16:15:44,826] {logging_mixin.py:115} INFO - [2023-02-01 16:15:44,826] {dag.py:2371} INFO - Sync 1 DAGs
[2023-02-01 16:15:44,857] {logging_mixin.py:115} INFO - [2023-02-01 16:15:44,857] {dag.py:2915} INFO - Setting next_dagrun for 0_airflow_macro to 2023-02-01T00:00:00+00:00, run_after=2023-02-02T00:00:00+00:00
[2023-02-01 16:15:44,931] {processor.py:161} INFO - Processing /c/Airflow/dags/Airflow2_0_De_0_a_Heroe/0_airflow_macro.py took 0.201 seconds
[2023-02-01 16:16:15,405] {processor.py:153} INFO - Started process (PID=12913) to work on /c/Airflow/dags/Airflow2_0_De_0_a_Heroe/0_airflow_macro.py
[2023-02-01 16:16:15,406] {processor.py:641} INFO - Processing file /c/Airflow/dags/Airflow2_0_De_0_a_Heroe/0_airflow_macro.py for tasks to queue
[2023-02-01 16:16:15,406] {logging_mixin.py:115} INFO - [2023-02-01 16:16:15,406] {dagbag.py:507} INFO - Filling up the DagBag from /c/Airflow/dags/Airflow2_0_De_0_a_Heroe/0_airflow_macro.py
[2023-02-01 16:16:15,433] {processor.py:651} INFO - DAG(s) dict_keys(['0_airflow_macro']) retrieved from /c/Airflow/dags/Airflow2_0_De_0_a_Heroe/0_airflow_macro.py
[2023-02-01 16:16:15,457] {logging_mixin.py:115} INFO - [2023-02-01 16:16:15,457] {dag.py:2371} INFO - Sync 1 DAGs
[2023-02-01 16:16:15,475] {logging_mixin.py:115} INFO - [2023-02-01 16:16:15,475] {dag.py:2915} INFO - Setting next_dagrun for 0_airflow_macro to 2023-02-01T00:00:00+00:00, run_after=2023-02-02T00:00:00+00:00
[2023-02-01 16:16:15,522] {processor.py:161} INFO - Processing /c/Airflow/dags/Airflow2_0_De_0_a_Heroe/0_airflow_macro.py took 0.119 seconds
[2023-02-01 16:16:46,649] {processor.py:153} INFO - Started process (PID=12933) to work on /c/Airflow/dags/Airflow2_0_De_0_a_Heroe/0_airflow_macro.py
[2023-02-01 16:16:46,650] {processor.py:641} INFO - Processing file /c/Airflow/dags/Airflow2_0_De_0_a_Heroe/0_airflow_macro.py for tasks to queue
[2023-02-01 16:16:46,651] {logging_mixin.py:115} INFO - [2023-02-01 16:16:46,651] {dagbag.py:507} INFO - Filling up the DagBag from /c/Airflow/dags/Airflow2_0_De_0_a_Heroe/0_airflow_macro.py
[2023-02-01 16:16:46,678] {processor.py:651} INFO - DAG(s) dict_keys(['0_airflow_macro']) retrieved from /c/Airflow/dags/Airflow2_0_De_0_a_Heroe/0_airflow_macro.py
[2023-02-01 16:16:46,700] {logging_mixin.py:115} INFO - [2023-02-01 16:16:46,700] {dag.py:2371} INFO - Sync 1 DAGs
[2023-02-01 16:16:46,718] {logging_mixin.py:115} INFO - [2023-02-01 16:16:46,717] {dag.py:2915} INFO - Setting next_dagrun for 0_airflow_macro to 2023-02-01T00:00:00+00:00, run_after=2023-02-02T00:00:00+00:00
[2023-02-01 16:16:46,767] {processor.py:161} INFO - Processing /c/Airflow/dags/Airflow2_0_De_0_a_Heroe/0_airflow_macro.py took 0.120 seconds
[2023-02-01 16:17:18,326] {processor.py:153} INFO - Started process (PID=12953) to work on /c/Airflow/dags/Airflow2_0_De_0_a_Heroe/0_airflow_macro.py
[2023-02-01 16:17:18,327] {processor.py:641} INFO - Processing file /c/Airflow/dags/Airflow2_0_De_0_a_Heroe/0_airflow_macro.py for tasks to queue
[2023-02-01 16:17:18,328] {logging_mixin.py:115} INFO - [2023-02-01 16:17:18,327] {dagbag.py:507} INFO - Filling up the DagBag from /c/Airflow/dags/Airflow2_0_De_0_a_Heroe/0_airflow_macro.py
[2023-02-01 16:17:18,358] {processor.py:651} INFO - DAG(s) dict_keys(['0_airflow_macro']) retrieved from /c/Airflow/dags/Airflow2_0_De_0_a_Heroe/0_airflow_macro.py
[2023-02-01 16:17:18,385] {logging_mixin.py:115} INFO - [2023-02-01 16:17:18,385] {dag.py:2371} INFO - Sync 1 DAGs
[2023-02-01 16:17:18,406] {logging_mixin.py:115} INFO - [2023-02-01 16:17:18,406] {dag.py:2915} INFO - Setting next_dagrun for 0_airflow_macro to 2023-02-01T00:00:00+00:00, run_after=2023-02-02T00:00:00+00:00
[2023-02-01 16:17:18,458] {processor.py:161} INFO - Processing /c/Airflow/dags/Airflow2_0_De_0_a_Heroe/0_airflow_macro.py took 0.134 seconds
[2023-02-01 16:17:49,326] {processor.py:153} INFO - Started process (PID=12973) to work on /c/Airflow/dags/Airflow2_0_De_0_a_Heroe/0_airflow_macro.py
[2023-02-01 16:17:49,327] {processor.py:641} INFO - Processing file /c/Airflow/dags/Airflow2_0_De_0_a_Heroe/0_airflow_macro.py for tasks to queue
[2023-02-01 16:17:49,328] {logging_mixin.py:115} INFO - [2023-02-01 16:17:49,328] {dagbag.py:507} INFO - Filling up the DagBag from /c/Airflow/dags/Airflow2_0_De_0_a_Heroe/0_airflow_macro.py
[2023-02-01 16:17:49,363] {processor.py:651} INFO - DAG(s) dict_keys(['0_airflow_macro']) retrieved from /c/Airflow/dags/Airflow2_0_De_0_a_Heroe/0_airflow_macro.py
[2023-02-01 16:17:49,385] {logging_mixin.py:115} INFO - [2023-02-01 16:17:49,385] {dag.py:2371} INFO - Sync 1 DAGs
[2023-02-01 16:17:49,403] {logging_mixin.py:115} INFO - [2023-02-01 16:17:49,402] {dag.py:2915} INFO - Setting next_dagrun for 0_airflow_macro to 2023-02-01T00:00:00+00:00, run_after=2023-02-02T00:00:00+00:00
[2023-02-01 16:17:49,455] {processor.py:161} INFO - Processing /c/Airflow/dags/Airflow2_0_De_0_a_Heroe/0_airflow_macro.py took 0.131 seconds
[2023-02-01 16:18:20,985] {processor.py:153} INFO - Started process (PID=12993) to work on /c/Airflow/dags/Airflow2_0_De_0_a_Heroe/0_airflow_macro.py
[2023-02-01 16:18:20,986] {processor.py:641} INFO - Processing file /c/Airflow/dags/Airflow2_0_De_0_a_Heroe/0_airflow_macro.py for tasks to queue
[2023-02-01 16:18:20,986] {logging_mixin.py:115} INFO - [2023-02-01 16:18:20,986] {dagbag.py:507} INFO - Filling up the DagBag from /c/Airflow/dags/Airflow2_0_De_0_a_Heroe/0_airflow_macro.py
[2023-02-01 16:18:21,020] {processor.py:651} INFO - DAG(s) dict_keys(['0_airflow_macro']) retrieved from /c/Airflow/dags/Airflow2_0_De_0_a_Heroe/0_airflow_macro.py
[2023-02-01 16:18:21,056] {logging_mixin.py:115} INFO - [2023-02-01 16:18:21,056] {dag.py:2371} INFO - Sync 1 DAGs
[2023-02-01 16:18:21,077] {logging_mixin.py:115} INFO - [2023-02-01 16:18:21,077] {dag.py:2915} INFO - Setting next_dagrun for 0_airflow_macro to 2023-02-01T00:00:00+00:00, run_after=2023-02-02T00:00:00+00:00
[2023-02-01 16:18:21,125] {processor.py:161} INFO - Processing /c/Airflow/dags/Airflow2_0_De_0_a_Heroe/0_airflow_macro.py took 0.142 seconds
[2023-02-01 16:18:52,404] {processor.py:153} INFO - Started process (PID=13059) to work on /c/Airflow/dags/Airflow2_0_De_0_a_Heroe/0_airflow_macro.py
[2023-02-01 16:18:52,404] {processor.py:641} INFO - Processing file /c/Airflow/dags/Airflow2_0_De_0_a_Heroe/0_airflow_macro.py for tasks to queue
[2023-02-01 16:18:52,405] {logging_mixin.py:115} INFO - [2023-02-01 16:18:52,405] {dagbag.py:507} INFO - Filling up the DagBag from /c/Airflow/dags/Airflow2_0_De_0_a_Heroe/0_airflow_macro.py
[2023-02-01 16:18:52,455] {processor.py:651} INFO - DAG(s) dict_keys(['0_airflow_macro']) retrieved from /c/Airflow/dags/Airflow2_0_De_0_a_Heroe/0_airflow_macro.py
[2023-02-01 16:18:52,488] {logging_mixin.py:115} INFO - [2023-02-01 16:18:52,488] {dag.py:2371} INFO - Sync 1 DAGs
[2023-02-01 16:18:52,512] {logging_mixin.py:115} INFO - [2023-02-01 16:18:52,512] {dag.py:2915} INFO - Setting next_dagrun for 0_airflow_macro to 2023-02-01T00:00:00+00:00, run_after=2023-02-02T00:00:00+00:00
[2023-02-01 16:18:52,557] {processor.py:161} INFO - Processing /c/Airflow/dags/Airflow2_0_De_0_a_Heroe/0_airflow_macro.py took 0.155 seconds
[2023-02-01 16:19:23,610] {processor.py:153} INFO - Started process (PID=13079) to work on /c/Airflow/dags/Airflow2_0_De_0_a_Heroe/0_airflow_macro.py
[2023-02-01 16:19:23,610] {processor.py:641} INFO - Processing file /c/Airflow/dags/Airflow2_0_De_0_a_Heroe/0_airflow_macro.py for tasks to queue
[2023-02-01 16:19:23,611] {logging_mixin.py:115} INFO - [2023-02-01 16:19:23,611] {dagbag.py:507} INFO - Filling up the DagBag from /c/Airflow/dags/Airflow2_0_De_0_a_Heroe/0_airflow_macro.py
[2023-02-01 16:19:23,638] {processor.py:651} INFO - DAG(s) dict_keys(['0_airflow_macro']) retrieved from /c/Airflow/dags/Airflow2_0_De_0_a_Heroe/0_airflow_macro.py
[2023-02-01 16:19:23,661] {logging_mixin.py:115} INFO - [2023-02-01 16:19:23,661] {dag.py:2371} INFO - Sync 1 DAGs
[2023-02-01 16:19:23,678] {logging_mixin.py:115} INFO - [2023-02-01 16:19:23,678] {dag.py:2915} INFO - Setting next_dagrun for 0_airflow_macro to 2023-02-01T00:00:00+00:00, run_after=2023-02-02T00:00:00+00:00
[2023-02-01 16:19:23,718] {processor.py:161} INFO - Processing /c/Airflow/dags/Airflow2_0_De_0_a_Heroe/0_airflow_macro.py took 0.110 seconds
[2023-02-01 16:19:54,734] {processor.py:153} INFO - Started process (PID=13099) to work on /c/Airflow/dags/Airflow2_0_De_0_a_Heroe/0_airflow_macro.py
[2023-02-01 16:19:54,735] {processor.py:641} INFO - Processing file /c/Airflow/dags/Airflow2_0_De_0_a_Heroe/0_airflow_macro.py for tasks to queue
[2023-02-01 16:19:54,737] {logging_mixin.py:115} INFO - [2023-02-01 16:19:54,737] {dagbag.py:507} INFO - Filling up the DagBag from /c/Airflow/dags/Airflow2_0_De_0_a_Heroe/0_airflow_macro.py
[2023-02-01 16:19:54,821] {processor.py:651} INFO - DAG(s) dict_keys(['0_airflow_macro']) retrieved from /c/Airflow/dags/Airflow2_0_De_0_a_Heroe/0_airflow_macro.py
[2023-02-01 16:19:54,894] {logging_mixin.py:115} INFO - [2023-02-01 16:19:54,894] {dag.py:2371} INFO - Sync 1 DAGs
[2023-02-01 16:19:54,956] {logging_mixin.py:115} INFO - [2023-02-01 16:19:54,956] {dag.py:2915} INFO - Setting next_dagrun for 0_airflow_macro to 2023-02-01T00:00:00+00:00, run_after=2023-02-02T00:00:00+00:00
[2023-02-01 16:19:55,038] {processor.py:161} INFO - Processing /c/Airflow/dags/Airflow2_0_De_0_a_Heroe/0_airflow_macro.py took 0.307 seconds
[2023-02-01 16:20:25,619] {processor.py:153} INFO - Started process (PID=13119) to work on /c/Airflow/dags/Airflow2_0_De_0_a_Heroe/0_airflow_macro.py
[2023-02-01 16:20:25,620] {processor.py:641} INFO - Processing file /c/Airflow/dags/Airflow2_0_De_0_a_Heroe/0_airflow_macro.py for tasks to queue
[2023-02-01 16:20:25,620] {logging_mixin.py:115} INFO - [2023-02-01 16:20:25,620] {dagbag.py:507} INFO - Filling up the DagBag from /c/Airflow/dags/Airflow2_0_De_0_a_Heroe/0_airflow_macro.py
[2023-02-01 16:20:25,650] {processor.py:651} INFO - DAG(s) dict_keys(['0_airflow_macro']) retrieved from /c/Airflow/dags/Airflow2_0_De_0_a_Heroe/0_airflow_macro.py
[2023-02-01 16:20:25,672] {logging_mixin.py:115} INFO - [2023-02-01 16:20:25,672] {dag.py:2371} INFO - Sync 1 DAGs
[2023-02-01 16:20:25,692] {logging_mixin.py:115} INFO - [2023-02-01 16:20:25,692] {dag.py:2915} INFO - Setting next_dagrun for 0_airflow_macro to 2023-02-01T00:00:00+00:00, run_after=2023-02-02T00:00:00+00:00
[2023-02-01 16:20:25,740] {processor.py:161} INFO - Processing /c/Airflow/dags/Airflow2_0_De_0_a_Heroe/0_airflow_macro.py took 0.124 seconds
[2023-02-01 16:20:57,917] {processor.py:153} INFO - Started process (PID=13139) to work on /c/Airflow/dags/Airflow2_0_De_0_a_Heroe/0_airflow_macro.py
[2023-02-01 16:20:57,918] {processor.py:641} INFO - Processing file /c/Airflow/dags/Airflow2_0_De_0_a_Heroe/0_airflow_macro.py for tasks to queue
[2023-02-01 16:20:57,919] {logging_mixin.py:115} INFO - [2023-02-01 16:20:57,919] {dagbag.py:507} INFO - Filling up the DagBag from /c/Airflow/dags/Airflow2_0_De_0_a_Heroe/0_airflow_macro.py
[2023-02-01 16:20:57,950] {processor.py:651} INFO - DAG(s) dict_keys(['0_airflow_macro']) retrieved from /c/Airflow/dags/Airflow2_0_De_0_a_Heroe/0_airflow_macro.py
[2023-02-01 16:20:57,975] {logging_mixin.py:115} INFO - [2023-02-01 16:20:57,975] {dag.py:2371} INFO - Sync 1 DAGs
[2023-02-01 16:20:58,005] {logging_mixin.py:115} INFO - [2023-02-01 16:20:58,005] {dag.py:2915} INFO - Setting next_dagrun for 0_airflow_macro to 2023-02-01T00:00:00+00:00, run_after=2023-02-02T00:00:00+00:00
[2023-02-01 16:20:58,067] {processor.py:161} INFO - Processing /c/Airflow/dags/Airflow2_0_De_0_a_Heroe/0_airflow_macro.py took 0.152 seconds
[2023-02-01 16:21:28,717] {processor.py:153} INFO - Started process (PID=13159) to work on /c/Airflow/dags/Airflow2_0_De_0_a_Heroe/0_airflow_macro.py
[2023-02-01 16:21:28,718] {processor.py:641} INFO - Processing file /c/Airflow/dags/Airflow2_0_De_0_a_Heroe/0_airflow_macro.py for tasks to queue
[2023-02-01 16:21:28,718] {logging_mixin.py:115} INFO - [2023-02-01 16:21:28,718] {dagbag.py:507} INFO - Filling up the DagBag from /c/Airflow/dags/Airflow2_0_De_0_a_Heroe/0_airflow_macro.py
[2023-02-01 16:21:28,752] {processor.py:651} INFO - DAG(s) dict_keys(['0_airflow_macro']) retrieved from /c/Airflow/dags/Airflow2_0_De_0_a_Heroe/0_airflow_macro.py
[2023-02-01 16:21:28,780] {logging_mixin.py:115} INFO - [2023-02-01 16:21:28,780] {dag.py:2371} INFO - Sync 1 DAGs
[2023-02-01 16:21:28,800] {logging_mixin.py:115} INFO - [2023-02-01 16:21:28,800] {dag.py:2915} INFO - Setting next_dagrun for 0_airflow_macro to 2023-02-01T00:00:00+00:00, run_after=2023-02-02T00:00:00+00:00
[2023-02-01 16:21:28,847] {processor.py:161} INFO - Processing /c/Airflow/dags/Airflow2_0_De_0_a_Heroe/0_airflow_macro.py took 0.132 seconds
[2023-02-01 16:22:01,393] {processor.py:153} INFO - Started process (PID=13179) to work on /c/Airflow/dags/Airflow2_0_De_0_a_Heroe/0_airflow_macro.py
[2023-02-01 16:22:01,394] {processor.py:641} INFO - Processing file /c/Airflow/dags/Airflow2_0_De_0_a_Heroe/0_airflow_macro.py for tasks to queue
[2023-02-01 16:22:01,394] {logging_mixin.py:115} INFO - [2023-02-01 16:22:01,394] {dagbag.py:507} INFO - Filling up the DagBag from /c/Airflow/dags/Airflow2_0_De_0_a_Heroe/0_airflow_macro.py
[2023-02-01 16:22:01,423] {processor.py:651} INFO - DAG(s) dict_keys(['0_airflow_macro']) retrieved from /c/Airflow/dags/Airflow2_0_De_0_a_Heroe/0_airflow_macro.py
[2023-02-01 16:22:01,447] {logging_mixin.py:115} INFO - [2023-02-01 16:22:01,447] {dag.py:2371} INFO - Sync 1 DAGs
[2023-02-01 16:22:01,466] {logging_mixin.py:115} INFO - [2023-02-01 16:22:01,466] {dag.py:2915} INFO - Setting next_dagrun for 0_airflow_macro to 2023-02-01T00:00:00+00:00, run_after=2023-02-02T00:00:00+00:00
[2023-02-01 16:22:01,520] {processor.py:161} INFO - Processing /c/Airflow/dags/Airflow2_0_De_0_a_Heroe/0_airflow_macro.py took 0.130 seconds
[2023-02-01 16:22:32,918] {processor.py:153} INFO - Started process (PID=13199) to work on /c/Airflow/dags/Airflow2_0_De_0_a_Heroe/0_airflow_macro.py
[2023-02-01 16:22:32,919] {processor.py:641} INFO - Processing file /c/Airflow/dags/Airflow2_0_De_0_a_Heroe/0_airflow_macro.py for tasks to queue
[2023-02-01 16:22:32,920] {logging_mixin.py:115} INFO - [2023-02-01 16:22:32,920] {dagbag.py:507} INFO - Filling up the DagBag from /c/Airflow/dags/Airflow2_0_De_0_a_Heroe/0_airflow_macro.py
[2023-02-01 16:22:32,948] {processor.py:651} INFO - DAG(s) dict_keys(['0_airflow_macro']) retrieved from /c/Airflow/dags/Airflow2_0_De_0_a_Heroe/0_airflow_macro.py
[2023-02-01 16:22:32,970] {logging_mixin.py:115} INFO - [2023-02-01 16:22:32,970] {dag.py:2371} INFO - Sync 1 DAGs
[2023-02-01 16:22:32,991] {logging_mixin.py:115} INFO - [2023-02-01 16:22:32,991] {dag.py:2915} INFO - Setting next_dagrun for 0_airflow_macro to 2023-02-01T00:00:00+00:00, run_after=2023-02-02T00:00:00+00:00
[2023-02-01 16:22:33,038] {processor.py:161} INFO - Processing /c/Airflow/dags/Airflow2_0_De_0_a_Heroe/0_airflow_macro.py took 0.122 seconds
[2023-02-01 16:23:04,140] {processor.py:153} INFO - Started process (PID=13219) to work on /c/Airflow/dags/Airflow2_0_De_0_a_Heroe/0_airflow_macro.py
[2023-02-01 16:23:04,140] {processor.py:641} INFO - Processing file /c/Airflow/dags/Airflow2_0_De_0_a_Heroe/0_airflow_macro.py for tasks to queue
[2023-02-01 16:23:04,141] {logging_mixin.py:115} INFO - [2023-02-01 16:23:04,141] {dagbag.py:507} INFO - Filling up the DagBag from /c/Airflow/dags/Airflow2_0_De_0_a_Heroe/0_airflow_macro.py
[2023-02-01 16:23:04,173] {processor.py:651} INFO - DAG(s) dict_keys(['0_airflow_macro']) retrieved from /c/Airflow/dags/Airflow2_0_De_0_a_Heroe/0_airflow_macro.py
[2023-02-01 16:23:04,196] {logging_mixin.py:115} INFO - [2023-02-01 16:23:04,196] {dag.py:2371} INFO - Sync 1 DAGs
[2023-02-01 16:23:04,214] {logging_mixin.py:115} INFO - [2023-02-01 16:23:04,214] {dag.py:2915} INFO - Setting next_dagrun for 0_airflow_macro to 2023-02-01T00:00:00+00:00, run_after=2023-02-02T00:00:00+00:00
[2023-02-01 16:23:04,257] {processor.py:161} INFO - Processing /c/Airflow/dags/Airflow2_0_De_0_a_Heroe/0_airflow_macro.py took 0.119 seconds
[2023-02-01 16:23:35,044] {processor.py:153} INFO - Started process (PID=13239) to work on /c/Airflow/dags/Airflow2_0_De_0_a_Heroe/0_airflow_macro.py
[2023-02-01 16:23:35,045] {processor.py:641} INFO - Processing file /c/Airflow/dags/Airflow2_0_De_0_a_Heroe/0_airflow_macro.py for tasks to queue
[2023-02-01 16:23:35,047] {logging_mixin.py:115} INFO - [2023-02-01 16:23:35,046] {dagbag.py:507} INFO - Filling up the DagBag from /c/Airflow/dags/Airflow2_0_De_0_a_Heroe/0_airflow_macro.py
[2023-02-01 16:23:35,080] {processor.py:651} INFO - DAG(s) dict_keys(['0_airflow_macro']) retrieved from /c/Airflow/dags/Airflow2_0_De_0_a_Heroe/0_airflow_macro.py
[2023-02-01 16:23:35,105] {logging_mixin.py:115} INFO - [2023-02-01 16:23:35,104] {dag.py:2371} INFO - Sync 1 DAGs
[2023-02-01 16:23:35,122] {logging_mixin.py:115} INFO - [2023-02-01 16:23:35,122] {dag.py:2915} INFO - Setting next_dagrun for 0_airflow_macro to 2023-02-01T00:00:00+00:00, run_after=2023-02-02T00:00:00+00:00
[2023-02-01 16:23:35,168] {processor.py:161} INFO - Processing /c/Airflow/dags/Airflow2_0_De_0_a_Heroe/0_airflow_macro.py took 0.126 seconds
[2023-02-01 16:24:06,501] {processor.py:153} INFO - Started process (PID=13259) to work on /c/Airflow/dags/Airflow2_0_De_0_a_Heroe/0_airflow_macro.py
[2023-02-01 16:24:06,502] {processor.py:641} INFO - Processing file /c/Airflow/dags/Airflow2_0_De_0_a_Heroe/0_airflow_macro.py for tasks to queue
[2023-02-01 16:24:06,503] {logging_mixin.py:115} INFO - [2023-02-01 16:24:06,503] {dagbag.py:507} INFO - Filling up the DagBag from /c/Airflow/dags/Airflow2_0_De_0_a_Heroe/0_airflow_macro.py
[2023-02-01 16:24:06,531] {processor.py:651} INFO - DAG(s) dict_keys(['0_airflow_macro']) retrieved from /c/Airflow/dags/Airflow2_0_De_0_a_Heroe/0_airflow_macro.py
[2023-02-01 16:24:06,554] {logging_mixin.py:115} INFO - [2023-02-01 16:24:06,554] {dag.py:2371} INFO - Sync 1 DAGs
[2023-02-01 16:24:06,573] {logging_mixin.py:115} INFO - [2023-02-01 16:24:06,573] {dag.py:2915} INFO - Setting next_dagrun for 0_airflow_macro to 2023-02-01T00:00:00+00:00, run_after=2023-02-02T00:00:00+00:00
[2023-02-01 16:24:06,617] {processor.py:161} INFO - Processing /c/Airflow/dags/Airflow2_0_De_0_a_Heroe/0_airflow_macro.py took 0.118 seconds
[2023-02-01 16:24:37,792] {processor.py:153} INFO - Started process (PID=13279) to work on /c/Airflow/dags/Airflow2_0_De_0_a_Heroe/0_airflow_macro.py
[2023-02-01 16:24:37,793] {processor.py:641} INFO - Processing file /c/Airflow/dags/Airflow2_0_De_0_a_Heroe/0_airflow_macro.py for tasks to queue
[2023-02-01 16:24:37,795] {logging_mixin.py:115} INFO - [2023-02-01 16:24:37,795] {dagbag.py:507} INFO - Filling up the DagBag from /c/Airflow/dags/Airflow2_0_De_0_a_Heroe/0_airflow_macro.py
[2023-02-01 16:24:37,856] {processor.py:651} INFO - DAG(s) dict_keys(['0_airflow_macro']) retrieved from /c/Airflow/dags/Airflow2_0_De_0_a_Heroe/0_airflow_macro.py
[2023-02-01 16:24:37,912] {logging_mixin.py:115} INFO - [2023-02-01 16:24:37,912] {dag.py:2371} INFO - Sync 1 DAGs
[2023-02-01 16:24:37,960] {logging_mixin.py:115} INFO - [2023-02-01 16:24:37,960] {dag.py:2915} INFO - Setting next_dagrun for 0_airflow_macro to 2023-02-01T00:00:00+00:00, run_after=2023-02-02T00:00:00+00:00
[2023-02-01 16:24:38,058] {processor.py:161} INFO - Processing /c/Airflow/dags/Airflow2_0_De_0_a_Heroe/0_airflow_macro.py took 0.268 seconds
[2023-02-01 16:25:08,602] {processor.py:153} INFO - Started process (PID=13299) to work on /c/Airflow/dags/Airflow2_0_De_0_a_Heroe/0_airflow_macro.py
[2023-02-01 16:25:08,603] {processor.py:641} INFO - Processing file /c/Airflow/dags/Airflow2_0_De_0_a_Heroe/0_airflow_macro.py for tasks to queue
[2023-02-01 16:25:08,603] {logging_mixin.py:115} INFO - [2023-02-01 16:25:08,603] {dagbag.py:507} INFO - Filling up the DagBag from /c/Airflow/dags/Airflow2_0_De_0_a_Heroe/0_airflow_macro.py
[2023-02-01 16:25:08,637] {processor.py:651} INFO - DAG(s) dict_keys(['0_airflow_macro']) retrieved from /c/Airflow/dags/Airflow2_0_De_0_a_Heroe/0_airflow_macro.py
[2023-02-01 16:25:08,664] {logging_mixin.py:115} INFO - [2023-02-01 16:25:08,664] {dag.py:2371} INFO - Sync 1 DAGs
[2023-02-01 16:25:08,682] {logging_mixin.py:115} INFO - [2023-02-01 16:25:08,682] {dag.py:2915} INFO - Setting next_dagrun for 0_airflow_macro to 2023-02-01T00:00:00+00:00, run_after=2023-02-02T00:00:00+00:00
[2023-02-01 16:25:08,722] {processor.py:161} INFO - Processing /c/Airflow/dags/Airflow2_0_De_0_a_Heroe/0_airflow_macro.py took 0.122 seconds
[2023-02-01 16:25:39,851] {processor.py:153} INFO - Started process (PID=13319) to work on /c/Airflow/dags/Airflow2_0_De_0_a_Heroe/0_airflow_macro.py
[2023-02-01 16:25:39,852] {processor.py:641} INFO - Processing file /c/Airflow/dags/Airflow2_0_De_0_a_Heroe/0_airflow_macro.py for tasks to queue
[2023-02-01 16:25:39,853] {logging_mixin.py:115} INFO - [2023-02-01 16:25:39,852] {dagbag.py:507} INFO - Filling up the DagBag from /c/Airflow/dags/Airflow2_0_De_0_a_Heroe/0_airflow_macro.py
[2023-02-01 16:25:39,895] {processor.py:651} INFO - DAG(s) dict_keys(['0_airflow_macro']) retrieved from /c/Airflow/dags/Airflow2_0_De_0_a_Heroe/0_airflow_macro.py
[2023-02-01 16:25:39,928] {logging_mixin.py:115} INFO - [2023-02-01 16:25:39,928] {dag.py:2371} INFO - Sync 1 DAGs
[2023-02-01 16:25:39,949] {logging_mixin.py:115} INFO - [2023-02-01 16:25:39,949] {dag.py:2915} INFO - Setting next_dagrun for 0_airflow_macro to 2023-02-01T00:00:00+00:00, run_after=2023-02-02T00:00:00+00:00
[2023-02-01 16:25:40,005] {processor.py:161} INFO - Processing /c/Airflow/dags/Airflow2_0_De_0_a_Heroe/0_airflow_macro.py took 0.157 seconds
[2023-02-01 16:26:10,950] {processor.py:153} INFO - Started process (PID=13339) to work on /c/Airflow/dags/Airflow2_0_De_0_a_Heroe/0_airflow_macro.py
[2023-02-01 16:26:10,951] {processor.py:641} INFO - Processing file /c/Airflow/dags/Airflow2_0_De_0_a_Heroe/0_airflow_macro.py for tasks to queue
[2023-02-01 16:26:10,952] {logging_mixin.py:115} INFO - [2023-02-01 16:26:10,952] {dagbag.py:507} INFO - Filling up the DagBag from /c/Airflow/dags/Airflow2_0_De_0_a_Heroe/0_airflow_macro.py
[2023-02-01 16:26:10,981] {processor.py:651} INFO - DAG(s) dict_keys(['0_airflow_macro']) retrieved from /c/Airflow/dags/Airflow2_0_De_0_a_Heroe/0_airflow_macro.py
[2023-02-01 16:26:11,006] {logging_mixin.py:115} INFO - [2023-02-01 16:26:11,006] {dag.py:2371} INFO - Sync 1 DAGs
[2023-02-01 16:26:11,024] {logging_mixin.py:115} INFO - [2023-02-01 16:26:11,024] {dag.py:2915} INFO - Setting next_dagrun for 0_airflow_macro to 2023-02-01T00:00:00+00:00, run_after=2023-02-02T00:00:00+00:00
[2023-02-01 16:26:11,075] {processor.py:161} INFO - Processing /c/Airflow/dags/Airflow2_0_De_0_a_Heroe/0_airflow_macro.py took 0.127 seconds
[2023-02-01 16:26:42,435] {processor.py:153} INFO - Started process (PID=13359) to work on /c/Airflow/dags/Airflow2_0_De_0_a_Heroe/0_airflow_macro.py
[2023-02-01 16:26:42,436] {processor.py:641} INFO - Processing file /c/Airflow/dags/Airflow2_0_De_0_a_Heroe/0_airflow_macro.py for tasks to queue
[2023-02-01 16:26:42,438] {logging_mixin.py:115} INFO - [2023-02-01 16:26:42,438] {dagbag.py:507} INFO - Filling up the DagBag from /c/Airflow/dags/Airflow2_0_De_0_a_Heroe/0_airflow_macro.py
[2023-02-01 16:26:42,504] {processor.py:651} INFO - DAG(s) dict_keys(['0_airflow_macro']) retrieved from /c/Airflow/dags/Airflow2_0_De_0_a_Heroe/0_airflow_macro.py
[2023-02-01 16:26:42,532] {logging_mixin.py:115} INFO - [2023-02-01 16:26:42,532] {dag.py:2371} INFO - Sync 1 DAGs
[2023-02-01 16:26:42,555] {logging_mixin.py:115} INFO - [2023-02-01 16:26:42,554] {dag.py:2915} INFO - Setting next_dagrun for 0_airflow_macro to 2023-02-01T00:00:00+00:00, run_after=2023-02-02T00:00:00+00:00
[2023-02-01 16:26:42,606] {processor.py:161} INFO - Processing /c/Airflow/dags/Airflow2_0_De_0_a_Heroe/0_airflow_macro.py took 0.174 seconds
[2023-02-01 16:27:14,456] {processor.py:153} INFO - Started process (PID=13379) to work on /c/Airflow/dags/Airflow2_0_De_0_a_Heroe/0_airflow_macro.py
[2023-02-01 16:27:14,456] {processor.py:641} INFO - Processing file /c/Airflow/dags/Airflow2_0_De_0_a_Heroe/0_airflow_macro.py for tasks to queue
[2023-02-01 16:27:14,457] {logging_mixin.py:115} INFO - [2023-02-01 16:27:14,457] {dagbag.py:507} INFO - Filling up the DagBag from /c/Airflow/dags/Airflow2_0_De_0_a_Heroe/0_airflow_macro.py
[2023-02-01 16:27:14,487] {processor.py:651} INFO - DAG(s) dict_keys(['0_airflow_macro']) retrieved from /c/Airflow/dags/Airflow2_0_De_0_a_Heroe/0_airflow_macro.py
[2023-02-01 16:27:14,528] {logging_mixin.py:115} INFO - [2023-02-01 16:27:14,528] {dag.py:2371} INFO - Sync 1 DAGs
[2023-02-01 16:27:14,554] {logging_mixin.py:115} INFO - [2023-02-01 16:27:14,553] {dag.py:2915} INFO - Setting next_dagrun for 0_airflow_macro to 2023-02-01T00:00:00+00:00, run_after=2023-02-02T00:00:00+00:00
[2023-02-01 16:27:14,598] {processor.py:161} INFO - Processing /c/Airflow/dags/Airflow2_0_De_0_a_Heroe/0_airflow_macro.py took 0.144 seconds
[2023-02-01 16:27:49,737] {processor.py:153} INFO - Started process (PID=13445) to work on /c/Airflow/dags/Airflow2_0_De_0_a_Heroe/0_airflow_macro.py
[2023-02-01 16:27:49,738] {processor.py:641} INFO - Processing file /c/Airflow/dags/Airflow2_0_De_0_a_Heroe/0_airflow_macro.py for tasks to queue
[2023-02-01 16:27:49,739] {logging_mixin.py:115} INFO - [2023-02-01 16:27:49,738] {dagbag.py:507} INFO - Filling up the DagBag from /c/Airflow/dags/Airflow2_0_De_0_a_Heroe/0_airflow_macro.py
[2023-02-01 16:27:49,766] {processor.py:651} INFO - DAG(s) dict_keys(['0_airflow_macro']) retrieved from /c/Airflow/dags/Airflow2_0_De_0_a_Heroe/0_airflow_macro.py
[2023-02-01 16:27:49,788] {logging_mixin.py:115} INFO - [2023-02-01 16:27:49,788] {dag.py:2371} INFO - Sync 1 DAGs
[2023-02-01 16:27:49,806] {logging_mixin.py:115} INFO - [2023-02-01 16:27:49,805] {dag.py:2915} INFO - Setting next_dagrun for 0_airflow_macro to 2023-02-01T00:00:00+00:00, run_after=2023-02-02T00:00:00+00:00
[2023-02-01 16:27:49,853] {processor.py:161} INFO - Processing /c/Airflow/dags/Airflow2_0_De_0_a_Heroe/0_airflow_macro.py took 0.119 seconds
[2023-02-01 16:28:20,184] {processor.py:153} INFO - Started process (PID=13465) to work on /c/Airflow/dags/Airflow2_0_De_0_a_Heroe/0_airflow_macro.py
[2023-02-01 16:28:20,185] {processor.py:641} INFO - Processing file /c/Airflow/dags/Airflow2_0_De_0_a_Heroe/0_airflow_macro.py for tasks to queue
[2023-02-01 16:28:20,185] {logging_mixin.py:115} INFO - [2023-02-01 16:28:20,185] {dagbag.py:507} INFO - Filling up the DagBag from /c/Airflow/dags/Airflow2_0_De_0_a_Heroe/0_airflow_macro.py
[2023-02-01 16:28:20,223] {processor.py:651} INFO - DAG(s) dict_keys(['0_airflow_macro']) retrieved from /c/Airflow/dags/Airflow2_0_De_0_a_Heroe/0_airflow_macro.py
[2023-02-01 16:28:20,254] {logging_mixin.py:115} INFO - [2023-02-01 16:28:20,254] {dag.py:2371} INFO - Sync 1 DAGs
[2023-02-01 16:28:20,280] {logging_mixin.py:115} INFO - [2023-02-01 16:28:20,280] {dag.py:2915} INFO - Setting next_dagrun for 0_airflow_macro to 2023-02-01T00:00:00+00:00, run_after=2023-02-02T00:00:00+00:00
[2023-02-01 16:28:20,367] {processor.py:161} INFO - Processing /c/Airflow/dags/Airflow2_0_De_0_a_Heroe/0_airflow_macro.py took 0.186 seconds
[2023-02-01 16:28:51,719] {processor.py:153} INFO - Started process (PID=13486) to work on /c/Airflow/dags/Airflow2_0_De_0_a_Heroe/0_airflow_macro.py
[2023-02-01 16:28:51,720] {processor.py:641} INFO - Processing file /c/Airflow/dags/Airflow2_0_De_0_a_Heroe/0_airflow_macro.py for tasks to queue
[2023-02-01 16:28:51,721] {logging_mixin.py:115} INFO - [2023-02-01 16:28:51,721] {dagbag.py:507} INFO - Filling up the DagBag from /c/Airflow/dags/Airflow2_0_De_0_a_Heroe/0_airflow_macro.py
[2023-02-01 16:28:51,770] {processor.py:651} INFO - DAG(s) dict_keys(['0_airflow_macro']) retrieved from /c/Airflow/dags/Airflow2_0_De_0_a_Heroe/0_airflow_macro.py
[2023-02-01 16:28:51,797] {logging_mixin.py:115} INFO - [2023-02-01 16:28:51,797] {dag.py:2371} INFO - Sync 1 DAGs
[2023-02-01 16:28:51,822] {logging_mixin.py:115} INFO - [2023-02-01 16:28:51,821] {dag.py:2915} INFO - Setting next_dagrun for 0_airflow_macro to 2023-02-01T00:00:00+00:00, run_after=2023-02-02T00:00:00+00:00
[2023-02-01 16:28:51,864] {processor.py:161} INFO - Processing /c/Airflow/dags/Airflow2_0_De_0_a_Heroe/0_airflow_macro.py took 0.146 seconds
[2023-02-01 16:29:23,188] {processor.py:153} INFO - Started process (PID=13534) to work on /c/Airflow/dags/Airflow2_0_De_0_a_Heroe/0_airflow_macro.py
[2023-02-01 16:29:23,189] {processor.py:641} INFO - Processing file /c/Airflow/dags/Airflow2_0_De_0_a_Heroe/0_airflow_macro.py for tasks to queue
[2023-02-01 16:29:23,190] {logging_mixin.py:115} INFO - [2023-02-01 16:29:23,190] {dagbag.py:507} INFO - Filling up the DagBag from /c/Airflow/dags/Airflow2_0_De_0_a_Heroe/0_airflow_macro.py
[2023-02-01 16:29:23,225] {processor.py:651} INFO - DAG(s) dict_keys(['0_airflow_macro']) retrieved from /c/Airflow/dags/Airflow2_0_De_0_a_Heroe/0_airflow_macro.py
[2023-02-01 16:29:23,253] {logging_mixin.py:115} INFO - [2023-02-01 16:29:23,253] {dag.py:2371} INFO - Sync 1 DAGs
[2023-02-01 16:29:23,272] {logging_mixin.py:115} INFO - [2023-02-01 16:29:23,272] {dag.py:2915} INFO - Setting next_dagrun for 0_airflow_macro to 2023-02-01T00:00:00+00:00, run_after=2023-02-02T00:00:00+00:00
[2023-02-01 16:29:23,322] {processor.py:161} INFO - Processing /c/Airflow/dags/Airflow2_0_De_0_a_Heroe/0_airflow_macro.py took 0.136 seconds
[2023-02-01 16:29:54,627] {processor.py:153} INFO - Started process (PID=13554) to work on /c/Airflow/dags/Airflow2_0_De_0_a_Heroe/0_airflow_macro.py
[2023-02-01 16:29:54,628] {processor.py:641} INFO - Processing file /c/Airflow/dags/Airflow2_0_De_0_a_Heroe/0_airflow_macro.py for tasks to queue
[2023-02-01 16:29:54,629] {logging_mixin.py:115} INFO - [2023-02-01 16:29:54,628] {dagbag.py:507} INFO - Filling up the DagBag from /c/Airflow/dags/Airflow2_0_De_0_a_Heroe/0_airflow_macro.py
[2023-02-01 16:29:54,658] {processor.py:651} INFO - DAG(s) dict_keys(['0_airflow_macro']) retrieved from /c/Airflow/dags/Airflow2_0_De_0_a_Heroe/0_airflow_macro.py
[2023-02-01 16:29:54,681] {logging_mixin.py:115} INFO - [2023-02-01 16:29:54,681] {dag.py:2371} INFO - Sync 1 DAGs
[2023-02-01 16:29:54,699] {logging_mixin.py:115} INFO - [2023-02-01 16:29:54,699] {dag.py:2915} INFO - Setting next_dagrun for 0_airflow_macro to 2023-02-01T00:00:00+00:00, run_after=2023-02-02T00:00:00+00:00
[2023-02-01 16:29:54,742] {processor.py:161} INFO - Processing /c/Airflow/dags/Airflow2_0_De_0_a_Heroe/0_airflow_macro.py took 0.116 seconds
[2023-02-01 17:43:18,124] {processor.py:153} INFO - Started process (PID=13608) to work on /c/Airflow/dags/Airflow2_0_De_0_a_Heroe/0_airflow_macro.py
[2023-02-01 17:43:18,126] {processor.py:641} INFO - Processing file /c/Airflow/dags/Airflow2_0_De_0_a_Heroe/0_airflow_macro.py for tasks to queue
[2023-02-01 17:43:18,127] {logging_mixin.py:115} INFO - [2023-02-01 17:43:18,127] {dagbag.py:507} INFO - Filling up the DagBag from /c/Airflow/dags/Airflow2_0_De_0_a_Heroe/0_airflow_macro.py
[2023-02-01 17:43:18,174] {processor.py:651} INFO - DAG(s) dict_keys(['0_airflow_macro']) retrieved from /c/Airflow/dags/Airflow2_0_De_0_a_Heroe/0_airflow_macro.py
[2023-02-01 17:43:18,209] {logging_mixin.py:115} INFO - [2023-02-01 17:43:18,209] {dag.py:2371} INFO - Sync 1 DAGs
[2023-02-01 17:43:18,232] {logging_mixin.py:115} INFO - [2023-02-01 17:43:18,232] {dag.py:2915} INFO - Setting next_dagrun for 0_airflow_macro to 2023-02-01T00:00:00+00:00, run_after=2023-02-02T00:00:00+00:00
[2023-02-01 17:43:18,275] {processor.py:161} INFO - Processing /c/Airflow/dags/Airflow2_0_De_0_a_Heroe/0_airflow_macro.py took 0.153 seconds
[2023-02-01 17:43:48,912] {processor.py:153} INFO - Started process (PID=13628) to work on /c/Airflow/dags/Airflow2_0_De_0_a_Heroe/0_airflow_macro.py
[2023-02-01 17:43:48,913] {processor.py:641} INFO - Processing file /c/Airflow/dags/Airflow2_0_De_0_a_Heroe/0_airflow_macro.py for tasks to queue
[2023-02-01 17:43:48,914] {logging_mixin.py:115} INFO - [2023-02-01 17:43:48,914] {dagbag.py:507} INFO - Filling up the DagBag from /c/Airflow/dags/Airflow2_0_De_0_a_Heroe/0_airflow_macro.py
[2023-02-01 17:43:48,946] {processor.py:651} INFO - DAG(s) dict_keys(['0_airflow_macro']) retrieved from /c/Airflow/dags/Airflow2_0_De_0_a_Heroe/0_airflow_macro.py
[2023-02-01 17:43:48,967] {logging_mixin.py:115} INFO - [2023-02-01 17:43:48,967] {dag.py:2371} INFO - Sync 1 DAGs
[2023-02-01 17:43:48,984] {logging_mixin.py:115} INFO - [2023-02-01 17:43:48,984] {dag.py:2915} INFO - Setting next_dagrun for 0_airflow_macro to 2023-02-01T00:00:00+00:00, run_after=2023-02-02T00:00:00+00:00
[2023-02-01 17:43:49,025] {processor.py:161} INFO - Processing /c/Airflow/dags/Airflow2_0_De_0_a_Heroe/0_airflow_macro.py took 0.115 seconds
[2023-02-01 17:44:19,498] {processor.py:153} INFO - Started process (PID=13648) to work on /c/Airflow/dags/Airflow2_0_De_0_a_Heroe/0_airflow_macro.py
[2023-02-01 17:44:19,499] {processor.py:641} INFO - Processing file /c/Airflow/dags/Airflow2_0_De_0_a_Heroe/0_airflow_macro.py for tasks to queue
[2023-02-01 17:44:19,499] {logging_mixin.py:115} INFO - [2023-02-01 17:44:19,499] {dagbag.py:507} INFO - Filling up the DagBag from /c/Airflow/dags/Airflow2_0_De_0_a_Heroe/0_airflow_macro.py
[2023-02-01 17:44:19,530] {processor.py:651} INFO - DAG(s) dict_keys(['0_airflow_macro']) retrieved from /c/Airflow/dags/Airflow2_0_De_0_a_Heroe/0_airflow_macro.py
[2023-02-01 17:44:19,551] {logging_mixin.py:115} INFO - [2023-02-01 17:44:19,551] {dag.py:2371} INFO - Sync 1 DAGs
[2023-02-01 17:44:19,572] {logging_mixin.py:115} INFO - [2023-02-01 17:44:19,572] {dag.py:2915} INFO - Setting next_dagrun for 0_airflow_macro to 2023-02-01T00:00:00+00:00, run_after=2023-02-02T00:00:00+00:00
[2023-02-01 17:44:19,610] {processor.py:161} INFO - Processing /c/Airflow/dags/Airflow2_0_De_0_a_Heroe/0_airflow_macro.py took 0.114 seconds
[2023-02-01 17:44:50,763] {processor.py:153} INFO - Started process (PID=13714) to work on /c/Airflow/dags/Airflow2_0_De_0_a_Heroe/0_airflow_macro.py
[2023-02-01 17:44:50,764] {processor.py:641} INFO - Processing file /c/Airflow/dags/Airflow2_0_De_0_a_Heroe/0_airflow_macro.py for tasks to queue
[2023-02-01 17:44:50,765] {logging_mixin.py:115} INFO - [2023-02-01 17:44:50,765] {dagbag.py:507} INFO - Filling up the DagBag from /c/Airflow/dags/Airflow2_0_De_0_a_Heroe/0_airflow_macro.py
[2023-02-01 17:44:50,790] {processor.py:651} INFO - DAG(s) dict_keys(['0_airflow_macro']) retrieved from /c/Airflow/dags/Airflow2_0_De_0_a_Heroe/0_airflow_macro.py
[2023-02-01 17:44:50,810] {logging_mixin.py:115} INFO - [2023-02-01 17:44:50,810] {dag.py:2371} INFO - Sync 1 DAGs
[2023-02-01 17:44:50,825] {logging_mixin.py:115} INFO - [2023-02-01 17:44:50,825] {dag.py:2915} INFO - Setting next_dagrun for 0_airflow_macro to 2023-02-01T00:00:00+00:00, run_after=2023-02-02T00:00:00+00:00
[2023-02-01 17:44:50,862] {processor.py:161} INFO - Processing /c/Airflow/dags/Airflow2_0_De_0_a_Heroe/0_airflow_macro.py took 0.101 seconds
[2023-02-01 17:45:22,250] {processor.py:153} INFO - Started process (PID=13734) to work on /c/Airflow/dags/Airflow2_0_De_0_a_Heroe/0_airflow_macro.py
[2023-02-01 17:45:22,250] {processor.py:641} INFO - Processing file /c/Airflow/dags/Airflow2_0_De_0_a_Heroe/0_airflow_macro.py for tasks to queue
[2023-02-01 17:45:22,251] {logging_mixin.py:115} INFO - [2023-02-01 17:45:22,251] {dagbag.py:507} INFO - Filling up the DagBag from /c/Airflow/dags/Airflow2_0_De_0_a_Heroe/0_airflow_macro.py
[2023-02-01 17:45:22,285] {processor.py:651} INFO - DAG(s) dict_keys(['0_airflow_macro']) retrieved from /c/Airflow/dags/Airflow2_0_De_0_a_Heroe/0_airflow_macro.py
[2023-02-01 17:45:22,306] {logging_mixin.py:115} INFO - [2023-02-01 17:45:22,306] {dag.py:2371} INFO - Sync 1 DAGs
[2023-02-01 17:45:22,322] {logging_mixin.py:115} INFO - [2023-02-01 17:45:22,322] {dag.py:2915} INFO - Setting next_dagrun for 0_airflow_macro to 2023-02-01T00:00:00+00:00, run_after=2023-02-02T00:00:00+00:00
[2023-02-01 17:45:22,356] {processor.py:161} INFO - Processing /c/Airflow/dags/Airflow2_0_De_0_a_Heroe/0_airflow_macro.py took 0.109 seconds
[2023-02-01 17:45:54,346] {processor.py:153} INFO - Started process (PID=13800) to work on /c/Airflow/dags/Airflow2_0_De_0_a_Heroe/0_airflow_macro.py
[2023-02-01 17:45:54,347] {processor.py:641} INFO - Processing file /c/Airflow/dags/Airflow2_0_De_0_a_Heroe/0_airflow_macro.py for tasks to queue
[2023-02-01 17:45:54,347] {logging_mixin.py:115} INFO - [2023-02-01 17:45:54,347] {dagbag.py:507} INFO - Filling up the DagBag from /c/Airflow/dags/Airflow2_0_De_0_a_Heroe/0_airflow_macro.py
[2023-02-01 17:45:54,371] {processor.py:651} INFO - DAG(s) dict_keys(['0_airflow_macro']) retrieved from /c/Airflow/dags/Airflow2_0_De_0_a_Heroe/0_airflow_macro.py
[2023-02-01 17:45:54,390] {logging_mixin.py:115} INFO - [2023-02-01 17:45:54,390] {dag.py:2371} INFO - Sync 1 DAGs
[2023-02-01 17:45:54,405] {logging_mixin.py:115} INFO - [2023-02-01 17:45:54,405] {dag.py:2915} INFO - Setting next_dagrun for 0_airflow_macro to 2023-02-01T00:00:00+00:00, run_after=2023-02-02T00:00:00+00:00
[2023-02-01 17:45:54,440] {processor.py:161} INFO - Processing /c/Airflow/dags/Airflow2_0_De_0_a_Heroe/0_airflow_macro.py took 0.095 seconds
[2023-02-01 17:46:25,647] {processor.py:153} INFO - Started process (PID=13820) to work on /c/Airflow/dags/Airflow2_0_De_0_a_Heroe/0_airflow_macro.py
[2023-02-01 17:46:25,648] {processor.py:641} INFO - Processing file /c/Airflow/dags/Airflow2_0_De_0_a_Heroe/0_airflow_macro.py for tasks to queue
[2023-02-01 17:46:25,648] {logging_mixin.py:115} INFO - [2023-02-01 17:46:25,648] {dagbag.py:507} INFO - Filling up the DagBag from /c/Airflow/dags/Airflow2_0_De_0_a_Heroe/0_airflow_macro.py
[2023-02-01 17:46:25,673] {processor.py:651} INFO - DAG(s) dict_keys(['0_airflow_macro']) retrieved from /c/Airflow/dags/Airflow2_0_De_0_a_Heroe/0_airflow_macro.py
[2023-02-01 17:46:25,692] {logging_mixin.py:115} INFO - [2023-02-01 17:46:25,692] {dag.py:2371} INFO - Sync 1 DAGs
[2023-02-01 17:46:25,708] {logging_mixin.py:115} INFO - [2023-02-01 17:46:25,708] {dag.py:2915} INFO - Setting next_dagrun for 0_airflow_macro to 2023-02-01T00:00:00+00:00, run_after=2023-02-02T00:00:00+00:00
[2023-02-01 17:46:25,753] {processor.py:161} INFO - Processing /c/Airflow/dags/Airflow2_0_De_0_a_Heroe/0_airflow_macro.py took 0.108 seconds
[2023-02-01 17:46:56,800] {processor.py:153} INFO - Started process (PID=13840) to work on /c/Airflow/dags/Airflow2_0_De_0_a_Heroe/0_airflow_macro.py
[2023-02-01 17:46:56,801] {processor.py:641} INFO - Processing file /c/Airflow/dags/Airflow2_0_De_0_a_Heroe/0_airflow_macro.py for tasks to queue
[2023-02-01 17:46:56,802] {logging_mixin.py:115} INFO - [2023-02-01 17:46:56,802] {dagbag.py:507} INFO - Filling up the DagBag from /c/Airflow/dags/Airflow2_0_De_0_a_Heroe/0_airflow_macro.py
[2023-02-01 17:46:56,827] {processor.py:651} INFO - DAG(s) dict_keys(['0_airflow_macro']) retrieved from /c/Airflow/dags/Airflow2_0_De_0_a_Heroe/0_airflow_macro.py
[2023-02-01 17:46:56,848] {logging_mixin.py:115} INFO - [2023-02-01 17:46:56,848] {dag.py:2371} INFO - Sync 1 DAGs
[2023-02-01 17:46:56,865] {logging_mixin.py:115} INFO - [2023-02-01 17:46:56,865] {dag.py:2915} INFO - Setting next_dagrun for 0_airflow_macro to 2023-02-01T00:00:00+00:00, run_after=2023-02-02T00:00:00+00:00
[2023-02-01 17:46:56,902] {processor.py:161} INFO - Processing /c/Airflow/dags/Airflow2_0_De_0_a_Heroe/0_airflow_macro.py took 0.104 seconds
[2023-02-01 17:51:15,375] {processor.py:153} INFO - Started process (PID=14007) to work on /c/Airflow/dags/Airflow2_0_De_0_a_Heroe/0_airflow_macro.py
[2023-02-01 17:51:15,376] {processor.py:641} INFO - Processing file /c/Airflow/dags/Airflow2_0_De_0_a_Heroe/0_airflow_macro.py for tasks to queue
[2023-02-01 17:51:15,376] {logging_mixin.py:115} INFO - [2023-02-01 17:51:15,376] {dagbag.py:507} INFO - Filling up the DagBag from /c/Airflow/dags/Airflow2_0_De_0_a_Heroe/0_airflow_macro.py
[2023-02-01 17:51:15,400] {processor.py:651} INFO - DAG(s) dict_keys(['0_airflow_macro']) retrieved from /c/Airflow/dags/Airflow2_0_De_0_a_Heroe/0_airflow_macro.py
[2023-02-01 17:51:15,417] {logging_mixin.py:115} INFO - [2023-02-01 17:51:15,417] {dag.py:2371} INFO - Sync 1 DAGs
[2023-02-01 17:51:15,432] {logging_mixin.py:115} INFO - [2023-02-01 17:51:15,432] {dag.py:2915} INFO - Setting next_dagrun for 0_airflow_macro to 2023-02-01T00:00:00+00:00, run_after=2023-02-02T00:00:00+00:00
[2023-02-01 17:51:15,468] {processor.py:161} INFO - Processing /c/Airflow/dags/Airflow2_0_De_0_a_Heroe/0_airflow_macro.py took 0.094 seconds
[2023-02-01 17:51:47,191] {processor.py:153} INFO - Started process (PID=14027) to work on /c/Airflow/dags/Airflow2_0_De_0_a_Heroe/0_airflow_macro.py
[2023-02-01 17:51:47,192] {processor.py:641} INFO - Processing file /c/Airflow/dags/Airflow2_0_De_0_a_Heroe/0_airflow_macro.py for tasks to queue
[2023-02-01 17:51:47,193] {logging_mixin.py:115} INFO - [2023-02-01 17:51:47,193] {dagbag.py:507} INFO - Filling up the DagBag from /c/Airflow/dags/Airflow2_0_De_0_a_Heroe/0_airflow_macro.py
[2023-02-01 17:51:47,217] {processor.py:651} INFO - DAG(s) dict_keys(['0_airflow_macro']) retrieved from /c/Airflow/dags/Airflow2_0_De_0_a_Heroe/0_airflow_macro.py
[2023-02-01 17:51:47,234] {logging_mixin.py:115} INFO - [2023-02-01 17:51:47,234] {dag.py:2371} INFO - Sync 1 DAGs
[2023-02-01 17:51:47,248] {logging_mixin.py:115} INFO - [2023-02-01 17:51:47,248] {dag.py:2915} INFO - Setting next_dagrun for 0_airflow_macro to 2023-02-01T00:00:00+00:00, run_after=2023-02-02T00:00:00+00:00
[2023-02-01 17:51:47,286] {processor.py:161} INFO - Processing /c/Airflow/dags/Airflow2_0_De_0_a_Heroe/0_airflow_macro.py took 0.096 seconds
[2023-02-01 17:52:18,867] {processor.py:153} INFO - Started process (PID=14047) to work on /c/Airflow/dags/Airflow2_0_De_0_a_Heroe/0_airflow_macro.py
[2023-02-01 17:52:18,867] {processor.py:641} INFO - Processing file /c/Airflow/dags/Airflow2_0_De_0_a_Heroe/0_airflow_macro.py for tasks to queue
[2023-02-01 17:52:18,868] {logging_mixin.py:115} INFO - [2023-02-01 17:52:18,868] {dagbag.py:507} INFO - Filling up the DagBag from /c/Airflow/dags/Airflow2_0_De_0_a_Heroe/0_airflow_macro.py
[2023-02-01 17:52:18,891] {processor.py:651} INFO - DAG(s) dict_keys(['0_airflow_macro']) retrieved from /c/Airflow/dags/Airflow2_0_De_0_a_Heroe/0_airflow_macro.py
[2023-02-01 17:52:18,909] {logging_mixin.py:115} INFO - [2023-02-01 17:52:18,909] {dag.py:2371} INFO - Sync 1 DAGs
[2023-02-01 17:52:18,923] {logging_mixin.py:115} INFO - [2023-02-01 17:52:18,923] {dag.py:2915} INFO - Setting next_dagrun for 0_airflow_macro to 2023-02-01T00:00:00+00:00, run_after=2023-02-02T00:00:00+00:00
[2023-02-01 17:52:18,960] {processor.py:161} INFO - Processing /c/Airflow/dags/Airflow2_0_De_0_a_Heroe/0_airflow_macro.py took 0.095 seconds
[2023-02-01 17:52:49,439] {processor.py:153} INFO - Started process (PID=14067) to work on /c/Airflow/dags/Airflow2_0_De_0_a_Heroe/0_airflow_macro.py
[2023-02-01 17:52:49,440] {processor.py:641} INFO - Processing file /c/Airflow/dags/Airflow2_0_De_0_a_Heroe/0_airflow_macro.py for tasks to queue
[2023-02-01 17:52:49,440] {logging_mixin.py:115} INFO - [2023-02-01 17:52:49,440] {dagbag.py:507} INFO - Filling up the DagBag from /c/Airflow/dags/Airflow2_0_De_0_a_Heroe/0_airflow_macro.py
[2023-02-01 17:52:49,469] {processor.py:651} INFO - DAG(s) dict_keys(['0_airflow_macro']) retrieved from /c/Airflow/dags/Airflow2_0_De_0_a_Heroe/0_airflow_macro.py
[2023-02-01 17:52:49,490] {logging_mixin.py:115} INFO - [2023-02-01 17:52:49,490] {dag.py:2371} INFO - Sync 1 DAGs
[2023-02-01 17:52:49,506] {logging_mixin.py:115} INFO - [2023-02-01 17:52:49,506] {dag.py:2915} INFO - Setting next_dagrun for 0_airflow_macro to 2023-02-01T00:00:00+00:00, run_after=2023-02-02T00:00:00+00:00
[2023-02-01 17:52:49,579] {processor.py:161} INFO - Processing /c/Airflow/dags/Airflow2_0_De_0_a_Heroe/0_airflow_macro.py took 0.143 seconds
[2023-02-01 17:53:20,972] {processor.py:153} INFO - Started process (PID=14087) to work on /c/Airflow/dags/Airflow2_0_De_0_a_Heroe/0_airflow_macro.py
[2023-02-01 17:53:20,972] {processor.py:641} INFO - Processing file /c/Airflow/dags/Airflow2_0_De_0_a_Heroe/0_airflow_macro.py for tasks to queue
[2023-02-01 17:53:20,973] {logging_mixin.py:115} INFO - [2023-02-01 17:53:20,973] {dagbag.py:507} INFO - Filling up the DagBag from /c/Airflow/dags/Airflow2_0_De_0_a_Heroe/0_airflow_macro.py
[2023-02-01 17:53:20,997] {processor.py:651} INFO - DAG(s) dict_keys(['0_airflow_macro']) retrieved from /c/Airflow/dags/Airflow2_0_De_0_a_Heroe/0_airflow_macro.py
[2023-02-01 17:53:21,015] {logging_mixin.py:115} INFO - [2023-02-01 17:53:21,015] {dag.py:2371} INFO - Sync 1 DAGs
[2023-02-01 17:53:21,029] {logging_mixin.py:115} INFO - [2023-02-01 17:53:21,029] {dag.py:2915} INFO - Setting next_dagrun for 0_airflow_macro to 2023-02-01T00:00:00+00:00, run_after=2023-02-02T00:00:00+00:00
[2023-02-01 17:53:21,064] {processor.py:161} INFO - Processing /c/Airflow/dags/Airflow2_0_De_0_a_Heroe/0_airflow_macro.py took 0.094 seconds
[2023-02-01 17:57:40,068] {processor.py:153} INFO - Started process (PID=14200) to work on /c/Airflow/dags/Airflow2_0_De_0_a_Heroe/0_airflow_macro.py
[2023-02-01 17:57:40,069] {processor.py:641} INFO - Processing file /c/Airflow/dags/Airflow2_0_De_0_a_Heroe/0_airflow_macro.py for tasks to queue
[2023-02-01 17:57:40,070] {logging_mixin.py:115} INFO - [2023-02-01 17:57:40,070] {dagbag.py:507} INFO - Filling up the DagBag from /c/Airflow/dags/Airflow2_0_De_0_a_Heroe/0_airflow_macro.py
[2023-02-01 17:57:40,093] {processor.py:651} INFO - DAG(s) dict_keys(['0_airflow_macro']) retrieved from /c/Airflow/dags/Airflow2_0_De_0_a_Heroe/0_airflow_macro.py
[2023-02-01 17:57:40,109] {logging_mixin.py:115} INFO - [2023-02-01 17:57:40,109] {dag.py:2371} INFO - Sync 1 DAGs
[2023-02-01 17:57:40,122] {logging_mixin.py:115} INFO - [2023-02-01 17:57:40,122] {dag.py:2915} INFO - Setting next_dagrun for 0_airflow_macro to 2023-02-01T00:00:00+00:00, run_after=2023-02-02T00:00:00+00:00
[2023-02-01 17:57:40,155] {processor.py:161} INFO - Processing /c/Airflow/dags/Airflow2_0_De_0_a_Heroe/0_airflow_macro.py took 0.089 seconds
[2023-02-01 17:58:11,678] {processor.py:153} INFO - Started process (PID=14220) to work on /c/Airflow/dags/Airflow2_0_De_0_a_Heroe/0_airflow_macro.py
[2023-02-01 17:58:11,679] {processor.py:641} INFO - Processing file /c/Airflow/dags/Airflow2_0_De_0_a_Heroe/0_airflow_macro.py for tasks to queue
[2023-02-01 17:58:11,680] {logging_mixin.py:115} INFO - [2023-02-01 17:58:11,680] {dagbag.py:507} INFO - Filling up the DagBag from /c/Airflow/dags/Airflow2_0_De_0_a_Heroe/0_airflow_macro.py
[2023-02-01 17:58:11,706] {processor.py:651} INFO - DAG(s) dict_keys(['0_airflow_macro']) retrieved from /c/Airflow/dags/Airflow2_0_De_0_a_Heroe/0_airflow_macro.py
[2023-02-01 17:58:11,723] {logging_mixin.py:115} INFO - [2023-02-01 17:58:11,723] {dag.py:2371} INFO - Sync 1 DAGs
[2023-02-01 17:58:11,737] {logging_mixin.py:115} INFO - [2023-02-01 17:58:11,737] {dag.py:2915} INFO - Setting next_dagrun for 0_airflow_macro to 2023-02-01T00:00:00+00:00, run_after=2023-02-02T00:00:00+00:00
[2023-02-01 17:58:11,771] {processor.py:161} INFO - Processing /c/Airflow/dags/Airflow2_0_De_0_a_Heroe/0_airflow_macro.py took 0.095 seconds
[2023-02-01 17:58:42,471] {processor.py:153} INFO - Started process (PID=14240) to work on /c/Airflow/dags/Airflow2_0_De_0_a_Heroe/0_airflow_macro.py
[2023-02-01 17:58:42,471] {processor.py:641} INFO - Processing file /c/Airflow/dags/Airflow2_0_De_0_a_Heroe/0_airflow_macro.py for tasks to queue
[2023-02-01 17:58:42,472] {logging_mixin.py:115} INFO - [2023-02-01 17:58:42,472] {dagbag.py:507} INFO - Filling up the DagBag from /c/Airflow/dags/Airflow2_0_De_0_a_Heroe/0_airflow_macro.py
[2023-02-01 17:58:42,499] {processor.py:651} INFO - DAG(s) dict_keys(['0_airflow_macro']) retrieved from /c/Airflow/dags/Airflow2_0_De_0_a_Heroe/0_airflow_macro.py
[2023-02-01 17:58:42,519] {logging_mixin.py:115} INFO - [2023-02-01 17:58:42,519] {dag.py:2371} INFO - Sync 1 DAGs
[2023-02-01 17:58:42,542] {logging_mixin.py:115} INFO - [2023-02-01 17:58:42,542] {dag.py:2915} INFO - Setting next_dagrun for 0_airflow_macro to 2023-02-01T00:00:00+00:00, run_after=2023-02-02T00:00:00+00:00
[2023-02-01 17:58:42,579] {processor.py:161} INFO - Processing /c/Airflow/dags/Airflow2_0_De_0_a_Heroe/0_airflow_macro.py took 0.110 seconds
[2023-02-01 17:59:13,689] {processor.py:153} INFO - Started process (PID=14260) to work on /c/Airflow/dags/Airflow2_0_De_0_a_Heroe/0_airflow_macro.py
[2023-02-01 17:59:13,690] {processor.py:641} INFO - Processing file /c/Airflow/dags/Airflow2_0_De_0_a_Heroe/0_airflow_macro.py for tasks to queue
[2023-02-01 17:59:13,691] {logging_mixin.py:115} INFO - [2023-02-01 17:59:13,690] {dagbag.py:507} INFO - Filling up the DagBag from /c/Airflow/dags/Airflow2_0_De_0_a_Heroe/0_airflow_macro.py
[2023-02-01 17:59:13,719] {processor.py:651} INFO - DAG(s) dict_keys(['0_airflow_macro']) retrieved from /c/Airflow/dags/Airflow2_0_De_0_a_Heroe/0_airflow_macro.py
[2023-02-01 17:59:13,736] {logging_mixin.py:115} INFO - [2023-02-01 17:59:13,736] {dag.py:2371} INFO - Sync 1 DAGs
[2023-02-01 17:59:13,750] {logging_mixin.py:115} INFO - [2023-02-01 17:59:13,750] {dag.py:2915} INFO - Setting next_dagrun for 0_airflow_macro to 2023-02-01T00:00:00+00:00, run_after=2023-02-02T00:00:00+00:00
[2023-02-01 17:59:13,794] {processor.py:161} INFO - Processing /c/Airflow/dags/Airflow2_0_De_0_a_Heroe/0_airflow_macro.py took 0.107 seconds
[2023-02-01 17:59:44,926] {processor.py:153} INFO - Started process (PID=14280) to work on /c/Airflow/dags/Airflow2_0_De_0_a_Heroe/0_airflow_macro.py
[2023-02-01 17:59:44,927] {processor.py:641} INFO - Processing file /c/Airflow/dags/Airflow2_0_De_0_a_Heroe/0_airflow_macro.py for tasks to queue
[2023-02-01 17:59:44,928] {logging_mixin.py:115} INFO - [2023-02-01 17:59:44,928] {dagbag.py:507} INFO - Filling up the DagBag from /c/Airflow/dags/Airflow2_0_De_0_a_Heroe/0_airflow_macro.py
[2023-02-01 17:59:44,969] {processor.py:651} INFO - DAG(s) dict_keys(['0_airflow_macro']) retrieved from /c/Airflow/dags/Airflow2_0_De_0_a_Heroe/0_airflow_macro.py
[2023-02-01 17:59:44,988] {logging_mixin.py:115} INFO - [2023-02-01 17:59:44,988] {dag.py:2371} INFO - Sync 1 DAGs
[2023-02-01 17:59:45,003] {logging_mixin.py:115} INFO - [2023-02-01 17:59:45,003] {dag.py:2915} INFO - Setting next_dagrun for 0_airflow_macro to 2023-02-01T00:00:00+00:00, run_after=2023-02-02T00:00:00+00:00
[2023-02-01 17:59:45,040] {processor.py:161} INFO - Processing /c/Airflow/dags/Airflow2_0_De_0_a_Heroe/0_airflow_macro.py took 0.116 seconds
