[2023-02-01 15:57:06,599] {processor.py:153} INFO - Started process (PID=12092) to work on /c/Airflow/dags/Airflow2_0_De_0_a_Heroe/1_mi_primer_dag.py
[2023-02-01 15:57:06,600] {processor.py:641} INFO - Processing file /c/Airflow/dags/Airflow2_0_De_0_a_Heroe/1_mi_primer_dag.py for tasks to queue
[2023-02-01 15:57:06,601] {logging_mixin.py:115} INFO - [2023-02-01 15:57:06,601] {dagbag.py:507} INFO - Filling up the DagBag from /c/Airflow/dags/Airflow2_0_De_0_a_Heroe/1_mi_primer_dag.py
[2023-02-01 15:57:06,631] {processor.py:651} INFO - DAG(s) dict_keys(['1_mi_primer_dag']) retrieved from /c/Airflow/dags/Airflow2_0_De_0_a_Heroe/1_mi_primer_dag.py
[2023-02-01 15:57:06,681] {logging_mixin.py:115} INFO - [2023-02-01 15:57:06,681] {dag.py:2371} INFO - Sync 1 DAGs
[2023-02-01 15:57:06,697] {logging_mixin.py:115} INFO - [2023-02-01 15:57:06,697] {dag.py:2915} INFO - Setting next_dagrun for 1_mi_primer_dag to 2023-02-01T00:00:00+00:00, run_after=2023-02-02T00:00:00+00:00
[2023-02-01 15:57:06,761] {processor.py:161} INFO - Processing /c/Airflow/dags/Airflow2_0_De_0_a_Heroe/1_mi_primer_dag.py took 0.164 seconds
[2023-02-01 15:57:38,417] {processor.py:153} INFO - Started process (PID=12112) to work on /c/Airflow/dags/Airflow2_0_De_0_a_Heroe/1_mi_primer_dag.py
[2023-02-01 15:57:38,418] {processor.py:641} INFO - Processing file /c/Airflow/dags/Airflow2_0_De_0_a_Heroe/1_mi_primer_dag.py for tasks to queue
[2023-02-01 15:57:38,419] {logging_mixin.py:115} INFO - [2023-02-01 15:57:38,419] {dagbag.py:507} INFO - Filling up the DagBag from /c/Airflow/dags/Airflow2_0_De_0_a_Heroe/1_mi_primer_dag.py
[2023-02-01 15:57:38,447] {processor.py:651} INFO - DAG(s) dict_keys(['1_mi_primer_dag']) retrieved from /c/Airflow/dags/Airflow2_0_De_0_a_Heroe/1_mi_primer_dag.py
[2023-02-01 15:57:38,469] {logging_mixin.py:115} INFO - [2023-02-01 15:57:38,469] {dag.py:2371} INFO - Sync 1 DAGs
[2023-02-01 15:57:38,486] {logging_mixin.py:115} INFO - [2023-02-01 15:57:38,486] {dag.py:2915} INFO - Setting next_dagrun for 1_mi_primer_dag to 2023-02-01T00:00:00+00:00, run_after=2023-02-02T00:00:00+00:00
[2023-02-01 15:57:38,531] {processor.py:161} INFO - Processing /c/Airflow/dags/Airflow2_0_De_0_a_Heroe/1_mi_primer_dag.py took 0.115 seconds
[2023-02-01 15:58:09,954] {processor.py:153} INFO - Started process (PID=12132) to work on /c/Airflow/dags/Airflow2_0_De_0_a_Heroe/1_mi_primer_dag.py
[2023-02-01 15:58:09,955] {processor.py:641} INFO - Processing file /c/Airflow/dags/Airflow2_0_De_0_a_Heroe/1_mi_primer_dag.py for tasks to queue
[2023-02-01 15:58:09,956] {logging_mixin.py:115} INFO - [2023-02-01 15:58:09,956] {dagbag.py:507} INFO - Filling up the DagBag from /c/Airflow/dags/Airflow2_0_De_0_a_Heroe/1_mi_primer_dag.py
[2023-02-01 15:58:09,984] {processor.py:651} INFO - DAG(s) dict_keys(['1_mi_primer_dag']) retrieved from /c/Airflow/dags/Airflow2_0_De_0_a_Heroe/1_mi_primer_dag.py
[2023-02-01 15:58:10,007] {logging_mixin.py:115} INFO - [2023-02-01 15:58:10,007] {dag.py:2371} INFO - Sync 1 DAGs
[2023-02-01 15:58:10,028] {logging_mixin.py:115} INFO - [2023-02-01 15:58:10,028] {dag.py:2915} INFO - Setting next_dagrun for 1_mi_primer_dag to 2023-02-01T00:00:00+00:00, run_after=2023-02-02T00:00:00+00:00
[2023-02-01 15:58:10,077] {processor.py:161} INFO - Processing /c/Airflow/dags/Airflow2_0_De_0_a_Heroe/1_mi_primer_dag.py took 0.125 seconds
[2023-02-01 15:58:41,444] {processor.py:153} INFO - Started process (PID=12152) to work on /c/Airflow/dags/Airflow2_0_De_0_a_Heroe/1_mi_primer_dag.py
[2023-02-01 15:58:41,445] {processor.py:641} INFO - Processing file /c/Airflow/dags/Airflow2_0_De_0_a_Heroe/1_mi_primer_dag.py for tasks to queue
[2023-02-01 15:58:41,446] {logging_mixin.py:115} INFO - [2023-02-01 15:58:41,446] {dagbag.py:507} INFO - Filling up the DagBag from /c/Airflow/dags/Airflow2_0_De_0_a_Heroe/1_mi_primer_dag.py
[2023-02-01 15:58:41,481] {processor.py:651} INFO - DAG(s) dict_keys(['1_mi_primer_dag']) retrieved from /c/Airflow/dags/Airflow2_0_De_0_a_Heroe/1_mi_primer_dag.py
[2023-02-01 15:58:41,513] {logging_mixin.py:115} INFO - [2023-02-01 15:58:41,513] {dag.py:2371} INFO - Sync 1 DAGs
[2023-02-01 15:58:41,560] {logging_mixin.py:115} INFO - [2023-02-01 15:58:41,560] {dag.py:2915} INFO - Setting next_dagrun for 1_mi_primer_dag to 2023-02-01T00:00:00+00:00, run_after=2023-02-02T00:00:00+00:00
[2023-02-01 15:58:41,635] {processor.py:161} INFO - Processing /c/Airflow/dags/Airflow2_0_De_0_a_Heroe/1_mi_primer_dag.py took 0.193 seconds
[2023-02-01 15:59:12,981] {processor.py:153} INFO - Started process (PID=12172) to work on /c/Airflow/dags/Airflow2_0_De_0_a_Heroe/1_mi_primer_dag.py
[2023-02-01 15:59:12,982] {processor.py:641} INFO - Processing file /c/Airflow/dags/Airflow2_0_De_0_a_Heroe/1_mi_primer_dag.py for tasks to queue
[2023-02-01 15:59:12,983] {logging_mixin.py:115} INFO - [2023-02-01 15:59:12,983] {dagbag.py:507} INFO - Filling up the DagBag from /c/Airflow/dags/Airflow2_0_De_0_a_Heroe/1_mi_primer_dag.py
[2023-02-01 15:59:13,058] {processor.py:651} INFO - DAG(s) dict_keys(['1_mi_primer_dag']) retrieved from /c/Airflow/dags/Airflow2_0_De_0_a_Heroe/1_mi_primer_dag.py
[2023-02-01 15:59:13,127] {logging_mixin.py:115} INFO - [2023-02-01 15:59:13,127] {dag.py:2371} INFO - Sync 1 DAGs
[2023-02-01 15:59:13,163] {logging_mixin.py:115} INFO - [2023-02-01 15:59:13,162] {dag.py:2915} INFO - Setting next_dagrun for 1_mi_primer_dag to 2023-02-01T00:00:00+00:00, run_after=2023-02-02T00:00:00+00:00
[2023-02-01 15:59:13,224] {processor.py:161} INFO - Processing /c/Airflow/dags/Airflow2_0_De_0_a_Heroe/1_mi_primer_dag.py took 0.245 seconds
[2023-02-01 15:59:45,546] {processor.py:153} INFO - Started process (PID=12192) to work on /c/Airflow/dags/Airflow2_0_De_0_a_Heroe/1_mi_primer_dag.py
[2023-02-01 15:59:45,546] {processor.py:641} INFO - Processing file /c/Airflow/dags/Airflow2_0_De_0_a_Heroe/1_mi_primer_dag.py for tasks to queue
[2023-02-01 15:59:45,547] {logging_mixin.py:115} INFO - [2023-02-01 15:59:45,547] {dagbag.py:507} INFO - Filling up the DagBag from /c/Airflow/dags/Airflow2_0_De_0_a_Heroe/1_mi_primer_dag.py
[2023-02-01 15:59:45,592] {processor.py:651} INFO - DAG(s) dict_keys(['1_mi_primer_dag']) retrieved from /c/Airflow/dags/Airflow2_0_De_0_a_Heroe/1_mi_primer_dag.py
[2023-02-01 15:59:45,630] {logging_mixin.py:115} INFO - [2023-02-01 15:59:45,630] {dag.py:2371} INFO - Sync 1 DAGs
[2023-02-01 15:59:45,660] {logging_mixin.py:115} INFO - [2023-02-01 15:59:45,660] {dag.py:2915} INFO - Setting next_dagrun for 1_mi_primer_dag to 2023-02-01T00:00:00+00:00, run_after=2023-02-02T00:00:00+00:00
[2023-02-01 15:59:45,719] {processor.py:161} INFO - Processing /c/Airflow/dags/Airflow2_0_De_0_a_Heroe/1_mi_primer_dag.py took 0.176 seconds
[2023-02-01 16:00:16,048] {processor.py:153} INFO - Started process (PID=12212) to work on /c/Airflow/dags/Airflow2_0_De_0_a_Heroe/1_mi_primer_dag.py
[2023-02-01 16:00:16,049] {processor.py:641} INFO - Processing file /c/Airflow/dags/Airflow2_0_De_0_a_Heroe/1_mi_primer_dag.py for tasks to queue
[2023-02-01 16:00:16,050] {logging_mixin.py:115} INFO - [2023-02-01 16:00:16,050] {dagbag.py:507} INFO - Filling up the DagBag from /c/Airflow/dags/Airflow2_0_De_0_a_Heroe/1_mi_primer_dag.py
[2023-02-01 16:00:16,077] {processor.py:651} INFO - DAG(s) dict_keys(['1_mi_primer_dag']) retrieved from /c/Airflow/dags/Airflow2_0_De_0_a_Heroe/1_mi_primer_dag.py
[2023-02-01 16:00:16,101] {logging_mixin.py:115} INFO - [2023-02-01 16:00:16,101] {dag.py:2371} INFO - Sync 1 DAGs
[2023-02-01 16:00:16,118] {logging_mixin.py:115} INFO - [2023-02-01 16:00:16,118] {dag.py:2915} INFO - Setting next_dagrun for 1_mi_primer_dag to 2023-02-01T00:00:00+00:00, run_after=2023-02-02T00:00:00+00:00
[2023-02-01 16:00:16,170] {processor.py:161} INFO - Processing /c/Airflow/dags/Airflow2_0_De_0_a_Heroe/1_mi_primer_dag.py took 0.123 seconds
[2023-02-01 16:00:47,902] {processor.py:153} INFO - Started process (PID=12232) to work on /c/Airflow/dags/Airflow2_0_De_0_a_Heroe/1_mi_primer_dag.py
[2023-02-01 16:00:47,903] {processor.py:641} INFO - Processing file /c/Airflow/dags/Airflow2_0_De_0_a_Heroe/1_mi_primer_dag.py for tasks to queue
[2023-02-01 16:00:47,903] {logging_mixin.py:115} INFO - [2023-02-01 16:00:47,903] {dagbag.py:507} INFO - Filling up the DagBag from /c/Airflow/dags/Airflow2_0_De_0_a_Heroe/1_mi_primer_dag.py
[2023-02-01 16:00:47,931] {processor.py:651} INFO - DAG(s) dict_keys(['1_mi_primer_dag']) retrieved from /c/Airflow/dags/Airflow2_0_De_0_a_Heroe/1_mi_primer_dag.py
[2023-02-01 16:00:47,954] {logging_mixin.py:115} INFO - [2023-02-01 16:00:47,954] {dag.py:2371} INFO - Sync 1 DAGs
[2023-02-01 16:00:47,972] {logging_mixin.py:115} INFO - [2023-02-01 16:00:47,972] {dag.py:2915} INFO - Setting next_dagrun for 1_mi_primer_dag to 2023-02-01T00:00:00+00:00, run_after=2023-02-02T00:00:00+00:00
[2023-02-01 16:00:48,018] {processor.py:161} INFO - Processing /c/Airflow/dags/Airflow2_0_De_0_a_Heroe/1_mi_primer_dag.py took 0.118 seconds
[2023-02-01 16:01:19,476] {processor.py:153} INFO - Started process (PID=12252) to work on /c/Airflow/dags/Airflow2_0_De_0_a_Heroe/1_mi_primer_dag.py
[2023-02-01 16:01:19,476] {processor.py:641} INFO - Processing file /c/Airflow/dags/Airflow2_0_De_0_a_Heroe/1_mi_primer_dag.py for tasks to queue
[2023-02-01 16:01:19,477] {logging_mixin.py:115} INFO - [2023-02-01 16:01:19,477] {dagbag.py:507} INFO - Filling up the DagBag from /c/Airflow/dags/Airflow2_0_De_0_a_Heroe/1_mi_primer_dag.py
[2023-02-01 16:01:19,505] {processor.py:651} INFO - DAG(s) dict_keys(['1_mi_primer_dag']) retrieved from /c/Airflow/dags/Airflow2_0_De_0_a_Heroe/1_mi_primer_dag.py
[2023-02-01 16:01:19,527] {logging_mixin.py:115} INFO - [2023-02-01 16:01:19,527] {dag.py:2371} INFO - Sync 1 DAGs
[2023-02-01 16:01:19,544] {logging_mixin.py:115} INFO - [2023-02-01 16:01:19,544] {dag.py:2915} INFO - Setting next_dagrun for 1_mi_primer_dag to 2023-02-01T00:00:00+00:00, run_after=2023-02-02T00:00:00+00:00
[2023-02-01 16:01:19,585] {processor.py:161} INFO - Processing /c/Airflow/dags/Airflow2_0_De_0_a_Heroe/1_mi_primer_dag.py took 0.111 seconds
[2023-02-01 16:01:55,481] {processor.py:153} INFO - Started process (PID=12272) to work on /c/Airflow/dags/Airflow2_0_De_0_a_Heroe/1_mi_primer_dag.py
[2023-02-01 16:01:55,482] {processor.py:641} INFO - Processing file /c/Airflow/dags/Airflow2_0_De_0_a_Heroe/1_mi_primer_dag.py for tasks to queue
[2023-02-01 16:01:55,483] {logging_mixin.py:115} INFO - [2023-02-01 16:01:55,483] {dagbag.py:507} INFO - Filling up the DagBag from /c/Airflow/dags/Airflow2_0_De_0_a_Heroe/1_mi_primer_dag.py
[2023-02-01 16:01:55,526] {processor.py:651} INFO - DAG(s) dict_keys(['1_mi_primer_dag']) retrieved from /c/Airflow/dags/Airflow2_0_De_0_a_Heroe/1_mi_primer_dag.py
[2023-02-01 16:01:55,554] {logging_mixin.py:115} INFO - [2023-02-01 16:01:55,553] {dag.py:2371} INFO - Sync 1 DAGs
[2023-02-01 16:01:55,571] {logging_mixin.py:115} INFO - [2023-02-01 16:01:55,571] {dag.py:2915} INFO - Setting next_dagrun for 1_mi_primer_dag to 2023-02-01T00:00:00+00:00, run_after=2023-02-02T00:00:00+00:00
[2023-02-01 16:01:55,618] {processor.py:161} INFO - Processing /c/Airflow/dags/Airflow2_0_De_0_a_Heroe/1_mi_primer_dag.py took 0.139 seconds
[2023-02-01 16:02:26,448] {processor.py:153} INFO - Started process (PID=12292) to work on /c/Airflow/dags/Airflow2_0_De_0_a_Heroe/1_mi_primer_dag.py
[2023-02-01 16:02:26,449] {processor.py:641} INFO - Processing file /c/Airflow/dags/Airflow2_0_De_0_a_Heroe/1_mi_primer_dag.py for tasks to queue
[2023-02-01 16:02:26,449] {logging_mixin.py:115} INFO - [2023-02-01 16:02:26,449] {dagbag.py:507} INFO - Filling up the DagBag from /c/Airflow/dags/Airflow2_0_De_0_a_Heroe/1_mi_primer_dag.py
[2023-02-01 16:02:26,483] {processor.py:651} INFO - DAG(s) dict_keys(['1_mi_primer_dag']) retrieved from /c/Airflow/dags/Airflow2_0_De_0_a_Heroe/1_mi_primer_dag.py
[2023-02-01 16:02:26,506] {logging_mixin.py:115} INFO - [2023-02-01 16:02:26,506] {dag.py:2371} INFO - Sync 1 DAGs
[2023-02-01 16:02:26,523] {logging_mixin.py:115} INFO - [2023-02-01 16:02:26,523] {dag.py:2915} INFO - Setting next_dagrun for 1_mi_primer_dag to 2023-02-01T00:00:00+00:00, run_after=2023-02-02T00:00:00+00:00
[2023-02-01 16:02:26,570] {processor.py:161} INFO - Processing /c/Airflow/dags/Airflow2_0_De_0_a_Heroe/1_mi_primer_dag.py took 0.124 seconds
[2023-02-01 16:02:57,678] {processor.py:153} INFO - Started process (PID=12312) to work on /c/Airflow/dags/Airflow2_0_De_0_a_Heroe/1_mi_primer_dag.py
[2023-02-01 16:02:57,679] {processor.py:641} INFO - Processing file /c/Airflow/dags/Airflow2_0_De_0_a_Heroe/1_mi_primer_dag.py for tasks to queue
[2023-02-01 16:02:57,679] {logging_mixin.py:115} INFO - [2023-02-01 16:02:57,679] {dagbag.py:507} INFO - Filling up the DagBag from /c/Airflow/dags/Airflow2_0_De_0_a_Heroe/1_mi_primer_dag.py
[2023-02-01 16:02:57,707] {processor.py:651} INFO - DAG(s) dict_keys(['1_mi_primer_dag']) retrieved from /c/Airflow/dags/Airflow2_0_De_0_a_Heroe/1_mi_primer_dag.py
[2023-02-01 16:02:57,729] {logging_mixin.py:115} INFO - [2023-02-01 16:02:57,729] {dag.py:2371} INFO - Sync 1 DAGs
[2023-02-01 16:02:57,746] {logging_mixin.py:115} INFO - [2023-02-01 16:02:57,746] {dag.py:2915} INFO - Setting next_dagrun for 1_mi_primer_dag to 2023-02-01T00:00:00+00:00, run_after=2023-02-02T00:00:00+00:00
[2023-02-01 16:02:57,793] {processor.py:161} INFO - Processing /c/Airflow/dags/Airflow2_0_De_0_a_Heroe/1_mi_primer_dag.py took 0.117 seconds
[2023-02-01 16:03:28,923] {processor.py:153} INFO - Started process (PID=12332) to work on /c/Airflow/dags/Airflow2_0_De_0_a_Heroe/1_mi_primer_dag.py
[2023-02-01 16:03:28,924] {processor.py:641} INFO - Processing file /c/Airflow/dags/Airflow2_0_De_0_a_Heroe/1_mi_primer_dag.py for tasks to queue
[2023-02-01 16:03:28,925] {logging_mixin.py:115} INFO - [2023-02-01 16:03:28,925] {dagbag.py:507} INFO - Filling up the DagBag from /c/Airflow/dags/Airflow2_0_De_0_a_Heroe/1_mi_primer_dag.py
[2023-02-01 16:03:28,958] {processor.py:651} INFO - DAG(s) dict_keys(['1_mi_primer_dag']) retrieved from /c/Airflow/dags/Airflow2_0_De_0_a_Heroe/1_mi_primer_dag.py
[2023-02-01 16:03:28,981] {logging_mixin.py:115} INFO - [2023-02-01 16:03:28,981] {dag.py:2371} INFO - Sync 1 DAGs
[2023-02-01 16:03:29,000] {logging_mixin.py:115} INFO - [2023-02-01 16:03:29,000] {dag.py:2915} INFO - Setting next_dagrun for 1_mi_primer_dag to 2023-02-01T00:00:00+00:00, run_after=2023-02-02T00:00:00+00:00
[2023-02-01 16:03:29,051] {processor.py:161} INFO - Processing /c/Airflow/dags/Airflow2_0_De_0_a_Heroe/1_mi_primer_dag.py took 0.130 seconds
[2023-02-01 16:04:00,087] {processor.py:153} INFO - Started process (PID=12352) to work on /c/Airflow/dags/Airflow2_0_De_0_a_Heroe/1_mi_primer_dag.py
[2023-02-01 16:04:00,087] {processor.py:641} INFO - Processing file /c/Airflow/dags/Airflow2_0_De_0_a_Heroe/1_mi_primer_dag.py for tasks to queue
[2023-02-01 16:04:00,088] {logging_mixin.py:115} INFO - [2023-02-01 16:04:00,088] {dagbag.py:507} INFO - Filling up the DagBag from /c/Airflow/dags/Airflow2_0_De_0_a_Heroe/1_mi_primer_dag.py
[2023-02-01 16:04:00,172] {processor.py:651} INFO - DAG(s) dict_keys(['1_mi_primer_dag']) retrieved from /c/Airflow/dags/Airflow2_0_De_0_a_Heroe/1_mi_primer_dag.py
[2023-02-01 16:04:00,201] {logging_mixin.py:115} INFO - [2023-02-01 16:04:00,201] {dag.py:2371} INFO - Sync 1 DAGs
[2023-02-01 16:04:00,218] {logging_mixin.py:115} INFO - [2023-02-01 16:04:00,218] {dag.py:2915} INFO - Setting next_dagrun for 1_mi_primer_dag to 2023-02-01T00:00:00+00:00, run_after=2023-02-02T00:00:00+00:00
[2023-02-01 16:04:00,263] {processor.py:161} INFO - Processing /c/Airflow/dags/Airflow2_0_De_0_a_Heroe/1_mi_primer_dag.py took 0.179 seconds
[2023-02-01 16:04:31,167] {processor.py:153} INFO - Started process (PID=12372) to work on /c/Airflow/dags/Airflow2_0_De_0_a_Heroe/1_mi_primer_dag.py
[2023-02-01 16:04:31,168] {processor.py:641} INFO - Processing file /c/Airflow/dags/Airflow2_0_De_0_a_Heroe/1_mi_primer_dag.py for tasks to queue
[2023-02-01 16:04:31,169] {logging_mixin.py:115} INFO - [2023-02-01 16:04:31,169] {dagbag.py:507} INFO - Filling up the DagBag from /c/Airflow/dags/Airflow2_0_De_0_a_Heroe/1_mi_primer_dag.py
[2023-02-01 16:04:31,198] {processor.py:651} INFO - DAG(s) dict_keys(['1_mi_primer_dag']) retrieved from /c/Airflow/dags/Airflow2_0_De_0_a_Heroe/1_mi_primer_dag.py
[2023-02-01 16:04:31,220] {logging_mixin.py:115} INFO - [2023-02-01 16:04:31,220] {dag.py:2371} INFO - Sync 1 DAGs
[2023-02-01 16:04:31,245] {logging_mixin.py:115} INFO - [2023-02-01 16:04:31,245] {dag.py:2915} INFO - Setting next_dagrun for 1_mi_primer_dag to 2023-02-01T00:00:00+00:00, run_after=2023-02-02T00:00:00+00:00
[2023-02-01 16:04:31,311] {processor.py:161} INFO - Processing /c/Airflow/dags/Airflow2_0_De_0_a_Heroe/1_mi_primer_dag.py took 0.146 seconds
[2023-02-01 16:05:02,570] {processor.py:153} INFO - Started process (PID=12392) to work on /c/Airflow/dags/Airflow2_0_De_0_a_Heroe/1_mi_primer_dag.py
[2023-02-01 16:05:02,571] {processor.py:641} INFO - Processing file /c/Airflow/dags/Airflow2_0_De_0_a_Heroe/1_mi_primer_dag.py for tasks to queue
[2023-02-01 16:05:02,572] {logging_mixin.py:115} INFO - [2023-02-01 16:05:02,572] {dagbag.py:507} INFO - Filling up the DagBag from /c/Airflow/dags/Airflow2_0_De_0_a_Heroe/1_mi_primer_dag.py
[2023-02-01 16:05:02,604] {processor.py:651} INFO - DAG(s) dict_keys(['1_mi_primer_dag']) retrieved from /c/Airflow/dags/Airflow2_0_De_0_a_Heroe/1_mi_primer_dag.py
[2023-02-01 16:05:02,627] {logging_mixin.py:115} INFO - [2023-02-01 16:05:02,627] {dag.py:2371} INFO - Sync 1 DAGs
[2023-02-01 16:05:02,644] {logging_mixin.py:115} INFO - [2023-02-01 16:05:02,644] {dag.py:2915} INFO - Setting next_dagrun for 1_mi_primer_dag to 2023-02-01T00:00:00+00:00, run_after=2023-02-02T00:00:00+00:00
[2023-02-01 16:05:02,688] {processor.py:161} INFO - Processing /c/Airflow/dags/Airflow2_0_De_0_a_Heroe/1_mi_primer_dag.py took 0.119 seconds
[2023-02-01 16:05:33,986] {processor.py:153} INFO - Started process (PID=12412) to work on /c/Airflow/dags/Airflow2_0_De_0_a_Heroe/1_mi_primer_dag.py
[2023-02-01 16:05:33,987] {processor.py:641} INFO - Processing file /c/Airflow/dags/Airflow2_0_De_0_a_Heroe/1_mi_primer_dag.py for tasks to queue
[2023-02-01 16:05:33,987] {logging_mixin.py:115} INFO - [2023-02-01 16:05:33,987] {dagbag.py:507} INFO - Filling up the DagBag from /c/Airflow/dags/Airflow2_0_De_0_a_Heroe/1_mi_primer_dag.py
[2023-02-01 16:05:34,024] {processor.py:651} INFO - DAG(s) dict_keys(['1_mi_primer_dag']) retrieved from /c/Airflow/dags/Airflow2_0_De_0_a_Heroe/1_mi_primer_dag.py
[2023-02-01 16:05:34,056] {logging_mixin.py:115} INFO - [2023-02-01 16:05:34,056] {dag.py:2371} INFO - Sync 1 DAGs
[2023-02-01 16:05:34,077] {logging_mixin.py:115} INFO - [2023-02-01 16:05:34,077] {dag.py:2915} INFO - Setting next_dagrun for 1_mi_primer_dag to 2023-02-01T00:00:00+00:00, run_after=2023-02-02T00:00:00+00:00
[2023-02-01 16:05:34,126] {processor.py:161} INFO - Processing /c/Airflow/dags/Airflow2_0_De_0_a_Heroe/1_mi_primer_dag.py took 0.143 seconds
[2023-02-01 16:06:05,145] {processor.py:153} INFO - Started process (PID=12432) to work on /c/Airflow/dags/Airflow2_0_De_0_a_Heroe/1_mi_primer_dag.py
[2023-02-01 16:06:05,146] {processor.py:641} INFO - Processing file /c/Airflow/dags/Airflow2_0_De_0_a_Heroe/1_mi_primer_dag.py for tasks to queue
[2023-02-01 16:06:05,146] {logging_mixin.py:115} INFO - [2023-02-01 16:06:05,146] {dagbag.py:507} INFO - Filling up the DagBag from /c/Airflow/dags/Airflow2_0_De_0_a_Heroe/1_mi_primer_dag.py
[2023-02-01 16:06:05,175] {processor.py:651} INFO - DAG(s) dict_keys(['1_mi_primer_dag']) retrieved from /c/Airflow/dags/Airflow2_0_De_0_a_Heroe/1_mi_primer_dag.py
[2023-02-01 16:06:05,198] {logging_mixin.py:115} INFO - [2023-02-01 16:06:05,198] {dag.py:2371} INFO - Sync 1 DAGs
[2023-02-01 16:06:05,219] {logging_mixin.py:115} INFO - [2023-02-01 16:06:05,219] {dag.py:2915} INFO - Setting next_dagrun for 1_mi_primer_dag to 2023-02-01T00:00:00+00:00, run_after=2023-02-02T00:00:00+00:00
[2023-02-01 16:06:05,262] {processor.py:161} INFO - Processing /c/Airflow/dags/Airflow2_0_De_0_a_Heroe/1_mi_primer_dag.py took 0.119 seconds
[2023-02-01 16:06:36,499] {processor.py:153} INFO - Started process (PID=12452) to work on /c/Airflow/dags/Airflow2_0_De_0_a_Heroe/1_mi_primer_dag.py
[2023-02-01 16:06:36,499] {processor.py:641} INFO - Processing file /c/Airflow/dags/Airflow2_0_De_0_a_Heroe/1_mi_primer_dag.py for tasks to queue
[2023-02-01 16:06:36,500] {logging_mixin.py:115} INFO - [2023-02-01 16:06:36,500] {dagbag.py:507} INFO - Filling up the DagBag from /c/Airflow/dags/Airflow2_0_De_0_a_Heroe/1_mi_primer_dag.py
[2023-02-01 16:06:36,528] {processor.py:651} INFO - DAG(s) dict_keys(['1_mi_primer_dag']) retrieved from /c/Airflow/dags/Airflow2_0_De_0_a_Heroe/1_mi_primer_dag.py
[2023-02-01 16:06:36,550] {logging_mixin.py:115} INFO - [2023-02-01 16:06:36,550] {dag.py:2371} INFO - Sync 1 DAGs
[2023-02-01 16:06:36,573] {logging_mixin.py:115} INFO - [2023-02-01 16:06:36,573] {dag.py:2915} INFO - Setting next_dagrun for 1_mi_primer_dag to 2023-02-01T00:00:00+00:00, run_after=2023-02-02T00:00:00+00:00
[2023-02-01 16:06:36,618] {processor.py:161} INFO - Processing /c/Airflow/dags/Airflow2_0_De_0_a_Heroe/1_mi_primer_dag.py took 0.121 seconds
[2023-02-01 16:07:07,484] {processor.py:153} INFO - Started process (PID=12472) to work on /c/Airflow/dags/Airflow2_0_De_0_a_Heroe/1_mi_primer_dag.py
[2023-02-01 16:07:07,485] {processor.py:641} INFO - Processing file /c/Airflow/dags/Airflow2_0_De_0_a_Heroe/1_mi_primer_dag.py for tasks to queue
[2023-02-01 16:07:07,486] {logging_mixin.py:115} INFO - [2023-02-01 16:07:07,486] {dagbag.py:507} INFO - Filling up the DagBag from /c/Airflow/dags/Airflow2_0_De_0_a_Heroe/1_mi_primer_dag.py
[2023-02-01 16:07:07,514] {processor.py:651} INFO - DAG(s) dict_keys(['1_mi_primer_dag']) retrieved from /c/Airflow/dags/Airflow2_0_De_0_a_Heroe/1_mi_primer_dag.py
[2023-02-01 16:07:07,536] {logging_mixin.py:115} INFO - [2023-02-01 16:07:07,536] {dag.py:2371} INFO - Sync 1 DAGs
[2023-02-01 16:07:07,554] {logging_mixin.py:115} INFO - [2023-02-01 16:07:07,553] {dag.py:2915} INFO - Setting next_dagrun for 1_mi_primer_dag to 2023-02-01T00:00:00+00:00, run_after=2023-02-02T00:00:00+00:00
[2023-02-01 16:07:07,600] {processor.py:161} INFO - Processing /c/Airflow/dags/Airflow2_0_De_0_a_Heroe/1_mi_primer_dag.py took 0.118 seconds
[2023-02-01 16:07:37,967] {processor.py:153} INFO - Started process (PID=12492) to work on /c/Airflow/dags/Airflow2_0_De_0_a_Heroe/1_mi_primer_dag.py
[2023-02-01 16:07:37,968] {processor.py:641} INFO - Processing file /c/Airflow/dags/Airflow2_0_De_0_a_Heroe/1_mi_primer_dag.py for tasks to queue
[2023-02-01 16:07:37,969] {logging_mixin.py:115} INFO - [2023-02-01 16:07:37,969] {dagbag.py:507} INFO - Filling up the DagBag from /c/Airflow/dags/Airflow2_0_De_0_a_Heroe/1_mi_primer_dag.py
[2023-02-01 16:07:38,004] {processor.py:651} INFO - DAG(s) dict_keys(['1_mi_primer_dag']) retrieved from /c/Airflow/dags/Airflow2_0_De_0_a_Heroe/1_mi_primer_dag.py
[2023-02-01 16:07:38,051] {logging_mixin.py:115} INFO - [2023-02-01 16:07:38,051] {dag.py:2371} INFO - Sync 1 DAGs
[2023-02-01 16:07:38,091] {logging_mixin.py:115} INFO - [2023-02-01 16:07:38,091] {dag.py:2915} INFO - Setting next_dagrun for 1_mi_primer_dag to 2023-02-01T00:00:00+00:00, run_after=2023-02-02T00:00:00+00:00
[2023-02-01 16:07:38,150] {processor.py:161} INFO - Processing /c/Airflow/dags/Airflow2_0_De_0_a_Heroe/1_mi_primer_dag.py took 0.185 seconds
[2023-02-01 16:08:08,309] {processor.py:153} INFO - Started process (PID=12512) to work on /c/Airflow/dags/Airflow2_0_De_0_a_Heroe/1_mi_primer_dag.py
[2023-02-01 16:08:08,310] {processor.py:641} INFO - Processing file /c/Airflow/dags/Airflow2_0_De_0_a_Heroe/1_mi_primer_dag.py for tasks to queue
[2023-02-01 16:08:08,311] {logging_mixin.py:115} INFO - [2023-02-01 16:08:08,311] {dagbag.py:507} INFO - Filling up the DagBag from /c/Airflow/dags/Airflow2_0_De_0_a_Heroe/1_mi_primer_dag.py
[2023-02-01 16:08:08,338] {processor.py:651} INFO - DAG(s) dict_keys(['1_mi_primer_dag']) retrieved from /c/Airflow/dags/Airflow2_0_De_0_a_Heroe/1_mi_primer_dag.py
[2023-02-01 16:08:08,361] {logging_mixin.py:115} INFO - [2023-02-01 16:08:08,361] {dag.py:2371} INFO - Sync 1 DAGs
[2023-02-01 16:08:08,378] {logging_mixin.py:115} INFO - [2023-02-01 16:08:08,378] {dag.py:2915} INFO - Setting next_dagrun for 1_mi_primer_dag to 2023-02-01T00:00:00+00:00, run_after=2023-02-02T00:00:00+00:00
[2023-02-01 16:08:08,427] {processor.py:161} INFO - Processing /c/Airflow/dags/Airflow2_0_De_0_a_Heroe/1_mi_primer_dag.py took 0.120 seconds
[2023-02-01 16:08:40,072] {processor.py:153} INFO - Started process (PID=12532) to work on /c/Airflow/dags/Airflow2_0_De_0_a_Heroe/1_mi_primer_dag.py
[2023-02-01 16:08:40,072] {processor.py:641} INFO - Processing file /c/Airflow/dags/Airflow2_0_De_0_a_Heroe/1_mi_primer_dag.py for tasks to queue
[2023-02-01 16:08:40,073] {logging_mixin.py:115} INFO - [2023-02-01 16:08:40,073] {dagbag.py:507} INFO - Filling up the DagBag from /c/Airflow/dags/Airflow2_0_De_0_a_Heroe/1_mi_primer_dag.py
[2023-02-01 16:08:40,101] {processor.py:651} INFO - DAG(s) dict_keys(['1_mi_primer_dag']) retrieved from /c/Airflow/dags/Airflow2_0_De_0_a_Heroe/1_mi_primer_dag.py
[2023-02-01 16:08:40,123] {logging_mixin.py:115} INFO - [2023-02-01 16:08:40,123] {dag.py:2371} INFO - Sync 1 DAGs
[2023-02-01 16:08:40,141] {logging_mixin.py:115} INFO - [2023-02-01 16:08:40,141] {dag.py:2915} INFO - Setting next_dagrun for 1_mi_primer_dag to 2023-02-01T00:00:00+00:00, run_after=2023-02-02T00:00:00+00:00
[2023-02-01 16:08:40,187] {processor.py:161} INFO - Processing /c/Airflow/dags/Airflow2_0_De_0_a_Heroe/1_mi_primer_dag.py took 0.117 seconds
[2023-02-01 16:09:11,401] {processor.py:153} INFO - Started process (PID=12552) to work on /c/Airflow/dags/Airflow2_0_De_0_a_Heroe/1_mi_primer_dag.py
[2023-02-01 16:09:11,402] {processor.py:641} INFO - Processing file /c/Airflow/dags/Airflow2_0_De_0_a_Heroe/1_mi_primer_dag.py for tasks to queue
[2023-02-01 16:09:11,403] {logging_mixin.py:115} INFO - [2023-02-01 16:09:11,402] {dagbag.py:507} INFO - Filling up the DagBag from /c/Airflow/dags/Airflow2_0_De_0_a_Heroe/1_mi_primer_dag.py
[2023-02-01 16:09:11,433] {processor.py:651} INFO - DAG(s) dict_keys(['1_mi_primer_dag']) retrieved from /c/Airflow/dags/Airflow2_0_De_0_a_Heroe/1_mi_primer_dag.py
[2023-02-01 16:09:11,459] {logging_mixin.py:115} INFO - [2023-02-01 16:09:11,459] {dag.py:2371} INFO - Sync 1 DAGs
[2023-02-01 16:09:11,478] {logging_mixin.py:115} INFO - [2023-02-01 16:09:11,478] {dag.py:2915} INFO - Setting next_dagrun for 1_mi_primer_dag to 2023-02-01T00:00:00+00:00, run_after=2023-02-02T00:00:00+00:00
[2023-02-01 16:09:11,529] {processor.py:161} INFO - Processing /c/Airflow/dags/Airflow2_0_De_0_a_Heroe/1_mi_primer_dag.py took 0.129 seconds
[2023-02-01 16:09:42,950] {processor.py:153} INFO - Started process (PID=12572) to work on /c/Airflow/dags/Airflow2_0_De_0_a_Heroe/1_mi_primer_dag.py
[2023-02-01 16:09:42,951] {processor.py:641} INFO - Processing file /c/Airflow/dags/Airflow2_0_De_0_a_Heroe/1_mi_primer_dag.py for tasks to queue
[2023-02-01 16:09:42,952] {logging_mixin.py:115} INFO - [2023-02-01 16:09:42,952] {dagbag.py:507} INFO - Filling up the DagBag from /c/Airflow/dags/Airflow2_0_De_0_a_Heroe/1_mi_primer_dag.py
[2023-02-01 16:09:42,979] {processor.py:651} INFO - DAG(s) dict_keys(['1_mi_primer_dag']) retrieved from /c/Airflow/dags/Airflow2_0_De_0_a_Heroe/1_mi_primer_dag.py
[2023-02-01 16:09:43,002] {logging_mixin.py:115} INFO - [2023-02-01 16:09:43,002] {dag.py:2371} INFO - Sync 1 DAGs
[2023-02-01 16:09:43,019] {logging_mixin.py:115} INFO - [2023-02-01 16:09:43,019] {dag.py:2915} INFO - Setting next_dagrun for 1_mi_primer_dag to 2023-02-01T00:00:00+00:00, run_after=2023-02-02T00:00:00+00:00
[2023-02-01 16:09:43,070] {processor.py:161} INFO - Processing /c/Airflow/dags/Airflow2_0_De_0_a_Heroe/1_mi_primer_dag.py took 0.122 seconds
[2023-02-01 16:10:14,266] {processor.py:153} INFO - Started process (PID=12592) to work on /c/Airflow/dags/Airflow2_0_De_0_a_Heroe/1_mi_primer_dag.py
[2023-02-01 16:10:14,266] {processor.py:641} INFO - Processing file /c/Airflow/dags/Airflow2_0_De_0_a_Heroe/1_mi_primer_dag.py for tasks to queue
[2023-02-01 16:10:14,267] {logging_mixin.py:115} INFO - [2023-02-01 16:10:14,267] {dagbag.py:507} INFO - Filling up the DagBag from /c/Airflow/dags/Airflow2_0_De_0_a_Heroe/1_mi_primer_dag.py
[2023-02-01 16:10:14,301] {processor.py:651} INFO - DAG(s) dict_keys(['1_mi_primer_dag']) retrieved from /c/Airflow/dags/Airflow2_0_De_0_a_Heroe/1_mi_primer_dag.py
[2023-02-01 16:10:14,325] {logging_mixin.py:115} INFO - [2023-02-01 16:10:14,325] {dag.py:2371} INFO - Sync 1 DAGs
[2023-02-01 16:10:14,342] {logging_mixin.py:115} INFO - [2023-02-01 16:10:14,342] {dag.py:2915} INFO - Setting next_dagrun for 1_mi_primer_dag to 2023-02-01T00:00:00+00:00, run_after=2023-02-02T00:00:00+00:00
[2023-02-01 16:10:14,381] {processor.py:161} INFO - Processing /c/Airflow/dags/Airflow2_0_De_0_a_Heroe/1_mi_primer_dag.py took 0.117 seconds
[2023-02-01 16:10:54,176] {processor.py:153} INFO - Started process (PID=12661) to work on /c/Airflow/dags/Airflow2_0_De_0_a_Heroe/1_mi_primer_dag.py
[2023-02-01 16:10:54,177] {processor.py:641} INFO - Processing file /c/Airflow/dags/Airflow2_0_De_0_a_Heroe/1_mi_primer_dag.py for tasks to queue
[2023-02-01 16:10:54,178] {logging_mixin.py:115} INFO - [2023-02-01 16:10:54,178] {dagbag.py:507} INFO - Filling up the DagBag from /c/Airflow/dags/Airflow2_0_De_0_a_Heroe/1_mi_primer_dag.py
[2023-02-01 16:10:54,207] {processor.py:651} INFO - DAG(s) dict_keys(['1_mi_primer_dag']) retrieved from /c/Airflow/dags/Airflow2_0_De_0_a_Heroe/1_mi_primer_dag.py
[2023-02-01 16:10:54,231] {logging_mixin.py:115} INFO - [2023-02-01 16:10:54,230] {dag.py:2371} INFO - Sync 1 DAGs
[2023-02-01 16:10:54,248] {logging_mixin.py:115} INFO - [2023-02-01 16:10:54,248] {dag.py:2915} INFO - Setting next_dagrun for 1_mi_primer_dag to 2023-02-01T00:00:00+00:00, run_after=2023-02-02T00:00:00+00:00
[2023-02-01 16:10:54,291] {processor.py:161} INFO - Processing /c/Airflow/dags/Airflow2_0_De_0_a_Heroe/1_mi_primer_dag.py took 0.117 seconds
[2023-02-01 16:11:25,028] {processor.py:153} INFO - Started process (PID=12681) to work on /c/Airflow/dags/Airflow2_0_De_0_a_Heroe/1_mi_primer_dag.py
[2023-02-01 16:11:25,028] {processor.py:641} INFO - Processing file /c/Airflow/dags/Airflow2_0_De_0_a_Heroe/1_mi_primer_dag.py for tasks to queue
[2023-02-01 16:11:25,029] {logging_mixin.py:115} INFO - [2023-02-01 16:11:25,029] {dagbag.py:507} INFO - Filling up the DagBag from /c/Airflow/dags/Airflow2_0_De_0_a_Heroe/1_mi_primer_dag.py
[2023-02-01 16:11:25,057] {processor.py:651} INFO - DAG(s) dict_keys(['1_mi_primer_dag']) retrieved from /c/Airflow/dags/Airflow2_0_De_0_a_Heroe/1_mi_primer_dag.py
[2023-02-01 16:11:25,078] {logging_mixin.py:115} INFO - [2023-02-01 16:11:25,078] {dag.py:2371} INFO - Sync 1 DAGs
[2023-02-01 16:11:25,096] {logging_mixin.py:115} INFO - [2023-02-01 16:11:25,096] {dag.py:2915} INFO - Setting next_dagrun for 1_mi_primer_dag to 2023-02-01T00:00:00+00:00, run_after=2023-02-02T00:00:00+00:00
[2023-02-01 16:11:25,142] {processor.py:161} INFO - Processing /c/Airflow/dags/Airflow2_0_De_0_a_Heroe/1_mi_primer_dag.py took 0.116 seconds
[2023-02-01 16:12:00,217] {processor.py:153} INFO - Started process (PID=12703) to work on /c/Airflow/dags/Airflow2_0_De_0_a_Heroe/1_mi_primer_dag.py
[2023-02-01 16:12:00,218] {processor.py:641} INFO - Processing file /c/Airflow/dags/Airflow2_0_De_0_a_Heroe/1_mi_primer_dag.py for tasks to queue
[2023-02-01 16:12:00,219] {logging_mixin.py:115} INFO - [2023-02-01 16:12:00,219] {dagbag.py:507} INFO - Filling up the DagBag from /c/Airflow/dags/Airflow2_0_De_0_a_Heroe/1_mi_primer_dag.py
[2023-02-01 16:12:00,251] {processor.py:651} INFO - DAG(s) dict_keys(['1_mi_primer_dag']) retrieved from /c/Airflow/dags/Airflow2_0_De_0_a_Heroe/1_mi_primer_dag.py
[2023-02-01 16:12:00,274] {logging_mixin.py:115} INFO - [2023-02-01 16:12:00,274] {dag.py:2371} INFO - Sync 1 DAGs
[2023-02-01 16:12:00,292] {logging_mixin.py:115} INFO - [2023-02-01 16:12:00,292] {dag.py:2915} INFO - Setting next_dagrun for 1_mi_primer_dag to 2023-02-01T00:00:00+00:00, run_after=2023-02-02T00:00:00+00:00
[2023-02-01 16:12:00,337] {processor.py:161} INFO - Processing /c/Airflow/dags/Airflow2_0_De_0_a_Heroe/1_mi_primer_dag.py took 0.121 seconds
[2023-02-01 16:12:32,690] {processor.py:153} INFO - Started process (PID=12723) to work on /c/Airflow/dags/Airflow2_0_De_0_a_Heroe/1_mi_primer_dag.py
[2023-02-01 16:12:32,691] {processor.py:641} INFO - Processing file /c/Airflow/dags/Airflow2_0_De_0_a_Heroe/1_mi_primer_dag.py for tasks to queue
[2023-02-01 16:12:32,691] {logging_mixin.py:115} INFO - [2023-02-01 16:12:32,691] {dagbag.py:507} INFO - Filling up the DagBag from /c/Airflow/dags/Airflow2_0_De_0_a_Heroe/1_mi_primer_dag.py
[2023-02-01 16:12:32,727] {processor.py:651} INFO - DAG(s) dict_keys(['1_mi_primer_dag']) retrieved from /c/Airflow/dags/Airflow2_0_De_0_a_Heroe/1_mi_primer_dag.py
[2023-02-01 16:12:32,765] {logging_mixin.py:115} INFO - [2023-02-01 16:12:32,765] {dag.py:2371} INFO - Sync 1 DAGs
[2023-02-01 16:12:32,794] {logging_mixin.py:115} INFO - [2023-02-01 16:12:32,794] {dag.py:2915} INFO - Setting next_dagrun for 1_mi_primer_dag to 2023-02-01T00:00:00+00:00, run_after=2023-02-02T00:00:00+00:00
[2023-02-01 16:12:32,854] {processor.py:161} INFO - Processing /c/Airflow/dags/Airflow2_0_De_0_a_Heroe/1_mi_primer_dag.py took 0.166 seconds
[2023-02-01 16:13:03,530] {processor.py:153} INFO - Started process (PID=12789) to work on /c/Airflow/dags/Airflow2_0_De_0_a_Heroe/1_mi_primer_dag.py
[2023-02-01 16:13:03,531] {processor.py:641} INFO - Processing file /c/Airflow/dags/Airflow2_0_De_0_a_Heroe/1_mi_primer_dag.py for tasks to queue
[2023-02-01 16:13:03,532] {logging_mixin.py:115} INFO - [2023-02-01 16:13:03,532] {dagbag.py:507} INFO - Filling up the DagBag from /c/Airflow/dags/Airflow2_0_De_0_a_Heroe/1_mi_primer_dag.py
[2023-02-01 16:13:03,574] {processor.py:651} INFO - DAG(s) dict_keys(['1_mi_primer_dag']) retrieved from /c/Airflow/dags/Airflow2_0_De_0_a_Heroe/1_mi_primer_dag.py
[2023-02-01 16:13:03,596] {logging_mixin.py:115} INFO - [2023-02-01 16:13:03,596] {dag.py:2371} INFO - Sync 1 DAGs
[2023-02-01 16:13:03,614] {logging_mixin.py:115} INFO - [2023-02-01 16:13:03,614] {dag.py:2915} INFO - Setting next_dagrun for 1_mi_primer_dag to 2023-02-01T00:00:00+00:00, run_after=2023-02-02T00:00:00+00:00
[2023-02-01 16:13:03,661] {processor.py:161} INFO - Processing /c/Airflow/dags/Airflow2_0_De_0_a_Heroe/1_mi_primer_dag.py took 0.133 seconds
[2023-02-01 16:13:35,037] {processor.py:153} INFO - Started process (PID=12809) to work on /c/Airflow/dags/Airflow2_0_De_0_a_Heroe/1_mi_primer_dag.py
[2023-02-01 16:13:35,038] {processor.py:641} INFO - Processing file /c/Airflow/dags/Airflow2_0_De_0_a_Heroe/1_mi_primer_dag.py for tasks to queue
[2023-02-01 16:13:35,039] {logging_mixin.py:115} INFO - [2023-02-01 16:13:35,039] {dagbag.py:507} INFO - Filling up the DagBag from /c/Airflow/dags/Airflow2_0_De_0_a_Heroe/1_mi_primer_dag.py
[2023-02-01 16:13:35,077] {processor.py:651} INFO - DAG(s) dict_keys(['1_mi_primer_dag']) retrieved from /c/Airflow/dags/Airflow2_0_De_0_a_Heroe/1_mi_primer_dag.py
[2023-02-01 16:13:35,107] {logging_mixin.py:115} INFO - [2023-02-01 16:13:35,107] {dag.py:2371} INFO - Sync 1 DAGs
[2023-02-01 16:13:35,128] {logging_mixin.py:115} INFO - [2023-02-01 16:13:35,128] {dag.py:2915} INFO - Setting next_dagrun for 1_mi_primer_dag to 2023-02-01T00:00:00+00:00, run_after=2023-02-02T00:00:00+00:00
[2023-02-01 16:13:35,177] {processor.py:161} INFO - Processing /c/Airflow/dags/Airflow2_0_De_0_a_Heroe/1_mi_primer_dag.py took 0.142 seconds
[2023-02-01 16:14:06,133] {processor.py:153} INFO - Started process (PID=12829) to work on /c/Airflow/dags/Airflow2_0_De_0_a_Heroe/1_mi_primer_dag.py
[2023-02-01 16:14:06,135] {processor.py:641} INFO - Processing file /c/Airflow/dags/Airflow2_0_De_0_a_Heroe/1_mi_primer_dag.py for tasks to queue
[2023-02-01 16:14:06,135] {logging_mixin.py:115} INFO - [2023-02-01 16:14:06,135] {dagbag.py:507} INFO - Filling up the DagBag from /c/Airflow/dags/Airflow2_0_De_0_a_Heroe/1_mi_primer_dag.py
[2023-02-01 16:14:06,218] {processor.py:651} INFO - DAG(s) dict_keys(['1_mi_primer_dag']) retrieved from /c/Airflow/dags/Airflow2_0_De_0_a_Heroe/1_mi_primer_dag.py
[2023-02-01 16:14:06,269] {logging_mixin.py:115} INFO - [2023-02-01 16:14:06,269] {dag.py:2371} INFO - Sync 1 DAGs
[2023-02-01 16:14:06,292] {logging_mixin.py:115} INFO - [2023-02-01 16:14:06,292] {dag.py:2915} INFO - Setting next_dagrun for 1_mi_primer_dag to 2023-02-01T00:00:00+00:00, run_after=2023-02-02T00:00:00+00:00
[2023-02-01 16:14:06,344] {processor.py:161} INFO - Processing /c/Airflow/dags/Airflow2_0_De_0_a_Heroe/1_mi_primer_dag.py took 0.213 seconds
[2023-02-01 16:14:36,970] {processor.py:153} INFO - Started process (PID=12849) to work on /c/Airflow/dags/Airflow2_0_De_0_a_Heroe/1_mi_primer_dag.py
[2023-02-01 16:14:36,972] {processor.py:641} INFO - Processing file /c/Airflow/dags/Airflow2_0_De_0_a_Heroe/1_mi_primer_dag.py for tasks to queue
[2023-02-01 16:14:36,973] {logging_mixin.py:115} INFO - [2023-02-01 16:14:36,972] {dagbag.py:507} INFO - Filling up the DagBag from /c/Airflow/dags/Airflow2_0_De_0_a_Heroe/1_mi_primer_dag.py
[2023-02-01 16:14:37,005] {processor.py:651} INFO - DAG(s) dict_keys(['1_mi_primer_dag']) retrieved from /c/Airflow/dags/Airflow2_0_De_0_a_Heroe/1_mi_primer_dag.py
[2023-02-01 16:14:37,035] {logging_mixin.py:115} INFO - [2023-02-01 16:14:37,035] {dag.py:2371} INFO - Sync 1 DAGs
[2023-02-01 16:14:37,055] {logging_mixin.py:115} INFO - [2023-02-01 16:14:37,055] {dag.py:2915} INFO - Setting next_dagrun for 1_mi_primer_dag to 2023-02-01T00:00:00+00:00, run_after=2023-02-02T00:00:00+00:00
[2023-02-01 16:14:37,105] {processor.py:161} INFO - Processing /c/Airflow/dags/Airflow2_0_De_0_a_Heroe/1_mi_primer_dag.py took 0.137 seconds
[2023-02-01 16:15:09,669] {processor.py:153} INFO - Started process (PID=12869) to work on /c/Airflow/dags/Airflow2_0_De_0_a_Heroe/1_mi_primer_dag.py
[2023-02-01 16:15:09,671] {processor.py:641} INFO - Processing file /c/Airflow/dags/Airflow2_0_De_0_a_Heroe/1_mi_primer_dag.py for tasks to queue
[2023-02-01 16:15:09,672] {logging_mixin.py:115} INFO - [2023-02-01 16:15:09,672] {dagbag.py:507} INFO - Filling up the DagBag from /c/Airflow/dags/Airflow2_0_De_0_a_Heroe/1_mi_primer_dag.py
[2023-02-01 16:15:09,705] {processor.py:651} INFO - DAG(s) dict_keys(['1_mi_primer_dag']) retrieved from /c/Airflow/dags/Airflow2_0_De_0_a_Heroe/1_mi_primer_dag.py
[2023-02-01 16:15:09,736] {logging_mixin.py:115} INFO - [2023-02-01 16:15:09,736] {dag.py:2371} INFO - Sync 1 DAGs
[2023-02-01 16:15:09,758] {logging_mixin.py:115} INFO - [2023-02-01 16:15:09,758] {dag.py:2915} INFO - Setting next_dagrun for 1_mi_primer_dag to 2023-02-01T00:00:00+00:00, run_after=2023-02-02T00:00:00+00:00
[2023-02-01 16:15:09,811] {processor.py:161} INFO - Processing /c/Airflow/dags/Airflow2_0_De_0_a_Heroe/1_mi_primer_dag.py took 0.144 seconds
[2023-02-01 16:15:40,653] {processor.py:153} INFO - Started process (PID=12889) to work on /c/Airflow/dags/Airflow2_0_De_0_a_Heroe/1_mi_primer_dag.py
[2023-02-01 16:15:40,654] {processor.py:641} INFO - Processing file /c/Airflow/dags/Airflow2_0_De_0_a_Heroe/1_mi_primer_dag.py for tasks to queue
[2023-02-01 16:15:40,655] {logging_mixin.py:115} INFO - [2023-02-01 16:15:40,655] {dagbag.py:507} INFO - Filling up the DagBag from /c/Airflow/dags/Airflow2_0_De_0_a_Heroe/1_mi_primer_dag.py
[2023-02-01 16:15:40,692] {processor.py:651} INFO - DAG(s) dict_keys(['1_mi_primer_dag']) retrieved from /c/Airflow/dags/Airflow2_0_De_0_a_Heroe/1_mi_primer_dag.py
[2023-02-01 16:15:40,728] {logging_mixin.py:115} INFO - [2023-02-01 16:15:40,728] {dag.py:2371} INFO - Sync 1 DAGs
[2023-02-01 16:15:40,753] {logging_mixin.py:115} INFO - [2023-02-01 16:15:40,752] {dag.py:2915} INFO - Setting next_dagrun for 1_mi_primer_dag to 2023-02-01T00:00:00+00:00, run_after=2023-02-02T00:00:00+00:00
[2023-02-01 16:15:40,804] {processor.py:161} INFO - Processing /c/Airflow/dags/Airflow2_0_De_0_a_Heroe/1_mi_primer_dag.py took 0.153 seconds
[2023-02-01 16:16:11,932] {processor.py:153} INFO - Started process (PID=12909) to work on /c/Airflow/dags/Airflow2_0_De_0_a_Heroe/1_mi_primer_dag.py
[2023-02-01 16:16:11,933] {processor.py:641} INFO - Processing file /c/Airflow/dags/Airflow2_0_De_0_a_Heroe/1_mi_primer_dag.py for tasks to queue
[2023-02-01 16:16:11,934] {logging_mixin.py:115} INFO - [2023-02-01 16:16:11,934] {dagbag.py:507} INFO - Filling up the DagBag from /c/Airflow/dags/Airflow2_0_De_0_a_Heroe/1_mi_primer_dag.py
[2023-02-01 16:16:11,963] {processor.py:651} INFO - DAG(s) dict_keys(['1_mi_primer_dag']) retrieved from /c/Airflow/dags/Airflow2_0_De_0_a_Heroe/1_mi_primer_dag.py
[2023-02-01 16:16:11,984] {logging_mixin.py:115} INFO - [2023-02-01 16:16:11,984] {dag.py:2371} INFO - Sync 1 DAGs
[2023-02-01 16:16:12,002] {logging_mixin.py:115} INFO - [2023-02-01 16:16:12,002] {dag.py:2915} INFO - Setting next_dagrun for 1_mi_primer_dag to 2023-02-01T00:00:00+00:00, run_after=2023-02-02T00:00:00+00:00
[2023-02-01 16:16:12,049] {processor.py:161} INFO - Processing /c/Airflow/dags/Airflow2_0_De_0_a_Heroe/1_mi_primer_dag.py took 0.119 seconds
[2023-02-01 16:16:42,868] {processor.py:153} INFO - Started process (PID=12929) to work on /c/Airflow/dags/Airflow2_0_De_0_a_Heroe/1_mi_primer_dag.py
[2023-02-01 16:16:42,868] {processor.py:641} INFO - Processing file /c/Airflow/dags/Airflow2_0_De_0_a_Heroe/1_mi_primer_dag.py for tasks to queue
[2023-02-01 16:16:42,869] {logging_mixin.py:115} INFO - [2023-02-01 16:16:42,869] {dagbag.py:507} INFO - Filling up the DagBag from /c/Airflow/dags/Airflow2_0_De_0_a_Heroe/1_mi_primer_dag.py
[2023-02-01 16:16:42,897] {processor.py:651} INFO - DAG(s) dict_keys(['1_mi_primer_dag']) retrieved from /c/Airflow/dags/Airflow2_0_De_0_a_Heroe/1_mi_primer_dag.py
[2023-02-01 16:16:42,920] {logging_mixin.py:115} INFO - [2023-02-01 16:16:42,920] {dag.py:2371} INFO - Sync 1 DAGs
[2023-02-01 16:16:42,938] {logging_mixin.py:115} INFO - [2023-02-01 16:16:42,938] {dag.py:2915} INFO - Setting next_dagrun for 1_mi_primer_dag to 2023-02-01T00:00:00+00:00, run_after=2023-02-02T00:00:00+00:00
[2023-02-01 16:16:42,983] {processor.py:161} INFO - Processing /c/Airflow/dags/Airflow2_0_De_0_a_Heroe/1_mi_primer_dag.py took 0.117 seconds
[2023-02-01 16:17:14,107] {processor.py:153} INFO - Started process (PID=12949) to work on /c/Airflow/dags/Airflow2_0_De_0_a_Heroe/1_mi_primer_dag.py
[2023-02-01 16:17:14,108] {processor.py:641} INFO - Processing file /c/Airflow/dags/Airflow2_0_De_0_a_Heroe/1_mi_primer_dag.py for tasks to queue
[2023-02-01 16:17:14,109] {logging_mixin.py:115} INFO - [2023-02-01 16:17:14,109] {dagbag.py:507} INFO - Filling up the DagBag from /c/Airflow/dags/Airflow2_0_De_0_a_Heroe/1_mi_primer_dag.py
[2023-02-01 16:17:14,139] {processor.py:651} INFO - DAG(s) dict_keys(['1_mi_primer_dag']) retrieved from /c/Airflow/dags/Airflow2_0_De_0_a_Heroe/1_mi_primer_dag.py
[2023-02-01 16:17:14,164] {logging_mixin.py:115} INFO - [2023-02-01 16:17:14,164] {dag.py:2371} INFO - Sync 1 DAGs
[2023-02-01 16:17:14,183] {logging_mixin.py:115} INFO - [2023-02-01 16:17:14,183] {dag.py:2915} INFO - Setting next_dagrun for 1_mi_primer_dag to 2023-02-01T00:00:00+00:00, run_after=2023-02-02T00:00:00+00:00
[2023-02-01 16:17:14,240] {processor.py:161} INFO - Processing /c/Airflow/dags/Airflow2_0_De_0_a_Heroe/1_mi_primer_dag.py took 0.136 seconds
[2023-02-01 16:17:45,112] {processor.py:153} INFO - Started process (PID=12969) to work on /c/Airflow/dags/Airflow2_0_De_0_a_Heroe/1_mi_primer_dag.py
[2023-02-01 16:17:45,113] {processor.py:641} INFO - Processing file /c/Airflow/dags/Airflow2_0_De_0_a_Heroe/1_mi_primer_dag.py for tasks to queue
[2023-02-01 16:17:45,114] {logging_mixin.py:115} INFO - [2023-02-01 16:17:45,114] {dagbag.py:507} INFO - Filling up the DagBag from /c/Airflow/dags/Airflow2_0_De_0_a_Heroe/1_mi_primer_dag.py
[2023-02-01 16:17:45,156] {processor.py:651} INFO - DAG(s) dict_keys(['1_mi_primer_dag']) retrieved from /c/Airflow/dags/Airflow2_0_De_0_a_Heroe/1_mi_primer_dag.py
[2023-02-01 16:17:45,190] {logging_mixin.py:115} INFO - [2023-02-01 16:17:45,190] {dag.py:2371} INFO - Sync 1 DAGs
[2023-02-01 16:17:45,211] {logging_mixin.py:115} INFO - [2023-02-01 16:17:45,211] {dag.py:2915} INFO - Setting next_dagrun for 1_mi_primer_dag to 2023-02-01T00:00:00+00:00, run_after=2023-02-02T00:00:00+00:00
[2023-02-01 16:17:45,257] {processor.py:161} INFO - Processing /c/Airflow/dags/Airflow2_0_De_0_a_Heroe/1_mi_primer_dag.py took 0.147 seconds
[2023-02-01 16:18:16,449] {processor.py:153} INFO - Started process (PID=12989) to work on /c/Airflow/dags/Airflow2_0_De_0_a_Heroe/1_mi_primer_dag.py
[2023-02-01 16:18:16,449] {processor.py:641} INFO - Processing file /c/Airflow/dags/Airflow2_0_De_0_a_Heroe/1_mi_primer_dag.py for tasks to queue
[2023-02-01 16:18:16,450] {logging_mixin.py:115} INFO - [2023-02-01 16:18:16,450] {dagbag.py:507} INFO - Filling up the DagBag from /c/Airflow/dags/Airflow2_0_De_0_a_Heroe/1_mi_primer_dag.py
[2023-02-01 16:18:16,479] {processor.py:651} INFO - DAG(s) dict_keys(['1_mi_primer_dag']) retrieved from /c/Airflow/dags/Airflow2_0_De_0_a_Heroe/1_mi_primer_dag.py
[2023-02-01 16:18:16,501] {logging_mixin.py:115} INFO - [2023-02-01 16:18:16,501] {dag.py:2371} INFO - Sync 1 DAGs
[2023-02-01 16:18:16,518] {logging_mixin.py:115} INFO - [2023-02-01 16:18:16,518] {dag.py:2915} INFO - Setting next_dagrun for 1_mi_primer_dag to 2023-02-01T00:00:00+00:00, run_after=2023-02-02T00:00:00+00:00
[2023-02-01 16:18:16,564] {processor.py:161} INFO - Processing /c/Airflow/dags/Airflow2_0_De_0_a_Heroe/1_mi_primer_dag.py took 0.117 seconds
[2023-02-01 16:18:47,048] {processor.py:153} INFO - Started process (PID=13055) to work on /c/Airflow/dags/Airflow2_0_De_0_a_Heroe/1_mi_primer_dag.py
[2023-02-01 16:18:47,049] {processor.py:641} INFO - Processing file /c/Airflow/dags/Airflow2_0_De_0_a_Heroe/1_mi_primer_dag.py for tasks to queue
[2023-02-01 16:18:47,050] {logging_mixin.py:115} INFO - [2023-02-01 16:18:47,050] {dagbag.py:507} INFO - Filling up the DagBag from /c/Airflow/dags/Airflow2_0_De_0_a_Heroe/1_mi_primer_dag.py
[2023-02-01 16:18:47,077] {processor.py:651} INFO - DAG(s) dict_keys(['1_mi_primer_dag']) retrieved from /c/Airflow/dags/Airflow2_0_De_0_a_Heroe/1_mi_primer_dag.py
[2023-02-01 16:18:47,099] {logging_mixin.py:115} INFO - [2023-02-01 16:18:47,099] {dag.py:2371} INFO - Sync 1 DAGs
[2023-02-01 16:18:47,116] {logging_mixin.py:115} INFO - [2023-02-01 16:18:47,116] {dag.py:2915} INFO - Setting next_dagrun for 1_mi_primer_dag to 2023-02-01T00:00:00+00:00, run_after=2023-02-02T00:00:00+00:00
[2023-02-01 16:18:47,158] {processor.py:161} INFO - Processing /c/Airflow/dags/Airflow2_0_De_0_a_Heroe/1_mi_primer_dag.py took 0.112 seconds
[2023-02-01 16:19:18,672] {processor.py:153} INFO - Started process (PID=13075) to work on /c/Airflow/dags/Airflow2_0_De_0_a_Heroe/1_mi_primer_dag.py
[2023-02-01 16:19:18,672] {processor.py:641} INFO - Processing file /c/Airflow/dags/Airflow2_0_De_0_a_Heroe/1_mi_primer_dag.py for tasks to queue
[2023-02-01 16:19:18,673] {logging_mixin.py:115} INFO - [2023-02-01 16:19:18,673] {dagbag.py:507} INFO - Filling up the DagBag from /c/Airflow/dags/Airflow2_0_De_0_a_Heroe/1_mi_primer_dag.py
[2023-02-01 16:19:18,702] {processor.py:651} INFO - DAG(s) dict_keys(['1_mi_primer_dag']) retrieved from /c/Airflow/dags/Airflow2_0_De_0_a_Heroe/1_mi_primer_dag.py
[2023-02-01 16:19:18,732] {logging_mixin.py:115} INFO - [2023-02-01 16:19:18,732] {dag.py:2371} INFO - Sync 1 DAGs
[2023-02-01 16:19:18,751] {logging_mixin.py:115} INFO - [2023-02-01 16:19:18,751] {dag.py:2915} INFO - Setting next_dagrun for 1_mi_primer_dag to 2023-02-01T00:00:00+00:00, run_after=2023-02-02T00:00:00+00:00
[2023-02-01 16:19:18,789] {processor.py:161} INFO - Processing /c/Airflow/dags/Airflow2_0_De_0_a_Heroe/1_mi_primer_dag.py took 0.120 seconds
[2023-02-01 16:19:49,645] {processor.py:153} INFO - Started process (PID=13095) to work on /c/Airflow/dags/Airflow2_0_De_0_a_Heroe/1_mi_primer_dag.py
[2023-02-01 16:19:49,646] {processor.py:641} INFO - Processing file /c/Airflow/dags/Airflow2_0_De_0_a_Heroe/1_mi_primer_dag.py for tasks to queue
[2023-02-01 16:19:49,647] {logging_mixin.py:115} INFO - [2023-02-01 16:19:49,647] {dagbag.py:507} INFO - Filling up the DagBag from /c/Airflow/dags/Airflow2_0_De_0_a_Heroe/1_mi_primer_dag.py
[2023-02-01 16:19:49,718] {processor.py:651} INFO - DAG(s) dict_keys(['1_mi_primer_dag']) retrieved from /c/Airflow/dags/Airflow2_0_De_0_a_Heroe/1_mi_primer_dag.py
[2023-02-01 16:19:49,773] {logging_mixin.py:115} INFO - [2023-02-01 16:19:49,773] {dag.py:2371} INFO - Sync 1 DAGs
[2023-02-01 16:19:49,810] {logging_mixin.py:115} INFO - [2023-02-01 16:19:49,810] {dag.py:2915} INFO - Setting next_dagrun for 1_mi_primer_dag to 2023-02-01T00:00:00+00:00, run_after=2023-02-02T00:00:00+00:00
[2023-02-01 16:19:49,898] {processor.py:161} INFO - Processing /c/Airflow/dags/Airflow2_0_De_0_a_Heroe/1_mi_primer_dag.py took 0.256 seconds
[2023-02-01 16:20:20,571] {processor.py:153} INFO - Started process (PID=13115) to work on /c/Airflow/dags/Airflow2_0_De_0_a_Heroe/1_mi_primer_dag.py
[2023-02-01 16:20:20,572] {processor.py:641} INFO - Processing file /c/Airflow/dags/Airflow2_0_De_0_a_Heroe/1_mi_primer_dag.py for tasks to queue
[2023-02-01 16:20:20,572] {logging_mixin.py:115} INFO - [2023-02-01 16:20:20,572] {dagbag.py:507} INFO - Filling up the DagBag from /c/Airflow/dags/Airflow2_0_De_0_a_Heroe/1_mi_primer_dag.py
[2023-02-01 16:20:20,600] {processor.py:651} INFO - DAG(s) dict_keys(['1_mi_primer_dag']) retrieved from /c/Airflow/dags/Airflow2_0_De_0_a_Heroe/1_mi_primer_dag.py
[2023-02-01 16:20:20,622] {logging_mixin.py:115} INFO - [2023-02-01 16:20:20,622] {dag.py:2371} INFO - Sync 1 DAGs
[2023-02-01 16:20:20,640] {logging_mixin.py:115} INFO - [2023-02-01 16:20:20,640] {dag.py:2915} INFO - Setting next_dagrun for 1_mi_primer_dag to 2023-02-01T00:00:00+00:00, run_after=2023-02-02T00:00:00+00:00
[2023-02-01 16:20:20,685] {processor.py:161} INFO - Processing /c/Airflow/dags/Airflow2_0_De_0_a_Heroe/1_mi_primer_dag.py took 0.116 seconds
[2023-02-01 16:20:51,069] {processor.py:153} INFO - Started process (PID=13135) to work on /c/Airflow/dags/Airflow2_0_De_0_a_Heroe/1_mi_primer_dag.py
[2023-02-01 16:20:51,070] {processor.py:641} INFO - Processing file /c/Airflow/dags/Airflow2_0_De_0_a_Heroe/1_mi_primer_dag.py for tasks to queue
[2023-02-01 16:20:51,070] {logging_mixin.py:115} INFO - [2023-02-01 16:20:51,070] {dagbag.py:507} INFO - Filling up the DagBag from /c/Airflow/dags/Airflow2_0_De_0_a_Heroe/1_mi_primer_dag.py
[2023-02-01 16:20:51,098] {processor.py:651} INFO - DAG(s) dict_keys(['1_mi_primer_dag']) retrieved from /c/Airflow/dags/Airflow2_0_De_0_a_Heroe/1_mi_primer_dag.py
[2023-02-01 16:20:51,119] {logging_mixin.py:115} INFO - [2023-02-01 16:20:51,119] {dag.py:2371} INFO - Sync 1 DAGs
[2023-02-01 16:20:51,137] {logging_mixin.py:115} INFO - [2023-02-01 16:20:51,137] {dag.py:2915} INFO - Setting next_dagrun for 1_mi_primer_dag to 2023-02-01T00:00:00+00:00, run_after=2023-02-02T00:00:00+00:00
[2023-02-01 16:20:51,183] {processor.py:161} INFO - Processing /c/Airflow/dags/Airflow2_0_De_0_a_Heroe/1_mi_primer_dag.py took 0.116 seconds
[2023-02-01 16:21:22,454] {processor.py:153} INFO - Started process (PID=13155) to work on /c/Airflow/dags/Airflow2_0_De_0_a_Heroe/1_mi_primer_dag.py
[2023-02-01 16:21:22,454] {processor.py:641} INFO - Processing file /c/Airflow/dags/Airflow2_0_De_0_a_Heroe/1_mi_primer_dag.py for tasks to queue
[2023-02-01 16:21:22,455] {logging_mixin.py:115} INFO - [2023-02-01 16:21:22,455] {dagbag.py:507} INFO - Filling up the DagBag from /c/Airflow/dags/Airflow2_0_De_0_a_Heroe/1_mi_primer_dag.py
[2023-02-01 16:21:22,483] {processor.py:651} INFO - DAG(s) dict_keys(['1_mi_primer_dag']) retrieved from /c/Airflow/dags/Airflow2_0_De_0_a_Heroe/1_mi_primer_dag.py
[2023-02-01 16:21:22,507] {logging_mixin.py:115} INFO - [2023-02-01 16:21:22,507] {dag.py:2371} INFO - Sync 1 DAGs
[2023-02-01 16:21:22,527] {logging_mixin.py:115} INFO - [2023-02-01 16:21:22,526] {dag.py:2915} INFO - Setting next_dagrun for 1_mi_primer_dag to 2023-02-01T00:00:00+00:00, run_after=2023-02-02T00:00:00+00:00
[2023-02-01 16:21:22,575] {processor.py:161} INFO - Processing /c/Airflow/dags/Airflow2_0_De_0_a_Heroe/1_mi_primer_dag.py took 0.124 seconds
[2023-02-01 16:21:57,056] {processor.py:153} INFO - Started process (PID=13175) to work on /c/Airflow/dags/Airflow2_0_De_0_a_Heroe/1_mi_primer_dag.py
[2023-02-01 16:21:57,057] {processor.py:641} INFO - Processing file /c/Airflow/dags/Airflow2_0_De_0_a_Heroe/1_mi_primer_dag.py for tasks to queue
[2023-02-01 16:21:57,058] {logging_mixin.py:115} INFO - [2023-02-01 16:21:57,058] {dagbag.py:507} INFO - Filling up the DagBag from /c/Airflow/dags/Airflow2_0_De_0_a_Heroe/1_mi_primer_dag.py
[2023-02-01 16:21:57,087] {processor.py:651} INFO - DAG(s) dict_keys(['1_mi_primer_dag']) retrieved from /c/Airflow/dags/Airflow2_0_De_0_a_Heroe/1_mi_primer_dag.py
[2023-02-01 16:21:57,112] {logging_mixin.py:115} INFO - [2023-02-01 16:21:57,112] {dag.py:2371} INFO - Sync 1 DAGs
[2023-02-01 16:21:57,131] {logging_mixin.py:115} INFO - [2023-02-01 16:21:57,131] {dag.py:2915} INFO - Setting next_dagrun for 1_mi_primer_dag to 2023-02-01T00:00:00+00:00, run_after=2023-02-02T00:00:00+00:00
[2023-02-01 16:21:57,184] {processor.py:161} INFO - Processing /c/Airflow/dags/Airflow2_0_De_0_a_Heroe/1_mi_primer_dag.py took 0.130 seconds
[2023-02-01 16:22:28,275] {processor.py:153} INFO - Started process (PID=13195) to work on /c/Airflow/dags/Airflow2_0_De_0_a_Heroe/1_mi_primer_dag.py
[2023-02-01 16:22:28,276] {processor.py:641} INFO - Processing file /c/Airflow/dags/Airflow2_0_De_0_a_Heroe/1_mi_primer_dag.py for tasks to queue
[2023-02-01 16:22:28,277] {logging_mixin.py:115} INFO - [2023-02-01 16:22:28,277] {dagbag.py:507} INFO - Filling up the DagBag from /c/Airflow/dags/Airflow2_0_De_0_a_Heroe/1_mi_primer_dag.py
[2023-02-01 16:22:28,305] {processor.py:651} INFO - DAG(s) dict_keys(['1_mi_primer_dag']) retrieved from /c/Airflow/dags/Airflow2_0_De_0_a_Heroe/1_mi_primer_dag.py
[2023-02-01 16:22:28,327] {logging_mixin.py:115} INFO - [2023-02-01 16:22:28,327] {dag.py:2371} INFO - Sync 1 DAGs
[2023-02-01 16:22:28,344] {logging_mixin.py:115} INFO - [2023-02-01 16:22:28,344] {dag.py:2915} INFO - Setting next_dagrun for 1_mi_primer_dag to 2023-02-01T00:00:00+00:00, run_after=2023-02-02T00:00:00+00:00
[2023-02-01 16:22:28,393] {processor.py:161} INFO - Processing /c/Airflow/dags/Airflow2_0_De_0_a_Heroe/1_mi_primer_dag.py took 0.120 seconds
[2023-02-01 16:22:59,183] {processor.py:153} INFO - Started process (PID=13215) to work on /c/Airflow/dags/Airflow2_0_De_0_a_Heroe/1_mi_primer_dag.py
[2023-02-01 16:22:59,183] {processor.py:641} INFO - Processing file /c/Airflow/dags/Airflow2_0_De_0_a_Heroe/1_mi_primer_dag.py for tasks to queue
[2023-02-01 16:22:59,184] {logging_mixin.py:115} INFO - [2023-02-01 16:22:59,184] {dagbag.py:507} INFO - Filling up the DagBag from /c/Airflow/dags/Airflow2_0_De_0_a_Heroe/1_mi_primer_dag.py
[2023-02-01 16:22:59,212] {processor.py:651} INFO - DAG(s) dict_keys(['1_mi_primer_dag']) retrieved from /c/Airflow/dags/Airflow2_0_De_0_a_Heroe/1_mi_primer_dag.py
[2023-02-01 16:22:59,237] {logging_mixin.py:115} INFO - [2023-02-01 16:22:59,237] {dag.py:2371} INFO - Sync 1 DAGs
[2023-02-01 16:22:59,255] {logging_mixin.py:115} INFO - [2023-02-01 16:22:59,255] {dag.py:2915} INFO - Setting next_dagrun for 1_mi_primer_dag to 2023-02-01T00:00:00+00:00, run_after=2023-02-02T00:00:00+00:00
[2023-02-01 16:22:59,307] {processor.py:161} INFO - Processing /c/Airflow/dags/Airflow2_0_De_0_a_Heroe/1_mi_primer_dag.py took 0.127 seconds
[2023-02-01 16:23:30,010] {processor.py:153} INFO - Started process (PID=13235) to work on /c/Airflow/dags/Airflow2_0_De_0_a_Heroe/1_mi_primer_dag.py
[2023-02-01 16:23:30,010] {processor.py:641} INFO - Processing file /c/Airflow/dags/Airflow2_0_De_0_a_Heroe/1_mi_primer_dag.py for tasks to queue
[2023-02-01 16:23:30,011] {logging_mixin.py:115} INFO - [2023-02-01 16:23:30,011] {dagbag.py:507} INFO - Filling up the DagBag from /c/Airflow/dags/Airflow2_0_De_0_a_Heroe/1_mi_primer_dag.py
[2023-02-01 16:23:30,041] {processor.py:651} INFO - DAG(s) dict_keys(['1_mi_primer_dag']) retrieved from /c/Airflow/dags/Airflow2_0_De_0_a_Heroe/1_mi_primer_dag.py
[2023-02-01 16:23:30,063] {logging_mixin.py:115} INFO - [2023-02-01 16:23:30,063] {dag.py:2371} INFO - Sync 1 DAGs
[2023-02-01 16:23:30,082] {logging_mixin.py:115} INFO - [2023-02-01 16:23:30,082] {dag.py:2915} INFO - Setting next_dagrun for 1_mi_primer_dag to 2023-02-01T00:00:00+00:00, run_after=2023-02-02T00:00:00+00:00
[2023-02-01 16:23:30,128] {processor.py:161} INFO - Processing /c/Airflow/dags/Airflow2_0_De_0_a_Heroe/1_mi_primer_dag.py took 0.121 seconds
[2023-02-01 16:24:00,832] {processor.py:153} INFO - Started process (PID=13255) to work on /c/Airflow/dags/Airflow2_0_De_0_a_Heroe/1_mi_primer_dag.py
[2023-02-01 16:24:00,833] {processor.py:641} INFO - Processing file /c/Airflow/dags/Airflow2_0_De_0_a_Heroe/1_mi_primer_dag.py for tasks to queue
[2023-02-01 16:24:00,834] {logging_mixin.py:115} INFO - [2023-02-01 16:24:00,834] {dagbag.py:507} INFO - Filling up the DagBag from /c/Airflow/dags/Airflow2_0_De_0_a_Heroe/1_mi_primer_dag.py
[2023-02-01 16:24:00,873] {processor.py:651} INFO - DAG(s) dict_keys(['1_mi_primer_dag']) retrieved from /c/Airflow/dags/Airflow2_0_De_0_a_Heroe/1_mi_primer_dag.py
[2023-02-01 16:24:00,915] {logging_mixin.py:115} INFO - [2023-02-01 16:24:00,915] {dag.py:2371} INFO - Sync 1 DAGs
[2023-02-01 16:24:00,936] {logging_mixin.py:115} INFO - [2023-02-01 16:24:00,936] {dag.py:2915} INFO - Setting next_dagrun for 1_mi_primer_dag to 2023-02-01T00:00:00+00:00, run_after=2023-02-02T00:00:00+00:00
[2023-02-01 16:24:00,980] {processor.py:161} INFO - Processing /c/Airflow/dags/Airflow2_0_De_0_a_Heroe/1_mi_primer_dag.py took 0.149 seconds
[2023-02-01 16:24:31,485] {processor.py:153} INFO - Started process (PID=13275) to work on /c/Airflow/dags/Airflow2_0_De_0_a_Heroe/1_mi_primer_dag.py
[2023-02-01 16:24:31,486] {processor.py:641} INFO - Processing file /c/Airflow/dags/Airflow2_0_De_0_a_Heroe/1_mi_primer_dag.py for tasks to queue
[2023-02-01 16:24:31,487] {logging_mixin.py:115} INFO - [2023-02-01 16:24:31,487] {dagbag.py:507} INFO - Filling up the DagBag from /c/Airflow/dags/Airflow2_0_De_0_a_Heroe/1_mi_primer_dag.py
[2023-02-01 16:24:31,514] {processor.py:651} INFO - DAG(s) dict_keys(['1_mi_primer_dag']) retrieved from /c/Airflow/dags/Airflow2_0_De_0_a_Heroe/1_mi_primer_dag.py
[2023-02-01 16:24:31,537] {logging_mixin.py:115} INFO - [2023-02-01 16:24:31,537] {dag.py:2371} INFO - Sync 1 DAGs
[2023-02-01 16:24:31,555] {logging_mixin.py:115} INFO - [2023-02-01 16:24:31,555] {dag.py:2915} INFO - Setting next_dagrun for 1_mi_primer_dag to 2023-02-01T00:00:00+00:00, run_after=2023-02-02T00:00:00+00:00
[2023-02-01 16:24:31,603] {processor.py:161} INFO - Processing /c/Airflow/dags/Airflow2_0_De_0_a_Heroe/1_mi_primer_dag.py took 0.120 seconds
[2023-02-01 16:25:02,722] {processor.py:153} INFO - Started process (PID=13295) to work on /c/Airflow/dags/Airflow2_0_De_0_a_Heroe/1_mi_primer_dag.py
[2023-02-01 16:25:02,722] {processor.py:641} INFO - Processing file /c/Airflow/dags/Airflow2_0_De_0_a_Heroe/1_mi_primer_dag.py for tasks to queue
[2023-02-01 16:25:02,723] {logging_mixin.py:115} INFO - [2023-02-01 16:25:02,723] {dagbag.py:507} INFO - Filling up the DagBag from /c/Airflow/dags/Airflow2_0_De_0_a_Heroe/1_mi_primer_dag.py
[2023-02-01 16:25:02,785] {processor.py:651} INFO - DAG(s) dict_keys(['1_mi_primer_dag']) retrieved from /c/Airflow/dags/Airflow2_0_De_0_a_Heroe/1_mi_primer_dag.py
[2023-02-01 16:25:02,850] {logging_mixin.py:115} INFO - [2023-02-01 16:25:02,850] {dag.py:2371} INFO - Sync 1 DAGs
[2023-02-01 16:25:02,886] {logging_mixin.py:115} INFO - [2023-02-01 16:25:02,885] {dag.py:2915} INFO - Setting next_dagrun for 1_mi_primer_dag to 2023-02-01T00:00:00+00:00, run_after=2023-02-02T00:00:00+00:00
[2023-02-01 16:25:02,934] {processor.py:161} INFO - Processing /c/Airflow/dags/Airflow2_0_De_0_a_Heroe/1_mi_primer_dag.py took 0.214 seconds
[2023-02-01 16:25:33,351] {processor.py:153} INFO - Started process (PID=13315) to work on /c/Airflow/dags/Airflow2_0_De_0_a_Heroe/1_mi_primer_dag.py
[2023-02-01 16:25:33,352] {processor.py:641} INFO - Processing file /c/Airflow/dags/Airflow2_0_De_0_a_Heroe/1_mi_primer_dag.py for tasks to queue
[2023-02-01 16:25:33,353] {logging_mixin.py:115} INFO - [2023-02-01 16:25:33,353] {dagbag.py:507} INFO - Filling up the DagBag from /c/Airflow/dags/Airflow2_0_De_0_a_Heroe/1_mi_primer_dag.py
[2023-02-01 16:25:33,392] {processor.py:651} INFO - DAG(s) dict_keys(['1_mi_primer_dag']) retrieved from /c/Airflow/dags/Airflow2_0_De_0_a_Heroe/1_mi_primer_dag.py
[2023-02-01 16:25:33,439] {logging_mixin.py:115} INFO - [2023-02-01 16:25:33,439] {dag.py:2371} INFO - Sync 1 DAGs
[2023-02-01 16:25:33,476] {logging_mixin.py:115} INFO - [2023-02-01 16:25:33,476] {dag.py:2915} INFO - Setting next_dagrun for 1_mi_primer_dag to 2023-02-01T00:00:00+00:00, run_after=2023-02-02T00:00:00+00:00
[2023-02-01 16:25:33,530] {processor.py:161} INFO - Processing /c/Airflow/dags/Airflow2_0_De_0_a_Heroe/1_mi_primer_dag.py took 0.181 seconds
[2023-02-01 16:26:04,615] {processor.py:153} INFO - Started process (PID=13335) to work on /c/Airflow/dags/Airflow2_0_De_0_a_Heroe/1_mi_primer_dag.py
[2023-02-01 16:26:04,616] {processor.py:641} INFO - Processing file /c/Airflow/dags/Airflow2_0_De_0_a_Heroe/1_mi_primer_dag.py for tasks to queue
[2023-02-01 16:26:04,616] {logging_mixin.py:115} INFO - [2023-02-01 16:26:04,616] {dagbag.py:507} INFO - Filling up the DagBag from /c/Airflow/dags/Airflow2_0_De_0_a_Heroe/1_mi_primer_dag.py
[2023-02-01 16:26:04,651] {processor.py:651} INFO - DAG(s) dict_keys(['1_mi_primer_dag']) retrieved from /c/Airflow/dags/Airflow2_0_De_0_a_Heroe/1_mi_primer_dag.py
[2023-02-01 16:26:04,694] {logging_mixin.py:115} INFO - [2023-02-01 16:26:04,694] {dag.py:2371} INFO - Sync 1 DAGs
[2023-02-01 16:26:04,717] {logging_mixin.py:115} INFO - [2023-02-01 16:26:04,717] {dag.py:2915} INFO - Setting next_dagrun for 1_mi_primer_dag to 2023-02-01T00:00:00+00:00, run_after=2023-02-02T00:00:00+00:00
[2023-02-01 16:26:04,773] {processor.py:161} INFO - Processing /c/Airflow/dags/Airflow2_0_De_0_a_Heroe/1_mi_primer_dag.py took 0.161 seconds
[2023-02-01 16:26:35,918] {processor.py:153} INFO - Started process (PID=13355) to work on /c/Airflow/dags/Airflow2_0_De_0_a_Heroe/1_mi_primer_dag.py
[2023-02-01 16:26:35,919] {processor.py:641} INFO - Processing file /c/Airflow/dags/Airflow2_0_De_0_a_Heroe/1_mi_primer_dag.py for tasks to queue
[2023-02-01 16:26:35,920] {logging_mixin.py:115} INFO - [2023-02-01 16:26:35,920] {dagbag.py:507} INFO - Filling up the DagBag from /c/Airflow/dags/Airflow2_0_De_0_a_Heroe/1_mi_primer_dag.py
[2023-02-01 16:26:35,950] {processor.py:651} INFO - DAG(s) dict_keys(['1_mi_primer_dag']) retrieved from /c/Airflow/dags/Airflow2_0_De_0_a_Heroe/1_mi_primer_dag.py
[2023-02-01 16:26:35,973] {logging_mixin.py:115} INFO - [2023-02-01 16:26:35,973] {dag.py:2371} INFO - Sync 1 DAGs
[2023-02-01 16:26:35,991] {logging_mixin.py:115} INFO - [2023-02-01 16:26:35,991] {dag.py:2915} INFO - Setting next_dagrun for 1_mi_primer_dag to 2023-02-01T00:00:00+00:00, run_after=2023-02-02T00:00:00+00:00
[2023-02-01 16:26:36,035] {processor.py:161} INFO - Processing /c/Airflow/dags/Airflow2_0_De_0_a_Heroe/1_mi_primer_dag.py took 0.119 seconds
[2023-02-01 16:27:10,458] {processor.py:153} INFO - Started process (PID=13375) to work on /c/Airflow/dags/Airflow2_0_De_0_a_Heroe/1_mi_primer_dag.py
[2023-02-01 16:27:10,459] {processor.py:641} INFO - Processing file /c/Airflow/dags/Airflow2_0_De_0_a_Heroe/1_mi_primer_dag.py for tasks to queue
[2023-02-01 16:27:10,460] {logging_mixin.py:115} INFO - [2023-02-01 16:27:10,460] {dagbag.py:507} INFO - Filling up the DagBag from /c/Airflow/dags/Airflow2_0_De_0_a_Heroe/1_mi_primer_dag.py
[2023-02-01 16:27:10,489] {processor.py:651} INFO - DAG(s) dict_keys(['1_mi_primer_dag']) retrieved from /c/Airflow/dags/Airflow2_0_De_0_a_Heroe/1_mi_primer_dag.py
[2023-02-01 16:27:10,514] {logging_mixin.py:115} INFO - [2023-02-01 16:27:10,514] {dag.py:2371} INFO - Sync 1 DAGs
[2023-02-01 16:27:10,533] {logging_mixin.py:115} INFO - [2023-02-01 16:27:10,533] {dag.py:2915} INFO - Setting next_dagrun for 1_mi_primer_dag to 2023-02-01T00:00:00+00:00, run_after=2023-02-02T00:00:00+00:00
[2023-02-01 16:27:10,578] {processor.py:161} INFO - Processing /c/Airflow/dags/Airflow2_0_De_0_a_Heroe/1_mi_primer_dag.py took 0.122 seconds
[2023-02-01 16:27:43,772] {processor.py:153} INFO - Started process (PID=13418) to work on /c/Airflow/dags/Airflow2_0_De_0_a_Heroe/1_mi_primer_dag.py
[2023-02-01 16:27:43,773] {processor.py:641} INFO - Processing file /c/Airflow/dags/Airflow2_0_De_0_a_Heroe/1_mi_primer_dag.py for tasks to queue
[2023-02-01 16:27:43,774] {logging_mixin.py:115} INFO - [2023-02-01 16:27:43,774] {dagbag.py:507} INFO - Filling up the DagBag from /c/Airflow/dags/Airflow2_0_De_0_a_Heroe/1_mi_primer_dag.py
[2023-02-01 16:27:43,830] {processor.py:651} INFO - DAG(s) dict_keys(['1_mi_primer_dag']) retrieved from /c/Airflow/dags/Airflow2_0_De_0_a_Heroe/1_mi_primer_dag.py
[2023-02-01 16:27:43,854] {logging_mixin.py:115} INFO - [2023-02-01 16:27:43,854] {dag.py:2371} INFO - Sync 1 DAGs
[2023-02-01 16:27:43,872] {logging_mixin.py:115} INFO - [2023-02-01 16:27:43,872] {dag.py:2915} INFO - Setting next_dagrun for 1_mi_primer_dag to 2023-02-01T00:00:00+00:00, run_after=2023-02-02T00:00:00+00:00
[2023-02-01 16:27:43,913] {processor.py:161} INFO - Processing /c/Airflow/dags/Airflow2_0_De_0_a_Heroe/1_mi_primer_dag.py took 0.143 seconds
[2023-02-01 16:28:14,760] {processor.py:153} INFO - Started process (PID=13461) to work on /c/Airflow/dags/Airflow2_0_De_0_a_Heroe/1_mi_primer_dag.py
[2023-02-01 16:28:14,760] {processor.py:641} INFO - Processing file /c/Airflow/dags/Airflow2_0_De_0_a_Heroe/1_mi_primer_dag.py for tasks to queue
[2023-02-01 16:28:14,761] {logging_mixin.py:115} INFO - [2023-02-01 16:28:14,761] {dagbag.py:507} INFO - Filling up the DagBag from /c/Airflow/dags/Airflow2_0_De_0_a_Heroe/1_mi_primer_dag.py
[2023-02-01 16:28:14,791] {processor.py:651} INFO - DAG(s) dict_keys(['1_mi_primer_dag']) retrieved from /c/Airflow/dags/Airflow2_0_De_0_a_Heroe/1_mi_primer_dag.py
[2023-02-01 16:28:14,814] {logging_mixin.py:115} INFO - [2023-02-01 16:28:14,814] {dag.py:2371} INFO - Sync 1 DAGs
[2023-02-01 16:28:14,833] {logging_mixin.py:115} INFO - [2023-02-01 16:28:14,833] {dag.py:2915} INFO - Setting next_dagrun for 1_mi_primer_dag to 2023-02-01T00:00:00+00:00, run_after=2023-02-02T00:00:00+00:00
[2023-02-01 16:28:14,892] {processor.py:161} INFO - Processing /c/Airflow/dags/Airflow2_0_De_0_a_Heroe/1_mi_primer_dag.py took 0.134 seconds
[2023-02-01 16:28:46,472] {processor.py:153} INFO - Started process (PID=13482) to work on /c/Airflow/dags/Airflow2_0_De_0_a_Heroe/1_mi_primer_dag.py
[2023-02-01 16:28:46,472] {processor.py:641} INFO - Processing file /c/Airflow/dags/Airflow2_0_De_0_a_Heroe/1_mi_primer_dag.py for tasks to queue
[2023-02-01 16:28:46,473] {logging_mixin.py:115} INFO - [2023-02-01 16:28:46,473] {dagbag.py:507} INFO - Filling up the DagBag from /c/Airflow/dags/Airflow2_0_De_0_a_Heroe/1_mi_primer_dag.py
[2023-02-01 16:28:46,500] {processor.py:651} INFO - DAG(s) dict_keys(['1_mi_primer_dag']) retrieved from /c/Airflow/dags/Airflow2_0_De_0_a_Heroe/1_mi_primer_dag.py
[2023-02-01 16:28:46,523] {logging_mixin.py:115} INFO - [2023-02-01 16:28:46,523] {dag.py:2371} INFO - Sync 1 DAGs
[2023-02-01 16:28:46,541] {logging_mixin.py:115} INFO - [2023-02-01 16:28:46,541] {dag.py:2915} INFO - Setting next_dagrun for 1_mi_primer_dag to 2023-02-01T00:00:00+00:00, run_after=2023-02-02T00:00:00+00:00
[2023-02-01 16:28:46,583] {processor.py:161} INFO - Processing /c/Airflow/dags/Airflow2_0_De_0_a_Heroe/1_mi_primer_dag.py took 0.114 seconds
[2023-02-01 16:29:17,879] {processor.py:153} INFO - Started process (PID=13530) to work on /c/Airflow/dags/Airflow2_0_De_0_a_Heroe/1_mi_primer_dag.py
[2023-02-01 16:29:17,880] {processor.py:641} INFO - Processing file /c/Airflow/dags/Airflow2_0_De_0_a_Heroe/1_mi_primer_dag.py for tasks to queue
[2023-02-01 16:29:17,881] {logging_mixin.py:115} INFO - [2023-02-01 16:29:17,881] {dagbag.py:507} INFO - Filling up the DagBag from /c/Airflow/dags/Airflow2_0_De_0_a_Heroe/1_mi_primer_dag.py
[2023-02-01 16:29:17,909] {processor.py:651} INFO - DAG(s) dict_keys(['1_mi_primer_dag']) retrieved from /c/Airflow/dags/Airflow2_0_De_0_a_Heroe/1_mi_primer_dag.py
[2023-02-01 16:29:17,932] {logging_mixin.py:115} INFO - [2023-02-01 16:29:17,932] {dag.py:2371} INFO - Sync 1 DAGs
[2023-02-01 16:29:17,949] {logging_mixin.py:115} INFO - [2023-02-01 16:29:17,949] {dag.py:2915} INFO - Setting next_dagrun for 1_mi_primer_dag to 2023-02-01T00:00:00+00:00, run_after=2023-02-02T00:00:00+00:00
[2023-02-01 16:29:17,993] {processor.py:161} INFO - Processing /c/Airflow/dags/Airflow2_0_De_0_a_Heroe/1_mi_primer_dag.py took 0.116 seconds
[2023-02-01 16:29:49,292] {processor.py:153} INFO - Started process (PID=13550) to work on /c/Airflow/dags/Airflow2_0_De_0_a_Heroe/1_mi_primer_dag.py
[2023-02-01 16:29:49,293] {processor.py:641} INFO - Processing file /c/Airflow/dags/Airflow2_0_De_0_a_Heroe/1_mi_primer_dag.py for tasks to queue
[2023-02-01 16:29:49,294] {logging_mixin.py:115} INFO - [2023-02-01 16:29:49,294] {dagbag.py:507} INFO - Filling up the DagBag from /c/Airflow/dags/Airflow2_0_De_0_a_Heroe/1_mi_primer_dag.py
[2023-02-01 16:29:49,322] {processor.py:651} INFO - DAG(s) dict_keys(['1_mi_primer_dag']) retrieved from /c/Airflow/dags/Airflow2_0_De_0_a_Heroe/1_mi_primer_dag.py
[2023-02-01 16:29:49,344] {logging_mixin.py:115} INFO - [2023-02-01 16:29:49,344] {dag.py:2371} INFO - Sync 1 DAGs
[2023-02-01 16:29:49,361] {logging_mixin.py:115} INFO - [2023-02-01 16:29:49,361] {dag.py:2915} INFO - Setting next_dagrun for 1_mi_primer_dag to 2023-02-01T00:00:00+00:00, run_after=2023-02-02T00:00:00+00:00
[2023-02-01 16:29:49,409] {processor.py:161} INFO - Processing /c/Airflow/dags/Airflow2_0_De_0_a_Heroe/1_mi_primer_dag.py took 0.119 seconds
[2023-02-01 17:43:25,140] {processor.py:153} INFO - Started process (PID=13619) to work on /c/Airflow/dags/Airflow2_0_De_0_a_Heroe/1_mi_primer_dag.py
[2023-02-01 17:43:25,141] {processor.py:641} INFO - Processing file /c/Airflow/dags/Airflow2_0_De_0_a_Heroe/1_mi_primer_dag.py for tasks to queue
[2023-02-01 17:43:25,141] {logging_mixin.py:115} INFO - [2023-02-01 17:43:25,141] {dagbag.py:507} INFO - Filling up the DagBag from /c/Airflow/dags/Airflow2_0_De_0_a_Heroe/1_mi_primer_dag.py
[2023-02-01 17:43:25,175] {processor.py:651} INFO - DAG(s) dict_keys(['1_mi_primer_dag']) retrieved from /c/Airflow/dags/Airflow2_0_De_0_a_Heroe/1_mi_primer_dag.py
[2023-02-01 17:43:25,206] {logging_mixin.py:115} INFO - [2023-02-01 17:43:25,206] {dag.py:2371} INFO - Sync 1 DAGs
[2023-02-01 17:43:25,225] {logging_mixin.py:115} INFO - [2023-02-01 17:43:25,225] {dag.py:2915} INFO - Setting next_dagrun for 1_mi_primer_dag to 2023-02-01T00:00:00+00:00, run_after=2023-02-02T00:00:00+00:00
[2023-02-01 17:43:25,269] {processor.py:161} INFO - Processing /c/Airflow/dags/Airflow2_0_De_0_a_Heroe/1_mi_primer_dag.py took 0.131 seconds
[2023-02-01 17:43:57,324] {processor.py:153} INFO - Started process (PID=13639) to work on /c/Airflow/dags/Airflow2_0_De_0_a_Heroe/1_mi_primer_dag.py
[2023-02-01 17:43:57,325] {processor.py:641} INFO - Processing file /c/Airflow/dags/Airflow2_0_De_0_a_Heroe/1_mi_primer_dag.py for tasks to queue
[2023-02-01 17:43:57,325] {logging_mixin.py:115} INFO - [2023-02-01 17:43:57,325] {dagbag.py:507} INFO - Filling up the DagBag from /c/Airflow/dags/Airflow2_0_De_0_a_Heroe/1_mi_primer_dag.py
[2023-02-01 17:43:57,351] {processor.py:651} INFO - DAG(s) dict_keys(['1_mi_primer_dag']) retrieved from /c/Airflow/dags/Airflow2_0_De_0_a_Heroe/1_mi_primer_dag.py
[2023-02-01 17:43:57,372] {logging_mixin.py:115} INFO - [2023-02-01 17:43:57,371] {dag.py:2371} INFO - Sync 1 DAGs
[2023-02-01 17:43:57,389] {logging_mixin.py:115} INFO - [2023-02-01 17:43:57,389] {dag.py:2915} INFO - Setting next_dagrun for 1_mi_primer_dag to 2023-02-01T00:00:00+00:00, run_after=2023-02-02T00:00:00+00:00
[2023-02-01 17:43:57,430] {processor.py:161} INFO - Processing /c/Airflow/dags/Airflow2_0_De_0_a_Heroe/1_mi_primer_dag.py took 0.108 seconds
[2023-02-01 17:44:32,213] {processor.py:153} INFO - Started process (PID=13705) to work on /c/Airflow/dags/Airflow2_0_De_0_a_Heroe/1_mi_primer_dag.py
[2023-02-01 17:44:32,214] {processor.py:641} INFO - Processing file /c/Airflow/dags/Airflow2_0_De_0_a_Heroe/1_mi_primer_dag.py for tasks to queue
[2023-02-01 17:44:32,214] {logging_mixin.py:115} INFO - [2023-02-01 17:44:32,214] {dagbag.py:507} INFO - Filling up the DagBag from /c/Airflow/dags/Airflow2_0_De_0_a_Heroe/1_mi_primer_dag.py
[2023-02-01 17:44:32,243] {processor.py:651} INFO - DAG(s) dict_keys(['1_mi_primer_dag']) retrieved from /c/Airflow/dags/Airflow2_0_De_0_a_Heroe/1_mi_primer_dag.py
[2023-02-01 17:44:32,267] {logging_mixin.py:115} INFO - [2023-02-01 17:44:32,266] {dag.py:2371} INFO - Sync 1 DAGs
[2023-02-01 17:44:32,285] {logging_mixin.py:115} INFO - [2023-02-01 17:44:32,285] {dag.py:2915} INFO - Setting next_dagrun for 1_mi_primer_dag to 2023-02-01T00:00:00+00:00, run_after=2023-02-02T00:00:00+00:00
[2023-02-01 17:44:32,329] {processor.py:161} INFO - Processing /c/Airflow/dags/Airflow2_0_De_0_a_Heroe/1_mi_primer_dag.py took 0.118 seconds
[2023-02-01 17:45:03,282] {processor.py:153} INFO - Started process (PID=13725) to work on /c/Airflow/dags/Airflow2_0_De_0_a_Heroe/1_mi_primer_dag.py
[2023-02-01 17:45:03,283] {processor.py:641} INFO - Processing file /c/Airflow/dags/Airflow2_0_De_0_a_Heroe/1_mi_primer_dag.py for tasks to queue
[2023-02-01 17:45:03,284] {logging_mixin.py:115} INFO - [2023-02-01 17:45:03,284] {dagbag.py:507} INFO - Filling up the DagBag from /c/Airflow/dags/Airflow2_0_De_0_a_Heroe/1_mi_primer_dag.py
[2023-02-01 17:45:03,309] {processor.py:651} INFO - DAG(s) dict_keys(['1_mi_primer_dag']) retrieved from /c/Airflow/dags/Airflow2_0_De_0_a_Heroe/1_mi_primer_dag.py
[2023-02-01 17:45:03,329] {logging_mixin.py:115} INFO - [2023-02-01 17:45:03,328] {dag.py:2371} INFO - Sync 1 DAGs
[2023-02-01 17:45:03,344] {logging_mixin.py:115} INFO - [2023-02-01 17:45:03,344] {dag.py:2915} INFO - Setting next_dagrun for 1_mi_primer_dag to 2023-02-01T00:00:00+00:00, run_after=2023-02-02T00:00:00+00:00
[2023-02-01 17:45:03,382] {processor.py:161} INFO - Processing /c/Airflow/dags/Airflow2_0_De_0_a_Heroe/1_mi_primer_dag.py took 0.102 seconds
[2023-02-01 17:45:33,583] {processor.py:153} INFO - Started process (PID=13745) to work on /c/Airflow/dags/Airflow2_0_De_0_a_Heroe/1_mi_primer_dag.py
[2023-02-01 17:45:33,584] {processor.py:641} INFO - Processing file /c/Airflow/dags/Airflow2_0_De_0_a_Heroe/1_mi_primer_dag.py for tasks to queue
[2023-02-01 17:45:33,585] {logging_mixin.py:115} INFO - [2023-02-01 17:45:33,585] {dagbag.py:507} INFO - Filling up the DagBag from /c/Airflow/dags/Airflow2_0_De_0_a_Heroe/1_mi_primer_dag.py
[2023-02-01 17:45:33,640] {processor.py:651} INFO - DAG(s) dict_keys(['1_mi_primer_dag']) retrieved from /c/Airflow/dags/Airflow2_0_De_0_a_Heroe/1_mi_primer_dag.py
[2023-02-01 17:45:33,688] {logging_mixin.py:115} INFO - [2023-02-01 17:45:33,688] {dag.py:2371} INFO - Sync 1 DAGs
[2023-02-01 17:45:33,711] {logging_mixin.py:115} INFO - [2023-02-01 17:45:33,711] {dag.py:2915} INFO - Setting next_dagrun for 1_mi_primer_dag to 2023-02-01T00:00:00+00:00, run_after=2023-02-02T00:00:00+00:00
[2023-02-01 17:45:33,768] {processor.py:161} INFO - Processing /c/Airflow/dags/Airflow2_0_De_0_a_Heroe/1_mi_primer_dag.py took 0.187 seconds
[2023-02-01 17:46:04,809] {processor.py:153} INFO - Started process (PID=13811) to work on /c/Airflow/dags/Airflow2_0_De_0_a_Heroe/1_mi_primer_dag.py
[2023-02-01 17:46:04,810] {processor.py:641} INFO - Processing file /c/Airflow/dags/Airflow2_0_De_0_a_Heroe/1_mi_primer_dag.py for tasks to queue
[2023-02-01 17:46:04,810] {logging_mixin.py:115} INFO - [2023-02-01 17:46:04,810] {dagbag.py:507} INFO - Filling up the DagBag from /c/Airflow/dags/Airflow2_0_De_0_a_Heroe/1_mi_primer_dag.py
[2023-02-01 17:46:04,838] {processor.py:651} INFO - DAG(s) dict_keys(['1_mi_primer_dag']) retrieved from /c/Airflow/dags/Airflow2_0_De_0_a_Heroe/1_mi_primer_dag.py
[2023-02-01 17:46:04,860] {logging_mixin.py:115} INFO - [2023-02-01 17:46:04,860] {dag.py:2371} INFO - Sync 1 DAGs
[2023-02-01 17:46:04,878] {logging_mixin.py:115} INFO - [2023-02-01 17:46:04,878] {dag.py:2915} INFO - Setting next_dagrun for 1_mi_primer_dag to 2023-02-01T00:00:00+00:00, run_after=2023-02-02T00:00:00+00:00
[2023-02-01 17:46:04,918] {processor.py:161} INFO - Processing /c/Airflow/dags/Airflow2_0_De_0_a_Heroe/1_mi_primer_dag.py took 0.111 seconds
[2023-02-01 17:46:35,265] {processor.py:153} INFO - Started process (PID=13831) to work on /c/Airflow/dags/Airflow2_0_De_0_a_Heroe/1_mi_primer_dag.py
[2023-02-01 17:46:35,266] {processor.py:641} INFO - Processing file /c/Airflow/dags/Airflow2_0_De_0_a_Heroe/1_mi_primer_dag.py for tasks to queue
[2023-02-01 17:46:35,266] {logging_mixin.py:115} INFO - [2023-02-01 17:46:35,266] {dagbag.py:507} INFO - Filling up the DagBag from /c/Airflow/dags/Airflow2_0_De_0_a_Heroe/1_mi_primer_dag.py
[2023-02-01 17:46:35,295] {processor.py:651} INFO - DAG(s) dict_keys(['1_mi_primer_dag']) retrieved from /c/Airflow/dags/Airflow2_0_De_0_a_Heroe/1_mi_primer_dag.py
[2023-02-01 17:46:35,317] {logging_mixin.py:115} INFO - [2023-02-01 17:46:35,317] {dag.py:2371} INFO - Sync 1 DAGs
[2023-02-01 17:46:35,334] {logging_mixin.py:115} INFO - [2023-02-01 17:46:35,334] {dag.py:2915} INFO - Setting next_dagrun for 1_mi_primer_dag to 2023-02-01T00:00:00+00:00, run_after=2023-02-02T00:00:00+00:00
[2023-02-01 17:46:35,376] {processor.py:161} INFO - Processing /c/Airflow/dags/Airflow2_0_De_0_a_Heroe/1_mi_primer_dag.py took 0.113 seconds
[2023-02-01 17:51:23,767] {processor.py:153} INFO - Started process (PID=14018) to work on /c/Airflow/dags/Airflow2_0_De_0_a_Heroe/1_mi_primer_dag.py
[2023-02-01 17:51:23,768] {processor.py:641} INFO - Processing file /c/Airflow/dags/Airflow2_0_De_0_a_Heroe/1_mi_primer_dag.py for tasks to queue
[2023-02-01 17:51:23,768] {logging_mixin.py:115} INFO - [2023-02-01 17:51:23,768] {dagbag.py:507} INFO - Filling up the DagBag from /c/Airflow/dags/Airflow2_0_De_0_a_Heroe/1_mi_primer_dag.py
[2023-02-01 17:51:23,796] {processor.py:651} INFO - DAG(s) dict_keys(['1_mi_primer_dag']) retrieved from /c/Airflow/dags/Airflow2_0_De_0_a_Heroe/1_mi_primer_dag.py
[2023-02-01 17:51:23,816] {logging_mixin.py:115} INFO - [2023-02-01 17:51:23,816] {dag.py:2371} INFO - Sync 1 DAGs
[2023-02-01 17:51:23,832] {logging_mixin.py:115} INFO - [2023-02-01 17:51:23,832] {dag.py:2915} INFO - Setting next_dagrun for 1_mi_primer_dag to 2023-02-01T00:00:00+00:00, run_after=2023-02-02T00:00:00+00:00
[2023-02-01 17:51:23,880] {processor.py:161} INFO - Processing /c/Airflow/dags/Airflow2_0_De_0_a_Heroe/1_mi_primer_dag.py took 0.115 seconds
[2023-02-01 17:51:55,962] {processor.py:153} INFO - Started process (PID=14038) to work on /c/Airflow/dags/Airflow2_0_De_0_a_Heroe/1_mi_primer_dag.py
[2023-02-01 17:51:55,963] {processor.py:641} INFO - Processing file /c/Airflow/dags/Airflow2_0_De_0_a_Heroe/1_mi_primer_dag.py for tasks to queue
[2023-02-01 17:51:55,963] {logging_mixin.py:115} INFO - [2023-02-01 17:51:55,963] {dagbag.py:507} INFO - Filling up the DagBag from /c/Airflow/dags/Airflow2_0_De_0_a_Heroe/1_mi_primer_dag.py
[2023-02-01 17:51:55,991] {processor.py:651} INFO - DAG(s) dict_keys(['1_mi_primer_dag']) retrieved from /c/Airflow/dags/Airflow2_0_De_0_a_Heroe/1_mi_primer_dag.py
[2023-02-01 17:51:56,010] {logging_mixin.py:115} INFO - [2023-02-01 17:51:56,010] {dag.py:2371} INFO - Sync 1 DAGs
[2023-02-01 17:51:56,024] {logging_mixin.py:115} INFO - [2023-02-01 17:51:56,024] {dag.py:2915} INFO - Setting next_dagrun for 1_mi_primer_dag to 2023-02-01T00:00:00+00:00, run_after=2023-02-02T00:00:00+00:00
[2023-02-01 17:51:56,065] {processor.py:161} INFO - Processing /c/Airflow/dags/Airflow2_0_De_0_a_Heroe/1_mi_primer_dag.py took 0.105 seconds
[2023-02-01 17:52:26,687] {processor.py:153} INFO - Started process (PID=14058) to work on /c/Airflow/dags/Airflow2_0_De_0_a_Heroe/1_mi_primer_dag.py
[2023-02-01 17:52:26,687] {processor.py:641} INFO - Processing file /c/Airflow/dags/Airflow2_0_De_0_a_Heroe/1_mi_primer_dag.py for tasks to queue
[2023-02-01 17:52:26,688] {logging_mixin.py:115} INFO - [2023-02-01 17:52:26,688] {dagbag.py:507} INFO - Filling up the DagBag from /c/Airflow/dags/Airflow2_0_De_0_a_Heroe/1_mi_primer_dag.py
[2023-02-01 17:52:26,713] {processor.py:651} INFO - DAG(s) dict_keys(['1_mi_primer_dag']) retrieved from /c/Airflow/dags/Airflow2_0_De_0_a_Heroe/1_mi_primer_dag.py
[2023-02-01 17:52:26,731] {logging_mixin.py:115} INFO - [2023-02-01 17:52:26,731] {dag.py:2371} INFO - Sync 1 DAGs
[2023-02-01 17:52:26,746] {logging_mixin.py:115} INFO - [2023-02-01 17:52:26,746] {dag.py:2915} INFO - Setting next_dagrun for 1_mi_primer_dag to 2023-02-01T00:00:00+00:00, run_after=2023-02-02T00:00:00+00:00
[2023-02-01 17:52:26,790] {processor.py:161} INFO - Processing /c/Airflow/dags/Airflow2_0_De_0_a_Heroe/1_mi_primer_dag.py took 0.105 seconds
[2023-02-01 17:52:59,140] {processor.py:153} INFO - Started process (PID=14078) to work on /c/Airflow/dags/Airflow2_0_De_0_a_Heroe/1_mi_primer_dag.py
[2023-02-01 17:52:59,141] {processor.py:641} INFO - Processing file /c/Airflow/dags/Airflow2_0_De_0_a_Heroe/1_mi_primer_dag.py for tasks to queue
[2023-02-01 17:52:59,141] {logging_mixin.py:115} INFO - [2023-02-01 17:52:59,141] {dagbag.py:507} INFO - Filling up the DagBag from /c/Airflow/dags/Airflow2_0_De_0_a_Heroe/1_mi_primer_dag.py
[2023-02-01 17:52:59,167] {processor.py:651} INFO - DAG(s) dict_keys(['1_mi_primer_dag']) retrieved from /c/Airflow/dags/Airflow2_0_De_0_a_Heroe/1_mi_primer_dag.py
[2023-02-01 17:52:59,187] {logging_mixin.py:115} INFO - [2023-02-01 17:52:59,187] {dag.py:2371} INFO - Sync 1 DAGs
[2023-02-01 17:52:59,205] {logging_mixin.py:115} INFO - [2023-02-01 17:52:59,205] {dag.py:2915} INFO - Setting next_dagrun for 1_mi_primer_dag to 2023-02-01T00:00:00+00:00, run_after=2023-02-02T00:00:00+00:00
[2023-02-01 17:52:59,247] {processor.py:161} INFO - Processing /c/Airflow/dags/Airflow2_0_De_0_a_Heroe/1_mi_primer_dag.py took 0.109 seconds
[2023-02-01 17:53:30,747] {processor.py:153} INFO - Started process (PID=14098) to work on /c/Airflow/dags/Airflow2_0_De_0_a_Heroe/1_mi_primer_dag.py
[2023-02-01 17:53:30,748] {processor.py:641} INFO - Processing file /c/Airflow/dags/Airflow2_0_De_0_a_Heroe/1_mi_primer_dag.py for tasks to queue
[2023-02-01 17:53:30,749] {logging_mixin.py:115} INFO - [2023-02-01 17:53:30,749] {dagbag.py:507} INFO - Filling up the DagBag from /c/Airflow/dags/Airflow2_0_De_0_a_Heroe/1_mi_primer_dag.py
[2023-02-01 17:53:30,773] {processor.py:651} INFO - DAG(s) dict_keys(['1_mi_primer_dag']) retrieved from /c/Airflow/dags/Airflow2_0_De_0_a_Heroe/1_mi_primer_dag.py
[2023-02-01 17:53:30,790] {logging_mixin.py:115} INFO - [2023-02-01 17:53:30,790] {dag.py:2371} INFO - Sync 1 DAGs
[2023-02-01 17:53:30,804] {logging_mixin.py:115} INFO - [2023-02-01 17:53:30,804] {dag.py:2915} INFO - Setting next_dagrun for 1_mi_primer_dag to 2023-02-01T00:00:00+00:00, run_after=2023-02-02T00:00:00+00:00
[2023-02-01 17:53:30,840] {processor.py:161} INFO - Processing /c/Airflow/dags/Airflow2_0_De_0_a_Heroe/1_mi_primer_dag.py took 0.094 seconds
[2023-02-01 17:57:48,471] {processor.py:153} INFO - Started process (PID=14211) to work on /c/Airflow/dags/Airflow2_0_De_0_a_Heroe/1_mi_primer_dag.py
[2023-02-01 17:57:48,472] {processor.py:641} INFO - Processing file /c/Airflow/dags/Airflow2_0_De_0_a_Heroe/1_mi_primer_dag.py for tasks to queue
[2023-02-01 17:57:48,472] {logging_mixin.py:115} INFO - [2023-02-01 17:57:48,472] {dagbag.py:507} INFO - Filling up the DagBag from /c/Airflow/dags/Airflow2_0_De_0_a_Heroe/1_mi_primer_dag.py
[2023-02-01 17:57:48,498] {processor.py:651} INFO - DAG(s) dict_keys(['1_mi_primer_dag']) retrieved from /c/Airflow/dags/Airflow2_0_De_0_a_Heroe/1_mi_primer_dag.py
[2023-02-01 17:57:48,515] {logging_mixin.py:115} INFO - [2023-02-01 17:57:48,515] {dag.py:2371} INFO - Sync 1 DAGs
[2023-02-01 17:57:48,532] {logging_mixin.py:115} INFO - [2023-02-01 17:57:48,532] {dag.py:2915} INFO - Setting next_dagrun for 1_mi_primer_dag to 2023-02-01T00:00:00+00:00, run_after=2023-02-02T00:00:00+00:00
[2023-02-01 17:57:48,573] {processor.py:161} INFO - Processing /c/Airflow/dags/Airflow2_0_De_0_a_Heroe/1_mi_primer_dag.py took 0.104 seconds
[2023-02-01 17:58:19,941] {processor.py:153} INFO - Started process (PID=14231) to work on /c/Airflow/dags/Airflow2_0_De_0_a_Heroe/1_mi_primer_dag.py
[2023-02-01 17:58:19,942] {processor.py:641} INFO - Processing file /c/Airflow/dags/Airflow2_0_De_0_a_Heroe/1_mi_primer_dag.py for tasks to queue
[2023-02-01 17:58:19,942] {logging_mixin.py:115} INFO - [2023-02-01 17:58:19,942] {dagbag.py:507} INFO - Filling up the DagBag from /c/Airflow/dags/Airflow2_0_De_0_a_Heroe/1_mi_primer_dag.py
[2023-02-01 17:58:19,970] {processor.py:651} INFO - DAG(s) dict_keys(['1_mi_primer_dag']) retrieved from /c/Airflow/dags/Airflow2_0_De_0_a_Heroe/1_mi_primer_dag.py
[2023-02-01 17:58:19,989] {logging_mixin.py:115} INFO - [2023-02-01 17:58:19,989] {dag.py:2371} INFO - Sync 1 DAGs
[2023-02-01 17:58:20,004] {logging_mixin.py:115} INFO - [2023-02-01 17:58:20,004] {dag.py:2915} INFO - Setting next_dagrun for 1_mi_primer_dag to 2023-02-01T00:00:00+00:00, run_after=2023-02-02T00:00:00+00:00
[2023-02-01 17:58:20,048] {processor.py:161} INFO - Processing /c/Airflow/dags/Airflow2_0_De_0_a_Heroe/1_mi_primer_dag.py took 0.109 seconds
[2023-02-01 17:58:52,070] {processor.py:153} INFO - Started process (PID=14251) to work on /c/Airflow/dags/Airflow2_0_De_0_a_Heroe/1_mi_primer_dag.py
[2023-02-01 17:58:52,071] {processor.py:641} INFO - Processing file /c/Airflow/dags/Airflow2_0_De_0_a_Heroe/1_mi_primer_dag.py for tasks to queue
[2023-02-01 17:58:52,071] {logging_mixin.py:115} INFO - [2023-02-01 17:58:52,071] {dagbag.py:507} INFO - Filling up the DagBag from /c/Airflow/dags/Airflow2_0_De_0_a_Heroe/1_mi_primer_dag.py
[2023-02-01 17:58:52,101] {processor.py:651} INFO - DAG(s) dict_keys(['1_mi_primer_dag']) retrieved from /c/Airflow/dags/Airflow2_0_De_0_a_Heroe/1_mi_primer_dag.py
[2023-02-01 17:58:52,120] {logging_mixin.py:115} INFO - [2023-02-01 17:58:52,120] {dag.py:2371} INFO - Sync 1 DAGs
[2023-02-01 17:58:52,135] {logging_mixin.py:115} INFO - [2023-02-01 17:58:52,135] {dag.py:2915} INFO - Setting next_dagrun for 1_mi_primer_dag to 2023-02-01T00:00:00+00:00, run_after=2023-02-02T00:00:00+00:00
[2023-02-01 17:58:52,176] {processor.py:161} INFO - Processing /c/Airflow/dags/Airflow2_0_De_0_a_Heroe/1_mi_primer_dag.py took 0.108 seconds
[2023-02-01 17:59:23,252] {processor.py:153} INFO - Started process (PID=14271) to work on /c/Airflow/dags/Airflow2_0_De_0_a_Heroe/1_mi_primer_dag.py
[2023-02-01 17:59:23,255] {processor.py:641} INFO - Processing file /c/Airflow/dags/Airflow2_0_De_0_a_Heroe/1_mi_primer_dag.py for tasks to queue
[2023-02-01 17:59:23,256] {logging_mixin.py:115} INFO - [2023-02-01 17:59:23,256] {dagbag.py:507} INFO - Filling up the DagBag from /c/Airflow/dags/Airflow2_0_De_0_a_Heroe/1_mi_primer_dag.py
[2023-02-01 17:59:23,290] {processor.py:651} INFO - DAG(s) dict_keys(['1_mi_primer_dag']) retrieved from /c/Airflow/dags/Airflow2_0_De_0_a_Heroe/1_mi_primer_dag.py
[2023-02-01 17:59:23,309] {logging_mixin.py:115} INFO - [2023-02-01 17:59:23,309] {dag.py:2371} INFO - Sync 1 DAGs
[2023-02-01 17:59:23,325] {logging_mixin.py:115} INFO - [2023-02-01 17:59:23,324] {dag.py:2915} INFO - Setting next_dagrun for 1_mi_primer_dag to 2023-02-01T00:00:00+00:00, run_after=2023-02-02T00:00:00+00:00
[2023-02-01 17:59:23,363] {processor.py:161} INFO - Processing /c/Airflow/dags/Airflow2_0_De_0_a_Heroe/1_mi_primer_dag.py took 0.113 seconds
[2023-02-01 17:59:54,368] {processor.py:153} INFO - Started process (PID=14291) to work on /c/Airflow/dags/Airflow2_0_De_0_a_Heroe/1_mi_primer_dag.py
[2023-02-01 17:59:54,369] {processor.py:641} INFO - Processing file /c/Airflow/dags/Airflow2_0_De_0_a_Heroe/1_mi_primer_dag.py for tasks to queue
[2023-02-01 17:59:54,370] {logging_mixin.py:115} INFO - [2023-02-01 17:59:54,369] {dagbag.py:507} INFO - Filling up the DagBag from /c/Airflow/dags/Airflow2_0_De_0_a_Heroe/1_mi_primer_dag.py
[2023-02-01 17:59:54,398] {processor.py:651} INFO - DAG(s) dict_keys(['1_mi_primer_dag']) retrieved from /c/Airflow/dags/Airflow2_0_De_0_a_Heroe/1_mi_primer_dag.py
[2023-02-01 17:59:54,415] {logging_mixin.py:115} INFO - [2023-02-01 17:59:54,415] {dag.py:2371} INFO - Sync 1 DAGs
[2023-02-01 17:59:54,429] {logging_mixin.py:115} INFO - [2023-02-01 17:59:54,429] {dag.py:2915} INFO - Setting next_dagrun for 1_mi_primer_dag to 2023-02-01T00:00:00+00:00, run_after=2023-02-02T00:00:00+00:00
[2023-02-01 17:59:54,470] {processor.py:161} INFO - Processing /c/Airflow/dags/Airflow2_0_De_0_a_Heroe/1_mi_primer_dag.py took 0.104 seconds
