[2023-02-01 15:57:04,456] {processor.py:153} INFO - Started process (PID=12089) to work on /c/Airflow/dags/Airflow2_0_De_0_a_Heroe/2_simple_storage_bigquery.py
[2023-02-01 15:57:04,456] {processor.py:641} INFO - Processing file /c/Airflow/dags/Airflow2_0_De_0_a_Heroe/2_simple_storage_bigquery.py for tasks to queue
[2023-02-01 15:57:04,457] {logging_mixin.py:115} INFO - [2023-02-01 15:57:04,457] {dagbag.py:507} INFO - Filling up the DagBag from /c/Airflow/dags/Airflow2_0_De_0_a_Heroe/2_simple_storage_bigquery.py
[2023-02-01 15:57:04,885] {processor.py:651} INFO - DAG(s) dict_keys(['2_simple_storage_bigquery']) retrieved from /c/Airflow/dags/Airflow2_0_De_0_a_Heroe/2_simple_storage_bigquery.py
[2023-02-01 15:57:04,929] {logging_mixin.py:115} INFO - [2023-02-01 15:57:04,928] {dag.py:2371} INFO - Sync 1 DAGs
[2023-02-01 15:57:04,943] {logging_mixin.py:115} INFO - [2023-02-01 15:57:04,943] {dag.py:2915} INFO - Setting next_dagrun for 2_simple_storage_bigquery to 2023-02-01T00:00:00+00:00, run_after=2023-02-02T00:00:00+00:00
[2023-02-01 15:57:04,991] {processor.py:161} INFO - Processing /c/Airflow/dags/Airflow2_0_De_0_a_Heroe/2_simple_storage_bigquery.py took 0.538 seconds
[2023-02-01 15:57:36,150] {processor.py:153} INFO - Started process (PID=12109) to work on /c/Airflow/dags/Airflow2_0_De_0_a_Heroe/2_simple_storage_bigquery.py
[2023-02-01 15:57:36,151] {processor.py:641} INFO - Processing file /c/Airflow/dags/Airflow2_0_De_0_a_Heroe/2_simple_storage_bigquery.py for tasks to queue
[2023-02-01 15:57:36,151] {logging_mixin.py:115} INFO - [2023-02-01 15:57:36,151] {dagbag.py:507} INFO - Filling up the DagBag from /c/Airflow/dags/Airflow2_0_De_0_a_Heroe/2_simple_storage_bigquery.py
[2023-02-01 15:57:36,571] {processor.py:651} INFO - DAG(s) dict_keys(['2_simple_storage_bigquery']) retrieved from /c/Airflow/dags/Airflow2_0_De_0_a_Heroe/2_simple_storage_bigquery.py
[2023-02-01 15:57:36,593] {logging_mixin.py:115} INFO - [2023-02-01 15:57:36,593] {dag.py:2371} INFO - Sync 1 DAGs
[2023-02-01 15:57:36,609] {logging_mixin.py:115} INFO - [2023-02-01 15:57:36,609] {dag.py:2915} INFO - Setting next_dagrun for 2_simple_storage_bigquery to 2023-02-01T00:00:00+00:00, run_after=2023-02-02T00:00:00+00:00
[2023-02-01 15:57:36,651] {processor.py:161} INFO - Processing /c/Airflow/dags/Airflow2_0_De_0_a_Heroe/2_simple_storage_bigquery.py took 0.503 seconds
[2023-02-01 15:58:07,745] {processor.py:153} INFO - Started process (PID=12129) to work on /c/Airflow/dags/Airflow2_0_De_0_a_Heroe/2_simple_storage_bigquery.py
[2023-02-01 15:58:07,746] {processor.py:641} INFO - Processing file /c/Airflow/dags/Airflow2_0_De_0_a_Heroe/2_simple_storage_bigquery.py for tasks to queue
[2023-02-01 15:58:07,747] {logging_mixin.py:115} INFO - [2023-02-01 15:58:07,747] {dagbag.py:507} INFO - Filling up the DagBag from /c/Airflow/dags/Airflow2_0_De_0_a_Heroe/2_simple_storage_bigquery.py
[2023-02-01 15:58:08,167] {processor.py:651} INFO - DAG(s) dict_keys(['2_simple_storage_bigquery']) retrieved from /c/Airflow/dags/Airflow2_0_De_0_a_Heroe/2_simple_storage_bigquery.py
[2023-02-01 15:58:08,188] {logging_mixin.py:115} INFO - [2023-02-01 15:58:08,188] {dag.py:2371} INFO - Sync 1 DAGs
[2023-02-01 15:58:08,204] {logging_mixin.py:115} INFO - [2023-02-01 15:58:08,204] {dag.py:2915} INFO - Setting next_dagrun for 2_simple_storage_bigquery to 2023-02-01T00:00:00+00:00, run_after=2023-02-02T00:00:00+00:00
[2023-02-01 15:58:08,248] {processor.py:161} INFO - Processing /c/Airflow/dags/Airflow2_0_De_0_a_Heroe/2_simple_storage_bigquery.py took 0.504 seconds
[2023-02-01 15:58:39,206] {processor.py:153} INFO - Started process (PID=12149) to work on /c/Airflow/dags/Airflow2_0_De_0_a_Heroe/2_simple_storage_bigquery.py
[2023-02-01 15:58:39,207] {processor.py:641} INFO - Processing file /c/Airflow/dags/Airflow2_0_De_0_a_Heroe/2_simple_storage_bigquery.py for tasks to queue
[2023-02-01 15:58:39,208] {logging_mixin.py:115} INFO - [2023-02-01 15:58:39,208] {dagbag.py:507} INFO - Filling up the DagBag from /c/Airflow/dags/Airflow2_0_De_0_a_Heroe/2_simple_storage_bigquery.py
[2023-02-01 15:58:39,642] {processor.py:651} INFO - DAG(s) dict_keys(['2_simple_storage_bigquery']) retrieved from /c/Airflow/dags/Airflow2_0_De_0_a_Heroe/2_simple_storage_bigquery.py
[2023-02-01 15:58:39,662] {logging_mixin.py:115} INFO - [2023-02-01 15:58:39,662] {dag.py:2371} INFO - Sync 1 DAGs
[2023-02-01 15:58:39,679] {logging_mixin.py:115} INFO - [2023-02-01 15:58:39,679] {dag.py:2915} INFO - Setting next_dagrun for 2_simple_storage_bigquery to 2023-02-01T00:00:00+00:00, run_after=2023-02-02T00:00:00+00:00
[2023-02-01 15:58:39,721] {processor.py:161} INFO - Processing /c/Airflow/dags/Airflow2_0_De_0_a_Heroe/2_simple_storage_bigquery.py took 0.517 seconds
[2023-02-01 15:59:10,783] {processor.py:153} INFO - Started process (PID=12169) to work on /c/Airflow/dags/Airflow2_0_De_0_a_Heroe/2_simple_storage_bigquery.py
[2023-02-01 15:59:10,784] {processor.py:641} INFO - Processing file /c/Airflow/dags/Airflow2_0_De_0_a_Heroe/2_simple_storage_bigquery.py for tasks to queue
[2023-02-01 15:59:10,785] {logging_mixin.py:115} INFO - [2023-02-01 15:59:10,785] {dagbag.py:507} INFO - Filling up the DagBag from /c/Airflow/dags/Airflow2_0_De_0_a_Heroe/2_simple_storage_bigquery.py
[2023-02-01 15:59:11,237] {processor.py:651} INFO - DAG(s) dict_keys(['2_simple_storage_bigquery']) retrieved from /c/Airflow/dags/Airflow2_0_De_0_a_Heroe/2_simple_storage_bigquery.py
[2023-02-01 15:59:11,259] {logging_mixin.py:115} INFO - [2023-02-01 15:59:11,258] {dag.py:2371} INFO - Sync 1 DAGs
[2023-02-01 15:59:11,275] {logging_mixin.py:115} INFO - [2023-02-01 15:59:11,275] {dag.py:2915} INFO - Setting next_dagrun for 2_simple_storage_bigquery to 2023-02-01T00:00:00+00:00, run_after=2023-02-02T00:00:00+00:00
[2023-02-01 15:59:11,321] {processor.py:161} INFO - Processing /c/Airflow/dags/Airflow2_0_De_0_a_Heroe/2_simple_storage_bigquery.py took 0.540 seconds
[2023-02-01 15:59:42,669] {processor.py:153} INFO - Started process (PID=12189) to work on /c/Airflow/dags/Airflow2_0_De_0_a_Heroe/2_simple_storage_bigquery.py
[2023-02-01 15:59:42,670] {processor.py:641} INFO - Processing file /c/Airflow/dags/Airflow2_0_De_0_a_Heroe/2_simple_storage_bigquery.py for tasks to queue
[2023-02-01 15:59:42,671] {logging_mixin.py:115} INFO - [2023-02-01 15:59:42,671] {dagbag.py:507} INFO - Filling up the DagBag from /c/Airflow/dags/Airflow2_0_De_0_a_Heroe/2_simple_storage_bigquery.py
[2023-02-01 15:59:43,149] {processor.py:651} INFO - DAG(s) dict_keys(['2_simple_storage_bigquery']) retrieved from /c/Airflow/dags/Airflow2_0_De_0_a_Heroe/2_simple_storage_bigquery.py
[2023-02-01 15:59:43,175] {logging_mixin.py:115} INFO - [2023-02-01 15:59:43,175] {dag.py:2371} INFO - Sync 1 DAGs
[2023-02-01 15:59:43,192] {logging_mixin.py:115} INFO - [2023-02-01 15:59:43,192] {dag.py:2915} INFO - Setting next_dagrun for 2_simple_storage_bigquery to 2023-02-01T00:00:00+00:00, run_after=2023-02-02T00:00:00+00:00
[2023-02-01 15:59:43,240] {processor.py:161} INFO - Processing /c/Airflow/dags/Airflow2_0_De_0_a_Heroe/2_simple_storage_bigquery.py took 0.573 seconds
[2023-02-01 16:00:13,913] {processor.py:153} INFO - Started process (PID=12209) to work on /c/Airflow/dags/Airflow2_0_De_0_a_Heroe/2_simple_storage_bigquery.py
[2023-02-01 16:00:13,913] {processor.py:641} INFO - Processing file /c/Airflow/dags/Airflow2_0_De_0_a_Heroe/2_simple_storage_bigquery.py for tasks to queue
[2023-02-01 16:00:13,914] {logging_mixin.py:115} INFO - [2023-02-01 16:00:13,914] {dagbag.py:507} INFO - Filling up the DagBag from /c/Airflow/dags/Airflow2_0_De_0_a_Heroe/2_simple_storage_bigquery.py
[2023-02-01 16:00:14,342] {processor.py:651} INFO - DAG(s) dict_keys(['2_simple_storage_bigquery']) retrieved from /c/Airflow/dags/Airflow2_0_De_0_a_Heroe/2_simple_storage_bigquery.py
[2023-02-01 16:00:14,365] {logging_mixin.py:115} INFO - [2023-02-01 16:00:14,365] {dag.py:2371} INFO - Sync 1 DAGs
[2023-02-01 16:00:14,381] {logging_mixin.py:115} INFO - [2023-02-01 16:00:14,381] {dag.py:2915} INFO - Setting next_dagrun for 2_simple_storage_bigquery to 2023-02-01T00:00:00+00:00, run_after=2023-02-02T00:00:00+00:00
[2023-02-01 16:00:14,421] {processor.py:161} INFO - Processing /c/Airflow/dags/Airflow2_0_De_0_a_Heroe/2_simple_storage_bigquery.py took 0.510 seconds
[2023-02-01 16:00:45,589] {processor.py:153} INFO - Started process (PID=12229) to work on /c/Airflow/dags/Airflow2_0_De_0_a_Heroe/2_simple_storage_bigquery.py
[2023-02-01 16:00:45,590] {processor.py:641} INFO - Processing file /c/Airflow/dags/Airflow2_0_De_0_a_Heroe/2_simple_storage_bigquery.py for tasks to queue
[2023-02-01 16:00:45,591] {logging_mixin.py:115} INFO - [2023-02-01 16:00:45,591] {dagbag.py:507} INFO - Filling up the DagBag from /c/Airflow/dags/Airflow2_0_De_0_a_Heroe/2_simple_storage_bigquery.py
[2023-02-01 16:00:46,018] {processor.py:651} INFO - DAG(s) dict_keys(['2_simple_storage_bigquery']) retrieved from /c/Airflow/dags/Airflow2_0_De_0_a_Heroe/2_simple_storage_bigquery.py
[2023-02-01 16:00:46,042] {logging_mixin.py:115} INFO - [2023-02-01 16:00:46,041] {dag.py:2371} INFO - Sync 1 DAGs
[2023-02-01 16:00:46,058] {logging_mixin.py:115} INFO - [2023-02-01 16:00:46,058] {dag.py:2915} INFO - Setting next_dagrun for 2_simple_storage_bigquery to 2023-02-01T00:00:00+00:00, run_after=2023-02-02T00:00:00+00:00
[2023-02-01 16:00:46,107] {processor.py:161} INFO - Processing /c/Airflow/dags/Airflow2_0_De_0_a_Heroe/2_simple_storage_bigquery.py took 0.520 seconds
[2023-02-01 16:01:17,342] {processor.py:153} INFO - Started process (PID=12249) to work on /c/Airflow/dags/Airflow2_0_De_0_a_Heroe/2_simple_storage_bigquery.py
[2023-02-01 16:01:17,343] {processor.py:641} INFO - Processing file /c/Airflow/dags/Airflow2_0_De_0_a_Heroe/2_simple_storage_bigquery.py for tasks to queue
[2023-02-01 16:01:17,344] {logging_mixin.py:115} INFO - [2023-02-01 16:01:17,344] {dagbag.py:507} INFO - Filling up the DagBag from /c/Airflow/dags/Airflow2_0_De_0_a_Heroe/2_simple_storage_bigquery.py
[2023-02-01 16:01:17,762] {processor.py:651} INFO - DAG(s) dict_keys(['2_simple_storage_bigquery']) retrieved from /c/Airflow/dags/Airflow2_0_De_0_a_Heroe/2_simple_storage_bigquery.py
[2023-02-01 16:01:17,781] {logging_mixin.py:115} INFO - [2023-02-01 16:01:17,781] {dag.py:2371} INFO - Sync 1 DAGs
[2023-02-01 16:01:17,797] {logging_mixin.py:115} INFO - [2023-02-01 16:01:17,797] {dag.py:2915} INFO - Setting next_dagrun for 2_simple_storage_bigquery to 2023-02-01T00:00:00+00:00, run_after=2023-02-02T00:00:00+00:00
[2023-02-01 16:01:17,843] {processor.py:161} INFO - Processing /c/Airflow/dags/Airflow2_0_De_0_a_Heroe/2_simple_storage_bigquery.py took 0.502 seconds
[2023-02-01 16:01:52,229] {processor.py:153} INFO - Started process (PID=12269) to work on /c/Airflow/dags/Airflow2_0_De_0_a_Heroe/2_simple_storage_bigquery.py
[2023-02-01 16:01:52,229] {processor.py:641} INFO - Processing file /c/Airflow/dags/Airflow2_0_De_0_a_Heroe/2_simple_storage_bigquery.py for tasks to queue
[2023-02-01 16:01:52,230] {logging_mixin.py:115} INFO - [2023-02-01 16:01:52,230] {dagbag.py:507} INFO - Filling up the DagBag from /c/Airflow/dags/Airflow2_0_De_0_a_Heroe/2_simple_storage_bigquery.py
[2023-02-01 16:01:52,658] {processor.py:651} INFO - DAG(s) dict_keys(['2_simple_storage_bigquery']) retrieved from /c/Airflow/dags/Airflow2_0_De_0_a_Heroe/2_simple_storage_bigquery.py
[2023-02-01 16:01:52,683] {logging_mixin.py:115} INFO - [2023-02-01 16:01:52,682] {dag.py:2371} INFO - Sync 1 DAGs
[2023-02-01 16:01:52,710] {logging_mixin.py:115} INFO - [2023-02-01 16:01:52,710] {dag.py:2915} INFO - Setting next_dagrun for 2_simple_storage_bigquery to 2023-02-01T00:00:00+00:00, run_after=2023-02-02T00:00:00+00:00
[2023-02-01 16:01:52,754] {processor.py:161} INFO - Processing /c/Airflow/dags/Airflow2_0_De_0_a_Heroe/2_simple_storage_bigquery.py took 0.528 seconds
[2023-02-01 16:02:23,336] {processor.py:153} INFO - Started process (PID=12289) to work on /c/Airflow/dags/Airflow2_0_De_0_a_Heroe/2_simple_storage_bigquery.py
[2023-02-01 16:02:23,337] {processor.py:641} INFO - Processing file /c/Airflow/dags/Airflow2_0_De_0_a_Heroe/2_simple_storage_bigquery.py for tasks to queue
[2023-02-01 16:02:23,338] {logging_mixin.py:115} INFO - [2023-02-01 16:02:23,337] {dagbag.py:507} INFO - Filling up the DagBag from /c/Airflow/dags/Airflow2_0_De_0_a_Heroe/2_simple_storage_bigquery.py
[2023-02-01 16:02:23,771] {processor.py:651} INFO - DAG(s) dict_keys(['2_simple_storage_bigquery']) retrieved from /c/Airflow/dags/Airflow2_0_De_0_a_Heroe/2_simple_storage_bigquery.py
[2023-02-01 16:02:23,793] {logging_mixin.py:115} INFO - [2023-02-01 16:02:23,792] {dag.py:2371} INFO - Sync 1 DAGs
[2023-02-01 16:02:23,809] {logging_mixin.py:115} INFO - [2023-02-01 16:02:23,809] {dag.py:2915} INFO - Setting next_dagrun for 2_simple_storage_bigquery to 2023-02-01T00:00:00+00:00, run_after=2023-02-02T00:00:00+00:00
[2023-02-01 16:02:23,847] {processor.py:161} INFO - Processing /c/Airflow/dags/Airflow2_0_De_0_a_Heroe/2_simple_storage_bigquery.py took 0.513 seconds
[2023-02-01 16:02:54,490] {processor.py:153} INFO - Started process (PID=12309) to work on /c/Airflow/dags/Airflow2_0_De_0_a_Heroe/2_simple_storage_bigquery.py
[2023-02-01 16:02:54,491] {processor.py:641} INFO - Processing file /c/Airflow/dags/Airflow2_0_De_0_a_Heroe/2_simple_storage_bigquery.py for tasks to queue
[2023-02-01 16:02:54,492] {logging_mixin.py:115} INFO - [2023-02-01 16:02:54,492] {dagbag.py:507} INFO - Filling up the DagBag from /c/Airflow/dags/Airflow2_0_De_0_a_Heroe/2_simple_storage_bigquery.py
[2023-02-01 16:02:54,928] {processor.py:651} INFO - DAG(s) dict_keys(['2_simple_storage_bigquery']) retrieved from /c/Airflow/dags/Airflow2_0_De_0_a_Heroe/2_simple_storage_bigquery.py
[2023-02-01 16:02:54,951] {logging_mixin.py:115} INFO - [2023-02-01 16:02:54,951] {dag.py:2371} INFO - Sync 1 DAGs
[2023-02-01 16:02:54,967] {logging_mixin.py:115} INFO - [2023-02-01 16:02:54,967] {dag.py:2915} INFO - Setting next_dagrun for 2_simple_storage_bigquery to 2023-02-01T00:00:00+00:00, run_after=2023-02-02T00:00:00+00:00
[2023-02-01 16:02:55,010] {processor.py:161} INFO - Processing /c/Airflow/dags/Airflow2_0_De_0_a_Heroe/2_simple_storage_bigquery.py took 0.521 seconds
[2023-02-01 16:03:25,559] {processor.py:153} INFO - Started process (PID=12329) to work on /c/Airflow/dags/Airflow2_0_De_0_a_Heroe/2_simple_storage_bigquery.py
[2023-02-01 16:03:25,560] {processor.py:641} INFO - Processing file /c/Airflow/dags/Airflow2_0_De_0_a_Heroe/2_simple_storage_bigquery.py for tasks to queue
[2023-02-01 16:03:25,560] {logging_mixin.py:115} INFO - [2023-02-01 16:03:25,560] {dagbag.py:507} INFO - Filling up the DagBag from /c/Airflow/dags/Airflow2_0_De_0_a_Heroe/2_simple_storage_bigquery.py
[2023-02-01 16:03:25,997] {processor.py:651} INFO - DAG(s) dict_keys(['2_simple_storage_bigquery']) retrieved from /c/Airflow/dags/Airflow2_0_De_0_a_Heroe/2_simple_storage_bigquery.py
[2023-02-01 16:03:26,018] {logging_mixin.py:115} INFO - [2023-02-01 16:03:26,018] {dag.py:2371} INFO - Sync 1 DAGs
[2023-02-01 16:03:26,034] {logging_mixin.py:115} INFO - [2023-02-01 16:03:26,034] {dag.py:2915} INFO - Setting next_dagrun for 2_simple_storage_bigquery to 2023-02-01T00:00:00+00:00, run_after=2023-02-02T00:00:00+00:00
[2023-02-01 16:03:26,074] {processor.py:161} INFO - Processing /c/Airflow/dags/Airflow2_0_De_0_a_Heroe/2_simple_storage_bigquery.py took 0.517 seconds
[2023-02-01 16:03:56,631] {processor.py:153} INFO - Started process (PID=12349) to work on /c/Airflow/dags/Airflow2_0_De_0_a_Heroe/2_simple_storage_bigquery.py
[2023-02-01 16:03:56,632] {processor.py:641} INFO - Processing file /c/Airflow/dags/Airflow2_0_De_0_a_Heroe/2_simple_storage_bigquery.py for tasks to queue
[2023-02-01 16:03:56,634] {logging_mixin.py:115} INFO - [2023-02-01 16:03:56,633] {dagbag.py:507} INFO - Filling up the DagBag from /c/Airflow/dags/Airflow2_0_De_0_a_Heroe/2_simple_storage_bigquery.py
[2023-02-01 16:03:57,078] {processor.py:651} INFO - DAG(s) dict_keys(['2_simple_storage_bigquery']) retrieved from /c/Airflow/dags/Airflow2_0_De_0_a_Heroe/2_simple_storage_bigquery.py
[2023-02-01 16:03:57,099] {logging_mixin.py:115} INFO - [2023-02-01 16:03:57,099] {dag.py:2371} INFO - Sync 1 DAGs
[2023-02-01 16:03:57,119] {logging_mixin.py:115} INFO - [2023-02-01 16:03:57,119] {dag.py:2915} INFO - Setting next_dagrun for 2_simple_storage_bigquery to 2023-02-01T00:00:00+00:00, run_after=2023-02-02T00:00:00+00:00
[2023-02-01 16:03:57,166] {processor.py:161} INFO - Processing /c/Airflow/dags/Airflow2_0_De_0_a_Heroe/2_simple_storage_bigquery.py took 0.537 seconds
[2023-02-01 16:04:27,842] {processor.py:153} INFO - Started process (PID=12369) to work on /c/Airflow/dags/Airflow2_0_De_0_a_Heroe/2_simple_storage_bigquery.py
[2023-02-01 16:04:27,843] {processor.py:641} INFO - Processing file /c/Airflow/dags/Airflow2_0_De_0_a_Heroe/2_simple_storage_bigquery.py for tasks to queue
[2023-02-01 16:04:27,844] {logging_mixin.py:115} INFO - [2023-02-01 16:04:27,844] {dagbag.py:507} INFO - Filling up the DagBag from /c/Airflow/dags/Airflow2_0_De_0_a_Heroe/2_simple_storage_bigquery.py
[2023-02-01 16:04:28,293] {processor.py:651} INFO - DAG(s) dict_keys(['2_simple_storage_bigquery']) retrieved from /c/Airflow/dags/Airflow2_0_De_0_a_Heroe/2_simple_storage_bigquery.py
[2023-02-01 16:04:28,315] {logging_mixin.py:115} INFO - [2023-02-01 16:04:28,315] {dag.py:2371} INFO - Sync 1 DAGs
[2023-02-01 16:04:28,331] {logging_mixin.py:115} INFO - [2023-02-01 16:04:28,331] {dag.py:2915} INFO - Setting next_dagrun for 2_simple_storage_bigquery to 2023-02-01T00:00:00+00:00, run_after=2023-02-02T00:00:00+00:00
[2023-02-01 16:04:28,372] {processor.py:161} INFO - Processing /c/Airflow/dags/Airflow2_0_De_0_a_Heroe/2_simple_storage_bigquery.py took 0.532 seconds
[2023-02-01 16:04:59,193] {processor.py:153} INFO - Started process (PID=12389) to work on /c/Airflow/dags/Airflow2_0_De_0_a_Heroe/2_simple_storage_bigquery.py
[2023-02-01 16:04:59,194] {processor.py:641} INFO - Processing file /c/Airflow/dags/Airflow2_0_De_0_a_Heroe/2_simple_storage_bigquery.py for tasks to queue
[2023-02-01 16:04:59,194] {logging_mixin.py:115} INFO - [2023-02-01 16:04:59,194] {dagbag.py:507} INFO - Filling up the DagBag from /c/Airflow/dags/Airflow2_0_De_0_a_Heroe/2_simple_storage_bigquery.py
[2023-02-01 16:04:59,675] {processor.py:651} INFO - DAG(s) dict_keys(['2_simple_storage_bigquery']) retrieved from /c/Airflow/dags/Airflow2_0_De_0_a_Heroe/2_simple_storage_bigquery.py
[2023-02-01 16:04:59,703] {logging_mixin.py:115} INFO - [2023-02-01 16:04:59,702] {dag.py:2371} INFO - Sync 1 DAGs
[2023-02-01 16:04:59,727] {logging_mixin.py:115} INFO - [2023-02-01 16:04:59,727] {dag.py:2915} INFO - Setting next_dagrun for 2_simple_storage_bigquery to 2023-02-01T00:00:00+00:00, run_after=2023-02-02T00:00:00+00:00
[2023-02-01 16:04:59,787] {processor.py:161} INFO - Processing /c/Airflow/dags/Airflow2_0_De_0_a_Heroe/2_simple_storage_bigquery.py took 0.596 seconds
[2023-02-01 16:05:29,935] {processor.py:153} INFO - Started process (PID=12409) to work on /c/Airflow/dags/Airflow2_0_De_0_a_Heroe/2_simple_storage_bigquery.py
[2023-02-01 16:05:29,936] {processor.py:641} INFO - Processing file /c/Airflow/dags/Airflow2_0_De_0_a_Heroe/2_simple_storage_bigquery.py for tasks to queue
[2023-02-01 16:05:29,937] {logging_mixin.py:115} INFO - [2023-02-01 16:05:29,937] {dagbag.py:507} INFO - Filling up the DagBag from /c/Airflow/dags/Airflow2_0_De_0_a_Heroe/2_simple_storage_bigquery.py
[2023-02-01 16:05:30,358] {processor.py:651} INFO - DAG(s) dict_keys(['2_simple_storage_bigquery']) retrieved from /c/Airflow/dags/Airflow2_0_De_0_a_Heroe/2_simple_storage_bigquery.py
[2023-02-01 16:05:30,380] {logging_mixin.py:115} INFO - [2023-02-01 16:05:30,380] {dag.py:2371} INFO - Sync 1 DAGs
[2023-02-01 16:05:30,397] {logging_mixin.py:115} INFO - [2023-02-01 16:05:30,397] {dag.py:2915} INFO - Setting next_dagrun for 2_simple_storage_bigquery to 2023-02-01T00:00:00+00:00, run_after=2023-02-02T00:00:00+00:00
[2023-02-01 16:05:30,440] {processor.py:161} INFO - Processing /c/Airflow/dags/Airflow2_0_De_0_a_Heroe/2_simple_storage_bigquery.py took 0.507 seconds
[2023-02-01 16:06:01,192] {processor.py:153} INFO - Started process (PID=12429) to work on /c/Airflow/dags/Airflow2_0_De_0_a_Heroe/2_simple_storage_bigquery.py
[2023-02-01 16:06:01,192] {processor.py:641} INFO - Processing file /c/Airflow/dags/Airflow2_0_De_0_a_Heroe/2_simple_storage_bigquery.py for tasks to queue
[2023-02-01 16:06:01,193] {logging_mixin.py:115} INFO - [2023-02-01 16:06:01,193] {dagbag.py:507} INFO - Filling up the DagBag from /c/Airflow/dags/Airflow2_0_De_0_a_Heroe/2_simple_storage_bigquery.py
[2023-02-01 16:06:01,657] {processor.py:651} INFO - DAG(s) dict_keys(['2_simple_storage_bigquery']) retrieved from /c/Airflow/dags/Airflow2_0_De_0_a_Heroe/2_simple_storage_bigquery.py
[2023-02-01 16:06:01,684] {logging_mixin.py:115} INFO - [2023-02-01 16:06:01,684] {dag.py:2371} INFO - Sync 1 DAGs
[2023-02-01 16:06:01,703] {logging_mixin.py:115} INFO - [2023-02-01 16:06:01,703] {dag.py:2915} INFO - Setting next_dagrun for 2_simple_storage_bigquery to 2023-02-01T00:00:00+00:00, run_after=2023-02-02T00:00:00+00:00
[2023-02-01 16:06:01,747] {processor.py:161} INFO - Processing /c/Airflow/dags/Airflow2_0_De_0_a_Heroe/2_simple_storage_bigquery.py took 0.558 seconds
[2023-02-01 16:06:32,470] {processor.py:153} INFO - Started process (PID=12449) to work on /c/Airflow/dags/Airflow2_0_De_0_a_Heroe/2_simple_storage_bigquery.py
[2023-02-01 16:06:32,471] {processor.py:641} INFO - Processing file /c/Airflow/dags/Airflow2_0_De_0_a_Heroe/2_simple_storage_bigquery.py for tasks to queue
[2023-02-01 16:06:32,472] {logging_mixin.py:115} INFO - [2023-02-01 16:06:32,471] {dagbag.py:507} INFO - Filling up the DagBag from /c/Airflow/dags/Airflow2_0_De_0_a_Heroe/2_simple_storage_bigquery.py
[2023-02-01 16:06:32,898] {processor.py:651} INFO - DAG(s) dict_keys(['2_simple_storage_bigquery']) retrieved from /c/Airflow/dags/Airflow2_0_De_0_a_Heroe/2_simple_storage_bigquery.py
[2023-02-01 16:06:32,919] {logging_mixin.py:115} INFO - [2023-02-01 16:06:32,919] {dag.py:2371} INFO - Sync 1 DAGs
[2023-02-01 16:06:32,936] {logging_mixin.py:115} INFO - [2023-02-01 16:06:32,936] {dag.py:2915} INFO - Setting next_dagrun for 2_simple_storage_bigquery to 2023-02-01T00:00:00+00:00, run_after=2023-02-02T00:00:00+00:00
[2023-02-01 16:06:33,004] {processor.py:161} INFO - Processing /c/Airflow/dags/Airflow2_0_De_0_a_Heroe/2_simple_storage_bigquery.py took 0.535 seconds
[2023-02-01 16:07:03,947] {processor.py:153} INFO - Started process (PID=12469) to work on /c/Airflow/dags/Airflow2_0_De_0_a_Heroe/2_simple_storage_bigquery.py
[2023-02-01 16:07:03,948] {processor.py:641} INFO - Processing file /c/Airflow/dags/Airflow2_0_De_0_a_Heroe/2_simple_storage_bigquery.py for tasks to queue
[2023-02-01 16:07:03,949] {logging_mixin.py:115} INFO - [2023-02-01 16:07:03,948] {dagbag.py:507} INFO - Filling up the DagBag from /c/Airflow/dags/Airflow2_0_De_0_a_Heroe/2_simple_storage_bigquery.py
[2023-02-01 16:07:04,375] {processor.py:651} INFO - DAG(s) dict_keys(['2_simple_storage_bigquery']) retrieved from /c/Airflow/dags/Airflow2_0_De_0_a_Heroe/2_simple_storage_bigquery.py
[2023-02-01 16:07:04,399] {logging_mixin.py:115} INFO - [2023-02-01 16:07:04,398] {dag.py:2371} INFO - Sync 1 DAGs
[2023-02-01 16:07:04,415] {logging_mixin.py:115} INFO - [2023-02-01 16:07:04,415] {dag.py:2915} INFO - Setting next_dagrun for 2_simple_storage_bigquery to 2023-02-01T00:00:00+00:00, run_after=2023-02-02T00:00:00+00:00
[2023-02-01 16:07:04,470] {processor.py:161} INFO - Processing /c/Airflow/dags/Airflow2_0_De_0_a_Heroe/2_simple_storage_bigquery.py took 0.526 seconds
[2023-02-01 16:07:35,294] {processor.py:153} INFO - Started process (PID=12489) to work on /c/Airflow/dags/Airflow2_0_De_0_a_Heroe/2_simple_storage_bigquery.py
[2023-02-01 16:07:35,294] {processor.py:641} INFO - Processing file /c/Airflow/dags/Airflow2_0_De_0_a_Heroe/2_simple_storage_bigquery.py for tasks to queue
[2023-02-01 16:07:35,295] {logging_mixin.py:115} INFO - [2023-02-01 16:07:35,295] {dagbag.py:507} INFO - Filling up the DagBag from /c/Airflow/dags/Airflow2_0_De_0_a_Heroe/2_simple_storage_bigquery.py
[2023-02-01 16:07:35,774] {processor.py:651} INFO - DAG(s) dict_keys(['2_simple_storage_bigquery']) retrieved from /c/Airflow/dags/Airflow2_0_De_0_a_Heroe/2_simple_storage_bigquery.py
[2023-02-01 16:07:35,794] {logging_mixin.py:115} INFO - [2023-02-01 16:07:35,794] {dag.py:2371} INFO - Sync 1 DAGs
[2023-02-01 16:07:35,811] {logging_mixin.py:115} INFO - [2023-02-01 16:07:35,810] {dag.py:2915} INFO - Setting next_dagrun for 2_simple_storage_bigquery to 2023-02-01T00:00:00+00:00, run_after=2023-02-02T00:00:00+00:00
[2023-02-01 16:07:35,849] {processor.py:161} INFO - Processing /c/Airflow/dags/Airflow2_0_De_0_a_Heroe/2_simple_storage_bigquery.py took 0.557 seconds
[2023-02-01 16:08:06,085] {processor.py:153} INFO - Started process (PID=12509) to work on /c/Airflow/dags/Airflow2_0_De_0_a_Heroe/2_simple_storage_bigquery.py
[2023-02-01 16:08:06,086] {processor.py:641} INFO - Processing file /c/Airflow/dags/Airflow2_0_De_0_a_Heroe/2_simple_storage_bigquery.py for tasks to queue
[2023-02-01 16:08:06,086] {logging_mixin.py:115} INFO - [2023-02-01 16:08:06,086] {dagbag.py:507} INFO - Filling up the DagBag from /c/Airflow/dags/Airflow2_0_De_0_a_Heroe/2_simple_storage_bigquery.py
[2023-02-01 16:08:06,600] {processor.py:651} INFO - DAG(s) dict_keys(['2_simple_storage_bigquery']) retrieved from /c/Airflow/dags/Airflow2_0_De_0_a_Heroe/2_simple_storage_bigquery.py
[2023-02-01 16:08:06,625] {logging_mixin.py:115} INFO - [2023-02-01 16:08:06,624] {dag.py:2371} INFO - Sync 1 DAGs
[2023-02-01 16:08:06,641] {logging_mixin.py:115} INFO - [2023-02-01 16:08:06,641] {dag.py:2915} INFO - Setting next_dagrun for 2_simple_storage_bigquery to 2023-02-01T00:00:00+00:00, run_after=2023-02-02T00:00:00+00:00
[2023-02-01 16:08:06,691] {processor.py:161} INFO - Processing /c/Airflow/dags/Airflow2_0_De_0_a_Heroe/2_simple_storage_bigquery.py took 0.608 seconds
[2023-02-01 16:08:37,863] {processor.py:153} INFO - Started process (PID=12529) to work on /c/Airflow/dags/Airflow2_0_De_0_a_Heroe/2_simple_storage_bigquery.py
[2023-02-01 16:08:37,863] {processor.py:641} INFO - Processing file /c/Airflow/dags/Airflow2_0_De_0_a_Heroe/2_simple_storage_bigquery.py for tasks to queue
[2023-02-01 16:08:37,864] {logging_mixin.py:115} INFO - [2023-02-01 16:08:37,864] {dagbag.py:507} INFO - Filling up the DagBag from /c/Airflow/dags/Airflow2_0_De_0_a_Heroe/2_simple_storage_bigquery.py
[2023-02-01 16:08:38,285] {processor.py:651} INFO - DAG(s) dict_keys(['2_simple_storage_bigquery']) retrieved from /c/Airflow/dags/Airflow2_0_De_0_a_Heroe/2_simple_storage_bigquery.py
[2023-02-01 16:08:38,309] {logging_mixin.py:115} INFO - [2023-02-01 16:08:38,309] {dag.py:2371} INFO - Sync 1 DAGs
[2023-02-01 16:08:38,325] {logging_mixin.py:115} INFO - [2023-02-01 16:08:38,325] {dag.py:2915} INFO - Setting next_dagrun for 2_simple_storage_bigquery to 2023-02-01T00:00:00+00:00, run_after=2023-02-02T00:00:00+00:00
[2023-02-01 16:08:38,365] {processor.py:161} INFO - Processing /c/Airflow/dags/Airflow2_0_De_0_a_Heroe/2_simple_storage_bigquery.py took 0.504 seconds
[2023-02-01 16:09:08,810] {processor.py:153} INFO - Started process (PID=12549) to work on /c/Airflow/dags/Airflow2_0_De_0_a_Heroe/2_simple_storage_bigquery.py
[2023-02-01 16:09:08,811] {processor.py:641} INFO - Processing file /c/Airflow/dags/Airflow2_0_De_0_a_Heroe/2_simple_storage_bigquery.py for tasks to queue
[2023-02-01 16:09:08,812] {logging_mixin.py:115} INFO - [2023-02-01 16:09:08,812] {dagbag.py:507} INFO - Filling up the DagBag from /c/Airflow/dags/Airflow2_0_De_0_a_Heroe/2_simple_storage_bigquery.py
[2023-02-01 16:09:09,258] {processor.py:651} INFO - DAG(s) dict_keys(['2_simple_storage_bigquery']) retrieved from /c/Airflow/dags/Airflow2_0_De_0_a_Heroe/2_simple_storage_bigquery.py
[2023-02-01 16:09:09,290] {logging_mixin.py:115} INFO - [2023-02-01 16:09:09,290] {dag.py:2371} INFO - Sync 1 DAGs
[2023-02-01 16:09:09,309] {logging_mixin.py:115} INFO - [2023-02-01 16:09:09,309] {dag.py:2915} INFO - Setting next_dagrun for 2_simple_storage_bigquery to 2023-02-01T00:00:00+00:00, run_after=2023-02-02T00:00:00+00:00
[2023-02-01 16:09:09,359] {processor.py:161} INFO - Processing /c/Airflow/dags/Airflow2_0_De_0_a_Heroe/2_simple_storage_bigquery.py took 0.551 seconds
[2023-02-01 16:09:40,227] {processor.py:153} INFO - Started process (PID=12569) to work on /c/Airflow/dags/Airflow2_0_De_0_a_Heroe/2_simple_storage_bigquery.py
[2023-02-01 16:09:40,228] {processor.py:641} INFO - Processing file /c/Airflow/dags/Airflow2_0_De_0_a_Heroe/2_simple_storage_bigquery.py for tasks to queue
[2023-02-01 16:09:40,229] {logging_mixin.py:115} INFO - [2023-02-01 16:09:40,229] {dagbag.py:507} INFO - Filling up the DagBag from /c/Airflow/dags/Airflow2_0_De_0_a_Heroe/2_simple_storage_bigquery.py
[2023-02-01 16:09:40,749] {processor.py:651} INFO - DAG(s) dict_keys(['2_simple_storage_bigquery']) retrieved from /c/Airflow/dags/Airflow2_0_De_0_a_Heroe/2_simple_storage_bigquery.py
[2023-02-01 16:09:40,772] {logging_mixin.py:115} INFO - [2023-02-01 16:09:40,772] {dag.py:2371} INFO - Sync 1 DAGs
[2023-02-01 16:09:40,790] {logging_mixin.py:115} INFO - [2023-02-01 16:09:40,790] {dag.py:2915} INFO - Setting next_dagrun for 2_simple_storage_bigquery to 2023-02-01T00:00:00+00:00, run_after=2023-02-02T00:00:00+00:00
[2023-02-01 16:09:40,835] {processor.py:161} INFO - Processing /c/Airflow/dags/Airflow2_0_De_0_a_Heroe/2_simple_storage_bigquery.py took 0.610 seconds
[2023-02-01 16:10:11,746] {processor.py:153} INFO - Started process (PID=12589) to work on /c/Airflow/dags/Airflow2_0_De_0_a_Heroe/2_simple_storage_bigquery.py
[2023-02-01 16:10:11,746] {processor.py:641} INFO - Processing file /c/Airflow/dags/Airflow2_0_De_0_a_Heroe/2_simple_storage_bigquery.py for tasks to queue
[2023-02-01 16:10:11,747] {logging_mixin.py:115} INFO - [2023-02-01 16:10:11,747] {dagbag.py:507} INFO - Filling up the DagBag from /c/Airflow/dags/Airflow2_0_De_0_a_Heroe/2_simple_storage_bigquery.py
[2023-02-01 16:10:12,165] {processor.py:651} INFO - DAG(s) dict_keys(['2_simple_storage_bigquery']) retrieved from /c/Airflow/dags/Airflow2_0_De_0_a_Heroe/2_simple_storage_bigquery.py
[2023-02-01 16:10:12,186] {logging_mixin.py:115} INFO - [2023-02-01 16:10:12,186] {dag.py:2371} INFO - Sync 1 DAGs
[2023-02-01 16:10:12,202] {logging_mixin.py:115} INFO - [2023-02-01 16:10:12,202] {dag.py:2915} INFO - Setting next_dagrun for 2_simple_storage_bigquery to 2023-02-01T00:00:00+00:00, run_after=2023-02-02T00:00:00+00:00
[2023-02-01 16:10:12,247] {processor.py:161} INFO - Processing /c/Airflow/dags/Airflow2_0_De_0_a_Heroe/2_simple_storage_bigquery.py took 0.503 seconds
[2023-02-01 16:10:45,532] {processor.py:153} INFO - Started process (PID=12632) to work on /c/Airflow/dags/Airflow2_0_De_0_a_Heroe/2_simple_storage_bigquery.py
[2023-02-01 16:10:45,533] {processor.py:641} INFO - Processing file /c/Airflow/dags/Airflow2_0_De_0_a_Heroe/2_simple_storage_bigquery.py for tasks to queue
[2023-02-01 16:10:45,534] {logging_mixin.py:115} INFO - [2023-02-01 16:10:45,534] {dagbag.py:507} INFO - Filling up the DagBag from /c/Airflow/dags/Airflow2_0_De_0_a_Heroe/2_simple_storage_bigquery.py
[2023-02-01 16:10:45,965] {processor.py:651} INFO - DAG(s) dict_keys(['2_simple_storage_bigquery']) retrieved from /c/Airflow/dags/Airflow2_0_De_0_a_Heroe/2_simple_storage_bigquery.py
[2023-02-01 16:10:45,998] {logging_mixin.py:115} INFO - [2023-02-01 16:10:45,998] {dag.py:2371} INFO - Sync 1 DAGs
[2023-02-01 16:10:46,032] {logging_mixin.py:115} INFO - [2023-02-01 16:10:46,032] {dag.py:2915} INFO - Setting next_dagrun for 2_simple_storage_bigquery to 2023-02-01T00:00:00+00:00, run_after=2023-02-02T00:00:00+00:00
[2023-02-01 16:10:46,071] {processor.py:161} INFO - Processing /c/Airflow/dags/Airflow2_0_De_0_a_Heroe/2_simple_storage_bigquery.py took 0.541 seconds
[2023-02-01 16:11:16,396] {processor.py:153} INFO - Started process (PID=12675) to work on /c/Airflow/dags/Airflow2_0_De_0_a_Heroe/2_simple_storage_bigquery.py
[2023-02-01 16:11:16,396] {processor.py:641} INFO - Processing file /c/Airflow/dags/Airflow2_0_De_0_a_Heroe/2_simple_storage_bigquery.py for tasks to queue
[2023-02-01 16:11:16,397] {logging_mixin.py:115} INFO - [2023-02-01 16:11:16,397] {dagbag.py:507} INFO - Filling up the DagBag from /c/Airflow/dags/Airflow2_0_De_0_a_Heroe/2_simple_storage_bigquery.py
[2023-02-01 16:11:16,868] {processor.py:651} INFO - DAG(s) dict_keys(['2_simple_storage_bigquery']) retrieved from /c/Airflow/dags/Airflow2_0_De_0_a_Heroe/2_simple_storage_bigquery.py
[2023-02-01 16:11:16,900] {logging_mixin.py:115} INFO - [2023-02-01 16:11:16,900] {dag.py:2371} INFO - Sync 1 DAGs
[2023-02-01 16:11:16,920] {logging_mixin.py:115} INFO - [2023-02-01 16:11:16,920] {dag.py:2915} INFO - Setting next_dagrun for 2_simple_storage_bigquery to 2023-02-01T00:00:00+00:00, run_after=2023-02-02T00:00:00+00:00
[2023-02-01 16:11:16,975] {processor.py:161} INFO - Processing /c/Airflow/dags/Airflow2_0_De_0_a_Heroe/2_simple_storage_bigquery.py took 0.582 seconds
[2023-02-01 16:11:47,463] {processor.py:153} INFO - Started process (PID=12695) to work on /c/Airflow/dags/Airflow2_0_De_0_a_Heroe/2_simple_storage_bigquery.py
[2023-02-01 16:11:47,464] {processor.py:641} INFO - Processing file /c/Airflow/dags/Airflow2_0_De_0_a_Heroe/2_simple_storage_bigquery.py for tasks to queue
[2023-02-01 16:11:47,465] {logging_mixin.py:115} INFO - [2023-02-01 16:11:47,465] {dagbag.py:507} INFO - Filling up the DagBag from /c/Airflow/dags/Airflow2_0_De_0_a_Heroe/2_simple_storage_bigquery.py
[2023-02-01 16:11:47,927] {processor.py:651} INFO - DAG(s) dict_keys(['2_simple_storage_bigquery']) retrieved from /c/Airflow/dags/Airflow2_0_De_0_a_Heroe/2_simple_storage_bigquery.py
[2023-02-01 16:11:47,949] {logging_mixin.py:115} INFO - [2023-02-01 16:11:47,949] {dag.py:2371} INFO - Sync 1 DAGs
[2023-02-01 16:11:47,971] {logging_mixin.py:115} INFO - [2023-02-01 16:11:47,971] {dag.py:2915} INFO - Setting next_dagrun for 2_simple_storage_bigquery to 2023-02-01T00:00:00+00:00, run_after=2023-02-02T00:00:00+00:00
[2023-02-01 16:11:48,021] {processor.py:161} INFO - Processing /c/Airflow/dags/Airflow2_0_De_0_a_Heroe/2_simple_storage_bigquery.py took 0.561 seconds
[2023-02-01 16:12:18,921] {processor.py:153} INFO - Started process (PID=12715) to work on /c/Airflow/dags/Airflow2_0_De_0_a_Heroe/2_simple_storage_bigquery.py
[2023-02-01 16:12:18,922] {processor.py:641} INFO - Processing file /c/Airflow/dags/Airflow2_0_De_0_a_Heroe/2_simple_storage_bigquery.py for tasks to queue
[2023-02-01 16:12:18,922] {logging_mixin.py:115} INFO - [2023-02-01 16:12:18,922] {dagbag.py:507} INFO - Filling up the DagBag from /c/Airflow/dags/Airflow2_0_De_0_a_Heroe/2_simple_storage_bigquery.py
[2023-02-01 16:12:19,337] {processor.py:651} INFO - DAG(s) dict_keys(['2_simple_storage_bigquery']) retrieved from /c/Airflow/dags/Airflow2_0_De_0_a_Heroe/2_simple_storage_bigquery.py
[2023-02-01 16:12:19,361] {logging_mixin.py:115} INFO - [2023-02-01 16:12:19,361] {dag.py:2371} INFO - Sync 1 DAGs
[2023-02-01 16:12:19,382] {logging_mixin.py:115} INFO - [2023-02-01 16:12:19,382] {dag.py:2915} INFO - Setting next_dagrun for 2_simple_storage_bigquery to 2023-02-01T00:00:00+00:00, run_after=2023-02-02T00:00:00+00:00
[2023-02-01 16:12:19,436] {processor.py:161} INFO - Processing /c/Airflow/dags/Airflow2_0_De_0_a_Heroe/2_simple_storage_bigquery.py took 0.517 seconds
[2023-02-01 16:12:49,892] {processor.py:153} INFO - Started process (PID=12781) to work on /c/Airflow/dags/Airflow2_0_De_0_a_Heroe/2_simple_storage_bigquery.py
[2023-02-01 16:12:49,893] {processor.py:641} INFO - Processing file /c/Airflow/dags/Airflow2_0_De_0_a_Heroe/2_simple_storage_bigquery.py for tasks to queue
[2023-02-01 16:12:49,893] {logging_mixin.py:115} INFO - [2023-02-01 16:12:49,893] {dagbag.py:507} INFO - Filling up the DagBag from /c/Airflow/dags/Airflow2_0_De_0_a_Heroe/2_simple_storage_bigquery.py
[2023-02-01 16:12:50,341] {processor.py:651} INFO - DAG(s) dict_keys(['2_simple_storage_bigquery']) retrieved from /c/Airflow/dags/Airflow2_0_De_0_a_Heroe/2_simple_storage_bigquery.py
[2023-02-01 16:12:50,406] {logging_mixin.py:115} INFO - [2023-02-01 16:12:50,405] {dag.py:2371} INFO - Sync 1 DAGs
[2023-02-01 16:12:50,446] {logging_mixin.py:115} INFO - [2023-02-01 16:12:50,446] {dag.py:2915} INFO - Setting next_dagrun for 2_simple_storage_bigquery to 2023-02-01T00:00:00+00:00, run_after=2023-02-02T00:00:00+00:00
[2023-02-01 16:12:50,546] {processor.py:161} INFO - Processing /c/Airflow/dags/Airflow2_0_De_0_a_Heroe/2_simple_storage_bigquery.py took 0.656 seconds
[2023-02-01 16:13:21,106] {processor.py:153} INFO - Started process (PID=12801) to work on /c/Airflow/dags/Airflow2_0_De_0_a_Heroe/2_simple_storage_bigquery.py
[2023-02-01 16:13:21,107] {processor.py:641} INFO - Processing file /c/Airflow/dags/Airflow2_0_De_0_a_Heroe/2_simple_storage_bigquery.py for tasks to queue
[2023-02-01 16:13:21,107] {logging_mixin.py:115} INFO - [2023-02-01 16:13:21,107] {dagbag.py:507} INFO - Filling up the DagBag from /c/Airflow/dags/Airflow2_0_De_0_a_Heroe/2_simple_storage_bigquery.py
[2023-02-01 16:13:21,579] {processor.py:651} INFO - DAG(s) dict_keys(['2_simple_storage_bigquery']) retrieved from /c/Airflow/dags/Airflow2_0_De_0_a_Heroe/2_simple_storage_bigquery.py
[2023-02-01 16:13:21,606] {logging_mixin.py:115} INFO - [2023-02-01 16:13:21,605] {dag.py:2371} INFO - Sync 1 DAGs
[2023-02-01 16:13:21,625] {logging_mixin.py:115} INFO - [2023-02-01 16:13:21,625] {dag.py:2915} INFO - Setting next_dagrun for 2_simple_storage_bigquery to 2023-02-01T00:00:00+00:00, run_after=2023-02-02T00:00:00+00:00
[2023-02-01 16:13:21,674] {processor.py:161} INFO - Processing /c/Airflow/dags/Airflow2_0_De_0_a_Heroe/2_simple_storage_bigquery.py took 0.570 seconds
[2023-02-01 16:13:52,275] {processor.py:153} INFO - Started process (PID=12821) to work on /c/Airflow/dags/Airflow2_0_De_0_a_Heroe/2_simple_storage_bigquery.py
[2023-02-01 16:13:52,276] {processor.py:641} INFO - Processing file /c/Airflow/dags/Airflow2_0_De_0_a_Heroe/2_simple_storage_bigquery.py for tasks to queue
[2023-02-01 16:13:52,276] {logging_mixin.py:115} INFO - [2023-02-01 16:13:52,276] {dagbag.py:507} INFO - Filling up the DagBag from /c/Airflow/dags/Airflow2_0_De_0_a_Heroe/2_simple_storage_bigquery.py
[2023-02-01 16:13:52,736] {processor.py:651} INFO - DAG(s) dict_keys(['2_simple_storage_bigquery']) retrieved from /c/Airflow/dags/Airflow2_0_De_0_a_Heroe/2_simple_storage_bigquery.py
[2023-02-01 16:13:52,757] {logging_mixin.py:115} INFO - [2023-02-01 16:13:52,756] {dag.py:2371} INFO - Sync 1 DAGs
[2023-02-01 16:13:52,775] {logging_mixin.py:115} INFO - [2023-02-01 16:13:52,775] {dag.py:2915} INFO - Setting next_dagrun for 2_simple_storage_bigquery to 2023-02-01T00:00:00+00:00, run_after=2023-02-02T00:00:00+00:00
[2023-02-01 16:13:52,821] {processor.py:161} INFO - Processing /c/Airflow/dags/Airflow2_0_De_0_a_Heroe/2_simple_storage_bigquery.py took 0.549 seconds
[2023-02-01 16:14:23,963] {processor.py:153} INFO - Started process (PID=12841) to work on /c/Airflow/dags/Airflow2_0_De_0_a_Heroe/2_simple_storage_bigquery.py
[2023-02-01 16:14:23,964] {processor.py:641} INFO - Processing file /c/Airflow/dags/Airflow2_0_De_0_a_Heroe/2_simple_storage_bigquery.py for tasks to queue
[2023-02-01 16:14:23,964] {logging_mixin.py:115} INFO - [2023-02-01 16:14:23,964] {dagbag.py:507} INFO - Filling up the DagBag from /c/Airflow/dags/Airflow2_0_De_0_a_Heroe/2_simple_storage_bigquery.py
[2023-02-01 16:14:24,421] {processor.py:651} INFO - DAG(s) dict_keys(['2_simple_storage_bigquery']) retrieved from /c/Airflow/dags/Airflow2_0_De_0_a_Heroe/2_simple_storage_bigquery.py
[2023-02-01 16:14:24,448] {logging_mixin.py:115} INFO - [2023-02-01 16:14:24,448] {dag.py:2371} INFO - Sync 1 DAGs
[2023-02-01 16:14:24,466] {logging_mixin.py:115} INFO - [2023-02-01 16:14:24,466] {dag.py:2915} INFO - Setting next_dagrun for 2_simple_storage_bigquery to 2023-02-01T00:00:00+00:00, run_after=2023-02-02T00:00:00+00:00
[2023-02-01 16:14:24,507] {processor.py:161} INFO - Processing /c/Airflow/dags/Airflow2_0_De_0_a_Heroe/2_simple_storage_bigquery.py took 0.546 seconds
[2023-02-01 16:14:56,223] {processor.py:153} INFO - Started process (PID=12861) to work on /c/Airflow/dags/Airflow2_0_De_0_a_Heroe/2_simple_storage_bigquery.py
[2023-02-01 16:14:56,224] {processor.py:641} INFO - Processing file /c/Airflow/dags/Airflow2_0_De_0_a_Heroe/2_simple_storage_bigquery.py for tasks to queue
[2023-02-01 16:14:56,225] {logging_mixin.py:115} INFO - [2023-02-01 16:14:56,225] {dagbag.py:507} INFO - Filling up the DagBag from /c/Airflow/dags/Airflow2_0_De_0_a_Heroe/2_simple_storage_bigquery.py
[2023-02-01 16:14:56,735] {processor.py:651} INFO - DAG(s) dict_keys(['2_simple_storage_bigquery']) retrieved from /c/Airflow/dags/Airflow2_0_De_0_a_Heroe/2_simple_storage_bigquery.py
[2023-02-01 16:14:56,757] {logging_mixin.py:115} INFO - [2023-02-01 16:14:56,757] {dag.py:2371} INFO - Sync 1 DAGs
[2023-02-01 16:14:56,774] {logging_mixin.py:115} INFO - [2023-02-01 16:14:56,774] {dag.py:2915} INFO - Setting next_dagrun for 2_simple_storage_bigquery to 2023-02-01T00:00:00+00:00, run_after=2023-02-02T00:00:00+00:00
[2023-02-01 16:14:56,820] {processor.py:161} INFO - Processing /c/Airflow/dags/Airflow2_0_De_0_a_Heroe/2_simple_storage_bigquery.py took 0.599 seconds
[2023-02-01 16:15:28,198] {processor.py:153} INFO - Started process (PID=12881) to work on /c/Airflow/dags/Airflow2_0_De_0_a_Heroe/2_simple_storage_bigquery.py
[2023-02-01 16:15:28,199] {processor.py:641} INFO - Processing file /c/Airflow/dags/Airflow2_0_De_0_a_Heroe/2_simple_storage_bigquery.py for tasks to queue
[2023-02-01 16:15:28,200] {logging_mixin.py:115} INFO - [2023-02-01 16:15:28,200] {dagbag.py:507} INFO - Filling up the DagBag from /c/Airflow/dags/Airflow2_0_De_0_a_Heroe/2_simple_storage_bigquery.py
[2023-02-01 16:15:28,672] {processor.py:651} INFO - DAG(s) dict_keys(['2_simple_storage_bigquery']) retrieved from /c/Airflow/dags/Airflow2_0_De_0_a_Heroe/2_simple_storage_bigquery.py
[2023-02-01 16:15:28,701] {logging_mixin.py:115} INFO - [2023-02-01 16:15:28,700] {dag.py:2371} INFO - Sync 1 DAGs
[2023-02-01 16:15:28,723] {logging_mixin.py:115} INFO - [2023-02-01 16:15:28,723] {dag.py:2915} INFO - Setting next_dagrun for 2_simple_storage_bigquery to 2023-02-01T00:00:00+00:00, run_after=2023-02-02T00:00:00+00:00
[2023-02-01 16:15:28,772] {processor.py:161} INFO - Processing /c/Airflow/dags/Airflow2_0_De_0_a_Heroe/2_simple_storage_bigquery.py took 0.575 seconds
[2023-02-01 16:16:00,298] {processor.py:153} INFO - Started process (PID=12901) to work on /c/Airflow/dags/Airflow2_0_De_0_a_Heroe/2_simple_storage_bigquery.py
[2023-02-01 16:16:00,299] {processor.py:641} INFO - Processing file /c/Airflow/dags/Airflow2_0_De_0_a_Heroe/2_simple_storage_bigquery.py for tasks to queue
[2023-02-01 16:16:00,300] {logging_mixin.py:115} INFO - [2023-02-01 16:16:00,300] {dagbag.py:507} INFO - Filling up the DagBag from /c/Airflow/dags/Airflow2_0_De_0_a_Heroe/2_simple_storage_bigquery.py
[2023-02-01 16:16:00,766] {processor.py:651} INFO - DAG(s) dict_keys(['2_simple_storage_bigquery']) retrieved from /c/Airflow/dags/Airflow2_0_De_0_a_Heroe/2_simple_storage_bigquery.py
[2023-02-01 16:16:00,796] {logging_mixin.py:115} INFO - [2023-02-01 16:16:00,796] {dag.py:2371} INFO - Sync 1 DAGs
[2023-02-01 16:16:00,822] {logging_mixin.py:115} INFO - [2023-02-01 16:16:00,821] {dag.py:2915} INFO - Setting next_dagrun for 2_simple_storage_bigquery to 2023-02-01T00:00:00+00:00, run_after=2023-02-02T00:00:00+00:00
[2023-02-01 16:16:00,872] {processor.py:161} INFO - Processing /c/Airflow/dags/Airflow2_0_De_0_a_Heroe/2_simple_storage_bigquery.py took 0.576 seconds
[2023-02-01 16:16:31,361] {processor.py:153} INFO - Started process (PID=12921) to work on /c/Airflow/dags/Airflow2_0_De_0_a_Heroe/2_simple_storage_bigquery.py
[2023-02-01 16:16:31,362] {processor.py:641} INFO - Processing file /c/Airflow/dags/Airflow2_0_De_0_a_Heroe/2_simple_storage_bigquery.py for tasks to queue
[2023-02-01 16:16:31,362] {logging_mixin.py:115} INFO - [2023-02-01 16:16:31,362] {dagbag.py:507} INFO - Filling up the DagBag from /c/Airflow/dags/Airflow2_0_De_0_a_Heroe/2_simple_storage_bigquery.py
[2023-02-01 16:16:31,825] {processor.py:651} INFO - DAG(s) dict_keys(['2_simple_storage_bigquery']) retrieved from /c/Airflow/dags/Airflow2_0_De_0_a_Heroe/2_simple_storage_bigquery.py
[2023-02-01 16:16:31,853] {logging_mixin.py:115} INFO - [2023-02-01 16:16:31,852] {dag.py:2371} INFO - Sync 1 DAGs
[2023-02-01 16:16:31,880] {logging_mixin.py:115} INFO - [2023-02-01 16:16:31,880] {dag.py:2915} INFO - Setting next_dagrun for 2_simple_storage_bigquery to 2023-02-01T00:00:00+00:00, run_after=2023-02-02T00:00:00+00:00
[2023-02-01 16:16:31,941] {processor.py:161} INFO - Processing /c/Airflow/dags/Airflow2_0_De_0_a_Heroe/2_simple_storage_bigquery.py took 0.582 seconds
[2023-02-01 16:17:03,283] {processor.py:153} INFO - Started process (PID=12941) to work on /c/Airflow/dags/Airflow2_0_De_0_a_Heroe/2_simple_storage_bigquery.py
[2023-02-01 16:17:03,284] {processor.py:641} INFO - Processing file /c/Airflow/dags/Airflow2_0_De_0_a_Heroe/2_simple_storage_bigquery.py for tasks to queue
[2023-02-01 16:17:03,285] {logging_mixin.py:115} INFO - [2023-02-01 16:17:03,285] {dagbag.py:507} INFO - Filling up the DagBag from /c/Airflow/dags/Airflow2_0_De_0_a_Heroe/2_simple_storage_bigquery.py
[2023-02-01 16:17:03,692] {processor.py:651} INFO - DAG(s) dict_keys(['2_simple_storage_bigquery']) retrieved from /c/Airflow/dags/Airflow2_0_De_0_a_Heroe/2_simple_storage_bigquery.py
[2023-02-01 16:17:03,713] {logging_mixin.py:115} INFO - [2023-02-01 16:17:03,713] {dag.py:2371} INFO - Sync 1 DAGs
[2023-02-01 16:17:03,729] {logging_mixin.py:115} INFO - [2023-02-01 16:17:03,729] {dag.py:2915} INFO - Setting next_dagrun for 2_simple_storage_bigquery to 2023-02-01T00:00:00+00:00, run_after=2023-02-02T00:00:00+00:00
[2023-02-01 16:17:03,776] {processor.py:161} INFO - Processing /c/Airflow/dags/Airflow2_0_De_0_a_Heroe/2_simple_storage_bigquery.py took 0.495 seconds
[2023-02-01 16:17:34,746] {processor.py:153} INFO - Started process (PID=12961) to work on /c/Airflow/dags/Airflow2_0_De_0_a_Heroe/2_simple_storage_bigquery.py
[2023-02-01 16:17:34,747] {processor.py:641} INFO - Processing file /c/Airflow/dags/Airflow2_0_De_0_a_Heroe/2_simple_storage_bigquery.py for tasks to queue
[2023-02-01 16:17:34,748] {logging_mixin.py:115} INFO - [2023-02-01 16:17:34,747] {dagbag.py:507} INFO - Filling up the DagBag from /c/Airflow/dags/Airflow2_0_De_0_a_Heroe/2_simple_storage_bigquery.py
[2023-02-01 16:17:35,168] {processor.py:651} INFO - DAG(s) dict_keys(['2_simple_storage_bigquery']) retrieved from /c/Airflow/dags/Airflow2_0_De_0_a_Heroe/2_simple_storage_bigquery.py
[2023-02-01 16:17:35,191] {logging_mixin.py:115} INFO - [2023-02-01 16:17:35,190] {dag.py:2371} INFO - Sync 1 DAGs
[2023-02-01 16:17:35,209] {logging_mixin.py:115} INFO - [2023-02-01 16:17:35,209] {dag.py:2915} INFO - Setting next_dagrun for 2_simple_storage_bigquery to 2023-02-01T00:00:00+00:00, run_after=2023-02-02T00:00:00+00:00
[2023-02-01 16:17:35,262] {processor.py:161} INFO - Processing /c/Airflow/dags/Airflow2_0_De_0_a_Heroe/2_simple_storage_bigquery.py took 0.518 seconds
[2023-02-01 16:18:05,819] {processor.py:153} INFO - Started process (PID=12981) to work on /c/Airflow/dags/Airflow2_0_De_0_a_Heroe/2_simple_storage_bigquery.py
[2023-02-01 16:18:05,820] {processor.py:641} INFO - Processing file /c/Airflow/dags/Airflow2_0_De_0_a_Heroe/2_simple_storage_bigquery.py for tasks to queue
[2023-02-01 16:18:05,821] {logging_mixin.py:115} INFO - [2023-02-01 16:18:05,821] {dagbag.py:507} INFO - Filling up the DagBag from /c/Airflow/dags/Airflow2_0_De_0_a_Heroe/2_simple_storage_bigquery.py
[2023-02-01 16:18:06,306] {processor.py:651} INFO - DAG(s) dict_keys(['2_simple_storage_bigquery']) retrieved from /c/Airflow/dags/Airflow2_0_De_0_a_Heroe/2_simple_storage_bigquery.py
[2023-02-01 16:18:06,327] {logging_mixin.py:115} INFO - [2023-02-01 16:18:06,327] {dag.py:2371} INFO - Sync 1 DAGs
[2023-02-01 16:18:06,343] {logging_mixin.py:115} INFO - [2023-02-01 16:18:06,343] {dag.py:2915} INFO - Setting next_dagrun for 2_simple_storage_bigquery to 2023-02-01T00:00:00+00:00, run_after=2023-02-02T00:00:00+00:00
[2023-02-01 16:18:06,392] {processor.py:161} INFO - Processing /c/Airflow/dags/Airflow2_0_De_0_a_Heroe/2_simple_storage_bigquery.py took 0.576 seconds
[2023-02-01 16:18:37,671] {processor.py:153} INFO - Started process (PID=13047) to work on /c/Airflow/dags/Airflow2_0_De_0_a_Heroe/2_simple_storage_bigquery.py
[2023-02-01 16:18:37,671] {processor.py:641} INFO - Processing file /c/Airflow/dags/Airflow2_0_De_0_a_Heroe/2_simple_storage_bigquery.py for tasks to queue
[2023-02-01 16:18:37,672] {logging_mixin.py:115} INFO - [2023-02-01 16:18:37,672] {dagbag.py:507} INFO - Filling up the DagBag from /c/Airflow/dags/Airflow2_0_De_0_a_Heroe/2_simple_storage_bigquery.py
[2023-02-01 16:18:38,125] {processor.py:651} INFO - DAG(s) dict_keys(['2_simple_storage_bigquery']) retrieved from /c/Airflow/dags/Airflow2_0_De_0_a_Heroe/2_simple_storage_bigquery.py
[2023-02-01 16:18:38,147] {logging_mixin.py:115} INFO - [2023-02-01 16:18:38,147] {dag.py:2371} INFO - Sync 1 DAGs
[2023-02-01 16:18:38,163] {logging_mixin.py:115} INFO - [2023-02-01 16:18:38,163] {dag.py:2915} INFO - Setting next_dagrun for 2_simple_storage_bigquery to 2023-02-01T00:00:00+00:00, run_after=2023-02-02T00:00:00+00:00
[2023-02-01 16:18:38,210] {processor.py:161} INFO - Processing /c/Airflow/dags/Airflow2_0_De_0_a_Heroe/2_simple_storage_bigquery.py took 0.541 seconds
[2023-02-01 16:19:08,611] {processor.py:153} INFO - Started process (PID=13067) to work on /c/Airflow/dags/Airflow2_0_De_0_a_Heroe/2_simple_storage_bigquery.py
[2023-02-01 16:19:08,612] {processor.py:641} INFO - Processing file /c/Airflow/dags/Airflow2_0_De_0_a_Heroe/2_simple_storage_bigquery.py for tasks to queue
[2023-02-01 16:19:08,613] {logging_mixin.py:115} INFO - [2023-02-01 16:19:08,613] {dagbag.py:507} INFO - Filling up the DagBag from /c/Airflow/dags/Airflow2_0_De_0_a_Heroe/2_simple_storage_bigquery.py
[2023-02-01 16:19:09,079] {processor.py:651} INFO - DAG(s) dict_keys(['2_simple_storage_bigquery']) retrieved from /c/Airflow/dags/Airflow2_0_De_0_a_Heroe/2_simple_storage_bigquery.py
[2023-02-01 16:19:09,103] {logging_mixin.py:115} INFO - [2023-02-01 16:19:09,103] {dag.py:2371} INFO - Sync 1 DAGs
[2023-02-01 16:19:09,120] {logging_mixin.py:115} INFO - [2023-02-01 16:19:09,120] {dag.py:2915} INFO - Setting next_dagrun for 2_simple_storage_bigquery to 2023-02-01T00:00:00+00:00, run_after=2023-02-02T00:00:00+00:00
[2023-02-01 16:19:09,164] {processor.py:161} INFO - Processing /c/Airflow/dags/Airflow2_0_De_0_a_Heroe/2_simple_storage_bigquery.py took 0.555 seconds
[2023-02-01 16:19:40,216] {processor.py:153} INFO - Started process (PID=13087) to work on /c/Airflow/dags/Airflow2_0_De_0_a_Heroe/2_simple_storage_bigquery.py
[2023-02-01 16:19:40,217] {processor.py:641} INFO - Processing file /c/Airflow/dags/Airflow2_0_De_0_a_Heroe/2_simple_storage_bigquery.py for tasks to queue
[2023-02-01 16:19:40,219] {logging_mixin.py:115} INFO - [2023-02-01 16:19:40,219] {dagbag.py:507} INFO - Filling up the DagBag from /c/Airflow/dags/Airflow2_0_De_0_a_Heroe/2_simple_storage_bigquery.py
[2023-02-01 16:19:40,730] {processor.py:651} INFO - DAG(s) dict_keys(['2_simple_storage_bigquery']) retrieved from /c/Airflow/dags/Airflow2_0_De_0_a_Heroe/2_simple_storage_bigquery.py
[2023-02-01 16:19:40,762] {logging_mixin.py:115} INFO - [2023-02-01 16:19:40,762] {dag.py:2371} INFO - Sync 1 DAGs
[2023-02-01 16:19:40,781] {logging_mixin.py:115} INFO - [2023-02-01 16:19:40,781] {dag.py:2915} INFO - Setting next_dagrun for 2_simple_storage_bigquery to 2023-02-01T00:00:00+00:00, run_after=2023-02-02T00:00:00+00:00
[2023-02-01 16:19:40,828] {processor.py:161} INFO - Processing /c/Airflow/dags/Airflow2_0_De_0_a_Heroe/2_simple_storage_bigquery.py took 0.615 seconds
[2023-02-01 16:20:11,446] {processor.py:153} INFO - Started process (PID=13107) to work on /c/Airflow/dags/Airflow2_0_De_0_a_Heroe/2_simple_storage_bigquery.py
[2023-02-01 16:20:11,447] {processor.py:641} INFO - Processing file /c/Airflow/dags/Airflow2_0_De_0_a_Heroe/2_simple_storage_bigquery.py for tasks to queue
[2023-02-01 16:20:11,447] {logging_mixin.py:115} INFO - [2023-02-01 16:20:11,447] {dagbag.py:507} INFO - Filling up the DagBag from /c/Airflow/dags/Airflow2_0_De_0_a_Heroe/2_simple_storage_bigquery.py
[2023-02-01 16:20:11,865] {processor.py:651} INFO - DAG(s) dict_keys(['2_simple_storage_bigquery']) retrieved from /c/Airflow/dags/Airflow2_0_De_0_a_Heroe/2_simple_storage_bigquery.py
[2023-02-01 16:20:11,890] {logging_mixin.py:115} INFO - [2023-02-01 16:20:11,890] {dag.py:2371} INFO - Sync 1 DAGs
[2023-02-01 16:20:11,906] {logging_mixin.py:115} INFO - [2023-02-01 16:20:11,906] {dag.py:2915} INFO - Setting next_dagrun for 2_simple_storage_bigquery to 2023-02-01T00:00:00+00:00, run_after=2023-02-02T00:00:00+00:00
[2023-02-01 16:20:11,956] {processor.py:161} INFO - Processing /c/Airflow/dags/Airflow2_0_De_0_a_Heroe/2_simple_storage_bigquery.py took 0.512 seconds
[2023-02-01 16:20:42,702] {processor.py:153} INFO - Started process (PID=13127) to work on /c/Airflow/dags/Airflow2_0_De_0_a_Heroe/2_simple_storage_bigquery.py
[2023-02-01 16:20:42,703] {processor.py:641} INFO - Processing file /c/Airflow/dags/Airflow2_0_De_0_a_Heroe/2_simple_storage_bigquery.py for tasks to queue
[2023-02-01 16:20:42,704] {logging_mixin.py:115} INFO - [2023-02-01 16:20:42,704] {dagbag.py:507} INFO - Filling up the DagBag from /c/Airflow/dags/Airflow2_0_De_0_a_Heroe/2_simple_storage_bigquery.py
[2023-02-01 16:20:43,136] {processor.py:651} INFO - DAG(s) dict_keys(['2_simple_storage_bigquery']) retrieved from /c/Airflow/dags/Airflow2_0_De_0_a_Heroe/2_simple_storage_bigquery.py
[2023-02-01 16:20:43,164] {logging_mixin.py:115} INFO - [2023-02-01 16:20:43,163] {dag.py:2371} INFO - Sync 1 DAGs
[2023-02-01 16:20:43,182] {logging_mixin.py:115} INFO - [2023-02-01 16:20:43,182] {dag.py:2915} INFO - Setting next_dagrun for 2_simple_storage_bigquery to 2023-02-01T00:00:00+00:00, run_after=2023-02-02T00:00:00+00:00
[2023-02-01 16:20:43,228] {processor.py:161} INFO - Processing /c/Airflow/dags/Airflow2_0_De_0_a_Heroe/2_simple_storage_bigquery.py took 0.528 seconds
[2023-02-01 16:21:13,910] {processor.py:153} INFO - Started process (PID=13147) to work on /c/Airflow/dags/Airflow2_0_De_0_a_Heroe/2_simple_storage_bigquery.py
[2023-02-01 16:21:13,911] {processor.py:641} INFO - Processing file /c/Airflow/dags/Airflow2_0_De_0_a_Heroe/2_simple_storage_bigquery.py for tasks to queue
[2023-02-01 16:21:13,912] {logging_mixin.py:115} INFO - [2023-02-01 16:21:13,912] {dagbag.py:507} INFO - Filling up the DagBag from /c/Airflow/dags/Airflow2_0_De_0_a_Heroe/2_simple_storage_bigquery.py
[2023-02-01 16:21:14,397] {processor.py:651} INFO - DAG(s) dict_keys(['2_simple_storage_bigquery']) retrieved from /c/Airflow/dags/Airflow2_0_De_0_a_Heroe/2_simple_storage_bigquery.py
[2023-02-01 16:21:14,421] {logging_mixin.py:115} INFO - [2023-02-01 16:21:14,421] {dag.py:2371} INFO - Sync 1 DAGs
[2023-02-01 16:21:14,439] {logging_mixin.py:115} INFO - [2023-02-01 16:21:14,439] {dag.py:2915} INFO - Setting next_dagrun for 2_simple_storage_bigquery to 2023-02-01T00:00:00+00:00, run_after=2023-02-02T00:00:00+00:00
[2023-02-01 16:21:14,485] {processor.py:161} INFO - Processing /c/Airflow/dags/Airflow2_0_De_0_a_Heroe/2_simple_storage_bigquery.py took 0.576 seconds
[2023-02-01 16:21:44,688] {processor.py:153} INFO - Started process (PID=13167) to work on /c/Airflow/dags/Airflow2_0_De_0_a_Heroe/2_simple_storage_bigquery.py
[2023-02-01 16:21:44,689] {processor.py:641} INFO - Processing file /c/Airflow/dags/Airflow2_0_De_0_a_Heroe/2_simple_storage_bigquery.py for tasks to queue
[2023-02-01 16:21:44,690] {logging_mixin.py:115} INFO - [2023-02-01 16:21:44,690] {dagbag.py:507} INFO - Filling up the DagBag from /c/Airflow/dags/Airflow2_0_De_0_a_Heroe/2_simple_storage_bigquery.py
[2023-02-01 16:21:45,117] {processor.py:651} INFO - DAG(s) dict_keys(['2_simple_storage_bigquery']) retrieved from /c/Airflow/dags/Airflow2_0_De_0_a_Heroe/2_simple_storage_bigquery.py
[2023-02-01 16:21:45,140] {logging_mixin.py:115} INFO - [2023-02-01 16:21:45,139] {dag.py:2371} INFO - Sync 1 DAGs
[2023-02-01 16:21:45,156] {logging_mixin.py:115} INFO - [2023-02-01 16:21:45,156] {dag.py:2915} INFO - Setting next_dagrun for 2_simple_storage_bigquery to 2023-02-01T00:00:00+00:00, run_after=2023-02-02T00:00:00+00:00
[2023-02-01 16:21:45,198] {processor.py:161} INFO - Processing /c/Airflow/dags/Airflow2_0_De_0_a_Heroe/2_simple_storage_bigquery.py took 0.512 seconds
[2023-02-01 16:22:15,820] {processor.py:153} INFO - Started process (PID=13187) to work on /c/Airflow/dags/Airflow2_0_De_0_a_Heroe/2_simple_storage_bigquery.py
[2023-02-01 16:22:15,821] {processor.py:641} INFO - Processing file /c/Airflow/dags/Airflow2_0_De_0_a_Heroe/2_simple_storage_bigquery.py for tasks to queue
[2023-02-01 16:22:15,822] {logging_mixin.py:115} INFO - [2023-02-01 16:22:15,822] {dagbag.py:507} INFO - Filling up the DagBag from /c/Airflow/dags/Airflow2_0_De_0_a_Heroe/2_simple_storage_bigquery.py
[2023-02-01 16:22:16,289] {processor.py:651} INFO - DAG(s) dict_keys(['2_simple_storage_bigquery']) retrieved from /c/Airflow/dags/Airflow2_0_De_0_a_Heroe/2_simple_storage_bigquery.py
[2023-02-01 16:22:16,317] {logging_mixin.py:115} INFO - [2023-02-01 16:22:16,317] {dag.py:2371} INFO - Sync 1 DAGs
[2023-02-01 16:22:16,337] {logging_mixin.py:115} INFO - [2023-02-01 16:22:16,337] {dag.py:2915} INFO - Setting next_dagrun for 2_simple_storage_bigquery to 2023-02-01T00:00:00+00:00, run_after=2023-02-02T00:00:00+00:00
[2023-02-01 16:22:16,385] {processor.py:161} INFO - Processing /c/Airflow/dags/Airflow2_0_De_0_a_Heroe/2_simple_storage_bigquery.py took 0.566 seconds
[2023-02-01 16:22:47,079] {processor.py:153} INFO - Started process (PID=13207) to work on /c/Airflow/dags/Airflow2_0_De_0_a_Heroe/2_simple_storage_bigquery.py
[2023-02-01 16:22:47,080] {processor.py:641} INFO - Processing file /c/Airflow/dags/Airflow2_0_De_0_a_Heroe/2_simple_storage_bigquery.py for tasks to queue
[2023-02-01 16:22:47,081] {logging_mixin.py:115} INFO - [2023-02-01 16:22:47,081] {dagbag.py:507} INFO - Filling up the DagBag from /c/Airflow/dags/Airflow2_0_De_0_a_Heroe/2_simple_storage_bigquery.py
[2023-02-01 16:22:47,537] {processor.py:651} INFO - DAG(s) dict_keys(['2_simple_storage_bigquery']) retrieved from /c/Airflow/dags/Airflow2_0_De_0_a_Heroe/2_simple_storage_bigquery.py
[2023-02-01 16:22:47,559] {logging_mixin.py:115} INFO - [2023-02-01 16:22:47,558] {dag.py:2371} INFO - Sync 1 DAGs
[2023-02-01 16:22:47,575] {logging_mixin.py:115} INFO - [2023-02-01 16:22:47,575] {dag.py:2915} INFO - Setting next_dagrun for 2_simple_storage_bigquery to 2023-02-01T00:00:00+00:00, run_after=2023-02-02T00:00:00+00:00
[2023-02-01 16:22:47,619] {processor.py:161} INFO - Processing /c/Airflow/dags/Airflow2_0_De_0_a_Heroe/2_simple_storage_bigquery.py took 0.541 seconds
[2023-02-01 16:23:18,125] {processor.py:153} INFO - Started process (PID=13227) to work on /c/Airflow/dags/Airflow2_0_De_0_a_Heroe/2_simple_storage_bigquery.py
[2023-02-01 16:23:18,126] {processor.py:641} INFO - Processing file /c/Airflow/dags/Airflow2_0_De_0_a_Heroe/2_simple_storage_bigquery.py for tasks to queue
[2023-02-01 16:23:18,127] {logging_mixin.py:115} INFO - [2023-02-01 16:23:18,127] {dagbag.py:507} INFO - Filling up the DagBag from /c/Airflow/dags/Airflow2_0_De_0_a_Heroe/2_simple_storage_bigquery.py
[2023-02-01 16:23:18,569] {processor.py:651} INFO - DAG(s) dict_keys(['2_simple_storage_bigquery']) retrieved from /c/Airflow/dags/Airflow2_0_De_0_a_Heroe/2_simple_storage_bigquery.py
[2023-02-01 16:23:18,593] {logging_mixin.py:115} INFO - [2023-02-01 16:23:18,593] {dag.py:2371} INFO - Sync 1 DAGs
[2023-02-01 16:23:18,609] {logging_mixin.py:115} INFO - [2023-02-01 16:23:18,609] {dag.py:2915} INFO - Setting next_dagrun for 2_simple_storage_bigquery to 2023-02-01T00:00:00+00:00, run_after=2023-02-02T00:00:00+00:00
[2023-02-01 16:23:18,653] {processor.py:161} INFO - Processing /c/Airflow/dags/Airflow2_0_De_0_a_Heroe/2_simple_storage_bigquery.py took 0.530 seconds
[2023-02-01 16:23:49,672] {processor.py:153} INFO - Started process (PID=13247) to work on /c/Airflow/dags/Airflow2_0_De_0_a_Heroe/2_simple_storage_bigquery.py
[2023-02-01 16:23:49,673] {processor.py:641} INFO - Processing file /c/Airflow/dags/Airflow2_0_De_0_a_Heroe/2_simple_storage_bigquery.py for tasks to queue
[2023-02-01 16:23:49,674] {logging_mixin.py:115} INFO - [2023-02-01 16:23:49,674] {dagbag.py:507} INFO - Filling up the DagBag from /c/Airflow/dags/Airflow2_0_De_0_a_Heroe/2_simple_storage_bigquery.py
[2023-02-01 16:23:50,150] {processor.py:651} INFO - DAG(s) dict_keys(['2_simple_storage_bigquery']) retrieved from /c/Airflow/dags/Airflow2_0_De_0_a_Heroe/2_simple_storage_bigquery.py
[2023-02-01 16:23:50,172] {logging_mixin.py:115} INFO - [2023-02-01 16:23:50,171] {dag.py:2371} INFO - Sync 1 DAGs
[2023-02-01 16:23:50,187] {logging_mixin.py:115} INFO - [2023-02-01 16:23:50,187] {dag.py:2915} INFO - Setting next_dagrun for 2_simple_storage_bigquery to 2023-02-01T00:00:00+00:00, run_after=2023-02-02T00:00:00+00:00
[2023-02-01 16:23:50,230] {processor.py:161} INFO - Processing /c/Airflow/dags/Airflow2_0_De_0_a_Heroe/2_simple_storage_bigquery.py took 0.560 seconds
[2023-02-01 16:24:20,697] {processor.py:153} INFO - Started process (PID=13267) to work on /c/Airflow/dags/Airflow2_0_De_0_a_Heroe/2_simple_storage_bigquery.py
[2023-02-01 16:24:20,698] {processor.py:641} INFO - Processing file /c/Airflow/dags/Airflow2_0_De_0_a_Heroe/2_simple_storage_bigquery.py for tasks to queue
[2023-02-01 16:24:20,699] {logging_mixin.py:115} INFO - [2023-02-01 16:24:20,699] {dagbag.py:507} INFO - Filling up the DagBag from /c/Airflow/dags/Airflow2_0_De_0_a_Heroe/2_simple_storage_bigquery.py
[2023-02-01 16:24:21,188] {processor.py:651} INFO - DAG(s) dict_keys(['2_simple_storage_bigquery']) retrieved from /c/Airflow/dags/Airflow2_0_De_0_a_Heroe/2_simple_storage_bigquery.py
[2023-02-01 16:24:21,211] {logging_mixin.py:115} INFO - [2023-02-01 16:24:21,210] {dag.py:2371} INFO - Sync 1 DAGs
[2023-02-01 16:24:21,230] {logging_mixin.py:115} INFO - [2023-02-01 16:24:21,229] {dag.py:2915} INFO - Setting next_dagrun for 2_simple_storage_bigquery to 2023-02-01T00:00:00+00:00, run_after=2023-02-02T00:00:00+00:00
[2023-02-01 16:24:21,288] {processor.py:161} INFO - Processing /c/Airflow/dags/Airflow2_0_De_0_a_Heroe/2_simple_storage_bigquery.py took 0.593 seconds
[2023-02-01 16:24:51,905] {processor.py:153} INFO - Started process (PID=13287) to work on /c/Airflow/dags/Airflow2_0_De_0_a_Heroe/2_simple_storage_bigquery.py
[2023-02-01 16:24:51,905] {processor.py:641} INFO - Processing file /c/Airflow/dags/Airflow2_0_De_0_a_Heroe/2_simple_storage_bigquery.py for tasks to queue
[2023-02-01 16:24:51,906] {logging_mixin.py:115} INFO - [2023-02-01 16:24:51,906] {dagbag.py:507} INFO - Filling up the DagBag from /c/Airflow/dags/Airflow2_0_De_0_a_Heroe/2_simple_storage_bigquery.py
[2023-02-01 16:24:52,364] {processor.py:651} INFO - DAG(s) dict_keys(['2_simple_storage_bigquery']) retrieved from /c/Airflow/dags/Airflow2_0_De_0_a_Heroe/2_simple_storage_bigquery.py
[2023-02-01 16:24:52,388] {logging_mixin.py:115} INFO - [2023-02-01 16:24:52,388] {dag.py:2371} INFO - Sync 1 DAGs
[2023-02-01 16:24:52,404] {logging_mixin.py:115} INFO - [2023-02-01 16:24:52,404] {dag.py:2915} INFO - Setting next_dagrun for 2_simple_storage_bigquery to 2023-02-01T00:00:00+00:00, run_after=2023-02-02T00:00:00+00:00
[2023-02-01 16:24:52,448] {processor.py:161} INFO - Processing /c/Airflow/dags/Airflow2_0_De_0_a_Heroe/2_simple_storage_bigquery.py took 0.545 seconds
[2023-02-01 16:25:22,677] {processor.py:153} INFO - Started process (PID=13307) to work on /c/Airflow/dags/Airflow2_0_De_0_a_Heroe/2_simple_storage_bigquery.py
[2023-02-01 16:25:22,677] {processor.py:641} INFO - Processing file /c/Airflow/dags/Airflow2_0_De_0_a_Heroe/2_simple_storage_bigquery.py for tasks to queue
[2023-02-01 16:25:22,678] {logging_mixin.py:115} INFO - [2023-02-01 16:25:22,678] {dagbag.py:507} INFO - Filling up the DagBag from /c/Airflow/dags/Airflow2_0_De_0_a_Heroe/2_simple_storage_bigquery.py
[2023-02-01 16:25:23,092] {processor.py:651} INFO - DAG(s) dict_keys(['2_simple_storage_bigquery']) retrieved from /c/Airflow/dags/Airflow2_0_De_0_a_Heroe/2_simple_storage_bigquery.py
[2023-02-01 16:25:23,114] {logging_mixin.py:115} INFO - [2023-02-01 16:25:23,114] {dag.py:2371} INFO - Sync 1 DAGs
[2023-02-01 16:25:23,129] {logging_mixin.py:115} INFO - [2023-02-01 16:25:23,129] {dag.py:2915} INFO - Setting next_dagrun for 2_simple_storage_bigquery to 2023-02-01T00:00:00+00:00, run_after=2023-02-02T00:00:00+00:00
[2023-02-01 16:25:23,176] {processor.py:161} INFO - Processing /c/Airflow/dags/Airflow2_0_De_0_a_Heroe/2_simple_storage_bigquery.py took 0.502 seconds
[2023-02-01 16:25:53,905] {processor.py:153} INFO - Started process (PID=13327) to work on /c/Airflow/dags/Airflow2_0_De_0_a_Heroe/2_simple_storage_bigquery.py
[2023-02-01 16:25:53,905] {processor.py:641} INFO - Processing file /c/Airflow/dags/Airflow2_0_De_0_a_Heroe/2_simple_storage_bigquery.py for tasks to queue
[2023-02-01 16:25:53,906] {logging_mixin.py:115} INFO - [2023-02-01 16:25:53,906] {dagbag.py:507} INFO - Filling up the DagBag from /c/Airflow/dags/Airflow2_0_De_0_a_Heroe/2_simple_storage_bigquery.py
[2023-02-01 16:25:54,335] {processor.py:651} INFO - DAG(s) dict_keys(['2_simple_storage_bigquery']) retrieved from /c/Airflow/dags/Airflow2_0_De_0_a_Heroe/2_simple_storage_bigquery.py
[2023-02-01 16:25:54,357] {logging_mixin.py:115} INFO - [2023-02-01 16:25:54,356] {dag.py:2371} INFO - Sync 1 DAGs
[2023-02-01 16:25:54,372] {logging_mixin.py:115} INFO - [2023-02-01 16:25:54,372] {dag.py:2915} INFO - Setting next_dagrun for 2_simple_storage_bigquery to 2023-02-01T00:00:00+00:00, run_after=2023-02-02T00:00:00+00:00
[2023-02-01 16:25:54,418] {processor.py:161} INFO - Processing /c/Airflow/dags/Airflow2_0_De_0_a_Heroe/2_simple_storage_bigquery.py took 0.516 seconds
[2023-02-01 16:26:25,190] {processor.py:153} INFO - Started process (PID=13347) to work on /c/Airflow/dags/Airflow2_0_De_0_a_Heroe/2_simple_storage_bigquery.py
[2023-02-01 16:26:25,190] {processor.py:641} INFO - Processing file /c/Airflow/dags/Airflow2_0_De_0_a_Heroe/2_simple_storage_bigquery.py for tasks to queue
[2023-02-01 16:26:25,191] {logging_mixin.py:115} INFO - [2023-02-01 16:26:25,191] {dagbag.py:507} INFO - Filling up the DagBag from /c/Airflow/dags/Airflow2_0_De_0_a_Heroe/2_simple_storage_bigquery.py
[2023-02-01 16:26:25,622] {processor.py:651} INFO - DAG(s) dict_keys(['2_simple_storage_bigquery']) retrieved from /c/Airflow/dags/Airflow2_0_De_0_a_Heroe/2_simple_storage_bigquery.py
[2023-02-01 16:26:25,644] {logging_mixin.py:115} INFO - [2023-02-01 16:26:25,644] {dag.py:2371} INFO - Sync 1 DAGs
[2023-02-01 16:26:25,660] {logging_mixin.py:115} INFO - [2023-02-01 16:26:25,660] {dag.py:2915} INFO - Setting next_dagrun for 2_simple_storage_bigquery to 2023-02-01T00:00:00+00:00, run_after=2023-02-02T00:00:00+00:00
[2023-02-01 16:26:25,705] {processor.py:161} INFO - Processing /c/Airflow/dags/Airflow2_0_De_0_a_Heroe/2_simple_storage_bigquery.py took 0.517 seconds
[2023-02-01 16:27:03,132] {processor.py:153} INFO - Started process (PID=13368) to work on /c/Airflow/dags/Airflow2_0_De_0_a_Heroe/2_simple_storage_bigquery.py
[2023-02-01 16:27:03,133] {processor.py:641} INFO - Processing file /c/Airflow/dags/Airflow2_0_De_0_a_Heroe/2_simple_storage_bigquery.py for tasks to queue
[2023-02-01 16:27:03,133] {logging_mixin.py:115} INFO - [2023-02-01 16:27:03,133] {dagbag.py:507} INFO - Filling up the DagBag from /c/Airflow/dags/Airflow2_0_De_0_a_Heroe/2_simple_storage_bigquery.py
[2023-02-01 16:27:03,603] {processor.py:651} INFO - DAG(s) dict_keys(['2_simple_storage_bigquery']) retrieved from /c/Airflow/dags/Airflow2_0_De_0_a_Heroe/2_simple_storage_bigquery.py
[2023-02-01 16:27:03,634] {logging_mixin.py:115} INFO - [2023-02-01 16:27:03,634] {dag.py:2371} INFO - Sync 1 DAGs
[2023-02-01 16:27:03,652] {logging_mixin.py:115} INFO - [2023-02-01 16:27:03,652] {dag.py:2915} INFO - Setting next_dagrun for 2_simple_storage_bigquery to 2023-02-01T00:00:00+00:00, run_after=2023-02-02T00:00:00+00:00
[2023-02-01 16:27:03,705] {processor.py:161} INFO - Processing /c/Airflow/dags/Airflow2_0_De_0_a_Heroe/2_simple_storage_bigquery.py took 0.576 seconds
[2023-02-01 16:27:34,126] {processor.py:153} INFO - Started process (PID=13388) to work on /c/Airflow/dags/Airflow2_0_De_0_a_Heroe/2_simple_storage_bigquery.py
[2023-02-01 16:27:34,126] {processor.py:641} INFO - Processing file /c/Airflow/dags/Airflow2_0_De_0_a_Heroe/2_simple_storage_bigquery.py for tasks to queue
[2023-02-01 16:27:34,127] {logging_mixin.py:115} INFO - [2023-02-01 16:27:34,127] {dagbag.py:507} INFO - Filling up the DagBag from /c/Airflow/dags/Airflow2_0_De_0_a_Heroe/2_simple_storage_bigquery.py
[2023-02-01 16:27:34,593] {processor.py:651} INFO - DAG(s) dict_keys(['2_simple_storage_bigquery']) retrieved from /c/Airflow/dags/Airflow2_0_De_0_a_Heroe/2_simple_storage_bigquery.py
[2023-02-01 16:27:34,617] {logging_mixin.py:115} INFO - [2023-02-01 16:27:34,617] {dag.py:2371} INFO - Sync 1 DAGs
[2023-02-01 16:27:34,639] {logging_mixin.py:115} INFO - [2023-02-01 16:27:34,639] {dag.py:2915} INFO - Setting next_dagrun for 2_simple_storage_bigquery to 2023-02-01T00:00:00+00:00, run_after=2023-02-02T00:00:00+00:00
[2023-02-01 16:27:34,688] {processor.py:161} INFO - Processing /c/Airflow/dags/Airflow2_0_De_0_a_Heroe/2_simple_storage_bigquery.py took 0.565 seconds
[2023-02-01 16:28:06,261] {processor.py:153} INFO - Started process (PID=13454) to work on /c/Airflow/dags/Airflow2_0_De_0_a_Heroe/2_simple_storage_bigquery.py
[2023-02-01 16:28:06,261] {processor.py:641} INFO - Processing file /c/Airflow/dags/Airflow2_0_De_0_a_Heroe/2_simple_storage_bigquery.py for tasks to queue
[2023-02-01 16:28:06,262] {logging_mixin.py:115} INFO - [2023-02-01 16:28:06,262] {dagbag.py:507} INFO - Filling up the DagBag from /c/Airflow/dags/Airflow2_0_De_0_a_Heroe/2_simple_storage_bigquery.py
[2023-02-01 16:28:06,728] {processor.py:651} INFO - DAG(s) dict_keys(['2_simple_storage_bigquery']) retrieved from /c/Airflow/dags/Airflow2_0_De_0_a_Heroe/2_simple_storage_bigquery.py
[2023-02-01 16:28:06,753] {logging_mixin.py:115} INFO - [2023-02-01 16:28:06,753] {dag.py:2371} INFO - Sync 1 DAGs
[2023-02-01 16:28:06,771] {logging_mixin.py:115} INFO - [2023-02-01 16:28:06,771] {dag.py:2915} INFO - Setting next_dagrun for 2_simple_storage_bigquery to 2023-02-01T00:00:00+00:00, run_after=2023-02-02T00:00:00+00:00
[2023-02-01 16:28:06,814] {processor.py:161} INFO - Processing /c/Airflow/dags/Airflow2_0_De_0_a_Heroe/2_simple_storage_bigquery.py took 0.556 seconds
[2023-02-01 16:28:38,102] {processor.py:153} INFO - Started process (PID=13474) to work on /c/Airflow/dags/Airflow2_0_De_0_a_Heroe/2_simple_storage_bigquery.py
[2023-02-01 16:28:38,102] {processor.py:641} INFO - Processing file /c/Airflow/dags/Airflow2_0_De_0_a_Heroe/2_simple_storage_bigquery.py for tasks to queue
[2023-02-01 16:28:38,103] {logging_mixin.py:115} INFO - [2023-02-01 16:28:38,103] {dagbag.py:507} INFO - Filling up the DagBag from /c/Airflow/dags/Airflow2_0_De_0_a_Heroe/2_simple_storage_bigquery.py
[2023-02-01 16:28:38,565] {processor.py:651} INFO - DAG(s) dict_keys(['2_simple_storage_bigquery']) retrieved from /c/Airflow/dags/Airflow2_0_De_0_a_Heroe/2_simple_storage_bigquery.py
[2023-02-01 16:28:38,585] {logging_mixin.py:115} INFO - [2023-02-01 16:28:38,585] {dag.py:2371} INFO - Sync 1 DAGs
[2023-02-01 16:28:38,601] {logging_mixin.py:115} INFO - [2023-02-01 16:28:38,601] {dag.py:2915} INFO - Setting next_dagrun for 2_simple_storage_bigquery to 2023-02-01T00:00:00+00:00, run_after=2023-02-02T00:00:00+00:00
[2023-02-01 16:28:38,647] {processor.py:161} INFO - Processing /c/Airflow/dags/Airflow2_0_De_0_a_Heroe/2_simple_storage_bigquery.py took 0.548 seconds
[2023-02-01 16:29:09,545] {processor.py:153} INFO - Started process (PID=13523) to work on /c/Airflow/dags/Airflow2_0_De_0_a_Heroe/2_simple_storage_bigquery.py
[2023-02-01 16:29:09,546] {processor.py:641} INFO - Processing file /c/Airflow/dags/Airflow2_0_De_0_a_Heroe/2_simple_storage_bigquery.py for tasks to queue
[2023-02-01 16:29:09,547] {logging_mixin.py:115} INFO - [2023-02-01 16:29:09,547] {dagbag.py:507} INFO - Filling up the DagBag from /c/Airflow/dags/Airflow2_0_De_0_a_Heroe/2_simple_storage_bigquery.py
[2023-02-01 16:29:09,979] {processor.py:651} INFO - DAG(s) dict_keys(['2_simple_storage_bigquery']) retrieved from /c/Airflow/dags/Airflow2_0_De_0_a_Heroe/2_simple_storage_bigquery.py
[2023-02-01 16:29:10,000] {logging_mixin.py:115} INFO - [2023-02-01 16:29:10,000] {dag.py:2371} INFO - Sync 1 DAGs
[2023-02-01 16:29:10,016] {logging_mixin.py:115} INFO - [2023-02-01 16:29:10,015] {dag.py:2915} INFO - Setting next_dagrun for 2_simple_storage_bigquery to 2023-02-01T00:00:00+00:00, run_after=2023-02-02T00:00:00+00:00
[2023-02-01 16:29:10,059] {processor.py:161} INFO - Processing /c/Airflow/dags/Airflow2_0_De_0_a_Heroe/2_simple_storage_bigquery.py took 0.516 seconds
[2023-02-01 16:29:41,005] {processor.py:153} INFO - Started process (PID=13543) to work on /c/Airflow/dags/Airflow2_0_De_0_a_Heroe/2_simple_storage_bigquery.py
[2023-02-01 16:29:41,006] {processor.py:641} INFO - Processing file /c/Airflow/dags/Airflow2_0_De_0_a_Heroe/2_simple_storage_bigquery.py for tasks to queue
[2023-02-01 16:29:41,007] {logging_mixin.py:115} INFO - [2023-02-01 16:29:41,006] {dagbag.py:507} INFO - Filling up the DagBag from /c/Airflow/dags/Airflow2_0_De_0_a_Heroe/2_simple_storage_bigquery.py
[2023-02-01 16:29:41,441] {processor.py:651} INFO - DAG(s) dict_keys(['2_simple_storage_bigquery']) retrieved from /c/Airflow/dags/Airflow2_0_De_0_a_Heroe/2_simple_storage_bigquery.py
[2023-02-01 16:29:41,463] {logging_mixin.py:115} INFO - [2023-02-01 16:29:41,463] {dag.py:2371} INFO - Sync 1 DAGs
[2023-02-01 16:29:41,480] {logging_mixin.py:115} INFO - [2023-02-01 16:29:41,480] {dag.py:2915} INFO - Setting next_dagrun for 2_simple_storage_bigquery to 2023-02-01T00:00:00+00:00, run_after=2023-02-02T00:00:00+00:00
[2023-02-01 16:29:41,529] {processor.py:161} INFO - Processing /c/Airflow/dags/Airflow2_0_De_0_a_Heroe/2_simple_storage_bigquery.py took 0.526 seconds
[2023-02-01 17:43:22,556] {processor.py:153} INFO - Started process (PID=13616) to work on /c/Airflow/dags/Airflow2_0_De_0_a_Heroe/2_simple_storage_bigquery.py
[2023-02-01 17:43:22,557] {processor.py:641} INFO - Processing file /c/Airflow/dags/Airflow2_0_De_0_a_Heroe/2_simple_storage_bigquery.py for tasks to queue
[2023-02-01 17:43:22,557] {logging_mixin.py:115} INFO - [2023-02-01 17:43:22,557] {dagbag.py:507} INFO - Filling up the DagBag from /c/Airflow/dags/Airflow2_0_De_0_a_Heroe/2_simple_storage_bigquery.py
[2023-02-01 17:43:22,955] {processor.py:651} INFO - DAG(s) dict_keys(['2_simple_storage_bigquery']) retrieved from /c/Airflow/dags/Airflow2_0_De_0_a_Heroe/2_simple_storage_bigquery.py
[2023-02-01 17:43:22,976] {logging_mixin.py:115} INFO - [2023-02-01 17:43:22,976] {dag.py:2371} INFO - Sync 1 DAGs
[2023-02-01 17:43:22,991] {logging_mixin.py:115} INFO - [2023-02-01 17:43:22,991] {dag.py:2915} INFO - Setting next_dagrun for 2_simple_storage_bigquery to 2023-02-01T00:00:00+00:00, run_after=2023-02-02T00:00:00+00:00
[2023-02-01 17:43:23,030] {processor.py:161} INFO - Processing /c/Airflow/dags/Airflow2_0_De_0_a_Heroe/2_simple_storage_bigquery.py took 0.475 seconds
[2023-02-01 17:43:54,613] {processor.py:153} INFO - Started process (PID=13636) to work on /c/Airflow/dags/Airflow2_0_De_0_a_Heroe/2_simple_storage_bigquery.py
[2023-02-01 17:43:54,613] {processor.py:641} INFO - Processing file /c/Airflow/dags/Airflow2_0_De_0_a_Heroe/2_simple_storage_bigquery.py for tasks to queue
[2023-02-01 17:43:54,614] {logging_mixin.py:115} INFO - [2023-02-01 17:43:54,614] {dagbag.py:507} INFO - Filling up the DagBag from /c/Airflow/dags/Airflow2_0_De_0_a_Heroe/2_simple_storage_bigquery.py
[2023-02-01 17:43:55,026] {processor.py:651} INFO - DAG(s) dict_keys(['2_simple_storage_bigquery']) retrieved from /c/Airflow/dags/Airflow2_0_De_0_a_Heroe/2_simple_storage_bigquery.py
[2023-02-01 17:43:55,046] {logging_mixin.py:115} INFO - [2023-02-01 17:43:55,046] {dag.py:2371} INFO - Sync 1 DAGs
[2023-02-01 17:43:55,062] {logging_mixin.py:115} INFO - [2023-02-01 17:43:55,062] {dag.py:2915} INFO - Setting next_dagrun for 2_simple_storage_bigquery to 2023-02-01T00:00:00+00:00, run_after=2023-02-02T00:00:00+00:00
[2023-02-01 17:43:55,099] {processor.py:161} INFO - Processing /c/Airflow/dags/Airflow2_0_De_0_a_Heroe/2_simple_storage_bigquery.py took 0.489 seconds
[2023-02-01 17:44:28,199] {processor.py:153} INFO - Started process (PID=13679) to work on /c/Airflow/dags/Airflow2_0_De_0_a_Heroe/2_simple_storage_bigquery.py
[2023-02-01 17:44:28,200] {processor.py:641} INFO - Processing file /c/Airflow/dags/Airflow2_0_De_0_a_Heroe/2_simple_storage_bigquery.py for tasks to queue
[2023-02-01 17:44:28,201] {logging_mixin.py:115} INFO - [2023-02-01 17:44:28,200] {dagbag.py:507} INFO - Filling up the DagBag from /c/Airflow/dags/Airflow2_0_De_0_a_Heroe/2_simple_storage_bigquery.py
[2023-02-01 17:44:28,619] {processor.py:651} INFO - DAG(s) dict_keys(['2_simple_storage_bigquery']) retrieved from /c/Airflow/dags/Airflow2_0_De_0_a_Heroe/2_simple_storage_bigquery.py
[2023-02-01 17:44:28,639] {logging_mixin.py:115} INFO - [2023-02-01 17:44:28,638] {dag.py:2371} INFO - Sync 1 DAGs
[2023-02-01 17:44:28,661] {logging_mixin.py:115} INFO - [2023-02-01 17:44:28,661] {dag.py:2915} INFO - Setting next_dagrun for 2_simple_storage_bigquery to 2023-02-01T00:00:00+00:00, run_after=2023-02-02T00:00:00+00:00
[2023-02-01 17:44:28,699] {processor.py:161} INFO - Processing /c/Airflow/dags/Airflow2_0_De_0_a_Heroe/2_simple_storage_bigquery.py took 0.501 seconds
[2023-02-01 17:44:59,251] {processor.py:153} INFO - Started process (PID=13722) to work on /c/Airflow/dags/Airflow2_0_De_0_a_Heroe/2_simple_storage_bigquery.py
[2023-02-01 17:44:59,252] {processor.py:641} INFO - Processing file /c/Airflow/dags/Airflow2_0_De_0_a_Heroe/2_simple_storage_bigquery.py for tasks to queue
[2023-02-01 17:44:59,253] {logging_mixin.py:115} INFO - [2023-02-01 17:44:59,253] {dagbag.py:507} INFO - Filling up the DagBag from /c/Airflow/dags/Airflow2_0_De_0_a_Heroe/2_simple_storage_bigquery.py
[2023-02-01 17:44:59,648] {processor.py:651} INFO - DAG(s) dict_keys(['2_simple_storage_bigquery']) retrieved from /c/Airflow/dags/Airflow2_0_De_0_a_Heroe/2_simple_storage_bigquery.py
[2023-02-01 17:44:59,666] {logging_mixin.py:115} INFO - [2023-02-01 17:44:59,666] {dag.py:2371} INFO - Sync 1 DAGs
[2023-02-01 17:44:59,681] {logging_mixin.py:115} INFO - [2023-02-01 17:44:59,681] {dag.py:2915} INFO - Setting next_dagrun for 2_simple_storage_bigquery to 2023-02-01T00:00:00+00:00, run_after=2023-02-02T00:00:00+00:00
[2023-02-01 17:44:59,726] {processor.py:161} INFO - Processing /c/Airflow/dags/Airflow2_0_De_0_a_Heroe/2_simple_storage_bigquery.py took 0.476 seconds
[2023-02-01 17:45:30,450] {processor.py:153} INFO - Started process (PID=13742) to work on /c/Airflow/dags/Airflow2_0_De_0_a_Heroe/2_simple_storage_bigquery.py
[2023-02-01 17:45:30,451] {processor.py:641} INFO - Processing file /c/Airflow/dags/Airflow2_0_De_0_a_Heroe/2_simple_storage_bigquery.py for tasks to queue
[2023-02-01 17:45:30,452] {logging_mixin.py:115} INFO - [2023-02-01 17:45:30,451] {dagbag.py:507} INFO - Filling up the DagBag from /c/Airflow/dags/Airflow2_0_De_0_a_Heroe/2_simple_storage_bigquery.py
[2023-02-01 17:45:30,918] {processor.py:651} INFO - DAG(s) dict_keys(['2_simple_storage_bigquery']) retrieved from /c/Airflow/dags/Airflow2_0_De_0_a_Heroe/2_simple_storage_bigquery.py
[2023-02-01 17:45:30,954] {logging_mixin.py:115} INFO - [2023-02-01 17:45:30,954] {dag.py:2371} INFO - Sync 1 DAGs
[2023-02-01 17:45:30,975] {logging_mixin.py:115} INFO - [2023-02-01 17:45:30,975] {dag.py:2915} INFO - Setting next_dagrun for 2_simple_storage_bigquery to 2023-02-01T00:00:00+00:00, run_after=2023-02-02T00:00:00+00:00
[2023-02-01 17:45:31,030] {processor.py:161} INFO - Processing /c/Airflow/dags/Airflow2_0_De_0_a_Heroe/2_simple_storage_bigquery.py took 0.582 seconds
[2023-02-01 17:46:01,705] {processor.py:153} INFO - Started process (PID=13808) to work on /c/Airflow/dags/Airflow2_0_De_0_a_Heroe/2_simple_storage_bigquery.py
[2023-02-01 17:46:01,706] {processor.py:641} INFO - Processing file /c/Airflow/dags/Airflow2_0_De_0_a_Heroe/2_simple_storage_bigquery.py for tasks to queue
[2023-02-01 17:46:01,706] {logging_mixin.py:115} INFO - [2023-02-01 17:46:01,706] {dagbag.py:507} INFO - Filling up the DagBag from /c/Airflow/dags/Airflow2_0_De_0_a_Heroe/2_simple_storage_bigquery.py
[2023-02-01 17:46:02,139] {processor.py:651} INFO - DAG(s) dict_keys(['2_simple_storage_bigquery']) retrieved from /c/Airflow/dags/Airflow2_0_De_0_a_Heroe/2_simple_storage_bigquery.py
[2023-02-01 17:46:02,157] {logging_mixin.py:115} INFO - [2023-02-01 17:46:02,156] {dag.py:2371} INFO - Sync 1 DAGs
[2023-02-01 17:46:02,171] {logging_mixin.py:115} INFO - [2023-02-01 17:46:02,171] {dag.py:2915} INFO - Setting next_dagrun for 2_simple_storage_bigquery to 2023-02-01T00:00:00+00:00, run_after=2023-02-02T00:00:00+00:00
[2023-02-01 17:46:02,211] {processor.py:161} INFO - Processing /c/Airflow/dags/Airflow2_0_De_0_a_Heroe/2_simple_storage_bigquery.py took 0.509 seconds
[2023-02-01 17:46:33,130] {processor.py:153} INFO - Started process (PID=13828) to work on /c/Airflow/dags/Airflow2_0_De_0_a_Heroe/2_simple_storage_bigquery.py
[2023-02-01 17:46:33,131] {processor.py:641} INFO - Processing file /c/Airflow/dags/Airflow2_0_De_0_a_Heroe/2_simple_storage_bigquery.py for tasks to queue
[2023-02-01 17:46:33,132] {logging_mixin.py:115} INFO - [2023-02-01 17:46:33,132] {dagbag.py:507} INFO - Filling up the DagBag from /c/Airflow/dags/Airflow2_0_De_0_a_Heroe/2_simple_storage_bigquery.py
[2023-02-01 17:46:33,582] {processor.py:651} INFO - DAG(s) dict_keys(['2_simple_storage_bigquery']) retrieved from /c/Airflow/dags/Airflow2_0_De_0_a_Heroe/2_simple_storage_bigquery.py
[2023-02-01 17:46:33,606] {logging_mixin.py:115} INFO - [2023-02-01 17:46:33,605] {dag.py:2371} INFO - Sync 1 DAGs
[2023-02-01 17:46:33,623] {logging_mixin.py:115} INFO - [2023-02-01 17:46:33,623] {dag.py:2915} INFO - Setting next_dagrun for 2_simple_storage_bigquery to 2023-02-01T00:00:00+00:00, run_after=2023-02-02T00:00:00+00:00
[2023-02-01 17:46:33,662] {processor.py:161} INFO - Processing /c/Airflow/dags/Airflow2_0_De_0_a_Heroe/2_simple_storage_bigquery.py took 0.533 seconds
[2023-02-01 17:51:21,097] {processor.py:153} INFO - Started process (PID=14015) to work on /c/Airflow/dags/Airflow2_0_De_0_a_Heroe/2_simple_storage_bigquery.py
[2023-02-01 17:51:21,097] {processor.py:641} INFO - Processing file /c/Airflow/dags/Airflow2_0_De_0_a_Heroe/2_simple_storage_bigquery.py for tasks to queue
[2023-02-01 17:51:21,098] {logging_mixin.py:115} INFO - [2023-02-01 17:51:21,098] {dagbag.py:507} INFO - Filling up the DagBag from /c/Airflow/dags/Airflow2_0_De_0_a_Heroe/2_simple_storage_bigquery.py
[2023-02-01 17:51:21,543] {processor.py:651} INFO - DAG(s) dict_keys(['2_simple_storage_bigquery']) retrieved from /c/Airflow/dags/Airflow2_0_De_0_a_Heroe/2_simple_storage_bigquery.py
[2023-02-01 17:51:21,561] {logging_mixin.py:115} INFO - [2023-02-01 17:51:21,561] {dag.py:2371} INFO - Sync 1 DAGs
[2023-02-01 17:51:21,576] {logging_mixin.py:115} INFO - [2023-02-01 17:51:21,576] {dag.py:2915} INFO - Setting next_dagrun for 2_simple_storage_bigquery to 2023-02-01T00:00:00+00:00, run_after=2023-02-02T00:00:00+00:00
[2023-02-01 17:51:21,617] {processor.py:161} INFO - Processing /c/Airflow/dags/Airflow2_0_De_0_a_Heroe/2_simple_storage_bigquery.py took 0.523 seconds
[2023-02-01 17:51:52,936] {processor.py:153} INFO - Started process (PID=14035) to work on /c/Airflow/dags/Airflow2_0_De_0_a_Heroe/2_simple_storage_bigquery.py
[2023-02-01 17:51:52,937] {processor.py:641} INFO - Processing file /c/Airflow/dags/Airflow2_0_De_0_a_Heroe/2_simple_storage_bigquery.py for tasks to queue
[2023-02-01 17:51:52,937] {logging_mixin.py:115} INFO - [2023-02-01 17:51:52,937] {dagbag.py:507} INFO - Filling up the DagBag from /c/Airflow/dags/Airflow2_0_De_0_a_Heroe/2_simple_storage_bigquery.py
[2023-02-01 17:51:53,383] {processor.py:651} INFO - DAG(s) dict_keys(['2_simple_storage_bigquery']) retrieved from /c/Airflow/dags/Airflow2_0_De_0_a_Heroe/2_simple_storage_bigquery.py
[2023-02-01 17:51:53,401] {logging_mixin.py:115} INFO - [2023-02-01 17:51:53,401] {dag.py:2371} INFO - Sync 1 DAGs
[2023-02-01 17:51:53,414] {logging_mixin.py:115} INFO - [2023-02-01 17:51:53,414] {dag.py:2915} INFO - Setting next_dagrun for 2_simple_storage_bigquery to 2023-02-01T00:00:00+00:00, run_after=2023-02-02T00:00:00+00:00
[2023-02-01 17:51:53,453] {processor.py:161} INFO - Processing /c/Airflow/dags/Airflow2_0_De_0_a_Heroe/2_simple_storage_bigquery.py took 0.519 seconds
[2023-02-01 17:52:24,597] {processor.py:153} INFO - Started process (PID=14055) to work on /c/Airflow/dags/Airflow2_0_De_0_a_Heroe/2_simple_storage_bigquery.py
[2023-02-01 17:52:24,598] {processor.py:641} INFO - Processing file /c/Airflow/dags/Airflow2_0_De_0_a_Heroe/2_simple_storage_bigquery.py for tasks to queue
[2023-02-01 17:52:24,599] {logging_mixin.py:115} INFO - [2023-02-01 17:52:24,599] {dagbag.py:507} INFO - Filling up the DagBag from /c/Airflow/dags/Airflow2_0_De_0_a_Heroe/2_simple_storage_bigquery.py
[2023-02-01 17:52:25,022] {processor.py:651} INFO - DAG(s) dict_keys(['2_simple_storage_bigquery']) retrieved from /c/Airflow/dags/Airflow2_0_De_0_a_Heroe/2_simple_storage_bigquery.py
[2023-02-01 17:52:25,044] {logging_mixin.py:115} INFO - [2023-02-01 17:52:25,044] {dag.py:2371} INFO - Sync 1 DAGs
[2023-02-01 17:52:25,059] {logging_mixin.py:115} INFO - [2023-02-01 17:52:25,059] {dag.py:2915} INFO - Setting next_dagrun for 2_simple_storage_bigquery to 2023-02-01T00:00:00+00:00, run_after=2023-02-02T00:00:00+00:00
[2023-02-01 17:52:25,091] {processor.py:161} INFO - Processing /c/Airflow/dags/Airflow2_0_De_0_a_Heroe/2_simple_storage_bigquery.py took 0.496 seconds
[2023-02-01 17:52:56,161] {processor.py:153} INFO - Started process (PID=14075) to work on /c/Airflow/dags/Airflow2_0_De_0_a_Heroe/2_simple_storage_bigquery.py
[2023-02-01 17:52:56,162] {processor.py:641} INFO - Processing file /c/Airflow/dags/Airflow2_0_De_0_a_Heroe/2_simple_storage_bigquery.py for tasks to queue
[2023-02-01 17:52:56,163] {logging_mixin.py:115} INFO - [2023-02-01 17:52:56,163] {dagbag.py:507} INFO - Filling up the DagBag from /c/Airflow/dags/Airflow2_0_De_0_a_Heroe/2_simple_storage_bigquery.py
[2023-02-01 17:52:56,623] {processor.py:651} INFO - DAG(s) dict_keys(['2_simple_storage_bigquery']) retrieved from /c/Airflow/dags/Airflow2_0_De_0_a_Heroe/2_simple_storage_bigquery.py
[2023-02-01 17:52:56,645] {logging_mixin.py:115} INFO - [2023-02-01 17:52:56,644] {dag.py:2371} INFO - Sync 1 DAGs
[2023-02-01 17:52:56,660] {logging_mixin.py:115} INFO - [2023-02-01 17:52:56,660] {dag.py:2915} INFO - Setting next_dagrun for 2_simple_storage_bigquery to 2023-02-01T00:00:00+00:00, run_after=2023-02-02T00:00:00+00:00
[2023-02-01 17:52:56,700] {processor.py:161} INFO - Processing /c/Airflow/dags/Airflow2_0_De_0_a_Heroe/2_simple_storage_bigquery.py took 0.540 seconds
[2023-02-01 17:53:27,733] {processor.py:153} INFO - Started process (PID=14095) to work on /c/Airflow/dags/Airflow2_0_De_0_a_Heroe/2_simple_storage_bigquery.py
[2023-02-01 17:53:27,734] {processor.py:641} INFO - Processing file /c/Airflow/dags/Airflow2_0_De_0_a_Heroe/2_simple_storage_bigquery.py for tasks to queue
[2023-02-01 17:53:27,735] {logging_mixin.py:115} INFO - [2023-02-01 17:53:27,734] {dagbag.py:507} INFO - Filling up the DagBag from /c/Airflow/dags/Airflow2_0_De_0_a_Heroe/2_simple_storage_bigquery.py
[2023-02-01 17:53:28,155] {processor.py:651} INFO - DAG(s) dict_keys(['2_simple_storage_bigquery']) retrieved from /c/Airflow/dags/Airflow2_0_De_0_a_Heroe/2_simple_storage_bigquery.py
[2023-02-01 17:53:28,171] {logging_mixin.py:115} INFO - [2023-02-01 17:53:28,171] {dag.py:2371} INFO - Sync 1 DAGs
[2023-02-01 17:53:28,185] {logging_mixin.py:115} INFO - [2023-02-01 17:53:28,185] {dag.py:2915} INFO - Setting next_dagrun for 2_simple_storage_bigquery to 2023-02-01T00:00:00+00:00, run_after=2023-02-02T00:00:00+00:00
[2023-02-01 17:53:28,221] {processor.py:161} INFO - Processing /c/Airflow/dags/Airflow2_0_De_0_a_Heroe/2_simple_storage_bigquery.py took 0.490 seconds
[2023-02-01 17:57:45,530] {processor.py:153} INFO - Started process (PID=14208) to work on /c/Airflow/dags/Airflow2_0_De_0_a_Heroe/2_simple_storage_bigquery.py
[2023-02-01 17:57:45,531] {processor.py:641} INFO - Processing file /c/Airflow/dags/Airflow2_0_De_0_a_Heroe/2_simple_storage_bigquery.py for tasks to queue
[2023-02-01 17:57:45,531] {logging_mixin.py:115} INFO - [2023-02-01 17:57:45,531] {dagbag.py:507} INFO - Filling up the DagBag from /c/Airflow/dags/Airflow2_0_De_0_a_Heroe/2_simple_storage_bigquery.py
[2023-02-01 17:57:46,001] {processor.py:651} INFO - DAG(s) dict_keys(['2_simple_storage_bigquery']) retrieved from /c/Airflow/dags/Airflow2_0_De_0_a_Heroe/2_simple_storage_bigquery.py
[2023-02-01 17:57:46,022] {logging_mixin.py:115} INFO - [2023-02-01 17:57:46,022] {dag.py:2371} INFO - Sync 1 DAGs
[2023-02-01 17:57:46,036] {logging_mixin.py:115} INFO - [2023-02-01 17:57:46,035] {dag.py:2915} INFO - Setting next_dagrun for 2_simple_storage_bigquery to 2023-02-01T00:00:00+00:00, run_after=2023-02-02T00:00:00+00:00
[2023-02-01 17:57:46,080] {processor.py:161} INFO - Processing /c/Airflow/dags/Airflow2_0_De_0_a_Heroe/2_simple_storage_bigquery.py took 0.552 seconds
[2023-02-01 17:58:17,512] {processor.py:153} INFO - Started process (PID=14228) to work on /c/Airflow/dags/Airflow2_0_De_0_a_Heroe/2_simple_storage_bigquery.py
[2023-02-01 17:58:17,513] {processor.py:641} INFO - Processing file /c/Airflow/dags/Airflow2_0_De_0_a_Heroe/2_simple_storage_bigquery.py for tasks to queue
[2023-02-01 17:58:17,513] {logging_mixin.py:115} INFO - [2023-02-01 17:58:17,513] {dagbag.py:507} INFO - Filling up the DagBag from /c/Airflow/dags/Airflow2_0_De_0_a_Heroe/2_simple_storage_bigquery.py
[2023-02-01 17:58:17,940] {processor.py:651} INFO - DAG(s) dict_keys(['2_simple_storage_bigquery']) retrieved from /c/Airflow/dags/Airflow2_0_De_0_a_Heroe/2_simple_storage_bigquery.py
[2023-02-01 17:58:17,961] {logging_mixin.py:115} INFO - [2023-02-01 17:58:17,961] {dag.py:2371} INFO - Sync 1 DAGs
[2023-02-01 17:58:17,975] {logging_mixin.py:115} INFO - [2023-02-01 17:58:17,974] {dag.py:2915} INFO - Setting next_dagrun for 2_simple_storage_bigquery to 2023-02-01T00:00:00+00:00, run_after=2023-02-02T00:00:00+00:00
[2023-02-01 17:58:18,016] {processor.py:161} INFO - Processing /c/Airflow/dags/Airflow2_0_De_0_a_Heroe/2_simple_storage_bigquery.py took 0.506 seconds
[2023-02-01 17:58:49,086] {processor.py:153} INFO - Started process (PID=14248) to work on /c/Airflow/dags/Airflow2_0_De_0_a_Heroe/2_simple_storage_bigquery.py
[2023-02-01 17:58:49,087] {processor.py:641} INFO - Processing file /c/Airflow/dags/Airflow2_0_De_0_a_Heroe/2_simple_storage_bigquery.py for tasks to queue
[2023-02-01 17:58:49,087] {logging_mixin.py:115} INFO - [2023-02-01 17:58:49,087] {dagbag.py:507} INFO - Filling up the DagBag from /c/Airflow/dags/Airflow2_0_De_0_a_Heroe/2_simple_storage_bigquery.py
[2023-02-01 17:58:49,515] {processor.py:651} INFO - DAG(s) dict_keys(['2_simple_storage_bigquery']) retrieved from /c/Airflow/dags/Airflow2_0_De_0_a_Heroe/2_simple_storage_bigquery.py
[2023-02-01 17:58:49,533] {logging_mixin.py:115} INFO - [2023-02-01 17:58:49,533] {dag.py:2371} INFO - Sync 1 DAGs
[2023-02-01 17:58:49,548] {logging_mixin.py:115} INFO - [2023-02-01 17:58:49,548] {dag.py:2915} INFO - Setting next_dagrun for 2_simple_storage_bigquery to 2023-02-01T00:00:00+00:00, run_after=2023-02-02T00:00:00+00:00
[2023-02-01 17:58:49,590] {processor.py:161} INFO - Processing /c/Airflow/dags/Airflow2_0_De_0_a_Heroe/2_simple_storage_bigquery.py took 0.506 seconds
[2023-02-01 17:59:20,250] {processor.py:153} INFO - Started process (PID=14268) to work on /c/Airflow/dags/Airflow2_0_De_0_a_Heroe/2_simple_storage_bigquery.py
[2023-02-01 17:59:20,251] {processor.py:641} INFO - Processing file /c/Airflow/dags/Airflow2_0_De_0_a_Heroe/2_simple_storage_bigquery.py for tasks to queue
[2023-02-01 17:59:20,251] {logging_mixin.py:115} INFO - [2023-02-01 17:59:20,251] {dagbag.py:507} INFO - Filling up the DagBag from /c/Airflow/dags/Airflow2_0_De_0_a_Heroe/2_simple_storage_bigquery.py
[2023-02-01 17:59:20,731] {processor.py:651} INFO - DAG(s) dict_keys(['2_simple_storage_bigquery']) retrieved from /c/Airflow/dags/Airflow2_0_De_0_a_Heroe/2_simple_storage_bigquery.py
[2023-02-01 17:59:20,754] {logging_mixin.py:115} INFO - [2023-02-01 17:59:20,754] {dag.py:2371} INFO - Sync 1 DAGs
[2023-02-01 17:59:20,770] {logging_mixin.py:115} INFO - [2023-02-01 17:59:20,770] {dag.py:2915} INFO - Setting next_dagrun for 2_simple_storage_bigquery to 2023-02-01T00:00:00+00:00, run_after=2023-02-02T00:00:00+00:00
[2023-02-01 17:59:20,817] {processor.py:161} INFO - Processing /c/Airflow/dags/Airflow2_0_De_0_a_Heroe/2_simple_storage_bigquery.py took 0.568 seconds
[2023-02-01 17:59:51,424] {processor.py:153} INFO - Started process (PID=14288) to work on /c/Airflow/dags/Airflow2_0_De_0_a_Heroe/2_simple_storage_bigquery.py
[2023-02-01 17:59:51,425] {processor.py:641} INFO - Processing file /c/Airflow/dags/Airflow2_0_De_0_a_Heroe/2_simple_storage_bigquery.py for tasks to queue
[2023-02-01 17:59:51,426] {logging_mixin.py:115} INFO - [2023-02-01 17:59:51,426] {dagbag.py:507} INFO - Filling up the DagBag from /c/Airflow/dags/Airflow2_0_De_0_a_Heroe/2_simple_storage_bigquery.py
[2023-02-01 17:59:51,866] {processor.py:651} INFO - DAG(s) dict_keys(['2_simple_storage_bigquery']) retrieved from /c/Airflow/dags/Airflow2_0_De_0_a_Heroe/2_simple_storage_bigquery.py
[2023-02-01 17:59:51,886] {logging_mixin.py:115} INFO - [2023-02-01 17:59:51,886] {dag.py:2371} INFO - Sync 1 DAGs
[2023-02-01 17:59:51,899] {logging_mixin.py:115} INFO - [2023-02-01 17:59:51,899] {dag.py:2915} INFO - Setting next_dagrun for 2_simple_storage_bigquery to 2023-02-01T00:00:00+00:00, run_after=2023-02-02T00:00:00+00:00
[2023-02-01 17:59:51,937] {processor.py:161} INFO - Processing /c/Airflow/dags/Airflow2_0_De_0_a_Heroe/2_simple_storage_bigquery.py took 0.515 seconds
