[2023-02-01 15:56:59,819] {processor.py:153} INFO - Started process (PID=12082) to work on /c/Airflow/dags/Airflow2_0_De_0_a_Heroe/3_hooks_xcoms.py
[2023-02-01 15:56:59,820] {processor.py:641} INFO - Processing file /c/Airflow/dags/Airflow2_0_De_0_a_Heroe/3_hooks_xcoms.py for tasks to queue
[2023-02-01 15:56:59,821] {logging_mixin.py:115} INFO - [2023-02-01 15:56:59,821] {dagbag.py:507} INFO - Filling up the DagBag from /c/Airflow/dags/Airflow2_0_De_0_a_Heroe/3_hooks_xcoms.py
[2023-02-01 15:57:00,257] {processor.py:651} INFO - DAG(s) dict_keys(['3_hooks_xcoms']) retrieved from /c/Airflow/dags/Airflow2_0_De_0_a_Heroe/3_hooks_xcoms.py
[2023-02-01 15:57:00,301] {logging_mixin.py:115} INFO - [2023-02-01 15:57:00,301] {dag.py:2371} INFO - Sync 1 DAGs
[2023-02-01 15:57:00,316] {logging_mixin.py:115} INFO - [2023-02-01 15:57:00,315] {dag.py:2915} INFO - Setting next_dagrun for 3_hooks_xcoms to 2023-02-01T00:00:00+00:00, run_after=2023-02-02T00:00:00+00:00
[2023-02-01 15:57:00,365] {processor.py:161} INFO - Processing /c/Airflow/dags/Airflow2_0_De_0_a_Heroe/3_hooks_xcoms.py took 0.548 seconds
[2023-02-01 15:57:30,775] {processor.py:153} INFO - Started process (PID=12102) to work on /c/Airflow/dags/Airflow2_0_De_0_a_Heroe/3_hooks_xcoms.py
[2023-02-01 15:57:30,775] {processor.py:641} INFO - Processing file /c/Airflow/dags/Airflow2_0_De_0_a_Heroe/3_hooks_xcoms.py for tasks to queue
[2023-02-01 15:57:30,776] {logging_mixin.py:115} INFO - [2023-02-01 15:57:30,776] {dagbag.py:507} INFO - Filling up the DagBag from /c/Airflow/dags/Airflow2_0_De_0_a_Heroe/3_hooks_xcoms.py
[2023-02-01 15:57:31,194] {processor.py:651} INFO - DAG(s) dict_keys(['3_hooks_xcoms']) retrieved from /c/Airflow/dags/Airflow2_0_De_0_a_Heroe/3_hooks_xcoms.py
[2023-02-01 15:57:31,217] {logging_mixin.py:115} INFO - [2023-02-01 15:57:31,217] {dag.py:2371} INFO - Sync 1 DAGs
[2023-02-01 15:57:31,233] {logging_mixin.py:115} INFO - [2023-02-01 15:57:31,233] {dag.py:2915} INFO - Setting next_dagrun for 3_hooks_xcoms to 2023-02-01T00:00:00+00:00, run_after=2023-02-02T00:00:00+00:00
[2023-02-01 15:57:31,275] {processor.py:161} INFO - Processing /c/Airflow/dags/Airflow2_0_De_0_a_Heroe/3_hooks_xcoms.py took 0.502 seconds
[2023-02-01 15:58:02,118] {processor.py:153} INFO - Started process (PID=12122) to work on /c/Airflow/dags/Airflow2_0_De_0_a_Heroe/3_hooks_xcoms.py
[2023-02-01 15:58:02,119] {processor.py:641} INFO - Processing file /c/Airflow/dags/Airflow2_0_De_0_a_Heroe/3_hooks_xcoms.py for tasks to queue
[2023-02-01 15:58:02,119] {logging_mixin.py:115} INFO - [2023-02-01 15:58:02,119] {dagbag.py:507} INFO - Filling up the DagBag from /c/Airflow/dags/Airflow2_0_De_0_a_Heroe/3_hooks_xcoms.py
[2023-02-01 15:58:02,543] {processor.py:651} INFO - DAG(s) dict_keys(['3_hooks_xcoms']) retrieved from /c/Airflow/dags/Airflow2_0_De_0_a_Heroe/3_hooks_xcoms.py
[2023-02-01 15:58:02,564] {logging_mixin.py:115} INFO - [2023-02-01 15:58:02,564] {dag.py:2371} INFO - Sync 1 DAGs
[2023-02-01 15:58:02,580] {logging_mixin.py:115} INFO - [2023-02-01 15:58:02,580] {dag.py:2915} INFO - Setting next_dagrun for 3_hooks_xcoms to 2023-02-01T00:00:00+00:00, run_after=2023-02-02T00:00:00+00:00
[2023-02-01 15:58:02,630] {processor.py:161} INFO - Processing /c/Airflow/dags/Airflow2_0_De_0_a_Heroe/3_hooks_xcoms.py took 0.514 seconds
[2023-02-01 15:58:33,697] {processor.py:153} INFO - Started process (PID=12142) to work on /c/Airflow/dags/Airflow2_0_De_0_a_Heroe/3_hooks_xcoms.py
[2023-02-01 15:58:33,697] {processor.py:641} INFO - Processing file /c/Airflow/dags/Airflow2_0_De_0_a_Heroe/3_hooks_xcoms.py for tasks to queue
[2023-02-01 15:58:33,698] {logging_mixin.py:115} INFO - [2023-02-01 15:58:33,698] {dagbag.py:507} INFO - Filling up the DagBag from /c/Airflow/dags/Airflow2_0_De_0_a_Heroe/3_hooks_xcoms.py
[2023-02-01 15:58:34,169] {processor.py:651} INFO - DAG(s) dict_keys(['3_hooks_xcoms']) retrieved from /c/Airflow/dags/Airflow2_0_De_0_a_Heroe/3_hooks_xcoms.py
[2023-02-01 15:58:34,206] {logging_mixin.py:115} INFO - [2023-02-01 15:58:34,205] {dag.py:2371} INFO - Sync 1 DAGs
[2023-02-01 15:58:34,232] {logging_mixin.py:115} INFO - [2023-02-01 15:58:34,232] {dag.py:2915} INFO - Setting next_dagrun for 3_hooks_xcoms to 2023-02-01T00:00:00+00:00, run_after=2023-02-02T00:00:00+00:00
[2023-02-01 15:58:34,281] {processor.py:161} INFO - Processing /c/Airflow/dags/Airflow2_0_De_0_a_Heroe/3_hooks_xcoms.py took 0.587 seconds
[2023-02-01 15:59:05,216] {processor.py:153} INFO - Started process (PID=12162) to work on /c/Airflow/dags/Airflow2_0_De_0_a_Heroe/3_hooks_xcoms.py
[2023-02-01 15:59:05,216] {processor.py:641} INFO - Processing file /c/Airflow/dags/Airflow2_0_De_0_a_Heroe/3_hooks_xcoms.py for tasks to queue
[2023-02-01 15:59:05,217] {logging_mixin.py:115} INFO - [2023-02-01 15:59:05,217] {dagbag.py:507} INFO - Filling up the DagBag from /c/Airflow/dags/Airflow2_0_De_0_a_Heroe/3_hooks_xcoms.py
[2023-02-01 15:59:05,677] {processor.py:651} INFO - DAG(s) dict_keys(['3_hooks_xcoms']) retrieved from /c/Airflow/dags/Airflow2_0_De_0_a_Heroe/3_hooks_xcoms.py
[2023-02-01 15:59:05,700] {logging_mixin.py:115} INFO - [2023-02-01 15:59:05,699] {dag.py:2371} INFO - Sync 1 DAGs
[2023-02-01 15:59:05,717] {logging_mixin.py:115} INFO - [2023-02-01 15:59:05,717] {dag.py:2915} INFO - Setting next_dagrun for 3_hooks_xcoms to 2023-02-01T00:00:00+00:00, run_after=2023-02-02T00:00:00+00:00
[2023-02-01 15:59:05,761] {processor.py:161} INFO - Processing /c/Airflow/dags/Airflow2_0_De_0_a_Heroe/3_hooks_xcoms.py took 0.547 seconds
[2023-02-01 15:59:36,699] {processor.py:153} INFO - Started process (PID=12182) to work on /c/Airflow/dags/Airflow2_0_De_0_a_Heroe/3_hooks_xcoms.py
[2023-02-01 15:59:36,700] {processor.py:641} INFO - Processing file /c/Airflow/dags/Airflow2_0_De_0_a_Heroe/3_hooks_xcoms.py for tasks to queue
[2023-02-01 15:59:36,701] {logging_mixin.py:115} INFO - [2023-02-01 15:59:36,701] {dagbag.py:507} INFO - Filling up the DagBag from /c/Airflow/dags/Airflow2_0_De_0_a_Heroe/3_hooks_xcoms.py
[2023-02-01 15:59:37,151] {processor.py:651} INFO - DAG(s) dict_keys(['3_hooks_xcoms']) retrieved from /c/Airflow/dags/Airflow2_0_De_0_a_Heroe/3_hooks_xcoms.py
[2023-02-01 15:59:37,176] {logging_mixin.py:115} INFO - [2023-02-01 15:59:37,176] {dag.py:2371} INFO - Sync 1 DAGs
[2023-02-01 15:59:37,194] {logging_mixin.py:115} INFO - [2023-02-01 15:59:37,194] {dag.py:2915} INFO - Setting next_dagrun for 3_hooks_xcoms to 2023-02-01T00:00:00+00:00, run_after=2023-02-02T00:00:00+00:00
[2023-02-01 15:59:37,238] {processor.py:161} INFO - Processing /c/Airflow/dags/Airflow2_0_De_0_a_Heroe/3_hooks_xcoms.py took 0.542 seconds
[2023-02-01 16:00:07,988] {processor.py:153} INFO - Started process (PID=12202) to work on /c/Airflow/dags/Airflow2_0_De_0_a_Heroe/3_hooks_xcoms.py
[2023-02-01 16:00:07,988] {processor.py:641} INFO - Processing file /c/Airflow/dags/Airflow2_0_De_0_a_Heroe/3_hooks_xcoms.py for tasks to queue
[2023-02-01 16:00:07,989] {logging_mixin.py:115} INFO - [2023-02-01 16:00:07,989] {dagbag.py:507} INFO - Filling up the DagBag from /c/Airflow/dags/Airflow2_0_De_0_a_Heroe/3_hooks_xcoms.py
[2023-02-01 16:00:08,404] {processor.py:651} INFO - DAG(s) dict_keys(['3_hooks_xcoms']) retrieved from /c/Airflow/dags/Airflow2_0_De_0_a_Heroe/3_hooks_xcoms.py
[2023-02-01 16:00:08,424] {logging_mixin.py:115} INFO - [2023-02-01 16:00:08,424] {dag.py:2371} INFO - Sync 1 DAGs
[2023-02-01 16:00:08,439] {logging_mixin.py:115} INFO - [2023-02-01 16:00:08,439] {dag.py:2915} INFO - Setting next_dagrun for 3_hooks_xcoms to 2023-02-01T00:00:00+00:00, run_after=2023-02-02T00:00:00+00:00
[2023-02-01 16:00:08,484] {processor.py:161} INFO - Processing /c/Airflow/dags/Airflow2_0_De_0_a_Heroe/3_hooks_xcoms.py took 0.498 seconds
[2023-02-01 16:00:38,736] {processor.py:153} INFO - Started process (PID=12222) to work on /c/Airflow/dags/Airflow2_0_De_0_a_Heroe/3_hooks_xcoms.py
[2023-02-01 16:00:38,737] {processor.py:641} INFO - Processing file /c/Airflow/dags/Airflow2_0_De_0_a_Heroe/3_hooks_xcoms.py for tasks to queue
[2023-02-01 16:00:38,738] {logging_mixin.py:115} INFO - [2023-02-01 16:00:38,738] {dagbag.py:507} INFO - Filling up the DagBag from /c/Airflow/dags/Airflow2_0_De_0_a_Heroe/3_hooks_xcoms.py
[2023-02-01 16:00:39,164] {processor.py:651} INFO - DAG(s) dict_keys(['3_hooks_xcoms']) retrieved from /c/Airflow/dags/Airflow2_0_De_0_a_Heroe/3_hooks_xcoms.py
[2023-02-01 16:00:39,184] {logging_mixin.py:115} INFO - [2023-02-01 16:00:39,184] {dag.py:2371} INFO - Sync 1 DAGs
[2023-02-01 16:00:39,201] {logging_mixin.py:115} INFO - [2023-02-01 16:00:39,201] {dag.py:2915} INFO - Setting next_dagrun for 3_hooks_xcoms to 2023-02-01T00:00:00+00:00, run_after=2023-02-02T00:00:00+00:00
[2023-02-01 16:00:39,251] {processor.py:161} INFO - Processing /c/Airflow/dags/Airflow2_0_De_0_a_Heroe/3_hooks_xcoms.py took 0.517 seconds
[2023-02-01 16:01:09,831] {processor.py:153} INFO - Started process (PID=12242) to work on /c/Airflow/dags/Airflow2_0_De_0_a_Heroe/3_hooks_xcoms.py
[2023-02-01 16:01:09,832] {processor.py:641} INFO - Processing file /c/Airflow/dags/Airflow2_0_De_0_a_Heroe/3_hooks_xcoms.py for tasks to queue
[2023-02-01 16:01:09,833] {logging_mixin.py:115} INFO - [2023-02-01 16:01:09,833] {dagbag.py:507} INFO - Filling up the DagBag from /c/Airflow/dags/Airflow2_0_De_0_a_Heroe/3_hooks_xcoms.py
[2023-02-01 16:01:10,292] {processor.py:651} INFO - DAG(s) dict_keys(['3_hooks_xcoms']) retrieved from /c/Airflow/dags/Airflow2_0_De_0_a_Heroe/3_hooks_xcoms.py
[2023-02-01 16:01:10,318] {logging_mixin.py:115} INFO - [2023-02-01 16:01:10,318] {dag.py:2371} INFO - Sync 1 DAGs
[2023-02-01 16:01:10,343] {logging_mixin.py:115} INFO - [2023-02-01 16:01:10,343] {dag.py:2915} INFO - Setting next_dagrun for 3_hooks_xcoms to 2023-02-01T00:00:00+00:00, run_after=2023-02-02T00:00:00+00:00
[2023-02-01 16:01:10,402] {processor.py:161} INFO - Processing /c/Airflow/dags/Airflow2_0_De_0_a_Heroe/3_hooks_xcoms.py took 0.574 seconds
[2023-02-01 16:01:41,113] {processor.py:153} INFO - Started process (PID=12262) to work on /c/Airflow/dags/Airflow2_0_De_0_a_Heroe/3_hooks_xcoms.py
[2023-02-01 16:01:41,114] {processor.py:641} INFO - Processing file /c/Airflow/dags/Airflow2_0_De_0_a_Heroe/3_hooks_xcoms.py for tasks to queue
[2023-02-01 16:01:41,115] {logging_mixin.py:115} INFO - [2023-02-01 16:01:41,114] {dagbag.py:507} INFO - Filling up the DagBag from /c/Airflow/dags/Airflow2_0_De_0_a_Heroe/3_hooks_xcoms.py
[2023-02-01 16:01:41,530] {processor.py:651} INFO - DAG(s) dict_keys(['3_hooks_xcoms']) retrieved from /c/Airflow/dags/Airflow2_0_De_0_a_Heroe/3_hooks_xcoms.py
[2023-02-01 16:01:41,555] {logging_mixin.py:115} INFO - [2023-02-01 16:01:41,555] {dag.py:2371} INFO - Sync 1 DAGs
[2023-02-01 16:01:41,572] {logging_mixin.py:115} INFO - [2023-02-01 16:01:41,572] {dag.py:2915} INFO - Setting next_dagrun for 3_hooks_xcoms to 2023-02-01T00:00:00+00:00, run_after=2023-02-02T00:00:00+00:00
[2023-02-01 16:01:41,614] {processor.py:161} INFO - Processing /c/Airflow/dags/Airflow2_0_De_0_a_Heroe/3_hooks_xcoms.py took 0.503 seconds
[2023-02-01 16:02:12,487] {processor.py:153} INFO - Started process (PID=12282) to work on /c/Airflow/dags/Airflow2_0_De_0_a_Heroe/3_hooks_xcoms.py
[2023-02-01 16:02:12,487] {processor.py:641} INFO - Processing file /c/Airflow/dags/Airflow2_0_De_0_a_Heroe/3_hooks_xcoms.py for tasks to queue
[2023-02-01 16:02:12,488] {logging_mixin.py:115} INFO - [2023-02-01 16:02:12,488] {dagbag.py:507} INFO - Filling up the DagBag from /c/Airflow/dags/Airflow2_0_De_0_a_Heroe/3_hooks_xcoms.py
[2023-02-01 16:02:12,920] {processor.py:651} INFO - DAG(s) dict_keys(['3_hooks_xcoms']) retrieved from /c/Airflow/dags/Airflow2_0_De_0_a_Heroe/3_hooks_xcoms.py
[2023-02-01 16:02:12,941] {logging_mixin.py:115} INFO - [2023-02-01 16:02:12,941] {dag.py:2371} INFO - Sync 1 DAGs
[2023-02-01 16:02:12,956] {logging_mixin.py:115} INFO - [2023-02-01 16:02:12,956] {dag.py:2915} INFO - Setting next_dagrun for 3_hooks_xcoms to 2023-02-01T00:00:00+00:00, run_after=2023-02-02T00:00:00+00:00
[2023-02-01 16:02:12,996] {processor.py:161} INFO - Processing /c/Airflow/dags/Airflow2_0_De_0_a_Heroe/3_hooks_xcoms.py took 0.511 seconds
[2023-02-01 16:02:43,701] {processor.py:153} INFO - Started process (PID=12302) to work on /c/Airflow/dags/Airflow2_0_De_0_a_Heroe/3_hooks_xcoms.py
[2023-02-01 16:02:43,702] {processor.py:641} INFO - Processing file /c/Airflow/dags/Airflow2_0_De_0_a_Heroe/3_hooks_xcoms.py for tasks to queue
[2023-02-01 16:02:43,702] {logging_mixin.py:115} INFO - [2023-02-01 16:02:43,702] {dagbag.py:507} INFO - Filling up the DagBag from /c/Airflow/dags/Airflow2_0_De_0_a_Heroe/3_hooks_xcoms.py
[2023-02-01 16:02:44,140] {processor.py:651} INFO - DAG(s) dict_keys(['3_hooks_xcoms']) retrieved from /c/Airflow/dags/Airflow2_0_De_0_a_Heroe/3_hooks_xcoms.py
[2023-02-01 16:02:44,165] {logging_mixin.py:115} INFO - [2023-02-01 16:02:44,165] {dag.py:2371} INFO - Sync 1 DAGs
[2023-02-01 16:02:44,181] {logging_mixin.py:115} INFO - [2023-02-01 16:02:44,180] {dag.py:2915} INFO - Setting next_dagrun for 3_hooks_xcoms to 2023-02-01T00:00:00+00:00, run_after=2023-02-02T00:00:00+00:00
[2023-02-01 16:02:44,232] {processor.py:161} INFO - Processing /c/Airflow/dags/Airflow2_0_De_0_a_Heroe/3_hooks_xcoms.py took 0.534 seconds
[2023-02-01 16:03:14,761] {processor.py:153} INFO - Started process (PID=12322) to work on /c/Airflow/dags/Airflow2_0_De_0_a_Heroe/3_hooks_xcoms.py
[2023-02-01 16:03:14,762] {processor.py:641} INFO - Processing file /c/Airflow/dags/Airflow2_0_De_0_a_Heroe/3_hooks_xcoms.py for tasks to queue
[2023-02-01 16:03:14,763] {logging_mixin.py:115} INFO - [2023-02-01 16:03:14,763] {dagbag.py:507} INFO - Filling up the DagBag from /c/Airflow/dags/Airflow2_0_De_0_a_Heroe/3_hooks_xcoms.py
[2023-02-01 16:03:15,199] {processor.py:651} INFO - DAG(s) dict_keys(['3_hooks_xcoms']) retrieved from /c/Airflow/dags/Airflow2_0_De_0_a_Heroe/3_hooks_xcoms.py
[2023-02-01 16:03:15,220] {logging_mixin.py:115} INFO - [2023-02-01 16:03:15,220] {dag.py:2371} INFO - Sync 1 DAGs
[2023-02-01 16:03:15,236] {logging_mixin.py:115} INFO - [2023-02-01 16:03:15,236] {dag.py:2915} INFO - Setting next_dagrun for 3_hooks_xcoms to 2023-02-01T00:00:00+00:00, run_after=2023-02-02T00:00:00+00:00
[2023-02-01 16:03:15,279] {processor.py:161} INFO - Processing /c/Airflow/dags/Airflow2_0_De_0_a_Heroe/3_hooks_xcoms.py took 0.520 seconds
[2023-02-01 16:03:45,471] {processor.py:153} INFO - Started process (PID=12342) to work on /c/Airflow/dags/Airflow2_0_De_0_a_Heroe/3_hooks_xcoms.py
[2023-02-01 16:03:45,471] {processor.py:641} INFO - Processing file /c/Airflow/dags/Airflow2_0_De_0_a_Heroe/3_hooks_xcoms.py for tasks to queue
[2023-02-01 16:03:45,472] {logging_mixin.py:115} INFO - [2023-02-01 16:03:45,472] {dagbag.py:507} INFO - Filling up the DagBag from /c/Airflow/dags/Airflow2_0_De_0_a_Heroe/3_hooks_xcoms.py
[2023-02-01 16:03:45,920] {processor.py:651} INFO - DAG(s) dict_keys(['3_hooks_xcoms']) retrieved from /c/Airflow/dags/Airflow2_0_De_0_a_Heroe/3_hooks_xcoms.py
[2023-02-01 16:03:45,941] {logging_mixin.py:115} INFO - [2023-02-01 16:03:45,941] {dag.py:2371} INFO - Sync 1 DAGs
[2023-02-01 16:03:45,957] {logging_mixin.py:115} INFO - [2023-02-01 16:03:45,957] {dag.py:2915} INFO - Setting next_dagrun for 3_hooks_xcoms to 2023-02-01T00:00:00+00:00, run_after=2023-02-02T00:00:00+00:00
[2023-02-01 16:03:46,004] {processor.py:161} INFO - Processing /c/Airflow/dags/Airflow2_0_De_0_a_Heroe/3_hooks_xcoms.py took 0.536 seconds
[2023-02-01 16:04:17,040] {processor.py:153} INFO - Started process (PID=12362) to work on /c/Airflow/dags/Airflow2_0_De_0_a_Heroe/3_hooks_xcoms.py
[2023-02-01 16:04:17,041] {processor.py:641} INFO - Processing file /c/Airflow/dags/Airflow2_0_De_0_a_Heroe/3_hooks_xcoms.py for tasks to queue
[2023-02-01 16:04:17,042] {logging_mixin.py:115} INFO - [2023-02-01 16:04:17,042] {dagbag.py:507} INFO - Filling up the DagBag from /c/Airflow/dags/Airflow2_0_De_0_a_Heroe/3_hooks_xcoms.py
[2023-02-01 16:04:17,472] {processor.py:651} INFO - DAG(s) dict_keys(['3_hooks_xcoms']) retrieved from /c/Airflow/dags/Airflow2_0_De_0_a_Heroe/3_hooks_xcoms.py
[2023-02-01 16:04:17,498] {logging_mixin.py:115} INFO - [2023-02-01 16:04:17,498] {dag.py:2371} INFO - Sync 1 DAGs
[2023-02-01 16:04:17,514] {logging_mixin.py:115} INFO - [2023-02-01 16:04:17,514] {dag.py:2915} INFO - Setting next_dagrun for 3_hooks_xcoms to 2023-02-01T00:00:00+00:00, run_after=2023-02-02T00:00:00+00:00
[2023-02-01 16:04:17,560] {processor.py:161} INFO - Processing /c/Airflow/dags/Airflow2_0_De_0_a_Heroe/3_hooks_xcoms.py took 0.523 seconds
[2023-02-01 16:04:48,379] {processor.py:153} INFO - Started process (PID=12382) to work on /c/Airflow/dags/Airflow2_0_De_0_a_Heroe/3_hooks_xcoms.py
[2023-02-01 16:04:48,380] {processor.py:641} INFO - Processing file /c/Airflow/dags/Airflow2_0_De_0_a_Heroe/3_hooks_xcoms.py for tasks to queue
[2023-02-01 16:04:48,380] {logging_mixin.py:115} INFO - [2023-02-01 16:04:48,380] {dagbag.py:507} INFO - Filling up the DagBag from /c/Airflow/dags/Airflow2_0_De_0_a_Heroe/3_hooks_xcoms.py
[2023-02-01 16:04:48,830] {processor.py:651} INFO - DAG(s) dict_keys(['3_hooks_xcoms']) retrieved from /c/Airflow/dags/Airflow2_0_De_0_a_Heroe/3_hooks_xcoms.py
[2023-02-01 16:04:48,854] {logging_mixin.py:115} INFO - [2023-02-01 16:04:48,854] {dag.py:2371} INFO - Sync 1 DAGs
[2023-02-01 16:04:48,871] {logging_mixin.py:115} INFO - [2023-02-01 16:04:48,871] {dag.py:2915} INFO - Setting next_dagrun for 3_hooks_xcoms to 2023-02-01T00:00:00+00:00, run_after=2023-02-02T00:00:00+00:00
[2023-02-01 16:04:48,912] {processor.py:161} INFO - Processing /c/Airflow/dags/Airflow2_0_De_0_a_Heroe/3_hooks_xcoms.py took 0.536 seconds
[2023-02-01 16:05:19,820] {processor.py:153} INFO - Started process (PID=12402) to work on /c/Airflow/dags/Airflow2_0_De_0_a_Heroe/3_hooks_xcoms.py
[2023-02-01 16:05:19,821] {processor.py:641} INFO - Processing file /c/Airflow/dags/Airflow2_0_De_0_a_Heroe/3_hooks_xcoms.py for tasks to queue
[2023-02-01 16:05:19,822] {logging_mixin.py:115} INFO - [2023-02-01 16:05:19,822] {dagbag.py:507} INFO - Filling up the DagBag from /c/Airflow/dags/Airflow2_0_De_0_a_Heroe/3_hooks_xcoms.py
[2023-02-01 16:05:20,275] {processor.py:651} INFO - DAG(s) dict_keys(['3_hooks_xcoms']) retrieved from /c/Airflow/dags/Airflow2_0_De_0_a_Heroe/3_hooks_xcoms.py
[2023-02-01 16:05:20,297] {logging_mixin.py:115} INFO - [2023-02-01 16:05:20,296] {dag.py:2371} INFO - Sync 1 DAGs
[2023-02-01 16:05:20,313] {logging_mixin.py:115} INFO - [2023-02-01 16:05:20,313] {dag.py:2915} INFO - Setting next_dagrun for 3_hooks_xcoms to 2023-02-01T00:00:00+00:00, run_after=2023-02-02T00:00:00+00:00
[2023-02-01 16:05:20,352] {processor.py:161} INFO - Processing /c/Airflow/dags/Airflow2_0_De_0_a_Heroe/3_hooks_xcoms.py took 0.533 seconds
[2023-02-01 16:05:50,977] {processor.py:153} INFO - Started process (PID=12422) to work on /c/Airflow/dags/Airflow2_0_De_0_a_Heroe/3_hooks_xcoms.py
[2023-02-01 16:05:50,977] {processor.py:641} INFO - Processing file /c/Airflow/dags/Airflow2_0_De_0_a_Heroe/3_hooks_xcoms.py for tasks to queue
[2023-02-01 16:05:50,978] {logging_mixin.py:115} INFO - [2023-02-01 16:05:50,978] {dagbag.py:507} INFO - Filling up the DagBag from /c/Airflow/dags/Airflow2_0_De_0_a_Heroe/3_hooks_xcoms.py
[2023-02-01 16:05:51,411] {processor.py:651} INFO - DAG(s) dict_keys(['3_hooks_xcoms']) retrieved from /c/Airflow/dags/Airflow2_0_De_0_a_Heroe/3_hooks_xcoms.py
[2023-02-01 16:05:51,432] {logging_mixin.py:115} INFO - [2023-02-01 16:05:51,431] {dag.py:2371} INFO - Sync 1 DAGs
[2023-02-01 16:05:51,448] {logging_mixin.py:115} INFO - [2023-02-01 16:05:51,448] {dag.py:2915} INFO - Setting next_dagrun for 3_hooks_xcoms to 2023-02-01T00:00:00+00:00, run_after=2023-02-02T00:00:00+00:00
[2023-02-01 16:05:51,492] {processor.py:161} INFO - Processing /c/Airflow/dags/Airflow2_0_De_0_a_Heroe/3_hooks_xcoms.py took 0.517 seconds
[2023-02-01 16:06:22,182] {processor.py:153} INFO - Started process (PID=12442) to work on /c/Airflow/dags/Airflow2_0_De_0_a_Heroe/3_hooks_xcoms.py
[2023-02-01 16:06:22,183] {processor.py:641} INFO - Processing file /c/Airflow/dags/Airflow2_0_De_0_a_Heroe/3_hooks_xcoms.py for tasks to queue
[2023-02-01 16:06:22,184] {logging_mixin.py:115} INFO - [2023-02-01 16:06:22,184] {dagbag.py:507} INFO - Filling up the DagBag from /c/Airflow/dags/Airflow2_0_De_0_a_Heroe/3_hooks_xcoms.py
[2023-02-01 16:06:22,627] {processor.py:651} INFO - DAG(s) dict_keys(['3_hooks_xcoms']) retrieved from /c/Airflow/dags/Airflow2_0_De_0_a_Heroe/3_hooks_xcoms.py
[2023-02-01 16:06:22,653] {logging_mixin.py:115} INFO - [2023-02-01 16:06:22,652] {dag.py:2371} INFO - Sync 1 DAGs
[2023-02-01 16:06:22,670] {logging_mixin.py:115} INFO - [2023-02-01 16:06:22,670] {dag.py:2915} INFO - Setting next_dagrun for 3_hooks_xcoms to 2023-02-01T00:00:00+00:00, run_after=2023-02-02T00:00:00+00:00
[2023-02-01 16:06:22,714] {processor.py:161} INFO - Processing /c/Airflow/dags/Airflow2_0_De_0_a_Heroe/3_hooks_xcoms.py took 0.535 seconds
[2023-02-01 16:06:57,162] {processor.py:153} INFO - Started process (PID=12462) to work on /c/Airflow/dags/Airflow2_0_De_0_a_Heroe/3_hooks_xcoms.py
[2023-02-01 16:06:57,162] {processor.py:641} INFO - Processing file /c/Airflow/dags/Airflow2_0_De_0_a_Heroe/3_hooks_xcoms.py for tasks to queue
[2023-02-01 16:06:57,163] {logging_mixin.py:115} INFO - [2023-02-01 16:06:57,163] {dagbag.py:507} INFO - Filling up the DagBag from /c/Airflow/dags/Airflow2_0_De_0_a_Heroe/3_hooks_xcoms.py
[2023-02-01 16:06:57,652] {processor.py:651} INFO - DAG(s) dict_keys(['3_hooks_xcoms']) retrieved from /c/Airflow/dags/Airflow2_0_De_0_a_Heroe/3_hooks_xcoms.py
[2023-02-01 16:06:57,675] {logging_mixin.py:115} INFO - [2023-02-01 16:06:57,675] {dag.py:2371} INFO - Sync 1 DAGs
[2023-02-01 16:06:57,696] {logging_mixin.py:115} INFO - [2023-02-01 16:06:57,696] {dag.py:2915} INFO - Setting next_dagrun for 3_hooks_xcoms to 2023-02-01T00:00:00+00:00, run_after=2023-02-02T00:00:00+00:00
[2023-02-01 16:06:57,742] {processor.py:161} INFO - Processing /c/Airflow/dags/Airflow2_0_De_0_a_Heroe/3_hooks_xcoms.py took 0.583 seconds
[2023-02-01 16:07:28,855] {processor.py:153} INFO - Started process (PID=12482) to work on /c/Airflow/dags/Airflow2_0_De_0_a_Heroe/3_hooks_xcoms.py
[2023-02-01 16:07:28,856] {processor.py:641} INFO - Processing file /c/Airflow/dags/Airflow2_0_De_0_a_Heroe/3_hooks_xcoms.py for tasks to queue
[2023-02-01 16:07:28,857] {logging_mixin.py:115} INFO - [2023-02-01 16:07:28,857] {dagbag.py:507} INFO - Filling up the DagBag from /c/Airflow/dags/Airflow2_0_De_0_a_Heroe/3_hooks_xcoms.py
[2023-02-01 16:07:29,374] {processor.py:651} INFO - DAG(s) dict_keys(['3_hooks_xcoms']) retrieved from /c/Airflow/dags/Airflow2_0_De_0_a_Heroe/3_hooks_xcoms.py
[2023-02-01 16:07:29,408] {logging_mixin.py:115} INFO - [2023-02-01 16:07:29,408] {dag.py:2371} INFO - Sync 1 DAGs
[2023-02-01 16:07:29,438] {logging_mixin.py:115} INFO - [2023-02-01 16:07:29,438] {dag.py:2915} INFO - Setting next_dagrun for 3_hooks_xcoms to 2023-02-01T00:00:00+00:00, run_after=2023-02-02T00:00:00+00:00
[2023-02-01 16:07:29,499] {processor.py:161} INFO - Processing /c/Airflow/dags/Airflow2_0_De_0_a_Heroe/3_hooks_xcoms.py took 0.647 seconds
[2023-02-01 16:08:00,554] {processor.py:153} INFO - Started process (PID=12502) to work on /c/Airflow/dags/Airflow2_0_De_0_a_Heroe/3_hooks_xcoms.py
[2023-02-01 16:08:00,555] {processor.py:641} INFO - Processing file /c/Airflow/dags/Airflow2_0_De_0_a_Heroe/3_hooks_xcoms.py for tasks to queue
[2023-02-01 16:08:00,556] {logging_mixin.py:115} INFO - [2023-02-01 16:08:00,556] {dagbag.py:507} INFO - Filling up the DagBag from /c/Airflow/dags/Airflow2_0_De_0_a_Heroe/3_hooks_xcoms.py
[2023-02-01 16:08:01,134] {processor.py:651} INFO - DAG(s) dict_keys(['3_hooks_xcoms']) retrieved from /c/Airflow/dags/Airflow2_0_De_0_a_Heroe/3_hooks_xcoms.py
[2023-02-01 16:08:01,186] {logging_mixin.py:115} INFO - [2023-02-01 16:08:01,185] {dag.py:2371} INFO - Sync 1 DAGs
[2023-02-01 16:08:01,216] {logging_mixin.py:115} INFO - [2023-02-01 16:08:01,216] {dag.py:2915} INFO - Setting next_dagrun for 3_hooks_xcoms to 2023-02-01T00:00:00+00:00, run_after=2023-02-02T00:00:00+00:00
[2023-02-01 16:08:01,268] {processor.py:161} INFO - Processing /c/Airflow/dags/Airflow2_0_De_0_a_Heroe/3_hooks_xcoms.py took 0.717 seconds
[2023-02-01 16:08:32,040] {processor.py:153} INFO - Started process (PID=12522) to work on /c/Airflow/dags/Airflow2_0_De_0_a_Heroe/3_hooks_xcoms.py
[2023-02-01 16:08:32,041] {processor.py:641} INFO - Processing file /c/Airflow/dags/Airflow2_0_De_0_a_Heroe/3_hooks_xcoms.py for tasks to queue
[2023-02-01 16:08:32,041] {logging_mixin.py:115} INFO - [2023-02-01 16:08:32,041] {dagbag.py:507} INFO - Filling up the DagBag from /c/Airflow/dags/Airflow2_0_De_0_a_Heroe/3_hooks_xcoms.py
[2023-02-01 16:08:32,462] {processor.py:651} INFO - DAG(s) dict_keys(['3_hooks_xcoms']) retrieved from /c/Airflow/dags/Airflow2_0_De_0_a_Heroe/3_hooks_xcoms.py
[2023-02-01 16:08:32,484] {logging_mixin.py:115} INFO - [2023-02-01 16:08:32,483] {dag.py:2371} INFO - Sync 1 DAGs
[2023-02-01 16:08:32,499] {logging_mixin.py:115} INFO - [2023-02-01 16:08:32,499] {dag.py:2915} INFO - Setting next_dagrun for 3_hooks_xcoms to 2023-02-01T00:00:00+00:00, run_after=2023-02-02T00:00:00+00:00
[2023-02-01 16:08:32,543] {processor.py:161} INFO - Processing /c/Airflow/dags/Airflow2_0_De_0_a_Heroe/3_hooks_xcoms.py took 0.505 seconds
[2023-02-01 16:09:03,360] {processor.py:153} INFO - Started process (PID=12542) to work on /c/Airflow/dags/Airflow2_0_De_0_a_Heroe/3_hooks_xcoms.py
[2023-02-01 16:09:03,360] {processor.py:641} INFO - Processing file /c/Airflow/dags/Airflow2_0_De_0_a_Heroe/3_hooks_xcoms.py for tasks to queue
[2023-02-01 16:09:03,361] {logging_mixin.py:115} INFO - [2023-02-01 16:09:03,361] {dagbag.py:507} INFO - Filling up the DagBag from /c/Airflow/dags/Airflow2_0_De_0_a_Heroe/3_hooks_xcoms.py
[2023-02-01 16:09:03,786] {processor.py:651} INFO - DAG(s) dict_keys(['3_hooks_xcoms']) retrieved from /c/Airflow/dags/Airflow2_0_De_0_a_Heroe/3_hooks_xcoms.py
[2023-02-01 16:09:03,808] {logging_mixin.py:115} INFO - [2023-02-01 16:09:03,808] {dag.py:2371} INFO - Sync 1 DAGs
[2023-02-01 16:09:03,824] {logging_mixin.py:115} INFO - [2023-02-01 16:09:03,824] {dag.py:2915} INFO - Setting next_dagrun for 3_hooks_xcoms to 2023-02-01T00:00:00+00:00, run_after=2023-02-02T00:00:00+00:00
[2023-02-01 16:09:03,863] {processor.py:161} INFO - Processing /c/Airflow/dags/Airflow2_0_De_0_a_Heroe/3_hooks_xcoms.py took 0.505 seconds
[2023-02-01 16:09:34,901] {processor.py:153} INFO - Started process (PID=12562) to work on /c/Airflow/dags/Airflow2_0_De_0_a_Heroe/3_hooks_xcoms.py
[2023-02-01 16:09:34,902] {processor.py:641} INFO - Processing file /c/Airflow/dags/Airflow2_0_De_0_a_Heroe/3_hooks_xcoms.py for tasks to queue
[2023-02-01 16:09:34,903] {logging_mixin.py:115} INFO - [2023-02-01 16:09:34,903] {dagbag.py:507} INFO - Filling up the DagBag from /c/Airflow/dags/Airflow2_0_De_0_a_Heroe/3_hooks_xcoms.py
[2023-02-01 16:09:35,336] {processor.py:651} INFO - DAG(s) dict_keys(['3_hooks_xcoms']) retrieved from /c/Airflow/dags/Airflow2_0_De_0_a_Heroe/3_hooks_xcoms.py
[2023-02-01 16:09:35,357] {logging_mixin.py:115} INFO - [2023-02-01 16:09:35,357] {dag.py:2371} INFO - Sync 1 DAGs
[2023-02-01 16:09:35,372] {logging_mixin.py:115} INFO - [2023-02-01 16:09:35,372] {dag.py:2915} INFO - Setting next_dagrun for 3_hooks_xcoms to 2023-02-01T00:00:00+00:00, run_after=2023-02-02T00:00:00+00:00
[2023-02-01 16:09:35,420] {processor.py:161} INFO - Processing /c/Airflow/dags/Airflow2_0_De_0_a_Heroe/3_hooks_xcoms.py took 0.521 seconds
[2023-02-01 16:10:06,466] {processor.py:153} INFO - Started process (PID=12582) to work on /c/Airflow/dags/Airflow2_0_De_0_a_Heroe/3_hooks_xcoms.py
[2023-02-01 16:10:06,467] {processor.py:641} INFO - Processing file /c/Airflow/dags/Airflow2_0_De_0_a_Heroe/3_hooks_xcoms.py for tasks to queue
[2023-02-01 16:10:06,467] {logging_mixin.py:115} INFO - [2023-02-01 16:10:06,467] {dagbag.py:507} INFO - Filling up the DagBag from /c/Airflow/dags/Airflow2_0_De_0_a_Heroe/3_hooks_xcoms.py
[2023-02-01 16:10:06,888] {processor.py:651} INFO - DAG(s) dict_keys(['3_hooks_xcoms']) retrieved from /c/Airflow/dags/Airflow2_0_De_0_a_Heroe/3_hooks_xcoms.py
[2023-02-01 16:10:06,910] {logging_mixin.py:115} INFO - [2023-02-01 16:10:06,910] {dag.py:2371} INFO - Sync 1 DAGs
[2023-02-01 16:10:06,926] {logging_mixin.py:115} INFO - [2023-02-01 16:10:06,926] {dag.py:2915} INFO - Setting next_dagrun for 3_hooks_xcoms to 2023-02-01T00:00:00+00:00, run_after=2023-02-02T00:00:00+00:00
[2023-02-01 16:10:06,972] {processor.py:161} INFO - Processing /c/Airflow/dags/Airflow2_0_De_0_a_Heroe/3_hooks_xcoms.py took 0.508 seconds
[2023-02-01 16:10:37,738] {processor.py:153} INFO - Started process (PID=12602) to work on /c/Airflow/dags/Airflow2_0_De_0_a_Heroe/3_hooks_xcoms.py
[2023-02-01 16:10:37,739] {processor.py:641} INFO - Processing file /c/Airflow/dags/Airflow2_0_De_0_a_Heroe/3_hooks_xcoms.py for tasks to queue
[2023-02-01 16:10:37,740] {logging_mixin.py:115} INFO - [2023-02-01 16:10:37,740] {dagbag.py:507} INFO - Filling up the DagBag from /c/Airflow/dags/Airflow2_0_De_0_a_Heroe/3_hooks_xcoms.py
[2023-02-01 16:10:38,207] {processor.py:651} INFO - DAG(s) dict_keys(['3_hooks_xcoms']) retrieved from /c/Airflow/dags/Airflow2_0_De_0_a_Heroe/3_hooks_xcoms.py
[2023-02-01 16:10:38,230] {logging_mixin.py:115} INFO - [2023-02-01 16:10:38,230] {dag.py:2371} INFO - Sync 1 DAGs
[2023-02-01 16:10:38,246] {logging_mixin.py:115} INFO - [2023-02-01 16:10:38,246] {dag.py:2915} INFO - Setting next_dagrun for 3_hooks_xcoms to 2023-02-01T00:00:00+00:00, run_after=2023-02-02T00:00:00+00:00
[2023-02-01 16:10:38,291] {processor.py:161} INFO - Processing /c/Airflow/dags/Airflow2_0_De_0_a_Heroe/3_hooks_xcoms.py took 0.555 seconds
[2023-02-01 16:11:09,381] {processor.py:153} INFO - Started process (PID=12668) to work on /c/Airflow/dags/Airflow2_0_De_0_a_Heroe/3_hooks_xcoms.py
[2023-02-01 16:11:09,382] {processor.py:641} INFO - Processing file /c/Airflow/dags/Airflow2_0_De_0_a_Heroe/3_hooks_xcoms.py for tasks to queue
[2023-02-01 16:11:09,383] {logging_mixin.py:115} INFO - [2023-02-01 16:11:09,383] {dagbag.py:507} INFO - Filling up the DagBag from /c/Airflow/dags/Airflow2_0_De_0_a_Heroe/3_hooks_xcoms.py
[2023-02-01 16:11:09,829] {processor.py:651} INFO - DAG(s) dict_keys(['3_hooks_xcoms']) retrieved from /c/Airflow/dags/Airflow2_0_De_0_a_Heroe/3_hooks_xcoms.py
[2023-02-01 16:11:09,850] {logging_mixin.py:115} INFO - [2023-02-01 16:11:09,849] {dag.py:2371} INFO - Sync 1 DAGs
[2023-02-01 16:11:09,865] {logging_mixin.py:115} INFO - [2023-02-01 16:11:09,865] {dag.py:2915} INFO - Setting next_dagrun for 3_hooks_xcoms to 2023-02-01T00:00:00+00:00, run_after=2023-02-02T00:00:00+00:00
[2023-02-01 16:11:09,907] {processor.py:161} INFO - Processing /c/Airflow/dags/Airflow2_0_De_0_a_Heroe/3_hooks_xcoms.py took 0.528 seconds
[2023-02-01 16:11:40,511] {processor.py:153} INFO - Started process (PID=12688) to work on /c/Airflow/dags/Airflow2_0_De_0_a_Heroe/3_hooks_xcoms.py
[2023-02-01 16:11:40,512] {processor.py:641} INFO - Processing file /c/Airflow/dags/Airflow2_0_De_0_a_Heroe/3_hooks_xcoms.py for tasks to queue
[2023-02-01 16:11:40,513] {logging_mixin.py:115} INFO - [2023-02-01 16:11:40,513] {dagbag.py:507} INFO - Filling up the DagBag from /c/Airflow/dags/Airflow2_0_De_0_a_Heroe/3_hooks_xcoms.py
[2023-02-01 16:11:40,967] {processor.py:651} INFO - DAG(s) dict_keys(['3_hooks_xcoms']) retrieved from /c/Airflow/dags/Airflow2_0_De_0_a_Heroe/3_hooks_xcoms.py
[2023-02-01 16:11:40,989] {logging_mixin.py:115} INFO - [2023-02-01 16:11:40,989] {dag.py:2371} INFO - Sync 1 DAGs
[2023-02-01 16:11:41,012] {logging_mixin.py:115} INFO - [2023-02-01 16:11:41,012] {dag.py:2915} INFO - Setting next_dagrun for 3_hooks_xcoms to 2023-02-01T00:00:00+00:00, run_after=2023-02-02T00:00:00+00:00
[2023-02-01 16:11:41,071] {processor.py:161} INFO - Processing /c/Airflow/dags/Airflow2_0_De_0_a_Heroe/3_hooks_xcoms.py took 0.562 seconds
[2023-02-01 16:12:12,022] {processor.py:153} INFO - Started process (PID=12708) to work on /c/Airflow/dags/Airflow2_0_De_0_a_Heroe/3_hooks_xcoms.py
[2023-02-01 16:12:12,023] {processor.py:641} INFO - Processing file /c/Airflow/dags/Airflow2_0_De_0_a_Heroe/3_hooks_xcoms.py for tasks to queue
[2023-02-01 16:12:12,024] {logging_mixin.py:115} INFO - [2023-02-01 16:12:12,024] {dagbag.py:507} INFO - Filling up the DagBag from /c/Airflow/dags/Airflow2_0_De_0_a_Heroe/3_hooks_xcoms.py
[2023-02-01 16:12:12,542] {processor.py:651} INFO - DAG(s) dict_keys(['3_hooks_xcoms']) retrieved from /c/Airflow/dags/Airflow2_0_De_0_a_Heroe/3_hooks_xcoms.py
[2023-02-01 16:12:12,574] {logging_mixin.py:115} INFO - [2023-02-01 16:12:12,574] {dag.py:2371} INFO - Sync 1 DAGs
[2023-02-01 16:12:12,597] {logging_mixin.py:115} INFO - [2023-02-01 16:12:12,597] {dag.py:2915} INFO - Setting next_dagrun for 3_hooks_xcoms to 2023-02-01T00:00:00+00:00, run_after=2023-02-02T00:00:00+00:00
[2023-02-01 16:12:12,648] {processor.py:161} INFO - Processing /c/Airflow/dags/Airflow2_0_De_0_a_Heroe/3_hooks_xcoms.py took 0.629 seconds
[2023-02-01 16:12:44,711] {processor.py:153} INFO - Started process (PID=12774) to work on /c/Airflow/dags/Airflow2_0_De_0_a_Heroe/3_hooks_xcoms.py
[2023-02-01 16:12:44,712] {processor.py:641} INFO - Processing file /c/Airflow/dags/Airflow2_0_De_0_a_Heroe/3_hooks_xcoms.py for tasks to queue
[2023-02-01 16:12:44,713] {logging_mixin.py:115} INFO - [2023-02-01 16:12:44,713] {dagbag.py:507} INFO - Filling up the DagBag from /c/Airflow/dags/Airflow2_0_De_0_a_Heroe/3_hooks_xcoms.py
[2023-02-01 16:12:45,313] {processor.py:651} INFO - DAG(s) dict_keys(['3_hooks_xcoms']) retrieved from /c/Airflow/dags/Airflow2_0_De_0_a_Heroe/3_hooks_xcoms.py
[2023-02-01 16:12:45,353] {logging_mixin.py:115} INFO - [2023-02-01 16:12:45,352] {dag.py:2371} INFO - Sync 1 DAGs
[2023-02-01 16:12:45,421] {logging_mixin.py:115} INFO - [2023-02-01 16:12:45,421] {dag.py:2915} INFO - Setting next_dagrun for 3_hooks_xcoms to 2023-02-01T00:00:00+00:00, run_after=2023-02-02T00:00:00+00:00
[2023-02-01 16:12:45,521] {processor.py:161} INFO - Processing /c/Airflow/dags/Airflow2_0_De_0_a_Heroe/3_hooks_xcoms.py took 0.812 seconds
[2023-02-01 16:13:16,215] {processor.py:153} INFO - Started process (PID=12794) to work on /c/Airflow/dags/Airflow2_0_De_0_a_Heroe/3_hooks_xcoms.py
[2023-02-01 16:13:16,216] {processor.py:641} INFO - Processing file /c/Airflow/dags/Airflow2_0_De_0_a_Heroe/3_hooks_xcoms.py for tasks to queue
[2023-02-01 16:13:16,217] {logging_mixin.py:115} INFO - [2023-02-01 16:13:16,216] {dagbag.py:507} INFO - Filling up the DagBag from /c/Airflow/dags/Airflow2_0_De_0_a_Heroe/3_hooks_xcoms.py
[2023-02-01 16:13:16,687] {processor.py:651} INFO - DAG(s) dict_keys(['3_hooks_xcoms']) retrieved from /c/Airflow/dags/Airflow2_0_De_0_a_Heroe/3_hooks_xcoms.py
[2023-02-01 16:13:16,712] {logging_mixin.py:115} INFO - [2023-02-01 16:13:16,712] {dag.py:2371} INFO - Sync 1 DAGs
[2023-02-01 16:13:16,729] {logging_mixin.py:115} INFO - [2023-02-01 16:13:16,729] {dag.py:2915} INFO - Setting next_dagrun for 3_hooks_xcoms to 2023-02-01T00:00:00+00:00, run_after=2023-02-02T00:00:00+00:00
[2023-02-01 16:13:16,776] {processor.py:161} INFO - Processing /c/Airflow/dags/Airflow2_0_De_0_a_Heroe/3_hooks_xcoms.py took 0.563 seconds
[2023-02-01 16:13:47,637] {processor.py:153} INFO - Started process (PID=12814) to work on /c/Airflow/dags/Airflow2_0_De_0_a_Heroe/3_hooks_xcoms.py
[2023-02-01 16:13:47,638] {processor.py:641} INFO - Processing file /c/Airflow/dags/Airflow2_0_De_0_a_Heroe/3_hooks_xcoms.py for tasks to queue
[2023-02-01 16:13:47,638] {logging_mixin.py:115} INFO - [2023-02-01 16:13:47,638] {dagbag.py:507} INFO - Filling up the DagBag from /c/Airflow/dags/Airflow2_0_De_0_a_Heroe/3_hooks_xcoms.py
[2023-02-01 16:13:48,105] {processor.py:651} INFO - DAG(s) dict_keys(['3_hooks_xcoms']) retrieved from /c/Airflow/dags/Airflow2_0_De_0_a_Heroe/3_hooks_xcoms.py
[2023-02-01 16:13:48,135] {logging_mixin.py:115} INFO - [2023-02-01 16:13:48,134] {dag.py:2371} INFO - Sync 1 DAGs
[2023-02-01 16:13:48,154] {logging_mixin.py:115} INFO - [2023-02-01 16:13:48,154] {dag.py:2915} INFO - Setting next_dagrun for 3_hooks_xcoms to 2023-02-01T00:00:00+00:00, run_after=2023-02-02T00:00:00+00:00
[2023-02-01 16:13:48,201] {processor.py:161} INFO - Processing /c/Airflow/dags/Airflow2_0_De_0_a_Heroe/3_hooks_xcoms.py took 0.566 seconds
[2023-02-01 16:14:19,336] {processor.py:153} INFO - Started process (PID=12834) to work on /c/Airflow/dags/Airflow2_0_De_0_a_Heroe/3_hooks_xcoms.py
[2023-02-01 16:14:19,337] {processor.py:641} INFO - Processing file /c/Airflow/dags/Airflow2_0_De_0_a_Heroe/3_hooks_xcoms.py for tasks to queue
[2023-02-01 16:14:19,338] {logging_mixin.py:115} INFO - [2023-02-01 16:14:19,338] {dagbag.py:507} INFO - Filling up the DagBag from /c/Airflow/dags/Airflow2_0_De_0_a_Heroe/3_hooks_xcoms.py
[2023-02-01 16:14:19,787] {processor.py:651} INFO - DAG(s) dict_keys(['3_hooks_xcoms']) retrieved from /c/Airflow/dags/Airflow2_0_De_0_a_Heroe/3_hooks_xcoms.py
[2023-02-01 16:14:19,810] {logging_mixin.py:115} INFO - [2023-02-01 16:14:19,810] {dag.py:2371} INFO - Sync 1 DAGs
[2023-02-01 16:14:19,827] {logging_mixin.py:115} INFO - [2023-02-01 16:14:19,827] {dag.py:2915} INFO - Setting next_dagrun for 3_hooks_xcoms to 2023-02-01T00:00:00+00:00, run_after=2023-02-02T00:00:00+00:00
[2023-02-01 16:14:19,872] {processor.py:161} INFO - Processing /c/Airflow/dags/Airflow2_0_De_0_a_Heroe/3_hooks_xcoms.py took 0.538 seconds
[2023-02-01 16:14:51,066] {processor.py:153} INFO - Started process (PID=12854) to work on /c/Airflow/dags/Airflow2_0_De_0_a_Heroe/3_hooks_xcoms.py
[2023-02-01 16:14:51,067] {processor.py:641} INFO - Processing file /c/Airflow/dags/Airflow2_0_De_0_a_Heroe/3_hooks_xcoms.py for tasks to queue
[2023-02-01 16:14:51,068] {logging_mixin.py:115} INFO - [2023-02-01 16:14:51,068] {dagbag.py:507} INFO - Filling up the DagBag from /c/Airflow/dags/Airflow2_0_De_0_a_Heroe/3_hooks_xcoms.py
[2023-02-01 16:14:51,556] {processor.py:651} INFO - DAG(s) dict_keys(['3_hooks_xcoms']) retrieved from /c/Airflow/dags/Airflow2_0_De_0_a_Heroe/3_hooks_xcoms.py
[2023-02-01 16:14:51,581] {logging_mixin.py:115} INFO - [2023-02-01 16:14:51,580] {dag.py:2371} INFO - Sync 1 DAGs
[2023-02-01 16:14:51,598] {logging_mixin.py:115} INFO - [2023-02-01 16:14:51,597] {dag.py:2915} INFO - Setting next_dagrun for 3_hooks_xcoms to 2023-02-01T00:00:00+00:00, run_after=2023-02-02T00:00:00+00:00
[2023-02-01 16:14:51,641] {processor.py:161} INFO - Processing /c/Airflow/dags/Airflow2_0_De_0_a_Heroe/3_hooks_xcoms.py took 0.577 seconds
[2023-02-01 16:15:22,947] {processor.py:153} INFO - Started process (PID=12874) to work on /c/Airflow/dags/Airflow2_0_De_0_a_Heroe/3_hooks_xcoms.py
[2023-02-01 16:15:22,948] {processor.py:641} INFO - Processing file /c/Airflow/dags/Airflow2_0_De_0_a_Heroe/3_hooks_xcoms.py for tasks to queue
[2023-02-01 16:15:22,949] {logging_mixin.py:115} INFO - [2023-02-01 16:15:22,948] {dagbag.py:507} INFO - Filling up the DagBag from /c/Airflow/dags/Airflow2_0_De_0_a_Heroe/3_hooks_xcoms.py
[2023-02-01 16:15:23,426] {processor.py:651} INFO - DAG(s) dict_keys(['3_hooks_xcoms']) retrieved from /c/Airflow/dags/Airflow2_0_De_0_a_Heroe/3_hooks_xcoms.py
[2023-02-01 16:15:23,454] {logging_mixin.py:115} INFO - [2023-02-01 16:15:23,453] {dag.py:2371} INFO - Sync 1 DAGs
[2023-02-01 16:15:23,472] {logging_mixin.py:115} INFO - [2023-02-01 16:15:23,472] {dag.py:2915} INFO - Setting next_dagrun for 3_hooks_xcoms to 2023-02-01T00:00:00+00:00, run_after=2023-02-02T00:00:00+00:00
[2023-02-01 16:15:23,523] {processor.py:161} INFO - Processing /c/Airflow/dags/Airflow2_0_De_0_a_Heroe/3_hooks_xcoms.py took 0.579 seconds
[2023-02-01 16:15:54,508] {processor.py:153} INFO - Started process (PID=12894) to work on /c/Airflow/dags/Airflow2_0_De_0_a_Heroe/3_hooks_xcoms.py
[2023-02-01 16:15:54,509] {processor.py:641} INFO - Processing file /c/Airflow/dags/Airflow2_0_De_0_a_Heroe/3_hooks_xcoms.py for tasks to queue
[2023-02-01 16:15:54,510] {logging_mixin.py:115} INFO - [2023-02-01 16:15:54,510] {dagbag.py:507} INFO - Filling up the DagBag from /c/Airflow/dags/Airflow2_0_De_0_a_Heroe/3_hooks_xcoms.py
[2023-02-01 16:15:55,226] {processor.py:651} INFO - DAG(s) dict_keys(['3_hooks_xcoms']) retrieved from /c/Airflow/dags/Airflow2_0_De_0_a_Heroe/3_hooks_xcoms.py
[2023-02-01 16:15:55,292] {logging_mixin.py:115} INFO - [2023-02-01 16:15:55,292] {dag.py:2371} INFO - Sync 1 DAGs
[2023-02-01 16:15:55,323] {logging_mixin.py:115} INFO - [2023-02-01 16:15:55,322] {dag.py:2915} INFO - Setting next_dagrun for 3_hooks_xcoms to 2023-02-01T00:00:00+00:00, run_after=2023-02-02T00:00:00+00:00
[2023-02-01 16:15:55,390] {processor.py:161} INFO - Processing /c/Airflow/dags/Airflow2_0_De_0_a_Heroe/3_hooks_xcoms.py took 0.885 seconds
[2023-02-01 16:16:25,604] {processor.py:153} INFO - Started process (PID=12914) to work on /c/Airflow/dags/Airflow2_0_De_0_a_Heroe/3_hooks_xcoms.py
[2023-02-01 16:16:25,604] {processor.py:641} INFO - Processing file /c/Airflow/dags/Airflow2_0_De_0_a_Heroe/3_hooks_xcoms.py for tasks to queue
[2023-02-01 16:16:25,605] {logging_mixin.py:115} INFO - [2023-02-01 16:16:25,605] {dagbag.py:507} INFO - Filling up the DagBag from /c/Airflow/dags/Airflow2_0_De_0_a_Heroe/3_hooks_xcoms.py
[2023-02-01 16:16:26,037] {processor.py:651} INFO - DAG(s) dict_keys(['3_hooks_xcoms']) retrieved from /c/Airflow/dags/Airflow2_0_De_0_a_Heroe/3_hooks_xcoms.py
[2023-02-01 16:16:26,065] {logging_mixin.py:115} INFO - [2023-02-01 16:16:26,064] {dag.py:2371} INFO - Sync 1 DAGs
[2023-02-01 16:16:26,083] {logging_mixin.py:115} INFO - [2023-02-01 16:16:26,083] {dag.py:2915} INFO - Setting next_dagrun for 3_hooks_xcoms to 2023-02-01T00:00:00+00:00, run_after=2023-02-02T00:00:00+00:00
[2023-02-01 16:16:26,128] {processor.py:161} INFO - Processing /c/Airflow/dags/Airflow2_0_De_0_a_Heroe/3_hooks_xcoms.py took 0.526 seconds
[2023-02-01 16:16:56,918] {processor.py:153} INFO - Started process (PID=12934) to work on /c/Airflow/dags/Airflow2_0_De_0_a_Heroe/3_hooks_xcoms.py
[2023-02-01 16:16:56,919] {processor.py:641} INFO - Processing file /c/Airflow/dags/Airflow2_0_De_0_a_Heroe/3_hooks_xcoms.py for tasks to queue
[2023-02-01 16:16:56,920] {logging_mixin.py:115} INFO - [2023-02-01 16:16:56,920] {dagbag.py:507} INFO - Filling up the DagBag from /c/Airflow/dags/Airflow2_0_De_0_a_Heroe/3_hooks_xcoms.py
[2023-02-01 16:16:57,422] {processor.py:651} INFO - DAG(s) dict_keys(['3_hooks_xcoms']) retrieved from /c/Airflow/dags/Airflow2_0_De_0_a_Heroe/3_hooks_xcoms.py
[2023-02-01 16:16:57,456] {logging_mixin.py:115} INFO - [2023-02-01 16:16:57,455] {dag.py:2371} INFO - Sync 1 DAGs
[2023-02-01 16:16:57,478] {logging_mixin.py:115} INFO - [2023-02-01 16:16:57,478] {dag.py:2915} INFO - Setting next_dagrun for 3_hooks_xcoms to 2023-02-01T00:00:00+00:00, run_after=2023-02-02T00:00:00+00:00
[2023-02-01 16:16:57,537] {processor.py:161} INFO - Processing /c/Airflow/dags/Airflow2_0_De_0_a_Heroe/3_hooks_xcoms.py took 0.622 seconds
[2023-02-01 16:17:27,708] {processor.py:153} INFO - Started process (PID=12954) to work on /c/Airflow/dags/Airflow2_0_De_0_a_Heroe/3_hooks_xcoms.py
[2023-02-01 16:17:27,709] {processor.py:641} INFO - Processing file /c/Airflow/dags/Airflow2_0_De_0_a_Heroe/3_hooks_xcoms.py for tasks to queue
[2023-02-01 16:17:27,710] {logging_mixin.py:115} INFO - [2023-02-01 16:17:27,709] {dagbag.py:507} INFO - Filling up the DagBag from /c/Airflow/dags/Airflow2_0_De_0_a_Heroe/3_hooks_xcoms.py
[2023-02-01 16:17:28,133] {processor.py:651} INFO - DAG(s) dict_keys(['3_hooks_xcoms']) retrieved from /c/Airflow/dags/Airflow2_0_De_0_a_Heroe/3_hooks_xcoms.py
[2023-02-01 16:17:28,154] {logging_mixin.py:115} INFO - [2023-02-01 16:17:28,154] {dag.py:2371} INFO - Sync 1 DAGs
[2023-02-01 16:17:28,169] {logging_mixin.py:115} INFO - [2023-02-01 16:17:28,169] {dag.py:2915} INFO - Setting next_dagrun for 3_hooks_xcoms to 2023-02-01T00:00:00+00:00, run_after=2023-02-02T00:00:00+00:00
[2023-02-01 16:17:28,219] {processor.py:161} INFO - Processing /c/Airflow/dags/Airflow2_0_De_0_a_Heroe/3_hooks_xcoms.py took 0.513 seconds
[2023-02-01 16:17:58,890] {processor.py:153} INFO - Started process (PID=12974) to work on /c/Airflow/dags/Airflow2_0_De_0_a_Heroe/3_hooks_xcoms.py
[2023-02-01 16:17:58,890] {processor.py:641} INFO - Processing file /c/Airflow/dags/Airflow2_0_De_0_a_Heroe/3_hooks_xcoms.py for tasks to queue
[2023-02-01 16:17:58,892] {logging_mixin.py:115} INFO - [2023-02-01 16:17:58,892] {dagbag.py:507} INFO - Filling up the DagBag from /c/Airflow/dags/Airflow2_0_De_0_a_Heroe/3_hooks_xcoms.py
[2023-02-01 16:17:59,324] {processor.py:651} INFO - DAG(s) dict_keys(['3_hooks_xcoms']) retrieved from /c/Airflow/dags/Airflow2_0_De_0_a_Heroe/3_hooks_xcoms.py
[2023-02-01 16:17:59,344] {logging_mixin.py:115} INFO - [2023-02-01 16:17:59,344] {dag.py:2371} INFO - Sync 1 DAGs
[2023-02-01 16:17:59,360] {logging_mixin.py:115} INFO - [2023-02-01 16:17:59,360] {dag.py:2915} INFO - Setting next_dagrun for 3_hooks_xcoms to 2023-02-01T00:00:00+00:00, run_after=2023-02-02T00:00:00+00:00
[2023-02-01 16:17:59,429] {processor.py:161} INFO - Processing /c/Airflow/dags/Airflow2_0_De_0_a_Heroe/3_hooks_xcoms.py took 0.541 seconds
[2023-02-01 16:18:31,481] {processor.py:153} INFO - Started process (PID=13040) to work on /c/Airflow/dags/Airflow2_0_De_0_a_Heroe/3_hooks_xcoms.py
[2023-02-01 16:18:31,482] {processor.py:641} INFO - Processing file /c/Airflow/dags/Airflow2_0_De_0_a_Heroe/3_hooks_xcoms.py for tasks to queue
[2023-02-01 16:18:31,483] {logging_mixin.py:115} INFO - [2023-02-01 16:18:31,483] {dagbag.py:507} INFO - Filling up the DagBag from /c/Airflow/dags/Airflow2_0_De_0_a_Heroe/3_hooks_xcoms.py
[2023-02-01 16:18:32,062] {processor.py:651} INFO - DAG(s) dict_keys(['3_hooks_xcoms']) retrieved from /c/Airflow/dags/Airflow2_0_De_0_a_Heroe/3_hooks_xcoms.py
[2023-02-01 16:18:32,113] {logging_mixin.py:115} INFO - [2023-02-01 16:18:32,113] {dag.py:2371} INFO - Sync 1 DAGs
[2023-02-01 16:18:32,147] {logging_mixin.py:115} INFO - [2023-02-01 16:18:32,147] {dag.py:2915} INFO - Setting next_dagrun for 3_hooks_xcoms to 2023-02-01T00:00:00+00:00, run_after=2023-02-02T00:00:00+00:00
[2023-02-01 16:18:32,232] {processor.py:161} INFO - Processing /c/Airflow/dags/Airflow2_0_De_0_a_Heroe/3_hooks_xcoms.py took 0.752 seconds
[2023-02-01 16:19:02,787] {processor.py:153} INFO - Started process (PID=13060) to work on /c/Airflow/dags/Airflow2_0_De_0_a_Heroe/3_hooks_xcoms.py
[2023-02-01 16:19:02,788] {processor.py:641} INFO - Processing file /c/Airflow/dags/Airflow2_0_De_0_a_Heroe/3_hooks_xcoms.py for tasks to queue
[2023-02-01 16:19:02,789] {logging_mixin.py:115} INFO - [2023-02-01 16:19:02,789] {dagbag.py:507} INFO - Filling up the DagBag from /c/Airflow/dags/Airflow2_0_De_0_a_Heroe/3_hooks_xcoms.py
[2023-02-01 16:19:03,252] {processor.py:651} INFO - DAG(s) dict_keys(['3_hooks_xcoms']) retrieved from /c/Airflow/dags/Airflow2_0_De_0_a_Heroe/3_hooks_xcoms.py
[2023-02-01 16:19:03,278] {logging_mixin.py:115} INFO - [2023-02-01 16:19:03,278] {dag.py:2371} INFO - Sync 1 DAGs
[2023-02-01 16:19:03,298] {logging_mixin.py:115} INFO - [2023-02-01 16:19:03,298] {dag.py:2915} INFO - Setting next_dagrun for 3_hooks_xcoms to 2023-02-01T00:00:00+00:00, run_after=2023-02-02T00:00:00+00:00
[2023-02-01 16:19:03,337] {processor.py:161} INFO - Processing /c/Airflow/dags/Airflow2_0_De_0_a_Heroe/3_hooks_xcoms.py took 0.552 seconds
[2023-02-01 16:19:33,791] {processor.py:153} INFO - Started process (PID=13080) to work on /c/Airflow/dags/Airflow2_0_De_0_a_Heroe/3_hooks_xcoms.py
[2023-02-01 16:19:33,792] {processor.py:641} INFO - Processing file /c/Airflow/dags/Airflow2_0_De_0_a_Heroe/3_hooks_xcoms.py for tasks to queue
[2023-02-01 16:19:33,793] {logging_mixin.py:115} INFO - [2023-02-01 16:19:33,793] {dagbag.py:507} INFO - Filling up the DagBag from /c/Airflow/dags/Airflow2_0_De_0_a_Heroe/3_hooks_xcoms.py
[2023-02-01 16:19:34,235] {processor.py:651} INFO - DAG(s) dict_keys(['3_hooks_xcoms']) retrieved from /c/Airflow/dags/Airflow2_0_De_0_a_Heroe/3_hooks_xcoms.py
[2023-02-01 16:19:34,263] {logging_mixin.py:115} INFO - [2023-02-01 16:19:34,263] {dag.py:2371} INFO - Sync 1 DAGs
[2023-02-01 16:19:34,283] {logging_mixin.py:115} INFO - [2023-02-01 16:19:34,283] {dag.py:2915} INFO - Setting next_dagrun for 3_hooks_xcoms to 2023-02-01T00:00:00+00:00, run_after=2023-02-02T00:00:00+00:00
[2023-02-01 16:19:34,325] {processor.py:161} INFO - Processing /c/Airflow/dags/Airflow2_0_De_0_a_Heroe/3_hooks_xcoms.py took 0.536 seconds
[2023-02-01 16:20:04,731] {processor.py:153} INFO - Started process (PID=13100) to work on /c/Airflow/dags/Airflow2_0_De_0_a_Heroe/3_hooks_xcoms.py
[2023-02-01 16:20:04,731] {processor.py:641} INFO - Processing file /c/Airflow/dags/Airflow2_0_De_0_a_Heroe/3_hooks_xcoms.py for tasks to queue
[2023-02-01 16:20:04,732] {logging_mixin.py:115} INFO - [2023-02-01 16:20:04,732] {dagbag.py:507} INFO - Filling up the DagBag from /c/Airflow/dags/Airflow2_0_De_0_a_Heroe/3_hooks_xcoms.py
[2023-02-01 16:20:05,238] {processor.py:651} INFO - DAG(s) dict_keys(['3_hooks_xcoms']) retrieved from /c/Airflow/dags/Airflow2_0_De_0_a_Heroe/3_hooks_xcoms.py
[2023-02-01 16:20:05,260] {logging_mixin.py:115} INFO - [2023-02-01 16:20:05,259] {dag.py:2371} INFO - Sync 1 DAGs
[2023-02-01 16:20:05,275] {logging_mixin.py:115} INFO - [2023-02-01 16:20:05,275] {dag.py:2915} INFO - Setting next_dagrun for 3_hooks_xcoms to 2023-02-01T00:00:00+00:00, run_after=2023-02-02T00:00:00+00:00
[2023-02-01 16:20:05,314] {processor.py:161} INFO - Processing /c/Airflow/dags/Airflow2_0_De_0_a_Heroe/3_hooks_xcoms.py took 0.585 seconds
[2023-02-01 16:20:35,917] {processor.py:153} INFO - Started process (PID=13120) to work on /c/Airflow/dags/Airflow2_0_De_0_a_Heroe/3_hooks_xcoms.py
[2023-02-01 16:20:35,918] {processor.py:641} INFO - Processing file /c/Airflow/dags/Airflow2_0_De_0_a_Heroe/3_hooks_xcoms.py for tasks to queue
[2023-02-01 16:20:35,919] {logging_mixin.py:115} INFO - [2023-02-01 16:20:35,919] {dagbag.py:507} INFO - Filling up the DagBag from /c/Airflow/dags/Airflow2_0_De_0_a_Heroe/3_hooks_xcoms.py
[2023-02-01 16:20:36,363] {processor.py:651} INFO - DAG(s) dict_keys(['3_hooks_xcoms']) retrieved from /c/Airflow/dags/Airflow2_0_De_0_a_Heroe/3_hooks_xcoms.py
[2023-02-01 16:20:36,387] {logging_mixin.py:115} INFO - [2023-02-01 16:20:36,386] {dag.py:2371} INFO - Sync 1 DAGs
[2023-02-01 16:20:36,402] {logging_mixin.py:115} INFO - [2023-02-01 16:20:36,402] {dag.py:2915} INFO - Setting next_dagrun for 3_hooks_xcoms to 2023-02-01T00:00:00+00:00, run_after=2023-02-02T00:00:00+00:00
[2023-02-01 16:20:36,448] {processor.py:161} INFO - Processing /c/Airflow/dags/Airflow2_0_De_0_a_Heroe/3_hooks_xcoms.py took 0.533 seconds
[2023-02-01 16:21:06,791] {processor.py:153} INFO - Started process (PID=13140) to work on /c/Airflow/dags/Airflow2_0_De_0_a_Heroe/3_hooks_xcoms.py
[2023-02-01 16:21:06,792] {processor.py:641} INFO - Processing file /c/Airflow/dags/Airflow2_0_De_0_a_Heroe/3_hooks_xcoms.py for tasks to queue
[2023-02-01 16:21:06,793] {logging_mixin.py:115} INFO - [2023-02-01 16:21:06,793] {dagbag.py:507} INFO - Filling up the DagBag from /c/Airflow/dags/Airflow2_0_De_0_a_Heroe/3_hooks_xcoms.py
[2023-02-01 16:21:07,321] {processor.py:651} INFO - DAG(s) dict_keys(['3_hooks_xcoms']) retrieved from /c/Airflow/dags/Airflow2_0_De_0_a_Heroe/3_hooks_xcoms.py
[2023-02-01 16:21:07,346] {logging_mixin.py:115} INFO - [2023-02-01 16:21:07,346] {dag.py:2371} INFO - Sync 1 DAGs
[2023-02-01 16:21:07,363] {logging_mixin.py:115} INFO - [2023-02-01 16:21:07,363] {dag.py:2915} INFO - Setting next_dagrun for 3_hooks_xcoms to 2023-02-01T00:00:00+00:00, run_after=2023-02-02T00:00:00+00:00
[2023-02-01 16:21:07,412] {processor.py:161} INFO - Processing /c/Airflow/dags/Airflow2_0_De_0_a_Heroe/3_hooks_xcoms.py took 0.624 seconds
[2023-02-01 16:21:38,008] {processor.py:153} INFO - Started process (PID=13160) to work on /c/Airflow/dags/Airflow2_0_De_0_a_Heroe/3_hooks_xcoms.py
[2023-02-01 16:21:38,009] {processor.py:641} INFO - Processing file /c/Airflow/dags/Airflow2_0_De_0_a_Heroe/3_hooks_xcoms.py for tasks to queue
[2023-02-01 16:21:38,009] {logging_mixin.py:115} INFO - [2023-02-01 16:21:38,009] {dagbag.py:507} INFO - Filling up the DagBag from /c/Airflow/dags/Airflow2_0_De_0_a_Heroe/3_hooks_xcoms.py
[2023-02-01 16:21:38,463] {processor.py:651} INFO - DAG(s) dict_keys(['3_hooks_xcoms']) retrieved from /c/Airflow/dags/Airflow2_0_De_0_a_Heroe/3_hooks_xcoms.py
[2023-02-01 16:21:38,494] {logging_mixin.py:115} INFO - [2023-02-01 16:21:38,494] {dag.py:2371} INFO - Sync 1 DAGs
[2023-02-01 16:21:38,513] {logging_mixin.py:115} INFO - [2023-02-01 16:21:38,513] {dag.py:2915} INFO - Setting next_dagrun for 3_hooks_xcoms to 2023-02-01T00:00:00+00:00, run_after=2023-02-02T00:00:00+00:00
[2023-02-01 16:21:38,623] {processor.py:161} INFO - Processing /c/Airflow/dags/Airflow2_0_De_0_a_Heroe/3_hooks_xcoms.py took 0.617 seconds
[2023-02-01 16:22:09,795] {processor.py:153} INFO - Started process (PID=13180) to work on /c/Airflow/dags/Airflow2_0_De_0_a_Heroe/3_hooks_xcoms.py
[2023-02-01 16:22:09,795] {processor.py:641} INFO - Processing file /c/Airflow/dags/Airflow2_0_De_0_a_Heroe/3_hooks_xcoms.py for tasks to queue
[2023-02-01 16:22:09,796] {logging_mixin.py:115} INFO - [2023-02-01 16:22:09,796] {dagbag.py:507} INFO - Filling up the DagBag from /c/Airflow/dags/Airflow2_0_De_0_a_Heroe/3_hooks_xcoms.py
[2023-02-01 16:22:10,216] {processor.py:651} INFO - DAG(s) dict_keys(['3_hooks_xcoms']) retrieved from /c/Airflow/dags/Airflow2_0_De_0_a_Heroe/3_hooks_xcoms.py
[2023-02-01 16:22:10,238] {logging_mixin.py:115} INFO - [2023-02-01 16:22:10,238] {dag.py:2371} INFO - Sync 1 DAGs
[2023-02-01 16:22:10,253] {logging_mixin.py:115} INFO - [2023-02-01 16:22:10,253] {dag.py:2915} INFO - Setting next_dagrun for 3_hooks_xcoms to 2023-02-01T00:00:00+00:00, run_after=2023-02-02T00:00:00+00:00
[2023-02-01 16:22:10,290] {processor.py:161} INFO - Processing /c/Airflow/dags/Airflow2_0_De_0_a_Heroe/3_hooks_xcoms.py took 0.497 seconds
[2023-02-01 16:22:41,295] {processor.py:153} INFO - Started process (PID=13200) to work on /c/Airflow/dags/Airflow2_0_De_0_a_Heroe/3_hooks_xcoms.py
[2023-02-01 16:22:41,296] {processor.py:641} INFO - Processing file /c/Airflow/dags/Airflow2_0_De_0_a_Heroe/3_hooks_xcoms.py for tasks to queue
[2023-02-01 16:22:41,296] {logging_mixin.py:115} INFO - [2023-02-01 16:22:41,296] {dagbag.py:507} INFO - Filling up the DagBag from /c/Airflow/dags/Airflow2_0_De_0_a_Heroe/3_hooks_xcoms.py
[2023-02-01 16:22:41,734] {processor.py:651} INFO - DAG(s) dict_keys(['3_hooks_xcoms']) retrieved from /c/Airflow/dags/Airflow2_0_De_0_a_Heroe/3_hooks_xcoms.py
[2023-02-01 16:22:41,761] {logging_mixin.py:115} INFO - [2023-02-01 16:22:41,761] {dag.py:2371} INFO - Sync 1 DAGs
[2023-02-01 16:22:41,777] {logging_mixin.py:115} INFO - [2023-02-01 16:22:41,777] {dag.py:2915} INFO - Setting next_dagrun for 3_hooks_xcoms to 2023-02-01T00:00:00+00:00, run_after=2023-02-02T00:00:00+00:00
[2023-02-01 16:22:41,822] {processor.py:161} INFO - Processing /c/Airflow/dags/Airflow2_0_De_0_a_Heroe/3_hooks_xcoms.py took 0.529 seconds
[2023-02-01 16:23:12,378] {processor.py:153} INFO - Started process (PID=13220) to work on /c/Airflow/dags/Airflow2_0_De_0_a_Heroe/3_hooks_xcoms.py
[2023-02-01 16:23:12,379] {processor.py:641} INFO - Processing file /c/Airflow/dags/Airflow2_0_De_0_a_Heroe/3_hooks_xcoms.py for tasks to queue
[2023-02-01 16:23:12,379] {logging_mixin.py:115} INFO - [2023-02-01 16:23:12,379] {dagbag.py:507} INFO - Filling up the DagBag from /c/Airflow/dags/Airflow2_0_De_0_a_Heroe/3_hooks_xcoms.py
[2023-02-01 16:23:12,790] {processor.py:651} INFO - DAG(s) dict_keys(['3_hooks_xcoms']) retrieved from /c/Airflow/dags/Airflow2_0_De_0_a_Heroe/3_hooks_xcoms.py
[2023-02-01 16:23:12,812] {logging_mixin.py:115} INFO - [2023-02-01 16:23:12,812] {dag.py:2371} INFO - Sync 1 DAGs
[2023-02-01 16:23:12,833] {logging_mixin.py:115} INFO - [2023-02-01 16:23:12,833] {dag.py:2915} INFO - Setting next_dagrun for 3_hooks_xcoms to 2023-02-01T00:00:00+00:00, run_after=2023-02-02T00:00:00+00:00
[2023-02-01 16:23:12,874] {processor.py:161} INFO - Processing /c/Airflow/dags/Airflow2_0_De_0_a_Heroe/3_hooks_xcoms.py took 0.498 seconds
[2023-02-01 16:23:43,581] {processor.py:153} INFO - Started process (PID=13240) to work on /c/Airflow/dags/Airflow2_0_De_0_a_Heroe/3_hooks_xcoms.py
[2023-02-01 16:23:43,581] {processor.py:641} INFO - Processing file /c/Airflow/dags/Airflow2_0_De_0_a_Heroe/3_hooks_xcoms.py for tasks to queue
[2023-02-01 16:23:43,582] {logging_mixin.py:115} INFO - [2023-02-01 16:23:43,582] {dagbag.py:507} INFO - Filling up the DagBag from /c/Airflow/dags/Airflow2_0_De_0_a_Heroe/3_hooks_xcoms.py
[2023-02-01 16:23:44,033] {processor.py:651} INFO - DAG(s) dict_keys(['3_hooks_xcoms']) retrieved from /c/Airflow/dags/Airflow2_0_De_0_a_Heroe/3_hooks_xcoms.py
[2023-02-01 16:23:44,055] {logging_mixin.py:115} INFO - [2023-02-01 16:23:44,054] {dag.py:2371} INFO - Sync 1 DAGs
[2023-02-01 16:23:44,070] {logging_mixin.py:115} INFO - [2023-02-01 16:23:44,070] {dag.py:2915} INFO - Setting next_dagrun for 3_hooks_xcoms to 2023-02-01T00:00:00+00:00, run_after=2023-02-02T00:00:00+00:00
[2023-02-01 16:23:44,106] {processor.py:161} INFO - Processing /c/Airflow/dags/Airflow2_0_De_0_a_Heroe/3_hooks_xcoms.py took 0.527 seconds
[2023-02-01 16:24:14,853] {processor.py:153} INFO - Started process (PID=13260) to work on /c/Airflow/dags/Airflow2_0_De_0_a_Heroe/3_hooks_xcoms.py
[2023-02-01 16:24:14,854] {processor.py:641} INFO - Processing file /c/Airflow/dags/Airflow2_0_De_0_a_Heroe/3_hooks_xcoms.py for tasks to queue
[2023-02-01 16:24:14,855] {logging_mixin.py:115} INFO - [2023-02-01 16:24:14,855] {dagbag.py:507} INFO - Filling up the DagBag from /c/Airflow/dags/Airflow2_0_De_0_a_Heroe/3_hooks_xcoms.py
[2023-02-01 16:24:15,357] {processor.py:651} INFO - DAG(s) dict_keys(['3_hooks_xcoms']) retrieved from /c/Airflow/dags/Airflow2_0_De_0_a_Heroe/3_hooks_xcoms.py
[2023-02-01 16:24:15,379] {logging_mixin.py:115} INFO - [2023-02-01 16:24:15,379] {dag.py:2371} INFO - Sync 1 DAGs
[2023-02-01 16:24:15,395] {logging_mixin.py:115} INFO - [2023-02-01 16:24:15,395] {dag.py:2915} INFO - Setting next_dagrun for 3_hooks_xcoms to 2023-02-01T00:00:00+00:00, run_after=2023-02-02T00:00:00+00:00
[2023-02-01 16:24:15,437] {processor.py:161} INFO - Processing /c/Airflow/dags/Airflow2_0_De_0_a_Heroe/3_hooks_xcoms.py took 0.586 seconds
[2023-02-01 16:24:45,989] {processor.py:153} INFO - Started process (PID=13280) to work on /c/Airflow/dags/Airflow2_0_De_0_a_Heroe/3_hooks_xcoms.py
[2023-02-01 16:24:45,990] {processor.py:641} INFO - Processing file /c/Airflow/dags/Airflow2_0_De_0_a_Heroe/3_hooks_xcoms.py for tasks to queue
[2023-02-01 16:24:45,991] {logging_mixin.py:115} INFO - [2023-02-01 16:24:45,991] {dagbag.py:507} INFO - Filling up the DagBag from /c/Airflow/dags/Airflow2_0_De_0_a_Heroe/3_hooks_xcoms.py
[2023-02-01 16:24:46,513] {processor.py:651} INFO - DAG(s) dict_keys(['3_hooks_xcoms']) retrieved from /c/Airflow/dags/Airflow2_0_De_0_a_Heroe/3_hooks_xcoms.py
[2023-02-01 16:24:46,537] {logging_mixin.py:115} INFO - [2023-02-01 16:24:46,537] {dag.py:2371} INFO - Sync 1 DAGs
[2023-02-01 16:24:46,555] {logging_mixin.py:115} INFO - [2023-02-01 16:24:46,555] {dag.py:2915} INFO - Setting next_dagrun for 3_hooks_xcoms to 2023-02-01T00:00:00+00:00, run_after=2023-02-02T00:00:00+00:00
[2023-02-01 16:24:46,601] {processor.py:161} INFO - Processing /c/Airflow/dags/Airflow2_0_De_0_a_Heroe/3_hooks_xcoms.py took 0.613 seconds
[2023-02-01 16:25:16,994] {processor.py:153} INFO - Started process (PID=13300) to work on /c/Airflow/dags/Airflow2_0_De_0_a_Heroe/3_hooks_xcoms.py
[2023-02-01 16:25:16,994] {processor.py:641} INFO - Processing file /c/Airflow/dags/Airflow2_0_De_0_a_Heroe/3_hooks_xcoms.py for tasks to queue
[2023-02-01 16:25:16,995] {logging_mixin.py:115} INFO - [2023-02-01 16:25:16,995] {dagbag.py:507} INFO - Filling up the DagBag from /c/Airflow/dags/Airflow2_0_De_0_a_Heroe/3_hooks_xcoms.py
[2023-02-01 16:25:17,411] {processor.py:651} INFO - DAG(s) dict_keys(['3_hooks_xcoms']) retrieved from /c/Airflow/dags/Airflow2_0_De_0_a_Heroe/3_hooks_xcoms.py
[2023-02-01 16:25:17,433] {logging_mixin.py:115} INFO - [2023-02-01 16:25:17,432] {dag.py:2371} INFO - Sync 1 DAGs
[2023-02-01 16:25:17,448] {logging_mixin.py:115} INFO - [2023-02-01 16:25:17,448] {dag.py:2915} INFO - Setting next_dagrun for 3_hooks_xcoms to 2023-02-01T00:00:00+00:00, run_after=2023-02-02T00:00:00+00:00
[2023-02-01 16:25:17,492] {processor.py:161} INFO - Processing /c/Airflow/dags/Airflow2_0_De_0_a_Heroe/3_hooks_xcoms.py took 0.500 seconds
[2023-02-01 16:25:48,323] {processor.py:153} INFO - Started process (PID=13320) to work on /c/Airflow/dags/Airflow2_0_De_0_a_Heroe/3_hooks_xcoms.py
[2023-02-01 16:25:48,324] {processor.py:641} INFO - Processing file /c/Airflow/dags/Airflow2_0_De_0_a_Heroe/3_hooks_xcoms.py for tasks to queue
[2023-02-01 16:25:48,325] {logging_mixin.py:115} INFO - [2023-02-01 16:25:48,325] {dagbag.py:507} INFO - Filling up the DagBag from /c/Airflow/dags/Airflow2_0_De_0_a_Heroe/3_hooks_xcoms.py
[2023-02-01 16:25:48,799] {processor.py:651} INFO - DAG(s) dict_keys(['3_hooks_xcoms']) retrieved from /c/Airflow/dags/Airflow2_0_De_0_a_Heroe/3_hooks_xcoms.py
[2023-02-01 16:25:48,824] {logging_mixin.py:115} INFO - [2023-02-01 16:25:48,823] {dag.py:2371} INFO - Sync 1 DAGs
[2023-02-01 16:25:48,839] {logging_mixin.py:115} INFO - [2023-02-01 16:25:48,839] {dag.py:2915} INFO - Setting next_dagrun for 3_hooks_xcoms to 2023-02-01T00:00:00+00:00, run_after=2023-02-02T00:00:00+00:00
[2023-02-01 16:25:48,891] {processor.py:161} INFO - Processing /c/Airflow/dags/Airflow2_0_De_0_a_Heroe/3_hooks_xcoms.py took 0.570 seconds
[2023-02-01 16:26:19,318] {processor.py:153} INFO - Started process (PID=13340) to work on /c/Airflow/dags/Airflow2_0_De_0_a_Heroe/3_hooks_xcoms.py
[2023-02-01 16:26:19,319] {processor.py:641} INFO - Processing file /c/Airflow/dags/Airflow2_0_De_0_a_Heroe/3_hooks_xcoms.py for tasks to queue
[2023-02-01 16:26:19,320] {logging_mixin.py:115} INFO - [2023-02-01 16:26:19,320] {dagbag.py:507} INFO - Filling up the DagBag from /c/Airflow/dags/Airflow2_0_De_0_a_Heroe/3_hooks_xcoms.py
[2023-02-01 16:26:19,773] {processor.py:651} INFO - DAG(s) dict_keys(['3_hooks_xcoms']) retrieved from /c/Airflow/dags/Airflow2_0_De_0_a_Heroe/3_hooks_xcoms.py
[2023-02-01 16:26:19,794] {logging_mixin.py:115} INFO - [2023-02-01 16:26:19,794] {dag.py:2371} INFO - Sync 1 DAGs
[2023-02-01 16:26:19,811] {logging_mixin.py:115} INFO - [2023-02-01 16:26:19,811] {dag.py:2915} INFO - Setting next_dagrun for 3_hooks_xcoms to 2023-02-01T00:00:00+00:00, run_after=2023-02-02T00:00:00+00:00
[2023-02-01 16:26:19,862] {processor.py:161} INFO - Processing /c/Airflow/dags/Airflow2_0_De_0_a_Heroe/3_hooks_xcoms.py took 0.545 seconds
[2023-02-01 16:26:50,925] {processor.py:153} INFO - Started process (PID=13360) to work on /c/Airflow/dags/Airflow2_0_De_0_a_Heroe/3_hooks_xcoms.py
[2023-02-01 16:26:50,925] {processor.py:641} INFO - Processing file /c/Airflow/dags/Airflow2_0_De_0_a_Heroe/3_hooks_xcoms.py for tasks to queue
[2023-02-01 16:26:50,926] {logging_mixin.py:115} INFO - [2023-02-01 16:26:50,926] {dagbag.py:507} INFO - Filling up the DagBag from /c/Airflow/dags/Airflow2_0_De_0_a_Heroe/3_hooks_xcoms.py
[2023-02-01 16:26:51,390] {processor.py:651} INFO - DAG(s) dict_keys(['3_hooks_xcoms']) retrieved from /c/Airflow/dags/Airflow2_0_De_0_a_Heroe/3_hooks_xcoms.py
[2023-02-01 16:26:51,413] {logging_mixin.py:115} INFO - [2023-02-01 16:26:51,413] {dag.py:2371} INFO - Sync 1 DAGs
[2023-02-01 16:26:51,429] {logging_mixin.py:115} INFO - [2023-02-01 16:26:51,429] {dag.py:2915} INFO - Setting next_dagrun for 3_hooks_xcoms to 2023-02-01T00:00:00+00:00, run_after=2023-02-02T00:00:00+00:00
[2023-02-01 16:26:51,484] {processor.py:161} INFO - Processing /c/Airflow/dags/Airflow2_0_De_0_a_Heroe/3_hooks_xcoms.py took 0.562 seconds
[2023-02-01 16:27:22,063] {processor.py:153} INFO - Started process (PID=13380) to work on /c/Airflow/dags/Airflow2_0_De_0_a_Heroe/3_hooks_xcoms.py
[2023-02-01 16:27:22,064] {processor.py:641} INFO - Processing file /c/Airflow/dags/Airflow2_0_De_0_a_Heroe/3_hooks_xcoms.py for tasks to queue
[2023-02-01 16:27:22,065] {logging_mixin.py:115} INFO - [2023-02-01 16:27:22,065] {dagbag.py:507} INFO - Filling up the DagBag from /c/Airflow/dags/Airflow2_0_De_0_a_Heroe/3_hooks_xcoms.py
[2023-02-01 16:27:22,591] {processor.py:651} INFO - DAG(s) dict_keys(['3_hooks_xcoms']) retrieved from /c/Airflow/dags/Airflow2_0_De_0_a_Heroe/3_hooks_xcoms.py
[2023-02-01 16:27:22,630] {logging_mixin.py:115} INFO - [2023-02-01 16:27:22,630] {dag.py:2371} INFO - Sync 1 DAGs
[2023-02-01 16:27:22,663] {logging_mixin.py:115} INFO - [2023-02-01 16:27:22,663] {dag.py:2915} INFO - Setting next_dagrun for 3_hooks_xcoms to 2023-02-01T00:00:00+00:00, run_after=2023-02-02T00:00:00+00:00
[2023-02-01 16:27:22,721] {processor.py:161} INFO - Processing /c/Airflow/dags/Airflow2_0_De_0_a_Heroe/3_hooks_xcoms.py took 0.660 seconds
[2023-02-01 16:27:53,173] {processor.py:153} INFO - Started process (PID=13446) to work on /c/Airflow/dags/Airflow2_0_De_0_a_Heroe/3_hooks_xcoms.py
[2023-02-01 16:27:53,173] {processor.py:641} INFO - Processing file /c/Airflow/dags/Airflow2_0_De_0_a_Heroe/3_hooks_xcoms.py for tasks to queue
[2023-02-01 16:27:53,174] {logging_mixin.py:115} INFO - [2023-02-01 16:27:53,174] {dagbag.py:507} INFO - Filling up the DagBag from /c/Airflow/dags/Airflow2_0_De_0_a_Heroe/3_hooks_xcoms.py
[2023-02-01 16:27:53,648] {processor.py:651} INFO - DAG(s) dict_keys(['3_hooks_xcoms']) retrieved from /c/Airflow/dags/Airflow2_0_De_0_a_Heroe/3_hooks_xcoms.py
[2023-02-01 16:27:53,668] {logging_mixin.py:115} INFO - [2023-02-01 16:27:53,668] {dag.py:2371} INFO - Sync 1 DAGs
[2023-02-01 16:27:53,686] {logging_mixin.py:115} INFO - [2023-02-01 16:27:53,686] {dag.py:2915} INFO - Setting next_dagrun for 3_hooks_xcoms to 2023-02-01T00:00:00+00:00, run_after=2023-02-02T00:00:00+00:00
[2023-02-01 16:27:53,730] {processor.py:161} INFO - Processing /c/Airflow/dags/Airflow2_0_De_0_a_Heroe/3_hooks_xcoms.py took 0.559 seconds
[2023-02-01 16:28:24,340] {processor.py:153} INFO - Started process (PID=13466) to work on /c/Airflow/dags/Airflow2_0_De_0_a_Heroe/3_hooks_xcoms.py
[2023-02-01 16:28:24,341] {processor.py:641} INFO - Processing file /c/Airflow/dags/Airflow2_0_De_0_a_Heroe/3_hooks_xcoms.py for tasks to queue
[2023-02-01 16:28:24,342] {logging_mixin.py:115} INFO - [2023-02-01 16:28:24,342] {dagbag.py:507} INFO - Filling up the DagBag from /c/Airflow/dags/Airflow2_0_De_0_a_Heroe/3_hooks_xcoms.py
[2023-02-01 16:28:24,893] {processor.py:651} INFO - DAG(s) dict_keys(['3_hooks_xcoms']) retrieved from /c/Airflow/dags/Airflow2_0_De_0_a_Heroe/3_hooks_xcoms.py
[2023-02-01 16:28:24,921] {logging_mixin.py:115} INFO - [2023-02-01 16:28:24,921] {dag.py:2371} INFO - Sync 1 DAGs
[2023-02-01 16:28:24,939] {logging_mixin.py:115} INFO - [2023-02-01 16:28:24,939] {dag.py:2915} INFO - Setting next_dagrun for 3_hooks_xcoms to 2023-02-01T00:00:00+00:00, run_after=2023-02-02T00:00:00+00:00
[2023-02-01 16:28:24,992] {processor.py:161} INFO - Processing /c/Airflow/dags/Airflow2_0_De_0_a_Heroe/3_hooks_xcoms.py took 0.653 seconds
[2023-02-01 16:28:55,403] {processor.py:153} INFO - Started process (PID=13487) to work on /c/Airflow/dags/Airflow2_0_De_0_a_Heroe/3_hooks_xcoms.py
[2023-02-01 16:28:55,404] {processor.py:641} INFO - Processing file /c/Airflow/dags/Airflow2_0_De_0_a_Heroe/3_hooks_xcoms.py for tasks to queue
[2023-02-01 16:28:55,405] {logging_mixin.py:115} INFO - [2023-02-01 16:28:55,405] {dagbag.py:507} INFO - Filling up the DagBag from /c/Airflow/dags/Airflow2_0_De_0_a_Heroe/3_hooks_xcoms.py
[2023-02-01 16:28:55,846] {processor.py:651} INFO - DAG(s) dict_keys(['3_hooks_xcoms']) retrieved from /c/Airflow/dags/Airflow2_0_De_0_a_Heroe/3_hooks_xcoms.py
[2023-02-01 16:28:55,867] {logging_mixin.py:115} INFO - [2023-02-01 16:28:55,867] {dag.py:2371} INFO - Sync 1 DAGs
[2023-02-01 16:28:55,883] {logging_mixin.py:115} INFO - [2023-02-01 16:28:55,883] {dag.py:2915} INFO - Setting next_dagrun for 3_hooks_xcoms to 2023-02-01T00:00:00+00:00, run_after=2023-02-02T00:00:00+00:00
[2023-02-01 16:28:55,926] {processor.py:161} INFO - Processing /c/Airflow/dags/Airflow2_0_De_0_a_Heroe/3_hooks_xcoms.py took 0.524 seconds
[2023-02-01 16:29:26,412] {processor.py:153} INFO - Started process (PID=13535) to work on /c/Airflow/dags/Airflow2_0_De_0_a_Heroe/3_hooks_xcoms.py
[2023-02-01 16:29:26,413] {processor.py:641} INFO - Processing file /c/Airflow/dags/Airflow2_0_De_0_a_Heroe/3_hooks_xcoms.py for tasks to queue
[2023-02-01 16:29:26,414] {logging_mixin.py:115} INFO - [2023-02-01 16:29:26,414] {dagbag.py:507} INFO - Filling up the DagBag from /c/Airflow/dags/Airflow2_0_De_0_a_Heroe/3_hooks_xcoms.py
[2023-02-01 16:29:26,846] {processor.py:651} INFO - DAG(s) dict_keys(['3_hooks_xcoms']) retrieved from /c/Airflow/dags/Airflow2_0_De_0_a_Heroe/3_hooks_xcoms.py
[2023-02-01 16:29:26,867] {logging_mixin.py:115} INFO - [2023-02-01 16:29:26,867] {dag.py:2371} INFO - Sync 1 DAGs
[2023-02-01 16:29:26,883] {logging_mixin.py:115} INFO - [2023-02-01 16:29:26,883] {dag.py:2915} INFO - Setting next_dagrun for 3_hooks_xcoms to 2023-02-01T00:00:00+00:00, run_after=2023-02-02T00:00:00+00:00
[2023-02-01 16:29:26,931] {processor.py:161} INFO - Processing /c/Airflow/dags/Airflow2_0_De_0_a_Heroe/3_hooks_xcoms.py took 0.521 seconds
[2023-02-01 16:29:57,630] {processor.py:153} INFO - Started process (PID=13555) to work on /c/Airflow/dags/Airflow2_0_De_0_a_Heroe/3_hooks_xcoms.py
[2023-02-01 16:29:57,631] {processor.py:641} INFO - Processing file /c/Airflow/dags/Airflow2_0_De_0_a_Heroe/3_hooks_xcoms.py for tasks to queue
[2023-02-01 16:29:57,632] {logging_mixin.py:115} INFO - [2023-02-01 16:29:57,632] {dagbag.py:507} INFO - Filling up the DagBag from /c/Airflow/dags/Airflow2_0_De_0_a_Heroe/3_hooks_xcoms.py
[2023-02-01 16:29:58,045] {processor.py:651} INFO - DAG(s) dict_keys(['3_hooks_xcoms']) retrieved from /c/Airflow/dags/Airflow2_0_De_0_a_Heroe/3_hooks_xcoms.py
[2023-02-01 16:29:58,067] {logging_mixin.py:115} INFO - [2023-02-01 16:29:58,067] {dag.py:2371} INFO - Sync 1 DAGs
[2023-02-01 16:29:58,082] {logging_mixin.py:115} INFO - [2023-02-01 16:29:58,082] {dag.py:2915} INFO - Setting next_dagrun for 3_hooks_xcoms to 2023-02-01T00:00:00+00:00, run_after=2023-02-02T00:00:00+00:00
[2023-02-01 16:29:58,125] {processor.py:161} INFO - Processing /c/Airflow/dags/Airflow2_0_De_0_a_Heroe/3_hooks_xcoms.py took 0.497 seconds
[2023-02-01 17:43:19,366] {processor.py:153} INFO - Started process (PID=13609) to work on /c/Airflow/dags/Airflow2_0_De_0_a_Heroe/3_hooks_xcoms.py
[2023-02-01 17:43:19,367] {processor.py:641} INFO - Processing file /c/Airflow/dags/Airflow2_0_De_0_a_Heroe/3_hooks_xcoms.py for tasks to queue
[2023-02-01 17:43:19,368] {logging_mixin.py:115} INFO - [2023-02-01 17:43:19,368] {dagbag.py:507} INFO - Filling up the DagBag from /c/Airflow/dags/Airflow2_0_De_0_a_Heroe/3_hooks_xcoms.py
[2023-02-01 17:43:19,792] {processor.py:651} INFO - DAG(s) dict_keys(['3_hooks_xcoms']) retrieved from /c/Airflow/dags/Airflow2_0_De_0_a_Heroe/3_hooks_xcoms.py
[2023-02-01 17:43:19,819] {logging_mixin.py:115} INFO - [2023-02-01 17:43:19,818] {dag.py:2371} INFO - Sync 1 DAGs
[2023-02-01 17:43:19,837] {logging_mixin.py:115} INFO - [2023-02-01 17:43:19,837] {dag.py:2915} INFO - Setting next_dagrun for 3_hooks_xcoms to 2023-02-01T00:00:00+00:00, run_after=2023-02-02T00:00:00+00:00
[2023-02-01 17:43:19,891] {processor.py:161} INFO - Processing /c/Airflow/dags/Airflow2_0_De_0_a_Heroe/3_hooks_xcoms.py took 0.527 seconds
[2023-02-01 17:43:50,302] {processor.py:153} INFO - Started process (PID=13629) to work on /c/Airflow/dags/Airflow2_0_De_0_a_Heroe/3_hooks_xcoms.py
[2023-02-01 17:43:50,303] {processor.py:641} INFO - Processing file /c/Airflow/dags/Airflow2_0_De_0_a_Heroe/3_hooks_xcoms.py for tasks to queue
[2023-02-01 17:43:50,304] {logging_mixin.py:115} INFO - [2023-02-01 17:43:50,304] {dagbag.py:507} INFO - Filling up the DagBag from /c/Airflow/dags/Airflow2_0_De_0_a_Heroe/3_hooks_xcoms.py
[2023-02-01 17:43:50,742] {processor.py:651} INFO - DAG(s) dict_keys(['3_hooks_xcoms']) retrieved from /c/Airflow/dags/Airflow2_0_De_0_a_Heroe/3_hooks_xcoms.py
[2023-02-01 17:43:50,766] {logging_mixin.py:115} INFO - [2023-02-01 17:43:50,766] {dag.py:2371} INFO - Sync 1 DAGs
[2023-02-01 17:43:50,785] {logging_mixin.py:115} INFO - [2023-02-01 17:43:50,785] {dag.py:2915} INFO - Setting next_dagrun for 3_hooks_xcoms to 2023-02-01T00:00:00+00:00, run_after=2023-02-02T00:00:00+00:00
[2023-02-01 17:43:50,837] {processor.py:161} INFO - Processing /c/Airflow/dags/Airflow2_0_De_0_a_Heroe/3_hooks_xcoms.py took 0.537 seconds
[2023-02-01 17:44:22,030] {processor.py:153} INFO - Started process (PID=13649) to work on /c/Airflow/dags/Airflow2_0_De_0_a_Heroe/3_hooks_xcoms.py
[2023-02-01 17:44:22,030] {processor.py:641} INFO - Processing file /c/Airflow/dags/Airflow2_0_De_0_a_Heroe/3_hooks_xcoms.py for tasks to queue
[2023-02-01 17:44:22,031] {logging_mixin.py:115} INFO - [2023-02-01 17:44:22,031] {dagbag.py:507} INFO - Filling up the DagBag from /c/Airflow/dags/Airflow2_0_De_0_a_Heroe/3_hooks_xcoms.py
[2023-02-01 17:44:22,453] {processor.py:651} INFO - DAG(s) dict_keys(['3_hooks_xcoms']) retrieved from /c/Airflow/dags/Airflow2_0_De_0_a_Heroe/3_hooks_xcoms.py
[2023-02-01 17:44:22,474] {logging_mixin.py:115} INFO - [2023-02-01 17:44:22,474] {dag.py:2371} INFO - Sync 1 DAGs
[2023-02-01 17:44:22,490] {logging_mixin.py:115} INFO - [2023-02-01 17:44:22,490] {dag.py:2915} INFO - Setting next_dagrun for 3_hooks_xcoms to 2023-02-01T00:00:00+00:00, run_after=2023-02-02T00:00:00+00:00
[2023-02-01 17:44:22,531] {processor.py:161} INFO - Processing /c/Airflow/dags/Airflow2_0_De_0_a_Heroe/3_hooks_xcoms.py took 0.503 seconds
[2023-02-01 17:44:53,029] {processor.py:153} INFO - Started process (PID=13715) to work on /c/Airflow/dags/Airflow2_0_De_0_a_Heroe/3_hooks_xcoms.py
[2023-02-01 17:44:53,029] {processor.py:641} INFO - Processing file /c/Airflow/dags/Airflow2_0_De_0_a_Heroe/3_hooks_xcoms.py for tasks to queue
[2023-02-01 17:44:53,030] {logging_mixin.py:115} INFO - [2023-02-01 17:44:53,030] {dagbag.py:507} INFO - Filling up the DagBag from /c/Airflow/dags/Airflow2_0_De_0_a_Heroe/3_hooks_xcoms.py
[2023-02-01 17:44:53,432] {processor.py:651} INFO - DAG(s) dict_keys(['3_hooks_xcoms']) retrieved from /c/Airflow/dags/Airflow2_0_De_0_a_Heroe/3_hooks_xcoms.py
[2023-02-01 17:44:53,450] {logging_mixin.py:115} INFO - [2023-02-01 17:44:53,450] {dag.py:2371} INFO - Sync 1 DAGs
[2023-02-01 17:44:53,465] {logging_mixin.py:115} INFO - [2023-02-01 17:44:53,465] {dag.py:2915} INFO - Setting next_dagrun for 3_hooks_xcoms to 2023-02-01T00:00:00+00:00, run_after=2023-02-02T00:00:00+00:00
[2023-02-01 17:44:53,508] {processor.py:161} INFO - Processing /c/Airflow/dags/Airflow2_0_De_0_a_Heroe/3_hooks_xcoms.py took 0.481 seconds
[2023-02-01 17:45:24,387] {processor.py:153} INFO - Started process (PID=13735) to work on /c/Airflow/dags/Airflow2_0_De_0_a_Heroe/3_hooks_xcoms.py
[2023-02-01 17:45:24,387] {processor.py:641} INFO - Processing file /c/Airflow/dags/Airflow2_0_De_0_a_Heroe/3_hooks_xcoms.py for tasks to queue
[2023-02-01 17:45:24,388] {logging_mixin.py:115} INFO - [2023-02-01 17:45:24,388] {dagbag.py:507} INFO - Filling up the DagBag from /c/Airflow/dags/Airflow2_0_De_0_a_Heroe/3_hooks_xcoms.py
[2023-02-01 17:45:24,818] {processor.py:651} INFO - DAG(s) dict_keys(['3_hooks_xcoms']) retrieved from /c/Airflow/dags/Airflow2_0_De_0_a_Heroe/3_hooks_xcoms.py
[2023-02-01 17:45:24,846] {logging_mixin.py:115} INFO - [2023-02-01 17:45:24,846] {dag.py:2371} INFO - Sync 1 DAGs
[2023-02-01 17:45:24,868] {logging_mixin.py:115} INFO - [2023-02-01 17:45:24,868] {dag.py:2915} INFO - Setting next_dagrun for 3_hooks_xcoms to 2023-02-01T00:00:00+00:00, run_after=2023-02-02T00:00:00+00:00
[2023-02-01 17:45:24,911] {processor.py:161} INFO - Processing /c/Airflow/dags/Airflow2_0_De_0_a_Heroe/3_hooks_xcoms.py took 0.526 seconds
[2023-02-01 17:45:55,643] {processor.py:153} INFO - Started process (PID=13801) to work on /c/Airflow/dags/Airflow2_0_De_0_a_Heroe/3_hooks_xcoms.py
[2023-02-01 17:45:55,644] {processor.py:641} INFO - Processing file /c/Airflow/dags/Airflow2_0_De_0_a_Heroe/3_hooks_xcoms.py for tasks to queue
[2023-02-01 17:45:55,644] {logging_mixin.py:115} INFO - [2023-02-01 17:45:55,644] {dagbag.py:507} INFO - Filling up the DagBag from /c/Airflow/dags/Airflow2_0_De_0_a_Heroe/3_hooks_xcoms.py
[2023-02-01 17:45:56,021] {processor.py:651} INFO - DAG(s) dict_keys(['3_hooks_xcoms']) retrieved from /c/Airflow/dags/Airflow2_0_De_0_a_Heroe/3_hooks_xcoms.py
[2023-02-01 17:45:56,037] {logging_mixin.py:115} INFO - [2023-02-01 17:45:56,037] {dag.py:2371} INFO - Sync 1 DAGs
[2023-02-01 17:45:56,051] {logging_mixin.py:115} INFO - [2023-02-01 17:45:56,051] {dag.py:2915} INFO - Setting next_dagrun for 3_hooks_xcoms to 2023-02-01T00:00:00+00:00, run_after=2023-02-02T00:00:00+00:00
[2023-02-01 17:45:56,106] {processor.py:161} INFO - Processing /c/Airflow/dags/Airflow2_0_De_0_a_Heroe/3_hooks_xcoms.py took 0.465 seconds
[2023-02-01 17:46:26,961] {processor.py:153} INFO - Started process (PID=13821) to work on /c/Airflow/dags/Airflow2_0_De_0_a_Heroe/3_hooks_xcoms.py
[2023-02-01 17:46:26,961] {processor.py:641} INFO - Processing file /c/Airflow/dags/Airflow2_0_De_0_a_Heroe/3_hooks_xcoms.py for tasks to queue
[2023-02-01 17:46:26,962] {logging_mixin.py:115} INFO - [2023-02-01 17:46:26,962] {dagbag.py:507} INFO - Filling up the DagBag from /c/Airflow/dags/Airflow2_0_De_0_a_Heroe/3_hooks_xcoms.py
[2023-02-01 17:46:27,371] {processor.py:651} INFO - DAG(s) dict_keys(['3_hooks_xcoms']) retrieved from /c/Airflow/dags/Airflow2_0_De_0_a_Heroe/3_hooks_xcoms.py
[2023-02-01 17:46:27,389] {logging_mixin.py:115} INFO - [2023-02-01 17:46:27,389] {dag.py:2371} INFO - Sync 1 DAGs
[2023-02-01 17:46:27,407] {logging_mixin.py:115} INFO - [2023-02-01 17:46:27,407] {dag.py:2915} INFO - Setting next_dagrun for 3_hooks_xcoms to 2023-02-01T00:00:00+00:00, run_after=2023-02-02T00:00:00+00:00
[2023-02-01 17:46:27,452] {processor.py:161} INFO - Processing /c/Airflow/dags/Airflow2_0_De_0_a_Heroe/3_hooks_xcoms.py took 0.493 seconds
[2023-02-01 17:46:57,841] {processor.py:153} INFO - Started process (PID=13841) to work on /c/Airflow/dags/Airflow2_0_De_0_a_Heroe/3_hooks_xcoms.py
[2023-02-01 17:46:57,842] {processor.py:641} INFO - Processing file /c/Airflow/dags/Airflow2_0_De_0_a_Heroe/3_hooks_xcoms.py for tasks to queue
[2023-02-01 17:46:57,843] {logging_mixin.py:115} INFO - [2023-02-01 17:46:57,843] {dagbag.py:507} INFO - Filling up the DagBag from /c/Airflow/dags/Airflow2_0_De_0_a_Heroe/3_hooks_xcoms.py
[2023-02-01 17:46:58,254] {processor.py:651} INFO - DAG(s) dict_keys(['3_hooks_xcoms']) retrieved from /c/Airflow/dags/Airflow2_0_De_0_a_Heroe/3_hooks_xcoms.py
[2023-02-01 17:46:58,274] {logging_mixin.py:115} INFO - [2023-02-01 17:46:58,274] {dag.py:2371} INFO - Sync 1 DAGs
[2023-02-01 17:46:58,289] {logging_mixin.py:115} INFO - [2023-02-01 17:46:58,289] {dag.py:2915} INFO - Setting next_dagrun for 3_hooks_xcoms to 2023-02-01T00:00:00+00:00, run_after=2023-02-02T00:00:00+00:00
[2023-02-01 17:46:58,333] {processor.py:161} INFO - Processing /c/Airflow/dags/Airflow2_0_De_0_a_Heroe/3_hooks_xcoms.py took 0.493 seconds
[2023-02-01 17:51:16,640] {processor.py:153} INFO - Started process (PID=14008) to work on /c/Airflow/dags/Airflow2_0_De_0_a_Heroe/3_hooks_xcoms.py
[2023-02-01 17:51:16,640] {processor.py:641} INFO - Processing file /c/Airflow/dags/Airflow2_0_De_0_a_Heroe/3_hooks_xcoms.py for tasks to queue
[2023-02-01 17:51:16,641] {logging_mixin.py:115} INFO - [2023-02-01 17:51:16,641] {dagbag.py:507} INFO - Filling up the DagBag from /c/Airflow/dags/Airflow2_0_De_0_a_Heroe/3_hooks_xcoms.py
[2023-02-01 17:51:17,127] {processor.py:651} INFO - DAG(s) dict_keys(['3_hooks_xcoms']) retrieved from /c/Airflow/dags/Airflow2_0_De_0_a_Heroe/3_hooks_xcoms.py
[2023-02-01 17:51:17,143] {logging_mixin.py:115} INFO - [2023-02-01 17:51:17,143] {dag.py:2371} INFO - Sync 1 DAGs
[2023-02-01 17:51:17,156] {logging_mixin.py:115} INFO - [2023-02-01 17:51:17,156] {dag.py:2915} INFO - Setting next_dagrun for 3_hooks_xcoms to 2023-02-01T00:00:00+00:00, run_after=2023-02-02T00:00:00+00:00
[2023-02-01 17:51:17,194] {processor.py:161} INFO - Processing /c/Airflow/dags/Airflow2_0_De_0_a_Heroe/3_hooks_xcoms.py took 0.556 seconds
[2023-02-01 17:51:48,485] {processor.py:153} INFO - Started process (PID=14028) to work on /c/Airflow/dags/Airflow2_0_De_0_a_Heroe/3_hooks_xcoms.py
[2023-02-01 17:51:48,486] {processor.py:641} INFO - Processing file /c/Airflow/dags/Airflow2_0_De_0_a_Heroe/3_hooks_xcoms.py for tasks to queue
[2023-02-01 17:51:48,487] {logging_mixin.py:115} INFO - [2023-02-01 17:51:48,487] {dagbag.py:507} INFO - Filling up the DagBag from /c/Airflow/dags/Airflow2_0_De_0_a_Heroe/3_hooks_xcoms.py
[2023-02-01 17:51:48,944] {processor.py:651} INFO - DAG(s) dict_keys(['3_hooks_xcoms']) retrieved from /c/Airflow/dags/Airflow2_0_De_0_a_Heroe/3_hooks_xcoms.py
[2023-02-01 17:51:48,960] {logging_mixin.py:115} INFO - [2023-02-01 17:51:48,960] {dag.py:2371} INFO - Sync 1 DAGs
[2023-02-01 17:51:48,974] {logging_mixin.py:115} INFO - [2023-02-01 17:51:48,974] {dag.py:2915} INFO - Setting next_dagrun for 3_hooks_xcoms to 2023-02-01T00:00:00+00:00, run_after=2023-02-02T00:00:00+00:00
[2023-02-01 17:51:49,018] {processor.py:161} INFO - Processing /c/Airflow/dags/Airflow2_0_De_0_a_Heroe/3_hooks_xcoms.py took 0.535 seconds
[2023-02-01 17:52:19,283] {processor.py:153} INFO - Started process (PID=14048) to work on /c/Airflow/dags/Airflow2_0_De_0_a_Heroe/3_hooks_xcoms.py
[2023-02-01 17:52:19,284] {processor.py:641} INFO - Processing file /c/Airflow/dags/Airflow2_0_De_0_a_Heroe/3_hooks_xcoms.py for tasks to queue
[2023-02-01 17:52:19,284] {logging_mixin.py:115} INFO - [2023-02-01 17:52:19,284] {dagbag.py:507} INFO - Filling up the DagBag from /c/Airflow/dags/Airflow2_0_De_0_a_Heroe/3_hooks_xcoms.py
[2023-02-01 17:52:19,740] {processor.py:651} INFO - DAG(s) dict_keys(['3_hooks_xcoms']) retrieved from /c/Airflow/dags/Airflow2_0_De_0_a_Heroe/3_hooks_xcoms.py
[2023-02-01 17:52:19,758] {logging_mixin.py:115} INFO - [2023-02-01 17:52:19,758] {dag.py:2371} INFO - Sync 1 DAGs
[2023-02-01 17:52:19,772] {logging_mixin.py:115} INFO - [2023-02-01 17:52:19,772] {dag.py:2915} INFO - Setting next_dagrun for 3_hooks_xcoms to 2023-02-01T00:00:00+00:00, run_after=2023-02-02T00:00:00+00:00
[2023-02-01 17:52:19,812] {processor.py:161} INFO - Processing /c/Airflow/dags/Airflow2_0_De_0_a_Heroe/3_hooks_xcoms.py took 0.531 seconds
[2023-02-01 17:52:50,122] {processor.py:153} INFO - Started process (PID=14068) to work on /c/Airflow/dags/Airflow2_0_De_0_a_Heroe/3_hooks_xcoms.py
[2023-02-01 17:52:50,123] {processor.py:641} INFO - Processing file /c/Airflow/dags/Airflow2_0_De_0_a_Heroe/3_hooks_xcoms.py for tasks to queue
[2023-02-01 17:52:50,123] {logging_mixin.py:115} INFO - [2023-02-01 17:52:50,123] {dagbag.py:507} INFO - Filling up the DagBag from /c/Airflow/dags/Airflow2_0_De_0_a_Heroe/3_hooks_xcoms.py
[2023-02-01 17:52:50,646] {processor.py:651} INFO - DAG(s) dict_keys(['3_hooks_xcoms']) retrieved from /c/Airflow/dags/Airflow2_0_De_0_a_Heroe/3_hooks_xcoms.py
[2023-02-01 17:52:50,666] {logging_mixin.py:115} INFO - [2023-02-01 17:52:50,666] {dag.py:2371} INFO - Sync 1 DAGs
[2023-02-01 17:52:50,681] {logging_mixin.py:115} INFO - [2023-02-01 17:52:50,681] {dag.py:2915} INFO - Setting next_dagrun for 3_hooks_xcoms to 2023-02-01T00:00:00+00:00, run_after=2023-02-02T00:00:00+00:00
[2023-02-01 17:52:50,715] {processor.py:161} INFO - Processing /c/Airflow/dags/Airflow2_0_De_0_a_Heroe/3_hooks_xcoms.py took 0.596 seconds
[2023-02-01 17:53:21,999] {processor.py:153} INFO - Started process (PID=14088) to work on /c/Airflow/dags/Airflow2_0_De_0_a_Heroe/3_hooks_xcoms.py
[2023-02-01 17:53:21,999] {processor.py:641} INFO - Processing file /c/Airflow/dags/Airflow2_0_De_0_a_Heroe/3_hooks_xcoms.py for tasks to queue
[2023-02-01 17:53:22,000] {logging_mixin.py:115} INFO - [2023-02-01 17:53:22,000] {dagbag.py:507} INFO - Filling up the DagBag from /c/Airflow/dags/Airflow2_0_De_0_a_Heroe/3_hooks_xcoms.py
[2023-02-01 17:53:22,469] {processor.py:651} INFO - DAG(s) dict_keys(['3_hooks_xcoms']) retrieved from /c/Airflow/dags/Airflow2_0_De_0_a_Heroe/3_hooks_xcoms.py
[2023-02-01 17:53:22,486] {logging_mixin.py:115} INFO - [2023-02-01 17:53:22,486] {dag.py:2371} INFO - Sync 1 DAGs
[2023-02-01 17:53:22,499] {logging_mixin.py:115} INFO - [2023-02-01 17:53:22,499] {dag.py:2915} INFO - Setting next_dagrun for 3_hooks_xcoms to 2023-02-01T00:00:00+00:00, run_after=2023-02-02T00:00:00+00:00
[2023-02-01 17:53:22,538] {processor.py:161} INFO - Processing /c/Airflow/dags/Airflow2_0_De_0_a_Heroe/3_hooks_xcoms.py took 0.541 seconds
[2023-02-01 17:57:41,337] {processor.py:153} INFO - Started process (PID=14201) to work on /c/Airflow/dags/Airflow2_0_De_0_a_Heroe/3_hooks_xcoms.py
[2023-02-01 17:57:41,338] {processor.py:641} INFO - Processing file /c/Airflow/dags/Airflow2_0_De_0_a_Heroe/3_hooks_xcoms.py for tasks to queue
[2023-02-01 17:57:41,338] {logging_mixin.py:115} INFO - [2023-02-01 17:57:41,338] {dagbag.py:507} INFO - Filling up the DagBag from /c/Airflow/dags/Airflow2_0_De_0_a_Heroe/3_hooks_xcoms.py
[2023-02-01 17:57:41,779] {processor.py:651} INFO - DAG(s) dict_keys(['3_hooks_xcoms']) retrieved from /c/Airflow/dags/Airflow2_0_De_0_a_Heroe/3_hooks_xcoms.py
[2023-02-01 17:57:41,800] {logging_mixin.py:115} INFO - [2023-02-01 17:57:41,800] {dag.py:2371} INFO - Sync 1 DAGs
[2023-02-01 17:57:41,815] {logging_mixin.py:115} INFO - [2023-02-01 17:57:41,814] {dag.py:2915} INFO - Setting next_dagrun for 3_hooks_xcoms to 2023-02-01T00:00:00+00:00, run_after=2023-02-02T00:00:00+00:00
[2023-02-01 17:57:41,857] {processor.py:161} INFO - Processing /c/Airflow/dags/Airflow2_0_De_0_a_Heroe/3_hooks_xcoms.py took 0.522 seconds
[2023-02-01 17:58:12,977] {processor.py:153} INFO - Started process (PID=14221) to work on /c/Airflow/dags/Airflow2_0_De_0_a_Heroe/3_hooks_xcoms.py
[2023-02-01 17:58:12,978] {processor.py:641} INFO - Processing file /c/Airflow/dags/Airflow2_0_De_0_a_Heroe/3_hooks_xcoms.py for tasks to queue
[2023-02-01 17:58:12,979] {logging_mixin.py:115} INFO - [2023-02-01 17:58:12,979] {dagbag.py:507} INFO - Filling up the DagBag from /c/Airflow/dags/Airflow2_0_De_0_a_Heroe/3_hooks_xcoms.py
[2023-02-01 17:58:13,426] {processor.py:651} INFO - DAG(s) dict_keys(['3_hooks_xcoms']) retrieved from /c/Airflow/dags/Airflow2_0_De_0_a_Heroe/3_hooks_xcoms.py
[2023-02-01 17:58:13,445] {logging_mixin.py:115} INFO - [2023-02-01 17:58:13,444] {dag.py:2371} INFO - Sync 1 DAGs
[2023-02-01 17:58:13,457] {logging_mixin.py:115} INFO - [2023-02-01 17:58:13,457] {dag.py:2915} INFO - Setting next_dagrun for 3_hooks_xcoms to 2023-02-01T00:00:00+00:00, run_after=2023-02-02T00:00:00+00:00
[2023-02-01 17:58:13,493] {processor.py:161} INFO - Processing /c/Airflow/dags/Airflow2_0_De_0_a_Heroe/3_hooks_xcoms.py took 0.518 seconds
[2023-02-01 17:58:43,833] {processor.py:153} INFO - Started process (PID=14241) to work on /c/Airflow/dags/Airflow2_0_De_0_a_Heroe/3_hooks_xcoms.py
[2023-02-01 17:58:43,834] {processor.py:641} INFO - Processing file /c/Airflow/dags/Airflow2_0_De_0_a_Heroe/3_hooks_xcoms.py for tasks to queue
[2023-02-01 17:58:43,835] {logging_mixin.py:115} INFO - [2023-02-01 17:58:43,835] {dagbag.py:507} INFO - Filling up the DagBag from /c/Airflow/dags/Airflow2_0_De_0_a_Heroe/3_hooks_xcoms.py
[2023-02-01 17:58:44,307] {processor.py:651} INFO - DAG(s) dict_keys(['3_hooks_xcoms']) retrieved from /c/Airflow/dags/Airflow2_0_De_0_a_Heroe/3_hooks_xcoms.py
[2023-02-01 17:58:44,331] {logging_mixin.py:115} INFO - [2023-02-01 17:58:44,331] {dag.py:2371} INFO - Sync 1 DAGs
[2023-02-01 17:58:44,347] {logging_mixin.py:115} INFO - [2023-02-01 17:58:44,347] {dag.py:2915} INFO - Setting next_dagrun for 3_hooks_xcoms to 2023-02-01T00:00:00+00:00, run_after=2023-02-02T00:00:00+00:00
[2023-02-01 17:58:44,383] {processor.py:161} INFO - Processing /c/Airflow/dags/Airflow2_0_De_0_a_Heroe/3_hooks_xcoms.py took 0.552 seconds
[2023-02-01 17:59:15,100] {processor.py:153} INFO - Started process (PID=14261) to work on /c/Airflow/dags/Airflow2_0_De_0_a_Heroe/3_hooks_xcoms.py
[2023-02-01 17:59:15,100] {processor.py:641} INFO - Processing file /c/Airflow/dags/Airflow2_0_De_0_a_Heroe/3_hooks_xcoms.py for tasks to queue
[2023-02-01 17:59:15,101] {logging_mixin.py:115} INFO - [2023-02-01 17:59:15,101] {dagbag.py:507} INFO - Filling up the DagBag from /c/Airflow/dags/Airflow2_0_De_0_a_Heroe/3_hooks_xcoms.py
[2023-02-01 17:59:15,582] {processor.py:651} INFO - DAG(s) dict_keys(['3_hooks_xcoms']) retrieved from /c/Airflow/dags/Airflow2_0_De_0_a_Heroe/3_hooks_xcoms.py
[2023-02-01 17:59:15,600] {logging_mixin.py:115} INFO - [2023-02-01 17:59:15,599] {dag.py:2371} INFO - Sync 1 DAGs
[2023-02-01 17:59:15,614] {logging_mixin.py:115} INFO - [2023-02-01 17:59:15,614] {dag.py:2915} INFO - Setting next_dagrun for 3_hooks_xcoms to 2023-02-01T00:00:00+00:00, run_after=2023-02-02T00:00:00+00:00
[2023-02-01 17:59:15,652] {processor.py:161} INFO - Processing /c/Airflow/dags/Airflow2_0_De_0_a_Heroe/3_hooks_xcoms.py took 0.554 seconds
[2023-02-01 17:59:46,315] {processor.py:153} INFO - Started process (PID=14281) to work on /c/Airflow/dags/Airflow2_0_De_0_a_Heroe/3_hooks_xcoms.py
[2023-02-01 17:59:46,316] {processor.py:641} INFO - Processing file /c/Airflow/dags/Airflow2_0_De_0_a_Heroe/3_hooks_xcoms.py for tasks to queue
[2023-02-01 17:59:46,317] {logging_mixin.py:115} INFO - [2023-02-01 17:59:46,317] {dagbag.py:507} INFO - Filling up the DagBag from /c/Airflow/dags/Airflow2_0_De_0_a_Heroe/3_hooks_xcoms.py
[2023-02-01 17:59:46,862] {processor.py:651} INFO - DAG(s) dict_keys(['3_hooks_xcoms']) retrieved from /c/Airflow/dags/Airflow2_0_De_0_a_Heroe/3_hooks_xcoms.py
[2023-02-01 17:59:46,884] {logging_mixin.py:115} INFO - [2023-02-01 17:59:46,884] {dag.py:2371} INFO - Sync 1 DAGs
[2023-02-01 17:59:46,900] {logging_mixin.py:115} INFO - [2023-02-01 17:59:46,900] {dag.py:2915} INFO - Setting next_dagrun for 3_hooks_xcoms to 2023-02-01T00:00:00+00:00, run_after=2023-02-02T00:00:00+00:00
[2023-02-01 17:59:46,947] {processor.py:161} INFO - Processing /c/Airflow/dags/Airflow2_0_De_0_a_Heroe/3_hooks_xcoms.py took 0.635 seconds
