[2023-02-01 15:56:53,415] {processor.py:153} INFO - Started process (PID=12076) to work on /c/Airflow/dags/Airflow2_0_De_0_a_Heroe/5_variables.py
[2023-02-01 15:56:53,416] {processor.py:641} INFO - Processing file /c/Airflow/dags/Airflow2_0_De_0_a_Heroe/5_variables.py for tasks to queue
[2023-02-01 15:56:53,417] {logging_mixin.py:115} INFO - [2023-02-01 15:56:53,417] {dagbag.py:507} INFO - Filling up the DagBag from /c/Airflow/dags/Airflow2_0_De_0_a_Heroe/5_variables.py
[2023-02-01 15:56:53,886] {processor.py:651} INFO - DAG(s) dict_keys(['5_variables']) retrieved from /c/Airflow/dags/Airflow2_0_De_0_a_Heroe/5_variables.py
[2023-02-01 15:56:53,931] {logging_mixin.py:115} INFO - [2023-02-01 15:56:53,931] {dag.py:2371} INFO - Sync 1 DAGs
[2023-02-01 15:56:53,946] {logging_mixin.py:115} INFO - [2023-02-01 15:56:53,946] {dag.py:2915} INFO - Setting next_dagrun for 5_variables to 2023-02-01T00:00:00+00:00, run_after=2023-02-02T00:00:00+00:00
[2023-02-01 15:56:53,996] {processor.py:161} INFO - Processing /c/Airflow/dags/Airflow2_0_De_0_a_Heroe/5_variables.py took 0.583 seconds
[2023-02-01 15:57:25,074] {processor.py:153} INFO - Started process (PID=12096) to work on /c/Airflow/dags/Airflow2_0_De_0_a_Heroe/5_variables.py
[2023-02-01 15:57:25,074] {processor.py:641} INFO - Processing file /c/Airflow/dags/Airflow2_0_De_0_a_Heroe/5_variables.py for tasks to queue
[2023-02-01 15:57:25,075] {logging_mixin.py:115} INFO - [2023-02-01 15:57:25,075] {dagbag.py:507} INFO - Filling up the DagBag from /c/Airflow/dags/Airflow2_0_De_0_a_Heroe/5_variables.py
[2023-02-01 15:57:25,504] {processor.py:651} INFO - DAG(s) dict_keys(['5_variables']) retrieved from /c/Airflow/dags/Airflow2_0_De_0_a_Heroe/5_variables.py
[2023-02-01 15:57:25,520] {logging_mixin.py:115} INFO - [2023-02-01 15:57:25,520] {dag.py:2371} INFO - Sync 1 DAGs
[2023-02-01 15:57:25,536] {logging_mixin.py:115} INFO - [2023-02-01 15:57:25,536] {dag.py:2915} INFO - Setting next_dagrun for 5_variables to 2023-02-01T00:00:00+00:00, run_after=2023-02-02T00:00:00+00:00
[2023-02-01 15:57:25,576] {processor.py:161} INFO - Processing /c/Airflow/dags/Airflow2_0_De_0_a_Heroe/5_variables.py took 0.505 seconds
[2023-02-01 15:57:56,548] {processor.py:153} INFO - Started process (PID=12116) to work on /c/Airflow/dags/Airflow2_0_De_0_a_Heroe/5_variables.py
[2023-02-01 15:57:56,549] {processor.py:641} INFO - Processing file /c/Airflow/dags/Airflow2_0_De_0_a_Heroe/5_variables.py for tasks to queue
[2023-02-01 15:57:56,550] {logging_mixin.py:115} INFO - [2023-02-01 15:57:56,550] {dagbag.py:507} INFO - Filling up the DagBag from /c/Airflow/dags/Airflow2_0_De_0_a_Heroe/5_variables.py
[2023-02-01 15:57:56,968] {processor.py:651} INFO - DAG(s) dict_keys(['5_variables']) retrieved from /c/Airflow/dags/Airflow2_0_De_0_a_Heroe/5_variables.py
[2023-02-01 15:57:56,983] {logging_mixin.py:115} INFO - [2023-02-01 15:57:56,983] {dag.py:2371} INFO - Sync 1 DAGs
[2023-02-01 15:57:56,999] {logging_mixin.py:115} INFO - [2023-02-01 15:57:56,999] {dag.py:2915} INFO - Setting next_dagrun for 5_variables to 2023-02-01T00:00:00+00:00, run_after=2023-02-02T00:00:00+00:00
[2023-02-01 15:57:57,046] {processor.py:161} INFO - Processing /c/Airflow/dags/Airflow2_0_De_0_a_Heroe/5_variables.py took 0.500 seconds
[2023-02-01 15:58:27,379] {processor.py:153} INFO - Started process (PID=12136) to work on /c/Airflow/dags/Airflow2_0_De_0_a_Heroe/5_variables.py
[2023-02-01 15:58:27,379] {processor.py:641} INFO - Processing file /c/Airflow/dags/Airflow2_0_De_0_a_Heroe/5_variables.py for tasks to queue
[2023-02-01 15:58:27,380] {logging_mixin.py:115} INFO - [2023-02-01 15:58:27,380] {dagbag.py:507} INFO - Filling up the DagBag from /c/Airflow/dags/Airflow2_0_De_0_a_Heroe/5_variables.py
[2023-02-01 15:58:27,818] {processor.py:651} INFO - DAG(s) dict_keys(['5_variables']) retrieved from /c/Airflow/dags/Airflow2_0_De_0_a_Heroe/5_variables.py
[2023-02-01 15:58:27,837] {logging_mixin.py:115} INFO - [2023-02-01 15:58:27,837] {dag.py:2371} INFO - Sync 1 DAGs
[2023-02-01 15:58:27,853] {logging_mixin.py:115} INFO - [2023-02-01 15:58:27,853] {dag.py:2915} INFO - Setting next_dagrun for 5_variables to 2023-02-01T00:00:00+00:00, run_after=2023-02-02T00:00:00+00:00
[2023-02-01 15:58:27,900] {processor.py:161} INFO - Processing /c/Airflow/dags/Airflow2_0_De_0_a_Heroe/5_variables.py took 0.523 seconds
[2023-02-01 15:58:58,413] {processor.py:153} INFO - Started process (PID=12156) to work on /c/Airflow/dags/Airflow2_0_De_0_a_Heroe/5_variables.py
[2023-02-01 15:58:58,414] {processor.py:641} INFO - Processing file /c/Airflow/dags/Airflow2_0_De_0_a_Heroe/5_variables.py for tasks to queue
[2023-02-01 15:58:58,415] {logging_mixin.py:115} INFO - [2023-02-01 15:58:58,415] {dagbag.py:507} INFO - Filling up the DagBag from /c/Airflow/dags/Airflow2_0_De_0_a_Heroe/5_variables.py
[2023-02-01 15:58:58,909] {processor.py:651} INFO - DAG(s) dict_keys(['5_variables']) retrieved from /c/Airflow/dags/Airflow2_0_De_0_a_Heroe/5_variables.py
[2023-02-01 15:58:58,927] {logging_mixin.py:115} INFO - [2023-02-01 15:58:58,927] {dag.py:2371} INFO - Sync 1 DAGs
[2023-02-01 15:58:58,944] {logging_mixin.py:115} INFO - [2023-02-01 15:58:58,944] {dag.py:2915} INFO - Setting next_dagrun for 5_variables to 2023-02-01T00:00:00+00:00, run_after=2023-02-02T00:00:00+00:00
[2023-02-01 15:58:58,988] {processor.py:161} INFO - Processing /c/Airflow/dags/Airflow2_0_De_0_a_Heroe/5_variables.py took 0.577 seconds
[2023-02-01 15:59:29,755] {processor.py:153} INFO - Started process (PID=12176) to work on /c/Airflow/dags/Airflow2_0_De_0_a_Heroe/5_variables.py
[2023-02-01 15:59:29,756] {processor.py:641} INFO - Processing file /c/Airflow/dags/Airflow2_0_De_0_a_Heroe/5_variables.py for tasks to queue
[2023-02-01 15:59:29,757] {logging_mixin.py:115} INFO - [2023-02-01 15:59:29,757] {dagbag.py:507} INFO - Filling up the DagBag from /c/Airflow/dags/Airflow2_0_De_0_a_Heroe/5_variables.py
[2023-02-01 15:59:30,199] {processor.py:651} INFO - DAG(s) dict_keys(['5_variables']) retrieved from /c/Airflow/dags/Airflow2_0_De_0_a_Heroe/5_variables.py
[2023-02-01 15:59:30,215] {logging_mixin.py:115} INFO - [2023-02-01 15:59:30,215] {dag.py:2371} INFO - Sync 1 DAGs
[2023-02-01 15:59:30,231] {logging_mixin.py:115} INFO - [2023-02-01 15:59:30,231] {dag.py:2915} INFO - Setting next_dagrun for 5_variables to 2023-02-01T00:00:00+00:00, run_after=2023-02-02T00:00:00+00:00
[2023-02-01 15:59:30,283] {processor.py:161} INFO - Processing /c/Airflow/dags/Airflow2_0_De_0_a_Heroe/5_variables.py took 0.530 seconds
[2023-02-01 16:00:00,891] {processor.py:153} INFO - Started process (PID=12196) to work on /c/Airflow/dags/Airflow2_0_De_0_a_Heroe/5_variables.py
[2023-02-01 16:00:00,892] {processor.py:641} INFO - Processing file /c/Airflow/dags/Airflow2_0_De_0_a_Heroe/5_variables.py for tasks to queue
[2023-02-01 16:00:00,893] {logging_mixin.py:115} INFO - [2023-02-01 16:00:00,893] {dagbag.py:507} INFO - Filling up the DagBag from /c/Airflow/dags/Airflow2_0_De_0_a_Heroe/5_variables.py
[2023-02-01 16:00:01,330] {processor.py:651} INFO - DAG(s) dict_keys(['5_variables']) retrieved from /c/Airflow/dags/Airflow2_0_De_0_a_Heroe/5_variables.py
[2023-02-01 16:00:01,346] {logging_mixin.py:115} INFO - [2023-02-01 16:00:01,345] {dag.py:2371} INFO - Sync 1 DAGs
[2023-02-01 16:00:01,361] {logging_mixin.py:115} INFO - [2023-02-01 16:00:01,361] {dag.py:2915} INFO - Setting next_dagrun for 5_variables to 2023-02-01T00:00:00+00:00, run_after=2023-02-02T00:00:00+00:00
[2023-02-01 16:00:01,442] {processor.py:161} INFO - Processing /c/Airflow/dags/Airflow2_0_De_0_a_Heroe/5_variables.py took 0.552 seconds
[2023-02-01 16:00:31,821] {processor.py:153} INFO - Started process (PID=12216) to work on /c/Airflow/dags/Airflow2_0_De_0_a_Heroe/5_variables.py
[2023-02-01 16:00:31,821] {processor.py:641} INFO - Processing file /c/Airflow/dags/Airflow2_0_De_0_a_Heroe/5_variables.py for tasks to queue
[2023-02-01 16:00:31,822] {logging_mixin.py:115} INFO - [2023-02-01 16:00:31,822] {dagbag.py:507} INFO - Filling up the DagBag from /c/Airflow/dags/Airflow2_0_De_0_a_Heroe/5_variables.py
[2023-02-01 16:00:32,259] {processor.py:651} INFO - DAG(s) dict_keys(['5_variables']) retrieved from /c/Airflow/dags/Airflow2_0_De_0_a_Heroe/5_variables.py
[2023-02-01 16:00:32,276] {logging_mixin.py:115} INFO - [2023-02-01 16:00:32,275] {dag.py:2371} INFO - Sync 1 DAGs
[2023-02-01 16:00:32,291] {logging_mixin.py:115} INFO - [2023-02-01 16:00:32,291] {dag.py:2915} INFO - Setting next_dagrun for 5_variables to 2023-02-01T00:00:00+00:00, run_after=2023-02-02T00:00:00+00:00
[2023-02-01 16:00:32,333] {processor.py:161} INFO - Processing /c/Airflow/dags/Airflow2_0_De_0_a_Heroe/5_variables.py took 0.514 seconds
[2023-02-01 16:01:02,616] {processor.py:153} INFO - Started process (PID=12236) to work on /c/Airflow/dags/Airflow2_0_De_0_a_Heroe/5_variables.py
[2023-02-01 16:01:02,616] {processor.py:641} INFO - Processing file /c/Airflow/dags/Airflow2_0_De_0_a_Heroe/5_variables.py for tasks to queue
[2023-02-01 16:01:02,617] {logging_mixin.py:115} INFO - [2023-02-01 16:01:02,617] {dagbag.py:507} INFO - Filling up the DagBag from /c/Airflow/dags/Airflow2_0_De_0_a_Heroe/5_variables.py
[2023-02-01 16:01:03,084] {processor.py:651} INFO - DAG(s) dict_keys(['5_variables']) retrieved from /c/Airflow/dags/Airflow2_0_De_0_a_Heroe/5_variables.py
[2023-02-01 16:01:03,102] {logging_mixin.py:115} INFO - [2023-02-01 16:01:03,101] {dag.py:2371} INFO - Sync 1 DAGs
[2023-02-01 16:01:03,117] {logging_mixin.py:115} INFO - [2023-02-01 16:01:03,117] {dag.py:2915} INFO - Setting next_dagrun for 5_variables to 2023-02-01T00:00:00+00:00, run_after=2023-02-02T00:00:00+00:00
[2023-02-01 16:01:03,163] {processor.py:161} INFO - Processing /c/Airflow/dags/Airflow2_0_De_0_a_Heroe/5_variables.py took 0.549 seconds
[2023-02-01 16:01:33,779] {processor.py:153} INFO - Started process (PID=12256) to work on /c/Airflow/dags/Airflow2_0_De_0_a_Heroe/5_variables.py
[2023-02-01 16:01:33,780] {processor.py:641} INFO - Processing file /c/Airflow/dags/Airflow2_0_De_0_a_Heroe/5_variables.py for tasks to queue
[2023-02-01 16:01:33,781] {logging_mixin.py:115} INFO - [2023-02-01 16:01:33,781] {dagbag.py:507} INFO - Filling up the DagBag from /c/Airflow/dags/Airflow2_0_De_0_a_Heroe/5_variables.py
[2023-02-01 16:01:34,222] {processor.py:651} INFO - DAG(s) dict_keys(['5_variables']) retrieved from /c/Airflow/dags/Airflow2_0_De_0_a_Heroe/5_variables.py
[2023-02-01 16:01:34,252] {logging_mixin.py:115} INFO - [2023-02-01 16:01:34,251] {dag.py:2371} INFO - Sync 1 DAGs
[2023-02-01 16:01:34,270] {logging_mixin.py:115} INFO - [2023-02-01 16:01:34,270] {dag.py:2915} INFO - Setting next_dagrun for 5_variables to 2023-02-01T00:00:00+00:00, run_after=2023-02-02T00:00:00+00:00
[2023-02-01 16:01:34,315] {processor.py:161} INFO - Processing /c/Airflow/dags/Airflow2_0_De_0_a_Heroe/5_variables.py took 0.538 seconds
[2023-02-01 16:02:04,630] {processor.py:153} INFO - Started process (PID=12276) to work on /c/Airflow/dags/Airflow2_0_De_0_a_Heroe/5_variables.py
[2023-02-01 16:02:04,631] {processor.py:641} INFO - Processing file /c/Airflow/dags/Airflow2_0_De_0_a_Heroe/5_variables.py for tasks to queue
[2023-02-01 16:02:04,632] {logging_mixin.py:115} INFO - [2023-02-01 16:02:04,632] {dagbag.py:507} INFO - Filling up the DagBag from /c/Airflow/dags/Airflow2_0_De_0_a_Heroe/5_variables.py
[2023-02-01 16:02:05,094] {processor.py:651} INFO - DAG(s) dict_keys(['5_variables']) retrieved from /c/Airflow/dags/Airflow2_0_De_0_a_Heroe/5_variables.py
[2023-02-01 16:02:05,116] {logging_mixin.py:115} INFO - [2023-02-01 16:02:05,116] {dag.py:2371} INFO - Sync 1 DAGs
[2023-02-01 16:02:05,131] {logging_mixin.py:115} INFO - [2023-02-01 16:02:05,131] {dag.py:2915} INFO - Setting next_dagrun for 5_variables to 2023-02-01T00:00:00+00:00, run_after=2023-02-02T00:00:00+00:00
[2023-02-01 16:02:05,168] {processor.py:161} INFO - Processing /c/Airflow/dags/Airflow2_0_De_0_a_Heroe/5_variables.py took 0.540 seconds
[2023-02-01 16:02:35,281] {processor.py:153} INFO - Started process (PID=12296) to work on /c/Airflow/dags/Airflow2_0_De_0_a_Heroe/5_variables.py
[2023-02-01 16:02:35,282] {processor.py:641} INFO - Processing file /c/Airflow/dags/Airflow2_0_De_0_a_Heroe/5_variables.py for tasks to queue
[2023-02-01 16:02:35,283] {logging_mixin.py:115} INFO - [2023-02-01 16:02:35,283] {dagbag.py:507} INFO - Filling up the DagBag from /c/Airflow/dags/Airflow2_0_De_0_a_Heroe/5_variables.py
[2023-02-01 16:02:35,719] {processor.py:651} INFO - DAG(s) dict_keys(['5_variables']) retrieved from /c/Airflow/dags/Airflow2_0_De_0_a_Heroe/5_variables.py
[2023-02-01 16:02:35,735] {logging_mixin.py:115} INFO - [2023-02-01 16:02:35,734] {dag.py:2371} INFO - Sync 1 DAGs
[2023-02-01 16:02:35,750] {logging_mixin.py:115} INFO - [2023-02-01 16:02:35,750] {dag.py:2915} INFO - Setting next_dagrun for 5_variables to 2023-02-01T00:00:00+00:00, run_after=2023-02-02T00:00:00+00:00
[2023-02-01 16:02:35,796] {processor.py:161} INFO - Processing /c/Airflow/dags/Airflow2_0_De_0_a_Heroe/5_variables.py took 0.517 seconds
[2023-02-01 16:03:06,487] {processor.py:153} INFO - Started process (PID=12316) to work on /c/Airflow/dags/Airflow2_0_De_0_a_Heroe/5_variables.py
[2023-02-01 16:03:06,487] {processor.py:641} INFO - Processing file /c/Airflow/dags/Airflow2_0_De_0_a_Heroe/5_variables.py for tasks to queue
[2023-02-01 16:03:06,488] {logging_mixin.py:115} INFO - [2023-02-01 16:03:06,488] {dagbag.py:507} INFO - Filling up the DagBag from /c/Airflow/dags/Airflow2_0_De_0_a_Heroe/5_variables.py
[2023-02-01 16:03:06,940] {processor.py:651} INFO - DAG(s) dict_keys(['5_variables']) retrieved from /c/Airflow/dags/Airflow2_0_De_0_a_Heroe/5_variables.py
[2023-02-01 16:03:06,956] {logging_mixin.py:115} INFO - [2023-02-01 16:03:06,956] {dag.py:2371} INFO - Sync 1 DAGs
[2023-02-01 16:03:06,974] {logging_mixin.py:115} INFO - [2023-02-01 16:03:06,974] {dag.py:2915} INFO - Setting next_dagrun for 5_variables to 2023-02-01T00:00:00+00:00, run_after=2023-02-02T00:00:00+00:00
[2023-02-01 16:03:07,013] {processor.py:161} INFO - Processing /c/Airflow/dags/Airflow2_0_De_0_a_Heroe/5_variables.py took 0.529 seconds
[2023-02-01 16:03:37,462] {processor.py:153} INFO - Started process (PID=12336) to work on /c/Airflow/dags/Airflow2_0_De_0_a_Heroe/5_variables.py
[2023-02-01 16:03:37,462] {processor.py:641} INFO - Processing file /c/Airflow/dags/Airflow2_0_De_0_a_Heroe/5_variables.py for tasks to queue
[2023-02-01 16:03:37,463] {logging_mixin.py:115} INFO - [2023-02-01 16:03:37,463] {dagbag.py:507} INFO - Filling up the DagBag from /c/Airflow/dags/Airflow2_0_De_0_a_Heroe/5_variables.py
[2023-02-01 16:03:37,904] {processor.py:651} INFO - DAG(s) dict_keys(['5_variables']) retrieved from /c/Airflow/dags/Airflow2_0_De_0_a_Heroe/5_variables.py
[2023-02-01 16:03:37,920] {logging_mixin.py:115} INFO - [2023-02-01 16:03:37,920] {dag.py:2371} INFO - Sync 1 DAGs
[2023-02-01 16:03:37,936] {logging_mixin.py:115} INFO - [2023-02-01 16:03:37,935] {dag.py:2915} INFO - Setting next_dagrun for 5_variables to 2023-02-01T00:00:00+00:00, run_after=2023-02-02T00:00:00+00:00
[2023-02-01 16:03:37,985] {processor.py:161} INFO - Processing /c/Airflow/dags/Airflow2_0_De_0_a_Heroe/5_variables.py took 0.526 seconds
[2023-02-01 16:04:08,689] {processor.py:153} INFO - Started process (PID=12356) to work on /c/Airflow/dags/Airflow2_0_De_0_a_Heroe/5_variables.py
[2023-02-01 16:04:08,690] {processor.py:641} INFO - Processing file /c/Airflow/dags/Airflow2_0_De_0_a_Heroe/5_variables.py for tasks to queue
[2023-02-01 16:04:08,690] {logging_mixin.py:115} INFO - [2023-02-01 16:04:08,690] {dagbag.py:507} INFO - Filling up the DagBag from /c/Airflow/dags/Airflow2_0_De_0_a_Heroe/5_variables.py
[2023-02-01 16:04:09,127] {processor.py:651} INFO - DAG(s) dict_keys(['5_variables']) retrieved from /c/Airflow/dags/Airflow2_0_De_0_a_Heroe/5_variables.py
[2023-02-01 16:04:09,146] {logging_mixin.py:115} INFO - [2023-02-01 16:04:09,146] {dag.py:2371} INFO - Sync 1 DAGs
[2023-02-01 16:04:09,165] {logging_mixin.py:115} INFO - [2023-02-01 16:04:09,165] {dag.py:2915} INFO - Setting next_dagrun for 5_variables to 2023-02-01T00:00:00+00:00, run_after=2023-02-02T00:00:00+00:00
[2023-02-01 16:04:09,221] {processor.py:161} INFO - Processing /c/Airflow/dags/Airflow2_0_De_0_a_Heroe/5_variables.py took 0.534 seconds
[2023-02-01 16:04:39,851] {processor.py:153} INFO - Started process (PID=12376) to work on /c/Airflow/dags/Airflow2_0_De_0_a_Heroe/5_variables.py
[2023-02-01 16:04:39,852] {processor.py:641} INFO - Processing file /c/Airflow/dags/Airflow2_0_De_0_a_Heroe/5_variables.py for tasks to queue
[2023-02-01 16:04:39,853] {logging_mixin.py:115} INFO - [2023-02-01 16:04:39,853] {dagbag.py:507} INFO - Filling up the DagBag from /c/Airflow/dags/Airflow2_0_De_0_a_Heroe/5_variables.py
[2023-02-01 16:04:40,341] {processor.py:651} INFO - DAG(s) dict_keys(['5_variables']) retrieved from /c/Airflow/dags/Airflow2_0_De_0_a_Heroe/5_variables.py
[2023-02-01 16:04:40,359] {logging_mixin.py:115} INFO - [2023-02-01 16:04:40,359] {dag.py:2371} INFO - Sync 1 DAGs
[2023-02-01 16:04:40,375] {logging_mixin.py:115} INFO - [2023-02-01 16:04:40,375] {dag.py:2915} INFO - Setting next_dagrun for 5_variables to 2023-02-01T00:00:00+00:00, run_after=2023-02-02T00:00:00+00:00
[2023-02-01 16:04:40,420] {processor.py:161} INFO - Processing /c/Airflow/dags/Airflow2_0_De_0_a_Heroe/5_variables.py took 0.572 seconds
[2023-02-01 16:05:11,238] {processor.py:153} INFO - Started process (PID=12396) to work on /c/Airflow/dags/Airflow2_0_De_0_a_Heroe/5_variables.py
[2023-02-01 16:05:11,239] {processor.py:641} INFO - Processing file /c/Airflow/dags/Airflow2_0_De_0_a_Heroe/5_variables.py for tasks to queue
[2023-02-01 16:05:11,240] {logging_mixin.py:115} INFO - [2023-02-01 16:05:11,240] {dagbag.py:507} INFO - Filling up the DagBag from /c/Airflow/dags/Airflow2_0_De_0_a_Heroe/5_variables.py
[2023-02-01 16:05:11,726] {processor.py:651} INFO - DAG(s) dict_keys(['5_variables']) retrieved from /c/Airflow/dags/Airflow2_0_De_0_a_Heroe/5_variables.py
[2023-02-01 16:05:11,743] {logging_mixin.py:115} INFO - [2023-02-01 16:05:11,742] {dag.py:2371} INFO - Sync 1 DAGs
[2023-02-01 16:05:11,760] {logging_mixin.py:115} INFO - [2023-02-01 16:05:11,760] {dag.py:2915} INFO - Setting next_dagrun for 5_variables to 2023-02-01T00:00:00+00:00, run_after=2023-02-02T00:00:00+00:00
[2023-02-01 16:05:11,811] {processor.py:161} INFO - Processing /c/Airflow/dags/Airflow2_0_De_0_a_Heroe/5_variables.py took 0.575 seconds
[2023-02-01 16:05:41,976] {processor.py:153} INFO - Started process (PID=12416) to work on /c/Airflow/dags/Airflow2_0_De_0_a_Heroe/5_variables.py
[2023-02-01 16:05:41,977] {processor.py:641} INFO - Processing file /c/Airflow/dags/Airflow2_0_De_0_a_Heroe/5_variables.py for tasks to queue
[2023-02-01 16:05:41,977] {logging_mixin.py:115} INFO - [2023-02-01 16:05:41,977] {dagbag.py:507} INFO - Filling up the DagBag from /c/Airflow/dags/Airflow2_0_De_0_a_Heroe/5_variables.py
[2023-02-01 16:05:42,433] {processor.py:651} INFO - DAG(s) dict_keys(['5_variables']) retrieved from /c/Airflow/dags/Airflow2_0_De_0_a_Heroe/5_variables.py
[2023-02-01 16:05:42,450] {logging_mixin.py:115} INFO - [2023-02-01 16:05:42,449] {dag.py:2371} INFO - Sync 1 DAGs
[2023-02-01 16:05:42,465] {logging_mixin.py:115} INFO - [2023-02-01 16:05:42,465] {dag.py:2915} INFO - Setting next_dagrun for 5_variables to 2023-02-01T00:00:00+00:00, run_after=2023-02-02T00:00:00+00:00
[2023-02-01 16:05:42,509] {processor.py:161} INFO - Processing /c/Airflow/dags/Airflow2_0_De_0_a_Heroe/5_variables.py took 0.535 seconds
[2023-02-01 16:06:13,158] {processor.py:153} INFO - Started process (PID=12436) to work on /c/Airflow/dags/Airflow2_0_De_0_a_Heroe/5_variables.py
[2023-02-01 16:06:13,159] {processor.py:641} INFO - Processing file /c/Airflow/dags/Airflow2_0_De_0_a_Heroe/5_variables.py for tasks to queue
[2023-02-01 16:06:13,160] {logging_mixin.py:115} INFO - [2023-02-01 16:06:13,160] {dagbag.py:507} INFO - Filling up the DagBag from /c/Airflow/dags/Airflow2_0_De_0_a_Heroe/5_variables.py
[2023-02-01 16:06:13,611] {processor.py:651} INFO - DAG(s) dict_keys(['5_variables']) retrieved from /c/Airflow/dags/Airflow2_0_De_0_a_Heroe/5_variables.py
[2023-02-01 16:06:13,628] {logging_mixin.py:115} INFO - [2023-02-01 16:06:13,628] {dag.py:2371} INFO - Sync 1 DAGs
[2023-02-01 16:06:13,650] {logging_mixin.py:115} INFO - [2023-02-01 16:06:13,650] {dag.py:2915} INFO - Setting next_dagrun for 5_variables to 2023-02-01T00:00:00+00:00, run_after=2023-02-02T00:00:00+00:00
[2023-02-01 16:06:13,717] {processor.py:161} INFO - Processing /c/Airflow/dags/Airflow2_0_De_0_a_Heroe/5_variables.py took 0.561 seconds
[2023-02-01 16:06:44,372] {processor.py:153} INFO - Started process (PID=12456) to work on /c/Airflow/dags/Airflow2_0_De_0_a_Heroe/5_variables.py
[2023-02-01 16:06:44,372] {processor.py:641} INFO - Processing file /c/Airflow/dags/Airflow2_0_De_0_a_Heroe/5_variables.py for tasks to queue
[2023-02-01 16:06:44,373] {logging_mixin.py:115} INFO - [2023-02-01 16:06:44,373] {dagbag.py:507} INFO - Filling up the DagBag from /c/Airflow/dags/Airflow2_0_De_0_a_Heroe/5_variables.py
[2023-02-01 16:06:44,887] {processor.py:651} INFO - DAG(s) dict_keys(['5_variables']) retrieved from /c/Airflow/dags/Airflow2_0_De_0_a_Heroe/5_variables.py
[2023-02-01 16:06:44,903] {logging_mixin.py:115} INFO - [2023-02-01 16:06:44,903] {dag.py:2371} INFO - Sync 1 DAGs
[2023-02-01 16:06:44,918] {logging_mixin.py:115} INFO - [2023-02-01 16:06:44,918] {dag.py:2915} INFO - Setting next_dagrun for 5_variables to 2023-02-01T00:00:00+00:00, run_after=2023-02-02T00:00:00+00:00
[2023-02-01 16:06:44,962] {processor.py:161} INFO - Processing /c/Airflow/dags/Airflow2_0_De_0_a_Heroe/5_variables.py took 0.593 seconds
[2023-02-01 16:07:15,267] {processor.py:153} INFO - Started process (PID=12476) to work on /c/Airflow/dags/Airflow2_0_De_0_a_Heroe/5_variables.py
[2023-02-01 16:07:15,268] {processor.py:641} INFO - Processing file /c/Airflow/dags/Airflow2_0_De_0_a_Heroe/5_variables.py for tasks to queue
[2023-02-01 16:07:15,269] {logging_mixin.py:115} INFO - [2023-02-01 16:07:15,269] {dagbag.py:507} INFO - Filling up the DagBag from /c/Airflow/dags/Airflow2_0_De_0_a_Heroe/5_variables.py
[2023-02-01 16:07:15,730] {processor.py:651} INFO - DAG(s) dict_keys(['5_variables']) retrieved from /c/Airflow/dags/Airflow2_0_De_0_a_Heroe/5_variables.py
[2023-02-01 16:07:15,747] {logging_mixin.py:115} INFO - [2023-02-01 16:07:15,746] {dag.py:2371} INFO - Sync 1 DAGs
[2023-02-01 16:07:15,762] {logging_mixin.py:115} INFO - [2023-02-01 16:07:15,762] {dag.py:2915} INFO - Setting next_dagrun for 5_variables to 2023-02-01T00:00:00+00:00, run_after=2023-02-02T00:00:00+00:00
[2023-02-01 16:07:15,800] {processor.py:161} INFO - Processing /c/Airflow/dags/Airflow2_0_De_0_a_Heroe/5_variables.py took 0.535 seconds
[2023-02-01 16:07:47,026] {processor.py:153} INFO - Started process (PID=12496) to work on /c/Airflow/dags/Airflow2_0_De_0_a_Heroe/5_variables.py
[2023-02-01 16:07:47,027] {processor.py:641} INFO - Processing file /c/Airflow/dags/Airflow2_0_De_0_a_Heroe/5_variables.py for tasks to queue
[2023-02-01 16:07:47,027] {logging_mixin.py:115} INFO - [2023-02-01 16:07:47,027] {dagbag.py:507} INFO - Filling up the DagBag from /c/Airflow/dags/Airflow2_0_De_0_a_Heroe/5_variables.py
[2023-02-01 16:07:47,479] {processor.py:651} INFO - DAG(s) dict_keys(['5_variables']) retrieved from /c/Airflow/dags/Airflow2_0_De_0_a_Heroe/5_variables.py
[2023-02-01 16:07:47,495] {logging_mixin.py:115} INFO - [2023-02-01 16:07:47,495] {dag.py:2371} INFO - Sync 1 DAGs
[2023-02-01 16:07:47,509] {logging_mixin.py:115} INFO - [2023-02-01 16:07:47,509] {dag.py:2915} INFO - Setting next_dagrun for 5_variables to 2023-02-01T00:00:00+00:00, run_after=2023-02-02T00:00:00+00:00
[2023-02-01 16:07:47,547] {processor.py:161} INFO - Processing /c/Airflow/dags/Airflow2_0_De_0_a_Heroe/5_variables.py took 0.523 seconds
[2023-02-01 16:08:18,264] {processor.py:153} INFO - Started process (PID=12516) to work on /c/Airflow/dags/Airflow2_0_De_0_a_Heroe/5_variables.py
[2023-02-01 16:08:18,265] {processor.py:641} INFO - Processing file /c/Airflow/dags/Airflow2_0_De_0_a_Heroe/5_variables.py for tasks to queue
[2023-02-01 16:08:18,266] {logging_mixin.py:115} INFO - [2023-02-01 16:08:18,266] {dagbag.py:507} INFO - Filling up the DagBag from /c/Airflow/dags/Airflow2_0_De_0_a_Heroe/5_variables.py
[2023-02-01 16:08:18,725] {processor.py:651} INFO - DAG(s) dict_keys(['5_variables']) retrieved from /c/Airflow/dags/Airflow2_0_De_0_a_Heroe/5_variables.py
[2023-02-01 16:08:18,742] {logging_mixin.py:115} INFO - [2023-02-01 16:08:18,741] {dag.py:2371} INFO - Sync 1 DAGs
[2023-02-01 16:08:18,757] {logging_mixin.py:115} INFO - [2023-02-01 16:08:18,757] {dag.py:2915} INFO - Setting next_dagrun for 5_variables to 2023-02-01T00:00:00+00:00, run_after=2023-02-02T00:00:00+00:00
[2023-02-01 16:08:18,804] {processor.py:161} INFO - Processing /c/Airflow/dags/Airflow2_0_De_0_a_Heroe/5_variables.py took 0.542 seconds
[2023-02-01 16:08:49,536] {processor.py:153} INFO - Started process (PID=12536) to work on /c/Airflow/dags/Airflow2_0_De_0_a_Heroe/5_variables.py
[2023-02-01 16:08:49,537] {processor.py:641} INFO - Processing file /c/Airflow/dags/Airflow2_0_De_0_a_Heroe/5_variables.py for tasks to queue
[2023-02-01 16:08:49,538] {logging_mixin.py:115} INFO - [2023-02-01 16:08:49,538] {dagbag.py:507} INFO - Filling up the DagBag from /c/Airflow/dags/Airflow2_0_De_0_a_Heroe/5_variables.py
[2023-02-01 16:08:49,982] {processor.py:651} INFO - DAG(s) dict_keys(['5_variables']) retrieved from /c/Airflow/dags/Airflow2_0_De_0_a_Heroe/5_variables.py
[2023-02-01 16:08:49,999] {logging_mixin.py:115} INFO - [2023-02-01 16:08:49,999] {dag.py:2371} INFO - Sync 1 DAGs
[2023-02-01 16:08:50,015] {logging_mixin.py:115} INFO - [2023-02-01 16:08:50,014] {dag.py:2915} INFO - Setting next_dagrun for 5_variables to 2023-02-01T00:00:00+00:00, run_after=2023-02-02T00:00:00+00:00
[2023-02-01 16:08:50,060] {processor.py:161} INFO - Processing /c/Airflow/dags/Airflow2_0_De_0_a_Heroe/5_variables.py took 0.525 seconds
[2023-02-01 16:09:20,409] {processor.py:153} INFO - Started process (PID=12556) to work on /c/Airflow/dags/Airflow2_0_De_0_a_Heroe/5_variables.py
[2023-02-01 16:09:20,409] {processor.py:641} INFO - Processing file /c/Airflow/dags/Airflow2_0_De_0_a_Heroe/5_variables.py for tasks to queue
[2023-02-01 16:09:20,410] {logging_mixin.py:115} INFO - [2023-02-01 16:09:20,410] {dagbag.py:507} INFO - Filling up the DagBag from /c/Airflow/dags/Airflow2_0_De_0_a_Heroe/5_variables.py
[2023-02-01 16:09:20,868] {processor.py:651} INFO - DAG(s) dict_keys(['5_variables']) retrieved from /c/Airflow/dags/Airflow2_0_De_0_a_Heroe/5_variables.py
[2023-02-01 16:09:20,886] {logging_mixin.py:115} INFO - [2023-02-01 16:09:20,886] {dag.py:2371} INFO - Sync 1 DAGs
[2023-02-01 16:09:20,903] {logging_mixin.py:115} INFO - [2023-02-01 16:09:20,902] {dag.py:2915} INFO - Setting next_dagrun for 5_variables to 2023-02-01T00:00:00+00:00, run_after=2023-02-02T00:00:00+00:00
[2023-02-01 16:09:20,949] {processor.py:161} INFO - Processing /c/Airflow/dags/Airflow2_0_De_0_a_Heroe/5_variables.py took 0.542 seconds
[2023-02-01 16:09:51,923] {processor.py:153} INFO - Started process (PID=12576) to work on /c/Airflow/dags/Airflow2_0_De_0_a_Heroe/5_variables.py
[2023-02-01 16:09:51,924] {processor.py:641} INFO - Processing file /c/Airflow/dags/Airflow2_0_De_0_a_Heroe/5_variables.py for tasks to queue
[2023-02-01 16:09:51,925] {logging_mixin.py:115} INFO - [2023-02-01 16:09:51,925] {dagbag.py:507} INFO - Filling up the DagBag from /c/Airflow/dags/Airflow2_0_De_0_a_Heroe/5_variables.py
[2023-02-01 16:09:52,375] {processor.py:651} INFO - DAG(s) dict_keys(['5_variables']) retrieved from /c/Airflow/dags/Airflow2_0_De_0_a_Heroe/5_variables.py
[2023-02-01 16:09:52,391] {logging_mixin.py:115} INFO - [2023-02-01 16:09:52,391] {dag.py:2371} INFO - Sync 1 DAGs
[2023-02-01 16:09:52,406] {logging_mixin.py:115} INFO - [2023-02-01 16:09:52,406] {dag.py:2915} INFO - Setting next_dagrun for 5_variables to 2023-02-01T00:00:00+00:00, run_after=2023-02-02T00:00:00+00:00
[2023-02-01 16:09:52,447] {processor.py:161} INFO - Processing /c/Airflow/dags/Airflow2_0_De_0_a_Heroe/5_variables.py took 0.527 seconds
[2023-02-01 16:10:23,129] {processor.py:153} INFO - Started process (PID=12596) to work on /c/Airflow/dags/Airflow2_0_De_0_a_Heroe/5_variables.py
[2023-02-01 16:10:23,130] {processor.py:641} INFO - Processing file /c/Airflow/dags/Airflow2_0_De_0_a_Heroe/5_variables.py for tasks to queue
[2023-02-01 16:10:23,130] {logging_mixin.py:115} INFO - [2023-02-01 16:10:23,130] {dagbag.py:507} INFO - Filling up the DagBag from /c/Airflow/dags/Airflow2_0_De_0_a_Heroe/5_variables.py
[2023-02-01 16:10:23,559] {processor.py:651} INFO - DAG(s) dict_keys(['5_variables']) retrieved from /c/Airflow/dags/Airflow2_0_De_0_a_Heroe/5_variables.py
[2023-02-01 16:10:23,575] {logging_mixin.py:115} INFO - [2023-02-01 16:10:23,574] {dag.py:2371} INFO - Sync 1 DAGs
[2023-02-01 16:10:23,590] {logging_mixin.py:115} INFO - [2023-02-01 16:10:23,590] {dag.py:2915} INFO - Setting next_dagrun for 5_variables to 2023-02-01T00:00:00+00:00, run_after=2023-02-02T00:00:00+00:00
[2023-02-01 16:10:23,631] {processor.py:161} INFO - Processing /c/Airflow/dags/Airflow2_0_De_0_a_Heroe/5_variables.py took 0.504 seconds
[2023-02-01 16:10:54,812] {processor.py:153} INFO - Started process (PID=12662) to work on /c/Airflow/dags/Airflow2_0_De_0_a_Heroe/5_variables.py
[2023-02-01 16:10:54,813] {processor.py:641} INFO - Processing file /c/Airflow/dags/Airflow2_0_De_0_a_Heroe/5_variables.py for tasks to queue
[2023-02-01 16:10:54,814] {logging_mixin.py:115} INFO - [2023-02-01 16:10:54,814] {dagbag.py:507} INFO - Filling up the DagBag from /c/Airflow/dags/Airflow2_0_De_0_a_Heroe/5_variables.py
[2023-02-01 16:10:55,269] {processor.py:651} INFO - DAG(s) dict_keys(['5_variables']) retrieved from /c/Airflow/dags/Airflow2_0_De_0_a_Heroe/5_variables.py
[2023-02-01 16:10:55,303] {logging_mixin.py:115} INFO - [2023-02-01 16:10:55,303] {dag.py:2371} INFO - Sync 1 DAGs
[2023-02-01 16:10:55,320] {logging_mixin.py:115} INFO - [2023-02-01 16:10:55,320] {dag.py:2915} INFO - Setting next_dagrun for 5_variables to 2023-02-01T00:00:00+00:00, run_after=2023-02-02T00:00:00+00:00
[2023-02-01 16:10:55,369] {processor.py:161} INFO - Processing /c/Airflow/dags/Airflow2_0_De_0_a_Heroe/5_variables.py took 0.559 seconds
[2023-02-01 16:11:26,464] {processor.py:153} INFO - Started process (PID=12682) to work on /c/Airflow/dags/Airflow2_0_De_0_a_Heroe/5_variables.py
[2023-02-01 16:11:26,465] {processor.py:641} INFO - Processing file /c/Airflow/dags/Airflow2_0_De_0_a_Heroe/5_variables.py for tasks to queue
[2023-02-01 16:11:26,465] {logging_mixin.py:115} INFO - [2023-02-01 16:11:26,465] {dagbag.py:507} INFO - Filling up the DagBag from /c/Airflow/dags/Airflow2_0_De_0_a_Heroe/5_variables.py
[2023-02-01 16:11:27,024] {processor.py:651} INFO - DAG(s) dict_keys(['5_variables']) retrieved from /c/Airflow/dags/Airflow2_0_De_0_a_Heroe/5_variables.py
[2023-02-01 16:11:27,044] {logging_mixin.py:115} INFO - [2023-02-01 16:11:27,043] {dag.py:2371} INFO - Sync 1 DAGs
[2023-02-01 16:11:27,063] {logging_mixin.py:115} INFO - [2023-02-01 16:11:27,063] {dag.py:2915} INFO - Setting next_dagrun for 5_variables to 2023-02-01T00:00:00+00:00, run_after=2023-02-02T00:00:00+00:00
[2023-02-01 16:11:27,114] {processor.py:161} INFO - Processing /c/Airflow/dags/Airflow2_0_De_0_a_Heroe/5_variables.py took 0.652 seconds
[2023-02-01 16:11:59,252] {processor.py:153} INFO - Started process (PID=12701) to work on /c/Airflow/dags/Airflow2_0_De_0_a_Heroe/5_variables.py
[2023-02-01 16:11:59,253] {processor.py:641} INFO - Processing file /c/Airflow/dags/Airflow2_0_De_0_a_Heroe/5_variables.py for tasks to queue
[2023-02-01 16:11:59,254] {logging_mixin.py:115} INFO - [2023-02-01 16:11:59,254] {dagbag.py:507} INFO - Filling up the DagBag from /c/Airflow/dags/Airflow2_0_De_0_a_Heroe/5_variables.py
[2023-02-01 16:11:59,694] {processor.py:651} INFO - DAG(s) dict_keys(['5_variables']) retrieved from /c/Airflow/dags/Airflow2_0_De_0_a_Heroe/5_variables.py
[2023-02-01 16:11:59,711] {logging_mixin.py:115} INFO - [2023-02-01 16:11:59,710] {dag.py:2371} INFO - Sync 1 DAGs
[2023-02-01 16:11:59,726] {logging_mixin.py:115} INFO - [2023-02-01 16:11:59,726] {dag.py:2915} INFO - Setting next_dagrun for 5_variables to 2023-02-01T00:00:00+00:00, run_after=2023-02-02T00:00:00+00:00
[2023-02-01 16:11:59,772] {processor.py:161} INFO - Processing /c/Airflow/dags/Airflow2_0_De_0_a_Heroe/5_variables.py took 0.522 seconds
[2023-02-01 16:12:30,866] {processor.py:153} INFO - Started process (PID=12721) to work on /c/Airflow/dags/Airflow2_0_De_0_a_Heroe/5_variables.py
[2023-02-01 16:12:30,867] {processor.py:641} INFO - Processing file /c/Airflow/dags/Airflow2_0_De_0_a_Heroe/5_variables.py for tasks to queue
[2023-02-01 16:12:30,868] {logging_mixin.py:115} INFO - [2023-02-01 16:12:30,868] {dagbag.py:507} INFO - Filling up the DagBag from /c/Airflow/dags/Airflow2_0_De_0_a_Heroe/5_variables.py
[2023-02-01 16:12:31,368] {processor.py:651} INFO - DAG(s) dict_keys(['5_variables']) retrieved from /c/Airflow/dags/Airflow2_0_De_0_a_Heroe/5_variables.py
[2023-02-01 16:12:31,388] {logging_mixin.py:115} INFO - [2023-02-01 16:12:31,388] {dag.py:2371} INFO - Sync 1 DAGs
[2023-02-01 16:12:31,408] {logging_mixin.py:115} INFO - [2023-02-01 16:12:31,408] {dag.py:2915} INFO - Setting next_dagrun for 5_variables to 2023-02-01T00:00:00+00:00, run_after=2023-02-02T00:00:00+00:00
[2023-02-01 16:12:31,461] {processor.py:161} INFO - Processing /c/Airflow/dags/Airflow2_0_De_0_a_Heroe/5_variables.py took 0.597 seconds
[2023-02-01 16:13:01,552] {processor.py:153} INFO - Started process (PID=12787) to work on /c/Airflow/dags/Airflow2_0_De_0_a_Heroe/5_variables.py
[2023-02-01 16:13:01,553] {processor.py:641} INFO - Processing file /c/Airflow/dags/Airflow2_0_De_0_a_Heroe/5_variables.py for tasks to queue
[2023-02-01 16:13:01,554] {logging_mixin.py:115} INFO - [2023-02-01 16:13:01,554] {dagbag.py:507} INFO - Filling up the DagBag from /c/Airflow/dags/Airflow2_0_De_0_a_Heroe/5_variables.py
[2023-02-01 16:13:02,015] {processor.py:651} INFO - DAG(s) dict_keys(['5_variables']) retrieved from /c/Airflow/dags/Airflow2_0_De_0_a_Heroe/5_variables.py
[2023-02-01 16:13:02,031] {logging_mixin.py:115} INFO - [2023-02-01 16:13:02,031] {dag.py:2371} INFO - Sync 1 DAGs
[2023-02-01 16:13:02,046] {logging_mixin.py:115} INFO - [2023-02-01 16:13:02,046] {dag.py:2915} INFO - Setting next_dagrun for 5_variables to 2023-02-01T00:00:00+00:00, run_after=2023-02-02T00:00:00+00:00
[2023-02-01 16:13:02,092] {processor.py:161} INFO - Processing /c/Airflow/dags/Airflow2_0_De_0_a_Heroe/5_variables.py took 0.542 seconds
[2023-02-01 16:13:33,276] {processor.py:153} INFO - Started process (PID=12807) to work on /c/Airflow/dags/Airflow2_0_De_0_a_Heroe/5_variables.py
[2023-02-01 16:13:33,277] {processor.py:641} INFO - Processing file /c/Airflow/dags/Airflow2_0_De_0_a_Heroe/5_variables.py for tasks to queue
[2023-02-01 16:13:33,278] {logging_mixin.py:115} INFO - [2023-02-01 16:13:33,278] {dagbag.py:507} INFO - Filling up the DagBag from /c/Airflow/dags/Airflow2_0_De_0_a_Heroe/5_variables.py
[2023-02-01 16:13:33,909] {processor.py:651} INFO - DAG(s) dict_keys(['5_variables']) retrieved from /c/Airflow/dags/Airflow2_0_De_0_a_Heroe/5_variables.py
[2023-02-01 16:13:33,933] {logging_mixin.py:115} INFO - [2023-02-01 16:13:33,933] {dag.py:2371} INFO - Sync 1 DAGs
[2023-02-01 16:13:33,967] {logging_mixin.py:115} INFO - [2023-02-01 16:13:33,967] {dag.py:2915} INFO - Setting next_dagrun for 5_variables to 2023-02-01T00:00:00+00:00, run_after=2023-02-02T00:00:00+00:00
[2023-02-01 16:13:34,063] {processor.py:161} INFO - Processing /c/Airflow/dags/Airflow2_0_De_0_a_Heroe/5_variables.py took 0.789 seconds
[2023-02-01 16:14:04,286] {processor.py:153} INFO - Started process (PID=12827) to work on /c/Airflow/dags/Airflow2_0_De_0_a_Heroe/5_variables.py
[2023-02-01 16:14:04,287] {processor.py:641} INFO - Processing file /c/Airflow/dags/Airflow2_0_De_0_a_Heroe/5_variables.py for tasks to queue
[2023-02-01 16:14:04,288] {logging_mixin.py:115} INFO - [2023-02-01 16:14:04,288] {dagbag.py:507} INFO - Filling up the DagBag from /c/Airflow/dags/Airflow2_0_De_0_a_Heroe/5_variables.py
[2023-02-01 16:14:04,783] {processor.py:651} INFO - DAG(s) dict_keys(['5_variables']) retrieved from /c/Airflow/dags/Airflow2_0_De_0_a_Heroe/5_variables.py
[2023-02-01 16:14:04,802] {logging_mixin.py:115} INFO - [2023-02-01 16:14:04,802] {dag.py:2371} INFO - Sync 1 DAGs
[2023-02-01 16:14:04,820] {logging_mixin.py:115} INFO - [2023-02-01 16:14:04,820] {dag.py:2915} INFO - Setting next_dagrun for 5_variables to 2023-02-01T00:00:00+00:00, run_after=2023-02-02T00:00:00+00:00
[2023-02-01 16:14:04,872] {processor.py:161} INFO - Processing /c/Airflow/dags/Airflow2_0_De_0_a_Heroe/5_variables.py took 0.588 seconds
[2023-02-01 16:14:36,012] {processor.py:153} INFO - Started process (PID=12847) to work on /c/Airflow/dags/Airflow2_0_De_0_a_Heroe/5_variables.py
[2023-02-01 16:14:36,012] {processor.py:641} INFO - Processing file /c/Airflow/dags/Airflow2_0_De_0_a_Heroe/5_variables.py for tasks to queue
[2023-02-01 16:14:36,013] {logging_mixin.py:115} INFO - [2023-02-01 16:14:36,013] {dagbag.py:507} INFO - Filling up the DagBag from /c/Airflow/dags/Airflow2_0_De_0_a_Heroe/5_variables.py
[2023-02-01 16:14:36,535] {processor.py:651} INFO - DAG(s) dict_keys(['5_variables']) retrieved from /c/Airflow/dags/Airflow2_0_De_0_a_Heroe/5_variables.py
[2023-02-01 16:14:36,555] {logging_mixin.py:115} INFO - [2023-02-01 16:14:36,554] {dag.py:2371} INFO - Sync 1 DAGs
[2023-02-01 16:14:36,572] {logging_mixin.py:115} INFO - [2023-02-01 16:14:36,572] {dag.py:2915} INFO - Setting next_dagrun for 5_variables to 2023-02-01T00:00:00+00:00, run_after=2023-02-02T00:00:00+00:00
[2023-02-01 16:14:36,612] {processor.py:161} INFO - Processing /c/Airflow/dags/Airflow2_0_De_0_a_Heroe/5_variables.py took 0.603 seconds
[2023-02-01 16:15:07,848] {processor.py:153} INFO - Started process (PID=12867) to work on /c/Airflow/dags/Airflow2_0_De_0_a_Heroe/5_variables.py
[2023-02-01 16:15:07,848] {processor.py:641} INFO - Processing file /c/Airflow/dags/Airflow2_0_De_0_a_Heroe/5_variables.py for tasks to queue
[2023-02-01 16:15:07,849] {logging_mixin.py:115} INFO - [2023-02-01 16:15:07,849] {dagbag.py:507} INFO - Filling up the DagBag from /c/Airflow/dags/Airflow2_0_De_0_a_Heroe/5_variables.py
[2023-02-01 16:15:08,343] {processor.py:651} INFO - DAG(s) dict_keys(['5_variables']) retrieved from /c/Airflow/dags/Airflow2_0_De_0_a_Heroe/5_variables.py
[2023-02-01 16:15:08,360] {logging_mixin.py:115} INFO - [2023-02-01 16:15:08,360] {dag.py:2371} INFO - Sync 1 DAGs
[2023-02-01 16:15:08,376] {logging_mixin.py:115} INFO - [2023-02-01 16:15:08,376] {dag.py:2915} INFO - Setting next_dagrun for 5_variables to 2023-02-01T00:00:00+00:00, run_after=2023-02-02T00:00:00+00:00
[2023-02-01 16:15:08,414] {processor.py:161} INFO - Processing /c/Airflow/dags/Airflow2_0_De_0_a_Heroe/5_variables.py took 0.569 seconds
[2023-02-01 16:15:38,787] {processor.py:153} INFO - Started process (PID=12887) to work on /c/Airflow/dags/Airflow2_0_De_0_a_Heroe/5_variables.py
[2023-02-01 16:15:38,787] {processor.py:641} INFO - Processing file /c/Airflow/dags/Airflow2_0_De_0_a_Heroe/5_variables.py for tasks to queue
[2023-02-01 16:15:38,788] {logging_mixin.py:115} INFO - [2023-02-01 16:15:38,788] {dagbag.py:507} INFO - Filling up the DagBag from /c/Airflow/dags/Airflow2_0_De_0_a_Heroe/5_variables.py
[2023-02-01 16:15:39,274] {processor.py:651} INFO - DAG(s) dict_keys(['5_variables']) retrieved from /c/Airflow/dags/Airflow2_0_De_0_a_Heroe/5_variables.py
[2023-02-01 16:15:39,293] {logging_mixin.py:115} INFO - [2023-02-01 16:15:39,293] {dag.py:2371} INFO - Sync 1 DAGs
[2023-02-01 16:15:39,311] {logging_mixin.py:115} INFO - [2023-02-01 16:15:39,311] {dag.py:2915} INFO - Setting next_dagrun for 5_variables to 2023-02-01T00:00:00+00:00, run_after=2023-02-02T00:00:00+00:00
[2023-02-01 16:15:39,358] {processor.py:161} INFO - Processing /c/Airflow/dags/Airflow2_0_De_0_a_Heroe/5_variables.py took 0.574 seconds
[2023-02-01 16:16:09,606] {processor.py:153} INFO - Started process (PID=12907) to work on /c/Airflow/dags/Airflow2_0_De_0_a_Heroe/5_variables.py
[2023-02-01 16:16:09,607] {processor.py:641} INFO - Processing file /c/Airflow/dags/Airflow2_0_De_0_a_Heroe/5_variables.py for tasks to queue
[2023-02-01 16:16:09,607] {logging_mixin.py:115} INFO - [2023-02-01 16:16:09,607] {dagbag.py:507} INFO - Filling up the DagBag from /c/Airflow/dags/Airflow2_0_De_0_a_Heroe/5_variables.py
[2023-02-01 16:16:10,044] {processor.py:651} INFO - DAG(s) dict_keys(['5_variables']) retrieved from /c/Airflow/dags/Airflow2_0_De_0_a_Heroe/5_variables.py
[2023-02-01 16:16:10,060] {logging_mixin.py:115} INFO - [2023-02-01 16:16:10,060] {dag.py:2371} INFO - Sync 1 DAGs
[2023-02-01 16:16:10,075] {logging_mixin.py:115} INFO - [2023-02-01 16:16:10,075] {dag.py:2915} INFO - Setting next_dagrun for 5_variables to 2023-02-01T00:00:00+00:00, run_after=2023-02-02T00:00:00+00:00
[2023-02-01 16:16:10,124] {processor.py:161} INFO - Processing /c/Airflow/dags/Airflow2_0_De_0_a_Heroe/5_variables.py took 0.520 seconds
[2023-02-01 16:16:41,241] {processor.py:153} INFO - Started process (PID=12927) to work on /c/Airflow/dags/Airflow2_0_De_0_a_Heroe/5_variables.py
[2023-02-01 16:16:41,242] {processor.py:641} INFO - Processing file /c/Airflow/dags/Airflow2_0_De_0_a_Heroe/5_variables.py for tasks to queue
[2023-02-01 16:16:41,243] {logging_mixin.py:115} INFO - [2023-02-01 16:16:41,242] {dagbag.py:507} INFO - Filling up the DagBag from /c/Airflow/dags/Airflow2_0_De_0_a_Heroe/5_variables.py
[2023-02-01 16:16:41,675] {processor.py:651} INFO - DAG(s) dict_keys(['5_variables']) retrieved from /c/Airflow/dags/Airflow2_0_De_0_a_Heroe/5_variables.py
[2023-02-01 16:16:41,691] {logging_mixin.py:115} INFO - [2023-02-01 16:16:41,691] {dag.py:2371} INFO - Sync 1 DAGs
[2023-02-01 16:16:41,707] {logging_mixin.py:115} INFO - [2023-02-01 16:16:41,707] {dag.py:2915} INFO - Setting next_dagrun for 5_variables to 2023-02-01T00:00:00+00:00, run_after=2023-02-02T00:00:00+00:00
[2023-02-01 16:16:41,748] {processor.py:161} INFO - Processing /c/Airflow/dags/Airflow2_0_De_0_a_Heroe/5_variables.py took 0.508 seconds
[2023-02-01 16:17:12,252] {processor.py:153} INFO - Started process (PID=12947) to work on /c/Airflow/dags/Airflow2_0_De_0_a_Heroe/5_variables.py
[2023-02-01 16:17:12,253] {processor.py:641} INFO - Processing file /c/Airflow/dags/Airflow2_0_De_0_a_Heroe/5_variables.py for tasks to queue
[2023-02-01 16:17:12,254] {logging_mixin.py:115} INFO - [2023-02-01 16:17:12,254] {dagbag.py:507} INFO - Filling up the DagBag from /c/Airflow/dags/Airflow2_0_De_0_a_Heroe/5_variables.py
[2023-02-01 16:17:12,714] {processor.py:651} INFO - DAG(s) dict_keys(['5_variables']) retrieved from /c/Airflow/dags/Airflow2_0_De_0_a_Heroe/5_variables.py
[2023-02-01 16:17:12,729] {logging_mixin.py:115} INFO - [2023-02-01 16:17:12,729] {dag.py:2371} INFO - Sync 1 DAGs
[2023-02-01 16:17:12,744] {logging_mixin.py:115} INFO - [2023-02-01 16:17:12,744] {dag.py:2915} INFO - Setting next_dagrun for 5_variables to 2023-02-01T00:00:00+00:00, run_after=2023-02-02T00:00:00+00:00
[2023-02-01 16:17:12,788] {processor.py:161} INFO - Processing /c/Airflow/dags/Airflow2_0_De_0_a_Heroe/5_variables.py took 0.538 seconds
[2023-02-01 16:17:43,260] {processor.py:153} INFO - Started process (PID=12967) to work on /c/Airflow/dags/Airflow2_0_De_0_a_Heroe/5_variables.py
[2023-02-01 16:17:43,261] {processor.py:641} INFO - Processing file /c/Airflow/dags/Airflow2_0_De_0_a_Heroe/5_variables.py for tasks to queue
[2023-02-01 16:17:43,261] {logging_mixin.py:115} INFO - [2023-02-01 16:17:43,261] {dagbag.py:507} INFO - Filling up the DagBag from /c/Airflow/dags/Airflow2_0_De_0_a_Heroe/5_variables.py
[2023-02-01 16:17:43,722] {processor.py:651} INFO - DAG(s) dict_keys(['5_variables']) retrieved from /c/Airflow/dags/Airflow2_0_De_0_a_Heroe/5_variables.py
[2023-02-01 16:17:43,747] {logging_mixin.py:115} INFO - [2023-02-01 16:17:43,747] {dag.py:2371} INFO - Sync 1 DAGs
[2023-02-01 16:17:43,769] {logging_mixin.py:115} INFO - [2023-02-01 16:17:43,769] {dag.py:2915} INFO - Setting next_dagrun for 5_variables to 2023-02-01T00:00:00+00:00, run_after=2023-02-02T00:00:00+00:00
[2023-02-01 16:17:43,824] {processor.py:161} INFO - Processing /c/Airflow/dags/Airflow2_0_De_0_a_Heroe/5_variables.py took 0.566 seconds
[2023-02-01 16:18:14,463] {processor.py:153} INFO - Started process (PID=12987) to work on /c/Airflow/dags/Airflow2_0_De_0_a_Heroe/5_variables.py
[2023-02-01 16:18:14,464] {processor.py:641} INFO - Processing file /c/Airflow/dags/Airflow2_0_De_0_a_Heroe/5_variables.py for tasks to queue
[2023-02-01 16:18:14,465] {logging_mixin.py:115} INFO - [2023-02-01 16:18:14,465] {dagbag.py:507} INFO - Filling up the DagBag from /c/Airflow/dags/Airflow2_0_De_0_a_Heroe/5_variables.py
[2023-02-01 16:18:15,031] {processor.py:651} INFO - DAG(s) dict_keys(['5_variables']) retrieved from /c/Airflow/dags/Airflow2_0_De_0_a_Heroe/5_variables.py
[2023-02-01 16:18:15,060] {logging_mixin.py:115} INFO - [2023-02-01 16:18:15,059] {dag.py:2371} INFO - Sync 1 DAGs
[2023-02-01 16:18:15,083] {logging_mixin.py:115} INFO - [2023-02-01 16:18:15,083] {dag.py:2915} INFO - Setting next_dagrun for 5_variables to 2023-02-01T00:00:00+00:00, run_after=2023-02-02T00:00:00+00:00
[2023-02-01 16:18:15,147] {processor.py:161} INFO - Processing /c/Airflow/dags/Airflow2_0_De_0_a_Heroe/5_variables.py took 0.688 seconds
[2023-02-01 16:18:45,600] {processor.py:153} INFO - Started process (PID=13053) to work on /c/Airflow/dags/Airflow2_0_De_0_a_Heroe/5_variables.py
[2023-02-01 16:18:45,600] {processor.py:641} INFO - Processing file /c/Airflow/dags/Airflow2_0_De_0_a_Heroe/5_variables.py for tasks to queue
[2023-02-01 16:18:45,601] {logging_mixin.py:115} INFO - [2023-02-01 16:18:45,601] {dagbag.py:507} INFO - Filling up the DagBag from /c/Airflow/dags/Airflow2_0_De_0_a_Heroe/5_variables.py
[2023-02-01 16:18:46,053] {processor.py:651} INFO - DAG(s) dict_keys(['5_variables']) retrieved from /c/Airflow/dags/Airflow2_0_De_0_a_Heroe/5_variables.py
[2023-02-01 16:18:46,070] {logging_mixin.py:115} INFO - [2023-02-01 16:18:46,069] {dag.py:2371} INFO - Sync 1 DAGs
[2023-02-01 16:18:46,085] {logging_mixin.py:115} INFO - [2023-02-01 16:18:46,085] {dag.py:2915} INFO - Setting next_dagrun for 5_variables to 2023-02-01T00:00:00+00:00, run_after=2023-02-02T00:00:00+00:00
[2023-02-01 16:18:46,129] {processor.py:161} INFO - Processing /c/Airflow/dags/Airflow2_0_De_0_a_Heroe/5_variables.py took 0.532 seconds
[2023-02-01 16:19:16,735] {processor.py:153} INFO - Started process (PID=13073) to work on /c/Airflow/dags/Airflow2_0_De_0_a_Heroe/5_variables.py
[2023-02-01 16:19:16,736] {processor.py:641} INFO - Processing file /c/Airflow/dags/Airflow2_0_De_0_a_Heroe/5_variables.py for tasks to queue
[2023-02-01 16:19:16,737] {logging_mixin.py:115} INFO - [2023-02-01 16:19:16,737] {dagbag.py:507} INFO - Filling up the DagBag from /c/Airflow/dags/Airflow2_0_De_0_a_Heroe/5_variables.py
[2023-02-01 16:19:17,232] {processor.py:651} INFO - DAG(s) dict_keys(['5_variables']) retrieved from /c/Airflow/dags/Airflow2_0_De_0_a_Heroe/5_variables.py
[2023-02-01 16:19:17,277] {logging_mixin.py:115} INFO - [2023-02-01 16:19:17,277] {dag.py:2371} INFO - Sync 1 DAGs
[2023-02-01 16:19:17,319] {logging_mixin.py:115} INFO - [2023-02-01 16:19:17,319] {dag.py:2915} INFO - Setting next_dagrun for 5_variables to 2023-02-01T00:00:00+00:00, run_after=2023-02-02T00:00:00+00:00
[2023-02-01 16:19:17,401] {processor.py:161} INFO - Processing /c/Airflow/dags/Airflow2_0_De_0_a_Heroe/5_variables.py took 0.668 seconds
[2023-02-01 16:19:47,768] {processor.py:153} INFO - Started process (PID=13093) to work on /c/Airflow/dags/Airflow2_0_De_0_a_Heroe/5_variables.py
[2023-02-01 16:19:47,769] {processor.py:641} INFO - Processing file /c/Airflow/dags/Airflow2_0_De_0_a_Heroe/5_variables.py for tasks to queue
[2023-02-01 16:19:47,769] {logging_mixin.py:115} INFO - [2023-02-01 16:19:47,769] {dagbag.py:507} INFO - Filling up the DagBag from /c/Airflow/dags/Airflow2_0_De_0_a_Heroe/5_variables.py
[2023-02-01 16:19:48,235] {processor.py:651} INFO - DAG(s) dict_keys(['5_variables']) retrieved from /c/Airflow/dags/Airflow2_0_De_0_a_Heroe/5_variables.py
[2023-02-01 16:19:48,252] {logging_mixin.py:115} INFO - [2023-02-01 16:19:48,251] {dag.py:2371} INFO - Sync 1 DAGs
[2023-02-01 16:19:48,267] {logging_mixin.py:115} INFO - [2023-02-01 16:19:48,267] {dag.py:2915} INFO - Setting next_dagrun for 5_variables to 2023-02-01T00:00:00+00:00, run_after=2023-02-02T00:00:00+00:00
[2023-02-01 16:19:48,308] {processor.py:161} INFO - Processing /c/Airflow/dags/Airflow2_0_De_0_a_Heroe/5_variables.py took 0.542 seconds
[2023-02-01 16:20:18,681] {processor.py:153} INFO - Started process (PID=13113) to work on /c/Airflow/dags/Airflow2_0_De_0_a_Heroe/5_variables.py
[2023-02-01 16:20:18,681] {processor.py:641} INFO - Processing file /c/Airflow/dags/Airflow2_0_De_0_a_Heroe/5_variables.py for tasks to queue
[2023-02-01 16:20:18,682] {logging_mixin.py:115} INFO - [2023-02-01 16:20:18,682] {dagbag.py:507} INFO - Filling up the DagBag from /c/Airflow/dags/Airflow2_0_De_0_a_Heroe/5_variables.py
[2023-02-01 16:20:19,158] {processor.py:651} INFO - DAG(s) dict_keys(['5_variables']) retrieved from /c/Airflow/dags/Airflow2_0_De_0_a_Heroe/5_variables.py
[2023-02-01 16:20:19,175] {logging_mixin.py:115} INFO - [2023-02-01 16:20:19,175] {dag.py:2371} INFO - Sync 1 DAGs
[2023-02-01 16:20:19,190] {logging_mixin.py:115} INFO - [2023-02-01 16:20:19,190] {dag.py:2915} INFO - Setting next_dagrun for 5_variables to 2023-02-01T00:00:00+00:00, run_after=2023-02-02T00:00:00+00:00
[2023-02-01 16:20:19,240] {processor.py:161} INFO - Processing /c/Airflow/dags/Airflow2_0_De_0_a_Heroe/5_variables.py took 0.562 seconds
[2023-02-01 16:20:49,663] {processor.py:153} INFO - Started process (PID=13133) to work on /c/Airflow/dags/Airflow2_0_De_0_a_Heroe/5_variables.py
[2023-02-01 16:20:49,664] {processor.py:641} INFO - Processing file /c/Airflow/dags/Airflow2_0_De_0_a_Heroe/5_variables.py for tasks to queue
[2023-02-01 16:20:49,665] {logging_mixin.py:115} INFO - [2023-02-01 16:20:49,664] {dagbag.py:507} INFO - Filling up the DagBag from /c/Airflow/dags/Airflow2_0_De_0_a_Heroe/5_variables.py
[2023-02-01 16:20:50,117] {processor.py:651} INFO - DAG(s) dict_keys(['5_variables']) retrieved from /c/Airflow/dags/Airflow2_0_De_0_a_Heroe/5_variables.py
[2023-02-01 16:20:50,137] {logging_mixin.py:115} INFO - [2023-02-01 16:20:50,137] {dag.py:2371} INFO - Sync 1 DAGs
[2023-02-01 16:20:50,156] {logging_mixin.py:115} INFO - [2023-02-01 16:20:50,156] {dag.py:2915} INFO - Setting next_dagrun for 5_variables to 2023-02-01T00:00:00+00:00, run_after=2023-02-02T00:00:00+00:00
[2023-02-01 16:20:50,204] {processor.py:161} INFO - Processing /c/Airflow/dags/Airflow2_0_De_0_a_Heroe/5_variables.py took 0.544 seconds
[2023-02-01 16:21:20,594] {processor.py:153} INFO - Started process (PID=13153) to work on /c/Airflow/dags/Airflow2_0_De_0_a_Heroe/5_variables.py
[2023-02-01 16:21:20,595] {processor.py:641} INFO - Processing file /c/Airflow/dags/Airflow2_0_De_0_a_Heroe/5_variables.py for tasks to queue
[2023-02-01 16:21:20,595] {logging_mixin.py:115} INFO - [2023-02-01 16:21:20,595] {dagbag.py:507} INFO - Filling up the DagBag from /c/Airflow/dags/Airflow2_0_De_0_a_Heroe/5_variables.py
[2023-02-01 16:21:21,074] {processor.py:651} INFO - DAG(s) dict_keys(['5_variables']) retrieved from /c/Airflow/dags/Airflow2_0_De_0_a_Heroe/5_variables.py
[2023-02-01 16:21:21,099] {logging_mixin.py:115} INFO - [2023-02-01 16:21:21,099] {dag.py:2371} INFO - Sync 1 DAGs
[2023-02-01 16:21:21,120] {logging_mixin.py:115} INFO - [2023-02-01 16:21:21,120] {dag.py:2915} INFO - Setting next_dagrun for 5_variables to 2023-02-01T00:00:00+00:00, run_after=2023-02-02T00:00:00+00:00
[2023-02-01 16:21:21,168] {processor.py:161} INFO - Processing /c/Airflow/dags/Airflow2_0_De_0_a_Heroe/5_variables.py took 0.577 seconds
[2023-02-01 16:21:55,469] {processor.py:153} INFO - Started process (PID=13173) to work on /c/Airflow/dags/Airflow2_0_De_0_a_Heroe/5_variables.py
[2023-02-01 16:21:55,470] {processor.py:641} INFO - Processing file /c/Airflow/dags/Airflow2_0_De_0_a_Heroe/5_variables.py for tasks to queue
[2023-02-01 16:21:55,470] {logging_mixin.py:115} INFO - [2023-02-01 16:21:55,470] {dagbag.py:507} INFO - Filling up the DagBag from /c/Airflow/dags/Airflow2_0_De_0_a_Heroe/5_variables.py
[2023-02-01 16:21:55,939] {processor.py:651} INFO - DAG(s) dict_keys(['5_variables']) retrieved from /c/Airflow/dags/Airflow2_0_De_0_a_Heroe/5_variables.py
[2023-02-01 16:21:55,964] {logging_mixin.py:115} INFO - [2023-02-01 16:21:55,964] {dag.py:2371} INFO - Sync 1 DAGs
[2023-02-01 16:21:55,983] {logging_mixin.py:115} INFO - [2023-02-01 16:21:55,983] {dag.py:2915} INFO - Setting next_dagrun for 5_variables to 2023-02-01T00:00:00+00:00, run_after=2023-02-02T00:00:00+00:00
[2023-02-01 16:21:56,039] {processor.py:161} INFO - Processing /c/Airflow/dags/Airflow2_0_De_0_a_Heroe/5_variables.py took 0.571 seconds
[2023-02-01 16:22:26,535] {processor.py:153} INFO - Started process (PID=13193) to work on /c/Airflow/dags/Airflow2_0_De_0_a_Heroe/5_variables.py
[2023-02-01 16:22:26,536] {processor.py:641} INFO - Processing file /c/Airflow/dags/Airflow2_0_De_0_a_Heroe/5_variables.py for tasks to queue
[2023-02-01 16:22:26,537] {logging_mixin.py:115} INFO - [2023-02-01 16:22:26,537] {dagbag.py:507} INFO - Filling up the DagBag from /c/Airflow/dags/Airflow2_0_De_0_a_Heroe/5_variables.py
[2023-02-01 16:22:26,982] {processor.py:651} INFO - DAG(s) dict_keys(['5_variables']) retrieved from /c/Airflow/dags/Airflow2_0_De_0_a_Heroe/5_variables.py
[2023-02-01 16:22:26,998] {logging_mixin.py:115} INFO - [2023-02-01 16:22:26,998] {dag.py:2371} INFO - Sync 1 DAGs
[2023-02-01 16:22:27,014] {logging_mixin.py:115} INFO - [2023-02-01 16:22:27,014] {dag.py:2915} INFO - Setting next_dagrun for 5_variables to 2023-02-01T00:00:00+00:00, run_after=2023-02-02T00:00:00+00:00
[2023-02-01 16:22:27,054] {processor.py:161} INFO - Processing /c/Airflow/dags/Airflow2_0_De_0_a_Heroe/5_variables.py took 0.520 seconds
[2023-02-01 16:22:57,340] {processor.py:153} INFO - Started process (PID=13213) to work on /c/Airflow/dags/Airflow2_0_De_0_a_Heroe/5_variables.py
[2023-02-01 16:22:57,341] {processor.py:641} INFO - Processing file /c/Airflow/dags/Airflow2_0_De_0_a_Heroe/5_variables.py for tasks to queue
[2023-02-01 16:22:57,341] {logging_mixin.py:115} INFO - [2023-02-01 16:22:57,341] {dagbag.py:507} INFO - Filling up the DagBag from /c/Airflow/dags/Airflow2_0_De_0_a_Heroe/5_variables.py
[2023-02-01 16:22:57,801] {processor.py:651} INFO - DAG(s) dict_keys(['5_variables']) retrieved from /c/Airflow/dags/Airflow2_0_De_0_a_Heroe/5_variables.py
[2023-02-01 16:22:57,818] {logging_mixin.py:115} INFO - [2023-02-01 16:22:57,817] {dag.py:2371} INFO - Sync 1 DAGs
[2023-02-01 16:22:57,833] {logging_mixin.py:115} INFO - [2023-02-01 16:22:57,833] {dag.py:2915} INFO - Setting next_dagrun for 5_variables to 2023-02-01T00:00:00+00:00, run_after=2023-02-02T00:00:00+00:00
[2023-02-01 16:22:57,885] {processor.py:161} INFO - Processing /c/Airflow/dags/Airflow2_0_De_0_a_Heroe/5_variables.py took 0.547 seconds
[2023-02-01 16:23:28,228] {processor.py:153} INFO - Started process (PID=13233) to work on /c/Airflow/dags/Airflow2_0_De_0_a_Heroe/5_variables.py
[2023-02-01 16:23:28,229] {processor.py:641} INFO - Processing file /c/Airflow/dags/Airflow2_0_De_0_a_Heroe/5_variables.py for tasks to queue
[2023-02-01 16:23:28,229] {logging_mixin.py:115} INFO - [2023-02-01 16:23:28,229] {dagbag.py:507} INFO - Filling up the DagBag from /c/Airflow/dags/Airflow2_0_De_0_a_Heroe/5_variables.py
[2023-02-01 16:23:28,695] {processor.py:651} INFO - DAG(s) dict_keys(['5_variables']) retrieved from /c/Airflow/dags/Airflow2_0_De_0_a_Heroe/5_variables.py
[2023-02-01 16:23:28,711] {logging_mixin.py:115} INFO - [2023-02-01 16:23:28,710] {dag.py:2371} INFO - Sync 1 DAGs
[2023-02-01 16:23:28,728] {logging_mixin.py:115} INFO - [2023-02-01 16:23:28,728] {dag.py:2915} INFO - Setting next_dagrun for 5_variables to 2023-02-01T00:00:00+00:00, run_after=2023-02-02T00:00:00+00:00
[2023-02-01 16:23:28,764] {processor.py:161} INFO - Processing /c/Airflow/dags/Airflow2_0_De_0_a_Heroe/5_variables.py took 0.539 seconds
[2023-02-01 16:23:59,190] {processor.py:153} INFO - Started process (PID=13253) to work on /c/Airflow/dags/Airflow2_0_De_0_a_Heroe/5_variables.py
[2023-02-01 16:23:59,191] {processor.py:641} INFO - Processing file /c/Airflow/dags/Airflow2_0_De_0_a_Heroe/5_variables.py for tasks to queue
[2023-02-01 16:23:59,192] {logging_mixin.py:115} INFO - [2023-02-01 16:23:59,192] {dagbag.py:507} INFO - Filling up the DagBag from /c/Airflow/dags/Airflow2_0_De_0_a_Heroe/5_variables.py
[2023-02-01 16:23:59,698] {processor.py:651} INFO - DAG(s) dict_keys(['5_variables']) retrieved from /c/Airflow/dags/Airflow2_0_De_0_a_Heroe/5_variables.py
[2023-02-01 16:23:59,718] {logging_mixin.py:115} INFO - [2023-02-01 16:23:59,718] {dag.py:2371} INFO - Sync 1 DAGs
[2023-02-01 16:23:59,741] {logging_mixin.py:115} INFO - [2023-02-01 16:23:59,740] {dag.py:2915} INFO - Setting next_dagrun for 5_variables to 2023-02-01T00:00:00+00:00, run_after=2023-02-02T00:00:00+00:00
[2023-02-01 16:23:59,814] {processor.py:161} INFO - Processing /c/Airflow/dags/Airflow2_0_De_0_a_Heroe/5_variables.py took 0.625 seconds
[2023-02-01 16:24:30,447] {processor.py:153} INFO - Started process (PID=13273) to work on /c/Airflow/dags/Airflow2_0_De_0_a_Heroe/5_variables.py
[2023-02-01 16:24:30,448] {processor.py:641} INFO - Processing file /c/Airflow/dags/Airflow2_0_De_0_a_Heroe/5_variables.py for tasks to queue
[2023-02-01 16:24:30,450] {logging_mixin.py:115} INFO - [2023-02-01 16:24:30,450] {dagbag.py:507} INFO - Filling up the DagBag from /c/Airflow/dags/Airflow2_0_De_0_a_Heroe/5_variables.py
[2023-02-01 16:24:30,944] {processor.py:651} INFO - DAG(s) dict_keys(['5_variables']) retrieved from /c/Airflow/dags/Airflow2_0_De_0_a_Heroe/5_variables.py
[2023-02-01 16:24:30,963] {logging_mixin.py:115} INFO - [2023-02-01 16:24:30,962] {dag.py:2371} INFO - Sync 1 DAGs
[2023-02-01 16:24:30,979] {logging_mixin.py:115} INFO - [2023-02-01 16:24:30,979] {dag.py:2915} INFO - Setting next_dagrun for 5_variables to 2023-02-01T00:00:00+00:00, run_after=2023-02-02T00:00:00+00:00
[2023-02-01 16:24:31,027] {processor.py:161} INFO - Processing /c/Airflow/dags/Airflow2_0_De_0_a_Heroe/5_variables.py took 0.582 seconds
[2023-02-01 16:25:01,578] {processor.py:153} INFO - Started process (PID=13293) to work on /c/Airflow/dags/Airflow2_0_De_0_a_Heroe/5_variables.py
[2023-02-01 16:25:01,579] {processor.py:641} INFO - Processing file /c/Airflow/dags/Airflow2_0_De_0_a_Heroe/5_variables.py for tasks to queue
[2023-02-01 16:25:01,580] {logging_mixin.py:115} INFO - [2023-02-01 16:25:01,580] {dagbag.py:507} INFO - Filling up the DagBag from /c/Airflow/dags/Airflow2_0_De_0_a_Heroe/5_variables.py
[2023-02-01 16:25:02,027] {processor.py:651} INFO - DAG(s) dict_keys(['5_variables']) retrieved from /c/Airflow/dags/Airflow2_0_De_0_a_Heroe/5_variables.py
[2023-02-01 16:25:02,043] {logging_mixin.py:115} INFO - [2023-02-01 16:25:02,043] {dag.py:2371} INFO - Sync 1 DAGs
[2023-02-01 16:25:02,058] {logging_mixin.py:115} INFO - [2023-02-01 16:25:02,058] {dag.py:2915} INFO - Setting next_dagrun for 5_variables to 2023-02-01T00:00:00+00:00, run_after=2023-02-02T00:00:00+00:00
[2023-02-01 16:25:02,110] {processor.py:161} INFO - Processing /c/Airflow/dags/Airflow2_0_De_0_a_Heroe/5_variables.py took 0.534 seconds
[2023-02-01 16:25:32,502] {processor.py:153} INFO - Started process (PID=13313) to work on /c/Airflow/dags/Airflow2_0_De_0_a_Heroe/5_variables.py
[2023-02-01 16:25:32,503] {processor.py:641} INFO - Processing file /c/Airflow/dags/Airflow2_0_De_0_a_Heroe/5_variables.py for tasks to queue
[2023-02-01 16:25:32,504] {logging_mixin.py:115} INFO - [2023-02-01 16:25:32,504] {dagbag.py:507} INFO - Filling up the DagBag from /c/Airflow/dags/Airflow2_0_De_0_a_Heroe/5_variables.py
[2023-02-01 16:25:33,051] {processor.py:651} INFO - DAG(s) dict_keys(['5_variables']) retrieved from /c/Airflow/dags/Airflow2_0_De_0_a_Heroe/5_variables.py
[2023-02-01 16:25:33,067] {logging_mixin.py:115} INFO - [2023-02-01 16:25:33,066] {dag.py:2371} INFO - Sync 1 DAGs
[2023-02-01 16:25:33,082] {logging_mixin.py:115} INFO - [2023-02-01 16:25:33,082] {dag.py:2915} INFO - Setting next_dagrun for 5_variables to 2023-02-01T00:00:00+00:00, run_after=2023-02-02T00:00:00+00:00
[2023-02-01 16:25:33,122] {processor.py:161} INFO - Processing /c/Airflow/dags/Airflow2_0_De_0_a_Heroe/5_variables.py took 0.623 seconds
[2023-02-01 16:26:03,830] {processor.py:153} INFO - Started process (PID=13333) to work on /c/Airflow/dags/Airflow2_0_De_0_a_Heroe/5_variables.py
[2023-02-01 16:26:03,831] {processor.py:641} INFO - Processing file /c/Airflow/dags/Airflow2_0_De_0_a_Heroe/5_variables.py for tasks to queue
[2023-02-01 16:26:03,832] {logging_mixin.py:115} INFO - [2023-02-01 16:26:03,832] {dagbag.py:507} INFO - Filling up the DagBag from /c/Airflow/dags/Airflow2_0_De_0_a_Heroe/5_variables.py
[2023-02-01 16:26:04,284] {processor.py:651} INFO - DAG(s) dict_keys(['5_variables']) retrieved from /c/Airflow/dags/Airflow2_0_De_0_a_Heroe/5_variables.py
[2023-02-01 16:26:04,301] {logging_mixin.py:115} INFO - [2023-02-01 16:26:04,300] {dag.py:2371} INFO - Sync 1 DAGs
[2023-02-01 16:26:04,316] {logging_mixin.py:115} INFO - [2023-02-01 16:26:04,316] {dag.py:2915} INFO - Setting next_dagrun for 5_variables to 2023-02-01T00:00:00+00:00, run_after=2023-02-02T00:00:00+00:00
[2023-02-01 16:26:04,361] {processor.py:161} INFO - Processing /c/Airflow/dags/Airflow2_0_De_0_a_Heroe/5_variables.py took 0.533 seconds
[2023-02-01 16:26:35,151] {processor.py:153} INFO - Started process (PID=13353) to work on /c/Airflow/dags/Airflow2_0_De_0_a_Heroe/5_variables.py
[2023-02-01 16:26:35,151] {processor.py:641} INFO - Processing file /c/Airflow/dags/Airflow2_0_De_0_a_Heroe/5_variables.py for tasks to queue
[2023-02-01 16:26:35,152] {logging_mixin.py:115} INFO - [2023-02-01 16:26:35,152] {dagbag.py:507} INFO - Filling up the DagBag from /c/Airflow/dags/Airflow2_0_De_0_a_Heroe/5_variables.py
[2023-02-01 16:26:35,678] {processor.py:651} INFO - DAG(s) dict_keys(['5_variables']) retrieved from /c/Airflow/dags/Airflow2_0_De_0_a_Heroe/5_variables.py
[2023-02-01 16:26:35,698] {logging_mixin.py:115} INFO - [2023-02-01 16:26:35,697] {dag.py:2371} INFO - Sync 1 DAGs
[2023-02-01 16:26:35,719] {logging_mixin.py:115} INFO - [2023-02-01 16:26:35,719] {dag.py:2915} INFO - Setting next_dagrun for 5_variables to 2023-02-01T00:00:00+00:00, run_after=2023-02-02T00:00:00+00:00
[2023-02-01 16:26:35,772] {processor.py:161} INFO - Processing /c/Airflow/dags/Airflow2_0_De_0_a_Heroe/5_variables.py took 0.623 seconds
[2023-02-01 16:27:08,473] {processor.py:153} INFO - Started process (PID=13373) to work on /c/Airflow/dags/Airflow2_0_De_0_a_Heroe/5_variables.py
[2023-02-01 16:27:08,474] {processor.py:641} INFO - Processing file /c/Airflow/dags/Airflow2_0_De_0_a_Heroe/5_variables.py for tasks to queue
[2023-02-01 16:27:08,475] {logging_mixin.py:115} INFO - [2023-02-01 16:27:08,475] {dagbag.py:507} INFO - Filling up the DagBag from /c/Airflow/dags/Airflow2_0_De_0_a_Heroe/5_variables.py
[2023-02-01 16:27:09,013] {processor.py:651} INFO - DAG(s) dict_keys(['5_variables']) retrieved from /c/Airflow/dags/Airflow2_0_De_0_a_Heroe/5_variables.py
[2023-02-01 16:27:09,036] {logging_mixin.py:115} INFO - [2023-02-01 16:27:09,036] {dag.py:2371} INFO - Sync 1 DAGs
[2023-02-01 16:27:09,063] {logging_mixin.py:115} INFO - [2023-02-01 16:27:09,062] {dag.py:2915} INFO - Setting next_dagrun for 5_variables to 2023-02-01T00:00:00+00:00, run_after=2023-02-02T00:00:00+00:00
[2023-02-01 16:27:09,126] {processor.py:161} INFO - Processing /c/Airflow/dags/Airflow2_0_De_0_a_Heroe/5_variables.py took 0.655 seconds
[2023-02-01 16:27:41,910] {processor.py:153} INFO - Started process (PID=13416) to work on /c/Airflow/dags/Airflow2_0_De_0_a_Heroe/5_variables.py
[2023-02-01 16:27:41,911] {processor.py:641} INFO - Processing file /c/Airflow/dags/Airflow2_0_De_0_a_Heroe/5_variables.py for tasks to queue
[2023-02-01 16:27:41,911] {logging_mixin.py:115} INFO - [2023-02-01 16:27:41,911] {dagbag.py:507} INFO - Filling up the DagBag from /c/Airflow/dags/Airflow2_0_De_0_a_Heroe/5_variables.py
[2023-02-01 16:27:42,400] {processor.py:651} INFO - DAG(s) dict_keys(['5_variables']) retrieved from /c/Airflow/dags/Airflow2_0_De_0_a_Heroe/5_variables.py
[2023-02-01 16:27:42,417] {logging_mixin.py:115} INFO - [2023-02-01 16:27:42,417] {dag.py:2371} INFO - Sync 1 DAGs
[2023-02-01 16:27:42,434] {logging_mixin.py:115} INFO - [2023-02-01 16:27:42,434] {dag.py:2915} INFO - Setting next_dagrun for 5_variables to 2023-02-01T00:00:00+00:00, run_after=2023-02-02T00:00:00+00:00
[2023-02-01 16:27:42,475] {processor.py:161} INFO - Processing /c/Airflow/dags/Airflow2_0_De_0_a_Heroe/5_variables.py took 0.568 seconds
[2023-02-01 16:28:12,868] {processor.py:153} INFO - Started process (PID=13459) to work on /c/Airflow/dags/Airflow2_0_De_0_a_Heroe/5_variables.py
[2023-02-01 16:28:12,869] {processor.py:641} INFO - Processing file /c/Airflow/dags/Airflow2_0_De_0_a_Heroe/5_variables.py for tasks to queue
[2023-02-01 16:28:12,870] {logging_mixin.py:115} INFO - [2023-02-01 16:28:12,869] {dagbag.py:507} INFO - Filling up the DagBag from /c/Airflow/dags/Airflow2_0_De_0_a_Heroe/5_variables.py
[2023-02-01 16:28:13,332] {processor.py:651} INFO - DAG(s) dict_keys(['5_variables']) retrieved from /c/Airflow/dags/Airflow2_0_De_0_a_Heroe/5_variables.py
[2023-02-01 16:28:13,348] {logging_mixin.py:115} INFO - [2023-02-01 16:28:13,348] {dag.py:2371} INFO - Sync 1 DAGs
[2023-02-01 16:28:13,364] {logging_mixin.py:115} INFO - [2023-02-01 16:28:13,364] {dag.py:2915} INFO - Setting next_dagrun for 5_variables to 2023-02-01T00:00:00+00:00, run_after=2023-02-02T00:00:00+00:00
[2023-02-01 16:28:13,404] {processor.py:161} INFO - Processing /c/Airflow/dags/Airflow2_0_De_0_a_Heroe/5_variables.py took 0.538 seconds
[2023-02-01 16:28:44,606] {processor.py:153} INFO - Started process (PID=13479) to work on /c/Airflow/dags/Airflow2_0_De_0_a_Heroe/5_variables.py
[2023-02-01 16:28:44,606] {processor.py:641} INFO - Processing file /c/Airflow/dags/Airflow2_0_De_0_a_Heroe/5_variables.py for tasks to queue
[2023-02-01 16:28:44,607] {logging_mixin.py:115} INFO - [2023-02-01 16:28:44,607] {dagbag.py:507} INFO - Filling up the DagBag from /c/Airflow/dags/Airflow2_0_De_0_a_Heroe/5_variables.py
[2023-02-01 16:28:45,151] {processor.py:651} INFO - DAG(s) dict_keys(['5_variables']) retrieved from /c/Airflow/dags/Airflow2_0_De_0_a_Heroe/5_variables.py
[2023-02-01 16:28:45,169] {logging_mixin.py:115} INFO - [2023-02-01 16:28:45,169] {dag.py:2371} INFO - Sync 1 DAGs
[2023-02-01 16:28:45,184] {logging_mixin.py:115} INFO - [2023-02-01 16:28:45,184] {dag.py:2915} INFO - Setting next_dagrun for 5_variables to 2023-02-01T00:00:00+00:00, run_after=2023-02-02T00:00:00+00:00
[2023-02-01 16:28:45,221] {processor.py:161} INFO - Processing /c/Airflow/dags/Airflow2_0_De_0_a_Heroe/5_variables.py took 0.618 seconds
[2023-02-01 16:29:16,031] {processor.py:153} INFO - Started process (PID=13528) to work on /c/Airflow/dags/Airflow2_0_De_0_a_Heroe/5_variables.py
[2023-02-01 16:29:16,032] {processor.py:641} INFO - Processing file /c/Airflow/dags/Airflow2_0_De_0_a_Heroe/5_variables.py for tasks to queue
[2023-02-01 16:29:16,032] {logging_mixin.py:115} INFO - [2023-02-01 16:29:16,032] {dagbag.py:507} INFO - Filling up the DagBag from /c/Airflow/dags/Airflow2_0_De_0_a_Heroe/5_variables.py
[2023-02-01 16:29:16,484] {processor.py:651} INFO - DAG(s) dict_keys(['5_variables']) retrieved from /c/Airflow/dags/Airflow2_0_De_0_a_Heroe/5_variables.py
[2023-02-01 16:29:16,500] {logging_mixin.py:115} INFO - [2023-02-01 16:29:16,499] {dag.py:2371} INFO - Sync 1 DAGs
[2023-02-01 16:29:16,516] {logging_mixin.py:115} INFO - [2023-02-01 16:29:16,516] {dag.py:2915} INFO - Setting next_dagrun for 5_variables to 2023-02-01T00:00:00+00:00, run_after=2023-02-02T00:00:00+00:00
[2023-02-01 16:29:16,564] {processor.py:161} INFO - Processing /c/Airflow/dags/Airflow2_0_De_0_a_Heroe/5_variables.py took 0.535 seconds
[2023-02-01 16:29:47,449] {processor.py:153} INFO - Started process (PID=13548) to work on /c/Airflow/dags/Airflow2_0_De_0_a_Heroe/5_variables.py
[2023-02-01 16:29:47,450] {processor.py:641} INFO - Processing file /c/Airflow/dags/Airflow2_0_De_0_a_Heroe/5_variables.py for tasks to queue
[2023-02-01 16:29:47,451] {logging_mixin.py:115} INFO - [2023-02-01 16:29:47,451] {dagbag.py:507} INFO - Filling up the DagBag from /c/Airflow/dags/Airflow2_0_De_0_a_Heroe/5_variables.py
[2023-02-01 16:29:47,917] {processor.py:651} INFO - DAG(s) dict_keys(['5_variables']) retrieved from /c/Airflow/dags/Airflow2_0_De_0_a_Heroe/5_variables.py
[2023-02-01 16:29:47,931] {logging_mixin.py:115} INFO - [2023-02-01 16:29:47,931] {dag.py:2371} INFO - Sync 1 DAGs
[2023-02-01 16:29:47,946] {logging_mixin.py:115} INFO - [2023-02-01 16:29:47,946] {dag.py:2915} INFO - Setting next_dagrun for 5_variables to 2023-02-01T00:00:00+00:00, run_after=2023-02-02T00:00:00+00:00
[2023-02-01 16:29:47,985] {processor.py:161} INFO - Processing /c/Airflow/dags/Airflow2_0_De_0_a_Heroe/5_variables.py took 0.538 seconds
[2023-02-01 17:43:13,773] {processor.py:153} INFO - Started process (PID=13603) to work on /c/Airflow/dags/Airflow2_0_De_0_a_Heroe/5_variables.py
[2023-02-01 17:43:13,774] {processor.py:641} INFO - Processing file /c/Airflow/dags/Airflow2_0_De_0_a_Heroe/5_variables.py for tasks to queue
[2023-02-01 17:43:13,774] {logging_mixin.py:115} INFO - [2023-02-01 17:43:13,774] {dagbag.py:507} INFO - Filling up the DagBag from /c/Airflow/dags/Airflow2_0_De_0_a_Heroe/5_variables.py
[2023-02-01 17:43:14,201] {processor.py:651} INFO - DAG(s) dict_keys(['5_variables']) retrieved from /c/Airflow/dags/Airflow2_0_De_0_a_Heroe/5_variables.py
[2023-02-01 17:43:14,221] {logging_mixin.py:115} INFO - [2023-02-01 17:43:14,221] {dag.py:2371} INFO - Sync 1 DAGs
[2023-02-01 17:43:14,240] {logging_mixin.py:115} INFO - [2023-02-01 17:43:14,240] {dag.py:2915} INFO - Setting next_dagrun for 5_variables to 2023-02-01T00:00:00+00:00, run_after=2023-02-02T00:00:00+00:00
[2023-02-01 17:43:14,277] {processor.py:161} INFO - Processing /c/Airflow/dags/Airflow2_0_De_0_a_Heroe/5_variables.py took 0.506 seconds
[2023-02-01 17:43:44,897] {processor.py:153} INFO - Started process (PID=13623) to work on /c/Airflow/dags/Airflow2_0_De_0_a_Heroe/5_variables.py
[2023-02-01 17:43:44,897] {processor.py:641} INFO - Processing file /c/Airflow/dags/Airflow2_0_De_0_a_Heroe/5_variables.py for tasks to queue
[2023-02-01 17:43:44,898] {logging_mixin.py:115} INFO - [2023-02-01 17:43:44,898] {dagbag.py:507} INFO - Filling up the DagBag from /c/Airflow/dags/Airflow2_0_De_0_a_Heroe/5_variables.py
[2023-02-01 17:43:45,321] {processor.py:651} INFO - DAG(s) dict_keys(['5_variables']) retrieved from /c/Airflow/dags/Airflow2_0_De_0_a_Heroe/5_variables.py
[2023-02-01 17:43:45,336] {logging_mixin.py:115} INFO - [2023-02-01 17:43:45,336] {dag.py:2371} INFO - Sync 1 DAGs
[2023-02-01 17:43:45,352] {logging_mixin.py:115} INFO - [2023-02-01 17:43:45,352] {dag.py:2915} INFO - Setting next_dagrun for 5_variables to 2023-02-01T00:00:00+00:00, run_after=2023-02-02T00:00:00+00:00
[2023-02-01 17:43:45,396] {processor.py:161} INFO - Processing /c/Airflow/dags/Airflow2_0_De_0_a_Heroe/5_variables.py took 0.502 seconds
[2023-02-01 17:44:15,503] {processor.py:153} INFO - Started process (PID=13643) to work on /c/Airflow/dags/Airflow2_0_De_0_a_Heroe/5_variables.py
[2023-02-01 17:44:15,504] {processor.py:641} INFO - Processing file /c/Airflow/dags/Airflow2_0_De_0_a_Heroe/5_variables.py for tasks to queue
[2023-02-01 17:44:15,504] {logging_mixin.py:115} INFO - [2023-02-01 17:44:15,504] {dagbag.py:507} INFO - Filling up the DagBag from /c/Airflow/dags/Airflow2_0_De_0_a_Heroe/5_variables.py
[2023-02-01 17:44:15,925] {processor.py:651} INFO - DAG(s) dict_keys(['5_variables']) retrieved from /c/Airflow/dags/Airflow2_0_De_0_a_Heroe/5_variables.py
[2023-02-01 17:44:15,943] {logging_mixin.py:115} INFO - [2023-02-01 17:44:15,943] {dag.py:2371} INFO - Sync 1 DAGs
[2023-02-01 17:44:15,959] {logging_mixin.py:115} INFO - [2023-02-01 17:44:15,959] {dag.py:2915} INFO - Setting next_dagrun for 5_variables to 2023-02-01T00:00:00+00:00, run_after=2023-02-02T00:00:00+00:00
[2023-02-01 17:44:15,993] {processor.py:161} INFO - Processing /c/Airflow/dags/Airflow2_0_De_0_a_Heroe/5_variables.py took 0.492 seconds
[2023-02-01 17:44:46,227] {processor.py:153} INFO - Started process (PID=13709) to work on /c/Airflow/dags/Airflow2_0_De_0_a_Heroe/5_variables.py
[2023-02-01 17:44:46,228] {processor.py:641} INFO - Processing file /c/Airflow/dags/Airflow2_0_De_0_a_Heroe/5_variables.py for tasks to queue
[2023-02-01 17:44:46,228] {logging_mixin.py:115} INFO - [2023-02-01 17:44:46,228] {dagbag.py:507} INFO - Filling up the DagBag from /c/Airflow/dags/Airflow2_0_De_0_a_Heroe/5_variables.py
[2023-02-01 17:44:46,623] {processor.py:651} INFO - DAG(s) dict_keys(['5_variables']) retrieved from /c/Airflow/dags/Airflow2_0_De_0_a_Heroe/5_variables.py
[2023-02-01 17:44:46,637] {logging_mixin.py:115} INFO - [2023-02-01 17:44:46,637] {dag.py:2371} INFO - Sync 1 DAGs
[2023-02-01 17:44:46,651] {logging_mixin.py:115} INFO - [2023-02-01 17:44:46,651] {dag.py:2915} INFO - Setting next_dagrun for 5_variables to 2023-02-01T00:00:00+00:00, run_after=2023-02-02T00:00:00+00:00
[2023-02-01 17:44:46,688] {processor.py:161} INFO - Processing /c/Airflow/dags/Airflow2_0_De_0_a_Heroe/5_variables.py took 0.463 seconds
[2023-02-01 17:45:17,602] {processor.py:153} INFO - Started process (PID=13729) to work on /c/Airflow/dags/Airflow2_0_De_0_a_Heroe/5_variables.py
[2023-02-01 17:45:17,602] {processor.py:641} INFO - Processing file /c/Airflow/dags/Airflow2_0_De_0_a_Heroe/5_variables.py for tasks to queue
[2023-02-01 17:45:17,603] {logging_mixin.py:115} INFO - [2023-02-01 17:45:17,603] {dagbag.py:507} INFO - Filling up the DagBag from /c/Airflow/dags/Airflow2_0_De_0_a_Heroe/5_variables.py
[2023-02-01 17:45:17,998] {processor.py:651} INFO - DAG(s) dict_keys(['5_variables']) retrieved from /c/Airflow/dags/Airflow2_0_De_0_a_Heroe/5_variables.py
[2023-02-01 17:45:18,012] {logging_mixin.py:115} INFO - [2023-02-01 17:45:18,012] {dag.py:2371} INFO - Sync 1 DAGs
[2023-02-01 17:45:18,027] {logging_mixin.py:115} INFO - [2023-02-01 17:45:18,027] {dag.py:2915} INFO - Setting next_dagrun for 5_variables to 2023-02-01T00:00:00+00:00, run_after=2023-02-02T00:00:00+00:00
[2023-02-01 17:45:18,060] {processor.py:161} INFO - Processing /c/Airflow/dags/Airflow2_0_De_0_a_Heroe/5_variables.py took 0.460 seconds
[2023-02-01 17:45:49,616] {processor.py:153} INFO - Started process (PID=13795) to work on /c/Airflow/dags/Airflow2_0_De_0_a_Heroe/5_variables.py
[2023-02-01 17:45:49,617] {processor.py:641} INFO - Processing file /c/Airflow/dags/Airflow2_0_De_0_a_Heroe/5_variables.py for tasks to queue
[2023-02-01 17:45:49,618] {logging_mixin.py:115} INFO - [2023-02-01 17:45:49,618] {dagbag.py:507} INFO - Filling up the DagBag from /c/Airflow/dags/Airflow2_0_De_0_a_Heroe/5_variables.py
[2023-02-01 17:45:50,044] {processor.py:651} INFO - DAG(s) dict_keys(['5_variables']) retrieved from /c/Airflow/dags/Airflow2_0_De_0_a_Heroe/5_variables.py
[2023-02-01 17:45:50,059] {logging_mixin.py:115} INFO - [2023-02-01 17:45:50,059] {dag.py:2371} INFO - Sync 1 DAGs
[2023-02-01 17:45:50,076] {logging_mixin.py:115} INFO - [2023-02-01 17:45:50,076] {dag.py:2915} INFO - Setting next_dagrun for 5_variables to 2023-02-01T00:00:00+00:00, run_after=2023-02-02T00:00:00+00:00
[2023-02-01 17:45:50,116] {processor.py:161} INFO - Processing /c/Airflow/dags/Airflow2_0_De_0_a_Heroe/5_variables.py took 0.502 seconds
[2023-02-01 17:46:20,615] {processor.py:153} INFO - Started process (PID=13815) to work on /c/Airflow/dags/Airflow2_0_De_0_a_Heroe/5_variables.py
[2023-02-01 17:46:20,616] {processor.py:641} INFO - Processing file /c/Airflow/dags/Airflow2_0_De_0_a_Heroe/5_variables.py for tasks to queue
[2023-02-01 17:46:20,616] {logging_mixin.py:115} INFO - [2023-02-01 17:46:20,616] {dagbag.py:507} INFO - Filling up the DagBag from /c/Airflow/dags/Airflow2_0_De_0_a_Heroe/5_variables.py
[2023-02-01 17:46:21,045] {processor.py:651} INFO - DAG(s) dict_keys(['5_variables']) retrieved from /c/Airflow/dags/Airflow2_0_De_0_a_Heroe/5_variables.py
[2023-02-01 17:46:21,060] {logging_mixin.py:115} INFO - [2023-02-01 17:46:21,060] {dag.py:2371} INFO - Sync 1 DAGs
[2023-02-01 17:46:21,074] {logging_mixin.py:115} INFO - [2023-02-01 17:46:21,074] {dag.py:2915} INFO - Setting next_dagrun for 5_variables to 2023-02-01T00:00:00+00:00, run_after=2023-02-02T00:00:00+00:00
[2023-02-01 17:46:21,115] {processor.py:161} INFO - Processing /c/Airflow/dags/Airflow2_0_De_0_a_Heroe/5_variables.py took 0.502 seconds
[2023-02-01 17:46:51,635] {processor.py:153} INFO - Started process (PID=13835) to work on /c/Airflow/dags/Airflow2_0_De_0_a_Heroe/5_variables.py
[2023-02-01 17:46:51,636] {processor.py:641} INFO - Processing file /c/Airflow/dags/Airflow2_0_De_0_a_Heroe/5_variables.py for tasks to queue
[2023-02-01 17:46:51,636] {logging_mixin.py:115} INFO - [2023-02-01 17:46:51,636] {dagbag.py:507} INFO - Filling up the DagBag from /c/Airflow/dags/Airflow2_0_De_0_a_Heroe/5_variables.py
[2023-02-01 17:46:52,089] {processor.py:651} INFO - DAG(s) dict_keys(['5_variables']) retrieved from /c/Airflow/dags/Airflow2_0_De_0_a_Heroe/5_variables.py
[2023-02-01 17:46:52,108] {logging_mixin.py:115} INFO - [2023-02-01 17:46:52,108] {dag.py:2371} INFO - Sync 1 DAGs
[2023-02-01 17:46:52,129] {logging_mixin.py:115} INFO - [2023-02-01 17:46:52,129] {dag.py:2915} INFO - Setting next_dagrun for 5_variables to 2023-02-01T00:00:00+00:00, run_after=2023-02-02T00:00:00+00:00
[2023-02-01 17:46:52,175] {processor.py:161} INFO - Processing /c/Airflow/dags/Airflow2_0_De_0_a_Heroe/5_variables.py took 0.542 seconds
[2023-02-01 17:51:11,429] {processor.py:153} INFO - Started process (PID=14002) to work on /c/Airflow/dags/Airflow2_0_De_0_a_Heroe/5_variables.py
[2023-02-01 17:51:11,430] {processor.py:641} INFO - Processing file /c/Airflow/dags/Airflow2_0_De_0_a_Heroe/5_variables.py for tasks to queue
[2023-02-01 17:51:11,430] {logging_mixin.py:115} INFO - [2023-02-01 17:51:11,430] {dagbag.py:507} INFO - Filling up the DagBag from /c/Airflow/dags/Airflow2_0_De_0_a_Heroe/5_variables.py
[2023-02-01 17:51:11,875] {processor.py:651} INFO - DAG(s) dict_keys(['5_variables']) retrieved from /c/Airflow/dags/Airflow2_0_De_0_a_Heroe/5_variables.py
[2023-02-01 17:51:11,890] {logging_mixin.py:115} INFO - [2023-02-01 17:51:11,890] {dag.py:2371} INFO - Sync 1 DAGs
[2023-02-01 17:51:11,903] {logging_mixin.py:115} INFO - [2023-02-01 17:51:11,903] {dag.py:2915} INFO - Setting next_dagrun for 5_variables to 2023-02-01T00:00:00+00:00, run_after=2023-02-02T00:00:00+00:00
[2023-02-01 17:51:11,937] {processor.py:161} INFO - Processing /c/Airflow/dags/Airflow2_0_De_0_a_Heroe/5_variables.py took 0.510 seconds
[2023-02-01 17:51:43,035] {processor.py:153} INFO - Started process (PID=14022) to work on /c/Airflow/dags/Airflow2_0_De_0_a_Heroe/5_variables.py
[2023-02-01 17:51:43,036] {processor.py:641} INFO - Processing file /c/Airflow/dags/Airflow2_0_De_0_a_Heroe/5_variables.py for tasks to queue
[2023-02-01 17:51:43,036] {logging_mixin.py:115} INFO - [2023-02-01 17:51:43,036] {dagbag.py:507} INFO - Filling up the DagBag from /c/Airflow/dags/Airflow2_0_De_0_a_Heroe/5_variables.py
[2023-02-01 17:51:43,476] {processor.py:651} INFO - DAG(s) dict_keys(['5_variables']) retrieved from /c/Airflow/dags/Airflow2_0_De_0_a_Heroe/5_variables.py
[2023-02-01 17:51:43,489] {logging_mixin.py:115} INFO - [2023-02-01 17:51:43,489] {dag.py:2371} INFO - Sync 1 DAGs
[2023-02-01 17:51:43,502] {logging_mixin.py:115} INFO - [2023-02-01 17:51:43,502] {dag.py:2915} INFO - Setting next_dagrun for 5_variables to 2023-02-01T00:00:00+00:00, run_after=2023-02-02T00:00:00+00:00
[2023-02-01 17:51:43,539] {processor.py:161} INFO - Processing /c/Airflow/dags/Airflow2_0_De_0_a_Heroe/5_variables.py took 0.505 seconds
[2023-02-01 17:52:14,700] {processor.py:153} INFO - Started process (PID=14042) to work on /c/Airflow/dags/Airflow2_0_De_0_a_Heroe/5_variables.py
[2023-02-01 17:52:14,701] {processor.py:641} INFO - Processing file /c/Airflow/dags/Airflow2_0_De_0_a_Heroe/5_variables.py for tasks to queue
[2023-02-01 17:52:14,702] {logging_mixin.py:115} INFO - [2023-02-01 17:52:14,702] {dagbag.py:507} INFO - Filling up the DagBag from /c/Airflow/dags/Airflow2_0_De_0_a_Heroe/5_variables.py
[2023-02-01 17:52:15,189] {processor.py:651} INFO - DAG(s) dict_keys(['5_variables']) retrieved from /c/Airflow/dags/Airflow2_0_De_0_a_Heroe/5_variables.py
[2023-02-01 17:52:15,203] {logging_mixin.py:115} INFO - [2023-02-01 17:52:15,202] {dag.py:2371} INFO - Sync 1 DAGs
[2023-02-01 17:52:15,216] {logging_mixin.py:115} INFO - [2023-02-01 17:52:15,216] {dag.py:2915} INFO - Setting next_dagrun for 5_variables to 2023-02-01T00:00:00+00:00, run_after=2023-02-02T00:00:00+00:00
[2023-02-01 17:52:15,253] {processor.py:161} INFO - Processing /c/Airflow/dags/Airflow2_0_De_0_a_Heroe/5_variables.py took 0.555 seconds
[2023-02-01 17:52:45,454] {processor.py:153} INFO - Started process (PID=14062) to work on /c/Airflow/dags/Airflow2_0_De_0_a_Heroe/5_variables.py
[2023-02-01 17:52:45,454] {processor.py:641} INFO - Processing file /c/Airflow/dags/Airflow2_0_De_0_a_Heroe/5_variables.py for tasks to queue
[2023-02-01 17:52:45,455] {logging_mixin.py:115} INFO - [2023-02-01 17:52:45,455] {dagbag.py:507} INFO - Filling up the DagBag from /c/Airflow/dags/Airflow2_0_De_0_a_Heroe/5_variables.py
[2023-02-01 17:52:45,946] {processor.py:651} INFO - DAG(s) dict_keys(['5_variables']) retrieved from /c/Airflow/dags/Airflow2_0_De_0_a_Heroe/5_variables.py
[2023-02-01 17:52:45,961] {logging_mixin.py:115} INFO - [2023-02-01 17:52:45,960] {dag.py:2371} INFO - Sync 1 DAGs
[2023-02-01 17:52:45,976] {logging_mixin.py:115} INFO - [2023-02-01 17:52:45,976] {dag.py:2915} INFO - Setting next_dagrun for 5_variables to 2023-02-01T00:00:00+00:00, run_after=2023-02-02T00:00:00+00:00
[2023-02-01 17:52:46,012] {processor.py:161} INFO - Processing /c/Airflow/dags/Airflow2_0_De_0_a_Heroe/5_variables.py took 0.560 seconds
[2023-02-01 17:53:16,265] {processor.py:153} INFO - Started process (PID=14082) to work on /c/Airflow/dags/Airflow2_0_De_0_a_Heroe/5_variables.py
[2023-02-01 17:53:16,266] {processor.py:641} INFO - Processing file /c/Airflow/dags/Airflow2_0_De_0_a_Heroe/5_variables.py for tasks to queue
[2023-02-01 17:53:16,267] {logging_mixin.py:115} INFO - [2023-02-01 17:53:16,267] {dagbag.py:507} INFO - Filling up the DagBag from /c/Airflow/dags/Airflow2_0_De_0_a_Heroe/5_variables.py
[2023-02-01 17:53:16,713] {processor.py:651} INFO - DAG(s) dict_keys(['5_variables']) retrieved from /c/Airflow/dags/Airflow2_0_De_0_a_Heroe/5_variables.py
[2023-02-01 17:53:16,727] {logging_mixin.py:115} INFO - [2023-02-01 17:53:16,726] {dag.py:2371} INFO - Sync 1 DAGs
[2023-02-01 17:53:16,740] {logging_mixin.py:115} INFO - [2023-02-01 17:53:16,740] {dag.py:2915} INFO - Setting next_dagrun for 5_variables to 2023-02-01T00:00:00+00:00, run_after=2023-02-02T00:00:00+00:00
[2023-02-01 17:53:16,777] {processor.py:161} INFO - Processing /c/Airflow/dags/Airflow2_0_De_0_a_Heroe/5_variables.py took 0.513 seconds
[2023-02-01 17:57:36,306] {processor.py:153} INFO - Started process (PID=14195) to work on /c/Airflow/dags/Airflow2_0_De_0_a_Heroe/5_variables.py
[2023-02-01 17:57:36,307] {processor.py:641} INFO - Processing file /c/Airflow/dags/Airflow2_0_De_0_a_Heroe/5_variables.py for tasks to queue
[2023-02-01 17:57:36,307] {logging_mixin.py:115} INFO - [2023-02-01 17:57:36,307] {dagbag.py:507} INFO - Filling up the DagBag from /c/Airflow/dags/Airflow2_0_De_0_a_Heroe/5_variables.py
[2023-02-01 17:57:36,763] {processor.py:651} INFO - DAG(s) dict_keys(['5_variables']) retrieved from /c/Airflow/dags/Airflow2_0_De_0_a_Heroe/5_variables.py
[2023-02-01 17:57:36,777] {logging_mixin.py:115} INFO - [2023-02-01 17:57:36,776] {dag.py:2371} INFO - Sync 1 DAGs
[2023-02-01 17:57:36,789] {logging_mixin.py:115} INFO - [2023-02-01 17:57:36,789] {dag.py:2915} INFO - Setting next_dagrun for 5_variables to 2023-02-01T00:00:00+00:00, run_after=2023-02-02T00:00:00+00:00
[2023-02-01 17:57:36,831] {processor.py:161} INFO - Processing /c/Airflow/dags/Airflow2_0_De_0_a_Heroe/5_variables.py took 0.527 seconds
[2023-02-01 17:58:07,775] {processor.py:153} INFO - Started process (PID=14215) to work on /c/Airflow/dags/Airflow2_0_De_0_a_Heroe/5_variables.py
[2023-02-01 17:58:07,775] {processor.py:641} INFO - Processing file /c/Airflow/dags/Airflow2_0_De_0_a_Heroe/5_variables.py for tasks to queue
[2023-02-01 17:58:07,776] {logging_mixin.py:115} INFO - [2023-02-01 17:58:07,776] {dagbag.py:507} INFO - Filling up the DagBag from /c/Airflow/dags/Airflow2_0_De_0_a_Heroe/5_variables.py
[2023-02-01 17:58:08,235] {processor.py:651} INFO - DAG(s) dict_keys(['5_variables']) retrieved from /c/Airflow/dags/Airflow2_0_De_0_a_Heroe/5_variables.py
[2023-02-01 17:58:08,251] {logging_mixin.py:115} INFO - [2023-02-01 17:58:08,250] {dag.py:2371} INFO - Sync 1 DAGs
[2023-02-01 17:58:08,263] {logging_mixin.py:115} INFO - [2023-02-01 17:58:08,263] {dag.py:2915} INFO - Setting next_dagrun for 5_variables to 2023-02-01T00:00:00+00:00, run_after=2023-02-02T00:00:00+00:00
[2023-02-01 17:58:08,304] {processor.py:161} INFO - Processing /c/Airflow/dags/Airflow2_0_De_0_a_Heroe/5_variables.py took 0.531 seconds
[2023-02-01 17:58:38,470] {processor.py:153} INFO - Started process (PID=14235) to work on /c/Airflow/dags/Airflow2_0_De_0_a_Heroe/5_variables.py
[2023-02-01 17:58:38,471] {processor.py:641} INFO - Processing file /c/Airflow/dags/Airflow2_0_De_0_a_Heroe/5_variables.py for tasks to queue
[2023-02-01 17:58:38,472] {logging_mixin.py:115} INFO - [2023-02-01 17:58:38,472] {dagbag.py:507} INFO - Filling up the DagBag from /c/Airflow/dags/Airflow2_0_De_0_a_Heroe/5_variables.py
[2023-02-01 17:58:38,935] {processor.py:651} INFO - DAG(s) dict_keys(['5_variables']) retrieved from /c/Airflow/dags/Airflow2_0_De_0_a_Heroe/5_variables.py
[2023-02-01 17:58:38,949] {logging_mixin.py:115} INFO - [2023-02-01 17:58:38,948] {dag.py:2371} INFO - Sync 1 DAGs
[2023-02-01 17:58:38,964] {logging_mixin.py:115} INFO - [2023-02-01 17:58:38,964] {dag.py:2915} INFO - Setting next_dagrun for 5_variables to 2023-02-01T00:00:00+00:00, run_after=2023-02-02T00:00:00+00:00
[2023-02-01 17:58:39,001] {processor.py:161} INFO - Processing /c/Airflow/dags/Airflow2_0_De_0_a_Heroe/5_variables.py took 0.532 seconds
[2023-02-01 17:59:09,715] {processor.py:153} INFO - Started process (PID=14255) to work on /c/Airflow/dags/Airflow2_0_De_0_a_Heroe/5_variables.py
[2023-02-01 17:59:09,715] {processor.py:641} INFO - Processing file /c/Airflow/dags/Airflow2_0_De_0_a_Heroe/5_variables.py for tasks to queue
[2023-02-01 17:59:09,716] {logging_mixin.py:115} INFO - [2023-02-01 17:59:09,716] {dagbag.py:507} INFO - Filling up the DagBag from /c/Airflow/dags/Airflow2_0_De_0_a_Heroe/5_variables.py
[2023-02-01 17:59:10,196] {processor.py:651} INFO - DAG(s) dict_keys(['5_variables']) retrieved from /c/Airflow/dags/Airflow2_0_De_0_a_Heroe/5_variables.py
[2023-02-01 17:59:10,211] {logging_mixin.py:115} INFO - [2023-02-01 17:59:10,211] {dag.py:2371} INFO - Sync 1 DAGs
[2023-02-01 17:59:10,225] {logging_mixin.py:115} INFO - [2023-02-01 17:59:10,225] {dag.py:2915} INFO - Setting next_dagrun for 5_variables to 2023-02-01T00:00:00+00:00, run_after=2023-02-02T00:00:00+00:00
[2023-02-01 17:59:10,267] {processor.py:161} INFO - Processing /c/Airflow/dags/Airflow2_0_De_0_a_Heroe/5_variables.py took 0.555 seconds
[2023-02-01 17:59:40,941] {processor.py:153} INFO - Started process (PID=14275) to work on /c/Airflow/dags/Airflow2_0_De_0_a_Heroe/5_variables.py
[2023-02-01 17:59:40,942] {processor.py:641} INFO - Processing file /c/Airflow/dags/Airflow2_0_De_0_a_Heroe/5_variables.py for tasks to queue
[2023-02-01 17:59:40,943] {logging_mixin.py:115} INFO - [2023-02-01 17:59:40,943] {dagbag.py:507} INFO - Filling up the DagBag from /c/Airflow/dags/Airflow2_0_De_0_a_Heroe/5_variables.py
[2023-02-01 17:59:41,397] {processor.py:651} INFO - DAG(s) dict_keys(['5_variables']) retrieved from /c/Airflow/dags/Airflow2_0_De_0_a_Heroe/5_variables.py
[2023-02-01 17:59:41,411] {logging_mixin.py:115} INFO - [2023-02-01 17:59:41,410] {dag.py:2371} INFO - Sync 1 DAGs
[2023-02-01 17:59:41,423] {logging_mixin.py:115} INFO - [2023-02-01 17:59:41,423] {dag.py:2915} INFO - Setting next_dagrun for 5_variables to 2023-02-01T00:00:00+00:00, run_after=2023-02-02T00:00:00+00:00
[2023-02-01 17:59:41,461] {processor.py:161} INFO - Processing /c/Airflow/dags/Airflow2_0_De_0_a_Heroe/5_variables.py took 0.522 seconds
