[2023-02-01 15:57:06,270] {processor.py:153} INFO - Started process (PID=12091) to work on /c/Airflow/dags/Airflow2_0_De_0_a_Heroe/8_documentation.py
[2023-02-01 15:57:06,271] {processor.py:641} INFO - Processing file /c/Airflow/dags/Airflow2_0_De_0_a_Heroe/8_documentation.py for tasks to queue
[2023-02-01 15:57:06,271] {logging_mixin.py:115} INFO - [2023-02-01 15:57:06,271] {dagbag.py:507} INFO - Filling up the DagBag from /c/Airflow/dags/Airflow2_0_De_0_a_Heroe/8_documentation.py
[2023-02-01 15:57:06,299] {processor.py:651} INFO - DAG(s) dict_keys(['8_documentation']) retrieved from /c/Airflow/dags/Airflow2_0_De_0_a_Heroe/8_documentation.py
[2023-02-01 15:57:06,350] {logging_mixin.py:115} INFO - [2023-02-01 15:57:06,350] {dag.py:2371} INFO - Sync 1 DAGs
[2023-02-01 15:57:06,366] {logging_mixin.py:115} INFO - [2023-02-01 15:57:06,366] {dag.py:2915} INFO - Setting next_dagrun for 8_documentation to 2023-01-31T00:00:00+00:00, run_after=2023-02-01T00:00:00+00:00
[2023-02-01 15:57:06,415] {processor.py:161} INFO - Processing /c/Airflow/dags/Airflow2_0_De_0_a_Heroe/8_documentation.py took 0.147 seconds
[2023-02-01 15:57:37,869] {processor.py:153} INFO - Started process (PID=12111) to work on /c/Airflow/dags/Airflow2_0_De_0_a_Heroe/8_documentation.py
[2023-02-01 15:57:37,869] {processor.py:641} INFO - Processing file /c/Airflow/dags/Airflow2_0_De_0_a_Heroe/8_documentation.py for tasks to queue
[2023-02-01 15:57:37,870] {logging_mixin.py:115} INFO - [2023-02-01 15:57:37,870] {dagbag.py:507} INFO - Filling up the DagBag from /c/Airflow/dags/Airflow2_0_De_0_a_Heroe/8_documentation.py
[2023-02-01 15:57:37,898] {processor.py:651} INFO - DAG(s) dict_keys(['8_documentation']) retrieved from /c/Airflow/dags/Airflow2_0_De_0_a_Heroe/8_documentation.py
[2023-02-01 15:57:37,925] {logging_mixin.py:115} INFO - [2023-02-01 15:57:37,925] {dag.py:2371} INFO - Sync 1 DAGs
[2023-02-01 15:57:37,946] {logging_mixin.py:115} INFO - [2023-02-01 15:57:37,946] {dag.py:2915} INFO - Setting next_dagrun for 8_documentation to 2023-01-31T00:00:00+00:00, run_after=2023-02-01T00:00:00+00:00
[2023-02-01 15:57:37,994] {processor.py:161} INFO - Processing /c/Airflow/dags/Airflow2_0_De_0_a_Heroe/8_documentation.py took 0.128 seconds
[2023-02-01 15:58:09,422] {processor.py:153} INFO - Started process (PID=12131) to work on /c/Airflow/dags/Airflow2_0_De_0_a_Heroe/8_documentation.py
[2023-02-01 15:58:09,423] {processor.py:641} INFO - Processing file /c/Airflow/dags/Airflow2_0_De_0_a_Heroe/8_documentation.py for tasks to queue
[2023-02-01 15:58:09,424] {logging_mixin.py:115} INFO - [2023-02-01 15:58:09,424] {dagbag.py:507} INFO - Filling up the DagBag from /c/Airflow/dags/Airflow2_0_De_0_a_Heroe/8_documentation.py
[2023-02-01 15:58:09,453] {processor.py:651} INFO - DAG(s) dict_keys(['8_documentation']) retrieved from /c/Airflow/dags/Airflow2_0_De_0_a_Heroe/8_documentation.py
[2023-02-01 15:58:09,477] {logging_mixin.py:115} INFO - [2023-02-01 15:58:09,477] {dag.py:2371} INFO - Sync 1 DAGs
[2023-02-01 15:58:09,499] {logging_mixin.py:115} INFO - [2023-02-01 15:58:09,499] {dag.py:2915} INFO - Setting next_dagrun for 8_documentation to 2023-01-31T00:00:00+00:00, run_after=2023-02-01T00:00:00+00:00
[2023-02-01 15:58:09,551] {processor.py:161} INFO - Processing /c/Airflow/dags/Airflow2_0_De_0_a_Heroe/8_documentation.py took 0.131 seconds
[2023-02-01 15:58:40,990] {processor.py:153} INFO - Started process (PID=12151) to work on /c/Airflow/dags/Airflow2_0_De_0_a_Heroe/8_documentation.py
[2023-02-01 15:58:40,992] {processor.py:641} INFO - Processing file /c/Airflow/dags/Airflow2_0_De_0_a_Heroe/8_documentation.py for tasks to queue
[2023-02-01 15:58:40,993] {logging_mixin.py:115} INFO - [2023-02-01 15:58:40,993] {dagbag.py:507} INFO - Filling up the DagBag from /c/Airflow/dags/Airflow2_0_De_0_a_Heroe/8_documentation.py
[2023-02-01 15:58:41,031] {processor.py:651} INFO - DAG(s) dict_keys(['8_documentation']) retrieved from /c/Airflow/dags/Airflow2_0_De_0_a_Heroe/8_documentation.py
[2023-02-01 15:58:41,060] {logging_mixin.py:115} INFO - [2023-02-01 15:58:41,060] {dag.py:2371} INFO - Sync 1 DAGs
[2023-02-01 15:58:41,083] {logging_mixin.py:115} INFO - [2023-02-01 15:58:41,083] {dag.py:2915} INFO - Setting next_dagrun for 8_documentation to 2023-01-31T00:00:00+00:00, run_after=2023-02-01T00:00:00+00:00
[2023-02-01 15:58:41,131] {processor.py:161} INFO - Processing /c/Airflow/dags/Airflow2_0_De_0_a_Heroe/8_documentation.py took 0.143 seconds
[2023-02-01 15:59:12,537] {processor.py:153} INFO - Started process (PID=12171) to work on /c/Airflow/dags/Airflow2_0_De_0_a_Heroe/8_documentation.py
[2023-02-01 15:59:12,538] {processor.py:641} INFO - Processing file /c/Airflow/dags/Airflow2_0_De_0_a_Heroe/8_documentation.py for tasks to queue
[2023-02-01 15:59:12,539] {logging_mixin.py:115} INFO - [2023-02-01 15:59:12,539] {dagbag.py:507} INFO - Filling up the DagBag from /c/Airflow/dags/Airflow2_0_De_0_a_Heroe/8_documentation.py
[2023-02-01 15:59:12,571] {processor.py:651} INFO - DAG(s) dict_keys(['8_documentation']) retrieved from /c/Airflow/dags/Airflow2_0_De_0_a_Heroe/8_documentation.py
[2023-02-01 15:59:12,598] {logging_mixin.py:115} INFO - [2023-02-01 15:59:12,598] {dag.py:2371} INFO - Sync 1 DAGs
[2023-02-01 15:59:12,617] {logging_mixin.py:115} INFO - [2023-02-01 15:59:12,617] {dag.py:2915} INFO - Setting next_dagrun for 8_documentation to 2023-01-31T00:00:00+00:00, run_after=2023-02-01T00:00:00+00:00
[2023-02-01 15:59:12,659] {processor.py:161} INFO - Processing /c/Airflow/dags/Airflow2_0_De_0_a_Heroe/8_documentation.py took 0.124 seconds
[2023-02-01 15:59:44,584] {processor.py:153} INFO - Started process (PID=12191) to work on /c/Airflow/dags/Airflow2_0_De_0_a_Heroe/8_documentation.py
[2023-02-01 15:59:44,585] {processor.py:641} INFO - Processing file /c/Airflow/dags/Airflow2_0_De_0_a_Heroe/8_documentation.py for tasks to queue
[2023-02-01 15:59:44,586] {logging_mixin.py:115} INFO - [2023-02-01 15:59:44,585] {dagbag.py:507} INFO - Filling up the DagBag from /c/Airflow/dags/Airflow2_0_De_0_a_Heroe/8_documentation.py
[2023-02-01 15:59:44,620] {processor.py:651} INFO - DAG(s) dict_keys(['8_documentation']) retrieved from /c/Airflow/dags/Airflow2_0_De_0_a_Heroe/8_documentation.py
[2023-02-01 15:59:44,645] {logging_mixin.py:115} INFO - [2023-02-01 15:59:44,645] {dag.py:2371} INFO - Sync 1 DAGs
[2023-02-01 15:59:44,663] {logging_mixin.py:115} INFO - [2023-02-01 15:59:44,663] {dag.py:2915} INFO - Setting next_dagrun for 8_documentation to 2023-01-31T00:00:00+00:00, run_after=2023-02-01T00:00:00+00:00
[2023-02-01 15:59:44,709] {processor.py:161} INFO - Processing /c/Airflow/dags/Airflow2_0_De_0_a_Heroe/8_documentation.py took 0.128 seconds
[2023-02-01 16:00:15,581] {processor.py:153} INFO - Started process (PID=12211) to work on /c/Airflow/dags/Airflow2_0_De_0_a_Heroe/8_documentation.py
[2023-02-01 16:00:15,582] {processor.py:641} INFO - Processing file /c/Airflow/dags/Airflow2_0_De_0_a_Heroe/8_documentation.py for tasks to queue
[2023-02-01 16:00:15,583] {logging_mixin.py:115} INFO - [2023-02-01 16:00:15,583] {dagbag.py:507} INFO - Filling up the DagBag from /c/Airflow/dags/Airflow2_0_De_0_a_Heroe/8_documentation.py
[2023-02-01 16:00:15,612] {processor.py:651} INFO - DAG(s) dict_keys(['8_documentation']) retrieved from /c/Airflow/dags/Airflow2_0_De_0_a_Heroe/8_documentation.py
[2023-02-01 16:00:15,633] {logging_mixin.py:115} INFO - [2023-02-01 16:00:15,633] {dag.py:2371} INFO - Sync 1 DAGs
[2023-02-01 16:00:15,650] {logging_mixin.py:115} INFO - [2023-02-01 16:00:15,650] {dag.py:2915} INFO - Setting next_dagrun for 8_documentation to 2023-01-31T00:00:00+00:00, run_after=2023-02-01T00:00:00+00:00
[2023-02-01 16:00:15,695] {processor.py:161} INFO - Processing /c/Airflow/dags/Airflow2_0_De_0_a_Heroe/8_documentation.py took 0.115 seconds
[2023-02-01 16:00:47,269] {processor.py:153} INFO - Started process (PID=12231) to work on /c/Airflow/dags/Airflow2_0_De_0_a_Heroe/8_documentation.py
[2023-02-01 16:00:47,270] {processor.py:641} INFO - Processing file /c/Airflow/dags/Airflow2_0_De_0_a_Heroe/8_documentation.py for tasks to queue
[2023-02-01 16:00:47,271] {logging_mixin.py:115} INFO - [2023-02-01 16:00:47,271] {dagbag.py:507} INFO - Filling up the DagBag from /c/Airflow/dags/Airflow2_0_De_0_a_Heroe/8_documentation.py
[2023-02-01 16:00:47,299] {processor.py:651} INFO - DAG(s) dict_keys(['8_documentation']) retrieved from /c/Airflow/dags/Airflow2_0_De_0_a_Heroe/8_documentation.py
[2023-02-01 16:00:47,322] {logging_mixin.py:115} INFO - [2023-02-01 16:00:47,322] {dag.py:2371} INFO - Sync 1 DAGs
[2023-02-01 16:00:47,341] {logging_mixin.py:115} INFO - [2023-02-01 16:00:47,340] {dag.py:2915} INFO - Setting next_dagrun for 8_documentation to 2023-01-31T00:00:00+00:00, run_after=2023-02-01T00:00:00+00:00
[2023-02-01 16:00:47,391] {processor.py:161} INFO - Processing /c/Airflow/dags/Airflow2_0_De_0_a_Heroe/8_documentation.py took 0.124 seconds
[2023-02-01 16:01:18,420] {processor.py:153} INFO - Started process (PID=12251) to work on /c/Airflow/dags/Airflow2_0_De_0_a_Heroe/8_documentation.py
[2023-02-01 16:01:18,421] {processor.py:641} INFO - Processing file /c/Airflow/dags/Airflow2_0_De_0_a_Heroe/8_documentation.py for tasks to queue
[2023-02-01 16:01:18,421] {logging_mixin.py:115} INFO - [2023-02-01 16:01:18,421] {dagbag.py:507} INFO - Filling up the DagBag from /c/Airflow/dags/Airflow2_0_De_0_a_Heroe/8_documentation.py
[2023-02-01 16:01:18,448] {processor.py:651} INFO - DAG(s) dict_keys(['8_documentation']) retrieved from /c/Airflow/dags/Airflow2_0_De_0_a_Heroe/8_documentation.py
[2023-02-01 16:01:18,469] {logging_mixin.py:115} INFO - [2023-02-01 16:01:18,469] {dag.py:2371} INFO - Sync 1 DAGs
[2023-02-01 16:01:18,486] {logging_mixin.py:115} INFO - [2023-02-01 16:01:18,486] {dag.py:2915} INFO - Setting next_dagrun for 8_documentation to 2023-01-31T00:00:00+00:00, run_after=2023-02-01T00:00:00+00:00
[2023-02-01 16:01:18,531] {processor.py:161} INFO - Processing /c/Airflow/dags/Airflow2_0_De_0_a_Heroe/8_documentation.py took 0.113 seconds
[2023-02-01 16:01:54,109] {processor.py:153} INFO - Started process (PID=12271) to work on /c/Airflow/dags/Airflow2_0_De_0_a_Heroe/8_documentation.py
[2023-02-01 16:01:54,110] {processor.py:641} INFO - Processing file /c/Airflow/dags/Airflow2_0_De_0_a_Heroe/8_documentation.py for tasks to queue
[2023-02-01 16:01:54,111] {logging_mixin.py:115} INFO - [2023-02-01 16:01:54,111] {dagbag.py:507} INFO - Filling up the DagBag from /c/Airflow/dags/Airflow2_0_De_0_a_Heroe/8_documentation.py
[2023-02-01 16:01:54,139] {processor.py:651} INFO - DAG(s) dict_keys(['8_documentation']) retrieved from /c/Airflow/dags/Airflow2_0_De_0_a_Heroe/8_documentation.py
[2023-02-01 16:01:54,162] {logging_mixin.py:115} INFO - [2023-02-01 16:01:54,162] {dag.py:2371} INFO - Sync 1 DAGs
[2023-02-01 16:01:54,179] {logging_mixin.py:115} INFO - [2023-02-01 16:01:54,179] {dag.py:2915} INFO - Setting next_dagrun for 8_documentation to 2023-01-31T00:00:00+00:00, run_after=2023-02-01T00:00:00+00:00
[2023-02-01 16:01:54,218] {processor.py:161} INFO - Processing /c/Airflow/dags/Airflow2_0_De_0_a_Heroe/8_documentation.py took 0.111 seconds
[2023-02-01 16:02:24,989] {processor.py:153} INFO - Started process (PID=12291) to work on /c/Airflow/dags/Airflow2_0_De_0_a_Heroe/8_documentation.py
[2023-02-01 16:02:24,990] {processor.py:641} INFO - Processing file /c/Airflow/dags/Airflow2_0_De_0_a_Heroe/8_documentation.py for tasks to queue
[2023-02-01 16:02:24,990] {logging_mixin.py:115} INFO - [2023-02-01 16:02:24,990] {dagbag.py:507} INFO - Filling up the DagBag from /c/Airflow/dags/Airflow2_0_De_0_a_Heroe/8_documentation.py
[2023-02-01 16:02:25,018] {processor.py:651} INFO - DAG(s) dict_keys(['8_documentation']) retrieved from /c/Airflow/dags/Airflow2_0_De_0_a_Heroe/8_documentation.py
[2023-02-01 16:02:25,040] {logging_mixin.py:115} INFO - [2023-02-01 16:02:25,040] {dag.py:2371} INFO - Sync 1 DAGs
[2023-02-01 16:02:25,057] {logging_mixin.py:115} INFO - [2023-02-01 16:02:25,057] {dag.py:2915} INFO - Setting next_dagrun for 8_documentation to 2023-01-31T00:00:00+00:00, run_after=2023-02-01T00:00:00+00:00
[2023-02-01 16:02:25,101] {processor.py:161} INFO - Processing /c/Airflow/dags/Airflow2_0_De_0_a_Heroe/8_documentation.py took 0.114 seconds
[2023-02-01 16:02:56,260] {processor.py:153} INFO - Started process (PID=12311) to work on /c/Airflow/dags/Airflow2_0_De_0_a_Heroe/8_documentation.py
[2023-02-01 16:02:56,261] {processor.py:641} INFO - Processing file /c/Airflow/dags/Airflow2_0_De_0_a_Heroe/8_documentation.py for tasks to queue
[2023-02-01 16:02:56,262] {logging_mixin.py:115} INFO - [2023-02-01 16:02:56,261] {dagbag.py:507} INFO - Filling up the DagBag from /c/Airflow/dags/Airflow2_0_De_0_a_Heroe/8_documentation.py
[2023-02-01 16:02:56,290] {processor.py:651} INFO - DAG(s) dict_keys(['8_documentation']) retrieved from /c/Airflow/dags/Airflow2_0_De_0_a_Heroe/8_documentation.py
[2023-02-01 16:02:56,313] {logging_mixin.py:115} INFO - [2023-02-01 16:02:56,313] {dag.py:2371} INFO - Sync 1 DAGs
[2023-02-01 16:02:56,331] {logging_mixin.py:115} INFO - [2023-02-01 16:02:56,330] {dag.py:2915} INFO - Setting next_dagrun for 8_documentation to 2023-01-31T00:00:00+00:00, run_after=2023-02-01T00:00:00+00:00
[2023-02-01 16:02:56,376] {processor.py:161} INFO - Processing /c/Airflow/dags/Airflow2_0_De_0_a_Heroe/8_documentation.py took 0.118 seconds
[2023-02-01 16:03:27,244] {processor.py:153} INFO - Started process (PID=12331) to work on /c/Airflow/dags/Airflow2_0_De_0_a_Heroe/8_documentation.py
[2023-02-01 16:03:27,244] {processor.py:641} INFO - Processing file /c/Airflow/dags/Airflow2_0_De_0_a_Heroe/8_documentation.py for tasks to queue
[2023-02-01 16:03:27,245] {logging_mixin.py:115} INFO - [2023-02-01 16:03:27,245] {dagbag.py:507} INFO - Filling up the DagBag from /c/Airflow/dags/Airflow2_0_De_0_a_Heroe/8_documentation.py
[2023-02-01 16:03:27,274] {processor.py:651} INFO - DAG(s) dict_keys(['8_documentation']) retrieved from /c/Airflow/dags/Airflow2_0_De_0_a_Heroe/8_documentation.py
[2023-02-01 16:03:27,299] {logging_mixin.py:115} INFO - [2023-02-01 16:03:27,299] {dag.py:2371} INFO - Sync 1 DAGs
[2023-02-01 16:03:27,317] {logging_mixin.py:115} INFO - [2023-02-01 16:03:27,317] {dag.py:2915} INFO - Setting next_dagrun for 8_documentation to 2023-01-31T00:00:00+00:00, run_after=2023-02-01T00:00:00+00:00
[2023-02-01 16:03:27,363] {processor.py:161} INFO - Processing /c/Airflow/dags/Airflow2_0_De_0_a_Heroe/8_documentation.py took 0.121 seconds
[2023-02-01 16:03:58,472] {processor.py:153} INFO - Started process (PID=12351) to work on /c/Airflow/dags/Airflow2_0_De_0_a_Heroe/8_documentation.py
[2023-02-01 16:03:58,473] {processor.py:641} INFO - Processing file /c/Airflow/dags/Airflow2_0_De_0_a_Heroe/8_documentation.py for tasks to queue
[2023-02-01 16:03:58,473] {logging_mixin.py:115} INFO - [2023-02-01 16:03:58,473] {dagbag.py:507} INFO - Filling up the DagBag from /c/Airflow/dags/Airflow2_0_De_0_a_Heroe/8_documentation.py
[2023-02-01 16:03:58,502] {processor.py:651} INFO - DAG(s) dict_keys(['8_documentation']) retrieved from /c/Airflow/dags/Airflow2_0_De_0_a_Heroe/8_documentation.py
[2023-02-01 16:03:58,533] {logging_mixin.py:115} INFO - [2023-02-01 16:03:58,533] {dag.py:2371} INFO - Sync 1 DAGs
[2023-02-01 16:03:58,554] {logging_mixin.py:115} INFO - [2023-02-01 16:03:58,554] {dag.py:2915} INFO - Setting next_dagrun for 8_documentation to 2023-01-31T00:00:00+00:00, run_after=2023-02-01T00:00:00+00:00
[2023-02-01 16:03:58,595] {processor.py:161} INFO - Processing /c/Airflow/dags/Airflow2_0_De_0_a_Heroe/8_documentation.py took 0.126 seconds
[2023-02-01 16:04:29,682] {processor.py:153} INFO - Started process (PID=12371) to work on /c/Airflow/dags/Airflow2_0_De_0_a_Heroe/8_documentation.py
[2023-02-01 16:04:29,683] {processor.py:641} INFO - Processing file /c/Airflow/dags/Airflow2_0_De_0_a_Heroe/8_documentation.py for tasks to queue
[2023-02-01 16:04:29,684] {logging_mixin.py:115} INFO - [2023-02-01 16:04:29,684] {dagbag.py:507} INFO - Filling up the DagBag from /c/Airflow/dags/Airflow2_0_De_0_a_Heroe/8_documentation.py
[2023-02-01 16:04:29,724] {processor.py:651} INFO - DAG(s) dict_keys(['8_documentation']) retrieved from /c/Airflow/dags/Airflow2_0_De_0_a_Heroe/8_documentation.py
[2023-02-01 16:04:29,758] {logging_mixin.py:115} INFO - [2023-02-01 16:04:29,758] {dag.py:2371} INFO - Sync 1 DAGs
[2023-02-01 16:04:29,780] {logging_mixin.py:115} INFO - [2023-02-01 16:04:29,780] {dag.py:2915} INFO - Setting next_dagrun for 8_documentation to 2023-01-31T00:00:00+00:00, run_after=2023-02-01T00:00:00+00:00
[2023-02-01 16:04:29,837] {processor.py:161} INFO - Processing /c/Airflow/dags/Airflow2_0_De_0_a_Heroe/8_documentation.py took 0.158 seconds
[2023-02-01 16:05:01,077] {processor.py:153} INFO - Started process (PID=12391) to work on /c/Airflow/dags/Airflow2_0_De_0_a_Heroe/8_documentation.py
[2023-02-01 16:05:01,077] {processor.py:641} INFO - Processing file /c/Airflow/dags/Airflow2_0_De_0_a_Heroe/8_documentation.py for tasks to queue
[2023-02-01 16:05:01,078] {logging_mixin.py:115} INFO - [2023-02-01 16:05:01,078] {dagbag.py:507} INFO - Filling up the DagBag from /c/Airflow/dags/Airflow2_0_De_0_a_Heroe/8_documentation.py
[2023-02-01 16:05:01,107] {processor.py:651} INFO - DAG(s) dict_keys(['8_documentation']) retrieved from /c/Airflow/dags/Airflow2_0_De_0_a_Heroe/8_documentation.py
[2023-02-01 16:05:01,132] {logging_mixin.py:115} INFO - [2023-02-01 16:05:01,131] {dag.py:2371} INFO - Sync 1 DAGs
[2023-02-01 16:05:01,149] {logging_mixin.py:115} INFO - [2023-02-01 16:05:01,149] {dag.py:2915} INFO - Setting next_dagrun for 8_documentation to 2023-01-31T00:00:00+00:00, run_after=2023-02-01T00:00:00+00:00
[2023-02-01 16:05:01,199] {processor.py:161} INFO - Processing /c/Airflow/dags/Airflow2_0_De_0_a_Heroe/8_documentation.py took 0.124 seconds
[2023-02-01 16:05:31,866] {processor.py:153} INFO - Started process (PID=12411) to work on /c/Airflow/dags/Airflow2_0_De_0_a_Heroe/8_documentation.py
[2023-02-01 16:05:31,867] {processor.py:641} INFO - Processing file /c/Airflow/dags/Airflow2_0_De_0_a_Heroe/8_documentation.py for tasks to queue
[2023-02-01 16:05:31,867] {logging_mixin.py:115} INFO - [2023-02-01 16:05:31,867] {dagbag.py:507} INFO - Filling up the DagBag from /c/Airflow/dags/Airflow2_0_De_0_a_Heroe/8_documentation.py
[2023-02-01 16:05:31,895] {processor.py:651} INFO - DAG(s) dict_keys(['8_documentation']) retrieved from /c/Airflow/dags/Airflow2_0_De_0_a_Heroe/8_documentation.py
[2023-02-01 16:05:31,918] {logging_mixin.py:115} INFO - [2023-02-01 16:05:31,918] {dag.py:2371} INFO - Sync 1 DAGs
[2023-02-01 16:05:31,935] {logging_mixin.py:115} INFO - [2023-02-01 16:05:31,935] {dag.py:2915} INFO - Setting next_dagrun for 8_documentation to 2023-01-31T00:00:00+00:00, run_after=2023-02-01T00:00:00+00:00
[2023-02-01 16:05:31,989] {processor.py:161} INFO - Processing /c/Airflow/dags/Airflow2_0_De_0_a_Heroe/8_documentation.py took 0.125 seconds
[2023-02-01 16:06:03,043] {processor.py:153} INFO - Started process (PID=12431) to work on /c/Airflow/dags/Airflow2_0_De_0_a_Heroe/8_documentation.py
[2023-02-01 16:06:03,044] {processor.py:641} INFO - Processing file /c/Airflow/dags/Airflow2_0_De_0_a_Heroe/8_documentation.py for tasks to queue
[2023-02-01 16:06:03,044] {logging_mixin.py:115} INFO - [2023-02-01 16:06:03,044] {dagbag.py:507} INFO - Filling up the DagBag from /c/Airflow/dags/Airflow2_0_De_0_a_Heroe/8_documentation.py
[2023-02-01 16:06:03,073] {processor.py:651} INFO - DAG(s) dict_keys(['8_documentation']) retrieved from /c/Airflow/dags/Airflow2_0_De_0_a_Heroe/8_documentation.py
[2023-02-01 16:06:03,095] {logging_mixin.py:115} INFO - [2023-02-01 16:06:03,095] {dag.py:2371} INFO - Sync 1 DAGs
[2023-02-01 16:06:03,112] {logging_mixin.py:115} INFO - [2023-02-01 16:06:03,112] {dag.py:2915} INFO - Setting next_dagrun for 8_documentation to 2023-01-31T00:00:00+00:00, run_after=2023-02-01T00:00:00+00:00
[2023-02-01 16:06:03,163] {processor.py:161} INFO - Processing /c/Airflow/dags/Airflow2_0_De_0_a_Heroe/8_documentation.py took 0.122 seconds
[2023-02-01 16:06:34,330] {processor.py:153} INFO - Started process (PID=12451) to work on /c/Airflow/dags/Airflow2_0_De_0_a_Heroe/8_documentation.py
[2023-02-01 16:06:34,331] {processor.py:641} INFO - Processing file /c/Airflow/dags/Airflow2_0_De_0_a_Heroe/8_documentation.py for tasks to queue
[2023-02-01 16:06:34,331] {logging_mixin.py:115} INFO - [2023-02-01 16:06:34,331] {dagbag.py:507} INFO - Filling up the DagBag from /c/Airflow/dags/Airflow2_0_De_0_a_Heroe/8_documentation.py
[2023-02-01 16:06:34,366] {processor.py:651} INFO - DAG(s) dict_keys(['8_documentation']) retrieved from /c/Airflow/dags/Airflow2_0_De_0_a_Heroe/8_documentation.py
[2023-02-01 16:06:34,392] {logging_mixin.py:115} INFO - [2023-02-01 16:06:34,392] {dag.py:2371} INFO - Sync 1 DAGs
[2023-02-01 16:06:34,410] {logging_mixin.py:115} INFO - [2023-02-01 16:06:34,410] {dag.py:2915} INFO - Setting next_dagrun for 8_documentation to 2023-01-31T00:00:00+00:00, run_after=2023-02-01T00:00:00+00:00
[2023-02-01 16:06:34,468] {processor.py:161} INFO - Processing /c/Airflow/dags/Airflow2_0_De_0_a_Heroe/8_documentation.py took 0.140 seconds
[2023-02-01 16:07:04,777] {processor.py:153} INFO - Started process (PID=12471) to work on /c/Airflow/dags/Airflow2_0_De_0_a_Heroe/8_documentation.py
[2023-02-01 16:07:04,778] {processor.py:641} INFO - Processing file /c/Airflow/dags/Airflow2_0_De_0_a_Heroe/8_documentation.py for tasks to queue
[2023-02-01 16:07:04,781] {logging_mixin.py:115} INFO - [2023-02-01 16:07:04,781] {dagbag.py:507} INFO - Filling up the DagBag from /c/Airflow/dags/Airflow2_0_De_0_a_Heroe/8_documentation.py
[2023-02-01 16:07:04,838] {processor.py:651} INFO - DAG(s) dict_keys(['8_documentation']) retrieved from /c/Airflow/dags/Airflow2_0_De_0_a_Heroe/8_documentation.py
[2023-02-01 16:07:04,871] {logging_mixin.py:115} INFO - [2023-02-01 16:07:04,871] {dag.py:2371} INFO - Sync 1 DAGs
[2023-02-01 16:07:04,891] {logging_mixin.py:115} INFO - [2023-02-01 16:07:04,891] {dag.py:2915} INFO - Setting next_dagrun for 8_documentation to 2023-01-31T00:00:00+00:00, run_after=2023-02-01T00:00:00+00:00
[2023-02-01 16:07:04,942] {processor.py:161} INFO - Processing /c/Airflow/dags/Airflow2_0_De_0_a_Heroe/8_documentation.py took 0.167 seconds
[2023-02-01 16:07:36,553] {processor.py:153} INFO - Started process (PID=12491) to work on /c/Airflow/dags/Airflow2_0_De_0_a_Heroe/8_documentation.py
[2023-02-01 16:07:36,554] {processor.py:641} INFO - Processing file /c/Airflow/dags/Airflow2_0_De_0_a_Heroe/8_documentation.py for tasks to queue
[2023-02-01 16:07:36,555] {logging_mixin.py:115} INFO - [2023-02-01 16:07:36,555] {dagbag.py:507} INFO - Filling up the DagBag from /c/Airflow/dags/Airflow2_0_De_0_a_Heroe/8_documentation.py
[2023-02-01 16:07:36,602] {processor.py:651} INFO - DAG(s) dict_keys(['8_documentation']) retrieved from /c/Airflow/dags/Airflow2_0_De_0_a_Heroe/8_documentation.py
[2023-02-01 16:07:36,630] {logging_mixin.py:115} INFO - [2023-02-01 16:07:36,630] {dag.py:2371} INFO - Sync 1 DAGs
[2023-02-01 16:07:36,648] {logging_mixin.py:115} INFO - [2023-02-01 16:07:36,648] {dag.py:2915} INFO - Setting next_dagrun for 8_documentation to 2023-01-31T00:00:00+00:00, run_after=2023-02-01T00:00:00+00:00
[2023-02-01 16:07:36,699] {processor.py:161} INFO - Processing /c/Airflow/dags/Airflow2_0_De_0_a_Heroe/8_documentation.py took 0.148 seconds
[2023-02-01 16:08:06,974] {processor.py:153} INFO - Started process (PID=12511) to work on /c/Airflow/dags/Airflow2_0_De_0_a_Heroe/8_documentation.py
[2023-02-01 16:08:06,974] {processor.py:641} INFO - Processing file /c/Airflow/dags/Airflow2_0_De_0_a_Heroe/8_documentation.py for tasks to queue
[2023-02-01 16:08:06,975] {logging_mixin.py:115} INFO - [2023-02-01 16:08:06,975] {dagbag.py:507} INFO - Filling up the DagBag from /c/Airflow/dags/Airflow2_0_De_0_a_Heroe/8_documentation.py
[2023-02-01 16:08:07,003] {processor.py:651} INFO - DAG(s) dict_keys(['8_documentation']) retrieved from /c/Airflow/dags/Airflow2_0_De_0_a_Heroe/8_documentation.py
[2023-02-01 16:08:07,024] {logging_mixin.py:115} INFO - [2023-02-01 16:08:07,024] {dag.py:2371} INFO - Sync 1 DAGs
[2023-02-01 16:08:07,041] {logging_mixin.py:115} INFO - [2023-02-01 16:08:07,041] {dag.py:2915} INFO - Setting next_dagrun for 8_documentation to 2023-01-31T00:00:00+00:00, run_after=2023-02-01T00:00:00+00:00
[2023-02-01 16:08:07,087] {processor.py:161} INFO - Processing /c/Airflow/dags/Airflow2_0_De_0_a_Heroe/8_documentation.py took 0.116 seconds
[2023-02-01 16:08:39,165] {processor.py:153} INFO - Started process (PID=12531) to work on /c/Airflow/dags/Airflow2_0_De_0_a_Heroe/8_documentation.py
[2023-02-01 16:08:39,166] {processor.py:641} INFO - Processing file /c/Airflow/dags/Airflow2_0_De_0_a_Heroe/8_documentation.py for tasks to queue
[2023-02-01 16:08:39,166] {logging_mixin.py:115} INFO - [2023-02-01 16:08:39,166] {dagbag.py:507} INFO - Filling up the DagBag from /c/Airflow/dags/Airflow2_0_De_0_a_Heroe/8_documentation.py
[2023-02-01 16:08:39,200] {processor.py:651} INFO - DAG(s) dict_keys(['8_documentation']) retrieved from /c/Airflow/dags/Airflow2_0_De_0_a_Heroe/8_documentation.py
[2023-02-01 16:08:39,224] {logging_mixin.py:115} INFO - [2023-02-01 16:08:39,224] {dag.py:2371} INFO - Sync 1 DAGs
[2023-02-01 16:08:39,242] {logging_mixin.py:115} INFO - [2023-02-01 16:08:39,242] {dag.py:2915} INFO - Setting next_dagrun for 8_documentation to 2023-01-31T00:00:00+00:00, run_after=2023-02-01T00:00:00+00:00
[2023-02-01 16:08:39,291] {processor.py:161} INFO - Processing /c/Airflow/dags/Airflow2_0_De_0_a_Heroe/8_documentation.py took 0.128 seconds
[2023-02-01 16:09:10,470] {processor.py:153} INFO - Started process (PID=12551) to work on /c/Airflow/dags/Airflow2_0_De_0_a_Heroe/8_documentation.py
[2023-02-01 16:09:10,470] {processor.py:641} INFO - Processing file /c/Airflow/dags/Airflow2_0_De_0_a_Heroe/8_documentation.py for tasks to queue
[2023-02-01 16:09:10,471] {logging_mixin.py:115} INFO - [2023-02-01 16:09:10,471] {dagbag.py:507} INFO - Filling up the DagBag from /c/Airflow/dags/Airflow2_0_De_0_a_Heroe/8_documentation.py
[2023-02-01 16:09:10,500] {processor.py:651} INFO - DAG(s) dict_keys(['8_documentation']) retrieved from /c/Airflow/dags/Airflow2_0_De_0_a_Heroe/8_documentation.py
[2023-02-01 16:09:10,525] {logging_mixin.py:115} INFO - [2023-02-01 16:09:10,525] {dag.py:2371} INFO - Sync 1 DAGs
[2023-02-01 16:09:10,544] {logging_mixin.py:115} INFO - [2023-02-01 16:09:10,544] {dag.py:2915} INFO - Setting next_dagrun for 8_documentation to 2023-01-31T00:00:00+00:00, run_after=2023-02-01T00:00:00+00:00
[2023-02-01 16:09:10,588] {processor.py:161} INFO - Processing /c/Airflow/dags/Airflow2_0_De_0_a_Heroe/8_documentation.py took 0.120 seconds
[2023-02-01 16:09:41,465] {processor.py:153} INFO - Started process (PID=12571) to work on /c/Airflow/dags/Airflow2_0_De_0_a_Heroe/8_documentation.py
[2023-02-01 16:09:41,466] {processor.py:641} INFO - Processing file /c/Airflow/dags/Airflow2_0_De_0_a_Heroe/8_documentation.py for tasks to queue
[2023-02-01 16:09:41,466] {logging_mixin.py:115} INFO - [2023-02-01 16:09:41,466] {dagbag.py:507} INFO - Filling up the DagBag from /c/Airflow/dags/Airflow2_0_De_0_a_Heroe/8_documentation.py
[2023-02-01 16:09:41,501] {processor.py:651} INFO - DAG(s) dict_keys(['8_documentation']) retrieved from /c/Airflow/dags/Airflow2_0_De_0_a_Heroe/8_documentation.py
[2023-02-01 16:09:41,531] {logging_mixin.py:115} INFO - [2023-02-01 16:09:41,531] {dag.py:2371} INFO - Sync 1 DAGs
[2023-02-01 16:09:41,549] {logging_mixin.py:115} INFO - [2023-02-01 16:09:41,549] {dag.py:2915} INFO - Setting next_dagrun for 8_documentation to 2023-01-31T00:00:00+00:00, run_after=2023-02-01T00:00:00+00:00
[2023-02-01 16:09:41,599] {processor.py:161} INFO - Processing /c/Airflow/dags/Airflow2_0_De_0_a_Heroe/8_documentation.py took 0.136 seconds
[2023-02-01 16:10:12,921] {processor.py:153} INFO - Started process (PID=12591) to work on /c/Airflow/dags/Airflow2_0_De_0_a_Heroe/8_documentation.py
[2023-02-01 16:10:12,922] {processor.py:641} INFO - Processing file /c/Airflow/dags/Airflow2_0_De_0_a_Heroe/8_documentation.py for tasks to queue
[2023-02-01 16:10:12,922] {logging_mixin.py:115} INFO - [2023-02-01 16:10:12,922] {dagbag.py:507} INFO - Filling up the DagBag from /c/Airflow/dags/Airflow2_0_De_0_a_Heroe/8_documentation.py
[2023-02-01 16:10:12,950] {processor.py:651} INFO - DAG(s) dict_keys(['8_documentation']) retrieved from /c/Airflow/dags/Airflow2_0_De_0_a_Heroe/8_documentation.py
[2023-02-01 16:10:12,972] {logging_mixin.py:115} INFO - [2023-02-01 16:10:12,972] {dag.py:2371} INFO - Sync 1 DAGs
[2023-02-01 16:10:12,991] {logging_mixin.py:115} INFO - [2023-02-01 16:10:12,991] {dag.py:2915} INFO - Setting next_dagrun for 8_documentation to 2023-01-31T00:00:00+00:00, run_after=2023-02-01T00:00:00+00:00
[2023-02-01 16:10:13,032] {processor.py:161} INFO - Processing /c/Airflow/dags/Airflow2_0_De_0_a_Heroe/8_documentation.py took 0.113 seconds
[2023-02-01 16:10:47,321] {processor.py:153} INFO - Started process (PID=12634) to work on /c/Airflow/dags/Airflow2_0_De_0_a_Heroe/8_documentation.py
[2023-02-01 16:10:47,322] {processor.py:641} INFO - Processing file /c/Airflow/dags/Airflow2_0_De_0_a_Heroe/8_documentation.py for tasks to queue
[2023-02-01 16:10:47,322] {logging_mixin.py:115} INFO - [2023-02-01 16:10:47,322] {dagbag.py:507} INFO - Filling up the DagBag from /c/Airflow/dags/Airflow2_0_De_0_a_Heroe/8_documentation.py
[2023-02-01 16:10:47,352] {processor.py:651} INFO - DAG(s) dict_keys(['8_documentation']) retrieved from /c/Airflow/dags/Airflow2_0_De_0_a_Heroe/8_documentation.py
[2023-02-01 16:10:47,378] {logging_mixin.py:115} INFO - [2023-02-01 16:10:47,378] {dag.py:2371} INFO - Sync 1 DAGs
[2023-02-01 16:10:47,396] {logging_mixin.py:115} INFO - [2023-02-01 16:10:47,396] {dag.py:2915} INFO - Setting next_dagrun for 8_documentation to 2023-01-31T00:00:00+00:00, run_after=2023-02-01T00:00:00+00:00
[2023-02-01 16:10:47,443] {processor.py:161} INFO - Processing /c/Airflow/dags/Airflow2_0_De_0_a_Heroe/8_documentation.py took 0.124 seconds
[2023-02-01 16:11:18,284] {processor.py:153} INFO - Started process (PID=12677) to work on /c/Airflow/dags/Airflow2_0_De_0_a_Heroe/8_documentation.py
[2023-02-01 16:11:18,285] {processor.py:641} INFO - Processing file /c/Airflow/dags/Airflow2_0_De_0_a_Heroe/8_documentation.py for tasks to queue
[2023-02-01 16:11:18,286] {logging_mixin.py:115} INFO - [2023-02-01 16:11:18,286] {dagbag.py:507} INFO - Filling up the DagBag from /c/Airflow/dags/Airflow2_0_De_0_a_Heroe/8_documentation.py
[2023-02-01 16:11:18,315] {processor.py:651} INFO - DAG(s) dict_keys(['8_documentation']) retrieved from /c/Airflow/dags/Airflow2_0_De_0_a_Heroe/8_documentation.py
[2023-02-01 16:11:18,338] {logging_mixin.py:115} INFO - [2023-02-01 16:11:18,338] {dag.py:2371} INFO - Sync 1 DAGs
[2023-02-01 16:11:18,358] {logging_mixin.py:115} INFO - [2023-02-01 16:11:18,358] {dag.py:2915} INFO - Setting next_dagrun for 8_documentation to 2023-01-31T00:00:00+00:00, run_after=2023-02-01T00:00:00+00:00
[2023-02-01 16:11:18,407] {processor.py:161} INFO - Processing /c/Airflow/dags/Airflow2_0_De_0_a_Heroe/8_documentation.py took 0.125 seconds
[2023-02-01 16:11:48,545] {processor.py:153} INFO - Started process (PID=12697) to work on /c/Airflow/dags/Airflow2_0_De_0_a_Heroe/8_documentation.py
[2023-02-01 16:11:48,545] {processor.py:641} INFO - Processing file /c/Airflow/dags/Airflow2_0_De_0_a_Heroe/8_documentation.py for tasks to queue
[2023-02-01 16:11:48,546] {logging_mixin.py:115} INFO - [2023-02-01 16:11:48,546] {dagbag.py:507} INFO - Filling up the DagBag from /c/Airflow/dags/Airflow2_0_De_0_a_Heroe/8_documentation.py
[2023-02-01 16:11:48,575] {processor.py:651} INFO - DAG(s) dict_keys(['8_documentation']) retrieved from /c/Airflow/dags/Airflow2_0_De_0_a_Heroe/8_documentation.py
[2023-02-01 16:11:48,601] {logging_mixin.py:115} INFO - [2023-02-01 16:11:48,601] {dag.py:2371} INFO - Sync 1 DAGs
[2023-02-01 16:11:48,620] {logging_mixin.py:115} INFO - [2023-02-01 16:11:48,620] {dag.py:2915} INFO - Setting next_dagrun for 8_documentation to 2023-01-31T00:00:00+00:00, run_after=2023-02-01T00:00:00+00:00
[2023-02-01 16:11:48,677] {processor.py:161} INFO - Processing /c/Airflow/dags/Airflow2_0_De_0_a_Heroe/8_documentation.py took 0.135 seconds
[2023-02-01 16:12:20,628] {processor.py:153} INFO - Started process (PID=12717) to work on /c/Airflow/dags/Airflow2_0_De_0_a_Heroe/8_documentation.py
[2023-02-01 16:12:20,629] {processor.py:641} INFO - Processing file /c/Airflow/dags/Airflow2_0_De_0_a_Heroe/8_documentation.py for tasks to queue
[2023-02-01 16:12:20,630] {logging_mixin.py:115} INFO - [2023-02-01 16:12:20,630] {dagbag.py:507} INFO - Filling up the DagBag from /c/Airflow/dags/Airflow2_0_De_0_a_Heroe/8_documentation.py
[2023-02-01 16:12:20,658] {processor.py:651} INFO - DAG(s) dict_keys(['8_documentation']) retrieved from /c/Airflow/dags/Airflow2_0_De_0_a_Heroe/8_documentation.py
[2023-02-01 16:12:20,681] {logging_mixin.py:115} INFO - [2023-02-01 16:12:20,681] {dag.py:2371} INFO - Sync 1 DAGs
[2023-02-01 16:12:20,698] {logging_mixin.py:115} INFO - [2023-02-01 16:12:20,698] {dag.py:2915} INFO - Setting next_dagrun for 8_documentation to 2023-01-31T00:00:00+00:00, run_after=2023-02-01T00:00:00+00:00
[2023-02-01 16:12:20,747] {processor.py:161} INFO - Processing /c/Airflow/dags/Airflow2_0_De_0_a_Heroe/8_documentation.py took 0.121 seconds
[2023-02-01 16:12:52,121] {processor.py:153} INFO - Started process (PID=12783) to work on /c/Airflow/dags/Airflow2_0_De_0_a_Heroe/8_documentation.py
[2023-02-01 16:12:52,122] {processor.py:641} INFO - Processing file /c/Airflow/dags/Airflow2_0_De_0_a_Heroe/8_documentation.py for tasks to queue
[2023-02-01 16:12:52,122] {logging_mixin.py:115} INFO - [2023-02-01 16:12:52,122] {dagbag.py:507} INFO - Filling up the DagBag from /c/Airflow/dags/Airflow2_0_De_0_a_Heroe/8_documentation.py
[2023-02-01 16:12:52,150] {processor.py:651} INFO - DAG(s) dict_keys(['8_documentation']) retrieved from /c/Airflow/dags/Airflow2_0_De_0_a_Heroe/8_documentation.py
[2023-02-01 16:12:52,179] {logging_mixin.py:115} INFO - [2023-02-01 16:12:52,179] {dag.py:2371} INFO - Sync 1 DAGs
[2023-02-01 16:12:52,198] {logging_mixin.py:115} INFO - [2023-02-01 16:12:52,198] {dag.py:2915} INFO - Setting next_dagrun for 8_documentation to 2023-01-31T00:00:00+00:00, run_after=2023-02-01T00:00:00+00:00
[2023-02-01 16:12:52,242] {processor.py:161} INFO - Processing /c/Airflow/dags/Airflow2_0_De_0_a_Heroe/8_documentation.py took 0.124 seconds
[2023-02-01 16:13:22,952] {processor.py:153} INFO - Started process (PID=12803) to work on /c/Airflow/dags/Airflow2_0_De_0_a_Heroe/8_documentation.py
[2023-02-01 16:13:22,952] {processor.py:641} INFO - Processing file /c/Airflow/dags/Airflow2_0_De_0_a_Heroe/8_documentation.py for tasks to queue
[2023-02-01 16:13:22,953] {logging_mixin.py:115} INFO - [2023-02-01 16:13:22,953] {dagbag.py:507} INFO - Filling up the DagBag from /c/Airflow/dags/Airflow2_0_De_0_a_Heroe/8_documentation.py
[2023-02-01 16:13:22,982] {processor.py:651} INFO - DAG(s) dict_keys(['8_documentation']) retrieved from /c/Airflow/dags/Airflow2_0_De_0_a_Heroe/8_documentation.py
[2023-02-01 16:13:23,009] {logging_mixin.py:115} INFO - [2023-02-01 16:13:23,009] {dag.py:2371} INFO - Sync 1 DAGs
[2023-02-01 16:13:23,026] {logging_mixin.py:115} INFO - [2023-02-01 16:13:23,026] {dag.py:2915} INFO - Setting next_dagrun for 8_documentation to 2023-01-31T00:00:00+00:00, run_after=2023-02-01T00:00:00+00:00
[2023-02-01 16:13:23,077] {processor.py:161} INFO - Processing /c/Airflow/dags/Airflow2_0_De_0_a_Heroe/8_documentation.py took 0.128 seconds
[2023-02-01 16:13:54,108] {processor.py:153} INFO - Started process (PID=12823) to work on /c/Airflow/dags/Airflow2_0_De_0_a_Heroe/8_documentation.py
[2023-02-01 16:13:54,109] {processor.py:641} INFO - Processing file /c/Airflow/dags/Airflow2_0_De_0_a_Heroe/8_documentation.py for tasks to queue
[2023-02-01 16:13:54,109] {logging_mixin.py:115} INFO - [2023-02-01 16:13:54,109] {dagbag.py:507} INFO - Filling up the DagBag from /c/Airflow/dags/Airflow2_0_De_0_a_Heroe/8_documentation.py
[2023-02-01 16:13:54,143] {processor.py:651} INFO - DAG(s) dict_keys(['8_documentation']) retrieved from /c/Airflow/dags/Airflow2_0_De_0_a_Heroe/8_documentation.py
[2023-02-01 16:13:54,176] {logging_mixin.py:115} INFO - [2023-02-01 16:13:54,176] {dag.py:2371} INFO - Sync 1 DAGs
[2023-02-01 16:13:54,195] {logging_mixin.py:115} INFO - [2023-02-01 16:13:54,195] {dag.py:2915} INFO - Setting next_dagrun for 8_documentation to 2023-01-31T00:00:00+00:00, run_after=2023-02-01T00:00:00+00:00
[2023-02-01 16:13:54,247] {processor.py:161} INFO - Processing /c/Airflow/dags/Airflow2_0_De_0_a_Heroe/8_documentation.py took 0.141 seconds
[2023-02-01 16:14:25,813] {processor.py:153} INFO - Started process (PID=12843) to work on /c/Airflow/dags/Airflow2_0_De_0_a_Heroe/8_documentation.py
[2023-02-01 16:14:25,815] {processor.py:641} INFO - Processing file /c/Airflow/dags/Airflow2_0_De_0_a_Heroe/8_documentation.py for tasks to queue
[2023-02-01 16:14:25,816] {logging_mixin.py:115} INFO - [2023-02-01 16:14:25,816] {dagbag.py:507} INFO - Filling up the DagBag from /c/Airflow/dags/Airflow2_0_De_0_a_Heroe/8_documentation.py
[2023-02-01 16:14:25,861] {processor.py:651} INFO - DAG(s) dict_keys(['8_documentation']) retrieved from /c/Airflow/dags/Airflow2_0_De_0_a_Heroe/8_documentation.py
[2023-02-01 16:14:25,894] {logging_mixin.py:115} INFO - [2023-02-01 16:14:25,894] {dag.py:2371} INFO - Sync 1 DAGs
[2023-02-01 16:14:25,916] {logging_mixin.py:115} INFO - [2023-02-01 16:14:25,915] {dag.py:2915} INFO - Setting next_dagrun for 8_documentation to 2023-01-31T00:00:00+00:00, run_after=2023-02-01T00:00:00+00:00
[2023-02-01 16:14:25,974] {processor.py:161} INFO - Processing /c/Airflow/dags/Airflow2_0_De_0_a_Heroe/8_documentation.py took 0.163 seconds
[2023-02-01 16:14:58,058] {processor.py:153} INFO - Started process (PID=12863) to work on /c/Airflow/dags/Airflow2_0_De_0_a_Heroe/8_documentation.py
[2023-02-01 16:14:58,060] {processor.py:641} INFO - Processing file /c/Airflow/dags/Airflow2_0_De_0_a_Heroe/8_documentation.py for tasks to queue
[2023-02-01 16:14:58,060] {logging_mixin.py:115} INFO - [2023-02-01 16:14:58,060] {dagbag.py:507} INFO - Filling up the DagBag from /c/Airflow/dags/Airflow2_0_De_0_a_Heroe/8_documentation.py
[2023-02-01 16:14:58,091] {processor.py:651} INFO - DAG(s) dict_keys(['8_documentation']) retrieved from /c/Airflow/dags/Airflow2_0_De_0_a_Heroe/8_documentation.py
[2023-02-01 16:14:58,116] {logging_mixin.py:115} INFO - [2023-02-01 16:14:58,116] {dag.py:2371} INFO - Sync 1 DAGs
[2023-02-01 16:14:58,133] {logging_mixin.py:115} INFO - [2023-02-01 16:14:58,133] {dag.py:2915} INFO - Setting next_dagrun for 8_documentation to 2023-01-31T00:00:00+00:00, run_after=2023-02-01T00:00:00+00:00
[2023-02-01 16:14:58,174] {processor.py:161} INFO - Processing /c/Airflow/dags/Airflow2_0_De_0_a_Heroe/8_documentation.py took 0.119 seconds
[2023-02-01 16:15:30,051] {processor.py:153} INFO - Started process (PID=12883) to work on /c/Airflow/dags/Airflow2_0_De_0_a_Heroe/8_documentation.py
[2023-02-01 16:15:30,052] {processor.py:641} INFO - Processing file /c/Airflow/dags/Airflow2_0_De_0_a_Heroe/8_documentation.py for tasks to queue
[2023-02-01 16:15:30,053] {logging_mixin.py:115} INFO - [2023-02-01 16:15:30,053] {dagbag.py:507} INFO - Filling up the DagBag from /c/Airflow/dags/Airflow2_0_De_0_a_Heroe/8_documentation.py
[2023-02-01 16:15:30,082] {processor.py:651} INFO - DAG(s) dict_keys(['8_documentation']) retrieved from /c/Airflow/dags/Airflow2_0_De_0_a_Heroe/8_documentation.py
[2023-02-01 16:15:30,104] {logging_mixin.py:115} INFO - [2023-02-01 16:15:30,104] {dag.py:2371} INFO - Sync 1 DAGs
[2023-02-01 16:15:30,121] {logging_mixin.py:115} INFO - [2023-02-01 16:15:30,121] {dag.py:2915} INFO - Setting next_dagrun for 8_documentation to 2023-01-31T00:00:00+00:00, run_after=2023-02-01T00:00:00+00:00
[2023-02-01 16:15:30,179] {processor.py:161} INFO - Processing /c/Airflow/dags/Airflow2_0_De_0_a_Heroe/8_documentation.py took 0.130 seconds
[2023-02-01 16:16:02,154] {processor.py:153} INFO - Started process (PID=12903) to work on /c/Airflow/dags/Airflow2_0_De_0_a_Heroe/8_documentation.py
[2023-02-01 16:16:02,155] {processor.py:641} INFO - Processing file /c/Airflow/dags/Airflow2_0_De_0_a_Heroe/8_documentation.py for tasks to queue
[2023-02-01 16:16:02,155] {logging_mixin.py:115} INFO - [2023-02-01 16:16:02,155] {dagbag.py:507} INFO - Filling up the DagBag from /c/Airflow/dags/Airflow2_0_De_0_a_Heroe/8_documentation.py
[2023-02-01 16:16:02,183] {processor.py:651} INFO - DAG(s) dict_keys(['8_documentation']) retrieved from /c/Airflow/dags/Airflow2_0_De_0_a_Heroe/8_documentation.py
[2023-02-01 16:16:02,207] {logging_mixin.py:115} INFO - [2023-02-01 16:16:02,206] {dag.py:2371} INFO - Sync 1 DAGs
[2023-02-01 16:16:02,228] {logging_mixin.py:115} INFO - [2023-02-01 16:16:02,227] {dag.py:2915} INFO - Setting next_dagrun for 8_documentation to 2023-01-31T00:00:00+00:00, run_after=2023-02-01T00:00:00+00:00
[2023-02-01 16:16:02,271] {processor.py:161} INFO - Processing /c/Airflow/dags/Airflow2_0_De_0_a_Heroe/8_documentation.py took 0.119 seconds
[2023-02-01 16:16:33,309] {processor.py:153} INFO - Started process (PID=12923) to work on /c/Airflow/dags/Airflow2_0_De_0_a_Heroe/8_documentation.py
[2023-02-01 16:16:33,310] {processor.py:641} INFO - Processing file /c/Airflow/dags/Airflow2_0_De_0_a_Heroe/8_documentation.py for tasks to queue
[2023-02-01 16:16:33,311] {logging_mixin.py:115} INFO - [2023-02-01 16:16:33,311] {dagbag.py:507} INFO - Filling up the DagBag from /c/Airflow/dags/Airflow2_0_De_0_a_Heroe/8_documentation.py
[2023-02-01 16:16:33,341] {processor.py:651} INFO - DAG(s) dict_keys(['8_documentation']) retrieved from /c/Airflow/dags/Airflow2_0_De_0_a_Heroe/8_documentation.py
[2023-02-01 16:16:33,371] {logging_mixin.py:115} INFO - [2023-02-01 16:16:33,371] {dag.py:2371} INFO - Sync 1 DAGs
[2023-02-01 16:16:33,389] {logging_mixin.py:115} INFO - [2023-02-01 16:16:33,389] {dag.py:2915} INFO - Setting next_dagrun for 8_documentation to 2023-01-31T00:00:00+00:00, run_after=2023-02-01T00:00:00+00:00
[2023-02-01 16:16:33,446] {processor.py:161} INFO - Processing /c/Airflow/dags/Airflow2_0_De_0_a_Heroe/8_documentation.py took 0.139 seconds
[2023-02-01 16:17:05,031] {processor.py:153} INFO - Started process (PID=12943) to work on /c/Airflow/dags/Airflow2_0_De_0_a_Heroe/8_documentation.py
[2023-02-01 16:17:05,032] {processor.py:641} INFO - Processing file /c/Airflow/dags/Airflow2_0_De_0_a_Heroe/8_documentation.py for tasks to queue
[2023-02-01 16:17:05,033] {logging_mixin.py:115} INFO - [2023-02-01 16:17:05,033] {dagbag.py:507} INFO - Filling up the DagBag from /c/Airflow/dags/Airflow2_0_De_0_a_Heroe/8_documentation.py
[2023-02-01 16:17:05,060] {processor.py:651} INFO - DAG(s) dict_keys(['8_documentation']) retrieved from /c/Airflow/dags/Airflow2_0_De_0_a_Heroe/8_documentation.py
[2023-02-01 16:17:05,082] {logging_mixin.py:115} INFO - [2023-02-01 16:17:05,082] {dag.py:2371} INFO - Sync 1 DAGs
[2023-02-01 16:17:05,099] {logging_mixin.py:115} INFO - [2023-02-01 16:17:05,099] {dag.py:2915} INFO - Setting next_dagrun for 8_documentation to 2023-01-31T00:00:00+00:00, run_after=2023-02-01T00:00:00+00:00
[2023-02-01 16:17:05,148] {processor.py:161} INFO - Processing /c/Airflow/dags/Airflow2_0_De_0_a_Heroe/8_documentation.py took 0.118 seconds
[2023-02-01 16:17:38,083] {processor.py:153} INFO - Started process (PID=12964) to work on /c/Airflow/dags/Airflow2_0_De_0_a_Heroe/8_documentation.py
[2023-02-01 16:17:38,084] {processor.py:641} INFO - Processing file /c/Airflow/dags/Airflow2_0_De_0_a_Heroe/8_documentation.py for tasks to queue
[2023-02-01 16:17:38,085] {logging_mixin.py:115} INFO - [2023-02-01 16:17:38,085] {dagbag.py:507} INFO - Filling up the DagBag from /c/Airflow/dags/Airflow2_0_De_0_a_Heroe/8_documentation.py
[2023-02-01 16:17:38,112] {processor.py:651} INFO - DAG(s) dict_keys(['8_documentation']) retrieved from /c/Airflow/dags/Airflow2_0_De_0_a_Heroe/8_documentation.py
[2023-02-01 16:17:38,141] {logging_mixin.py:115} INFO - [2023-02-01 16:17:38,141] {dag.py:2371} INFO - Sync 1 DAGs
[2023-02-01 16:17:38,159] {logging_mixin.py:115} INFO - [2023-02-01 16:17:38,159] {dag.py:2915} INFO - Setting next_dagrun for 8_documentation to 2023-01-31T00:00:00+00:00, run_after=2023-02-01T00:00:00+00:00
[2023-02-01 16:17:38,198] {processor.py:161} INFO - Processing /c/Airflow/dags/Airflow2_0_De_0_a_Heroe/8_documentation.py took 0.117 seconds
[2023-02-01 16:18:10,860] {processor.py:153} INFO - Started process (PID=12985) to work on /c/Airflow/dags/Airflow2_0_De_0_a_Heroe/8_documentation.py
[2023-02-01 16:18:10,860] {processor.py:641} INFO - Processing file /c/Airflow/dags/Airflow2_0_De_0_a_Heroe/8_documentation.py for tasks to queue
[2023-02-01 16:18:10,861] {logging_mixin.py:115} INFO - [2023-02-01 16:18:10,861] {dagbag.py:507} INFO - Filling up the DagBag from /c/Airflow/dags/Airflow2_0_De_0_a_Heroe/8_documentation.py
[2023-02-01 16:18:10,890] {processor.py:651} INFO - DAG(s) dict_keys(['8_documentation']) retrieved from /c/Airflow/dags/Airflow2_0_De_0_a_Heroe/8_documentation.py
[2023-02-01 16:18:10,917] {logging_mixin.py:115} INFO - [2023-02-01 16:18:10,917] {dag.py:2371} INFO - Sync 1 DAGs
[2023-02-01 16:18:10,939] {logging_mixin.py:115} INFO - [2023-02-01 16:18:10,939] {dag.py:2915} INFO - Setting next_dagrun for 8_documentation to 2023-01-31T00:00:00+00:00, run_after=2023-02-01T00:00:00+00:00
[2023-02-01 16:18:10,990] {processor.py:161} INFO - Processing /c/Airflow/dags/Airflow2_0_De_0_a_Heroe/8_documentation.py took 0.132 seconds
[2023-02-01 16:18:41,645] {processor.py:153} INFO - Started process (PID=13051) to work on /c/Airflow/dags/Airflow2_0_De_0_a_Heroe/8_documentation.py
[2023-02-01 16:18:41,646] {processor.py:641} INFO - Processing file /c/Airflow/dags/Airflow2_0_De_0_a_Heroe/8_documentation.py for tasks to queue
[2023-02-01 16:18:41,647] {logging_mixin.py:115} INFO - [2023-02-01 16:18:41,647] {dagbag.py:507} INFO - Filling up the DagBag from /c/Airflow/dags/Airflow2_0_De_0_a_Heroe/8_documentation.py
[2023-02-01 16:18:41,676] {processor.py:651} INFO - DAG(s) dict_keys(['8_documentation']) retrieved from /c/Airflow/dags/Airflow2_0_De_0_a_Heroe/8_documentation.py
[2023-02-01 16:18:41,707] {logging_mixin.py:115} INFO - [2023-02-01 16:18:41,707] {dag.py:2371} INFO - Sync 1 DAGs
[2023-02-01 16:18:41,726] {logging_mixin.py:115} INFO - [2023-02-01 16:18:41,726] {dag.py:2915} INFO - Setting next_dagrun for 8_documentation to 2023-01-31T00:00:00+00:00, run_after=2023-02-01T00:00:00+00:00
[2023-02-01 16:18:41,776] {processor.py:161} INFO - Processing /c/Airflow/dags/Airflow2_0_De_0_a_Heroe/8_documentation.py took 0.132 seconds
[2023-02-01 16:19:13,187] {processor.py:153} INFO - Started process (PID=13071) to work on /c/Airflow/dags/Airflow2_0_De_0_a_Heroe/8_documentation.py
[2023-02-01 16:19:13,188] {processor.py:641} INFO - Processing file /c/Airflow/dags/Airflow2_0_De_0_a_Heroe/8_documentation.py for tasks to queue
[2023-02-01 16:19:13,189] {logging_mixin.py:115} INFO - [2023-02-01 16:19:13,189] {dagbag.py:507} INFO - Filling up the DagBag from /c/Airflow/dags/Airflow2_0_De_0_a_Heroe/8_documentation.py
[2023-02-01 16:19:13,216] {processor.py:651} INFO - DAG(s) dict_keys(['8_documentation']) retrieved from /c/Airflow/dags/Airflow2_0_De_0_a_Heroe/8_documentation.py
[2023-02-01 16:19:13,239] {logging_mixin.py:115} INFO - [2023-02-01 16:19:13,239] {dag.py:2371} INFO - Sync 1 DAGs
[2023-02-01 16:19:13,255] {logging_mixin.py:115} INFO - [2023-02-01 16:19:13,255] {dag.py:2915} INFO - Setting next_dagrun for 8_documentation to 2023-01-31T00:00:00+00:00, run_after=2023-02-01T00:00:00+00:00
[2023-02-01 16:19:13,300] {processor.py:161} INFO - Processing /c/Airflow/dags/Airflow2_0_De_0_a_Heroe/8_documentation.py took 0.115 seconds
[2023-02-01 16:19:44,309] {processor.py:153} INFO - Started process (PID=13091) to work on /c/Airflow/dags/Airflow2_0_De_0_a_Heroe/8_documentation.py
[2023-02-01 16:19:44,310] {processor.py:641} INFO - Processing file /c/Airflow/dags/Airflow2_0_De_0_a_Heroe/8_documentation.py for tasks to queue
[2023-02-01 16:19:44,311] {logging_mixin.py:115} INFO - [2023-02-01 16:19:44,311] {dagbag.py:507} INFO - Filling up the DagBag from /c/Airflow/dags/Airflow2_0_De_0_a_Heroe/8_documentation.py
[2023-02-01 16:19:44,348] {processor.py:651} INFO - DAG(s) dict_keys(['8_documentation']) retrieved from /c/Airflow/dags/Airflow2_0_De_0_a_Heroe/8_documentation.py
[2023-02-01 16:19:44,372] {logging_mixin.py:115} INFO - [2023-02-01 16:19:44,372] {dag.py:2371} INFO - Sync 1 DAGs
[2023-02-01 16:19:44,390] {logging_mixin.py:115} INFO - [2023-02-01 16:19:44,390] {dag.py:2915} INFO - Setting next_dagrun for 8_documentation to 2023-01-31T00:00:00+00:00, run_after=2023-02-01T00:00:00+00:00
[2023-02-01 16:19:44,439] {processor.py:161} INFO - Processing /c/Airflow/dags/Airflow2_0_De_0_a_Heroe/8_documentation.py took 0.132 seconds
[2023-02-01 16:20:15,401] {processor.py:153} INFO - Started process (PID=13111) to work on /c/Airflow/dags/Airflow2_0_De_0_a_Heroe/8_documentation.py
[2023-02-01 16:20:15,402] {processor.py:641} INFO - Processing file /c/Airflow/dags/Airflow2_0_De_0_a_Heroe/8_documentation.py for tasks to queue
[2023-02-01 16:20:15,403] {logging_mixin.py:115} INFO - [2023-02-01 16:20:15,403] {dagbag.py:507} INFO - Filling up the DagBag from /c/Airflow/dags/Airflow2_0_De_0_a_Heroe/8_documentation.py
[2023-02-01 16:20:15,431] {processor.py:651} INFO - DAG(s) dict_keys(['8_documentation']) retrieved from /c/Airflow/dags/Airflow2_0_De_0_a_Heroe/8_documentation.py
[2023-02-01 16:20:15,455] {logging_mixin.py:115} INFO - [2023-02-01 16:20:15,455] {dag.py:2371} INFO - Sync 1 DAGs
[2023-02-01 16:20:15,485] {logging_mixin.py:115} INFO - [2023-02-01 16:20:15,485] {dag.py:2915} INFO - Setting next_dagrun for 8_documentation to 2023-01-31T00:00:00+00:00, run_after=2023-02-01T00:00:00+00:00
[2023-02-01 16:20:15,548] {processor.py:161} INFO - Processing /c/Airflow/dags/Airflow2_0_De_0_a_Heroe/8_documentation.py took 0.149 seconds
[2023-02-01 16:20:47,099] {processor.py:153} INFO - Started process (PID=13131) to work on /c/Airflow/dags/Airflow2_0_De_0_a_Heroe/8_documentation.py
[2023-02-01 16:20:47,100] {processor.py:641} INFO - Processing file /c/Airflow/dags/Airflow2_0_De_0_a_Heroe/8_documentation.py for tasks to queue
[2023-02-01 16:20:47,100] {logging_mixin.py:115} INFO - [2023-02-01 16:20:47,100] {dagbag.py:507} INFO - Filling up the DagBag from /c/Airflow/dags/Airflow2_0_De_0_a_Heroe/8_documentation.py
[2023-02-01 16:20:47,128] {processor.py:651} INFO - DAG(s) dict_keys(['8_documentation']) retrieved from /c/Airflow/dags/Airflow2_0_De_0_a_Heroe/8_documentation.py
[2023-02-01 16:20:47,150] {logging_mixin.py:115} INFO - [2023-02-01 16:20:47,150] {dag.py:2371} INFO - Sync 1 DAGs
[2023-02-01 16:20:47,167] {logging_mixin.py:115} INFO - [2023-02-01 16:20:47,167] {dag.py:2915} INFO - Setting next_dagrun for 8_documentation to 2023-01-31T00:00:00+00:00, run_after=2023-02-01T00:00:00+00:00
[2023-02-01 16:20:47,216] {processor.py:161} INFO - Processing /c/Airflow/dags/Airflow2_0_De_0_a_Heroe/8_documentation.py took 0.118 seconds
[2023-02-01 16:21:17,908] {processor.py:153} INFO - Started process (PID=13151) to work on /c/Airflow/dags/Airflow2_0_De_0_a_Heroe/8_documentation.py
[2023-02-01 16:21:17,909] {processor.py:641} INFO - Processing file /c/Airflow/dags/Airflow2_0_De_0_a_Heroe/8_documentation.py for tasks to queue
[2023-02-01 16:21:17,910] {logging_mixin.py:115} INFO - [2023-02-01 16:21:17,909] {dagbag.py:507} INFO - Filling up the DagBag from /c/Airflow/dags/Airflow2_0_De_0_a_Heroe/8_documentation.py
[2023-02-01 16:21:17,948] {processor.py:651} INFO - DAG(s) dict_keys(['8_documentation']) retrieved from /c/Airflow/dags/Airflow2_0_De_0_a_Heroe/8_documentation.py
[2023-02-01 16:21:17,983] {logging_mixin.py:115} INFO - [2023-02-01 16:21:17,983] {dag.py:2371} INFO - Sync 1 DAGs
[2023-02-01 16:21:18,018] {logging_mixin.py:115} INFO - [2023-02-01 16:21:18,018] {dag.py:2915} INFO - Setting next_dagrun for 8_documentation to 2023-01-31T00:00:00+00:00, run_after=2023-02-01T00:00:00+00:00
[2023-02-01 16:21:18,111] {processor.py:161} INFO - Processing /c/Airflow/dags/Airflow2_0_De_0_a_Heroe/8_documentation.py took 0.206 seconds
[2023-02-01 16:21:49,567] {processor.py:153} INFO - Started process (PID=13171) to work on /c/Airflow/dags/Airflow2_0_De_0_a_Heroe/8_documentation.py
[2023-02-01 16:21:49,568] {processor.py:641} INFO - Processing file /c/Airflow/dags/Airflow2_0_De_0_a_Heroe/8_documentation.py for tasks to queue
[2023-02-01 16:21:49,569] {logging_mixin.py:115} INFO - [2023-02-01 16:21:49,569] {dagbag.py:507} INFO - Filling up the DagBag from /c/Airflow/dags/Airflow2_0_De_0_a_Heroe/8_documentation.py
[2023-02-01 16:21:49,596] {processor.py:651} INFO - DAG(s) dict_keys(['8_documentation']) retrieved from /c/Airflow/dags/Airflow2_0_De_0_a_Heroe/8_documentation.py
[2023-02-01 16:21:49,618] {logging_mixin.py:115} INFO - [2023-02-01 16:21:49,618] {dag.py:2371} INFO - Sync 1 DAGs
[2023-02-01 16:21:49,635] {logging_mixin.py:115} INFO - [2023-02-01 16:21:49,635] {dag.py:2915} INFO - Setting next_dagrun for 8_documentation to 2023-01-31T00:00:00+00:00, run_after=2023-02-01T00:00:00+00:00
[2023-02-01 16:21:49,682] {processor.py:161} INFO - Processing /c/Airflow/dags/Airflow2_0_De_0_a_Heroe/8_documentation.py took 0.117 seconds
[2023-02-01 16:22:22,518] {processor.py:153} INFO - Started process (PID=13192) to work on /c/Airflow/dags/Airflow2_0_De_0_a_Heroe/8_documentation.py
[2023-02-01 16:22:22,519] {processor.py:641} INFO - Processing file /c/Airflow/dags/Airflow2_0_De_0_a_Heroe/8_documentation.py for tasks to queue
[2023-02-01 16:22:22,519] {logging_mixin.py:115} INFO - [2023-02-01 16:22:22,519] {dagbag.py:507} INFO - Filling up the DagBag from /c/Airflow/dags/Airflow2_0_De_0_a_Heroe/8_documentation.py
[2023-02-01 16:22:22,547] {processor.py:651} INFO - DAG(s) dict_keys(['8_documentation']) retrieved from /c/Airflow/dags/Airflow2_0_De_0_a_Heroe/8_documentation.py
[2023-02-01 16:22:22,569] {logging_mixin.py:115} INFO - [2023-02-01 16:22:22,569] {dag.py:2371} INFO - Sync 1 DAGs
[2023-02-01 16:22:22,585] {logging_mixin.py:115} INFO - [2023-02-01 16:22:22,585] {dag.py:2915} INFO - Setting next_dagrun for 8_documentation to 2023-01-31T00:00:00+00:00, run_after=2023-02-01T00:00:00+00:00
[2023-02-01 16:22:22,629] {processor.py:161} INFO - Processing /c/Airflow/dags/Airflow2_0_De_0_a_Heroe/8_documentation.py took 0.113 seconds
[2023-02-01 16:22:53,543] {processor.py:153} INFO - Started process (PID=13212) to work on /c/Airflow/dags/Airflow2_0_De_0_a_Heroe/8_documentation.py
[2023-02-01 16:22:53,544] {processor.py:641} INFO - Processing file /c/Airflow/dags/Airflow2_0_De_0_a_Heroe/8_documentation.py for tasks to queue
[2023-02-01 16:22:53,544] {logging_mixin.py:115} INFO - [2023-02-01 16:22:53,544] {dagbag.py:507} INFO - Filling up the DagBag from /c/Airflow/dags/Airflow2_0_De_0_a_Heroe/8_documentation.py
[2023-02-01 16:22:53,572] {processor.py:651} INFO - DAG(s) dict_keys(['8_documentation']) retrieved from /c/Airflow/dags/Airflow2_0_De_0_a_Heroe/8_documentation.py
[2023-02-01 16:22:53,593] {logging_mixin.py:115} INFO - [2023-02-01 16:22:53,593] {dag.py:2371} INFO - Sync 1 DAGs
[2023-02-01 16:22:53,610] {logging_mixin.py:115} INFO - [2023-02-01 16:22:53,610] {dag.py:2915} INFO - Setting next_dagrun for 8_documentation to 2023-01-31T00:00:00+00:00, run_after=2023-02-01T00:00:00+00:00
[2023-02-01 16:22:53,660] {processor.py:161} INFO - Processing /c/Airflow/dags/Airflow2_0_De_0_a_Heroe/8_documentation.py took 0.119 seconds
[2023-02-01 16:23:24,500] {processor.py:153} INFO - Started process (PID=13232) to work on /c/Airflow/dags/Airflow2_0_De_0_a_Heroe/8_documentation.py
[2023-02-01 16:23:24,501] {processor.py:641} INFO - Processing file /c/Airflow/dags/Airflow2_0_De_0_a_Heroe/8_documentation.py for tasks to queue
[2023-02-01 16:23:24,501] {logging_mixin.py:115} INFO - [2023-02-01 16:23:24,501] {dagbag.py:507} INFO - Filling up the DagBag from /c/Airflow/dags/Airflow2_0_De_0_a_Heroe/8_documentation.py
[2023-02-01 16:23:24,536] {processor.py:651} INFO - DAG(s) dict_keys(['8_documentation']) retrieved from /c/Airflow/dags/Airflow2_0_De_0_a_Heroe/8_documentation.py
[2023-02-01 16:23:24,558] {logging_mixin.py:115} INFO - [2023-02-01 16:23:24,558] {dag.py:2371} INFO - Sync 1 DAGs
[2023-02-01 16:23:24,575] {logging_mixin.py:115} INFO - [2023-02-01 16:23:24,575] {dag.py:2915} INFO - Setting next_dagrun for 8_documentation to 2023-01-31T00:00:00+00:00, run_after=2023-02-01T00:00:00+00:00
[2023-02-01 16:23:24,622] {processor.py:161} INFO - Processing /c/Airflow/dags/Airflow2_0_De_0_a_Heroe/8_documentation.py took 0.124 seconds
[2023-02-01 16:23:55,616] {processor.py:153} INFO - Started process (PID=13252) to work on /c/Airflow/dags/Airflow2_0_De_0_a_Heroe/8_documentation.py
[2023-02-01 16:23:55,618] {processor.py:641} INFO - Processing file /c/Airflow/dags/Airflow2_0_De_0_a_Heroe/8_documentation.py for tasks to queue
[2023-02-01 16:23:55,619] {logging_mixin.py:115} INFO - [2023-02-01 16:23:55,618] {dagbag.py:507} INFO - Filling up the DagBag from /c/Airflow/dags/Airflow2_0_De_0_a_Heroe/8_documentation.py
[2023-02-01 16:23:55,673] {processor.py:651} INFO - DAG(s) dict_keys(['8_documentation']) retrieved from /c/Airflow/dags/Airflow2_0_De_0_a_Heroe/8_documentation.py
[2023-02-01 16:23:55,705] {logging_mixin.py:115} INFO - [2023-02-01 16:23:55,705] {dag.py:2371} INFO - Sync 1 DAGs
[2023-02-01 16:23:55,734] {logging_mixin.py:115} INFO - [2023-02-01 16:23:55,734] {dag.py:2915} INFO - Setting next_dagrun for 8_documentation to 2023-01-31T00:00:00+00:00, run_after=2023-02-01T00:00:00+00:00
[2023-02-01 16:23:55,798] {processor.py:161} INFO - Processing /c/Airflow/dags/Airflow2_0_De_0_a_Heroe/8_documentation.py took 0.185 seconds
[2023-02-01 16:24:27,171] {processor.py:153} INFO - Started process (PID=13272) to work on /c/Airflow/dags/Airflow2_0_De_0_a_Heroe/8_documentation.py
[2023-02-01 16:24:27,172] {processor.py:641} INFO - Processing file /c/Airflow/dags/Airflow2_0_De_0_a_Heroe/8_documentation.py for tasks to queue
[2023-02-01 16:24:27,173] {logging_mixin.py:115} INFO - [2023-02-01 16:24:27,173] {dagbag.py:507} INFO - Filling up the DagBag from /c/Airflow/dags/Airflow2_0_De_0_a_Heroe/8_documentation.py
[2023-02-01 16:24:27,209] {processor.py:651} INFO - DAG(s) dict_keys(['8_documentation']) retrieved from /c/Airflow/dags/Airflow2_0_De_0_a_Heroe/8_documentation.py
[2023-02-01 16:24:27,238] {logging_mixin.py:115} INFO - [2023-02-01 16:24:27,238] {dag.py:2371} INFO - Sync 1 DAGs
[2023-02-01 16:24:27,261] {logging_mixin.py:115} INFO - [2023-02-01 16:24:27,261] {dag.py:2915} INFO - Setting next_dagrun for 8_documentation to 2023-01-31T00:00:00+00:00, run_after=2023-02-01T00:00:00+00:00
[2023-02-01 16:24:27,322] {processor.py:161} INFO - Processing /c/Airflow/dags/Airflow2_0_De_0_a_Heroe/8_documentation.py took 0.153 seconds
[2023-02-01 16:24:58,197] {processor.py:153} INFO - Started process (PID=13292) to work on /c/Airflow/dags/Airflow2_0_De_0_a_Heroe/8_documentation.py
[2023-02-01 16:24:58,198] {processor.py:641} INFO - Processing file /c/Airflow/dags/Airflow2_0_De_0_a_Heroe/8_documentation.py for tasks to queue
[2023-02-01 16:24:58,199] {logging_mixin.py:115} INFO - [2023-02-01 16:24:58,199] {dagbag.py:507} INFO - Filling up the DagBag from /c/Airflow/dags/Airflow2_0_De_0_a_Heroe/8_documentation.py
[2023-02-01 16:24:58,236] {processor.py:651} INFO - DAG(s) dict_keys(['8_documentation']) retrieved from /c/Airflow/dags/Airflow2_0_De_0_a_Heroe/8_documentation.py
[2023-02-01 16:24:58,267] {logging_mixin.py:115} INFO - [2023-02-01 16:24:58,267] {dag.py:2371} INFO - Sync 1 DAGs
[2023-02-01 16:24:58,290] {logging_mixin.py:115} INFO - [2023-02-01 16:24:58,290] {dag.py:2915} INFO - Setting next_dagrun for 8_documentation to 2023-01-31T00:00:00+00:00, run_after=2023-02-01T00:00:00+00:00
[2023-02-01 16:24:58,337] {processor.py:161} INFO - Processing /c/Airflow/dags/Airflow2_0_De_0_a_Heroe/8_documentation.py took 0.143 seconds
[2023-02-01 16:25:29,065] {processor.py:153} INFO - Started process (PID=13312) to work on /c/Airflow/dags/Airflow2_0_De_0_a_Heroe/8_documentation.py
[2023-02-01 16:25:29,066] {processor.py:641} INFO - Processing file /c/Airflow/dags/Airflow2_0_De_0_a_Heroe/8_documentation.py for tasks to queue
[2023-02-01 16:25:29,066] {logging_mixin.py:115} INFO - [2023-02-01 16:25:29,066] {dagbag.py:507} INFO - Filling up the DagBag from /c/Airflow/dags/Airflow2_0_De_0_a_Heroe/8_documentation.py
[2023-02-01 16:25:29,094] {processor.py:651} INFO - DAG(s) dict_keys(['8_documentation']) retrieved from /c/Airflow/dags/Airflow2_0_De_0_a_Heroe/8_documentation.py
[2023-02-01 16:25:29,117] {logging_mixin.py:115} INFO - [2023-02-01 16:25:29,117] {dag.py:2371} INFO - Sync 1 DAGs
[2023-02-01 16:25:29,135] {logging_mixin.py:115} INFO - [2023-02-01 16:25:29,135] {dag.py:2915} INFO - Setting next_dagrun for 8_documentation to 2023-01-31T00:00:00+00:00, run_after=2023-02-01T00:00:00+00:00
[2023-02-01 16:25:29,185] {processor.py:161} INFO - Processing /c/Airflow/dags/Airflow2_0_De_0_a_Heroe/8_documentation.py took 0.122 seconds
[2023-02-01 16:26:00,541] {processor.py:153} INFO - Started process (PID=13332) to work on /c/Airflow/dags/Airflow2_0_De_0_a_Heroe/8_documentation.py
[2023-02-01 16:26:00,542] {processor.py:641} INFO - Processing file /c/Airflow/dags/Airflow2_0_De_0_a_Heroe/8_documentation.py for tasks to queue
[2023-02-01 16:26:00,543] {logging_mixin.py:115} INFO - [2023-02-01 16:26:00,543] {dagbag.py:507} INFO - Filling up the DagBag from /c/Airflow/dags/Airflow2_0_De_0_a_Heroe/8_documentation.py
[2023-02-01 16:26:00,605] {processor.py:651} INFO - DAG(s) dict_keys(['8_documentation']) retrieved from /c/Airflow/dags/Airflow2_0_De_0_a_Heroe/8_documentation.py
[2023-02-01 16:26:00,645] {logging_mixin.py:115} INFO - [2023-02-01 16:26:00,645] {dag.py:2371} INFO - Sync 1 DAGs
[2023-02-01 16:26:00,676] {logging_mixin.py:115} INFO - [2023-02-01 16:26:00,676] {dag.py:2915} INFO - Setting next_dagrun for 8_documentation to 2023-01-31T00:00:00+00:00, run_after=2023-02-01T00:00:00+00:00
[2023-02-01 16:26:00,750] {processor.py:161} INFO - Processing /c/Airflow/dags/Airflow2_0_De_0_a_Heroe/8_documentation.py took 0.211 seconds
[2023-02-01 16:26:31,691] {processor.py:153} INFO - Started process (PID=13352) to work on /c/Airflow/dags/Airflow2_0_De_0_a_Heroe/8_documentation.py
[2023-02-01 16:26:31,692] {processor.py:641} INFO - Processing file /c/Airflow/dags/Airflow2_0_De_0_a_Heroe/8_documentation.py for tasks to queue
[2023-02-01 16:26:31,693] {logging_mixin.py:115} INFO - [2023-02-01 16:26:31,693] {dagbag.py:507} INFO - Filling up the DagBag from /c/Airflow/dags/Airflow2_0_De_0_a_Heroe/8_documentation.py
[2023-02-01 16:26:31,721] {processor.py:651} INFO - DAG(s) dict_keys(['8_documentation']) retrieved from /c/Airflow/dags/Airflow2_0_De_0_a_Heroe/8_documentation.py
[2023-02-01 16:26:31,743] {logging_mixin.py:115} INFO - [2023-02-01 16:26:31,743] {dag.py:2371} INFO - Sync 1 DAGs
[2023-02-01 16:26:31,760] {logging_mixin.py:115} INFO - [2023-02-01 16:26:31,760] {dag.py:2915} INFO - Setting next_dagrun for 8_documentation to 2023-01-31T00:00:00+00:00, run_after=2023-02-01T00:00:00+00:00
[2023-02-01 16:26:31,809] {processor.py:161} INFO - Processing /c/Airflow/dags/Airflow2_0_De_0_a_Heroe/8_documentation.py took 0.120 seconds
[2023-02-01 16:27:08,037] {processor.py:153} INFO - Started process (PID=13372) to work on /c/Airflow/dags/Airflow2_0_De_0_a_Heroe/8_documentation.py
[2023-02-01 16:27:08,037] {processor.py:641} INFO - Processing file /c/Airflow/dags/Airflow2_0_De_0_a_Heroe/8_documentation.py for tasks to queue
[2023-02-01 16:27:08,038] {logging_mixin.py:115} INFO - [2023-02-01 16:27:08,038] {dagbag.py:507} INFO - Filling up the DagBag from /c/Airflow/dags/Airflow2_0_De_0_a_Heroe/8_documentation.py
[2023-02-01 16:27:08,076] {processor.py:651} INFO - DAG(s) dict_keys(['8_documentation']) retrieved from /c/Airflow/dags/Airflow2_0_De_0_a_Heroe/8_documentation.py
[2023-02-01 16:27:08,107] {logging_mixin.py:115} INFO - [2023-02-01 16:27:08,107] {dag.py:2371} INFO - Sync 1 DAGs
[2023-02-01 16:27:08,130] {logging_mixin.py:115} INFO - [2023-02-01 16:27:08,130] {dag.py:2915} INFO - Setting next_dagrun for 8_documentation to 2023-01-31T00:00:00+00:00, run_after=2023-02-01T00:00:00+00:00
[2023-02-01 16:27:08,181] {processor.py:161} INFO - Processing /c/Airflow/dags/Airflow2_0_De_0_a_Heroe/8_documentation.py took 0.146 seconds
[2023-02-01 16:27:39,151] {processor.py:153} INFO - Started process (PID=13392) to work on /c/Airflow/dags/Airflow2_0_De_0_a_Heroe/8_documentation.py
[2023-02-01 16:27:39,151] {processor.py:641} INFO - Processing file /c/Airflow/dags/Airflow2_0_De_0_a_Heroe/8_documentation.py for tasks to queue
[2023-02-01 16:27:39,152] {logging_mixin.py:115} INFO - [2023-02-01 16:27:39,152] {dagbag.py:507} INFO - Filling up the DagBag from /c/Airflow/dags/Airflow2_0_De_0_a_Heroe/8_documentation.py
[2023-02-01 16:27:39,208] {processor.py:651} INFO - DAG(s) dict_keys(['8_documentation']) retrieved from /c/Airflow/dags/Airflow2_0_De_0_a_Heroe/8_documentation.py
[2023-02-01 16:27:39,246] {logging_mixin.py:115} INFO - [2023-02-01 16:27:39,245] {dag.py:2371} INFO - Sync 1 DAGs
[2023-02-01 16:27:39,263] {logging_mixin.py:115} INFO - [2023-02-01 16:27:39,263] {dag.py:2915} INFO - Setting next_dagrun for 8_documentation to 2023-01-31T00:00:00+00:00, run_after=2023-02-01T00:00:00+00:00
[2023-02-01 16:27:39,306] {processor.py:161} INFO - Processing /c/Airflow/dags/Airflow2_0_De_0_a_Heroe/8_documentation.py took 0.157 seconds
[2023-02-01 16:28:10,255] {processor.py:153} INFO - Started process (PID=13458) to work on /c/Airflow/dags/Airflow2_0_De_0_a_Heroe/8_documentation.py
[2023-02-01 16:28:10,256] {processor.py:641} INFO - Processing file /c/Airflow/dags/Airflow2_0_De_0_a_Heroe/8_documentation.py for tasks to queue
[2023-02-01 16:28:10,257] {logging_mixin.py:115} INFO - [2023-02-01 16:28:10,257] {dagbag.py:507} INFO - Filling up the DagBag from /c/Airflow/dags/Airflow2_0_De_0_a_Heroe/8_documentation.py
[2023-02-01 16:28:10,285] {processor.py:651} INFO - DAG(s) dict_keys(['8_documentation']) retrieved from /c/Airflow/dags/Airflow2_0_De_0_a_Heroe/8_documentation.py
[2023-02-01 16:28:10,307] {logging_mixin.py:115} INFO - [2023-02-01 16:28:10,307] {dag.py:2371} INFO - Sync 1 DAGs
[2023-02-01 16:28:10,324] {logging_mixin.py:115} INFO - [2023-02-01 16:28:10,324] {dag.py:2915} INFO - Setting next_dagrun for 8_documentation to 2023-01-31T00:00:00+00:00, run_after=2023-02-01T00:00:00+00:00
[2023-02-01 16:28:10,373] {processor.py:161} INFO - Processing /c/Airflow/dags/Airflow2_0_De_0_a_Heroe/8_documentation.py took 0.120 seconds
[2023-02-01 16:28:42,034] {processor.py:153} INFO - Started process (PID=13478) to work on /c/Airflow/dags/Airflow2_0_De_0_a_Heroe/8_documentation.py
[2023-02-01 16:28:42,035] {processor.py:641} INFO - Processing file /c/Airflow/dags/Airflow2_0_De_0_a_Heroe/8_documentation.py for tasks to queue
[2023-02-01 16:28:42,036] {logging_mixin.py:115} INFO - [2023-02-01 16:28:42,036] {dagbag.py:507} INFO - Filling up the DagBag from /c/Airflow/dags/Airflow2_0_De_0_a_Heroe/8_documentation.py
[2023-02-01 16:28:42,087] {processor.py:651} INFO - DAG(s) dict_keys(['8_documentation']) retrieved from /c/Airflow/dags/Airflow2_0_De_0_a_Heroe/8_documentation.py
[2023-02-01 16:28:42,116] {logging_mixin.py:115} INFO - [2023-02-01 16:28:42,115] {dag.py:2371} INFO - Sync 1 DAGs
[2023-02-01 16:28:42,135] {logging_mixin.py:115} INFO - [2023-02-01 16:28:42,134] {dag.py:2915} INFO - Setting next_dagrun for 8_documentation to 2023-01-31T00:00:00+00:00, run_after=2023-02-01T00:00:00+00:00
[2023-02-01 16:28:42,181] {processor.py:161} INFO - Processing /c/Airflow/dags/Airflow2_0_De_0_a_Heroe/8_documentation.py took 0.149 seconds
[2023-02-01 16:29:13,469] {processor.py:153} INFO - Started process (PID=13527) to work on /c/Airflow/dags/Airflow2_0_De_0_a_Heroe/8_documentation.py
[2023-02-01 16:29:13,470] {processor.py:641} INFO - Processing file /c/Airflow/dags/Airflow2_0_De_0_a_Heroe/8_documentation.py for tasks to queue
[2023-02-01 16:29:13,471] {logging_mixin.py:115} INFO - [2023-02-01 16:29:13,471] {dagbag.py:507} INFO - Filling up the DagBag from /c/Airflow/dags/Airflow2_0_De_0_a_Heroe/8_documentation.py
[2023-02-01 16:29:13,512] {processor.py:651} INFO - DAG(s) dict_keys(['8_documentation']) retrieved from /c/Airflow/dags/Airflow2_0_De_0_a_Heroe/8_documentation.py
[2023-02-01 16:29:13,540] {logging_mixin.py:115} INFO - [2023-02-01 16:29:13,540] {dag.py:2371} INFO - Sync 1 DAGs
[2023-02-01 16:29:13,558] {logging_mixin.py:115} INFO - [2023-02-01 16:29:13,558] {dag.py:2915} INFO - Setting next_dagrun for 8_documentation to 2023-01-31T00:00:00+00:00, run_after=2023-02-01T00:00:00+00:00
[2023-02-01 16:29:13,608] {processor.py:161} INFO - Processing /c/Airflow/dags/Airflow2_0_De_0_a_Heroe/8_documentation.py took 0.141 seconds
[2023-02-01 16:29:44,922] {processor.py:153} INFO - Started process (PID=13547) to work on /c/Airflow/dags/Airflow2_0_De_0_a_Heroe/8_documentation.py
[2023-02-01 16:29:44,922] {processor.py:641} INFO - Processing file /c/Airflow/dags/Airflow2_0_De_0_a_Heroe/8_documentation.py for tasks to queue
[2023-02-01 16:29:44,923] {logging_mixin.py:115} INFO - [2023-02-01 16:29:44,923] {dagbag.py:507} INFO - Filling up the DagBag from /c/Airflow/dags/Airflow2_0_De_0_a_Heroe/8_documentation.py
[2023-02-01 16:29:44,951] {processor.py:651} INFO - DAG(s) dict_keys(['8_documentation']) retrieved from /c/Airflow/dags/Airflow2_0_De_0_a_Heroe/8_documentation.py
[2023-02-01 16:29:44,975] {logging_mixin.py:115} INFO - [2023-02-01 16:29:44,975] {dag.py:2371} INFO - Sync 1 DAGs
[2023-02-01 16:29:44,991] {logging_mixin.py:115} INFO - [2023-02-01 16:29:44,991] {dag.py:2915} INFO - Setting next_dagrun for 8_documentation to 2023-01-31T00:00:00+00:00, run_after=2023-02-01T00:00:00+00:00
[2023-02-01 16:29:45,036] {processor.py:161} INFO - Processing /c/Airflow/dags/Airflow2_0_De_0_a_Heroe/8_documentation.py took 0.117 seconds
[2023-02-01 17:43:24,162] {processor.py:153} INFO - Started process (PID=13618) to work on /c/Airflow/dags/Airflow2_0_De_0_a_Heroe/8_documentation.py
[2023-02-01 17:43:24,163] {processor.py:641} INFO - Processing file /c/Airflow/dags/Airflow2_0_De_0_a_Heroe/8_documentation.py for tasks to queue
[2023-02-01 17:43:24,163] {logging_mixin.py:115} INFO - [2023-02-01 17:43:24,163] {dagbag.py:507} INFO - Filling up the DagBag from /c/Airflow/dags/Airflow2_0_De_0_a_Heroe/8_documentation.py
[2023-02-01 17:43:24,195] {processor.py:651} INFO - DAG(s) dict_keys(['8_documentation']) retrieved from /c/Airflow/dags/Airflow2_0_De_0_a_Heroe/8_documentation.py
[2023-02-01 17:43:24,224] {logging_mixin.py:115} INFO - [2023-02-01 17:43:24,224] {dag.py:2371} INFO - Sync 1 DAGs
[2023-02-01 17:43:24,244] {logging_mixin.py:115} INFO - [2023-02-01 17:43:24,244] {dag.py:2915} INFO - Setting next_dagrun for 8_documentation to 2023-01-31T00:00:00+00:00, run_after=2023-02-01T00:00:00+00:00
[2023-02-01 17:43:24,279] {processor.py:161} INFO - Processing /c/Airflow/dags/Airflow2_0_De_0_a_Heroe/8_documentation.py took 0.119 seconds
[2023-02-01 17:43:55,921] {processor.py:153} INFO - Started process (PID=13638) to work on /c/Airflow/dags/Airflow2_0_De_0_a_Heroe/8_documentation.py
[2023-02-01 17:43:55,922] {processor.py:641} INFO - Processing file /c/Airflow/dags/Airflow2_0_De_0_a_Heroe/8_documentation.py for tasks to queue
[2023-02-01 17:43:55,923] {logging_mixin.py:115} INFO - [2023-02-01 17:43:55,923] {dagbag.py:507} INFO - Filling up the DagBag from /c/Airflow/dags/Airflow2_0_De_0_a_Heroe/8_documentation.py
[2023-02-01 17:43:55,953] {processor.py:651} INFO - DAG(s) dict_keys(['8_documentation']) retrieved from /c/Airflow/dags/Airflow2_0_De_0_a_Heroe/8_documentation.py
[2023-02-01 17:43:55,976] {logging_mixin.py:115} INFO - [2023-02-01 17:43:55,976] {dag.py:2371} INFO - Sync 1 DAGs
[2023-02-01 17:43:55,992] {logging_mixin.py:115} INFO - [2023-02-01 17:43:55,992] {dag.py:2915} INFO - Setting next_dagrun for 8_documentation to 2023-01-31T00:00:00+00:00, run_after=2023-02-01T00:00:00+00:00
[2023-02-01 17:43:56,027] {processor.py:161} INFO - Processing /c/Airflow/dags/Airflow2_0_De_0_a_Heroe/8_documentation.py took 0.108 seconds
[2023-02-01 17:44:30,868] {processor.py:153} INFO - Started process (PID=13704) to work on /c/Airflow/dags/Airflow2_0_De_0_a_Heroe/8_documentation.py
[2023-02-01 17:44:30,868] {processor.py:641} INFO - Processing file /c/Airflow/dags/Airflow2_0_De_0_a_Heroe/8_documentation.py for tasks to queue
[2023-02-01 17:44:30,869] {logging_mixin.py:115} INFO - [2023-02-01 17:44:30,869] {dagbag.py:507} INFO - Filling up the DagBag from /c/Airflow/dags/Airflow2_0_De_0_a_Heroe/8_documentation.py
[2023-02-01 17:44:30,897] {processor.py:651} INFO - DAG(s) dict_keys(['8_documentation']) retrieved from /c/Airflow/dags/Airflow2_0_De_0_a_Heroe/8_documentation.py
[2023-02-01 17:44:30,917] {logging_mixin.py:115} INFO - [2023-02-01 17:44:30,917] {dag.py:2371} INFO - Sync 1 DAGs
[2023-02-01 17:44:30,936] {logging_mixin.py:115} INFO - [2023-02-01 17:44:30,936] {dag.py:2915} INFO - Setting next_dagrun for 8_documentation to 2023-01-31T00:00:00+00:00, run_after=2023-02-01T00:00:00+00:00
[2023-02-01 17:44:30,974] {processor.py:161} INFO - Processing /c/Airflow/dags/Airflow2_0_De_0_a_Heroe/8_documentation.py took 0.108 seconds
[2023-02-01 17:45:01,945] {processor.py:153} INFO - Started process (PID=13724) to work on /c/Airflow/dags/Airflow2_0_De_0_a_Heroe/8_documentation.py
[2023-02-01 17:45:01,946] {processor.py:641} INFO - Processing file /c/Airflow/dags/Airflow2_0_De_0_a_Heroe/8_documentation.py for tasks to queue
[2023-02-01 17:45:01,946] {logging_mixin.py:115} INFO - [2023-02-01 17:45:01,946] {dagbag.py:507} INFO - Filling up the DagBag from /c/Airflow/dags/Airflow2_0_De_0_a_Heroe/8_documentation.py
[2023-02-01 17:45:01,973] {processor.py:651} INFO - DAG(s) dict_keys(['8_documentation']) retrieved from /c/Airflow/dags/Airflow2_0_De_0_a_Heroe/8_documentation.py
[2023-02-01 17:45:01,992] {logging_mixin.py:115} INFO - [2023-02-01 17:45:01,992] {dag.py:2371} INFO - Sync 1 DAGs
[2023-02-01 17:45:02,007] {logging_mixin.py:115} INFO - [2023-02-01 17:45:02,007] {dag.py:2915} INFO - Setting next_dagrun for 8_documentation to 2023-01-31T00:00:00+00:00, run_after=2023-02-01T00:00:00+00:00
[2023-02-01 17:45:02,046] {processor.py:161} INFO - Processing /c/Airflow/dags/Airflow2_0_De_0_a_Heroe/8_documentation.py took 0.103 seconds
[2023-02-01 17:45:32,281] {processor.py:153} INFO - Started process (PID=13744) to work on /c/Airflow/dags/Airflow2_0_De_0_a_Heroe/8_documentation.py
[2023-02-01 17:45:32,282] {processor.py:641} INFO - Processing file /c/Airflow/dags/Airflow2_0_De_0_a_Heroe/8_documentation.py for tasks to queue
[2023-02-01 17:45:32,283] {logging_mixin.py:115} INFO - [2023-02-01 17:45:32,283] {dagbag.py:507} INFO - Filling up the DagBag from /c/Airflow/dags/Airflow2_0_De_0_a_Heroe/8_documentation.py
[2023-02-01 17:45:32,310] {processor.py:651} INFO - DAG(s) dict_keys(['8_documentation']) retrieved from /c/Airflow/dags/Airflow2_0_De_0_a_Heroe/8_documentation.py
[2023-02-01 17:45:32,330] {logging_mixin.py:115} INFO - [2023-02-01 17:45:32,330] {dag.py:2371} INFO - Sync 1 DAGs
[2023-02-01 17:45:32,346] {logging_mixin.py:115} INFO - [2023-02-01 17:45:32,346] {dag.py:2915} INFO - Setting next_dagrun for 8_documentation to 2023-01-31T00:00:00+00:00, run_after=2023-02-01T00:00:00+00:00
[2023-02-01 17:45:32,387] {processor.py:161} INFO - Processing /c/Airflow/dags/Airflow2_0_De_0_a_Heroe/8_documentation.py took 0.108 seconds
[2023-02-01 17:46:03,501] {processor.py:153} INFO - Started process (PID=13810) to work on /c/Airflow/dags/Airflow2_0_De_0_a_Heroe/8_documentation.py
[2023-02-01 17:46:03,501] {processor.py:641} INFO - Processing file /c/Airflow/dags/Airflow2_0_De_0_a_Heroe/8_documentation.py for tasks to queue
[2023-02-01 17:46:03,502] {logging_mixin.py:115} INFO - [2023-02-01 17:46:03,502] {dagbag.py:507} INFO - Filling up the DagBag from /c/Airflow/dags/Airflow2_0_De_0_a_Heroe/8_documentation.py
[2023-02-01 17:46:03,526] {processor.py:651} INFO - DAG(s) dict_keys(['8_documentation']) retrieved from /c/Airflow/dags/Airflow2_0_De_0_a_Heroe/8_documentation.py
[2023-02-01 17:46:03,551] {logging_mixin.py:115} INFO - [2023-02-01 17:46:03,551] {dag.py:2371} INFO - Sync 1 DAGs
[2023-02-01 17:46:03,566] {logging_mixin.py:115} INFO - [2023-02-01 17:46:03,566] {dag.py:2915} INFO - Setting next_dagrun for 8_documentation to 2023-01-31T00:00:00+00:00, run_after=2023-02-01T00:00:00+00:00
[2023-02-01 17:46:03,601] {processor.py:161} INFO - Processing /c/Airflow/dags/Airflow2_0_De_0_a_Heroe/8_documentation.py took 0.102 seconds
[2023-02-01 17:46:34,954] {processor.py:153} INFO - Started process (PID=13830) to work on /c/Airflow/dags/Airflow2_0_De_0_a_Heroe/8_documentation.py
[2023-02-01 17:46:34,955] {processor.py:641} INFO - Processing file /c/Airflow/dags/Airflow2_0_De_0_a_Heroe/8_documentation.py for tasks to queue
[2023-02-01 17:46:34,955] {logging_mixin.py:115} INFO - [2023-02-01 17:46:34,955] {dagbag.py:507} INFO - Filling up the DagBag from /c/Airflow/dags/Airflow2_0_De_0_a_Heroe/8_documentation.py
[2023-02-01 17:46:34,983] {processor.py:651} INFO - DAG(s) dict_keys(['8_documentation']) retrieved from /c/Airflow/dags/Airflow2_0_De_0_a_Heroe/8_documentation.py
[2023-02-01 17:46:35,005] {logging_mixin.py:115} INFO - [2023-02-01 17:46:35,005] {dag.py:2371} INFO - Sync 1 DAGs
[2023-02-01 17:46:35,024] {logging_mixin.py:115} INFO - [2023-02-01 17:46:35,024] {dag.py:2915} INFO - Setting next_dagrun for 8_documentation to 2023-01-31T00:00:00+00:00, run_after=2023-02-01T00:00:00+00:00
[2023-02-01 17:46:35,065] {processor.py:161} INFO - Processing /c/Airflow/dags/Airflow2_0_De_0_a_Heroe/8_documentation.py took 0.112 seconds
[2023-02-01 17:51:22,763] {processor.py:153} INFO - Started process (PID=14017) to work on /c/Airflow/dags/Airflow2_0_De_0_a_Heroe/8_documentation.py
[2023-02-01 17:51:22,763] {processor.py:641} INFO - Processing file /c/Airflow/dags/Airflow2_0_De_0_a_Heroe/8_documentation.py for tasks to queue
[2023-02-01 17:51:22,764] {logging_mixin.py:115} INFO - [2023-02-01 17:51:22,764] {dagbag.py:507} INFO - Filling up the DagBag from /c/Airflow/dags/Airflow2_0_De_0_a_Heroe/8_documentation.py
[2023-02-01 17:51:22,788] {processor.py:651} INFO - DAG(s) dict_keys(['8_documentation']) retrieved from /c/Airflow/dags/Airflow2_0_De_0_a_Heroe/8_documentation.py
[2023-02-01 17:51:22,805] {logging_mixin.py:115} INFO - [2023-02-01 17:51:22,805] {dag.py:2371} INFO - Sync 1 DAGs
[2023-02-01 17:51:22,819] {logging_mixin.py:115} INFO - [2023-02-01 17:51:22,819] {dag.py:2915} INFO - Setting next_dagrun for 8_documentation to 2023-01-31T00:00:00+00:00, run_after=2023-02-01T00:00:00+00:00
[2023-02-01 17:51:22,859] {processor.py:161} INFO - Processing /c/Airflow/dags/Airflow2_0_De_0_a_Heroe/8_documentation.py took 0.098 seconds
[2023-02-01 17:51:54,636] {processor.py:153} INFO - Started process (PID=14037) to work on /c/Airflow/dags/Airflow2_0_De_0_a_Heroe/8_documentation.py
[2023-02-01 17:51:54,637] {processor.py:641} INFO - Processing file /c/Airflow/dags/Airflow2_0_De_0_a_Heroe/8_documentation.py for tasks to queue
[2023-02-01 17:51:54,637] {logging_mixin.py:115} INFO - [2023-02-01 17:51:54,637] {dagbag.py:507} INFO - Filling up the DagBag from /c/Airflow/dags/Airflow2_0_De_0_a_Heroe/8_documentation.py
[2023-02-01 17:51:54,662] {processor.py:651} INFO - DAG(s) dict_keys(['8_documentation']) retrieved from /c/Airflow/dags/Airflow2_0_De_0_a_Heroe/8_documentation.py
[2023-02-01 17:51:54,680] {logging_mixin.py:115} INFO - [2023-02-01 17:51:54,680] {dag.py:2371} INFO - Sync 1 DAGs
[2023-02-01 17:51:54,694] {logging_mixin.py:115} INFO - [2023-02-01 17:51:54,694] {dag.py:2915} INFO - Setting next_dagrun for 8_documentation to 2023-01-31T00:00:00+00:00, run_after=2023-02-01T00:00:00+00:00
[2023-02-01 17:51:54,732] {processor.py:161} INFO - Processing /c/Airflow/dags/Airflow2_0_De_0_a_Heroe/8_documentation.py took 0.099 seconds
[2023-02-01 17:52:25,387] {processor.py:153} INFO - Started process (PID=14057) to work on /c/Airflow/dags/Airflow2_0_De_0_a_Heroe/8_documentation.py
[2023-02-01 17:52:25,387] {processor.py:641} INFO - Processing file /c/Airflow/dags/Airflow2_0_De_0_a_Heroe/8_documentation.py for tasks to queue
[2023-02-01 17:52:25,388] {logging_mixin.py:115} INFO - [2023-02-01 17:52:25,388] {dagbag.py:507} INFO - Filling up the DagBag from /c/Airflow/dags/Airflow2_0_De_0_a_Heroe/8_documentation.py
[2023-02-01 17:52:25,412] {processor.py:651} INFO - DAG(s) dict_keys(['8_documentation']) retrieved from /c/Airflow/dags/Airflow2_0_De_0_a_Heroe/8_documentation.py
[2023-02-01 17:52:25,430] {logging_mixin.py:115} INFO - [2023-02-01 17:52:25,430] {dag.py:2371} INFO - Sync 1 DAGs
[2023-02-01 17:52:25,444] {logging_mixin.py:115} INFO - [2023-02-01 17:52:25,444] {dag.py:2915} INFO - Setting next_dagrun for 8_documentation to 2023-01-31T00:00:00+00:00, run_after=2023-02-01T00:00:00+00:00
[2023-02-01 17:52:25,488] {processor.py:161} INFO - Processing /c/Airflow/dags/Airflow2_0_De_0_a_Heroe/8_documentation.py took 0.103 seconds
[2023-02-01 17:52:57,840] {processor.py:153} INFO - Started process (PID=14077) to work on /c/Airflow/dags/Airflow2_0_De_0_a_Heroe/8_documentation.py
[2023-02-01 17:52:57,841] {processor.py:641} INFO - Processing file /c/Airflow/dags/Airflow2_0_De_0_a_Heroe/8_documentation.py for tasks to queue
[2023-02-01 17:52:57,841] {logging_mixin.py:115} INFO - [2023-02-01 17:52:57,841] {dagbag.py:507} INFO - Filling up the DagBag from /c/Airflow/dags/Airflow2_0_De_0_a_Heroe/8_documentation.py
[2023-02-01 17:52:57,865] {processor.py:651} INFO - DAG(s) dict_keys(['8_documentation']) retrieved from /c/Airflow/dags/Airflow2_0_De_0_a_Heroe/8_documentation.py
[2023-02-01 17:52:57,882] {logging_mixin.py:115} INFO - [2023-02-01 17:52:57,882] {dag.py:2371} INFO - Sync 1 DAGs
[2023-02-01 17:52:57,896] {logging_mixin.py:115} INFO - [2023-02-01 17:52:57,896] {dag.py:2915} INFO - Setting next_dagrun for 8_documentation to 2023-01-31T00:00:00+00:00, run_after=2023-02-01T00:00:00+00:00
[2023-02-01 17:52:57,936] {processor.py:161} INFO - Processing /c/Airflow/dags/Airflow2_0_De_0_a_Heroe/8_documentation.py took 0.098 seconds
[2023-02-01 17:53:29,480] {processor.py:153} INFO - Started process (PID=14097) to work on /c/Airflow/dags/Airflow2_0_De_0_a_Heroe/8_documentation.py
[2023-02-01 17:53:29,481] {processor.py:641} INFO - Processing file /c/Airflow/dags/Airflow2_0_De_0_a_Heroe/8_documentation.py for tasks to queue
[2023-02-01 17:53:29,481] {logging_mixin.py:115} INFO - [2023-02-01 17:53:29,481] {dagbag.py:507} INFO - Filling up the DagBag from /c/Airflow/dags/Airflow2_0_De_0_a_Heroe/8_documentation.py
[2023-02-01 17:53:29,505] {processor.py:651} INFO - DAG(s) dict_keys(['8_documentation']) retrieved from /c/Airflow/dags/Airflow2_0_De_0_a_Heroe/8_documentation.py
[2023-02-01 17:53:29,523] {logging_mixin.py:115} INFO - [2023-02-01 17:53:29,522] {dag.py:2371} INFO - Sync 1 DAGs
[2023-02-01 17:53:29,536] {logging_mixin.py:115} INFO - [2023-02-01 17:53:29,536] {dag.py:2915} INFO - Setting next_dagrun for 8_documentation to 2023-01-31T00:00:00+00:00, run_after=2023-02-01T00:00:00+00:00
[2023-02-01 17:53:29,575] {processor.py:161} INFO - Processing /c/Airflow/dags/Airflow2_0_De_0_a_Heroe/8_documentation.py took 0.097 seconds
[2023-02-01 17:57:47,197] {processor.py:153} INFO - Started process (PID=14210) to work on /c/Airflow/dags/Airflow2_0_De_0_a_Heroe/8_documentation.py
[2023-02-01 17:57:47,197] {processor.py:641} INFO - Processing file /c/Airflow/dags/Airflow2_0_De_0_a_Heroe/8_documentation.py for tasks to queue
[2023-02-01 17:57:47,198] {logging_mixin.py:115} INFO - [2023-02-01 17:57:47,198] {dagbag.py:507} INFO - Filling up the DagBag from /c/Airflow/dags/Airflow2_0_De_0_a_Heroe/8_documentation.py
[2023-02-01 17:57:47,224] {processor.py:651} INFO - DAG(s) dict_keys(['8_documentation']) retrieved from /c/Airflow/dags/Airflow2_0_De_0_a_Heroe/8_documentation.py
[2023-02-01 17:57:47,243] {logging_mixin.py:115} INFO - [2023-02-01 17:57:47,243] {dag.py:2371} INFO - Sync 1 DAGs
[2023-02-01 17:57:47,257] {logging_mixin.py:115} INFO - [2023-02-01 17:57:47,257] {dag.py:2915} INFO - Setting next_dagrun for 8_documentation to 2023-01-31T00:00:00+00:00, run_after=2023-02-01T00:00:00+00:00
[2023-02-01 17:57:47,299] {processor.py:161} INFO - Processing /c/Airflow/dags/Airflow2_0_De_0_a_Heroe/8_documentation.py took 0.104 seconds
[2023-02-01 17:58:19,188] {processor.py:153} INFO - Started process (PID=14230) to work on /c/Airflow/dags/Airflow2_0_De_0_a_Heroe/8_documentation.py
[2023-02-01 17:58:19,189] {processor.py:641} INFO - Processing file /c/Airflow/dags/Airflow2_0_De_0_a_Heroe/8_documentation.py for tasks to queue
[2023-02-01 17:58:19,190] {logging_mixin.py:115} INFO - [2023-02-01 17:58:19,190] {dagbag.py:507} INFO - Filling up the DagBag from /c/Airflow/dags/Airflow2_0_De_0_a_Heroe/8_documentation.py
[2023-02-01 17:58:19,224] {processor.py:651} INFO - DAG(s) dict_keys(['8_documentation']) retrieved from /c/Airflow/dags/Airflow2_0_De_0_a_Heroe/8_documentation.py
[2023-02-01 17:58:19,248] {logging_mixin.py:115} INFO - [2023-02-01 17:58:19,248] {dag.py:2371} INFO - Sync 1 DAGs
[2023-02-01 17:58:19,267] {logging_mixin.py:115} INFO - [2023-02-01 17:58:19,267] {dag.py:2915} INFO - Setting next_dagrun for 8_documentation to 2023-01-31T00:00:00+00:00, run_after=2023-02-01T00:00:00+00:00
[2023-02-01 17:58:19,311] {processor.py:161} INFO - Processing /c/Airflow/dags/Airflow2_0_De_0_a_Heroe/8_documentation.py took 0.125 seconds
[2023-02-01 17:58:50,781] {processor.py:153} INFO - Started process (PID=14250) to work on /c/Airflow/dags/Airflow2_0_De_0_a_Heroe/8_documentation.py
[2023-02-01 17:58:50,782] {processor.py:641} INFO - Processing file /c/Airflow/dags/Airflow2_0_De_0_a_Heroe/8_documentation.py for tasks to queue
[2023-02-01 17:58:50,782] {logging_mixin.py:115} INFO - [2023-02-01 17:58:50,782] {dagbag.py:507} INFO - Filling up the DagBag from /c/Airflow/dags/Airflow2_0_De_0_a_Heroe/8_documentation.py
[2023-02-01 17:58:50,808] {processor.py:651} INFO - DAG(s) dict_keys(['8_documentation']) retrieved from /c/Airflow/dags/Airflow2_0_De_0_a_Heroe/8_documentation.py
[2023-02-01 17:58:50,827] {logging_mixin.py:115} INFO - [2023-02-01 17:58:50,826] {dag.py:2371} INFO - Sync 1 DAGs
[2023-02-01 17:58:50,841] {logging_mixin.py:115} INFO - [2023-02-01 17:58:50,841] {dag.py:2915} INFO - Setting next_dagrun for 8_documentation to 2023-01-31T00:00:00+00:00, run_after=2023-02-01T00:00:00+00:00
[2023-02-01 17:58:50,884] {processor.py:161} INFO - Processing /c/Airflow/dags/Airflow2_0_De_0_a_Heroe/8_documentation.py took 0.104 seconds
[2023-02-01 17:59:21,919] {processor.py:153} INFO - Started process (PID=14270) to work on /c/Airflow/dags/Airflow2_0_De_0_a_Heroe/8_documentation.py
[2023-02-01 17:59:21,920] {processor.py:641} INFO - Processing file /c/Airflow/dags/Airflow2_0_De_0_a_Heroe/8_documentation.py for tasks to queue
[2023-02-01 17:59:21,921] {logging_mixin.py:115} INFO - [2023-02-01 17:59:21,921] {dagbag.py:507} INFO - Filling up the DagBag from /c/Airflow/dags/Airflow2_0_De_0_a_Heroe/8_documentation.py
[2023-02-01 17:59:21,947] {processor.py:651} INFO - DAG(s) dict_keys(['8_documentation']) retrieved from /c/Airflow/dags/Airflow2_0_De_0_a_Heroe/8_documentation.py
[2023-02-01 17:59:21,967] {logging_mixin.py:115} INFO - [2023-02-01 17:59:21,967] {dag.py:2371} INFO - Sync 1 DAGs
[2023-02-01 17:59:21,992] {logging_mixin.py:115} INFO - [2023-02-01 17:59:21,992] {dag.py:2915} INFO - Setting next_dagrun for 8_documentation to 2023-01-31T00:00:00+00:00, run_after=2023-02-01T00:00:00+00:00
[2023-02-01 17:59:22,035] {processor.py:161} INFO - Processing /c/Airflow/dags/Airflow2_0_De_0_a_Heroe/8_documentation.py took 0.118 seconds
[2023-02-01 17:59:53,046] {processor.py:153} INFO - Started process (PID=14290) to work on /c/Airflow/dags/Airflow2_0_De_0_a_Heroe/8_documentation.py
[2023-02-01 17:59:53,047] {processor.py:641} INFO - Processing file /c/Airflow/dags/Airflow2_0_De_0_a_Heroe/8_documentation.py for tasks to queue
[2023-02-01 17:59:53,048] {logging_mixin.py:115} INFO - [2023-02-01 17:59:53,048] {dagbag.py:507} INFO - Filling up the DagBag from /c/Airflow/dags/Airflow2_0_De_0_a_Heroe/8_documentation.py
[2023-02-01 17:59:53,073] {processor.py:651} INFO - DAG(s) dict_keys(['8_documentation']) retrieved from /c/Airflow/dags/Airflow2_0_De_0_a_Heroe/8_documentation.py
[2023-02-01 17:59:53,090] {logging_mixin.py:115} INFO - [2023-02-01 17:59:53,090] {dag.py:2371} INFO - Sync 1 DAGs
[2023-02-01 17:59:53,103] {logging_mixin.py:115} INFO - [2023-02-01 17:59:53,103] {dag.py:2915} INFO - Setting next_dagrun for 8_documentation to 2023-01-31T00:00:00+00:00, run_after=2023-02-01T00:00:00+00:00
[2023-02-01 17:59:53,139] {processor.py:161} INFO - Processing /c/Airflow/dags/Airflow2_0_De_0_a_Heroe/8_documentation.py took 0.095 seconds
