[2023-02-01 15:57:08,078] {processor.py:153} INFO - Started process (PID=12093) to work on /c/Airflow/dags/Airflow2_0_De_0_a_Heroe/pyspark_subdag.py
[2023-02-01 15:57:08,079] {processor.py:641} INFO - Processing file /c/Airflow/dags/Airflow2_0_De_0_a_Heroe/pyspark_subdag.py for tasks to queue
[2023-02-01 15:57:08,080] {logging_mixin.py:115} INFO - [2023-02-01 15:57:08,079] {dagbag.py:507} INFO - Filling up the DagBag from /c/Airflow/dags/Airflow2_0_De_0_a_Heroe/pyspark_subdag.py
[2023-02-01 15:57:08,244] {processor.py:653} WARNING - No viable dags retrieved from /c/Airflow/dags/Airflow2_0_De_0_a_Heroe/pyspark_subdag.py
[2023-02-01 15:57:08,268] {processor.py:161} INFO - Processing /c/Airflow/dags/Airflow2_0_De_0_a_Heroe/pyspark_subdag.py took 0.193 seconds
[2023-02-01 15:57:39,804] {processor.py:153} INFO - Started process (PID=12113) to work on /c/Airflow/dags/Airflow2_0_De_0_a_Heroe/pyspark_subdag.py
[2023-02-01 15:57:39,805] {processor.py:641} INFO - Processing file /c/Airflow/dags/Airflow2_0_De_0_a_Heroe/pyspark_subdag.py for tasks to queue
[2023-02-01 15:57:39,805] {logging_mixin.py:115} INFO - [2023-02-01 15:57:39,805] {dagbag.py:507} INFO - Filling up the DagBag from /c/Airflow/dags/Airflow2_0_De_0_a_Heroe/pyspark_subdag.py
[2023-02-01 15:57:39,968] {processor.py:653} WARNING - No viable dags retrieved from /c/Airflow/dags/Airflow2_0_De_0_a_Heroe/pyspark_subdag.py
[2023-02-01 15:57:39,989] {processor.py:161} INFO - Processing /c/Airflow/dags/Airflow2_0_De_0_a_Heroe/pyspark_subdag.py took 0.187 seconds
[2023-02-01 15:58:11,358] {processor.py:153} INFO - Started process (PID=12133) to work on /c/Airflow/dags/Airflow2_0_De_0_a_Heroe/pyspark_subdag.py
[2023-02-01 15:58:11,358] {processor.py:641} INFO - Processing file /c/Airflow/dags/Airflow2_0_De_0_a_Heroe/pyspark_subdag.py for tasks to queue
[2023-02-01 15:58:11,359] {logging_mixin.py:115} INFO - [2023-02-01 15:58:11,359] {dagbag.py:507} INFO - Filling up the DagBag from /c/Airflow/dags/Airflow2_0_De_0_a_Heroe/pyspark_subdag.py
[2023-02-01 15:58:11,526] {processor.py:653} WARNING - No viable dags retrieved from /c/Airflow/dags/Airflow2_0_De_0_a_Heroe/pyspark_subdag.py
[2023-02-01 15:58:11,548] {processor.py:161} INFO - Processing /c/Airflow/dags/Airflow2_0_De_0_a_Heroe/pyspark_subdag.py took 0.193 seconds
[2023-02-01 15:58:42,901] {processor.py:153} INFO - Started process (PID=12153) to work on /c/Airflow/dags/Airflow2_0_De_0_a_Heroe/pyspark_subdag.py
[2023-02-01 15:58:42,902] {processor.py:641} INFO - Processing file /c/Airflow/dags/Airflow2_0_De_0_a_Heroe/pyspark_subdag.py for tasks to queue
[2023-02-01 15:58:42,903] {logging_mixin.py:115} INFO - [2023-02-01 15:58:42,903] {dagbag.py:507} INFO - Filling up the DagBag from /c/Airflow/dags/Airflow2_0_De_0_a_Heroe/pyspark_subdag.py
[2023-02-01 15:58:43,089] {processor.py:653} WARNING - No viable dags retrieved from /c/Airflow/dags/Airflow2_0_De_0_a_Heroe/pyspark_subdag.py
[2023-02-01 15:58:43,112] {processor.py:161} INFO - Processing /c/Airflow/dags/Airflow2_0_De_0_a_Heroe/pyspark_subdag.py took 0.213 seconds
[2023-02-01 15:59:14,246] {processor.py:153} INFO - Started process (PID=12173) to work on /c/Airflow/dags/Airflow2_0_De_0_a_Heroe/pyspark_subdag.py
[2023-02-01 15:59:14,247] {processor.py:641} INFO - Processing file /c/Airflow/dags/Airflow2_0_De_0_a_Heroe/pyspark_subdag.py for tasks to queue
[2023-02-01 15:59:14,247] {logging_mixin.py:115} INFO - [2023-02-01 15:59:14,247] {dagbag.py:507} INFO - Filling up the DagBag from /c/Airflow/dags/Airflow2_0_De_0_a_Heroe/pyspark_subdag.py
[2023-02-01 15:59:14,440] {processor.py:653} WARNING - No viable dags retrieved from /c/Airflow/dags/Airflow2_0_De_0_a_Heroe/pyspark_subdag.py
[2023-02-01 15:59:14,475] {processor.py:161} INFO - Processing /c/Airflow/dags/Airflow2_0_De_0_a_Heroe/pyspark_subdag.py took 0.232 seconds
[2023-02-01 15:59:46,978] {processor.py:153} INFO - Started process (PID=12193) to work on /c/Airflow/dags/Airflow2_0_De_0_a_Heroe/pyspark_subdag.py
[2023-02-01 15:59:46,981] {processor.py:641} INFO - Processing file /c/Airflow/dags/Airflow2_0_De_0_a_Heroe/pyspark_subdag.py for tasks to queue
[2023-02-01 15:59:46,982] {logging_mixin.py:115} INFO - [2023-02-01 15:59:46,982] {dagbag.py:507} INFO - Filling up the DagBag from /c/Airflow/dags/Airflow2_0_De_0_a_Heroe/pyspark_subdag.py
[2023-02-01 15:59:47,166] {processor.py:653} WARNING - No viable dags retrieved from /c/Airflow/dags/Airflow2_0_De_0_a_Heroe/pyspark_subdag.py
[2023-02-01 15:59:47,202] {processor.py:161} INFO - Processing /c/Airflow/dags/Airflow2_0_De_0_a_Heroe/pyspark_subdag.py took 0.227 seconds
[2023-02-01 16:00:17,811] {processor.py:153} INFO - Started process (PID=12213) to work on /c/Airflow/dags/Airflow2_0_De_0_a_Heroe/pyspark_subdag.py
[2023-02-01 16:00:17,812] {processor.py:641} INFO - Processing file /c/Airflow/dags/Airflow2_0_De_0_a_Heroe/pyspark_subdag.py for tasks to queue
[2023-02-01 16:00:17,813] {logging_mixin.py:115} INFO - [2023-02-01 16:00:17,813] {dagbag.py:507} INFO - Filling up the DagBag from /c/Airflow/dags/Airflow2_0_De_0_a_Heroe/pyspark_subdag.py
[2023-02-01 16:00:17,983] {processor.py:653} WARNING - No viable dags retrieved from /c/Airflow/dags/Airflow2_0_De_0_a_Heroe/pyspark_subdag.py
[2023-02-01 16:00:18,016] {processor.py:161} INFO - Processing /c/Airflow/dags/Airflow2_0_De_0_a_Heroe/pyspark_subdag.py took 0.207 seconds
[2023-02-01 16:00:49,311] {processor.py:153} INFO - Started process (PID=12233) to work on /c/Airflow/dags/Airflow2_0_De_0_a_Heroe/pyspark_subdag.py
[2023-02-01 16:00:49,312] {processor.py:641} INFO - Processing file /c/Airflow/dags/Airflow2_0_De_0_a_Heroe/pyspark_subdag.py for tasks to queue
[2023-02-01 16:00:49,313] {logging_mixin.py:115} INFO - [2023-02-01 16:00:49,312] {dagbag.py:507} INFO - Filling up the DagBag from /c/Airflow/dags/Airflow2_0_De_0_a_Heroe/pyspark_subdag.py
[2023-02-01 16:00:49,478] {processor.py:653} WARNING - No viable dags retrieved from /c/Airflow/dags/Airflow2_0_De_0_a_Heroe/pyspark_subdag.py
[2023-02-01 16:00:49,500] {processor.py:161} INFO - Processing /c/Airflow/dags/Airflow2_0_De_0_a_Heroe/pyspark_subdag.py took 0.191 seconds
[2023-02-01 16:01:20,611] {processor.py:153} INFO - Started process (PID=12253) to work on /c/Airflow/dags/Airflow2_0_De_0_a_Heroe/pyspark_subdag.py
[2023-02-01 16:01:20,612] {processor.py:641} INFO - Processing file /c/Airflow/dags/Airflow2_0_De_0_a_Heroe/pyspark_subdag.py for tasks to queue
[2023-02-01 16:01:20,612] {logging_mixin.py:115} INFO - [2023-02-01 16:01:20,612] {dagbag.py:507} INFO - Filling up the DagBag from /c/Airflow/dags/Airflow2_0_De_0_a_Heroe/pyspark_subdag.py
[2023-02-01 16:01:20,769] {processor.py:653} WARNING - No viable dags retrieved from /c/Airflow/dags/Airflow2_0_De_0_a_Heroe/pyspark_subdag.py
[2023-02-01 16:01:20,789] {processor.py:161} INFO - Processing /c/Airflow/dags/Airflow2_0_De_0_a_Heroe/pyspark_subdag.py took 0.181 seconds
[2023-02-01 16:01:56,835] {processor.py:153} INFO - Started process (PID=12273) to work on /c/Airflow/dags/Airflow2_0_De_0_a_Heroe/pyspark_subdag.py
[2023-02-01 16:01:56,836] {processor.py:641} INFO - Processing file /c/Airflow/dags/Airflow2_0_De_0_a_Heroe/pyspark_subdag.py for tasks to queue
[2023-02-01 16:01:56,837] {logging_mixin.py:115} INFO - [2023-02-01 16:01:56,837] {dagbag.py:507} INFO - Filling up the DagBag from /c/Airflow/dags/Airflow2_0_De_0_a_Heroe/pyspark_subdag.py
[2023-02-01 16:01:57,009] {processor.py:653} WARNING - No viable dags retrieved from /c/Airflow/dags/Airflow2_0_De_0_a_Heroe/pyspark_subdag.py
[2023-02-01 16:01:57,044] {processor.py:161} INFO - Processing /c/Airflow/dags/Airflow2_0_De_0_a_Heroe/pyspark_subdag.py took 0.211 seconds
[2023-02-01 16:02:27,773] {processor.py:153} INFO - Started process (PID=12293) to work on /c/Airflow/dags/Airflow2_0_De_0_a_Heroe/pyspark_subdag.py
[2023-02-01 16:02:27,773] {processor.py:641} INFO - Processing file /c/Airflow/dags/Airflow2_0_De_0_a_Heroe/pyspark_subdag.py for tasks to queue
[2023-02-01 16:02:27,774] {logging_mixin.py:115} INFO - [2023-02-01 16:02:27,774] {dagbag.py:507} INFO - Filling up the DagBag from /c/Airflow/dags/Airflow2_0_De_0_a_Heroe/pyspark_subdag.py
[2023-02-01 16:02:27,948] {processor.py:653} WARNING - No viable dags retrieved from /c/Airflow/dags/Airflow2_0_De_0_a_Heroe/pyspark_subdag.py
[2023-02-01 16:02:27,972] {processor.py:161} INFO - Processing /c/Airflow/dags/Airflow2_0_De_0_a_Heroe/pyspark_subdag.py took 0.201 seconds
[2023-02-01 16:02:59,016] {processor.py:153} INFO - Started process (PID=12313) to work on /c/Airflow/dags/Airflow2_0_De_0_a_Heroe/pyspark_subdag.py
[2023-02-01 16:02:59,017] {processor.py:641} INFO - Processing file /c/Airflow/dags/Airflow2_0_De_0_a_Heroe/pyspark_subdag.py for tasks to queue
[2023-02-01 16:02:59,017] {logging_mixin.py:115} INFO - [2023-02-01 16:02:59,017] {dagbag.py:507} INFO - Filling up the DagBag from /c/Airflow/dags/Airflow2_0_De_0_a_Heroe/pyspark_subdag.py
[2023-02-01 16:02:59,179] {processor.py:653} WARNING - No viable dags retrieved from /c/Airflow/dags/Airflow2_0_De_0_a_Heroe/pyspark_subdag.py
[2023-02-01 16:02:59,199] {processor.py:161} INFO - Processing /c/Airflow/dags/Airflow2_0_De_0_a_Heroe/pyspark_subdag.py took 0.185 seconds
[2023-02-01 16:03:30,249] {processor.py:153} INFO - Started process (PID=12333) to work on /c/Airflow/dags/Airflow2_0_De_0_a_Heroe/pyspark_subdag.py
[2023-02-01 16:03:30,250] {processor.py:641} INFO - Processing file /c/Airflow/dags/Airflow2_0_De_0_a_Heroe/pyspark_subdag.py for tasks to queue
[2023-02-01 16:03:30,251] {logging_mixin.py:115} INFO - [2023-02-01 16:03:30,251] {dagbag.py:507} INFO - Filling up the DagBag from /c/Airflow/dags/Airflow2_0_De_0_a_Heroe/pyspark_subdag.py
[2023-02-01 16:03:30,417] {processor.py:653} WARNING - No viable dags retrieved from /c/Airflow/dags/Airflow2_0_De_0_a_Heroe/pyspark_subdag.py
[2023-02-01 16:03:30,437] {processor.py:161} INFO - Processing /c/Airflow/dags/Airflow2_0_De_0_a_Heroe/pyspark_subdag.py took 0.190 seconds
[2023-02-01 16:04:01,490] {processor.py:153} INFO - Started process (PID=12353) to work on /c/Airflow/dags/Airflow2_0_De_0_a_Heroe/pyspark_subdag.py
[2023-02-01 16:04:01,491] {processor.py:641} INFO - Processing file /c/Airflow/dags/Airflow2_0_De_0_a_Heroe/pyspark_subdag.py for tasks to queue
[2023-02-01 16:04:01,492] {logging_mixin.py:115} INFO - [2023-02-01 16:04:01,492] {dagbag.py:507} INFO - Filling up the DagBag from /c/Airflow/dags/Airflow2_0_De_0_a_Heroe/pyspark_subdag.py
[2023-02-01 16:04:01,667] {processor.py:653} WARNING - No viable dags retrieved from /c/Airflow/dags/Airflow2_0_De_0_a_Heroe/pyspark_subdag.py
[2023-02-01 16:04:01,687] {processor.py:161} INFO - Processing /c/Airflow/dags/Airflow2_0_De_0_a_Heroe/pyspark_subdag.py took 0.199 seconds
[2023-02-01 16:04:32,568] {processor.py:153} INFO - Started process (PID=12373) to work on /c/Airflow/dags/Airflow2_0_De_0_a_Heroe/pyspark_subdag.py
[2023-02-01 16:04:32,569] {processor.py:641} INFO - Processing file /c/Airflow/dags/Airflow2_0_De_0_a_Heroe/pyspark_subdag.py for tasks to queue
[2023-02-01 16:04:32,570] {logging_mixin.py:115} INFO - [2023-02-01 16:04:32,570] {dagbag.py:507} INFO - Filling up the DagBag from /c/Airflow/dags/Airflow2_0_De_0_a_Heroe/pyspark_subdag.py
[2023-02-01 16:04:32,738] {processor.py:653} WARNING - No viable dags retrieved from /c/Airflow/dags/Airflow2_0_De_0_a_Heroe/pyspark_subdag.py
[2023-02-01 16:04:32,759] {processor.py:161} INFO - Processing /c/Airflow/dags/Airflow2_0_De_0_a_Heroe/pyspark_subdag.py took 0.193 seconds
[2023-02-01 16:05:03,961] {processor.py:153} INFO - Started process (PID=12393) to work on /c/Airflow/dags/Airflow2_0_De_0_a_Heroe/pyspark_subdag.py
[2023-02-01 16:05:03,962] {processor.py:641} INFO - Processing file /c/Airflow/dags/Airflow2_0_De_0_a_Heroe/pyspark_subdag.py for tasks to queue
[2023-02-01 16:05:03,963] {logging_mixin.py:115} INFO - [2023-02-01 16:05:03,963] {dagbag.py:507} INFO - Filling up the DagBag from /c/Airflow/dags/Airflow2_0_De_0_a_Heroe/pyspark_subdag.py
[2023-02-01 16:05:04,158] {processor.py:653} WARNING - No viable dags retrieved from /c/Airflow/dags/Airflow2_0_De_0_a_Heroe/pyspark_subdag.py
[2023-02-01 16:05:04,185] {processor.py:161} INFO - Processing /c/Airflow/dags/Airflow2_0_De_0_a_Heroe/pyspark_subdag.py took 0.226 seconds
[2023-02-01 16:05:35,321] {processor.py:153} INFO - Started process (PID=12413) to work on /c/Airflow/dags/Airflow2_0_De_0_a_Heroe/pyspark_subdag.py
[2023-02-01 16:05:35,322] {processor.py:641} INFO - Processing file /c/Airflow/dags/Airflow2_0_De_0_a_Heroe/pyspark_subdag.py for tasks to queue
[2023-02-01 16:05:35,323] {logging_mixin.py:115} INFO - [2023-02-01 16:05:35,323] {dagbag.py:507} INFO - Filling up the DagBag from /c/Airflow/dags/Airflow2_0_De_0_a_Heroe/pyspark_subdag.py
[2023-02-01 16:05:35,536] {processor.py:653} WARNING - No viable dags retrieved from /c/Airflow/dags/Airflow2_0_De_0_a_Heroe/pyspark_subdag.py
[2023-02-01 16:05:35,559] {processor.py:161} INFO - Processing /c/Airflow/dags/Airflow2_0_De_0_a_Heroe/pyspark_subdag.py took 0.241 seconds
[2023-02-01 16:06:06,487] {processor.py:153} INFO - Started process (PID=12433) to work on /c/Airflow/dags/Airflow2_0_De_0_a_Heroe/pyspark_subdag.py
[2023-02-01 16:06:06,488] {processor.py:641} INFO - Processing file /c/Airflow/dags/Airflow2_0_De_0_a_Heroe/pyspark_subdag.py for tasks to queue
[2023-02-01 16:06:06,489] {logging_mixin.py:115} INFO - [2023-02-01 16:06:06,488] {dagbag.py:507} INFO - Filling up the DagBag from /c/Airflow/dags/Airflow2_0_De_0_a_Heroe/pyspark_subdag.py
[2023-02-01 16:06:06,692] {processor.py:653} WARNING - No viable dags retrieved from /c/Airflow/dags/Airflow2_0_De_0_a_Heroe/pyspark_subdag.py
[2023-02-01 16:06:06,722] {processor.py:161} INFO - Processing /c/Airflow/dags/Airflow2_0_De_0_a_Heroe/pyspark_subdag.py took 0.237 seconds
[2023-02-01 16:06:37,887] {processor.py:153} INFO - Started process (PID=12453) to work on /c/Airflow/dags/Airflow2_0_De_0_a_Heroe/pyspark_subdag.py
[2023-02-01 16:06:37,887] {processor.py:641} INFO - Processing file /c/Airflow/dags/Airflow2_0_De_0_a_Heroe/pyspark_subdag.py for tasks to queue
[2023-02-01 16:06:37,888] {logging_mixin.py:115} INFO - [2023-02-01 16:06:37,888] {dagbag.py:507} INFO - Filling up the DagBag from /c/Airflow/dags/Airflow2_0_De_0_a_Heroe/pyspark_subdag.py
[2023-02-01 16:06:38,088] {processor.py:653} WARNING - No viable dags retrieved from /c/Airflow/dags/Airflow2_0_De_0_a_Heroe/pyspark_subdag.py
[2023-02-01 16:06:38,108] {processor.py:161} INFO - Processing /c/Airflow/dags/Airflow2_0_De_0_a_Heroe/pyspark_subdag.py took 0.224 seconds
[2023-02-01 16:07:08,892] {processor.py:153} INFO - Started process (PID=12473) to work on /c/Airflow/dags/Airflow2_0_De_0_a_Heroe/pyspark_subdag.py
[2023-02-01 16:07:08,893] {processor.py:641} INFO - Processing file /c/Airflow/dags/Airflow2_0_De_0_a_Heroe/pyspark_subdag.py for tasks to queue
[2023-02-01 16:07:08,893] {logging_mixin.py:115} INFO - [2023-02-01 16:07:08,893] {dagbag.py:507} INFO - Filling up the DagBag from /c/Airflow/dags/Airflow2_0_De_0_a_Heroe/pyspark_subdag.py
[2023-02-01 16:07:09,102] {processor.py:653} WARNING - No viable dags retrieved from /c/Airflow/dags/Airflow2_0_De_0_a_Heroe/pyspark_subdag.py
[2023-02-01 16:07:09,121] {processor.py:161} INFO - Processing /c/Airflow/dags/Airflow2_0_De_0_a_Heroe/pyspark_subdag.py took 0.232 seconds
[2023-02-01 16:07:39,317] {processor.py:153} INFO - Started process (PID=12493) to work on /c/Airflow/dags/Airflow2_0_De_0_a_Heroe/pyspark_subdag.py
[2023-02-01 16:07:39,318] {processor.py:641} INFO - Processing file /c/Airflow/dags/Airflow2_0_De_0_a_Heroe/pyspark_subdag.py for tasks to queue
[2023-02-01 16:07:39,318] {logging_mixin.py:115} INFO - [2023-02-01 16:07:39,318] {dagbag.py:507} INFO - Filling up the DagBag from /c/Airflow/dags/Airflow2_0_De_0_a_Heroe/pyspark_subdag.py
[2023-02-01 16:07:39,516] {processor.py:653} WARNING - No viable dags retrieved from /c/Airflow/dags/Airflow2_0_De_0_a_Heroe/pyspark_subdag.py
[2023-02-01 16:07:39,539] {processor.py:161} INFO - Processing /c/Airflow/dags/Airflow2_0_De_0_a_Heroe/pyspark_subdag.py took 0.224 seconds
[2023-02-01 16:08:09,784] {processor.py:153} INFO - Started process (PID=12513) to work on /c/Airflow/dags/Airflow2_0_De_0_a_Heroe/pyspark_subdag.py
[2023-02-01 16:08:09,785] {processor.py:641} INFO - Processing file /c/Airflow/dags/Airflow2_0_De_0_a_Heroe/pyspark_subdag.py for tasks to queue
[2023-02-01 16:08:09,786] {logging_mixin.py:115} INFO - [2023-02-01 16:08:09,785] {dagbag.py:507} INFO - Filling up the DagBag from /c/Airflow/dags/Airflow2_0_De_0_a_Heroe/pyspark_subdag.py
[2023-02-01 16:08:09,964] {processor.py:653} WARNING - No viable dags retrieved from /c/Airflow/dags/Airflow2_0_De_0_a_Heroe/pyspark_subdag.py
[2023-02-01 16:08:09,988] {processor.py:161} INFO - Processing /c/Airflow/dags/Airflow2_0_De_0_a_Heroe/pyspark_subdag.py took 0.206 seconds
[2023-02-01 16:08:41,539] {processor.py:153} INFO - Started process (PID=12533) to work on /c/Airflow/dags/Airflow2_0_De_0_a_Heroe/pyspark_subdag.py
[2023-02-01 16:08:41,540] {processor.py:641} INFO - Processing file /c/Airflow/dags/Airflow2_0_De_0_a_Heroe/pyspark_subdag.py for tasks to queue
[2023-02-01 16:08:41,541] {logging_mixin.py:115} INFO - [2023-02-01 16:08:41,541] {dagbag.py:507} INFO - Filling up the DagBag from /c/Airflow/dags/Airflow2_0_De_0_a_Heroe/pyspark_subdag.py
[2023-02-01 16:08:41,714] {processor.py:653} WARNING - No viable dags retrieved from /c/Airflow/dags/Airflow2_0_De_0_a_Heroe/pyspark_subdag.py
[2023-02-01 16:08:41,749] {processor.py:161} INFO - Processing /c/Airflow/dags/Airflow2_0_De_0_a_Heroe/pyspark_subdag.py took 0.212 seconds
[2023-02-01 16:09:12,842] {processor.py:153} INFO - Started process (PID=12553) to work on /c/Airflow/dags/Airflow2_0_De_0_a_Heroe/pyspark_subdag.py
[2023-02-01 16:09:12,843] {processor.py:641} INFO - Processing file /c/Airflow/dags/Airflow2_0_De_0_a_Heroe/pyspark_subdag.py for tasks to queue
[2023-02-01 16:09:12,844] {logging_mixin.py:115} INFO - [2023-02-01 16:09:12,844] {dagbag.py:507} INFO - Filling up the DagBag from /c/Airflow/dags/Airflow2_0_De_0_a_Heroe/pyspark_subdag.py
[2023-02-01 16:09:13,042] {processor.py:653} WARNING - No viable dags retrieved from /c/Airflow/dags/Airflow2_0_De_0_a_Heroe/pyspark_subdag.py
[2023-02-01 16:09:13,069] {processor.py:161} INFO - Processing /c/Airflow/dags/Airflow2_0_De_0_a_Heroe/pyspark_subdag.py took 0.229 seconds
[2023-02-01 16:09:44,418] {processor.py:153} INFO - Started process (PID=12573) to work on /c/Airflow/dags/Airflow2_0_De_0_a_Heroe/pyspark_subdag.py
[2023-02-01 16:09:44,418] {processor.py:641} INFO - Processing file /c/Airflow/dags/Airflow2_0_De_0_a_Heroe/pyspark_subdag.py for tasks to queue
[2023-02-01 16:09:44,419] {logging_mixin.py:115} INFO - [2023-02-01 16:09:44,419] {dagbag.py:507} INFO - Filling up the DagBag from /c/Airflow/dags/Airflow2_0_De_0_a_Heroe/pyspark_subdag.py
[2023-02-01 16:09:44,607] {processor.py:653} WARNING - No viable dags retrieved from /c/Airflow/dags/Airflow2_0_De_0_a_Heroe/pyspark_subdag.py
[2023-02-01 16:09:44,626] {processor.py:161} INFO - Processing /c/Airflow/dags/Airflow2_0_De_0_a_Heroe/pyspark_subdag.py took 0.210 seconds
[2023-02-01 16:10:15,683] {processor.py:153} INFO - Started process (PID=12593) to work on /c/Airflow/dags/Airflow2_0_De_0_a_Heroe/pyspark_subdag.py
[2023-02-01 16:10:15,684] {processor.py:641} INFO - Processing file /c/Airflow/dags/Airflow2_0_De_0_a_Heroe/pyspark_subdag.py for tasks to queue
[2023-02-01 16:10:15,684] {logging_mixin.py:115} INFO - [2023-02-01 16:10:15,684] {dagbag.py:507} INFO - Filling up the DagBag from /c/Airflow/dags/Airflow2_0_De_0_a_Heroe/pyspark_subdag.py
[2023-02-01 16:10:15,842] {processor.py:653} WARNING - No viable dags retrieved from /c/Airflow/dags/Airflow2_0_De_0_a_Heroe/pyspark_subdag.py
[2023-02-01 16:10:15,862] {processor.py:161} INFO - Processing /c/Airflow/dags/Airflow2_0_De_0_a_Heroe/pyspark_subdag.py took 0.181 seconds
[2023-02-01 16:10:51,391] {processor.py:153} INFO - Started process (PID=12659) to work on /c/Airflow/dags/Airflow2_0_De_0_a_Heroe/pyspark_subdag.py
[2023-02-01 16:10:51,392] {processor.py:641} INFO - Processing file /c/Airflow/dags/Airflow2_0_De_0_a_Heroe/pyspark_subdag.py for tasks to queue
[2023-02-01 16:10:51,392] {logging_mixin.py:115} INFO - [2023-02-01 16:10:51,392] {dagbag.py:507} INFO - Filling up the DagBag from /c/Airflow/dags/Airflow2_0_De_0_a_Heroe/pyspark_subdag.py
[2023-02-01 16:10:51,555] {processor.py:653} WARNING - No viable dags retrieved from /c/Airflow/dags/Airflow2_0_De_0_a_Heroe/pyspark_subdag.py
[2023-02-01 16:10:51,574] {processor.py:161} INFO - Processing /c/Airflow/dags/Airflow2_0_De_0_a_Heroe/pyspark_subdag.py took 0.185 seconds
[2023-02-01 16:11:22,192] {processor.py:153} INFO - Started process (PID=12679) to work on /c/Airflow/dags/Airflow2_0_De_0_a_Heroe/pyspark_subdag.py
[2023-02-01 16:11:22,193] {processor.py:641} INFO - Processing file /c/Airflow/dags/Airflow2_0_De_0_a_Heroe/pyspark_subdag.py for tasks to queue
[2023-02-01 16:11:22,193] {logging_mixin.py:115} INFO - [2023-02-01 16:11:22,193] {dagbag.py:507} INFO - Filling up the DagBag from /c/Airflow/dags/Airflow2_0_De_0_a_Heroe/pyspark_subdag.py
[2023-02-01 16:11:22,358] {processor.py:653} WARNING - No viable dags retrieved from /c/Airflow/dags/Airflow2_0_De_0_a_Heroe/pyspark_subdag.py
[2023-02-01 16:11:22,377] {processor.py:161} INFO - Processing /c/Airflow/dags/Airflow2_0_De_0_a_Heroe/pyspark_subdag.py took 0.188 seconds
[2023-02-01 16:11:56,208] {processor.py:153} INFO - Started process (PID=12699) to work on /c/Airflow/dags/Airflow2_0_De_0_a_Heroe/pyspark_subdag.py
[2023-02-01 16:11:56,209] {processor.py:641} INFO - Processing file /c/Airflow/dags/Airflow2_0_De_0_a_Heroe/pyspark_subdag.py for tasks to queue
[2023-02-01 16:11:56,210] {logging_mixin.py:115} INFO - [2023-02-01 16:11:56,210] {dagbag.py:507} INFO - Filling up the DagBag from /c/Airflow/dags/Airflow2_0_De_0_a_Heroe/pyspark_subdag.py
[2023-02-01 16:11:56,376] {processor.py:653} WARNING - No viable dags retrieved from /c/Airflow/dags/Airflow2_0_De_0_a_Heroe/pyspark_subdag.py
[2023-02-01 16:11:56,406] {processor.py:161} INFO - Processing /c/Airflow/dags/Airflow2_0_De_0_a_Heroe/pyspark_subdag.py took 0.200 seconds
[2023-02-01 16:12:27,374] {processor.py:153} INFO - Started process (PID=12719) to work on /c/Airflow/dags/Airflow2_0_De_0_a_Heroe/pyspark_subdag.py
[2023-02-01 16:12:27,375] {processor.py:641} INFO - Processing file /c/Airflow/dags/Airflow2_0_De_0_a_Heroe/pyspark_subdag.py for tasks to queue
[2023-02-01 16:12:27,376] {logging_mixin.py:115} INFO - [2023-02-01 16:12:27,376] {dagbag.py:507} INFO - Filling up the DagBag from /c/Airflow/dags/Airflow2_0_De_0_a_Heroe/pyspark_subdag.py
[2023-02-01 16:12:27,558] {processor.py:653} WARNING - No viable dags retrieved from /c/Airflow/dags/Airflow2_0_De_0_a_Heroe/pyspark_subdag.py
[2023-02-01 16:12:27,584] {processor.py:161} INFO - Processing /c/Airflow/dags/Airflow2_0_De_0_a_Heroe/pyspark_subdag.py took 0.211 seconds
[2023-02-01 16:12:59,099] {processor.py:153} INFO - Started process (PID=12785) to work on /c/Airflow/dags/Airflow2_0_De_0_a_Heroe/pyspark_subdag.py
[2023-02-01 16:12:59,099] {processor.py:641} INFO - Processing file /c/Airflow/dags/Airflow2_0_De_0_a_Heroe/pyspark_subdag.py for tasks to queue
[2023-02-01 16:12:59,100] {logging_mixin.py:115} INFO - [2023-02-01 16:12:59,100] {dagbag.py:507} INFO - Filling up the DagBag from /c/Airflow/dags/Airflow2_0_De_0_a_Heroe/pyspark_subdag.py
[2023-02-01 16:12:59,261] {processor.py:653} WARNING - No viable dags retrieved from /c/Airflow/dags/Airflow2_0_De_0_a_Heroe/pyspark_subdag.py
[2023-02-01 16:12:59,284] {processor.py:161} INFO - Processing /c/Airflow/dags/Airflow2_0_De_0_a_Heroe/pyspark_subdag.py took 0.187 seconds
[2023-02-01 16:13:30,100] {processor.py:153} INFO - Started process (PID=12805) to work on /c/Airflow/dags/Airflow2_0_De_0_a_Heroe/pyspark_subdag.py
[2023-02-01 16:13:30,101] {processor.py:641} INFO - Processing file /c/Airflow/dags/Airflow2_0_De_0_a_Heroe/pyspark_subdag.py for tasks to queue
[2023-02-01 16:13:30,102] {logging_mixin.py:115} INFO - [2023-02-01 16:13:30,102] {dagbag.py:507} INFO - Filling up the DagBag from /c/Airflow/dags/Airflow2_0_De_0_a_Heroe/pyspark_subdag.py
[2023-02-01 16:13:30,286] {processor.py:653} WARNING - No viable dags retrieved from /c/Airflow/dags/Airflow2_0_De_0_a_Heroe/pyspark_subdag.py
[2023-02-01 16:13:30,311] {processor.py:161} INFO - Processing /c/Airflow/dags/Airflow2_0_De_0_a_Heroe/pyspark_subdag.py took 0.213 seconds
[2023-02-01 16:14:00,547] {processor.py:153} INFO - Started process (PID=12825) to work on /c/Airflow/dags/Airflow2_0_De_0_a_Heroe/pyspark_subdag.py
[2023-02-01 16:14:00,548] {processor.py:641} INFO - Processing file /c/Airflow/dags/Airflow2_0_De_0_a_Heroe/pyspark_subdag.py for tasks to queue
[2023-02-01 16:14:00,550] {logging_mixin.py:115} INFO - [2023-02-01 16:14:00,550] {dagbag.py:507} INFO - Filling up the DagBag from /c/Airflow/dags/Airflow2_0_De_0_a_Heroe/pyspark_subdag.py
[2023-02-01 16:14:00,738] {processor.py:653} WARNING - No viable dags retrieved from /c/Airflow/dags/Airflow2_0_De_0_a_Heroe/pyspark_subdag.py
[2023-02-01 16:14:00,764] {processor.py:161} INFO - Processing /c/Airflow/dags/Airflow2_0_De_0_a_Heroe/pyspark_subdag.py took 0.219 seconds
[2023-02-01 16:14:31,928] {processor.py:153} INFO - Started process (PID=12845) to work on /c/Airflow/dags/Airflow2_0_De_0_a_Heroe/pyspark_subdag.py
[2023-02-01 16:14:31,929] {processor.py:641} INFO - Processing file /c/Airflow/dags/Airflow2_0_De_0_a_Heroe/pyspark_subdag.py for tasks to queue
[2023-02-01 16:14:31,929] {logging_mixin.py:115} INFO - [2023-02-01 16:14:31,929] {dagbag.py:507} INFO - Filling up the DagBag from /c/Airflow/dags/Airflow2_0_De_0_a_Heroe/pyspark_subdag.py
[2023-02-01 16:14:32,101] {processor.py:653} WARNING - No viable dags retrieved from /c/Airflow/dags/Airflow2_0_De_0_a_Heroe/pyspark_subdag.py
[2023-02-01 16:14:32,122] {processor.py:161} INFO - Processing /c/Airflow/dags/Airflow2_0_De_0_a_Heroe/pyspark_subdag.py took 0.196 seconds
[2023-02-01 16:15:02,950] {processor.py:153} INFO - Started process (PID=12865) to work on /c/Airflow/dags/Airflow2_0_De_0_a_Heroe/pyspark_subdag.py
[2023-02-01 16:15:02,951] {processor.py:641} INFO - Processing file /c/Airflow/dags/Airflow2_0_De_0_a_Heroe/pyspark_subdag.py for tasks to queue
[2023-02-01 16:15:02,952] {logging_mixin.py:115} INFO - [2023-02-01 16:15:02,952] {dagbag.py:507} INFO - Filling up the DagBag from /c/Airflow/dags/Airflow2_0_De_0_a_Heroe/pyspark_subdag.py
[2023-02-01 16:15:03,132] {processor.py:653} WARNING - No viable dags retrieved from /c/Airflow/dags/Airflow2_0_De_0_a_Heroe/pyspark_subdag.py
[2023-02-01 16:15:03,155] {processor.py:161} INFO - Processing /c/Airflow/dags/Airflow2_0_De_0_a_Heroe/pyspark_subdag.py took 0.208 seconds
[2023-02-01 16:15:33,653] {processor.py:153} INFO - Started process (PID=12885) to work on /c/Airflow/dags/Airflow2_0_De_0_a_Heroe/pyspark_subdag.py
[2023-02-01 16:15:33,654] {processor.py:641} INFO - Processing file /c/Airflow/dags/Airflow2_0_De_0_a_Heroe/pyspark_subdag.py for tasks to queue
[2023-02-01 16:15:33,655] {logging_mixin.py:115} INFO - [2023-02-01 16:15:33,655] {dagbag.py:507} INFO - Filling up the DagBag from /c/Airflow/dags/Airflow2_0_De_0_a_Heroe/pyspark_subdag.py
[2023-02-01 16:15:33,857] {processor.py:653} WARNING - No viable dags retrieved from /c/Airflow/dags/Airflow2_0_De_0_a_Heroe/pyspark_subdag.py
[2023-02-01 16:15:33,878] {processor.py:161} INFO - Processing /c/Airflow/dags/Airflow2_0_De_0_a_Heroe/pyspark_subdag.py took 0.227 seconds
[2023-02-01 16:16:04,220] {processor.py:153} INFO - Started process (PID=12905) to work on /c/Airflow/dags/Airflow2_0_De_0_a_Heroe/pyspark_subdag.py
[2023-02-01 16:16:04,220] {processor.py:641} INFO - Processing file /c/Airflow/dags/Airflow2_0_De_0_a_Heroe/pyspark_subdag.py for tasks to queue
[2023-02-01 16:16:04,221] {logging_mixin.py:115} INFO - [2023-02-01 16:16:04,221] {dagbag.py:507} INFO - Filling up the DagBag from /c/Airflow/dags/Airflow2_0_De_0_a_Heroe/pyspark_subdag.py
[2023-02-01 16:16:04,390] {processor.py:653} WARNING - No viable dags retrieved from /c/Airflow/dags/Airflow2_0_De_0_a_Heroe/pyspark_subdag.py
[2023-02-01 16:16:04,410] {processor.py:161} INFO - Processing /c/Airflow/dags/Airflow2_0_De_0_a_Heroe/pyspark_subdag.py took 0.193 seconds
[2023-02-01 16:16:36,212] {processor.py:153} INFO - Started process (PID=12925) to work on /c/Airflow/dags/Airflow2_0_De_0_a_Heroe/pyspark_subdag.py
[2023-02-01 16:16:36,213] {processor.py:641} INFO - Processing file /c/Airflow/dags/Airflow2_0_De_0_a_Heroe/pyspark_subdag.py for tasks to queue
[2023-02-01 16:16:36,214] {logging_mixin.py:115} INFO - [2023-02-01 16:16:36,213] {dagbag.py:507} INFO - Filling up the DagBag from /c/Airflow/dags/Airflow2_0_De_0_a_Heroe/pyspark_subdag.py
[2023-02-01 16:16:36,395] {processor.py:653} WARNING - No viable dags retrieved from /c/Airflow/dags/Airflow2_0_De_0_a_Heroe/pyspark_subdag.py
[2023-02-01 16:16:36,426] {processor.py:161} INFO - Processing /c/Airflow/dags/Airflow2_0_De_0_a_Heroe/pyspark_subdag.py took 0.216 seconds
[2023-02-01 16:17:07,066] {processor.py:153} INFO - Started process (PID=12945) to work on /c/Airflow/dags/Airflow2_0_De_0_a_Heroe/pyspark_subdag.py
[2023-02-01 16:17:07,067] {processor.py:641} INFO - Processing file /c/Airflow/dags/Airflow2_0_De_0_a_Heroe/pyspark_subdag.py for tasks to queue
[2023-02-01 16:17:07,069] {logging_mixin.py:115} INFO - [2023-02-01 16:17:07,069] {dagbag.py:507} INFO - Filling up the DagBag from /c/Airflow/dags/Airflow2_0_De_0_a_Heroe/pyspark_subdag.py
[2023-02-01 16:17:07,258] {processor.py:653} WARNING - No viable dags retrieved from /c/Airflow/dags/Airflow2_0_De_0_a_Heroe/pyspark_subdag.py
[2023-02-01 16:17:07,285] {processor.py:161} INFO - Processing /c/Airflow/dags/Airflow2_0_De_0_a_Heroe/pyspark_subdag.py took 0.221 seconds
[2023-02-01 16:17:40,329] {processor.py:153} INFO - Started process (PID=12966) to work on /c/Airflow/dags/Airflow2_0_De_0_a_Heroe/pyspark_subdag.py
[2023-02-01 16:17:40,330] {processor.py:641} INFO - Processing file /c/Airflow/dags/Airflow2_0_De_0_a_Heroe/pyspark_subdag.py for tasks to queue
[2023-02-01 16:17:40,331] {logging_mixin.py:115} INFO - [2023-02-01 16:17:40,330] {dagbag.py:507} INFO - Filling up the DagBag from /c/Airflow/dags/Airflow2_0_De_0_a_Heroe/pyspark_subdag.py
[2023-02-01 16:17:40,515] {processor.py:653} WARNING - No viable dags retrieved from /c/Airflow/dags/Airflow2_0_De_0_a_Heroe/pyspark_subdag.py
[2023-02-01 16:17:40,540] {processor.py:161} INFO - Processing /c/Airflow/dags/Airflow2_0_De_0_a_Heroe/pyspark_subdag.py took 0.213 seconds
[2023-02-01 16:18:12,255] {processor.py:153} INFO - Started process (PID=12986) to work on /c/Airflow/dags/Airflow2_0_De_0_a_Heroe/pyspark_subdag.py
[2023-02-01 16:18:12,256] {processor.py:641} INFO - Processing file /c/Airflow/dags/Airflow2_0_De_0_a_Heroe/pyspark_subdag.py for tasks to queue
[2023-02-01 16:18:12,257] {logging_mixin.py:115} INFO - [2023-02-01 16:18:12,257] {dagbag.py:507} INFO - Filling up the DagBag from /c/Airflow/dags/Airflow2_0_De_0_a_Heroe/pyspark_subdag.py
[2023-02-01 16:18:12,444] {processor.py:653} WARNING - No viable dags retrieved from /c/Airflow/dags/Airflow2_0_De_0_a_Heroe/pyspark_subdag.py
[2023-02-01 16:18:12,464] {processor.py:161} INFO - Processing /c/Airflow/dags/Airflow2_0_De_0_a_Heroe/pyspark_subdag.py took 0.211 seconds
[2023-02-01 16:18:43,024] {processor.py:153} INFO - Started process (PID=13052) to work on /c/Airflow/dags/Airflow2_0_De_0_a_Heroe/pyspark_subdag.py
[2023-02-01 16:18:43,025] {processor.py:641} INFO - Processing file /c/Airflow/dags/Airflow2_0_De_0_a_Heroe/pyspark_subdag.py for tasks to queue
[2023-02-01 16:18:43,026] {logging_mixin.py:115} INFO - [2023-02-01 16:18:43,026] {dagbag.py:507} INFO - Filling up the DagBag from /c/Airflow/dags/Airflow2_0_De_0_a_Heroe/pyspark_subdag.py
[2023-02-01 16:18:43,198] {processor.py:653} WARNING - No viable dags retrieved from /c/Airflow/dags/Airflow2_0_De_0_a_Heroe/pyspark_subdag.py
[2023-02-01 16:18:43,220] {processor.py:161} INFO - Processing /c/Airflow/dags/Airflow2_0_De_0_a_Heroe/pyspark_subdag.py took 0.198 seconds
[2023-02-01 16:19:14,490] {processor.py:153} INFO - Started process (PID=13072) to work on /c/Airflow/dags/Airflow2_0_De_0_a_Heroe/pyspark_subdag.py
[2023-02-01 16:19:14,490] {processor.py:641} INFO - Processing file /c/Airflow/dags/Airflow2_0_De_0_a_Heroe/pyspark_subdag.py for tasks to queue
[2023-02-01 16:19:14,491] {logging_mixin.py:115} INFO - [2023-02-01 16:19:14,491] {dagbag.py:507} INFO - Filling up the DagBag from /c/Airflow/dags/Airflow2_0_De_0_a_Heroe/pyspark_subdag.py
[2023-02-01 16:19:14,654] {processor.py:653} WARNING - No viable dags retrieved from /c/Airflow/dags/Airflow2_0_De_0_a_Heroe/pyspark_subdag.py
[2023-02-01 16:19:14,677] {processor.py:161} INFO - Processing /c/Airflow/dags/Airflow2_0_De_0_a_Heroe/pyspark_subdag.py took 0.189 seconds
[2023-02-01 16:19:45,723] {processor.py:153} INFO - Started process (PID=13092) to work on /c/Airflow/dags/Airflow2_0_De_0_a_Heroe/pyspark_subdag.py
[2023-02-01 16:19:45,724] {processor.py:641} INFO - Processing file /c/Airflow/dags/Airflow2_0_De_0_a_Heroe/pyspark_subdag.py for tasks to queue
[2023-02-01 16:19:45,725] {logging_mixin.py:115} INFO - [2023-02-01 16:19:45,725] {dagbag.py:507} INFO - Filling up the DagBag from /c/Airflow/dags/Airflow2_0_De_0_a_Heroe/pyspark_subdag.py
[2023-02-01 16:19:45,887] {processor.py:653} WARNING - No viable dags retrieved from /c/Airflow/dags/Airflow2_0_De_0_a_Heroe/pyspark_subdag.py
[2023-02-01 16:19:45,907] {processor.py:161} INFO - Processing /c/Airflow/dags/Airflow2_0_De_0_a_Heroe/pyspark_subdag.py took 0.186 seconds
[2023-02-01 16:20:16,778] {processor.py:153} INFO - Started process (PID=13112) to work on /c/Airflow/dags/Airflow2_0_De_0_a_Heroe/pyspark_subdag.py
[2023-02-01 16:20:16,779] {processor.py:641} INFO - Processing file /c/Airflow/dags/Airflow2_0_De_0_a_Heroe/pyspark_subdag.py for tasks to queue
[2023-02-01 16:20:16,780] {logging_mixin.py:115} INFO - [2023-02-01 16:20:16,780] {dagbag.py:507} INFO - Filling up the DagBag from /c/Airflow/dags/Airflow2_0_De_0_a_Heroe/pyspark_subdag.py
[2023-02-01 16:20:16,966] {processor.py:653} WARNING - No viable dags retrieved from /c/Airflow/dags/Airflow2_0_De_0_a_Heroe/pyspark_subdag.py
[2023-02-01 16:20:16,989] {processor.py:161} INFO - Processing /c/Airflow/dags/Airflow2_0_De_0_a_Heroe/pyspark_subdag.py took 0.213 seconds
[2023-02-01 16:20:48,503] {processor.py:153} INFO - Started process (PID=13132) to work on /c/Airflow/dags/Airflow2_0_De_0_a_Heroe/pyspark_subdag.py
[2023-02-01 16:20:48,504] {processor.py:641} INFO - Processing file /c/Airflow/dags/Airflow2_0_De_0_a_Heroe/pyspark_subdag.py for tasks to queue
[2023-02-01 16:20:48,505] {logging_mixin.py:115} INFO - [2023-02-01 16:20:48,505] {dagbag.py:507} INFO - Filling up the DagBag from /c/Airflow/dags/Airflow2_0_De_0_a_Heroe/pyspark_subdag.py
[2023-02-01 16:20:48,670] {processor.py:653} WARNING - No viable dags retrieved from /c/Airflow/dags/Airflow2_0_De_0_a_Heroe/pyspark_subdag.py
[2023-02-01 16:20:48,689] {processor.py:161} INFO - Processing /c/Airflow/dags/Airflow2_0_De_0_a_Heroe/pyspark_subdag.py took 0.188 seconds
[2023-02-01 16:21:19,441] {processor.py:153} INFO - Started process (PID=13152) to work on /c/Airflow/dags/Airflow2_0_De_0_a_Heroe/pyspark_subdag.py
[2023-02-01 16:21:19,441] {processor.py:641} INFO - Processing file /c/Airflow/dags/Airflow2_0_De_0_a_Heroe/pyspark_subdag.py for tasks to queue
[2023-02-01 16:21:19,442] {logging_mixin.py:115} INFO - [2023-02-01 16:21:19,442] {dagbag.py:507} INFO - Filling up the DagBag from /c/Airflow/dags/Airflow2_0_De_0_a_Heroe/pyspark_subdag.py
[2023-02-01 16:21:19,650] {processor.py:653} WARNING - No viable dags retrieved from /c/Airflow/dags/Airflow2_0_De_0_a_Heroe/pyspark_subdag.py
[2023-02-01 16:21:19,672] {processor.py:161} INFO - Processing /c/Airflow/dags/Airflow2_0_De_0_a_Heroe/pyspark_subdag.py took 0.234 seconds
[2023-02-01 16:21:50,436] {processor.py:153} INFO - Started process (PID=13172) to work on /c/Airflow/dags/Airflow2_0_De_0_a_Heroe/pyspark_subdag.py
[2023-02-01 16:21:50,436] {processor.py:641} INFO - Processing file /c/Airflow/dags/Airflow2_0_De_0_a_Heroe/pyspark_subdag.py for tasks to queue
[2023-02-01 16:21:50,437] {logging_mixin.py:115} INFO - [2023-02-01 16:21:50,437] {dagbag.py:507} INFO - Filling up the DagBag from /c/Airflow/dags/Airflow2_0_De_0_a_Heroe/pyspark_subdag.py
[2023-02-01 16:21:50,604] {processor.py:653} WARNING - No viable dags retrieved from /c/Airflow/dags/Airflow2_0_De_0_a_Heroe/pyspark_subdag.py
[2023-02-01 16:21:50,623] {processor.py:161} INFO - Processing /c/Airflow/dags/Airflow2_0_De_0_a_Heroe/pyspark_subdag.py took 0.190 seconds
[2023-02-01 16:22:21,020] {processor.py:153} INFO - Started process (PID=13191) to work on /c/Airflow/dags/Airflow2_0_De_0_a_Heroe/pyspark_subdag.py
[2023-02-01 16:22:21,021] {processor.py:641} INFO - Processing file /c/Airflow/dags/Airflow2_0_De_0_a_Heroe/pyspark_subdag.py for tasks to queue
[2023-02-01 16:22:21,022] {logging_mixin.py:115} INFO - [2023-02-01 16:22:21,022] {dagbag.py:507} INFO - Filling up the DagBag from /c/Airflow/dags/Airflow2_0_De_0_a_Heroe/pyspark_subdag.py
[2023-02-01 16:22:21,224] {processor.py:653} WARNING - No viable dags retrieved from /c/Airflow/dags/Airflow2_0_De_0_a_Heroe/pyspark_subdag.py
[2023-02-01 16:22:21,248] {processor.py:161} INFO - Processing /c/Airflow/dags/Airflow2_0_De_0_a_Heroe/pyspark_subdag.py took 0.230 seconds
[2023-02-01 16:22:52,006] {processor.py:153} INFO - Started process (PID=13211) to work on /c/Airflow/dags/Airflow2_0_De_0_a_Heroe/pyspark_subdag.py
[2023-02-01 16:22:52,007] {processor.py:641} INFO - Processing file /c/Airflow/dags/Airflow2_0_De_0_a_Heroe/pyspark_subdag.py for tasks to queue
[2023-02-01 16:22:52,007] {logging_mixin.py:115} INFO - [2023-02-01 16:22:52,007] {dagbag.py:507} INFO - Filling up the DagBag from /c/Airflow/dags/Airflow2_0_De_0_a_Heroe/pyspark_subdag.py
[2023-02-01 16:22:52,186] {processor.py:653} WARNING - No viable dags retrieved from /c/Airflow/dags/Airflow2_0_De_0_a_Heroe/pyspark_subdag.py
[2023-02-01 16:22:52,209] {processor.py:161} INFO - Processing /c/Airflow/dags/Airflow2_0_De_0_a_Heroe/pyspark_subdag.py took 0.204 seconds
[2023-02-01 16:23:23,084] {processor.py:153} INFO - Started process (PID=13231) to work on /c/Airflow/dags/Airflow2_0_De_0_a_Heroe/pyspark_subdag.py
[2023-02-01 16:23:23,085] {processor.py:641} INFO - Processing file /c/Airflow/dags/Airflow2_0_De_0_a_Heroe/pyspark_subdag.py for tasks to queue
[2023-02-01 16:23:23,085] {logging_mixin.py:115} INFO - [2023-02-01 16:23:23,085] {dagbag.py:507} INFO - Filling up the DagBag from /c/Airflow/dags/Airflow2_0_De_0_a_Heroe/pyspark_subdag.py
[2023-02-01 16:23:23,249] {processor.py:653} WARNING - No viable dags retrieved from /c/Airflow/dags/Airflow2_0_De_0_a_Heroe/pyspark_subdag.py
[2023-02-01 16:23:23,269] {processor.py:161} INFO - Processing /c/Airflow/dags/Airflow2_0_De_0_a_Heroe/pyspark_subdag.py took 0.187 seconds
[2023-02-01 16:23:54,256] {processor.py:153} INFO - Started process (PID=13251) to work on /c/Airflow/dags/Airflow2_0_De_0_a_Heroe/pyspark_subdag.py
[2023-02-01 16:23:54,257] {processor.py:641} INFO - Processing file /c/Airflow/dags/Airflow2_0_De_0_a_Heroe/pyspark_subdag.py for tasks to queue
[2023-02-01 16:23:54,257] {logging_mixin.py:115} INFO - [2023-02-01 16:23:54,257] {dagbag.py:507} INFO - Filling up the DagBag from /c/Airflow/dags/Airflow2_0_De_0_a_Heroe/pyspark_subdag.py
[2023-02-01 16:23:54,422] {processor.py:653} WARNING - No viable dags retrieved from /c/Airflow/dags/Airflow2_0_De_0_a_Heroe/pyspark_subdag.py
[2023-02-01 16:23:54,444] {processor.py:161} INFO - Processing /c/Airflow/dags/Airflow2_0_De_0_a_Heroe/pyspark_subdag.py took 0.190 seconds
[2023-02-01 16:24:25,607] {processor.py:153} INFO - Started process (PID=13271) to work on /c/Airflow/dags/Airflow2_0_De_0_a_Heroe/pyspark_subdag.py
[2023-02-01 16:24:25,607] {processor.py:641} INFO - Processing file /c/Airflow/dags/Airflow2_0_De_0_a_Heroe/pyspark_subdag.py for tasks to queue
[2023-02-01 16:24:25,608] {logging_mixin.py:115} INFO - [2023-02-01 16:24:25,608] {dagbag.py:507} INFO - Filling up the DagBag from /c/Airflow/dags/Airflow2_0_De_0_a_Heroe/pyspark_subdag.py
[2023-02-01 16:24:25,798] {processor.py:653} WARNING - No viable dags retrieved from /c/Airflow/dags/Airflow2_0_De_0_a_Heroe/pyspark_subdag.py
[2023-02-01 16:24:25,839] {processor.py:161} INFO - Processing /c/Airflow/dags/Airflow2_0_De_0_a_Heroe/pyspark_subdag.py took 0.234 seconds
[2023-02-01 16:24:56,697] {processor.py:153} INFO - Started process (PID=13291) to work on /c/Airflow/dags/Airflow2_0_De_0_a_Heroe/pyspark_subdag.py
[2023-02-01 16:24:56,698] {processor.py:641} INFO - Processing file /c/Airflow/dags/Airflow2_0_De_0_a_Heroe/pyspark_subdag.py for tasks to queue
[2023-02-01 16:24:56,699] {logging_mixin.py:115} INFO - [2023-02-01 16:24:56,699] {dagbag.py:507} INFO - Filling up the DagBag from /c/Airflow/dags/Airflow2_0_De_0_a_Heroe/pyspark_subdag.py
[2023-02-01 16:24:56,934] {processor.py:653} WARNING - No viable dags retrieved from /c/Airflow/dags/Airflow2_0_De_0_a_Heroe/pyspark_subdag.py
[2023-02-01 16:24:56,969] {processor.py:161} INFO - Processing /c/Airflow/dags/Airflow2_0_De_0_a_Heroe/pyspark_subdag.py took 0.274 seconds
[2023-02-01 16:25:27,613] {processor.py:153} INFO - Started process (PID=13311) to work on /c/Airflow/dags/Airflow2_0_De_0_a_Heroe/pyspark_subdag.py
[2023-02-01 16:25:27,614] {processor.py:641} INFO - Processing file /c/Airflow/dags/Airflow2_0_De_0_a_Heroe/pyspark_subdag.py for tasks to queue
[2023-02-01 16:25:27,615] {logging_mixin.py:115} INFO - [2023-02-01 16:25:27,615] {dagbag.py:507} INFO - Filling up the DagBag from /c/Airflow/dags/Airflow2_0_De_0_a_Heroe/pyspark_subdag.py
[2023-02-01 16:25:27,833] {processor.py:653} WARNING - No viable dags retrieved from /c/Airflow/dags/Airflow2_0_De_0_a_Heroe/pyspark_subdag.py
[2023-02-01 16:25:27,859] {processor.py:161} INFO - Processing /c/Airflow/dags/Airflow2_0_De_0_a_Heroe/pyspark_subdag.py took 0.248 seconds
[2023-02-01 16:25:58,958] {processor.py:153} INFO - Started process (PID=13331) to work on /c/Airflow/dags/Airflow2_0_De_0_a_Heroe/pyspark_subdag.py
[2023-02-01 16:25:58,959] {processor.py:641} INFO - Processing file /c/Airflow/dags/Airflow2_0_De_0_a_Heroe/pyspark_subdag.py for tasks to queue
[2023-02-01 16:25:58,960] {logging_mixin.py:115} INFO - [2023-02-01 16:25:58,960] {dagbag.py:507} INFO - Filling up the DagBag from /c/Airflow/dags/Airflow2_0_De_0_a_Heroe/pyspark_subdag.py
[2023-02-01 16:25:59,164] {processor.py:653} WARNING - No viable dags retrieved from /c/Airflow/dags/Airflow2_0_De_0_a_Heroe/pyspark_subdag.py
[2023-02-01 16:25:59,204] {processor.py:161} INFO - Processing /c/Airflow/dags/Airflow2_0_De_0_a_Heroe/pyspark_subdag.py took 0.248 seconds
[2023-02-01 16:26:30,193] {processor.py:153} INFO - Started process (PID=13351) to work on /c/Airflow/dags/Airflow2_0_De_0_a_Heroe/pyspark_subdag.py
[2023-02-01 16:26:30,194] {processor.py:641} INFO - Processing file /c/Airflow/dags/Airflow2_0_De_0_a_Heroe/pyspark_subdag.py for tasks to queue
[2023-02-01 16:26:30,194] {logging_mixin.py:115} INFO - [2023-02-01 16:26:30,194] {dagbag.py:507} INFO - Filling up the DagBag from /c/Airflow/dags/Airflow2_0_De_0_a_Heroe/pyspark_subdag.py
[2023-02-01 16:26:30,363] {processor.py:653} WARNING - No viable dags retrieved from /c/Airflow/dags/Airflow2_0_De_0_a_Heroe/pyspark_subdag.py
[2023-02-01 16:26:30,383] {processor.py:161} INFO - Processing /c/Airflow/dags/Airflow2_0_De_0_a_Heroe/pyspark_subdag.py took 0.192 seconds
[2023-02-01 16:27:06,506] {processor.py:153} INFO - Started process (PID=13371) to work on /c/Airflow/dags/Airflow2_0_De_0_a_Heroe/pyspark_subdag.py
[2023-02-01 16:27:06,506] {processor.py:641} INFO - Processing file /c/Airflow/dags/Airflow2_0_De_0_a_Heroe/pyspark_subdag.py for tasks to queue
[2023-02-01 16:27:06,507] {logging_mixin.py:115} INFO - [2023-02-01 16:27:06,507] {dagbag.py:507} INFO - Filling up the DagBag from /c/Airflow/dags/Airflow2_0_De_0_a_Heroe/pyspark_subdag.py
[2023-02-01 16:27:06,702] {processor.py:653} WARNING - No viable dags retrieved from /c/Airflow/dags/Airflow2_0_De_0_a_Heroe/pyspark_subdag.py
[2023-02-01 16:27:06,736] {processor.py:161} INFO - Processing /c/Airflow/dags/Airflow2_0_De_0_a_Heroe/pyspark_subdag.py took 0.232 seconds
[2023-02-01 16:27:37,666] {processor.py:153} INFO - Started process (PID=13391) to work on /c/Airflow/dags/Airflow2_0_De_0_a_Heroe/pyspark_subdag.py
[2023-02-01 16:27:37,667] {processor.py:641} INFO - Processing file /c/Airflow/dags/Airflow2_0_De_0_a_Heroe/pyspark_subdag.py for tasks to queue
[2023-02-01 16:27:37,668] {logging_mixin.py:115} INFO - [2023-02-01 16:27:37,667] {dagbag.py:507} INFO - Filling up the DagBag from /c/Airflow/dags/Airflow2_0_De_0_a_Heroe/pyspark_subdag.py
[2023-02-01 16:27:37,840] {processor.py:653} WARNING - No viable dags retrieved from /c/Airflow/dags/Airflow2_0_De_0_a_Heroe/pyspark_subdag.py
[2023-02-01 16:27:37,861] {processor.py:161} INFO - Processing /c/Airflow/dags/Airflow2_0_De_0_a_Heroe/pyspark_subdag.py took 0.197 seconds
[2023-02-01 16:28:08,983] {processor.py:153} INFO - Started process (PID=13457) to work on /c/Airflow/dags/Airflow2_0_De_0_a_Heroe/pyspark_subdag.py
[2023-02-01 16:28:08,984] {processor.py:641} INFO - Processing file /c/Airflow/dags/Airflow2_0_De_0_a_Heroe/pyspark_subdag.py for tasks to queue
[2023-02-01 16:28:08,985] {logging_mixin.py:115} INFO - [2023-02-01 16:28:08,985] {dagbag.py:507} INFO - Filling up the DagBag from /c/Airflow/dags/Airflow2_0_De_0_a_Heroe/pyspark_subdag.py
[2023-02-01 16:28:09,149] {processor.py:653} WARNING - No viable dags retrieved from /c/Airflow/dags/Airflow2_0_De_0_a_Heroe/pyspark_subdag.py
[2023-02-01 16:28:09,171] {processor.py:161} INFO - Processing /c/Airflow/dags/Airflow2_0_De_0_a_Heroe/pyspark_subdag.py took 0.190 seconds
[2023-02-01 16:28:41,386] {processor.py:153} INFO - Started process (PID=13477) to work on /c/Airflow/dags/Airflow2_0_De_0_a_Heroe/pyspark_subdag.py
[2023-02-01 16:28:41,387] {processor.py:641} INFO - Processing file /c/Airflow/dags/Airflow2_0_De_0_a_Heroe/pyspark_subdag.py for tasks to queue
[2023-02-01 16:28:41,388] {logging_mixin.py:115} INFO - [2023-02-01 16:28:41,388] {dagbag.py:507} INFO - Filling up the DagBag from /c/Airflow/dags/Airflow2_0_De_0_a_Heroe/pyspark_subdag.py
[2023-02-01 16:28:41,582] {processor.py:653} WARNING - No viable dags retrieved from /c/Airflow/dags/Airflow2_0_De_0_a_Heroe/pyspark_subdag.py
[2023-02-01 16:28:41,628] {processor.py:161} INFO - Processing /c/Airflow/dags/Airflow2_0_De_0_a_Heroe/pyspark_subdag.py took 0.246 seconds
[2023-02-01 16:29:12,709] {processor.py:153} INFO - Started process (PID=13526) to work on /c/Airflow/dags/Airflow2_0_De_0_a_Heroe/pyspark_subdag.py
[2023-02-01 16:29:12,709] {processor.py:641} INFO - Processing file /c/Airflow/dags/Airflow2_0_De_0_a_Heroe/pyspark_subdag.py for tasks to queue
[2023-02-01 16:29:12,710] {logging_mixin.py:115} INFO - [2023-02-01 16:29:12,710] {dagbag.py:507} INFO - Filling up the DagBag from /c/Airflow/dags/Airflow2_0_De_0_a_Heroe/pyspark_subdag.py
[2023-02-01 16:29:12,878] {processor.py:653} WARNING - No viable dags retrieved from /c/Airflow/dags/Airflow2_0_De_0_a_Heroe/pyspark_subdag.py
[2023-02-01 16:29:12,898] {processor.py:161} INFO - Processing /c/Airflow/dags/Airflow2_0_De_0_a_Heroe/pyspark_subdag.py took 0.192 seconds
[2023-02-01 16:29:43,599] {processor.py:153} INFO - Started process (PID=13546) to work on /c/Airflow/dags/Airflow2_0_De_0_a_Heroe/pyspark_subdag.py
[2023-02-01 16:29:43,600] {processor.py:641} INFO - Processing file /c/Airflow/dags/Airflow2_0_De_0_a_Heroe/pyspark_subdag.py for tasks to queue
[2023-02-01 16:29:43,601] {logging_mixin.py:115} INFO - [2023-02-01 16:29:43,600] {dagbag.py:507} INFO - Filling up the DagBag from /c/Airflow/dags/Airflow2_0_De_0_a_Heroe/pyspark_subdag.py
[2023-02-01 16:29:43,765] {processor.py:653} WARNING - No viable dags retrieved from /c/Airflow/dags/Airflow2_0_De_0_a_Heroe/pyspark_subdag.py
[2023-02-01 16:29:43,792] {processor.py:161} INFO - Processing /c/Airflow/dags/Airflow2_0_De_0_a_Heroe/pyspark_subdag.py took 0.195 seconds
[2023-02-01 17:43:12,508] {processor.py:153} INFO - Started process (PID=13602) to work on /c/Airflow/dags/Airflow2_0_De_0_a_Heroe/pyspark_subdag.py
[2023-02-01 17:43:12,509] {processor.py:641} INFO - Processing file /c/Airflow/dags/Airflow2_0_De_0_a_Heroe/pyspark_subdag.py for tasks to queue
[2023-02-01 17:43:12,509] {logging_mixin.py:115} INFO - [2023-02-01 17:43:12,509] {dagbag.py:507} INFO - Filling up the DagBag from /c/Airflow/dags/Airflow2_0_De_0_a_Heroe/pyspark_subdag.py
[2023-02-01 17:43:12,660] {processor.py:653} WARNING - No viable dags retrieved from /c/Airflow/dags/Airflow2_0_De_0_a_Heroe/pyspark_subdag.py
[2023-02-01 17:43:12,681] {processor.py:161} INFO - Processing /c/Airflow/dags/Airflow2_0_De_0_a_Heroe/pyspark_subdag.py took 0.177 seconds
[2023-02-01 17:43:43,536] {processor.py:153} INFO - Started process (PID=13622) to work on /c/Airflow/dags/Airflow2_0_De_0_a_Heroe/pyspark_subdag.py
[2023-02-01 17:43:43,537] {processor.py:641} INFO - Processing file /c/Airflow/dags/Airflow2_0_De_0_a_Heroe/pyspark_subdag.py for tasks to queue
[2023-02-01 17:43:43,537] {logging_mixin.py:115} INFO - [2023-02-01 17:43:43,537] {dagbag.py:507} INFO - Filling up the DagBag from /c/Airflow/dags/Airflow2_0_De_0_a_Heroe/pyspark_subdag.py
[2023-02-01 17:43:43,702] {processor.py:653} WARNING - No viable dags retrieved from /c/Airflow/dags/Airflow2_0_De_0_a_Heroe/pyspark_subdag.py
[2023-02-01 17:43:43,722] {processor.py:161} INFO - Processing /c/Airflow/dags/Airflow2_0_De_0_a_Heroe/pyspark_subdag.py took 0.188 seconds
[2023-02-01 17:44:14,156] {processor.py:153} INFO - Started process (PID=13642) to work on /c/Airflow/dags/Airflow2_0_De_0_a_Heroe/pyspark_subdag.py
[2023-02-01 17:44:14,156] {processor.py:641} INFO - Processing file /c/Airflow/dags/Airflow2_0_De_0_a_Heroe/pyspark_subdag.py for tasks to queue
[2023-02-01 17:44:14,157] {logging_mixin.py:115} INFO - [2023-02-01 17:44:14,157] {dagbag.py:507} INFO - Filling up the DagBag from /c/Airflow/dags/Airflow2_0_De_0_a_Heroe/pyspark_subdag.py
[2023-02-01 17:44:14,297] {processor.py:653} WARNING - No viable dags retrieved from /c/Airflow/dags/Airflow2_0_De_0_a_Heroe/pyspark_subdag.py
[2023-02-01 17:44:14,313] {processor.py:161} INFO - Processing /c/Airflow/dags/Airflow2_0_De_0_a_Heroe/pyspark_subdag.py took 0.160 seconds
[2023-02-01 17:44:44,769] {processor.py:153} INFO - Started process (PID=13708) to work on /c/Airflow/dags/Airflow2_0_De_0_a_Heroe/pyspark_subdag.py
[2023-02-01 17:44:44,769] {processor.py:641} INFO - Processing file /c/Airflow/dags/Airflow2_0_De_0_a_Heroe/pyspark_subdag.py for tasks to queue
[2023-02-01 17:44:44,770] {logging_mixin.py:115} INFO - [2023-02-01 17:44:44,770] {dagbag.py:507} INFO - Filling up the DagBag from /c/Airflow/dags/Airflow2_0_De_0_a_Heroe/pyspark_subdag.py
[2023-02-01 17:44:44,918] {processor.py:653} WARNING - No viable dags retrieved from /c/Airflow/dags/Airflow2_0_De_0_a_Heroe/pyspark_subdag.py
[2023-02-01 17:44:44,937] {processor.py:161} INFO - Processing /c/Airflow/dags/Airflow2_0_De_0_a_Heroe/pyspark_subdag.py took 0.170 seconds
[2023-02-01 17:45:15,275] {processor.py:153} INFO - Started process (PID=13728) to work on /c/Airflow/dags/Airflow2_0_De_0_a_Heroe/pyspark_subdag.py
[2023-02-01 17:45:15,275] {processor.py:641} INFO - Processing file /c/Airflow/dags/Airflow2_0_De_0_a_Heroe/pyspark_subdag.py for tasks to queue
[2023-02-01 17:45:15,276] {logging_mixin.py:115} INFO - [2023-02-01 17:45:15,276] {dagbag.py:507} INFO - Filling up the DagBag from /c/Airflow/dags/Airflow2_0_De_0_a_Heroe/pyspark_subdag.py
[2023-02-01 17:45:15,442] {processor.py:653} WARNING - No viable dags retrieved from /c/Airflow/dags/Airflow2_0_De_0_a_Heroe/pyspark_subdag.py
[2023-02-01 17:45:15,458] {processor.py:161} INFO - Processing /c/Airflow/dags/Airflow2_0_De_0_a_Heroe/pyspark_subdag.py took 0.185 seconds
[2023-02-01 17:45:48,163] {processor.py:153} INFO - Started process (PID=13794) to work on /c/Airflow/dags/Airflow2_0_De_0_a_Heroe/pyspark_subdag.py
[2023-02-01 17:45:48,164] {processor.py:641} INFO - Processing file /c/Airflow/dags/Airflow2_0_De_0_a_Heroe/pyspark_subdag.py for tasks to queue
[2023-02-01 17:45:48,165] {logging_mixin.py:115} INFO - [2023-02-01 17:45:48,165] {dagbag.py:507} INFO - Filling up the DagBag from /c/Airflow/dags/Airflow2_0_De_0_a_Heroe/pyspark_subdag.py
[2023-02-01 17:45:48,368] {processor.py:653} WARNING - No viable dags retrieved from /c/Airflow/dags/Airflow2_0_De_0_a_Heroe/pyspark_subdag.py
[2023-02-01 17:45:48,386] {processor.py:161} INFO - Processing /c/Airflow/dags/Airflow2_0_De_0_a_Heroe/pyspark_subdag.py took 0.225 seconds
[2023-02-01 17:46:19,142] {processor.py:153} INFO - Started process (PID=13814) to work on /c/Airflow/dags/Airflow2_0_De_0_a_Heroe/pyspark_subdag.py
[2023-02-01 17:46:19,143] {processor.py:641} INFO - Processing file /c/Airflow/dags/Airflow2_0_De_0_a_Heroe/pyspark_subdag.py for tasks to queue
[2023-02-01 17:46:19,144] {logging_mixin.py:115} INFO - [2023-02-01 17:46:19,144] {dagbag.py:507} INFO - Filling up the DagBag from /c/Airflow/dags/Airflow2_0_De_0_a_Heroe/pyspark_subdag.py
[2023-02-01 17:46:19,343] {processor.py:653} WARNING - No viable dags retrieved from /c/Airflow/dags/Airflow2_0_De_0_a_Heroe/pyspark_subdag.py
[2023-02-01 17:46:19,371] {processor.py:161} INFO - Processing /c/Airflow/dags/Airflow2_0_De_0_a_Heroe/pyspark_subdag.py took 0.230 seconds
[2023-02-01 17:46:50,330] {processor.py:153} INFO - Started process (PID=13834) to work on /c/Airflow/dags/Airflow2_0_De_0_a_Heroe/pyspark_subdag.py
[2023-02-01 17:46:50,331] {processor.py:641} INFO - Processing file /c/Airflow/dags/Airflow2_0_De_0_a_Heroe/pyspark_subdag.py for tasks to queue
[2023-02-01 17:46:50,333] {logging_mixin.py:115} INFO - [2023-02-01 17:46:50,332] {dagbag.py:507} INFO - Filling up the DagBag from /c/Airflow/dags/Airflow2_0_De_0_a_Heroe/pyspark_subdag.py
[2023-02-01 17:46:50,489] {processor.py:653} WARNING - No viable dags retrieved from /c/Airflow/dags/Airflow2_0_De_0_a_Heroe/pyspark_subdag.py
[2023-02-01 17:46:50,511] {processor.py:161} INFO - Processing /c/Airflow/dags/Airflow2_0_De_0_a_Heroe/pyspark_subdag.py took 0.183 seconds
[2023-02-01 17:50:11,869] {processor.py:153} INFO - Started process (PID=13966) to work on /c/Airflow/dags/Airflow2_0_De_0_a_Heroe/pyspark_subdag.py
[2023-02-01 17:50:11,870] {processor.py:641} INFO - Processing file /c/Airflow/dags/Airflow2_0_De_0_a_Heroe/pyspark_subdag.py for tasks to queue
[2023-02-01 17:50:11,871] {logging_mixin.py:115} INFO - [2023-02-01 17:50:11,871] {dagbag.py:507} INFO - Filling up the DagBag from /c/Airflow/dags/Airflow2_0_De_0_a_Heroe/pyspark_subdag.py
[2023-02-01 17:50:12,130] {processor.py:653} WARNING - No viable dags retrieved from /c/Airflow/dags/Airflow2_0_De_0_a_Heroe/pyspark_subdag.py
[2023-02-01 17:50:12,150] {processor.py:161} INFO - Processing /c/Airflow/dags/Airflow2_0_De_0_a_Heroe/pyspark_subdag.py took 0.283 seconds
[2023-02-01 17:51:10,067] {processor.py:153} INFO - Started process (PID=14001) to work on /c/Airflow/dags/Airflow2_0_De_0_a_Heroe/pyspark_subdag.py
[2023-02-01 17:51:10,067] {processor.py:641} INFO - Processing file /c/Airflow/dags/Airflow2_0_De_0_a_Heroe/pyspark_subdag.py for tasks to queue
[2023-02-01 17:51:10,068] {logging_mixin.py:115} INFO - [2023-02-01 17:51:10,068] {dagbag.py:507} INFO - Filling up the DagBag from /c/Airflow/dags/Airflow2_0_De_0_a_Heroe/pyspark_subdag.py
[2023-02-01 17:51:10,304] {processor.py:653} WARNING - No viable dags retrieved from /c/Airflow/dags/Airflow2_0_De_0_a_Heroe/pyspark_subdag.py
[2023-02-01 17:51:10,320] {processor.py:161} INFO - Processing /c/Airflow/dags/Airflow2_0_De_0_a_Heroe/pyspark_subdag.py took 0.255 seconds
[2023-02-01 17:51:40,500] {processor.py:153} INFO - Started process (PID=14021) to work on /c/Airflow/dags/Airflow2_0_De_0_a_Heroe/pyspark_subdag.py
[2023-02-01 17:51:40,501] {processor.py:641} INFO - Processing file /c/Airflow/dags/Airflow2_0_De_0_a_Heroe/pyspark_subdag.py for tasks to queue
[2023-02-01 17:51:40,501] {logging_mixin.py:115} INFO - [2023-02-01 17:51:40,501] {dagbag.py:507} INFO - Filling up the DagBag from /c/Airflow/dags/Airflow2_0_De_0_a_Heroe/pyspark_subdag.py
[2023-02-01 17:51:40,712] {processor.py:653} WARNING - No viable dags retrieved from /c/Airflow/dags/Airflow2_0_De_0_a_Heroe/pyspark_subdag.py
[2023-02-01 17:51:40,728] {processor.py:161} INFO - Processing /c/Airflow/dags/Airflow2_0_De_0_a_Heroe/pyspark_subdag.py took 0.229 seconds
[2023-02-01 17:52:11,271] {processor.py:153} INFO - Started process (PID=14041) to work on /c/Airflow/dags/Airflow2_0_De_0_a_Heroe/pyspark_subdag.py
[2023-02-01 17:52:11,272] {processor.py:641} INFO - Processing file /c/Airflow/dags/Airflow2_0_De_0_a_Heroe/pyspark_subdag.py for tasks to queue
[2023-02-01 17:52:11,273] {logging_mixin.py:115} INFO - [2023-02-01 17:52:11,273] {dagbag.py:507} INFO - Filling up the DagBag from /c/Airflow/dags/Airflow2_0_De_0_a_Heroe/pyspark_subdag.py
[2023-02-01 17:52:11,500] {processor.py:653} WARNING - No viable dags retrieved from /c/Airflow/dags/Airflow2_0_De_0_a_Heroe/pyspark_subdag.py
[2023-02-01 17:52:11,516] {processor.py:161} INFO - Processing /c/Airflow/dags/Airflow2_0_De_0_a_Heroe/pyspark_subdag.py took 0.246 seconds
[2023-02-01 17:52:41,805] {processor.py:153} INFO - Started process (PID=14061) to work on /c/Airflow/dags/Airflow2_0_De_0_a_Heroe/pyspark_subdag.py
[2023-02-01 17:52:41,806] {processor.py:641} INFO - Processing file /c/Airflow/dags/Airflow2_0_De_0_a_Heroe/pyspark_subdag.py for tasks to queue
[2023-02-01 17:52:41,807] {logging_mixin.py:115} INFO - [2023-02-01 17:52:41,807] {dagbag.py:507} INFO - Filling up the DagBag from /c/Airflow/dags/Airflow2_0_De_0_a_Heroe/pyspark_subdag.py
[2023-02-01 17:52:42,030] {processor.py:653} WARNING - No viable dags retrieved from /c/Airflow/dags/Airflow2_0_De_0_a_Heroe/pyspark_subdag.py
[2023-02-01 17:52:42,044] {processor.py:161} INFO - Processing /c/Airflow/dags/Airflow2_0_De_0_a_Heroe/pyspark_subdag.py took 0.241 seconds
[2023-02-01 17:53:12,272] {processor.py:153} INFO - Started process (PID=14081) to work on /c/Airflow/dags/Airflow2_0_De_0_a_Heroe/pyspark_subdag.py
[2023-02-01 17:53:12,273] {processor.py:641} INFO - Processing file /c/Airflow/dags/Airflow2_0_De_0_a_Heroe/pyspark_subdag.py for tasks to queue
[2023-02-01 17:53:12,273] {logging_mixin.py:115} INFO - [2023-02-01 17:53:12,273] {dagbag.py:507} INFO - Filling up the DagBag from /c/Airflow/dags/Airflow2_0_De_0_a_Heroe/pyspark_subdag.py
[2023-02-01 17:53:12,511] {processor.py:653} WARNING - No viable dags retrieved from /c/Airflow/dags/Airflow2_0_De_0_a_Heroe/pyspark_subdag.py
[2023-02-01 17:53:12,526] {processor.py:161} INFO - Processing /c/Airflow/dags/Airflow2_0_De_0_a_Heroe/pyspark_subdag.py took 0.256 seconds
[2023-02-01 17:56:33,550] {processor.py:153} INFO - Started process (PID=14160) to work on /c/Airflow/dags/Airflow2_0_De_0_a_Heroe/pyspark_subdag.py
[2023-02-01 17:56:33,550] {processor.py:641} INFO - Processing file /c/Airflow/dags/Airflow2_0_De_0_a_Heroe/pyspark_subdag.py for tasks to queue
[2023-02-01 17:56:33,551] {logging_mixin.py:115} INFO - [2023-02-01 17:56:33,551] {dagbag.py:507} INFO - Filling up the DagBag from /c/Airflow/dags/Airflow2_0_De_0_a_Heroe/pyspark_subdag.py
[2023-02-01 17:56:33,790] {processor.py:653} WARNING - No viable dags retrieved from /c/Airflow/dags/Airflow2_0_De_0_a_Heroe/pyspark_subdag.py
[2023-02-01 17:56:33,810] {processor.py:161} INFO - Processing /c/Airflow/dags/Airflow2_0_De_0_a_Heroe/pyspark_subdag.py took 0.263 seconds
[2023-02-01 17:57:34,911] {processor.py:153} INFO - Started process (PID=14194) to work on /c/Airflow/dags/Airflow2_0_De_0_a_Heroe/pyspark_subdag.py
[2023-02-01 17:57:34,912] {processor.py:641} INFO - Processing file /c/Airflow/dags/Airflow2_0_De_0_a_Heroe/pyspark_subdag.py for tasks to queue
[2023-02-01 17:57:34,913] {logging_mixin.py:115} INFO - [2023-02-01 17:57:34,913] {dagbag.py:507} INFO - Filling up the DagBag from /c/Airflow/dags/Airflow2_0_De_0_a_Heroe/pyspark_subdag.py
[2023-02-01 17:57:35,171] {processor.py:653} WARNING - No viable dags retrieved from /c/Airflow/dags/Airflow2_0_De_0_a_Heroe/pyspark_subdag.py
[2023-02-01 17:57:35,190] {processor.py:161} INFO - Processing /c/Airflow/dags/Airflow2_0_De_0_a_Heroe/pyspark_subdag.py took 0.281 seconds
[2023-02-01 17:58:06,367] {processor.py:153} INFO - Started process (PID=14214) to work on /c/Airflow/dags/Airflow2_0_De_0_a_Heroe/pyspark_subdag.py
[2023-02-01 17:58:06,368] {processor.py:641} INFO - Processing file /c/Airflow/dags/Airflow2_0_De_0_a_Heroe/pyspark_subdag.py for tasks to queue
[2023-02-01 17:58:06,369] {logging_mixin.py:115} INFO - [2023-02-01 17:58:06,369] {dagbag.py:507} INFO - Filling up the DagBag from /c/Airflow/dags/Airflow2_0_De_0_a_Heroe/pyspark_subdag.py
[2023-02-01 17:58:06,629] {processor.py:653} WARNING - No viable dags retrieved from /c/Airflow/dags/Airflow2_0_De_0_a_Heroe/pyspark_subdag.py
[2023-02-01 17:58:06,647] {processor.py:161} INFO - Processing /c/Airflow/dags/Airflow2_0_De_0_a_Heroe/pyspark_subdag.py took 0.282 seconds
[2023-02-01 17:58:37,021] {processor.py:153} INFO - Started process (PID=14234) to work on /c/Airflow/dags/Airflow2_0_De_0_a_Heroe/pyspark_subdag.py
[2023-02-01 17:58:37,022] {processor.py:641} INFO - Processing file /c/Airflow/dags/Airflow2_0_De_0_a_Heroe/pyspark_subdag.py for tasks to queue
[2023-02-01 17:58:37,023] {logging_mixin.py:115} INFO - [2023-02-01 17:58:37,022] {dagbag.py:507} INFO - Filling up the DagBag from /c/Airflow/dags/Airflow2_0_De_0_a_Heroe/pyspark_subdag.py
[2023-02-01 17:58:37,248] {processor.py:653} WARNING - No viable dags retrieved from /c/Airflow/dags/Airflow2_0_De_0_a_Heroe/pyspark_subdag.py
[2023-02-01 17:58:37,267] {processor.py:161} INFO - Processing /c/Airflow/dags/Airflow2_0_De_0_a_Heroe/pyspark_subdag.py took 0.248 seconds
[2023-02-01 17:59:07,561] {processor.py:153} INFO - Started process (PID=14254) to work on /c/Airflow/dags/Airflow2_0_De_0_a_Heroe/pyspark_subdag.py
[2023-02-01 17:59:07,562] {processor.py:641} INFO - Processing file /c/Airflow/dags/Airflow2_0_De_0_a_Heroe/pyspark_subdag.py for tasks to queue
[2023-02-01 17:59:07,563] {logging_mixin.py:115} INFO - [2023-02-01 17:59:07,563] {dagbag.py:507} INFO - Filling up the DagBag from /c/Airflow/dags/Airflow2_0_De_0_a_Heroe/pyspark_subdag.py
[2023-02-01 17:59:07,790] {processor.py:653} WARNING - No viable dags retrieved from /c/Airflow/dags/Airflow2_0_De_0_a_Heroe/pyspark_subdag.py
[2023-02-01 17:59:07,807] {processor.py:161} INFO - Processing /c/Airflow/dags/Airflow2_0_De_0_a_Heroe/pyspark_subdag.py took 0.248 seconds
[2023-02-01 17:59:38,916] {processor.py:153} INFO - Started process (PID=14274) to work on /c/Airflow/dags/Airflow2_0_De_0_a_Heroe/pyspark_subdag.py
[2023-02-01 17:59:38,919] {processor.py:641} INFO - Processing file /c/Airflow/dags/Airflow2_0_De_0_a_Heroe/pyspark_subdag.py for tasks to queue
[2023-02-01 17:59:38,920] {logging_mixin.py:115} INFO - [2023-02-01 17:59:38,920] {dagbag.py:507} INFO - Filling up the DagBag from /c/Airflow/dags/Airflow2_0_De_0_a_Heroe/pyspark_subdag.py
[2023-02-01 17:59:39,149] {processor.py:653} WARNING - No viable dags retrieved from /c/Airflow/dags/Airflow2_0_De_0_a_Heroe/pyspark_subdag.py
[2023-02-01 17:59:39,169] {processor.py:161} INFO - Processing /c/Airflow/dags/Airflow2_0_De_0_a_Heroe/pyspark_subdag.py took 0.255 seconds
