[2023-02-13 18:00:01,493] {taskinstance.py:1159} INFO - Dependencies all met for <TaskInstance: 6_dataproc_airflow.create_cluster scheduled__2023-02-13T00:00:00+00:00 [queued]>
[2023-02-13 18:00:01,499] {taskinstance.py:1159} INFO - Dependencies all met for <TaskInstance: 6_dataproc_airflow.create_cluster scheduled__2023-02-13T00:00:00+00:00 [queued]>
[2023-02-13 18:00:01,499] {taskinstance.py:1356} INFO - 
--------------------------------------------------------------------------------
[2023-02-13 18:00:01,500] {taskinstance.py:1357} INFO - Starting attempt 1 of 1
[2023-02-13 18:00:01,500] {taskinstance.py:1358} INFO - 
--------------------------------------------------------------------------------
[2023-02-13 18:00:01,508] {taskinstance.py:1377} INFO - Executing <Task(DataprocCreateClusterOperator): create_cluster> on 2023-02-13 00:00:00+00:00
[2023-02-13 18:00:01,510] {standard_task_runner.py:52} INFO - Started process 282362 to run task
[2023-02-13 18:00:01,512] {standard_task_runner.py:79} INFO - Running: ['***', 'tasks', 'run', '6_dataproc_***', 'create_cluster', 'scheduled__2023-02-13T00:00:00+00:00', '--job-id', '171', '--raw', '--subdir', 'DAGS_FOLDER/Airflow2_0_De_0_a_Heroe/6_dataproc_***.py', '--cfg-path', '/tmp/tmpf39lpybb', '--error-file', '/tmp/tmp_58t1umy']
[2023-02-13 18:00:01,514] {standard_task_runner.py:80} INFO - Job 171: Subtask create_cluster
[2023-02-13 18:00:01,557] {task_command.py:369} INFO - Running <TaskInstance: 6_dataproc_airflow.create_cluster scheduled__2023-02-13T00:00:00+00:00 [running]> on host Tinmar.
[2023-02-13 18:00:01,603] {taskinstance.py:1569} INFO - Exporting the following env vars:
AIRFLOW_CTX_DAG_OWNER=David S
AIRFLOW_CTX_DAG_ID=6_dataproc_***
AIRFLOW_CTX_TASK_ID=create_cluster
AIRFLOW_CTX_EXECUTION_DATE=2023-02-13T00:00:00+00:00
AIRFLOW_CTX_TRY_NUMBER=1
AIRFLOW_CTX_DAG_RUN_ID=scheduled__2023-02-13T00:00:00+00:00
[2023-02-13 18:00:01,606] {dataproc.py:591} INFO - Creating cluster: ***-spark-cluster
[2023-02-13 18:00:01,616] {base.py:68} INFO - Using connection ID 'google_cloud_default' for task execution.
[2023-02-13 18:02:44,756] {dataproc.py:535} INFO - Cluster created.
[2023-02-13 18:02:44,785] {taskinstance.py:1395} INFO - Marking task as SUCCESS. dag_id=6_dataproc_***, task_id=create_cluster, execution_date=20230213T000000, start_date=20230214T000001, end_date=20230214T000244
[2023-02-13 18:02:44,814] {local_task_job.py:156} INFO - Task exited with return code 0
