2023-02-08 14:22:08,548 INFO - Starting the scheduler
2023-02-08 14:22:08,549 INFO - Processing each file at most -1 times
2023-02-08 14:22:08,552 INFO - Loaded executor: SequentialExecutor
2023-02-08 14:22:08,554 INFO - Launched DagFileProcessorManager with pid: 1913
2023-02-08 14:22:08,555 INFO - Resetting orphaned tasks for active dag runs
2023-02-08 14:22:08,559 INFO - Configured default timezone Timezone('UTC')
2023-02-08 14:27:09,167 INFO - Resetting orphaned tasks for active dag runs
2023-02-08 14:32:09,299 INFO - Resetting orphaned tasks for active dag runs
2023-02-08 14:37:09,401 INFO - Resetting orphaned tasks for active dag runs
2023-02-08 14:42:10,182 INFO - Resetting orphaned tasks for active dag runs
2023-02-08 14:47:10,311 INFO - Resetting orphaned tasks for active dag runs
2023-02-08 14:52:10,485 INFO - Resetting orphaned tasks for active dag runs
2023-02-08 14:57:11,099 INFO - Resetting orphaned tasks for active dag runs
2023-02-08 15:02:11,255 INFO - Resetting orphaned tasks for active dag runs
2023-02-08 15:07:11,422 INFO - Resetting orphaned tasks for active dag runs
2023-02-08 15:12:12,212 INFO - Resetting orphaned tasks for active dag runs
2023-02-08 15:17:13,031 INFO - Resetting orphaned tasks for active dag runs
2023-02-08 15:22:13,148 INFO - Resetting orphaned tasks for active dag runs
2023-02-08 15:27:13,508 INFO - Resetting orphaned tasks for active dag runs
2023-02-08 15:32:13,936 INFO - Resetting orphaned tasks for active dag runs
2023-02-08 15:37:14,312 INFO - Resetting orphaned tasks for active dag runs
2023-02-08 15:42:14,442 INFO - Resetting orphaned tasks for active dag runs
2023-02-08 15:47:14,832 INFO - Resetting orphaned tasks for active dag runs
2023-02-08 15:52:14,972 INFO - Resetting orphaned tasks for active dag runs
2023-02-08 15:57:15,666 INFO - Resetting orphaned tasks for active dag runs
2023-02-08 16:02:16,382 INFO - Resetting orphaned tasks for active dag runs
