[2023-01-31 17:13:55,720] {taskinstance.py:1159} INFO - Dependencies all met for <TaskInstance: 0_airflow_macro.python_task scheduled__2023-01-31T00:00:00+00:00 [queued]>
[2023-01-31 17:13:55,731] {taskinstance.py:1159} INFO - Dependencies all met for <TaskInstance: 0_airflow_macro.python_task scheduled__2023-01-31T00:00:00+00:00 [queued]>
[2023-01-31 17:13:55,732] {taskinstance.py:1356} INFO - 
--------------------------------------------------------------------------------
[2023-01-31 17:13:55,732] {taskinstance.py:1357} INFO - Starting attempt 1 of 1
[2023-01-31 17:13:55,733] {taskinstance.py:1358} INFO - 
--------------------------------------------------------------------------------
[2023-01-31 17:13:55,757] {taskinstance.py:1377} INFO - Executing <Task(PythonOperator): python_task> on 2023-01-31 00:00:00+00:00
[2023-01-31 17:13:55,758] {standard_task_runner.py:52} INFO - Started process 13479 to run task
[2023-01-31 17:13:55,760] {standard_task_runner.py:79} INFO - Running: ['airflow', 'tasks', 'run', '0_airflow_macro', 'python_task', 'scheduled__2023-01-31T00:00:00+00:00', '--job-id', '85', '--raw', '--subdir', 'DAGS_FOLDER/Airflow2.0-De-0-a-Heroe/0_airflow_macro.py', '--cfg-path', '/tmp/tmp3sqxtwky', '--error-file', '/tmp/tmpjgc58cuj']
[2023-01-31 17:13:55,761] {standard_task_runner.py:80} INFO - Job 85: Subtask python_task
[2023-01-31 17:13:55,820] {task_command.py:369} INFO - Running <TaskInstance: 0_airflow_macro.python_task scheduled__2023-01-31T00:00:00+00:00 [running]> on host Tinmar.
[2023-01-31 17:13:55,925] {taskinstance.py:1569} INFO - Exporting the following env vars:
AIRFLOW_CTX_DAG_OWNER=David S
AIRFLOW_CTX_DAG_ID=0_airflow_macro
AIRFLOW_CTX_TASK_ID=python_task
AIRFLOW_CTX_EXECUTION_DATE=2023-01-31T00:00:00+00:00
AIRFLOW_CTX_TRY_NUMBER=1
AIRFLOW_CTX_DAG_RUN_ID=scheduled__2023-01-31T00:00:00+00:00
[2023-01-31 17:13:55,926] {logging_mixin.py:115} INFO - ESTE ES EL RANDOM NUMBER 1 0.7825347930333919
[2023-01-31 17:13:55,926] {logging_mixin.py:115} INFO - ESTE ES EL RANDOM NUMBER 2 0.766676753971281
[2023-01-31 17:13:55,927] {logging_mixin.py:115} INFO - ESTE ES EL RANDOM NUMBER 3 0.23354482359085926
[2023-01-31 17:13:55,927] {logging_mixin.py:115} INFO - ESTE ES EL RANDOM NUMBER 4 0.13470332659851192
[2023-01-31 17:13:55,927] {logging_mixin.py:115} INFO - ESTE ES EL RANDOM NUMBER 5 0.09703241561959752
[2023-01-31 17:13:55,927] {logging_mixin.py:115} INFO - ESTE ES EL RANDOM NUMBER 6 0.18284347732395445
[2023-01-31 17:13:55,928] {logging_mixin.py:115} INFO - ESTE ES EL RANDOM NUMBER 7 0.062372493568452425
[2023-01-31 17:13:55,928] {logging_mixin.py:115} INFO - ESTE ES EL RANDOM NUMBER 8 0.6637880205217085
[2023-01-31 17:13:55,928] {logging_mixin.py:115} INFO - ESTE ES EL RANDOM NUMBER 9 0.6759398881339196
[2023-01-31 17:13:55,929] {logging_mixin.py:115} INFO - ESTE ES EL RANDOM NUMBER 10 0.6462067980907223
[2023-01-31 17:13:55,929] {python.py:173} INFO - Done. Returned value was: None
[2023-01-31 17:13:55,940] {taskinstance.py:1395} INFO - Marking task as SUCCESS. dag_id=0_airflow_macro, task_id=python_task, execution_date=20230131T000000, start_date=20230201T001355, end_date=20230201T001355
[2023-01-31 17:13:55,973] {local_task_job.py:156} INFO - Task exited with return code 0
[2023-01-31 17:13:56,000] {local_task_job.py:273} INFO - 0 downstream tasks scheduled from follow-on schedule check
