[2023-02-13 11:38:19,944] {taskinstance.py:1159} INFO - Dependencies all met for <TaskInstance: xcoms_cuarto_dag.bash_op manual__2023-02-13T17:38:16.491470+00:00 [queued]>
[2023-02-13 11:38:19,950] {taskinstance.py:1159} INFO - Dependencies all met for <TaskInstance: xcoms_cuarto_dag.bash_op manual__2023-02-13T17:38:16.491470+00:00 [queued]>
[2023-02-13 11:38:19,950] {taskinstance.py:1356} INFO - 
--------------------------------------------------------------------------------
[2023-02-13 11:38:19,951] {taskinstance.py:1357} INFO - Starting attempt 1 of 1
[2023-02-13 11:38:19,952] {taskinstance.py:1358} INFO - 
--------------------------------------------------------------------------------
[2023-02-13 11:38:19,959] {taskinstance.py:1377} INFO - Executing <Task(BashOperator): bash_op> on 2023-02-13 17:38:16.491470+00:00
[2023-02-13 11:38:19,962] {standard_task_runner.py:52} INFO - Started process 86998 to run task
[2023-02-13 11:38:19,964] {standard_task_runner.py:79} INFO - Running: ['***', 'tasks', 'run', 'xcoms_cuarto_dag', 'bash_op', 'manual__2023-02-13T17:38:16.491470+00:00', '--job-id', '114', '--raw', '--subdir', 'DAGS_FOLDER/Apache_Airflow/xcoms_cuarto_dag.py', '--cfg-path', '/tmp/tmp9i56hi13', '--error-file', '/tmp/tmpjdpy1l6z']
[2023-02-13 11:38:19,965] {standard_task_runner.py:80} INFO - Job 114: Subtask bash_op
[2023-02-13 11:38:20,008] {task_command.py:369} INFO - Running <TaskInstance: xcoms_cuarto_dag.bash_op manual__2023-02-13T17:38:16.491470+00:00 [running]> on host Tinmar.
[2023-02-13 11:38:20,055] {taskinstance.py:1569} INFO - Exporting the following env vars:
AIRFLOW_CTX_DAG_OWNER=Tinmar
AIRFLOW_CTX_DAG_ID=xcoms_cuarto_dag
AIRFLOW_CTX_TASK_ID=bash_op
AIRFLOW_CTX_EXECUTION_DATE=2023-02-13T17:38:16.491470+00:00
AIRFLOW_CTX_TRY_NUMBER=1
AIRFLOW_CTX_DAG_RUN_ID=manual__2023-02-13T17:38:16.491470+00:00
[2023-02-13 11:38:20,056] {subprocess.py:62} INFO - Tmp dir root location: 
 /tmp
[2023-02-13 11:38:20,057] {subprocess.py:74} INFO - Running command: ['bash', '-c', 'echo Prueba Bash']
[2023-02-13 11:38:20,061] {subprocess.py:85} INFO - Output:
[2023-02-13 11:38:20,063] {subprocess.py:92} INFO - Prueba Bash
[2023-02-13 11:38:20,063] {subprocess.py:96} INFO - Command exited with return code 0
[2023-02-13 11:38:20,085] {taskinstance.py:1395} INFO - Marking task as SUCCESS. dag_id=xcoms_cuarto_dag, task_id=bash_op, execution_date=20230213T173816, start_date=20230213T173819, end_date=20230213T173820
[2023-02-13 11:38:20,099] {local_task_job.py:156} INFO - Task exited with return code 0
[2023-02-13 11:38:20,123] {local_task_job.py:273} INFO - 1 downstream tasks scheduled from follow-on schedule check
