[2023-02-01 11:49:44,099] {taskinstance.py:1159} INFO - Dependencies all met for <TaskInstance: 4_jinja_airflowmacros.move_files scheduled__2023-01-31T00:00:00+00:00 [queued]>
[2023-02-01 11:49:44,112] {taskinstance.py:1159} INFO - Dependencies all met for <TaskInstance: 4_jinja_airflowmacros.move_files scheduled__2023-01-31T00:00:00+00:00 [queued]>
[2023-02-01 11:49:44,112] {taskinstance.py:1356} INFO - 
--------------------------------------------------------------------------------
[2023-02-01 11:49:44,114] {taskinstance.py:1357} INFO - Starting attempt 1 of 1
[2023-02-01 11:49:44,115] {taskinstance.py:1358} INFO - 
--------------------------------------------------------------------------------
[2023-02-01 11:49:44,142] {taskinstance.py:1377} INFO - Executing <Task(PythonOperator): move_files> on 2023-01-31 00:00:00+00:00
[2023-02-01 11:49:44,146] {standard_task_runner.py:52} INFO - Started process 2681 to run task
[2023-02-01 11:49:44,147] {standard_task_runner.py:79} INFO - Running: ['airflow', 'tasks', 'run', '4_jinja_airflowmacros', 'move_files', 'scheduled__2023-01-31T00:00:00+00:00', '--job-id', '109', '--raw', '--subdir', 'DAGS_FOLDER/Airflow2.0-De-0-a-Heroe/4_jinja_airflowmacros.py', '--cfg-path', '/tmp/tmpsihtyew6', '--error-file', '/tmp/tmp0hxbg4at']
[2023-02-01 11:49:44,149] {standard_task_runner.py:80} INFO - Job 109: Subtask move_files
[2023-02-01 11:49:44,238] {task_command.py:369} INFO - Running <TaskInstance: 4_jinja_airflowmacros.move_files scheduled__2023-01-31T00:00:00+00:00 [running]> on host Tinmar.
[2023-02-01 11:49:44,359] {taskinstance.py:1569} INFO - Exporting the following env vars:
AIRFLOW_CTX_DAG_OWNER=David Sanchez
AIRFLOW_CTX_DAG_ID=4_jinja_airflowmacros
AIRFLOW_CTX_TASK_ID=move_files
AIRFLOW_CTX_EXECUTION_DATE=2023-01-31T00:00:00+00:00
AIRFLOW_CTX_TRY_NUMBER=1
AIRFLOW_CTX_DAG_RUN_ID=scheduled__2023-01-31T00:00:00+00:00
[2023-02-01 11:49:44,375] {python.py:173} INFO - Done. Returned value was: None
[2023-02-01 11:49:44,388] {taskinstance.py:1395} INFO - Marking task as SUCCESS. dag_id=4_jinja_airflowmacros, task_id=move_files, execution_date=20230131T000000, start_date=20230201T174944, end_date=20230201T174944
[2023-02-01 11:49:44,442] {local_task_job.py:156} INFO - Task exited with return code 0
[2023-02-01 11:49:44,484] {local_task_job.py:273} INFO - 0 downstream tasks scheduled from follow-on schedule check
