[2023-02-17T12:25:22.545-0600] {taskinstance.py:1165} INFO - Dependencies all met for <TaskInstance: 1.6.1_user_processing.create_table scheduled__2023-02-16T00:00:00+00:00 [queued]>
[2023-02-17T12:25:22.554-0600] {taskinstance.py:1165} INFO - Dependencies all met for <TaskInstance: 1.6.1_user_processing.create_table scheduled__2023-02-16T00:00:00+00:00 [queued]>
[2023-02-17T12:25:22.555-0600] {taskinstance.py:1362} INFO - 
--------------------------------------------------------------------------------
[2023-02-17T12:25:22.556-0600] {taskinstance.py:1363} INFO - Starting attempt 1 of 1
[2023-02-17T12:25:22.557-0600] {taskinstance.py:1364} INFO - 
--------------------------------------------------------------------------------
[2023-02-17T12:25:22.566-0600] {taskinstance.py:1383} INFO - Executing <Task(PostgresOperator): create_table> on 2023-02-16 00:00:00+00:00
[2023-02-17T12:25:22.570-0600] {standard_task_runner.py:54} INFO - Started process 134138 to run task
[2023-02-17T12:25:22.572-0600] {standard_task_runner.py:82} INFO - Running: ['***', 'tasks', 'run', '1.6.1_user_processing', 'create_table', 'scheduled__2023-02-16T00:00:00+00:00', '--job-id', '394', '--raw', '--subdir', 'DAGS_FOLDER/Introduction_to_Apache_Airflow/1.6.1_user_processing.py', '--cfg-path', '/tmp/tmp2379v968']
[2023-02-17T12:25:22.574-0600] {standard_task_runner.py:83} INFO - Job 394: Subtask create_table
[2023-02-17T12:25:22.575-0600] {dagbag.py:525} INFO - Filling up the DagBag from /c/Airflow/dags/Introduction_to_Apache_Airflow/1.6.1_user_processing.py
[2023-02-17T12:25:22.921-0600] {task_command.py:384} INFO - Running <TaskInstance: 1.6.1_user_processing.create_table scheduled__2023-02-16T00:00:00+00:00 [running]> on host Tinmar.
[2023-02-17T12:25:22.984-0600] {taskinstance.py:1590} INFO - Exporting the following env vars:
AIRFLOW_CTX_DAG_OWNER=Tinmar
AIRFLOW_CTX_DAG_ID=1.6.1_user_processing
AIRFLOW_CTX_TASK_ID=create_table
AIRFLOW_CTX_EXECUTION_DATE=2023-02-16T00:00:00+00:00
AIRFLOW_CTX_TRY_NUMBER=1
AIRFLOW_CTX_DAG_RUN_ID=scheduled__2023-02-16T00:00:00+00:00
[2023-02-17T12:25:22.985-0600] {sql.py:254} INFO - Executing: 
                                        CREATE TABLE IF NOT EXISTS users (
                                            firstname TEXT NOT NULL,
                                            lastname TEXT NOT NULL,
                                            country TEXT NOT NULL,
                                            username TEXT NOT NULL,
                                            password TEXT NOT NULL,
                                            email TEXT NOT NULL
                                        );
                                    
[2023-02-17T12:25:22.999-0600] {base.py:71} INFO - Using connection ID 'postgres' for task execution.
[2023-02-17T12:25:23.230-0600] {base.py:71} INFO - Using connection ID 'postgres' for task execution.
[2023-02-17T12:25:23.237-0600] {sql.py:375} INFO - Running statement: 
                                        CREATE TABLE IF NOT EXISTS users (
                                            firstname TEXT NOT NULL,
                                            lastname TEXT NOT NULL,
                                            country TEXT NOT NULL,
                                            username TEXT NOT NULL,
                                            password TEXT NOT NULL,
                                            email TEXT NOT NULL
                                        );
                                    , parameters: None
[2023-02-17T12:25:23.264-0600] {taskinstance.py:1401} INFO - Marking task as SUCCESS. dag_id=1.6.1_user_processing, task_id=create_table, execution_date=20230216T000000, start_date=20230217T182522, end_date=20230217T182523
[2023-02-17T12:25:23.314-0600] {local_task_job.py:164} INFO - Task exited with return code 0
[2023-02-17T12:25:23.342-0600] {local_task_job.py:273} INFO - 1 downstream tasks scheduled from follow-on schedule check
