[2023-02-02 10:08:41,587] {taskinstance.py:1159} INFO - Dependencies all met for <TaskInstance: 6_dataproc_airflow.iden_number manual__2023-02-02T00:11:53.728323+00:00 [queued]>
[2023-02-02 10:08:41,601] {taskinstance.py:1159} INFO - Dependencies all met for <TaskInstance: 6_dataproc_airflow.iden_number manual__2023-02-02T00:11:53.728323+00:00 [queued]>
[2023-02-02 10:08:41,601] {taskinstance.py:1356} INFO - 
--------------------------------------------------------------------------------
[2023-02-02 10:08:41,603] {taskinstance.py:1357} INFO - Starting attempt 3 of 3
[2023-02-02 10:08:41,604] {taskinstance.py:1358} INFO - 
--------------------------------------------------------------------------------
[2023-02-02 10:08:41,632] {taskinstance.py:1377} INFO - Executing <Task(BranchPythonOperator): iden_number> on 2023-02-02 00:11:53.728323+00:00
[2023-02-02 10:08:41,634] {standard_task_runner.py:52} INFO - Started process 16894 to run task
[2023-02-02 10:08:41,636] {standard_task_runner.py:79} INFO - Running: ['airflow', 'tasks', 'run', '6_dataproc_airflow', 'iden_number', 'manual__2023-02-02T00:11:53.728323+00:00', '--job-id', '159', '--raw', '--subdir', 'DAGS_FOLDER/Airflow2_0_De_0_a_Heroe/6_dataproc_airflow.py', '--cfg-path', '/tmp/tmp0fz20efw', '--error-file', '/tmp/tmpdzl1aixy']
[2023-02-02 10:08:41,637] {standard_task_runner.py:80} INFO - Job 159: Subtask iden_number
[2023-02-02 10:08:41,702] {task_command.py:369} INFO - Running <TaskInstance: 6_dataproc_airflow.iden_number manual__2023-02-02T00:11:53.728323+00:00 [running]> on host Tinmar.
[2023-02-02 10:08:41,804] {taskinstance.py:1569} INFO - Exporting the following env vars:
AIRFLOW_CTX_DAG_OWNER=David S
AIRFLOW_CTX_DAG_ID=6_dataproc_airflow
AIRFLOW_CTX_TASK_ID=iden_number
AIRFLOW_CTX_EXECUTION_DATE=2023-02-02T00:11:53.728323+00:00
AIRFLOW_CTX_TRY_NUMBER=3
AIRFLOW_CTX_DAG_RUN_ID=manual__2023-02-02T00:11:53.728323+00:00
[2023-02-02 10:08:41,805] {python.py:173} INFO - Done. Returned value was: impar_task
[2023-02-02 10:08:41,806] {skipmixin.py:140} INFO - Following branch impar_task
[2023-02-02 10:08:41,806] {skipmixin.py:175} INFO - Skipping tasks ['par_task.avg_tincome', 'par_task.avg_quant', 'par_task.avg_uprice']
[2023-02-02 10:08:41,907] {taskinstance.py:1395} INFO - Marking task as SUCCESS. dag_id=6_dataproc_airflow, task_id=iden_number, execution_date=20230202T001153, start_date=20230202T160841, end_date=20230202T160841
[2023-02-02 10:08:41,969] {local_task_job.py:156} INFO - Task exited with return code 0
