[2023-02-01 18:00:03,905] {taskinstance.py:1159} INFO - Dependencies all met for <TaskInstance: 6_dataproc_airflow.create_cluster scheduled__2023-02-01T00:00:00+00:00 [queued]>
[2023-02-01 18:00:03,917] {taskinstance.py:1159} INFO - Dependencies all met for <TaskInstance: 6_dataproc_airflow.create_cluster scheduled__2023-02-01T00:00:00+00:00 [queued]>
[2023-02-01 18:00:03,918] {taskinstance.py:1356} INFO - 
--------------------------------------------------------------------------------
[2023-02-01 18:00:03,918] {taskinstance.py:1357} INFO - Starting attempt 1 of 1
[2023-02-01 18:00:03,918] {taskinstance.py:1358} INFO - 
--------------------------------------------------------------------------------
[2023-02-01 18:00:03,949] {taskinstance.py:1377} INFO - Executing <Task(DataprocCreateClusterOperator): create_cluster> on 2023-02-01 00:00:00+00:00
[2023-02-01 18:00:03,951] {standard_task_runner.py:52} INFO - Started process 14293 to run task
[2023-02-01 18:00:03,953] {standard_task_runner.py:79} INFO - Running: ['airflow', 'tasks', 'run', '6_dataproc_airflow', 'create_cluster', 'scheduled__2023-02-01T00:00:00+00:00', '--job-id', '140', '--raw', '--subdir', 'DAGS_FOLDER/Airflow2_0_De_0_a_Heroe/6_dataproc_airflow.py', '--cfg-path', '/tmp/tmpqos8nw27', '--error-file', '/tmp/tmpyh7_t9zj']
[2023-02-01 18:00:03,954] {standard_task_runner.py:80} INFO - Job 140: Subtask create_cluster
[2023-02-01 18:00:04,020] {task_command.py:369} INFO - Running <TaskInstance: 6_dataproc_airflow.create_cluster scheduled__2023-02-01T00:00:00+00:00 [running]> on host Tinmar.
[2023-02-01 18:00:04,112] {taskinstance.py:1569} INFO - Exporting the following env vars:
AIRFLOW_CTX_DAG_OWNER=David S
AIRFLOW_CTX_DAG_ID=6_dataproc_airflow
AIRFLOW_CTX_TASK_ID=create_cluster
AIRFLOW_CTX_EXECUTION_DATE=2023-02-01T00:00:00+00:00
AIRFLOW_CTX_TRY_NUMBER=1
AIRFLOW_CTX_DAG_RUN_ID=scheduled__2023-02-01T00:00:00+00:00
[2023-02-01 18:00:04,112] {dataproc.py:591} INFO - Creating cluster: airflow-spark-cluster
[2023-02-01 18:00:04,122] {base.py:68} INFO - Using connection ID 'google_cloud_default' for task execution.
[2023-02-01 18:02:45,127] {dataproc.py:535} INFO - Cluster created.
[2023-02-01 18:02:45,184] {taskinstance.py:1395} INFO - Marking task as SUCCESS. dag_id=6_dataproc_airflow, task_id=create_cluster, execution_date=20230201T000000, start_date=20230202T000003, end_date=20230202T000245
[2023-02-01 18:02:45,228] {local_task_job.py:156} INFO - Task exited with return code 0
