[2023-02-01 12:14:20,266] {taskinstance.py:1159} INFO - Dependencies all met for <TaskInstance: 5_variables.cargar_datos scheduled__2023-01-31T00:00:00+00:00 [queued]>
[2023-02-01 12:14:20,290] {taskinstance.py:1159} INFO - Dependencies all met for <TaskInstance: 5_variables.cargar_datos scheduled__2023-01-31T00:00:00+00:00 [queued]>
[2023-02-01 12:14:20,290] {taskinstance.py:1356} INFO - 
--------------------------------------------------------------------------------
[2023-02-01 12:14:20,291] {taskinstance.py:1357} INFO - Starting attempt 2 of 2
[2023-02-01 12:14:20,292] {taskinstance.py:1358} INFO - 
--------------------------------------------------------------------------------
[2023-02-01 12:14:20,328] {taskinstance.py:1377} INFO - Executing <Task(GCSToBigQueryOperator): cargar_datos> on 2023-01-31 00:00:00+00:00
[2023-02-01 12:14:20,331] {standard_task_runner.py:52} INFO - Started process 3762 to run task
[2023-02-01 12:14:20,333] {standard_task_runner.py:79} INFO - Running: ['airflow', 'tasks', 'run', '5_variables', 'cargar_datos', 'scheduled__2023-01-31T00:00:00+00:00', '--job-id', '117', '--raw', '--subdir', 'DAGS_FOLDER/Airflow2.0-De-0-a-Heroe/5_variables.py', '--cfg-path', '/tmp/tmpyxrgyq11', '--error-file', '/tmp/tmpjcl3r7ov']
[2023-02-01 12:14:20,334] {standard_task_runner.py:80} INFO - Job 117: Subtask cargar_datos
[2023-02-01 12:14:20,409] {task_command.py:369} INFO - Running <TaskInstance: 5_variables.cargar_datos scheduled__2023-01-31T00:00:00+00:00 [running]> on host Tinmar.
[2023-02-01 12:14:20,508] {taskinstance.py:1569} INFO - Exporting the following env vars:
AIRFLOW_CTX_DAG_OWNER=David Sanchez
AIRFLOW_CTX_DAG_ID=5_variables
AIRFLOW_CTX_TASK_ID=cargar_datos
AIRFLOW_CTX_EXECUTION_DATE=2023-01-31T00:00:00+00:00
AIRFLOW_CTX_TRY_NUMBER=2
AIRFLOW_CTX_DAG_RUN_ID=scheduled__2023-01-31T00:00:00+00:00
[2023-02-01 12:14:20,520] {base.py:68} INFO - Using connection ID 'google_cloud_default' for task execution.
[2023-02-01 12:14:20,521] {gcs_to_bigquery.py:377} INFO - Using existing BigQuery table for storing data...
[2023-02-01 12:14:20,561] {gcs_to_bigquery.py:381} INFO - Executing: {'load': {'autodetect': True, 'createDisposition': 'CREATE_IF_NEEDED', 'destinationTable': {'projectId': 'serene-gradient-371719', 'datasetId': 'airflow_trabajo', 'tableId': 'retail_years_variables_macros'}, 'sourceFormat': 'CSV', 'sourceUris': ['gs://airflow23_bucket/*'], 'writeDisposition': 'WRITE_APPEND', 'ignoreUnknownValues': False, 'skipLeadingRows': 1, 'fieldDelimiter': ';', 'quote': None, 'allowQuotedNewlines': False, 'encoding': 'UTF-8'}}
[2023-02-01 12:14:20,562] {bigquery.py:1542} INFO - Inserting job airflow_5_variables_cargar_datos_2023_01_31T00_00_00_00_00_0ba35dd2a76e2b84114a69c980a5a037
[2023-02-01 12:14:23,563] {taskinstance.py:1395} INFO - Marking task as SUCCESS. dag_id=5_variables, task_id=cargar_datos, execution_date=20230131T000000, start_date=20230201T181420, end_date=20230201T181423
[2023-02-01 12:14:23,606] {local_task_job.py:156} INFO - Task exited with return code 0
[2023-02-01 12:14:23,663] {local_task_job.py:273} INFO - 1 downstream tasks scheduled from follow-on schedule check
