[2023-01-31 10:14:48,169] {taskinstance.py:1159} INFO - Dependencies all met for <TaskInstance: 1_mi_primer_dag.python_task scheduled__2023-01-30T00:00:00+00:00 [queued]>
[2023-01-31 10:14:48,181] {taskinstance.py:1159} INFO - Dependencies all met for <TaskInstance: 1_mi_primer_dag.python_task scheduled__2023-01-30T00:00:00+00:00 [queued]>
[2023-01-31 10:14:48,181] {taskinstance.py:1356} INFO - 
--------------------------------------------------------------------------------
[2023-01-31 10:14:48,182] {taskinstance.py:1357} INFO - Starting attempt 1 of 1
[2023-01-31 10:14:48,182] {taskinstance.py:1358} INFO - 
--------------------------------------------------------------------------------
[2023-01-31 10:14:48,205] {taskinstance.py:1377} INFO - Executing <Task(PythonOperator): python_task> on 2023-01-30 00:00:00+00:00
[2023-01-31 10:14:48,207] {standard_task_runner.py:52} INFO - Started process 155 to run task
[2023-01-31 10:14:48,209] {standard_task_runner.py:79} INFO - Running: ['airflow', 'tasks', 'run', '1_mi_primer_dag', 'python_task', 'scheduled__2023-01-30T00:00:00+00:00', '--job-id', '18', '--raw', '--subdir', 'DAGS_FOLDER/1_mi_primer_dag.py', '--cfg-path', '/tmp/tmpyzb0ffze', '--error-file', '/tmp/tmp4d89srj2']
[2023-01-31 10:14:48,209] {standard_task_runner.py:80} INFO - Job 18: Subtask python_task
[2023-01-31 10:14:48,267] {task_command.py:369} INFO - Running <TaskInstance: 1_mi_primer_dag.python_task scheduled__2023-01-30T00:00:00+00:00 [running]> on host Tinmar.
[2023-01-31 10:14:48,350] {taskinstance.py:1569} INFO - Exporting the following env vars:
AIRFLOW_CTX_DAG_OWNER=David S
AIRFLOW_CTX_DAG_ID=1_mi_primer_dag
AIRFLOW_CTX_TASK_ID=python_task
AIRFLOW_CTX_EXECUTION_DATE=2023-01-30T00:00:00+00:00
AIRFLOW_CTX_TRY_NUMBER=1
AIRFLOW_CTX_DAG_RUN_ID=scheduled__2023-01-30T00:00:00+00:00
[2023-01-31 10:14:48,351] {logging_mixin.py:115} INFO - ESTE ES EL RANDOM NUMBER 1 0.13417576044157553
[2023-01-31 10:14:48,351] {logging_mixin.py:115} INFO - ESTE ES EL RANDOM NUMBER 2 0.11064564595215598
[2023-01-31 10:14:48,352] {logging_mixin.py:115} INFO - ESTE ES EL RANDOM NUMBER 3 0.5214958003102425
[2023-01-31 10:14:48,352] {logging_mixin.py:115} INFO - ESTE ES EL RANDOM NUMBER 4 0.6243686029306003
[2023-01-31 10:14:48,352] {logging_mixin.py:115} INFO - ESTE ES EL RANDOM NUMBER 5 0.917944846288367
[2023-01-31 10:14:48,352] {logging_mixin.py:115} INFO - ESTE ES EL RANDOM NUMBER 6 0.3122095380366924
[2023-01-31 10:14:48,353] {logging_mixin.py:115} INFO - ESTE ES EL RANDOM NUMBER 7 0.3115213789386545
[2023-01-31 10:14:48,353] {logging_mixin.py:115} INFO - ESTE ES EL RANDOM NUMBER 8 0.465018915130187
[2023-01-31 10:14:48,353] {logging_mixin.py:115} INFO - ESTE ES EL RANDOM NUMBER 9 0.3509076548706539
[2023-01-31 10:14:48,353] {logging_mixin.py:115} INFO - ESTE ES EL RANDOM NUMBER 10 0.9016314709102802
[2023-01-31 10:14:48,354] {python.py:173} INFO - Done. Returned value was: None
[2023-01-31 10:14:48,363] {taskinstance.py:1395} INFO - Marking task as SUCCESS. dag_id=1_mi_primer_dag, task_id=python_task, execution_date=20230130T000000, start_date=20230131T161448, end_date=20230131T161448
[2023-01-31 10:14:48,423] {local_task_job.py:156} INFO - Task exited with return code 0
[2023-01-31 10:14:48,452] {local_task_job.py:273} INFO - 0 downstream tasks scheduled from follow-on schedule check
