[2023-02-21T12:59:46.269-0600] {taskinstance.py:1165} INFO - Dependencies all met for <TaskInstance: 4_pools.process_a manual__2023-02-21T18:59:38.924268+00:00 [queued]>
[2023-02-21T12:59:46.277-0600] {taskinstance.py:1165} INFO - Dependencies all met for <TaskInstance: 4_pools.process_a manual__2023-02-21T18:59:38.924268+00:00 [queued]>
[2023-02-21T12:59:46.280-0600] {taskinstance.py:1362} INFO - 
--------------------------------------------------------------------------------
[2023-02-21T12:59:46.282-0600] {taskinstance.py:1363} INFO - Starting attempt 1 of 1
[2023-02-21T12:59:46.282-0600] {taskinstance.py:1364} INFO - 
--------------------------------------------------------------------------------
[2023-02-21T12:59:46.289-0600] {taskinstance.py:1383} INFO - Executing <Task(BashOperator): process_a> on 2023-02-21 18:59:38.924268+00:00
[2023-02-21T12:59:46.291-0600] {standard_task_runner.py:54} INFO - Started process 577753 to run task
[2023-02-21T12:59:46.293-0600] {standard_task_runner.py:82} INFO - Running: ['***', 'tasks', 'run', '4_pools', 'process_a', 'manual__2023-02-21T18:59:38.924268+00:00', '--job-id', '673', '--raw', '--subdir', 'DAGS_FOLDER/Apache_Airflow-The_Operators_Guide/4_pools.py', '--cfg-path', '/tmp/tmp6e70yc8z']
[2023-02-21T12:59:46.295-0600] {standard_task_runner.py:83} INFO - Job 673: Subtask process_a
[2023-02-21T12:59:46.296-0600] {dagbag.py:525} INFO - Filling up the DagBag from /c/Airflow/dags/Apache_Airflow-The_Operators_Guide/4_pools.py
[2023-02-21T12:59:46.369-0600] {task_command.py:384} INFO - Running <TaskInstance: 4_pools.process_a manual__2023-02-21T18:59:38.924268+00:00 [running]> on host Tinmar.
[2023-02-21T12:59:46.409-0600] {taskinstance.py:1590} INFO - Exporting the following env vars:
AIRFLOW_CTX_DAG_OWNER=Armando
AIRFLOW_CTX_DAG_ID=4_pools
AIRFLOW_CTX_TASK_ID=process_a
AIRFLOW_CTX_EXECUTION_DATE=2023-02-21T18:59:38.924268+00:00
AIRFLOW_CTX_TRY_NUMBER=1
AIRFLOW_CTX_DAG_RUN_ID=manual__2023-02-21T18:59:38.924268+00:00
[2023-02-21T12:59:46.410-0600] {subprocess.py:63} INFO - Tmp dir root location: 
 /tmp
[2023-02-21T12:59:46.411-0600] {subprocess.py:75} INFO - Running command: ['/usr/bin/bash', '-c', "echo 'process_a' && sleep 5"]
[2023-02-21T12:59:46.415-0600] {subprocess.py:86} INFO - Output:
[2023-02-21T12:59:46.416-0600] {subprocess.py:93} INFO - process_a
[2023-02-21T12:59:51.416-0600] {subprocess.py:97} INFO - Command exited with return code 0
[2023-02-21T12:59:51.439-0600] {taskinstance.py:1401} INFO - Marking task as SUCCESS. dag_id=4_pools, task_id=process_a, execution_date=20230221T185938, start_date=20230221T185946, end_date=20230221T185951
[2023-02-21T12:59:51.465-0600] {local_task_job.py:164} INFO - Task exited with return code 0
[2023-02-21T12:59:51.482-0600] {local_task_job.py:273} INFO - 0 downstream tasks scheduled from follow-on schedule check
