[2023-02-13 14:58:43,312] {taskinstance.py:1159} INFO - Dependencies all met for <TaskInstance: branch_octavo_dag.api_call manual__2023-02-13T20:58:41.538479+00:00 [queued]>
[2023-02-13 14:58:43,317] {taskinstance.py:1159} INFO - Dependencies all met for <TaskInstance: branch_octavo_dag.api_call manual__2023-02-13T20:58:41.538479+00:00 [queued]>
[2023-02-13 14:58:43,318] {taskinstance.py:1356} INFO - 
--------------------------------------------------------------------------------
[2023-02-13 14:58:43,319] {taskinstance.py:1357} INFO - Starting attempt 1 of 1
[2023-02-13 14:58:43,319] {taskinstance.py:1358} INFO - 
--------------------------------------------------------------------------------
[2023-02-13 14:58:43,327] {taskinstance.py:1377} INFO - Executing <Task(SimpleHttpOperator): api_call> on 2023-02-13 20:58:41.538479+00:00
[2023-02-13 14:58:43,329] {standard_task_runner.py:52} INFO - Started process 215124 to run task
[2023-02-13 14:58:43,331] {standard_task_runner.py:79} INFO - Running: ['***', 'tasks', 'run', 'branch_octavo_dag', 'api_call', 'manual__2023-02-13T20:58:41.538479+00:00', '--job-id', '154', '--raw', '--subdir', 'DAGS_FOLDER/Apache_Airflow/branch_octavo_dag.py', '--cfg-path', '/tmp/tmpidxq7h2y', '--error-file', '/tmp/tmpf0qi8tr_']
[2023-02-13 14:58:43,333] {standard_task_runner.py:80} INFO - Job 154: Subtask api_call
[2023-02-13 14:58:43,374] {task_command.py:369} INFO - Running <TaskInstance: branch_octavo_dag.api_call manual__2023-02-13T20:58:41.538479+00:00 [running]> on host Tinmar.
[2023-02-13 14:58:43,424] {taskinstance.py:1569} INFO - Exporting the following env vars:
AIRFLOW_CTX_DAG_OWNER=Tinmar
AIRFLOW_CTX_DAG_ID=branch_octavo_dag
AIRFLOW_CTX_TASK_ID=api_call
AIRFLOW_CTX_EXECUTION_DATE=2023-02-13T20:58:41.538479+00:00
AIRFLOW_CTX_TRY_NUMBER=1
AIRFLOW_CTX_DAG_RUN_ID=manual__2023-02-13T20:58:41.538479+00:00
[2023-02-13 14:58:43,425] {http.py:123} INFO - Calling HTTP method
[2023-02-13 14:58:43,433] {base.py:68} INFO - Using connection ID 'random_number' for task execution.
[2023-02-13 14:58:44,556] {taskinstance.py:1395} INFO - Marking task as SUCCESS. dag_id=branch_octavo_dag, task_id=api_call, execution_date=20230213T205841, start_date=20230213T205843, end_date=20230213T205844
[2023-02-13 14:58:44,575] {local_task_job.py:156} INFO - Task exited with return code 0
[2023-02-13 14:58:44,607] {local_task_job.py:273} INFO - 1 downstream tasks scheduled from follow-on schedule check
