[2023-02-13 17:29:05,092] {taskinstance.py:1159} INFO - Dependencies all met for <TaskInstance: dynamic.dags.decimo.dag.Mexico.imprimir_Mexico manual__2023-02-13T23:29:03.321384+00:00 [queued]>
[2023-02-13 17:29:05,098] {taskinstance.py:1159} INFO - Dependencies all met for <TaskInstance: dynamic.dags.decimo.dag.Mexico.imprimir_Mexico manual__2023-02-13T23:29:03.321384+00:00 [queued]>
[2023-02-13 17:29:05,099] {taskinstance.py:1356} INFO - 
--------------------------------------------------------------------------------
[2023-02-13 17:29:05,101] {taskinstance.py:1357} INFO - Starting attempt 1 of 1
[2023-02-13 17:29:05,102] {taskinstance.py:1358} INFO - 
--------------------------------------------------------------------------------
[2023-02-13 17:29:05,110] {taskinstance.py:1377} INFO - Executing <Task(BashOperator): imprimir_Mexico> on 2023-02-13 23:29:03.321384+00:00
[2023-02-13 17:29:05,113] {standard_task_runner.py:52} INFO - Started process 261096 to run task
[2023-02-13 17:29:05,115] {standard_task_runner.py:79} INFO - Running: ['***', 'tasks', 'run', 'dynamic.dags.decimo.dag.Mexico', 'imprimir_Mexico', 'manual__2023-02-13T23:29:03.321384+00:00', '--job-id', '164', '--raw', '--subdir', 'DAGS_FOLDER/Apache_Airflow/dynamic_dags_decimo_dag.py', '--cfg-path', '/tmp/tmpdyaw22pl', '--error-file', '/tmp/tmp3ndnczqt']
[2023-02-13 17:29:05,118] {standard_task_runner.py:80} INFO - Job 164: Subtask imprimir_Mexico
[2023-02-13 17:29:05,174] {task_command.py:369} INFO - Running <TaskInstance: dynamic.dags.decimo.dag.Mexico.imprimir_Mexico manual__2023-02-13T23:29:03.321384+00:00 [running]> on host Tinmar.
[2023-02-13 17:29:05,226] {taskinstance.py:1569} INFO - Exporting the following env vars:
AIRFLOW_CTX_DAG_OWNER=Tinmar_Mexico
AIRFLOW_CTX_DAG_ID=dynamic.dags.decimo.dag.Mexico
AIRFLOW_CTX_TASK_ID=imprimir_Mexico
AIRFLOW_CTX_EXECUTION_DATE=2023-02-13T23:29:03.321384+00:00
AIRFLOW_CTX_TRY_NUMBER=1
AIRFLOW_CTX_DAG_RUN_ID=manual__2023-02-13T23:29:03.321384+00:00
[2023-02-13 17:29:05,227] {subprocess.py:62} INFO - Tmp dir root location: 
 /tmp
[2023-02-13 17:29:05,228] {subprocess.py:74} INFO - Running command: ['bash', '-c', 'echo Mexico']
[2023-02-13 17:29:05,234] {subprocess.py:85} INFO - Output:
[2023-02-13 17:29:05,235] {subprocess.py:92} INFO - Mexico
[2023-02-13 17:29:05,235] {subprocess.py:96} INFO - Command exited with return code 0
[2023-02-13 17:29:05,261] {taskinstance.py:1395} INFO - Marking task as SUCCESS. dag_id=dynamic.dags.decimo.dag.Mexico, task_id=imprimir_Mexico, execution_date=20230213T232903, start_date=20230213T232905, end_date=20230213T232905
[2023-02-13 17:29:05,288] {local_task_job.py:156} INFO - Task exited with return code 0
[2023-02-13 17:29:05,313] {local_task_job.py:273} INFO - 1 downstream tasks scheduled from follow-on schedule check
