[2023-01-31 13:37:19,615] {taskinstance.py:1159} INFO - Dependencies all met for <TaskInstance: 2.3_azure_storage_bigquery.transferir_azure manual__2023-01-31T19:03:40.165492+00:00 [queued]>
[2023-01-31 13:37:19,636] {taskinstance.py:1159} INFO - Dependencies all met for <TaskInstance: 2.3_azure_storage_bigquery.transferir_azure manual__2023-01-31T19:03:40.165492+00:00 [queued]>
[2023-01-31 13:37:19,636] {taskinstance.py:1356} INFO - 
--------------------------------------------------------------------------------
[2023-01-31 13:37:19,637] {taskinstance.py:1357} INFO - Starting attempt 2 of 2
[2023-01-31 13:37:19,638] {taskinstance.py:1358} INFO - 
--------------------------------------------------------------------------------
[2023-01-31 13:37:19,680] {taskinstance.py:1377} INFO - Executing <Task(AzureBlobStorageToGCSOperator): transferir_azure> on 2023-01-31 19:03:40.165492+00:00
[2023-01-31 13:37:19,683] {standard_task_runner.py:52} INFO - Started process 7819 to run task
[2023-01-31 13:37:19,685] {standard_task_runner.py:79} INFO - Running: ['airflow', 'tasks', 'run', '2.3_azure_storage_bigquery', 'transferir_azure', 'manual__2023-01-31T19:03:40.165492+00:00', '--job-id', '64', '--raw', '--subdir', 'DAGS_FOLDER/Airflow2.0-De-0-a-Heroe/2.3_azure_storage_bigquery.py', '--cfg-path', '/tmp/tmpb9gyl_ae', '--error-file', '/tmp/tmpf9t65s0l']
[2023-01-31 13:37:19,687] {standard_task_runner.py:80} INFO - Job 64: Subtask transferir_azure
[2023-01-31 13:37:19,772] {task_command.py:369} INFO - Running <TaskInstance: 2.3_azure_storage_bigquery.transferir_azure manual__2023-01-31T19:03:40.165492+00:00 [running]> on host Tinmar.
[2023-01-31 13:37:19,883] {taskinstance.py:1569} INFO - Exporting the following env vars:
AIRFLOW_CTX_DAG_OWNER=Rodrigo N
AIRFLOW_CTX_DAG_ID=2.3_azure_storage_bigquery
AIRFLOW_CTX_TASK_ID=transferir_azure
AIRFLOW_CTX_EXECUTION_DATE=2023-01-31T19:03:40.165492+00:00
AIRFLOW_CTX_TRY_NUMBER=2
AIRFLOW_CTX_DAG_RUN_ID=manual__2023-01-31T19:03:40.165492+00:00
[2023-01-31 13:37:19,897] {base.py:68} INFO - Using connection ID 'wasb_default' for task execution.
[2023-01-31 13:37:19,911] {base.py:68} INFO - Using connection ID 'google_cloud_default' for task execution.
[2023-01-31 13:37:19,912] {azure_blob_to_gcs.py:108} INFO - Downloading data from blob: retail_2020_azure.csv
[2023-01-31 13:37:20,365] {taskinstance.py:1889} ERROR - Task failed with exception
Traceback (most recent call last):
  File "/home/tinmar/.local/lib/python3.10/site-packages/airflow/providers/microsoft/azure/transfers/azure_blob_to_gcs.py", line 109, in execute
    azure_hook.get_file(
  File "/home/tinmar/.local/lib/python3.10/site-packages/airflow/providers/microsoft/azure/hooks/wasb.py", line 344, in get_file
    stream = self.download(container_name=container_name, blob_name=blob_name, **kwargs)
  File "/home/tinmar/.local/lib/python3.10/site-packages/airflow/providers/microsoft/azure/hooks/wasb.py", line 399, in download
    return blob_client.download_blob(offset=offset, length=length, **kwargs)
  File "/home/tinmar/.local/lib/python3.10/site-packages/azure/core/tracing/decorator.py", line 78, in wrapper_use_tracer
    return func(*args, **kwargs)
  File "/home/tinmar/.local/lib/python3.10/site-packages/azure/storage/blob/_blob_client.py", line 905, in download_blob
    return StorageStreamDownloader(**options)
  File "/home/tinmar/.local/lib/python3.10/site-packages/azure/storage/blob/_download.py", line 366, in __init__
    self._response = self._initial_request()
  File "/home/tinmar/.local/lib/python3.10/site-packages/azure/storage/blob/_download.py", line 466, in _initial_request
    process_storage_error(error)
  File "/home/tinmar/.local/lib/python3.10/site-packages/azure/storage/blob/_shared/response_handlers.py", line 185, in process_storage_error
    exec("raise error from None")   # pylint: disable=exec-used # nosec
  File "<string>", line 1, in <module>
  File "/home/tinmar/.local/lib/python3.10/site-packages/azure/storage/blob/_download.py", line 418, in _initial_request
    location_mode, response = self._clients.blob.download(
  File "/home/tinmar/.local/lib/python3.10/site-packages/azure/core/tracing/decorator.py", line 78, in wrapper_use_tracer
    return func(*args, **kwargs)
  File "/home/tinmar/.local/lib/python3.10/site-packages/azure/storage/blob/_generated/operations/_blob_operations.py", line 1599, in download
    map_error(status_code=response.status_code, response=response, error_map=error_map)
  File "/home/tinmar/.local/lib/python3.10/site-packages/azure/core/exceptions.py", line 110, in map_error
    raise error
azure.core.exceptions.ResourceNotFoundError: The specified blob does not exist.
RequestId:515b68d3-a01e-000c-5dab-3536f5000000
Time:2023-01-31T19:37:22.9297462Z
ErrorCode:BlobNotFound
Content: <?xml version="1.0" encoding="utf-8"?><Error><Code>BlobNotFound</Code><Message>The specified blob does not exist.
RequestId:515b68d3-a01e-000c-5dab-3536f5000000
Time:2023-01-31T19:37:22.9297462Z</Message></Error>
[2023-01-31 13:37:20,387] {taskinstance.py:1395} INFO - Marking task as FAILED. dag_id=2.3_azure_storage_bigquery, task_id=transferir_azure, execution_date=20230131T190340, start_date=20230131T193719, end_date=20230131T193720
[2023-01-31 13:37:20,431] {standard_task_runner.py:92} ERROR - Failed to execute job 64 for task transferir_azure (The specified blob does not exist.
RequestId:515b68d3-a01e-000c-5dab-3536f5000000
Time:2023-01-31T19:37:22.9297462Z
ErrorCode:BlobNotFound
Content: <?xml version="1.0" encoding="utf-8"?><Error><Code>BlobNotFound</Code><Message>The specified blob does not exist.
RequestId:515b68d3-a01e-000c-5dab-3536f5000000
Time:2023-01-31T19:37:22.9297462Z</Message></Error>; 7819)
[2023-01-31 13:37:20,463] {local_task_job.py:156} INFO - Task exited with return code 1
[2023-01-31 13:37:20,539] {local_task_job.py:273} INFO - 0 downstream tasks scheduled from follow-on schedule check
