[2023-02-18T18:28:59.827-0600] {taskinstance.py:1165} INFO - Dependencies all met for <TaskInstance: 3_parallel_dag.extract_a scheduled__2023-02-18T00:00:00+00:00 [queued]>
[2023-02-18T18:28:59.852-0600] {taskinstance.py:1165} INFO - Dependencies all met for <TaskInstance: 3_parallel_dag.extract_a scheduled__2023-02-18T00:00:00+00:00 [queued]>
[2023-02-18T18:28:59.855-0600] {taskinstance.py:1362} INFO - 
--------------------------------------------------------------------------------
[2023-02-18T18:28:59.859-0600] {taskinstance.py:1363} INFO - Starting attempt 1 of 1
[2023-02-18T18:28:59.862-0600] {taskinstance.py:1364} INFO - 
--------------------------------------------------------------------------------
[2023-02-18T18:28:59.885-0600] {taskinstance.py:1383} INFO - Executing <Task(BashOperator): extract_a> on 2023-02-18 00:00:00+00:00
[2023-02-18T18:28:59.891-0600] {standard_task_runner.py:54} INFO - Started process 195203 to run task
[2023-02-18T18:28:59.896-0600] {standard_task_runner.py:82} INFO - Running: ['***', 'tasks', 'run', '3_parallel_dag', 'extract_a', 'scheduled__2023-02-18T00:00:00+00:00', '--job-id', '482', '--raw', '--subdir', 'DAGS_FOLDER/Introduction_to_Apache_Airflow/3_parallel_dag.py', '--cfg-path', '/tmp/tmpus930il5']
[2023-02-18T18:28:59.904-0600] {standard_task_runner.py:83} INFO - Job 482: Subtask extract_a
[2023-02-18T18:28:59.910-0600] {dagbag.py:525} INFO - Filling up the DagBag from /c/Airflow/dags/Introduction_to_Apache_Airflow/3_parallel_dag.py
[2023-02-18T18:29:00.231-0600] {task_command.py:384} INFO - Running <TaskInstance: 3_parallel_dag.extract_a scheduled__2023-02-18T00:00:00+00:00 [running]> on host Tinmar.
[2023-02-18T18:29:00.344-0600] {taskinstance.py:1590} INFO - Exporting the following env vars:
AIRFLOW_CTX_DAG_OWNER=***
AIRFLOW_CTX_DAG_ID=3_parallel_dag
AIRFLOW_CTX_TASK_ID=extract_a
AIRFLOW_CTX_EXECUTION_DATE=2023-02-18T00:00:00+00:00
AIRFLOW_CTX_TRY_NUMBER=1
AIRFLOW_CTX_DAG_RUN_ID=scheduled__2023-02-18T00:00:00+00:00
[2023-02-18T18:29:00.348-0600] {subprocess.py:63} INFO - Tmp dir root location: 
 /tmp
[2023-02-18T18:29:00.350-0600] {subprocess.py:75} INFO - Running command: ['/usr/bin/bash', '-c', 'sleep 10']
[2023-02-18T18:29:00.361-0600] {subprocess.py:86} INFO - Output:
[2023-02-18T18:29:10.361-0600] {subprocess.py:97} INFO - Command exited with return code 0
[2023-02-18T18:29:10.390-0600] {taskinstance.py:1401} INFO - Marking task as SUCCESS. dag_id=3_parallel_dag, task_id=extract_a, execution_date=20230218T000000, start_date=20230219T002859, end_date=20230219T002910
[2023-02-18T18:29:10.438-0600] {local_task_job.py:164} INFO - Task exited with return code 0
[2023-02-18T18:29:10.470-0600] {local_task_job.py:273} INFO - 1 downstream tasks scheduled from follow-on schedule check
