[2023-02-09 12:03:44,950] {taskinstance.py:1159} INFO - Dependencies all met for <TaskInstance: 6_dataproc_airflow.delete_cluster scheduled__2023-02-08T00:00:00+00:00 [queued]>
[2023-02-09 12:03:44,955] {taskinstance.py:1159} INFO - Dependencies all met for <TaskInstance: 6_dataproc_airflow.delete_cluster scheduled__2023-02-08T00:00:00+00:00 [queued]>
[2023-02-09 12:03:44,956] {taskinstance.py:1356} INFO - 
--------------------------------------------------------------------------------
[2023-02-09 12:03:44,957] {taskinstance.py:1357} INFO - Starting attempt 1 of 1
[2023-02-09 12:03:44,957] {taskinstance.py:1358} INFO - 
--------------------------------------------------------------------------------
[2023-02-09 12:03:44,963] {taskinstance.py:1377} INFO - Executing <Task(DataprocDeleteClusterOperator): delete_cluster> on 2023-02-08 00:00:00+00:00
[2023-02-09 12:03:44,966] {standard_task_runner.py:52} INFO - Started process 46353 to run task
[2023-02-09 12:03:44,968] {standard_task_runner.py:79} INFO - Running: ['***', 'tasks', 'run', '6_dataproc_***', 'delete_cluster', 'scheduled__2023-02-08T00:00:00+00:00', '--job-id', '42', '--raw', '--subdir', 'DAGS_FOLDER/Airflow2_0_De_0_a_Heroe/6_dataproc_***.py', '--cfg-path', '/tmp/tmpo6flpv93', '--error-file', '/tmp/tmprf_p1ukb']
[2023-02-09 12:03:44,969] {standard_task_runner.py:80} INFO - Job 42: Subtask delete_cluster
[2023-02-09 12:03:45,003] {task_command.py:369} INFO - Running <TaskInstance: 6_dataproc_airflow.delete_cluster scheduled__2023-02-08T00:00:00+00:00 [running]> on host Tinmar.
[2023-02-09 12:03:45,042] {taskinstance.py:1569} INFO - Exporting the following env vars:
AIRFLOW_CTX_DAG_OWNER=David S
AIRFLOW_CTX_DAG_ID=6_dataproc_***
AIRFLOW_CTX_TASK_ID=delete_cluster
AIRFLOW_CTX_EXECUTION_DATE=2023-02-08T00:00:00+00:00
AIRFLOW_CTX_TRY_NUMBER=1
AIRFLOW_CTX_DAG_RUN_ID=scheduled__2023-02-08T00:00:00+00:00
[2023-02-09 12:03:45,050] {base.py:68} INFO - Using connection ID 'google_cloud_default' for task execution.
[2023-02-09 12:03:45,052] {dataproc.py:817} INFO - Deleting cluster: ***-spark-cluster
[2023-02-09 12:04:42,595] {dataproc.py:829} INFO - Cluster deleted.
[2023-02-09 12:04:42,610] {taskinstance.py:1395} INFO - Marking task as SUCCESS. dag_id=6_dataproc_***, task_id=delete_cluster, execution_date=20230208T000000, start_date=20230209T180344, end_date=20230209T180442
[2023-02-09 12:04:42,626] {local_task_job.py:156} INFO - Task exited with return code 0
