[2023-02-11 09:57:11,953] {taskinstance.py:1159} INFO - Dependencies all met for <TaskInstance: 7_dataproc_subdags.create_cluster scheduled__2023-02-10T00:00:00+00:00 [queued]>
[2023-02-11 09:57:11,970] {taskinstance.py:1159} INFO - Dependencies all met for <TaskInstance: 7_dataproc_subdags.create_cluster scheduled__2023-02-10T00:00:00+00:00 [queued]>
[2023-02-11 09:57:11,975] {taskinstance.py:1356} INFO - 
--------------------------------------------------------------------------------
[2023-02-11 09:57:11,976] {taskinstance.py:1357} INFO - Starting attempt 1 of 1
[2023-02-11 09:57:11,977] {taskinstance.py:1358} INFO - 
--------------------------------------------------------------------------------
[2023-02-11 09:57:11,992] {taskinstance.py:1377} INFO - Executing <Task(DataprocCreateClusterOperator): create_cluster> on 2023-02-10 00:00:00+00:00
[2023-02-11 09:57:12,011] {standard_task_runner.py:52} INFO - Started process 167144 to run task
[2023-02-11 09:57:12,020] {standard_task_runner.py:79} INFO - Running: ['***', 'tasks', 'run', '7_dataproc_subdags', 'create_cluster', 'scheduled__2023-02-10T00:00:00+00:00', '--job-id', '58', '--raw', '--subdir', 'DAGS_FOLDER/Airflow2_0_De_0_a_Heroe/7_dataproc_subdags.py', '--cfg-path', '/tmp/tmphm_ny9wj', '--error-file', '/tmp/tmpbypu42sr']
[2023-02-11 09:57:12,023] {standard_task_runner.py:80} INFO - Job 58: Subtask create_cluster
[2023-02-11 09:57:12,125] {task_command.py:369} INFO - Running <TaskInstance: 7_dataproc_subdags.create_cluster scheduled__2023-02-10T00:00:00+00:00 [running]> on host Tinmar.
[2023-02-11 09:57:12,231] {taskinstance.py:1569} INFO - Exporting the following env vars:
AIRFLOW_CTX_DAG_OWNER=David Sanchez
AIRFLOW_CTX_DAG_ID=7_dataproc_subdags
AIRFLOW_CTX_TASK_ID=create_cluster
AIRFLOW_CTX_EXECUTION_DATE=2023-02-10T00:00:00+00:00
AIRFLOW_CTX_TRY_NUMBER=1
AIRFLOW_CTX_DAG_RUN_ID=scheduled__2023-02-10T00:00:00+00:00
[2023-02-11 09:57:12,237] {dataproc.py:591} INFO - Creating cluster: ***-spark-cluster
[2023-02-11 09:57:12,256] {base.py:68} INFO - Using connection ID 'google_cloud_default' for task execution.
[2023-02-11 09:57:21,680] {dataproc.py:603} INFO - Cluster already exists.
[2023-02-11 11:07:49,297] {taskinstance.py:1395} INFO - Marking task as SUCCESS. dag_id=7_dataproc_subdags, task_id=create_cluster, execution_date=20230210T000000, start_date=20230211T155711, end_date=20230211T170749
[2023-02-11 11:07:49,326] {local_task_job.py:156} INFO - Task exited with return code 0
