[2023-02-16 11:24:52,221] {taskinstance.py:1159} INFO - Dependencies all met for <TaskInstance: 1.5_user_processing.process_user manual__2023-02-16T17:24:50.740100+00:00 [queued]>
[2023-02-16 11:24:52,228] {taskinstance.py:1159} INFO - Dependencies all met for <TaskInstance: 1.5_user_processing.process_user manual__2023-02-16T17:24:50.740100+00:00 [queued]>
[2023-02-16 11:24:52,229] {taskinstance.py:1356} INFO - 
--------------------------------------------------------------------------------
[2023-02-16 11:24:52,230] {taskinstance.py:1357} INFO - Starting attempt 1 of 1
[2023-02-16 11:24:52,230] {taskinstance.py:1358} INFO - 
--------------------------------------------------------------------------------
[2023-02-16 11:24:52,239] {taskinstance.py:1377} INFO - Executing <Task(PythonOperator): process_user> on 2023-02-16 17:24:50.740100+00:00
[2023-02-16 11:24:52,242] {standard_task_runner.py:52} INFO - Started process 61242 to run task
[2023-02-16 11:24:52,244] {standard_task_runner.py:79} INFO - Running: ['***', 'tasks', 'run', '1.5_user_processing', 'process_user', 'manual__2023-02-16T17:24:50.740100+00:00', '--job-id', '236', '--raw', '--subdir', 'DAGS_FOLDER/Introduction_to_Apache_Airflow/1.5_user_processing.py', '--cfg-path', '/tmp/tmp_71bar86', '--error-file', '/tmp/tmpdjfnhfd9']
[2023-02-16 11:24:52,246] {standard_task_runner.py:80} INFO - Job 236: Subtask process_user
[2023-02-16 11:24:52,297] {task_command.py:369} INFO - Running <TaskInstance: 1.5_user_processing.process_user manual__2023-02-16T17:24:50.740100+00:00 [running]> on host Tinmar.
[2023-02-16 11:24:52,357] {taskinstance.py:1569} INFO - Exporting the following env vars:
AIRFLOW_CTX_DAG_OWNER=Tinmar
AIRFLOW_CTX_DAG_ID=1.5_user_processing
AIRFLOW_CTX_TASK_ID=process_user
AIRFLOW_CTX_EXECUTION_DATE=2023-02-16T17:24:50.740100+00:00
AIRFLOW_CTX_TRY_NUMBER=1
AIRFLOW_CTX_DAG_RUN_ID=manual__2023-02-16T17:24:50.740100+00:00
[2023-02-16 11:24:52,372] {taskinstance.py:1889} ERROR - Task failed with exception
Traceback (most recent call last):
  File "/home/tinmar/.local/lib/python3.10/site-packages/airflow/operators/python.py", line 171, in execute
    return_value = self.execute_callable()
  File "/home/tinmar/.local/lib/python3.10/site-packages/airflow/operators/python.py", line 189, in execute_callable
    return self.python_callable(*self.op_args, **self.op_kwargs)
  File "/c/Airflow/dags/Introduction_to_Apache_Airflow/1.5_user_processing.py", line 19, in _process_user
    user = user['results'][0]
TypeError: 'NoneType' object is not subscriptable
[2023-02-16 11:24:52,395] {taskinstance.py:1395} INFO - Marking task as FAILED. dag_id=1.5_user_processing, task_id=process_user, execution_date=20230216T172450, start_date=20230216T172452, end_date=20230216T172452
[2023-02-16 11:24:52,406] {standard_task_runner.py:92} ERROR - Failed to execute job 236 for task process_user ('NoneType' object is not subscriptable; 61242)
[2023-02-16 11:24:52,424] {local_task_job.py:156} INFO - Task exited with return code 1
[2023-02-16 11:24:52,453] {local_task_job.py:273} INFO - 0 downstream tasks scheduled from follow-on schedule check
