[2023-02-16 12:02:44,655] {taskinstance.py:1159} INFO - Dependencies all met for <TaskInstance: 1.6_user_processing.store_user manual__2023-02-16T18:02:36.208542+00:00 [queued]>
[2023-02-16 12:02:44,662] {taskinstance.py:1159} INFO - Dependencies all met for <TaskInstance: 1.6_user_processing.store_user manual__2023-02-16T18:02:36.208542+00:00 [queued]>
[2023-02-16 12:02:44,662] {taskinstance.py:1356} INFO - 
--------------------------------------------------------------------------------
[2023-02-16 12:02:44,663] {taskinstance.py:1357} INFO - Starting attempt 1 of 1
[2023-02-16 12:02:44,663] {taskinstance.py:1358} INFO - 
--------------------------------------------------------------------------------
[2023-02-16 12:02:44,671] {taskinstance.py:1377} INFO - Executing <Task(PythonOperator): store_user> on 2023-02-16 18:02:36.208542+00:00
[2023-02-16 12:02:44,675] {standard_task_runner.py:52} INFO - Started process 76415 to run task
[2023-02-16 12:02:44,677] {standard_task_runner.py:79} INFO - Running: ['***', 'tasks', 'run', '1.6_user_processing', 'store_user', 'manual__2023-02-16T18:02:36.208542+00:00', '--job-id', '264', '--raw', '--subdir', 'DAGS_FOLDER/Introduction_to_Apache_Airflow/1.6_user_processing.py', '--cfg-path', '/tmp/tmp6n0765bl', '--error-file', '/tmp/tmp96psxyq2']
[2023-02-16 12:02:44,678] {standard_task_runner.py:80} INFO - Job 264: Subtask store_user
[2023-02-16 12:02:44,724] {task_command.py:369} INFO - Running <TaskInstance: 1.6_user_processing.store_user manual__2023-02-16T18:02:36.208542+00:00 [running]> on host Tinmar.
[2023-02-16 12:02:44,779] {taskinstance.py:1569} INFO - Exporting the following env vars:
AIRFLOW_CTX_DAG_OWNER=Tinmar
AIRFLOW_CTX_DAG_ID=1.6_user_processing
AIRFLOW_CTX_TASK_ID=store_user
AIRFLOW_CTX_EXECUTION_DATE=2023-02-16T18:02:36.208542+00:00
AIRFLOW_CTX_TRY_NUMBER=1
AIRFLOW_CTX_DAG_RUN_ID=manual__2023-02-16T18:02:36.208542+00:00
[2023-02-16 12:02:44,780] {postgres.py:158} INFO - Running copy expert: SELECT * FROM users, filename: /c/Users/tinma/OneDrive/Escritorio/processed_user_.csv
[2023-02-16 12:02:44,787] {taskinstance.py:1889} ERROR - Task failed with exception
Traceback (most recent call last):
  File "/home/tinmar/.local/lib/python3.10/site-packages/airflow/operators/python.py", line 171, in execute
    return_value = self.execute_callable()
  File "/home/tinmar/.local/lib/python3.10/site-packages/airflow/operators/python.py", line 189, in execute_callable
    return self.python_callable(*self.op_args, **self.op_kwargs)
  File "/c/Airflow/dags/Introduction_to_Apache_Airflow/1.6_user_processing.py", line 36, in _store_user
    hook.copy_expert(
  File "/home/tinmar/.local/lib/python3.10/site-packages/airflow/providers/postgres/hooks/postgres.py", line 163, in copy_expert
    with open(filename, "r+") as file:
PermissionError: [Errno 13] Permission denied: '/c/Users/tinma/OneDrive/Escritorio/processed_user_.csv'
[2023-02-16 12:02:44,801] {taskinstance.py:1395} INFO - Marking task as FAILED. dag_id=1.6_user_processing, task_id=store_user, execution_date=20230216T180236, start_date=20230216T180244, end_date=20230216T180244
[2023-02-16 12:02:44,807] {standard_task_runner.py:92} ERROR - Failed to execute job 264 for task store_user ([Errno 13] Permission denied: '/c/Users/tinma/OneDrive/Escritorio/processed_user_.csv'; 76415)
[2023-02-16 12:02:44,819] {local_task_job.py:156} INFO - Task exited with return code 1
[2023-02-16 12:02:44,848] {local_task_job.py:273} INFO - 0 downstream tasks scheduled from follow-on schedule check
