[2023-02-17T09:15:54.531-0600] {taskinstance.py:1165} INFO - Dependencies all met for <TaskInstance: 7_branch_dag.t2 manual__2023-02-17T15:15:51.980142+00:00 [queued]>
[2023-02-17T09:15:54.539-0600] {taskinstance.py:1165} INFO - Dependencies all met for <TaskInstance: 7_branch_dag.t2 manual__2023-02-17T15:15:51.980142+00:00 [queued]>
[2023-02-17T09:15:54.540-0600] {taskinstance.py:1362} INFO - 
--------------------------------------------------------------------------------
[2023-02-17T09:15:54.540-0600] {taskinstance.py:1363} INFO - Starting attempt 1 of 1
[2023-02-17T09:15:54.541-0600] {taskinstance.py:1364} INFO - 
--------------------------------------------------------------------------------
[2023-02-17T09:15:54.550-0600] {taskinstance.py:1383} INFO - Executing <Task(PythonOperator): t2> on 2023-02-17 15:15:51.980142+00:00
[2023-02-17T09:15:54.553-0600] {standard_task_runner.py:54} INFO - Started process 28882 to run task
[2023-02-17T09:15:54.554-0600] {standard_task_runner.py:82} INFO - Running: ['***', 'tasks', 'run', '7_branch_dag', 't2', 'manual__2023-02-17T15:15:51.980142+00:00', '--job-id', '391', '--raw', '--subdir', 'DAGS_FOLDER/Introduction_to_Apache_Airflow/7_branch_dag.py', '--cfg-path', '/tmp/tmp6p44hsnp']
[2023-02-17T09:15:54.556-0600] {standard_task_runner.py:83} INFO - Job 391: Subtask t2
[2023-02-17T09:15:54.557-0600] {dagbag.py:525} INFO - Filling up the DagBag from /c/Airflow/dags/Introduction_to_Apache_Airflow/7_branch_dag.py
[2023-02-17T09:15:54.636-0600] {task_command.py:384} INFO - Running <TaskInstance: 7_branch_dag.t2 manual__2023-02-17T15:15:51.980142+00:00 [running]> on host Tinmar.
[2023-02-17T09:15:54.693-0600] {taskinstance.py:1590} INFO - Exporting the following env vars:
AIRFLOW_CTX_DAG_OWNER=***
AIRFLOW_CTX_DAG_ID=7_branch_dag
AIRFLOW_CTX_TASK_ID=t2
AIRFLOW_CTX_EXECUTION_DATE=2023-02-17T15:15:51.980142+00:00
AIRFLOW_CTX_TRY_NUMBER=1
AIRFLOW_CTX_DAG_RUN_ID=manual__2023-02-17T15:15:51.980142+00:00
[2023-02-17T09:15:54.702-0600] {logging_mixin.py:117} INFO - 42
[2023-02-17T09:15:54.703-0600] {python.py:177} INFO - Done. Returned value was: None
[2023-02-17T09:15:54.711-0600] {taskinstance.py:1401} INFO - Marking task as SUCCESS. dag_id=7_branch_dag, task_id=t2, execution_date=20230217T151551, start_date=20230217T151554, end_date=20230217T151554
[2023-02-17T09:15:54.727-0600] {local_task_job.py:164} INFO - Task exited with return code 0
[2023-02-17T09:15:54.744-0600] {local_task_job.py:273} INFO - 1 downstream tasks scheduled from follow-on schedule check
