[2023-01-31 10:40:08,377] {taskinstance.py:1159} INFO - Dependencies all met for <TaskInstance: 2_simple_storage_bigquery.tabla_resumen_2021 manual__2023-01-31T16:39:49.975094+00:00 [queued]>
[2023-01-31 10:40:08,388] {taskinstance.py:1159} INFO - Dependencies all met for <TaskInstance: 2_simple_storage_bigquery.tabla_resumen_2021 manual__2023-01-31T16:39:49.975094+00:00 [queued]>
[2023-01-31 10:40:08,388] {taskinstance.py:1356} INFO - 
--------------------------------------------------------------------------------
[2023-01-31 10:40:08,389] {taskinstance.py:1357} INFO - Starting attempt 1 of 1
[2023-01-31 10:40:08,389] {taskinstance.py:1358} INFO - 
--------------------------------------------------------------------------------
[2023-01-31 10:40:08,412] {taskinstance.py:1377} INFO - Executing <Task(BigQueryExecuteQueryOperator): tabla_resumen_2021> on 2023-01-31 16:39:49.975094+00:00
[2023-01-31 10:40:08,414] {standard_task_runner.py:52} INFO - Started process 1292 to run task
[2023-01-31 10:40:08,416] {standard_task_runner.py:79} INFO - Running: ['airflow', 'tasks', 'run', '2_simple_storage_bigquery', 'tabla_resumen_2021', 'manual__2023-01-31T16:39:49.975094+00:00', '--job-id', '29', '--raw', '--subdir', 'DAGS_FOLDER/2_simple_storage_bigquery.py', '--cfg-path', '/tmp/tmprivlvzbq', '--error-file', '/tmp/tmpr_97eor1']
[2023-01-31 10:40:08,417] {standard_task_runner.py:80} INFO - Job 29: Subtask tabla_resumen_2021
[2023-01-31 10:40:08,476] {task_command.py:369} INFO - Running <TaskInstance: 2_simple_storage_bigquery.tabla_resumen_2021 manual__2023-01-31T16:39:49.975094+00:00 [running]> on host Tinmar.
[2023-01-31 10:40:08,559] {taskinstance.py:1569} INFO - Exporting the following env vars:
AIRFLOW_CTX_DAG_OWNER=Rodrigo N
AIRFLOW_CTX_DAG_ID=2_simple_storage_bigquery
AIRFLOW_CTX_TASK_ID=tabla_resumen_2021
AIRFLOW_CTX_EXECUTION_DATE=2023-01-31T16:39:49.975094+00:00
AIRFLOW_CTX_TRY_NUMBER=1
AIRFLOW_CTX_DAG_RUN_ID=manual__2023-01-31T16:39:49.975094+00:00
[2023-01-31 10:40:08,560] {bigquery.py:1077} INFO - Executing: 
        SELECT `year`, `area`, ROUND(AVG(`total_inc`), 4) AS avg_income
        FROM `serene-gradient-371719.airflow_trabajo.retail_years` WHERE year=2021
        GROUP BY `area`
        ORDER BY avg_income ASC
        
[2023-01-31 10:40:08,570] {base.py:68} INFO - Using connection ID 'google_cloud_default' for task execution.
[2023-01-31 10:40:08,574] {logging_mixin.py:115} WARNING - /home/tinmar/.local/lib/python3.10/site-packages/airflow/providers/google/cloud/hooks/bigquery.py:2050 DeprecationWarning: This method is deprecated. Please use `BigQueryHook.insert_job` method.
[2023-01-31 10:40:08,612] {bigquery.py:1542} INFO - Inserting job airflow_1675183208611809_d169fafda70e10a67f83d113dafd7bb7
[2023-01-31 10:40:09,886] {taskinstance.py:1889} ERROR - Task failed with exception
Traceback (most recent call last):
  File "/home/tinmar/.local/lib/python3.10/site-packages/airflow/providers/google/cloud/operators/bigquery.py", line 1086, in execute
    job_id: str | list[str] = self.hook.run_query(
  File "/home/tinmar/.local/lib/python3.10/site-packages/airflow/providers/google/cloud/hooks/bigquery.py", line 2185, in run_query
    job = self.insert_job(configuration=configuration, project_id=self.project_id)
  File "/home/tinmar/.local/lib/python3.10/site-packages/airflow/providers/google/common/hooks/base_google.py", line 462, in inner_wrapper
    return func(self, *args, **kwargs)
  File "/home/tinmar/.local/lib/python3.10/site-packages/airflow/providers/google/cloud/hooks/bigquery.py", line 1548, in insert_job
    job.result(timeout=timeout, retry=retry)
  File "/home/tinmar/.local/lib/python3.10/site-packages/google/cloud/bigquery/job/query.py", line 1499, in result
    do_get_result()
  File "/home/tinmar/.local/lib/python3.10/site-packages/google/cloud/bigquery/job/query.py", line 1489, in do_get_result
    super(QueryJob, self).result(retry=retry, timeout=timeout)
  File "/home/tinmar/.local/lib/python3.10/site-packages/google/cloud/bigquery/job/base.py", line 728, in result
    return super(_AsyncJob, self).result(timeout=timeout, **kwargs)
  File "/home/tinmar/.local/lib/python3.10/site-packages/google/api_core/future/polling.py", line 137, in result
    raise self._exception
google.api_core.exceptions.BadRequest: 400 SELECT list expression references column year which is neither grouped nor aggregated at [2:16]

Location: us-central1
Job ID: airflow_1675183208611809_d169fafda70e10a67f83d113dafd7bb7

[2023-01-31 10:40:09,902] {taskinstance.py:1395} INFO - Marking task as FAILED. dag_id=2_simple_storage_bigquery, task_id=tabla_resumen_2021, execution_date=20230131T163949, start_date=20230131T164008, end_date=20230131T164009
[2023-01-31 10:40:09,926] {standard_task_runner.py:92} ERROR - Failed to execute job 29 for task tabla_resumen_2021 (400 SELECT list expression references column year which is neither grouped nor aggregated at [2:16]

Location: us-central1
Job ID: airflow_1675183208611809_d169fafda70e10a67f83d113dafd7bb7
; 1292)
[2023-01-31 10:40:09,957] {local_task_job.py:156} INFO - Task exited with return code 1
[2023-01-31 10:40:09,992] {local_task_job.py:273} INFO - 0 downstream tasks scheduled from follow-on schedule check
