[2023-02-21T08:48:32.093-0600] {taskinstance.py:1165} INFO - Dependencies all met for <TaskInstance: 1.6.2_user_processing.process_user scheduled__2023-02-20T00:00:00+00:00 [queued]>
[2023-02-21T08:48:32.120-0600] {taskinstance.py:1165} INFO - Dependencies all met for <TaskInstance: 1.6.2_user_processing.process_user scheduled__2023-02-20T00:00:00+00:00 [queued]>
[2023-02-21T08:48:32.121-0600] {taskinstance.py:1362} INFO - 
--------------------------------------------------------------------------------
[2023-02-21T08:48:32.122-0600] {taskinstance.py:1363} INFO - Starting attempt 1 of 1
[2023-02-21T08:48:32.123-0600] {taskinstance.py:1364} INFO - 
--------------------------------------------------------------------------------
[2023-02-21T08:48:32.142-0600] {taskinstance.py:1383} INFO - Executing <Task(PythonOperator): process_user> on 2023-02-20 00:00:00+00:00
[2023-02-21T08:48:32.147-0600] {standard_task_runner.py:54} INFO - Started process 428132 to run task
[2023-02-21T08:48:32.151-0600] {standard_task_runner.py:82} INFO - Running: ['***', 'tasks', 'run', '1.6.2_user_processing', 'process_user', 'scheduled__2023-02-20T00:00:00+00:00', '--job-id', '612', '--raw', '--subdir', 'DAGS_FOLDER/Introduction_to_Apache_Airflow/1.6.2_user_processing.py', '--cfg-path', '/tmp/tmptoy6_o_j']
[2023-02-21T08:48:32.155-0600] {standard_task_runner.py:83} INFO - Job 612: Subtask process_user
[2023-02-21T08:48:32.156-0600] {dagbag.py:525} INFO - Filling up the DagBag from /c/Airflow/dags/Introduction_to_Apache_Airflow/1.6.2_user_processing.py
[2023-02-21T08:48:32.880-0600] {task_command.py:384} INFO - Running <TaskInstance: 1.6.2_user_processing.process_user scheduled__2023-02-20T00:00:00+00:00 [running]> on host Tinmar.
[2023-02-21T08:48:32.992-0600] {taskinstance.py:1590} INFO - Exporting the following env vars:
AIRFLOW_CTX_DAG_OWNER=Tinmar
AIRFLOW_CTX_DAG_ID=1.6.2_user_processing
AIRFLOW_CTX_TASK_ID=process_user
AIRFLOW_CTX_EXECUTION_DATE=2023-02-20T00:00:00+00:00
AIRFLOW_CTX_TRY_NUMBER=1
AIRFLOW_CTX_DAG_RUN_ID=scheduled__2023-02-20T00:00:00+00:00
[2023-02-21T08:48:33.237-0600] {python.py:177} INFO - Done. Returned value was: None
[2023-02-21T08:48:33.256-0600] {taskinstance.py:1401} INFO - Marking task as SUCCESS. dag_id=1.6.2_user_processing, task_id=process_user, execution_date=20230220T000000, start_date=20230221T144832, end_date=20230221T144833
[2023-02-21T08:48:33.293-0600] {local_task_job.py:164} INFO - Task exited with return code 0
[2023-02-21T08:48:33.334-0600] {local_task_job.py:273} INFO - 1 downstream tasks scheduled from follow-on schedule check
