[2023-02-11 11:07:25,563] {taskinstance.py:1159} INFO - Dependencies all met for <TaskInstance: 7_dataproc_subdags.delete_cluster scheduled__2023-02-09T00:00:00+00:00 [queued]>
[2023-02-11 11:07:25,573] {taskinstance.py:1159} INFO - Dependencies all met for <TaskInstance: 7_dataproc_subdags.delete_cluster scheduled__2023-02-09T00:00:00+00:00 [queued]>
[2023-02-11 11:07:25,574] {taskinstance.py:1356} INFO - 
--------------------------------------------------------------------------------
[2023-02-11 11:07:25,576] {taskinstance.py:1357} INFO - Starting attempt 1 of 1
[2023-02-11 11:07:25,577] {taskinstance.py:1358} INFO - 
--------------------------------------------------------------------------------
[2023-02-11 11:07:25,589] {taskinstance.py:1377} INFO - Executing <Task(DataprocDeleteClusterOperator): delete_cluster> on 2023-02-09 00:00:00+00:00
[2023-02-11 11:07:25,592] {standard_task_runner.py:52} INFO - Started process 170034 to run task
[2023-02-11 11:07:25,596] {standard_task_runner.py:79} INFO - Running: ['***', 'tasks', 'run', '7_dataproc_subdags', 'delete_cluster', 'scheduled__2023-02-09T00:00:00+00:00', '--job-id', '68', '--raw', '--subdir', 'DAGS_FOLDER/Airflow2_0_De_0_a_Heroe/7_dataproc_subdags.py', '--cfg-path', '/tmp/tmpvrmptgtb', '--error-file', '/tmp/tmpgv_ztoh2']
[2023-02-11 11:07:25,598] {standard_task_runner.py:80} INFO - Job 68: Subtask delete_cluster
[2023-02-11 11:07:25,663] {task_command.py:369} INFO - Running <TaskInstance: 7_dataproc_subdags.delete_cluster scheduled__2023-02-09T00:00:00+00:00 [running]> on host Tinmar.
[2023-02-11 11:07:25,731] {taskinstance.py:1569} INFO - Exporting the following env vars:
AIRFLOW_CTX_DAG_OWNER=David Sanchez
AIRFLOW_CTX_DAG_ID=7_dataproc_subdags
AIRFLOW_CTX_TASK_ID=delete_cluster
AIRFLOW_CTX_EXECUTION_DATE=2023-02-09T00:00:00+00:00
AIRFLOW_CTX_TRY_NUMBER=1
AIRFLOW_CTX_DAG_RUN_ID=scheduled__2023-02-09T00:00:00+00:00
[2023-02-11 11:07:25,748] {base.py:68} INFO - Using connection ID 'google_cloud_default' for task execution.
[2023-02-11 11:07:25,752] {dataproc.py:817} INFO - Deleting cluster: ***-spark-cluster
[2023-02-11 11:07:28,849] {taskinstance.py:1889} ERROR - Task failed with exception
Traceback (most recent call last):
  File "/home/tinmar/.local/lib/python3.10/site-packages/google/api_core/grpc_helpers.py", line 50, in error_remapped_callable
    return callable_(*args, **kwargs)
  File "/home/tinmar/.local/lib/python3.10/site-packages/grpc/_channel.py", line 946, in __call__
    return _end_unary_response_blocking(state, call, False, None)
  File "/home/tinmar/.local/lib/python3.10/site-packages/grpc/_channel.py", line 849, in _end_unary_response_blocking
    raise _InactiveRpcError(state)
grpc._channel._InactiveRpcError: <_InactiveRpcError of RPC that terminated with:
	status = StatusCode.FAILED_PRECONDITION
	details = "Cannot delete cluster 'airflow-spark-cluster' while it has other pending delete operations."
	debug_error_string = "UNKNOWN:Error received from peer ipv4:142.250.65.106:443 {grpc_message:"Cannot delete cluster \'airflow-spark-cluster\' while it has other pending delete operations.", grpc_status:9, created_time:"2023-02-11T11:07:28.849177373-06:00"}"
>

The above exception was the direct cause of the following exception:

Traceback (most recent call last):
  File "/home/tinmar/.local/lib/python3.10/site-packages/airflow/providers/google/cloud/operators/dataproc.py", line 818, in execute
    operation = hook.delete_cluster(
  File "/home/tinmar/.local/lib/python3.10/site-packages/airflow/providers/google/common/hooks/base_google.py", line 462, in inner_wrapper
    return func(self, *args, **kwargs)
  File "/home/tinmar/.local/lib/python3.10/site-packages/airflow/providers/google/cloud/hooks/dataproc.py", line 365, in delete_cluster
    result = client.delete_cluster(
  File "/home/tinmar/.local/lib/python3.10/site-packages/google/cloud/dataproc_v1/services/cluster_controller/client.py", line 1124, in delete_cluster
    response = rpc(
  File "/home/tinmar/.local/lib/python3.10/site-packages/google/api_core/gapic_v1/method.py", line 154, in __call__
    return wrapped_func(*args, **kwargs)
  File "/home/tinmar/.local/lib/python3.10/site-packages/google/api_core/retry.py", line 283, in retry_wrapped_func
    return retry_target(
  File "/home/tinmar/.local/lib/python3.10/site-packages/google/api_core/retry.py", line 190, in retry_target
    return target()
  File "/home/tinmar/.local/lib/python3.10/site-packages/google/api_core/grpc_helpers.py", line 52, in error_remapped_callable
    raise exceptions.from_grpc_error(exc) from exc
google.api_core.exceptions.FailedPrecondition: 400 Cannot delete cluster 'airflow-spark-cluster' while it has other pending delete operations.
[2023-02-11 11:07:28,863] {taskinstance.py:1395} INFO - Marking task as FAILED. dag_id=7_dataproc_subdags, task_id=delete_cluster, execution_date=20230209T000000, start_date=20230211T170725, end_date=20230211T170728
[2023-02-11 11:07:28,881] {standard_task_runner.py:92} ERROR - Failed to execute job 68 for task delete_cluster (400 Cannot delete cluster 'airflow-spark-cluster' while it has other pending delete operations.; 170034)
[2023-02-11 11:07:28,907] {local_task_job.py:156} INFO - Task exited with return code 1
[2023-02-11 11:07:28,944] {local_task_job.py:273} INFO - 0 downstream tasks scheduled from follow-on schedule check
