[2023-02-18T18:29:00.566-0600] {taskinstance.py:1165} INFO - Dependencies all met for <TaskInstance: 1.6.2_user_processing.is_api_available scheduled__2023-02-18T00:00:00+00:00 [queued]>
[2023-02-18T18:29:00.597-0600] {taskinstance.py:1165} INFO - Dependencies all met for <TaskInstance: 1.6.2_user_processing.is_api_available scheduled__2023-02-18T00:00:00+00:00 [queued]>
[2023-02-18T18:29:00.598-0600] {taskinstance.py:1362} INFO - 
--------------------------------------------------------------------------------
[2023-02-18T18:29:00.601-0600] {taskinstance.py:1363} INFO - Starting attempt 1 of 1
[2023-02-18T18:29:00.603-0600] {taskinstance.py:1364} INFO - 
--------------------------------------------------------------------------------
[2023-02-18T18:29:00.624-0600] {taskinstance.py:1383} INFO - Executing <Task(HttpSensor): is_api_available> on 2023-02-18 00:00:00+00:00
[2023-02-18T18:29:00.630-0600] {standard_task_runner.py:54} INFO - Started process 195371 to run task
[2023-02-18T18:29:00.638-0600] {standard_task_runner.py:82} INFO - Running: ['***', 'tasks', 'run', '1.6.2_user_processing', 'is_api_available', 'scheduled__2023-02-18T00:00:00+00:00', '--job-id', '497', '--raw', '--subdir', 'DAGS_FOLDER/Introduction_to_Apache_Airflow/1.6.2_user_processing.py', '--cfg-path', '/tmp/tmp01hpkze5']
[2023-02-18T18:29:00.650-0600] {standard_task_runner.py:83} INFO - Job 497: Subtask is_api_available
[2023-02-18T18:29:00.654-0600] {dagbag.py:525} INFO - Filling up the DagBag from /c/Airflow/dags/Introduction_to_Apache_Airflow/1.6.2_user_processing.py
[2023-02-18T18:29:02.293-0600] {task_command.py:384} INFO - Running <TaskInstance: 1.6.2_user_processing.is_api_available scheduled__2023-02-18T00:00:00+00:00 [running]> on host Tinmar.
[2023-02-18T18:29:02.423-0600] {taskinstance.py:1590} INFO - Exporting the following env vars:
AIRFLOW_CTX_DAG_OWNER=Tinmar
AIRFLOW_CTX_DAG_ID=1.6.2_user_processing
AIRFLOW_CTX_TASK_ID=is_api_available
AIRFLOW_CTX_EXECUTION_DATE=2023-02-18T00:00:00+00:00
AIRFLOW_CTX_TRY_NUMBER=1
AIRFLOW_CTX_DAG_RUN_ID=scheduled__2023-02-18T00:00:00+00:00
[2023-02-18T18:29:02.424-0600] {http.py:122} INFO - Poking: api/
[2023-02-18T18:29:02.463-0600] {base.py:71} INFO - Using connection ID 'user_api' for task execution.
[2023-02-18T18:29:03.494-0600] {base.py:213} INFO - Success criteria met. Exiting.
[2023-02-18T18:29:03.517-0600] {taskinstance.py:1401} INFO - Marking task as SUCCESS. dag_id=1.6.2_user_processing, task_id=is_api_available, execution_date=20230218T000000, start_date=20230219T002900, end_date=20230219T002903
[2023-02-18T18:29:03.889-0600] {local_task_job.py:164} INFO - Task exited with return code 0
[2023-02-18T18:29:03.929-0600] {local_task_job.py:273} INFO - 0 downstream tasks scheduled from follow-on schedule check
