[2023-02-16 11:59:41,996] {taskinstance.py:1159} INFO - Dependencies all met for <TaskInstance: 1.6_user_processing.create_table manual__2023-02-16T17:59:40.371260+00:00 [queued]>
[2023-02-16 11:59:42,003] {taskinstance.py:1159} INFO - Dependencies all met for <TaskInstance: 1.6_user_processing.create_table manual__2023-02-16T17:59:40.371260+00:00 [queued]>
[2023-02-16 11:59:42,003] {taskinstance.py:1356} INFO - 
--------------------------------------------------------------------------------
[2023-02-16 11:59:42,004] {taskinstance.py:1357} INFO - Starting attempt 1 of 1
[2023-02-16 11:59:42,004] {taskinstance.py:1358} INFO - 
--------------------------------------------------------------------------------
[2023-02-16 11:59:42,011] {taskinstance.py:1377} INFO - Executing <Task(PostgresOperator): create_table> on 2023-02-16 17:59:40.371260+00:00
[2023-02-16 11:59:42,014] {standard_task_runner.py:52} INFO - Started process 74904 to run task
[2023-02-16 11:59:42,016] {standard_task_runner.py:79} INFO - Running: ['***', 'tasks', 'run', '1.6_user_processing', 'create_table', 'manual__2023-02-16T17:59:40.371260+00:00', '--job-id', '251', '--raw', '--subdir', 'DAGS_FOLDER/Introduction_to_Apache_Airflow/1.6_user_processing.py', '--cfg-path', '/tmp/tmpgl0vaoba', '--error-file', '/tmp/tmp8nidzxhm']
[2023-02-16 11:59:42,017] {standard_task_runner.py:80} INFO - Job 251: Subtask create_table
[2023-02-16 11:59:42,065] {task_command.py:369} INFO - Running <TaskInstance: 1.6_user_processing.create_table manual__2023-02-16T17:59:40.371260+00:00 [running]> on host Tinmar.
[2023-02-16 11:59:42,124] {taskinstance.py:1569} INFO - Exporting the following env vars:
AIRFLOW_CTX_DAG_OWNER=Tinmar
AIRFLOW_CTX_DAG_ID=1.6_user_processing
AIRFLOW_CTX_TASK_ID=create_table
AIRFLOW_CTX_EXECUTION_DATE=2023-02-16T17:59:40.371260+00:00
AIRFLOW_CTX_TRY_NUMBER=1
AIRFLOW_CTX_DAG_RUN_ID=manual__2023-02-16T17:59:40.371260+00:00
[2023-02-16 11:59:42,125] {sql.py:254} INFO - Executing: 
                                        CREATE TABLE IF NOT EXISTS users (
                                            firstname TEXT NOT NULL,
                                            lastname TEXT NOT NULL,
                                            country TEXT NOT NULL,
                                            username TEXT NOT NULL,
                                            password TEXT NOT NULL,
                                            email TEXT NOT NULL
                                        );
                                    
[2023-02-16 11:59:42,138] {base.py:68} INFO - Using connection ID 'postgres' for task execution.
[2023-02-16 11:59:42,165] {base.py:68} INFO - Using connection ID 'postgres' for task execution.
[2023-02-16 11:59:42,170] {sql.py:375} INFO - Running statement: 
                                        CREATE TABLE IF NOT EXISTS users (
                                            firstname TEXT NOT NULL,
                                            lastname TEXT NOT NULL,
                                            country TEXT NOT NULL,
                                            username TEXT NOT NULL,
                                            password TEXT NOT NULL,
                                            email TEXT NOT NULL
                                        );
                                    , parameters: None
[2023-02-16 11:59:42,180] {taskinstance.py:1395} INFO - Marking task as SUCCESS. dag_id=1.6_user_processing, task_id=create_table, execution_date=20230216T175940, start_date=20230216T175941, end_date=20230216T175942
[2023-02-16 11:59:42,202] {local_task_job.py:156} INFO - Task exited with return code 0
[2023-02-16 11:59:42,230] {local_task_job.py:273} INFO - 1 downstream tasks scheduled from follow-on schedule check
