[2023-02-18T02:59:29.046-0600] {taskinstance.py:1165} INFO - Dependencies all met for <TaskInstance: 7_branch_dag.t1 scheduled__2023-02-17T00:00:00+00:00 [queued]>
[2023-02-18T02:59:29.067-0600] {taskinstance.py:1165} INFO - Dependencies all met for <TaskInstance: 7_branch_dag.t1 scheduled__2023-02-17T00:00:00+00:00 [queued]>
[2023-02-18T02:59:29.069-0600] {taskinstance.py:1362} INFO - 
--------------------------------------------------------------------------------
[2023-02-18T02:59:29.072-0600] {taskinstance.py:1363} INFO - Starting attempt 1 of 1
[2023-02-18T02:59:29.074-0600] {taskinstance.py:1364} INFO - 
--------------------------------------------------------------------------------
[2023-02-18T02:59:29.169-0600] {taskinstance.py:1383} INFO - Executing <Task(PythonOperator): t1> on 2023-02-17 00:00:00+00:00
[2023-02-18T02:59:29.177-0600] {standard_task_runner.py:54} INFO - Started process 191124 to run task
[2023-02-18T02:59:29.183-0600] {standard_task_runner.py:82} INFO - Running: ['***', 'tasks', 'run', '7_branch_dag', 't1', 'scheduled__2023-02-17T00:00:00+00:00', '--job-id', '425', '--raw', '--subdir', 'DAGS_FOLDER/Introduction_to_Apache_Airflow/7_branch_dag.py', '--cfg-path', '/tmp/tmpw234vt3r']
[2023-02-18T02:59:29.186-0600] {standard_task_runner.py:83} INFO - Job 425: Subtask t1
[2023-02-18T02:59:29.188-0600] {dagbag.py:525} INFO - Filling up the DagBag from /c/Airflow/dags/Introduction_to_Apache_Airflow/7_branch_dag.py
[2023-02-18T02:59:29.443-0600] {task_command.py:384} INFO - Running <TaskInstance: 7_branch_dag.t1 scheduled__2023-02-17T00:00:00+00:00 [running]> on host Tinmar.
[2023-02-18T02:59:29.631-0600] {taskinstance.py:1590} INFO - Exporting the following env vars:
AIRFLOW_CTX_DAG_OWNER=***
AIRFLOW_CTX_DAG_ID=7_branch_dag
AIRFLOW_CTX_TASK_ID=t1
AIRFLOW_CTX_EXECUTION_DATE=2023-02-17T00:00:00+00:00
AIRFLOW_CTX_TRY_NUMBER=1
AIRFLOW_CTX_DAG_RUN_ID=scheduled__2023-02-17T00:00:00+00:00
[2023-02-18T02:59:29.669-0600] {python.py:177} INFO - Done. Returned value was: None
[2023-02-18T02:59:29.689-0600] {taskinstance.py:1401} INFO - Marking task as SUCCESS. dag_id=7_branch_dag, task_id=t1, execution_date=20230217T000000, start_date=20230218T085929, end_date=20230218T085929
[2023-02-18T02:59:29.723-0600] {local_task_job.py:164} INFO - Task exited with return code 0
[2023-02-18T02:59:29.767-0600] {local_task_job.py:273} INFO - 1 downstream tasks scheduled from follow-on schedule check
