[2023-02-17T08:50:07.811-0600] {taskinstance.py:1165} INFO - Dependencies all met for <TaskInstance: 6_xcom_dag.t1 manual__2023-02-17T14:50:07.121292+00:00 [queued]>
[2023-02-17T08:50:07.825-0600] {taskinstance.py:1165} INFO - Dependencies all met for <TaskInstance: 6_xcom_dag.t1 manual__2023-02-17T14:50:07.121292+00:00 [queued]>
[2023-02-17T08:50:07.826-0600] {taskinstance.py:1362} INFO - 
--------------------------------------------------------------------------------
[2023-02-17T08:50:07.827-0600] {taskinstance.py:1363} INFO - Starting attempt 1 of 1
[2023-02-17T08:50:07.830-0600] {taskinstance.py:1364} INFO - 
--------------------------------------------------------------------------------
[2023-02-17T08:50:07.843-0600] {taskinstance.py:1383} INFO - Executing <Task(PythonOperator): t1> on 2023-02-17 14:50:07.121292+00:00
[2023-02-17T08:50:07.847-0600] {standard_task_runner.py:54} INFO - Started process 14468 to run task
[2023-02-17T08:50:07.850-0600] {standard_task_runner.py:82} INFO - Running: ['***', 'tasks', 'run', '6_xcom_dag', 't1', 'manual__2023-02-17T14:50:07.121292+00:00', '--job-id', '373', '--raw', '--subdir', 'DAGS_FOLDER/Introduction_to_Apache_Airflow/6_xcom_dag.py', '--cfg-path', '/tmp/tmppx3k8mdx']
[2023-02-17T08:50:07.853-0600] {standard_task_runner.py:83} INFO - Job 373: Subtask t1
[2023-02-17T08:50:07.854-0600] {dagbag.py:525} INFO - Filling up the DagBag from /c/Airflow/dags/Introduction_to_Apache_Airflow/6_xcom_dag.py
[2023-02-17T08:50:07.964-0600] {task_command.py:384} INFO - Running <TaskInstance: 6_xcom_dag.t1 manual__2023-02-17T14:50:07.121292+00:00 [running]> on host Tinmar.
[2023-02-17T08:50:08.018-0600] {taskinstance.py:1590} INFO - Exporting the following env vars:
AIRFLOW_CTX_DAG_OWNER=***
AIRFLOW_CTX_DAG_ID=6_xcom_dag
AIRFLOW_CTX_TASK_ID=t1
AIRFLOW_CTX_EXECUTION_DATE=2023-02-17T14:50:07.121292+00:00
AIRFLOW_CTX_TRY_NUMBER=1
AIRFLOW_CTX_DAG_RUN_ID=manual__2023-02-17T14:50:07.121292+00:00
[2023-02-17T08:50:08.019-0600] {taskinstance.py:1851} ERROR - Task failed with exception
Traceback (most recent call last):
  File "/home/tinmar/.local/lib/python3.10/site-packages/airflow/operators/python.py", line 175, in execute
    return_value = self.execute_callable()
  File "/home/tinmar/.local/lib/python3.10/site-packages/airflow/operators/python.py", line 193, in execute_callable
    return self.python_callable(*self.op_args, **self.op_kwargs)
  File "/c/Airflow/dags/Introduction_to_Apache_Airflow/6_xcom_dag.py", line 8, in _t1
    ti.xcom_push(key='my_key', value=42)
NameError: name 'ti' is not defined
[2023-02-17T08:50:08.032-0600] {taskinstance.py:1401} INFO - Marking task as FAILED. dag_id=6_xcom_dag, task_id=t1, execution_date=20230217T145007, start_date=20230217T145007, end_date=20230217T145008
[2023-02-17T08:50:08.042-0600] {standard_task_runner.py:102} ERROR - Failed to execute job 373 for task t1 (name 'ti' is not defined; 14468)
[2023-02-17T08:50:08.062-0600] {local_task_job.py:164} INFO - Task exited with return code 1
[2023-02-17T08:50:08.086-0600] {local_task_job.py:273} INFO - 0 downstream tasks scheduled from follow-on schedule check
