[2023-02-18T18:29:02.483-0600] {taskinstance.py:1165} INFO - Dependencies all met for <TaskInstance: 6_xcom_dag.t2 scheduled__2023-02-18T00:00:00+00:00 [queued]>
[2023-02-18T18:29:02.505-0600] {taskinstance.py:1165} INFO - Dependencies all met for <TaskInstance: 6_xcom_dag.t2 scheduled__2023-02-18T00:00:00+00:00 [queued]>
[2023-02-18T18:29:02.506-0600] {taskinstance.py:1362} INFO - 
--------------------------------------------------------------------------------
[2023-02-18T18:29:02.507-0600] {taskinstance.py:1363} INFO - Starting attempt 1 of 1
[2023-02-18T18:29:02.509-0600] {taskinstance.py:1364} INFO - 
--------------------------------------------------------------------------------
[2023-02-18T18:29:02.537-0600] {taskinstance.py:1383} INFO - Executing <Task(PythonOperator): t2> on 2023-02-18 00:00:00+00:00
[2023-02-18T18:29:02.554-0600] {standard_task_runner.py:82} INFO - Running: ['***', 'tasks', 'run', '6_xcom_dag', 't2', 'scheduled__2023-02-18T00:00:00+00:00', '--job-id', '500', '--raw', '--subdir', 'DAGS_FOLDER/Introduction_to_Apache_Airflow/6_xcom_dag.py', '--cfg-path', '/tmp/tmp88owhw7r']
[2023-02-18T18:29:02.554-0600] {standard_task_runner.py:54} INFO - Started process 195541 to run task
[2023-02-18T18:29:02.581-0600] {standard_task_runner.py:83} INFO - Job 500: Subtask t2
[2023-02-18T18:29:02.589-0600] {dagbag.py:525} INFO - Filling up the DagBag from /c/Airflow/dags/Introduction_to_Apache_Airflow/6_xcom_dag.py
[2023-02-18T18:29:04.023-0600] {task_command.py:384} INFO - Running <TaskInstance: 6_xcom_dag.t2 scheduled__2023-02-18T00:00:00+00:00 [running]> on host Tinmar.
[2023-02-18T18:29:04.138-0600] {taskinstance.py:1590} INFO - Exporting the following env vars:
AIRFLOW_CTX_DAG_OWNER=***
AIRFLOW_CTX_DAG_ID=6_xcom_dag
AIRFLOW_CTX_TASK_ID=t2
AIRFLOW_CTX_EXECUTION_DATE=2023-02-18T00:00:00+00:00
AIRFLOW_CTX_TRY_NUMBER=1
AIRFLOW_CTX_DAG_RUN_ID=scheduled__2023-02-18T00:00:00+00:00
[2023-02-18T18:29:04.159-0600] {logging_mixin.py:117} INFO - 42
[2023-02-18T18:29:04.160-0600] {python.py:177} INFO - Done. Returned value was: None
[2023-02-18T18:29:04.176-0600] {taskinstance.py:1401} INFO - Marking task as SUCCESS. dag_id=6_xcom_dag, task_id=t2, execution_date=20230218T000000, start_date=20230219T002902, end_date=20230219T002904
[2023-02-18T18:29:04.243-0600] {local_task_job.py:164} INFO - Task exited with return code 0
[2023-02-18T18:29:04.552-0600] {local_task_job.py:273} INFO - 0 downstream tasks scheduled from follow-on schedule check
