[2023-02-01 18:09:13,813] {taskinstance.py:1159} INFO - Dependencies all met for <TaskInstance: 6_dataproc_airflow.delete_cluster manual__2023-02-01T23:53:34.596502+00:00 [queued]>
[2023-02-01 18:09:13,824] {taskinstance.py:1159} INFO - Dependencies all met for <TaskInstance: 6_dataproc_airflow.delete_cluster manual__2023-02-01T23:53:34.596502+00:00 [queued]>
[2023-02-01 18:09:13,824] {taskinstance.py:1356} INFO - 
--------------------------------------------------------------------------------
[2023-02-01 18:09:13,825] {taskinstance.py:1357} INFO - Starting attempt 2 of 2
[2023-02-01 18:09:13,825] {taskinstance.py:1358} INFO - 
--------------------------------------------------------------------------------
[2023-02-01 18:09:13,848] {taskinstance.py:1377} INFO - Executing <Task(DataprocDeleteClusterOperator): delete_cluster> on 2023-02-01 23:53:34.596502+00:00
[2023-02-01 18:09:13,850] {standard_task_runner.py:52} INFO - Started process 14849 to run task
[2023-02-01 18:09:13,852] {standard_task_runner.py:79} INFO - Running: ['airflow', 'tasks', 'run', '6_dataproc_airflow', 'delete_cluster', 'manual__2023-02-01T23:53:34.596502+00:00', '--job-id', '149', '--raw', '--subdir', 'DAGS_FOLDER/Airflow2_0_De_0_a_Heroe/6_dataproc_airflow.py', '--cfg-path', '/tmp/tmpb4b0f4sf', '--error-file', '/tmp/tmpw_idwm5w']
[2023-02-01 18:09:13,853] {standard_task_runner.py:80} INFO - Job 149: Subtask delete_cluster
[2023-02-01 18:09:13,909] {task_command.py:369} INFO - Running <TaskInstance: 6_dataproc_airflow.delete_cluster manual__2023-02-01T23:53:34.596502+00:00 [running]> on host Tinmar.
[2023-02-01 18:09:13,982] {taskinstance.py:1569} INFO - Exporting the following env vars:
AIRFLOW_CTX_DAG_OWNER=David S
AIRFLOW_CTX_DAG_ID=6_dataproc_airflow
AIRFLOW_CTX_TASK_ID=delete_cluster
AIRFLOW_CTX_EXECUTION_DATE=2023-02-01T23:53:34.596502+00:00
AIRFLOW_CTX_TRY_NUMBER=2
AIRFLOW_CTX_DAG_RUN_ID=manual__2023-02-01T23:53:34.596502+00:00
[2023-02-01 18:09:13,992] {base.py:68} INFO - Using connection ID 'google_cloud_default' for task execution.
[2023-02-01 18:09:13,993] {dataproc.py:817} INFO - Deleting cluster: airflow-spark-cluster
[2023-02-01 18:09:45,216] {dataproc.py:829} INFO - Cluster deleted.
[2023-02-01 18:09:45,244] {taskinstance.py:1395} INFO - Marking task as SUCCESS. dag_id=6_dataproc_airflow, task_id=delete_cluster, execution_date=20230201T235334, start_date=20230202T000913, end_date=20230202T000945
[2023-02-01 18:09:45,316] {local_task_job.py:156} INFO - Task exited with return code 0
