[2023-02-21T08:48:22.962-0600] {taskinstance.py:1165} INFO - Dependencies all met for <TaskInstance: 1.6.2_user_processing.is_api_available scheduled__2023-02-20T00:00:00+00:00 [queued]>
[2023-02-21T08:48:22.996-0600] {taskinstance.py:1165} INFO - Dependencies all met for <TaskInstance: 1.6.2_user_processing.is_api_available scheduled__2023-02-20T00:00:00+00:00 [queued]>
[2023-02-21T08:48:23.018-0600] {taskinstance.py:1362} INFO - 
--------------------------------------------------------------------------------
[2023-02-21T08:48:23.026-0600] {taskinstance.py:1363} INFO - Starting attempt 1 of 1
[2023-02-21T08:48:23.035-0600] {taskinstance.py:1364} INFO - 
--------------------------------------------------------------------------------
[2023-02-21T08:48:23.121-0600] {taskinstance.py:1383} INFO - Executing <Task(HttpSensor): is_api_available> on 2023-02-20 00:00:00+00:00
[2023-02-21T08:48:23.150-0600] {standard_task_runner.py:54} INFO - Started process 427706 to run task
[2023-02-21T08:48:23.160-0600] {standard_task_runner.py:82} INFO - Running: ['***', 'tasks', 'run', '1.6.2_user_processing', 'is_api_available', 'scheduled__2023-02-20T00:00:00+00:00', '--job-id', '602', '--raw', '--subdir', 'DAGS_FOLDER/Introduction_to_Apache_Airflow/1.6.2_user_processing.py', '--cfg-path', '/tmp/tmp9b5h5in8']
[2023-02-21T08:48:23.215-0600] {standard_task_runner.py:83} INFO - Job 602: Subtask is_api_available
[2023-02-21T08:48:23.227-0600] {dagbag.py:525} INFO - Filling up the DagBag from /c/Airflow/dags/Introduction_to_Apache_Airflow/1.6.2_user_processing.py
[2023-02-21T08:48:25.185-0600] {task_command.py:384} INFO - Running <TaskInstance: 1.6.2_user_processing.is_api_available scheduled__2023-02-20T00:00:00+00:00 [running]> on host Tinmar.
[2023-02-21T08:48:25.336-0600] {taskinstance.py:1590} INFO - Exporting the following env vars:
AIRFLOW_CTX_DAG_OWNER=Tinmar
AIRFLOW_CTX_DAG_ID=1.6.2_user_processing
AIRFLOW_CTX_TASK_ID=is_api_available
AIRFLOW_CTX_EXECUTION_DATE=2023-02-20T00:00:00+00:00
AIRFLOW_CTX_TRY_NUMBER=1
AIRFLOW_CTX_DAG_RUN_ID=scheduled__2023-02-20T00:00:00+00:00
[2023-02-21T08:48:25.342-0600] {http.py:122} INFO - Poking: api/
[2023-02-21T08:48:25.372-0600] {base.py:71} INFO - Using connection ID 'user_api' for task execution.
[2023-02-21T08:48:29.346-0600] {base.py:213} INFO - Success criteria met. Exiting.
[2023-02-21T08:48:29.376-0600] {taskinstance.py:1401} INFO - Marking task as SUCCESS. dag_id=1.6.2_user_processing, task_id=is_api_available, execution_date=20230220T000000, start_date=20230221T144822, end_date=20230221T144829
[2023-02-21T08:48:29.713-0600] {local_task_job.py:164} INFO - Task exited with return code 0
[2023-02-21T08:48:29.784-0600] {local_task_job.py:273} INFO - 0 downstream tasks scheduled from follow-on schedule check
