[2023-02-18T02:59:40.742-0600] {taskinstance.py:1165} INFO - Dependencies all met for <TaskInstance: 5_task_group.check_files scheduled__2023-02-17T00:00:00+00:00 [queued]>
[2023-02-18T02:59:40.753-0600] {taskinstance.py:1165} INFO - Dependencies all met for <TaskInstance: 5_task_group.check_files scheduled__2023-02-17T00:00:00+00:00 [queued]>
[2023-02-18T02:59:40.754-0600] {taskinstance.py:1362} INFO - 
--------------------------------------------------------------------------------
[2023-02-18T02:59:40.756-0600] {taskinstance.py:1363} INFO - Starting attempt 1 of 1
[2023-02-18T02:59:40.757-0600] {taskinstance.py:1364} INFO - 
--------------------------------------------------------------------------------
[2023-02-18T02:59:40.769-0600] {taskinstance.py:1383} INFO - Executing <Task(BashOperator): check_files> on 2023-02-17 00:00:00+00:00
[2023-02-18T02:59:40.773-0600] {standard_task_runner.py:54} INFO - Started process 192272 to run task
[2023-02-18T02:59:40.776-0600] {standard_task_runner.py:82} INFO - Running: ['***', 'tasks', 'run', '5_task_group', 'check_files', 'scheduled__2023-02-17T00:00:00+00:00', '--job-id', '464', '--raw', '--subdir', 'DAGS_FOLDER/Introduction_to_Apache_Airflow/5_task_group.py', '--cfg-path', '/tmp/tmpvql69u9b']
[2023-02-18T02:59:40.778-0600] {standard_task_runner.py:83} INFO - Job 464: Subtask check_files
[2023-02-18T02:59:40.780-0600] {dagbag.py:525} INFO - Filling up the DagBag from /c/Airflow/dags/Introduction_to_Apache_Airflow/5_task_group.py
[2023-02-18T02:59:40.964-0600] {task_command.py:384} INFO - Running <TaskInstance: 5_task_group.check_files scheduled__2023-02-17T00:00:00+00:00 [running]> on host Tinmar.
[2023-02-18T02:59:41.022-0600] {taskinstance.py:1590} INFO - Exporting the following env vars:
AIRFLOW_CTX_DAG_OWNER=***
AIRFLOW_CTX_DAG_ID=5_task_group
AIRFLOW_CTX_TASK_ID=check_files
AIRFLOW_CTX_EXECUTION_DATE=2023-02-17T00:00:00+00:00
AIRFLOW_CTX_TRY_NUMBER=1
AIRFLOW_CTX_DAG_RUN_ID=scheduled__2023-02-17T00:00:00+00:00
[2023-02-18T02:59:41.023-0600] {subprocess.py:63} INFO - Tmp dir root location: 
 /tmp
[2023-02-18T02:59:41.024-0600] {subprocess.py:75} INFO - Running command: ['/usr/bin/bash', '-c', 'sleep 10']
[2023-02-18T02:59:41.029-0600] {subprocess.py:86} INFO - Output:
[2023-02-18T02:59:51.030-0600] {subprocess.py:97} INFO - Command exited with return code 0
[2023-02-18T02:59:51.052-0600] {taskinstance.py:1401} INFO - Marking task as SUCCESS. dag_id=5_task_group, task_id=check_files, execution_date=20230217T000000, start_date=20230218T085940, end_date=20230218T085951
[2023-02-18T02:59:51.102-0600] {local_task_job.py:164} INFO - Task exited with return code 0
[2023-02-18T02:59:51.120-0600] {local_task_job.py:273} INFO - 3 downstream tasks scheduled from follow-on schedule check
