[2023-02-15 16:48:45,991] {taskinstance.py:1159} INFO - Dependencies all met for <TaskInstance: 7_dataproc_subdags.delete_cluster scheduled__2023-02-14T00:00:00+00:00 [queued]>
[2023-02-15 16:48:45,997] {taskinstance.py:1159} INFO - Dependencies all met for <TaskInstance: 7_dataproc_subdags.delete_cluster scheduled__2023-02-14T00:00:00+00:00 [queued]>
[2023-02-15 16:48:45,997] {taskinstance.py:1356} INFO - 
--------------------------------------------------------------------------------
[2023-02-15 16:48:45,998] {taskinstance.py:1357} INFO - Starting attempt 1 of 1
[2023-02-15 16:48:45,998] {taskinstance.py:1358} INFO - 
--------------------------------------------------------------------------------
[2023-02-15 16:48:46,006] {taskinstance.py:1377} INFO - Executing <Task(DataprocDeleteClusterOperator): delete_cluster> on 2023-02-14 00:00:00+00:00
[2023-02-15 16:48:46,008] {standard_task_runner.py:52} INFO - Started process 443161 to run task
[2023-02-15 16:48:46,010] {standard_task_runner.py:79} INFO - Running: ['***', 'tasks', 'run', '7_dataproc_subdags', 'delete_cluster', 'scheduled__2023-02-14T00:00:00+00:00', '--job-id', '216', '--raw', '--subdir', 'DAGS_FOLDER/Airflow2_0_De_0_a_Heroe/7_dataproc_subdags.py', '--cfg-path', '/tmp/tmp_5zlqmgg', '--error-file', '/tmp/tmpiayu5iii']
[2023-02-15 16:48:46,011] {standard_task_runner.py:80} INFO - Job 216: Subtask delete_cluster
[2023-02-15 16:48:46,053] {task_command.py:369} INFO - Running <TaskInstance: 7_dataproc_subdags.delete_cluster scheduled__2023-02-14T00:00:00+00:00 [running]> on host Tinmar.
[2023-02-15 16:48:46,102] {taskinstance.py:1569} INFO - Exporting the following env vars:
AIRFLOW_CTX_DAG_OWNER=David Sanchez
AIRFLOW_CTX_DAG_ID=7_dataproc_subdags
AIRFLOW_CTX_TASK_ID=delete_cluster
AIRFLOW_CTX_EXECUTION_DATE=2023-02-14T00:00:00+00:00
AIRFLOW_CTX_TRY_NUMBER=1
AIRFLOW_CTX_DAG_RUN_ID=scheduled__2023-02-14T00:00:00+00:00
[2023-02-15 16:48:46,113] {base.py:68} INFO - Using connection ID 'google_cloud_default' for task execution.
[2023-02-15 16:48:46,117] {dataproc.py:817} INFO - Deleting cluster: ***-spark-cluster
[2023-02-15 16:48:46,505] {taskinstance.py:1889} ERROR - Task failed with exception
Traceback (most recent call last):
  File "/home/tinmar/.local/lib/python3.10/site-packages/google/api_core/grpc_helpers.py", line 50, in error_remapped_callable
    return callable_(*args, **kwargs)
  File "/home/tinmar/.local/lib/python3.10/site-packages/grpc/_channel.py", line 946, in __call__
    return _end_unary_response_blocking(state, call, False, None)
  File "/home/tinmar/.local/lib/python3.10/site-packages/grpc/_channel.py", line 849, in _end_unary_response_blocking
    raise _InactiveRpcError(state)
grpc._channel._InactiveRpcError: <_InactiveRpcError of RPC that terminated with:
	status = StatusCode.FAILED_PRECONDITION
	details = "Cannot delete cluster 'airflow-spark-cluster' while it has other pending delete operations."
	debug_error_string = "UNKNOWN:Error received from peer ipv4:172.217.15.10:443 {created_time:"2023-02-15T16:48:46.505126814-06:00", grpc_status:9, grpc_message:"Cannot delete cluster \'airflow-spark-cluster\' while it has other pending delete operations."}"
>

The above exception was the direct cause of the following exception:

Traceback (most recent call last):
  File "/home/tinmar/.local/lib/python3.10/site-packages/airflow/providers/google/cloud/operators/dataproc.py", line 818, in execute
    operation = hook.delete_cluster(
  File "/home/tinmar/.local/lib/python3.10/site-packages/airflow/providers/google/common/hooks/base_google.py", line 462, in inner_wrapper
    return func(self, *args, **kwargs)
  File "/home/tinmar/.local/lib/python3.10/site-packages/airflow/providers/google/cloud/hooks/dataproc.py", line 365, in delete_cluster
    result = client.delete_cluster(
  File "/home/tinmar/.local/lib/python3.10/site-packages/google/cloud/dataproc_v1/services/cluster_controller/client.py", line 1124, in delete_cluster
    response = rpc(
  File "/home/tinmar/.local/lib/python3.10/site-packages/google/api_core/gapic_v1/method.py", line 154, in __call__
    return wrapped_func(*args, **kwargs)
  File "/home/tinmar/.local/lib/python3.10/site-packages/google/api_core/retry.py", line 283, in retry_wrapped_func
    return retry_target(
  File "/home/tinmar/.local/lib/python3.10/site-packages/google/api_core/retry.py", line 190, in retry_target
    return target()
  File "/home/tinmar/.local/lib/python3.10/site-packages/google/api_core/grpc_helpers.py", line 52, in error_remapped_callable
    raise exceptions.from_grpc_error(exc) from exc
google.api_core.exceptions.FailedPrecondition: 400 Cannot delete cluster 'airflow-spark-cluster' while it has other pending delete operations.
[2023-02-15 16:48:46,518] {taskinstance.py:1395} INFO - Marking task as FAILED. dag_id=7_dataproc_subdags, task_id=delete_cluster, execution_date=20230214T000000, start_date=20230215T224845, end_date=20230215T224846
[2023-02-15 16:48:46,527] {standard_task_runner.py:92} ERROR - Failed to execute job 216 for task delete_cluster (400 Cannot delete cluster 'airflow-spark-cluster' while it has other pending delete operations.; 443161)
[2023-02-15 16:48:46,545] {local_task_job.py:156} INFO - Task exited with return code 1
[2023-02-15 16:48:46,572] {local_task_job.py:273} INFO - 0 downstream tasks scheduled from follow-on schedule check
