[2023-02-18T18:29:22.686-0600] {taskinstance.py:1165} INFO - Dependencies all met for <TaskInstance: 4.1_group_dag.transform_a scheduled__2023-02-18T00:00:00+00:00 [queued]>
[2023-02-18T18:29:22.695-0600] {taskinstance.py:1165} INFO - Dependencies all met for <TaskInstance: 4.1_group_dag.transform_a scheduled__2023-02-18T00:00:00+00:00 [queued]>
[2023-02-18T18:29:22.696-0600] {taskinstance.py:1362} INFO - 
--------------------------------------------------------------------------------
[2023-02-18T18:29:22.697-0600] {taskinstance.py:1363} INFO - Starting attempt 1 of 1
[2023-02-18T18:29:22.697-0600] {taskinstance.py:1364} INFO - 
--------------------------------------------------------------------------------
[2023-02-18T18:29:22.706-0600] {taskinstance.py:1383} INFO - Executing <Task(BashOperator): transform_a> on 2023-02-18 00:00:00+00:00
[2023-02-18T18:29:22.708-0600] {standard_task_runner.py:54} INFO - Started process 196664 to run task
[2023-02-18T18:29:22.711-0600] {standard_task_runner.py:82} INFO - Running: ['***', 'tasks', 'run', '4.1_group_dag', 'transform_a', 'scheduled__2023-02-18T00:00:00+00:00', '--job-id', '526', '--raw', '--subdir', 'DAGS_FOLDER/Introduction_to_Apache_Airflow/4.1_group_dag.py', '--cfg-path', '/tmp/tmp0a4h8hkz']
[2023-02-18T18:29:22.714-0600] {standard_task_runner.py:83} INFO - Job 526: Subtask transform_a
[2023-02-18T18:29:22.716-0600] {dagbag.py:525} INFO - Filling up the DagBag from /c/Airflow/dags/Introduction_to_Apache_Airflow/4.1_group_dag.py
[2023-02-18T18:29:22.805-0600] {task_command.py:384} INFO - Running <TaskInstance: 4.1_group_dag.transform_a scheduled__2023-02-18T00:00:00+00:00 [running]> on host Tinmar.
[2023-02-18T18:29:22.854-0600] {taskinstance.py:1590} INFO - Exporting the following env vars:
AIRFLOW_CTX_DAG_OWNER=***
AIRFLOW_CTX_DAG_ID=4.1_group_dag
AIRFLOW_CTX_TASK_ID=transform_a
AIRFLOW_CTX_EXECUTION_DATE=2023-02-18T00:00:00+00:00
AIRFLOW_CTX_TRY_NUMBER=1
AIRFLOW_CTX_DAG_RUN_ID=scheduled__2023-02-18T00:00:00+00:00
[2023-02-18T18:29:22.855-0600] {subprocess.py:63} INFO - Tmp dir root location: 
 /tmp
[2023-02-18T18:29:22.855-0600] {subprocess.py:75} INFO - Running command: ['/usr/bin/bash', '-c', 'sleep 10']
[2023-02-18T18:29:22.865-0600] {subprocess.py:86} INFO - Output:
[2023-02-18T18:29:32.866-0600] {subprocess.py:97} INFO - Command exited with return code 0
[2023-02-18T18:29:32.895-0600] {taskinstance.py:1401} INFO - Marking task as SUCCESS. dag_id=4.1_group_dag, task_id=transform_a, execution_date=20230218T000000, start_date=20230219T002922, end_date=20230219T002932
[2023-02-18T18:29:32.945-0600] {local_task_job.py:164} INFO - Task exited with return code 0
[2023-02-18T18:29:32.994-0600] {local_task_job.py:273} INFO - 0 downstream tasks scheduled from follow-on schedule check
