[2023-02-13 10:17:31,399] {taskinstance.py:1159} INFO - Dependencies all met for <TaskInstance: hooks_tercer_dag.get_pandas manual__2023-02-13T15:30:01.735371+00:00 [queued]>
[2023-02-13 10:17:31,405] {taskinstance.py:1159} INFO - Dependencies all met for <TaskInstance: hooks_tercer_dag.get_pandas manual__2023-02-13T15:30:01.735371+00:00 [queued]>
[2023-02-13 10:17:31,405] {taskinstance.py:1356} INFO - 
--------------------------------------------------------------------------------
[2023-02-13 10:17:31,406] {taskinstance.py:1357} INFO - Starting attempt 9 of 9
[2023-02-13 10:17:31,406] {taskinstance.py:1358} INFO - 
--------------------------------------------------------------------------------
[2023-02-13 10:17:31,413] {taskinstance.py:1377} INFO - Executing <Task(PythonOperator): get_pandas> on 2023-02-13 15:30:01.735371+00:00
[2023-02-13 10:17:31,416] {standard_task_runner.py:52} INFO - Started process 38063 to run task
[2023-02-13 10:17:31,418] {standard_task_runner.py:79} INFO - Running: ['***', 'tasks', 'run', 'hooks_tercer_dag', 'get_pandas', 'manual__2023-02-13T15:30:01.735371+00:00', '--job-id', '104', '--raw', '--subdir', 'DAGS_FOLDER/Apache_Airflow/hooks_tercer_dag.py', '--cfg-path', '/tmp/tmp7y3mqdxc', '--error-file', '/tmp/tmp42ckjxdb']
[2023-02-13 10:17:31,419] {standard_task_runner.py:80} INFO - Job 104: Subtask get_pandas
[2023-02-13 10:17:31,459] {task_command.py:369} INFO - Running <TaskInstance: hooks_tercer_dag.get_pandas manual__2023-02-13T15:30:01.735371+00:00 [running]> on host Tinmar.
[2023-02-13 10:17:31,504] {taskinstance.py:1569} INFO - Exporting the following env vars:
AIRFLOW_CTX_DAG_OWNER=Tinmar
AIRFLOW_CTX_DAG_ID=hooks_tercer_dag
AIRFLOW_CTX_TASK_ID=get_pandas
AIRFLOW_CTX_EXECUTION_DATE=2023-02-13T15:30:01.735371+00:00
AIRFLOW_CTX_TRY_NUMBER=9
AIRFLOW_CTX_DAG_RUN_ID=manual__2023-02-13T15:30:01.735371+00:00
[2023-02-13 10:17:31,513] {base.py:68} INFO - Using connection ID 'redshift_default' for task execution.
[2023-02-13 10:17:31,526] {base.py:68} INFO - Using connection ID 'aws_default' for task execution.
[2023-02-13 10:17:33,816] {taskinstance.py:1889} ERROR - Task failed with exception
Traceback (most recent call last):
  File "/home/tinmar/.local/lib/python3.10/site-packages/airflow/operators/python.py", line 171, in execute
    return_value = self.execute_callable()
  File "/home/tinmar/.local/lib/python3.10/site-packages/airflow/operators/python.py", line 189, in execute_callable
    return self.python_callable(*self.op_args, **self.op_kwargs)
  File "/c/Airflow/dags/Apache_Airflow/hooks_tercer_dag.py", line 18, in get_pandas
    df = conn.get_pandas_df('SELECT * FROM TABLE')
  File "/home/tinmar/.local/lib/python3.10/site-packages/airflow/providers/common/sql/hooks/sql.py", line 200, in get_pandas_df
    with closing(self.get_conn()) as conn:
  File "/home/tinmar/.local/lib/python3.10/site-packages/airflow/providers/postgres/hooks/postgres.py", line 121, in get_conn
    conn.login, conn.password, conn.port = self.get_iam_token(conn)
  File "/home/tinmar/.local/lib/python3.10/site-packages/airflow/providers/postgres/hooks/postgres.py", line 238, in get_iam_token
    rds_client = AwsBaseHook(aws_conn_id=aws_conn_id, client_type="rds").conn
  File "/usr/lib/python3.10/functools.py", line 981, in __get__
    val = self.func(instance)
  File "/home/tinmar/.local/lib/python3.10/site-packages/airflow/providers/amazon/aws/hooks/base_aws.py", line 609, in conn
    return self.get_client_type(region_name=self.region_name)
  File "/home/tinmar/.local/lib/python3.10/site-packages/airflow/providers/amazon/aws/hooks/base_aws.py", line 574, in get_client_type
    return session.client(
  File "/home/tinmar/.local/lib/python3.10/site-packages/boto3/session.py", line 299, in client
    return self._session.create_client(
  File "/home/tinmar/.local/lib/python3.10/site-packages/botocore/session.py", line 976, in create_client
    client = client_creator.create_client(
  File "/home/tinmar/.local/lib/python3.10/site-packages/botocore/client.py", line 155, in create_client
    client_args = self._get_client_args(
  File "/home/tinmar/.local/lib/python3.10/site-packages/botocore/client.py", line 485, in _get_client_args
    return args_creator.get_client_args(
  File "/home/tinmar/.local/lib/python3.10/site-packages/botocore/args.py", line 92, in get_client_args
    final_args = self.compute_client_args(
  File "/home/tinmar/.local/lib/python3.10/site-packages/botocore/args.py", line 205, in compute_client_args
    endpoint_config = self._compute_endpoint_config(
  File "/home/tinmar/.local/lib/python3.10/site-packages/botocore/args.py", line 313, in _compute_endpoint_config
    return self._resolve_endpoint(**resolve_endpoint_kwargs)
  File "/home/tinmar/.local/lib/python3.10/site-packages/botocore/args.py", line 418, in _resolve_endpoint
    return endpoint_bridge.resolve(
  File "/home/tinmar/.local/lib/python3.10/site-packages/botocore/client.py", line 590, in resolve
    resolved = self.endpoint_resolver.construct_endpoint(
  File "/home/tinmar/.local/lib/python3.10/site-packages/botocore/regions.py", line 229, in construct_endpoint
    result = self._endpoint_for_partition(
  File "/home/tinmar/.local/lib/python3.10/site-packages/botocore/regions.py", line 277, in _endpoint_for_partition
    raise NoRegionError()
botocore.exceptions.NoRegionError: You must specify a region.
[2023-02-13 10:17:33,828] {taskinstance.py:1395} INFO - Marking task as FAILED. dag_id=hooks_tercer_dag, task_id=get_pandas, execution_date=20230213T153001, start_date=20230213T161731, end_date=20230213T161733
[2023-02-13 10:17:33,836] {standard_task_runner.py:92} ERROR - Failed to execute job 104 for task get_pandas (You must specify a region.; 38063)
[2023-02-13 10:17:33,857] {local_task_job.py:156} INFO - Task exited with return code 1
[2023-02-13 10:17:33,886] {local_task_job.py:273} INFO - 0 downstream tasks scheduled from follow-on schedule check
