[2023-02-02 10:05:44,000] {taskinstance.py:1159} INFO - Dependencies all met for <TaskInstance: 6_dataproc_airflow.create_cluster manual__2023-02-02T00:11:53.728323+00:00 [queued]>
[2023-02-02 10:05:44,013] {taskinstance.py:1159} INFO - Dependencies all met for <TaskInstance: 6_dataproc_airflow.create_cluster manual__2023-02-02T00:11:53.728323+00:00 [queued]>
[2023-02-02 10:05:44,014] {taskinstance.py:1356} INFO - 
--------------------------------------------------------------------------------
[2023-02-02 10:05:44,016] {taskinstance.py:1357} INFO - Starting attempt 3 of 3
[2023-02-02 10:05:44,016] {taskinstance.py:1358} INFO - 
--------------------------------------------------------------------------------
[2023-02-02 10:05:44,046] {taskinstance.py:1377} INFO - Executing <Task(DataprocCreateClusterOperator): create_cluster> on 2023-02-02 00:11:53.728323+00:00
[2023-02-02 10:05:44,048] {standard_task_runner.py:52} INFO - Started process 16859 to run task
[2023-02-02 10:05:44,050] {standard_task_runner.py:79} INFO - Running: ['airflow', 'tasks', 'run', '6_dataproc_airflow', 'create_cluster', 'manual__2023-02-02T00:11:53.728323+00:00', '--job-id', '158', '--raw', '--subdir', 'DAGS_FOLDER/Airflow2_0_De_0_a_Heroe/6_dataproc_airflow.py', '--cfg-path', '/tmp/tmpqr5kaym_', '--error-file', '/tmp/tmpabcs89gp']
[2023-02-02 10:05:44,051] {standard_task_runner.py:80} INFO - Job 158: Subtask create_cluster
[2023-02-02 10:05:44,116] {task_command.py:369} INFO - Running <TaskInstance: 6_dataproc_airflow.create_cluster manual__2023-02-02T00:11:53.728323+00:00 [running]> on host Tinmar.
[2023-02-02 10:05:44,218] {taskinstance.py:1569} INFO - Exporting the following env vars:
AIRFLOW_CTX_DAG_OWNER=David S
AIRFLOW_CTX_DAG_ID=6_dataproc_airflow
AIRFLOW_CTX_TASK_ID=create_cluster
AIRFLOW_CTX_EXECUTION_DATE=2023-02-02T00:11:53.728323+00:00
AIRFLOW_CTX_TRY_NUMBER=3
AIRFLOW_CTX_DAG_RUN_ID=manual__2023-02-02T00:11:53.728323+00:00
[2023-02-02 10:05:44,219] {dataproc.py:591} INFO - Creating cluster: airflow-spark-cluster
[2023-02-02 10:05:44,231] {base.py:68} INFO - Using connection ID 'google_cloud_default' for task execution.
[2023-02-02 10:08:35,482] {dataproc.py:535} INFO - Cluster created.
[2023-02-02 10:08:35,547] {taskinstance.py:1395} INFO - Marking task as SUCCESS. dag_id=6_dataproc_airflow, task_id=create_cluster, execution_date=20230202T001153, start_date=20230202T160544, end_date=20230202T160835
[2023-02-02 10:08:35,613] {local_task_job.py:156} INFO - Task exited with return code 0
