[2023-02-17T09:14:56.182-0600] {taskinstance.py:1165} INFO - Dependencies all met for <TaskInstance: 7_branch_dag.branch manual__2023-02-17T15:14:53.884750+00:00 [queued]>
[2023-02-17T09:14:56.191-0600] {taskinstance.py:1165} INFO - Dependencies all met for <TaskInstance: 7_branch_dag.branch manual__2023-02-17T15:14:53.884750+00:00 [queued]>
[2023-02-17T09:14:56.191-0600] {taskinstance.py:1362} INFO - 
--------------------------------------------------------------------------------
[2023-02-17T09:14:56.192-0600] {taskinstance.py:1363} INFO - Starting attempt 1 of 1
[2023-02-17T09:14:56.192-0600] {taskinstance.py:1364} INFO - 
--------------------------------------------------------------------------------
[2023-02-17T09:14:56.201-0600] {taskinstance.py:1383} INFO - Executing <Task(BranchPythonOperator): branch> on 2023-02-17 15:14:53.884750+00:00
[2023-02-17T09:14:56.204-0600] {standard_task_runner.py:54} INFO - Started process 28296 to run task
[2023-02-17T09:14:56.206-0600] {standard_task_runner.py:82} INFO - Running: ['***', 'tasks', 'run', '7_branch_dag', 'branch', 'manual__2023-02-17T15:14:53.884750+00:00', '--job-id', '388', '--raw', '--subdir', 'DAGS_FOLDER/Introduction_to_Apache_Airflow/7_branch_dag.py', '--cfg-path', '/tmp/tmp22637iqo']
[2023-02-17T09:14:56.208-0600] {standard_task_runner.py:83} INFO - Job 388: Subtask branch
[2023-02-17T09:14:56.209-0600] {dagbag.py:525} INFO - Filling up the DagBag from /c/Airflow/dags/Introduction_to_Apache_Airflow/7_branch_dag.py
[2023-02-17T09:14:56.306-0600] {task_command.py:384} INFO - Running <TaskInstance: 7_branch_dag.branch manual__2023-02-17T15:14:53.884750+00:00 [running]> on host Tinmar.
[2023-02-17T09:14:56.358-0600] {taskinstance.py:1590} INFO - Exporting the following env vars:
AIRFLOW_CTX_DAG_OWNER=***
AIRFLOW_CTX_DAG_ID=7_branch_dag
AIRFLOW_CTX_TASK_ID=branch
AIRFLOW_CTX_EXECUTION_DATE=2023-02-17T15:14:53.884750+00:00
AIRFLOW_CTX_TRY_NUMBER=1
AIRFLOW_CTX_DAG_RUN_ID=manual__2023-02-17T15:14:53.884750+00:00
[2023-02-17T09:14:56.369-0600] {python.py:177} INFO - Done. Returned value was: <Task(PythonOperator): t2>
[2023-02-17T09:14:56.380-0600] {taskinstance.py:1851} ERROR - Task failed with exception
Traceback (most recent call last):
  File "/home/tinmar/.local/lib/python3.10/site-packages/airflow/operators/python.py", line 220, in execute
    raise AirflowException("Branch callable must return either None, a task ID, or a list of IDs")
airflow.exceptions.AirflowException: Branch callable must return either None, a task ID, or a list of IDs
[2023-02-17T09:14:56.383-0600] {taskinstance.py:1401} INFO - Marking task as FAILED. dag_id=7_branch_dag, task_id=branch, execution_date=20230217T151453, start_date=20230217T151456, end_date=20230217T151456
[2023-02-17T09:14:56.391-0600] {standard_task_runner.py:102} ERROR - Failed to execute job 388 for task branch (Branch callable must return either None, a task ID, or a list of IDs; 28296)
[2023-02-17T09:14:56.419-0600] {local_task_job.py:164} INFO - Task exited with return code 1
[2023-02-17T09:14:56.440-0600] {local_task_job.py:273} INFO - 0 downstream tasks scheduled from follow-on schedule check
