[2023-02-17T08:30:14.970-0600] {taskinstance.py:1165} INFO - Dependencies all met for <TaskInstance: 3_parallel_dag.extract_b scheduled__2023-02-16T00:00:00+00:00 [queued]>
[2023-02-17T08:30:14.985-0600] {taskinstance.py:1165} INFO - Dependencies all met for <TaskInstance: 3_parallel_dag.extract_b scheduled__2023-02-16T00:00:00+00:00 [queued]>
[2023-02-17T08:30:14.986-0600] {taskinstance.py:1362} INFO - 
--------------------------------------------------------------------------------
[2023-02-17T08:30:14.988-0600] {taskinstance.py:1363} INFO - Starting attempt 1 of 1
[2023-02-17T08:30:14.988-0600] {taskinstance.py:1364} INFO - 
--------------------------------------------------------------------------------
[2023-02-17T08:30:15.003-0600] {taskinstance.py:1383} INFO - Executing <Task(BashOperator): extract_b> on 2023-02-16 00:00:00+00:00
[2023-02-17T08:30:15.007-0600] {standard_task_runner.py:54} INFO - Started process 1989 to run task
[2023-02-17T08:30:15.014-0600] {standard_task_runner.py:82} INFO - Running: ['***', 'tasks', 'run', '3_parallel_dag', 'extract_b', 'scheduled__2023-02-16T00:00:00+00:00', '--job-id', '326', '--raw', '--subdir', 'DAGS_FOLDER/Introduction_to_Apache_Airflow/3_parallel_dag.py', '--cfg-path', '/tmp/tmpsk1rq6hl']
[2023-02-17T08:30:15.018-0600] {standard_task_runner.py:83} INFO - Job 326: Subtask extract_b
[2023-02-17T08:30:15.019-0600] {dagbag.py:525} INFO - Filling up the DagBag from /c/Airflow/dags/Introduction_to_Apache_Airflow/3_parallel_dag.py
[2023-02-17T08:30:15.194-0600] {task_command.py:384} INFO - Running <TaskInstance: 3_parallel_dag.extract_b scheduled__2023-02-16T00:00:00+00:00 [running]> on host Tinmar.
[2023-02-17T08:30:15.289-0600] {taskinstance.py:1590} INFO - Exporting the following env vars:
AIRFLOW_CTX_DAG_OWNER=***
AIRFLOW_CTX_DAG_ID=3_parallel_dag
AIRFLOW_CTX_TASK_ID=extract_b
AIRFLOW_CTX_EXECUTION_DATE=2023-02-16T00:00:00+00:00
AIRFLOW_CTX_TRY_NUMBER=1
AIRFLOW_CTX_DAG_RUN_ID=scheduled__2023-02-16T00:00:00+00:00
[2023-02-17T08:30:15.291-0600] {subprocess.py:63} INFO - Tmp dir root location: 
 /tmp
[2023-02-17T08:30:15.293-0600] {subprocess.py:75} INFO - Running command: ['/usr/bin/bash', '-c', 'sleep 10']
[2023-02-17T08:30:15.300-0600] {subprocess.py:86} INFO - Output:
[2023-02-17T08:30:25.302-0600] {subprocess.py:97} INFO - Command exited with return code 0
[2023-02-17T08:30:25.330-0600] {taskinstance.py:1401} INFO - Marking task as SUCCESS. dag_id=3_parallel_dag, task_id=extract_b, execution_date=20230216T000000, start_date=20230217T143014, end_date=20230217T143025
[2023-02-17T08:30:25.350-0600] {local_task_job.py:164} INFO - Task exited with return code 0
[2023-02-17T08:30:25.391-0600] {local_task_job.py:273} INFO - 1 downstream tasks scheduled from follow-on schedule check
