[2023-02-21T08:48:22.752-0600] {taskinstance.py:1165} INFO - Dependencies all met for <TaskInstance: 3_parallel_dag.extract_a scheduled__2023-02-20T00:00:00+00:00 [queued]>
[2023-02-21T08:48:22.800-0600] {taskinstance.py:1165} INFO - Dependencies all met for <TaskInstance: 3_parallel_dag.extract_a scheduled__2023-02-20T00:00:00+00:00 [queued]>
[2023-02-21T08:48:22.808-0600] {taskinstance.py:1362} INFO - 
--------------------------------------------------------------------------------
[2023-02-21T08:48:22.814-0600] {taskinstance.py:1363} INFO - Starting attempt 1 of 1
[2023-02-21T08:48:22.818-0600] {taskinstance.py:1364} INFO - 
--------------------------------------------------------------------------------
[2023-02-21T08:48:22.871-0600] {taskinstance.py:1383} INFO - Executing <Task(BashOperator): extract_a> on 2023-02-20 00:00:00+00:00
[2023-02-21T08:48:22.883-0600] {standard_task_runner.py:54} INFO - Started process 427690 to run task
[2023-02-21T08:48:22.891-0600] {standard_task_runner.py:82} INFO - Running: ['***', 'tasks', 'run', '3_parallel_dag', 'extract_a', 'scheduled__2023-02-20T00:00:00+00:00', '--job-id', '594', '--raw', '--subdir', 'DAGS_FOLDER/Introduction_to_Apache_Airflow/3_parallel_dag.py', '--cfg-path', '/tmp/tmpa5tig9lf']
[2023-02-21T08:48:22.903-0600] {standard_task_runner.py:83} INFO - Job 594: Subtask extract_a
[2023-02-21T08:48:22.909-0600] {dagbag.py:525} INFO - Filling up the DagBag from /c/Airflow/dags/Introduction_to_Apache_Airflow/3_parallel_dag.py
[2023-02-21T08:48:23.842-0600] {task_command.py:384} INFO - Running <TaskInstance: 3_parallel_dag.extract_a scheduled__2023-02-20T00:00:00+00:00 [running]> on host Tinmar.
[2023-02-21T08:48:24.542-0600] {taskinstance.py:1590} INFO - Exporting the following env vars:
AIRFLOW_CTX_DAG_OWNER=***
AIRFLOW_CTX_DAG_ID=3_parallel_dag
AIRFLOW_CTX_TASK_ID=extract_a
AIRFLOW_CTX_EXECUTION_DATE=2023-02-20T00:00:00+00:00
AIRFLOW_CTX_TRY_NUMBER=1
AIRFLOW_CTX_DAG_RUN_ID=scheduled__2023-02-20T00:00:00+00:00
[2023-02-21T08:48:24.557-0600] {subprocess.py:63} INFO - Tmp dir root location: 
 /tmp
[2023-02-21T08:48:24.566-0600] {subprocess.py:75} INFO - Running command: ['/usr/bin/bash', '-c', 'sleep 10']
[2023-02-21T08:48:24.603-0600] {subprocess.py:86} INFO - Output:
[2023-02-21T08:48:34.623-0600] {subprocess.py:97} INFO - Command exited with return code 0
[2023-02-21T08:48:35.422-0600] {taskinstance.py:1401} INFO - Marking task as SUCCESS. dag_id=3_parallel_dag, task_id=extract_a, execution_date=20230220T000000, start_date=20230221T144822, end_date=20230221T144835
[2023-02-21T08:48:35.474-0600] {local_task_job.py:164} INFO - Task exited with return code 0
[2023-02-21T08:48:35.546-0600] {local_task_job.py:273} INFO - 1 downstream tasks scheduled from follow-on schedule check
