[2023-02-13 14:48:05,928] {taskinstance.py:1159} INFO - Dependencies all met for <TaskInstance: branch_octavo_dag.menor_que_50 manual__2023-02-13T20:48:00.872762+00:00 [queued]>
[2023-02-13 14:48:05,935] {taskinstance.py:1159} INFO - Dependencies all met for <TaskInstance: branch_octavo_dag.menor_que_50 manual__2023-02-13T20:48:00.872762+00:00 [queued]>
[2023-02-13 14:48:05,935] {taskinstance.py:1356} INFO - 
--------------------------------------------------------------------------------
[2023-02-13 14:48:05,937] {taskinstance.py:1357} INFO - Starting attempt 1 of 1
[2023-02-13 14:48:05,937] {taskinstance.py:1358} INFO - 
--------------------------------------------------------------------------------
[2023-02-13 14:48:05,944] {taskinstance.py:1377} INFO - Executing <Task(PythonOperator): menor_que_50> on 2023-02-13 20:48:00.872762+00:00
[2023-02-13 14:48:05,946] {standard_task_runner.py:52} INFO - Started process 208018 to run task
[2023-02-13 14:48:05,949] {standard_task_runner.py:79} INFO - Running: ['***', 'tasks', 'run', 'branch_octavo_dag', 'menor_que_50', 'manual__2023-02-13T20:48:00.872762+00:00', '--job-id', '153', '--raw', '--subdir', 'DAGS_FOLDER/Apache_Airflow/branch_octavo_dag.py', '--cfg-path', '/tmp/tmp03oqf4di', '--error-file', '/tmp/tmpl36npn5_']
[2023-02-13 14:48:05,951] {standard_task_runner.py:80} INFO - Job 153: Subtask menor_que_50
[2023-02-13 14:48:05,991] {task_command.py:369} INFO - Running <TaskInstance: branch_octavo_dag.menor_que_50 manual__2023-02-13T20:48:00.872762+00:00 [running]> on host Tinmar.
[2023-02-13 14:48:06,034] {taskinstance.py:1569} INFO - Exporting the following env vars:
AIRFLOW_CTX_DAG_OWNER=Tinmar
AIRFLOW_CTX_DAG_ID=branch_octavo_dag
AIRFLOW_CTX_TASK_ID=menor_que_50
AIRFLOW_CTX_EXECUTION_DATE=2023-02-13T20:48:00.872762+00:00
AIRFLOW_CTX_TRY_NUMBER=1
AIRFLOW_CTX_DAG_RUN_ID=manual__2023-02-13T20:48:00.872762+00:00
[2023-02-13 14:48:06,044] {logging_mixin.py:115} INFO - El número fue menor a 50 y fue 17
[2023-02-13 14:48:06,044] {python.py:173} INFO - Done. Returned value was: None
[2023-02-13 14:48:06,054] {taskinstance.py:1395} INFO - Marking task as SUCCESS. dag_id=branch_octavo_dag, task_id=menor_que_50, execution_date=20230213T204800, start_date=20230213T204805, end_date=20230213T204806
[2023-02-13 14:48:06,083] {local_task_job.py:156} INFO - Task exited with return code 0
[2023-02-13 14:48:06,109] {local_task_job.py:273} INFO - 1 downstream tasks scheduled from follow-on schedule check
