[2023-01-31 10:14:45,492] {taskinstance.py:1159} INFO - Dependencies all met for <TaskInstance: 0_airflow_macro.bash_task scheduled__2023-01-30T00:00:00+00:00 [queued]>
[2023-01-31 10:14:45,502] {taskinstance.py:1159} INFO - Dependencies all met for <TaskInstance: 0_airflow_macro.bash_task scheduled__2023-01-30T00:00:00+00:00 [queued]>
[2023-01-31 10:14:45,503] {taskinstance.py:1356} INFO - 
--------------------------------------------------------------------------------
[2023-01-31 10:14:45,503] {taskinstance.py:1357} INFO - Starting attempt 1 of 1
[2023-01-31 10:14:45,503] {taskinstance.py:1358} INFO - 
--------------------------------------------------------------------------------
[2023-01-31 10:14:45,528] {taskinstance.py:1377} INFO - Executing <Task(BashOperator): bash_task> on 2023-01-30 00:00:00+00:00
[2023-01-31 10:14:45,529] {standard_task_runner.py:52} INFO - Started process 148 to run task
[2023-01-31 10:14:45,531] {standard_task_runner.py:79} INFO - Running: ['airflow', 'tasks', 'run', '0_airflow_macro', 'bash_task', 'scheduled__2023-01-30T00:00:00+00:00', '--job-id', '16', '--raw', '--subdir', 'DAGS_FOLDER/0_airflow_macro.py', '--cfg-path', '/tmp/tmp0bss1h0i', '--error-file', '/tmp/tmpbd69i791']
[2023-01-31 10:14:45,532] {standard_task_runner.py:80} INFO - Job 16: Subtask bash_task
[2023-01-31 10:14:45,597] {task_command.py:369} INFO - Running <TaskInstance: 0_airflow_macro.bash_task scheduled__2023-01-30T00:00:00+00:00 [running]> on host Tinmar.
[2023-01-31 10:14:45,685] {taskinstance.py:1569} INFO - Exporting the following env vars:
AIRFLOW_CTX_DAG_OWNER=David S
AIRFLOW_CTX_DAG_ID=0_airflow_macro
AIRFLOW_CTX_TASK_ID=bash_task
AIRFLOW_CTX_EXECUTION_DATE=2023-01-30T00:00:00+00:00
AIRFLOW_CTX_TRY_NUMBER=1
AIRFLOW_CTX_DAG_RUN_ID=scheduled__2023-01-30T00:00:00+00:00
[2023-01-31 10:14:45,686] {subprocess.py:62} INFO - Tmp dir root location: 
 /tmp
[2023-01-31 10:14:45,687] {subprocess.py:74} INFO - Running command: ['bash', '-c', 'echo "---> Mi primer DAG CON MACROS en Apache Airflow!, Fecha: $TODAY y TIMESTAMP ES: 20230130T000000+0000"']
[2023-01-31 10:14:45,690] {subprocess.py:85} INFO - Output:
[2023-01-31 10:14:45,690] {subprocess.py:92} INFO - ---> Mi primer DAG CON MACROS en Apache Airflow!, Fecha: 2023-01-31 y TIMESTAMP ES: 20230130T000000+0000
[2023-01-31 10:14:45,691] {subprocess.py:96} INFO - Command exited with return code 0
[2023-01-31 10:14:45,726] {taskinstance.py:1395} INFO - Marking task as SUCCESS. dag_id=0_airflow_macro, task_id=bash_task, execution_date=20230130T000000, start_date=20230131T161445, end_date=20230131T161445
[2023-01-31 10:14:45,784] {local_task_job.py:156} INFO - Task exited with return code 0
[2023-01-31 10:14:45,842] {local_task_job.py:273} INFO - 1 downstream tasks scheduled from follow-on schedule check
