[2023-02-17T08:30:16.254-0600] {taskinstance.py:1165} INFO - Dependencies all met for <TaskInstance: 7_dataproc_subdags.create_cluster scheduled__2023-02-16T00:00:00+00:00 [queued]>
[2023-02-17T08:30:16.265-0600] {taskinstance.py:1165} INFO - Dependencies all met for <TaskInstance: 7_dataproc_subdags.create_cluster scheduled__2023-02-16T00:00:00+00:00 [queued]>
[2023-02-17T08:30:16.266-0600] {taskinstance.py:1362} INFO - 
--------------------------------------------------------------------------------
[2023-02-17T08:30:16.268-0600] {taskinstance.py:1363} INFO - Starting attempt 1 of 1
[2023-02-17T08:30:16.269-0600] {taskinstance.py:1364} INFO - 
--------------------------------------------------------------------------------
[2023-02-17T08:30:16.280-0600] {taskinstance.py:1383} INFO - Executing <Task(DataprocCreateClusterOperator): create_cluster> on 2023-02-16 00:00:00+00:00
[2023-02-17T08:30:16.284-0600] {standard_task_runner.py:54} INFO - Started process 2114 to run task
[2023-02-17T08:30:16.286-0600] {standard_task_runner.py:82} INFO - Running: ['***', 'tasks', 'run', '7_dataproc_subdags', 'create_cluster', 'scheduled__2023-02-16T00:00:00+00:00', '--job-id', '330', '--raw', '--subdir', 'DAGS_FOLDER/Airflow2_0_De_0_a_Heroe/7_dataproc_subdags.py', '--cfg-path', '/tmp/tmpabxhurzg']
[2023-02-17T08:30:16.289-0600] {standard_task_runner.py:83} INFO - Job 330: Subtask create_cluster
[2023-02-17T08:30:16.291-0600] {dagbag.py:525} INFO - Filling up the DagBag from /c/Airflow/dags/Airflow2_0_De_0_a_Heroe/7_dataproc_subdags.py
[2023-02-17T08:30:16.393-0600] {logging_mixin.py:117} WARNING - /home/tinmar/.local/lib/python3.10/site-packages/***/models/baseoperator.py:408 DeprecationWarning: Passing cluster parameters by keywords to `DataprocCreateClusterOperator` will be deprecated. Please provide cluster_config object using `cluster_config` parameter. You can use `***.dataproc.ClusterGenerator.generate_cluster` method to obtain cluster object.
[2023-02-17T08:30:16.468-0600] {task_command.py:384} INFO - Running <TaskInstance: 7_dataproc_subdags.create_cluster scheduled__2023-02-16T00:00:00+00:00 [running]> on host Tinmar.
[2023-02-17T08:30:16.524-0600] {taskinstance.py:1590} INFO - Exporting the following env vars:
AIRFLOW_CTX_DAG_OWNER=David Sanchez
AIRFLOW_CTX_DAG_ID=7_dataproc_subdags
AIRFLOW_CTX_TASK_ID=create_cluster
AIRFLOW_CTX_EXECUTION_DATE=2023-02-16T00:00:00+00:00
AIRFLOW_CTX_TRY_NUMBER=1
AIRFLOW_CTX_DAG_RUN_ID=scheduled__2023-02-16T00:00:00+00:00
[2023-02-17T08:30:16.525-0600] {dataproc.py:591} INFO - Creating cluster: ***-spark-cluster
[2023-02-17T08:30:16.534-0600] {base.py:71} INFO - Using connection ID 'google_cloud_default' for task execution.
[2023-02-17T08:30:18.345-0600] {dataproc.py:603} INFO - Cluster already exists.
[2023-02-17T08:32:54.478-0600] {taskinstance.py:1401} INFO - Marking task as SUCCESS. dag_id=7_dataproc_subdags, task_id=create_cluster, execution_date=20230216T000000, start_date=20230217T143016, end_date=20230217T143254
[2023-02-17T08:32:54.524-0600] {local_task_job.py:164} INFO - Task exited with return code 0
[2023-02-17T08:32:54.555-0600] {local_task_job.py:273} INFO - 1 downstream tasks scheduled from follow-on schedule check
