[2023-02-14 13:02:02,517] {taskinstance.py:1159} INFO - Dependencies all met for <TaskInstance: 12_manually_defined_dag.task_2 manual__2023-02-14T19:02:00.250747+00:00 [queued]>
[2023-02-14 13:02:02,523] {taskinstance.py:1159} INFO - Dependencies all met for <TaskInstance: 12_manually_defined_dag.task_2 manual__2023-02-14T19:02:00.250747+00:00 [queued]>
[2023-02-14 13:02:02,523] {taskinstance.py:1356} INFO - 
--------------------------------------------------------------------------------
[2023-02-14 13:02:02,524] {taskinstance.py:1357} INFO - Starting attempt 1 of 1
[2023-02-14 13:02:02,525] {taskinstance.py:1358} INFO - 
--------------------------------------------------------------------------------
[2023-02-14 13:02:02,533] {taskinstance.py:1377} INFO - Executing <Task(PythonOperator): task_2> on 2023-02-14 19:02:00.250747+00:00
[2023-02-14 13:02:02,535] {standard_task_runner.py:52} INFO - Started process 397462 to run task
[2023-02-14 13:02:02,537] {standard_task_runner.py:79} INFO - Running: ['***', 'tasks', 'run', '12_manually_defined_dag', 'task_2', 'manual__2023-02-14T19:02:00.250747+00:00', '--job-id', '201', '--raw', '--subdir', 'DAGS_FOLDER/Apache_Airflow/12_manually_defined_dag.py', '--cfg-path', '/tmp/tmpazrjqr78', '--error-file', '/tmp/tmpyh69tpl4']
[2023-02-14 13:02:02,538] {standard_task_runner.py:80} INFO - Job 201: Subtask task_2
[2023-02-14 13:02:02,588] {task_command.py:369} INFO - Running <TaskInstance: 12_manually_defined_dag.task_2 manual__2023-02-14T19:02:00.250747+00:00 [running]> on host Tinmar.
[2023-02-14 13:02:02,633] {taskinstance.py:1569} INFO - Exporting the following env vars:
AIRFLOW_CTX_DAG_OWNER=***
AIRFLOW_CTX_DAG_ID=12_manually_defined_dag
AIRFLOW_CTX_TASK_ID=task_2
AIRFLOW_CTX_EXECUTION_DATE=2023-02-14T19:02:00.250747+00:00
AIRFLOW_CTX_TRY_NUMBER=1
AIRFLOW_CTX_DAG_RUN_ID=manual__2023-02-14T19:02:00.250747+00:00
[2023-02-14 13:02:02,635] {logging_mixin.py:115} INFO - {}
[2023-02-14 13:02:02,636] {taskinstance.py:1889} ERROR - Task failed with exception
Traceback (most recent call last):
  File "/home/tinmar/.local/lib/python3.10/site-packages/airflow/operators/python.py", line 171, in execute
    return_value = self.execute_callable()
  File "/home/tinmar/.local/lib/python3.10/site-packages/airflow/operators/python.py", line 189, in execute_callable
    return self.python_callable(*self.op_args, **self.op_kwargs)
  File "/c/Airflow/dags/Apache_Airflow/12_manually_defined_dag.py", line 16, in hola
    print(kwargs['dag_run'].conf['variable'])
KeyError: 'variable'
[2023-02-14 13:02:02,655] {taskinstance.py:1395} INFO - Marking task as FAILED. dag_id=12_manually_defined_dag, task_id=task_2, execution_date=20230214T190200, start_date=20230214T190202, end_date=20230214T190202
[2023-02-14 13:02:02,663] {standard_task_runner.py:92} ERROR - Failed to execute job 201 for task task_2 ('variable'; 397462)
[2023-02-14 13:02:02,669] {local_task_job.py:156} INFO - Task exited with return code 1
[2023-02-14 13:02:02,698] {local_task_job.py:273} INFO - 0 downstream tasks scheduled from follow-on schedule check
