[2023-02-09 11:55:52,486] {taskinstance.py:1159} INFO - Dependencies all met for <TaskInstance: 7_dataproc_subdags.par_task manual__2023-02-09T16:42:00.190347+00:00 [queued]>
[2023-02-09 11:55:52,492] {taskinstance.py:1159} INFO - Dependencies all met for <TaskInstance: 7_dataproc_subdags.par_task manual__2023-02-09T16:42:00.190347+00:00 [queued]>
[2023-02-09 11:55:52,492] {taskinstance.py:1356} INFO - 
--------------------------------------------------------------------------------
[2023-02-09 11:55:52,494] {taskinstance.py:1357} INFO - Starting attempt 1 of 1
[2023-02-09 11:55:52,494] {taskinstance.py:1358} INFO - 
--------------------------------------------------------------------------------
[2023-02-09 11:55:52,501] {taskinstance.py:1377} INFO - Executing <Task(SubDagOperator): par_task> on 2023-02-09 16:42:00.190347+00:00
[2023-02-09 11:55:52,504] {standard_task_runner.py:52} INFO - Started process 40662 to run task
[2023-02-09 11:55:52,506] {standard_task_runner.py:79} INFO - Running: ['***', 'tasks', 'run', '7_dataproc_subdags', 'par_task', 'manual__2023-02-09T16:42:00.190347+00:00', '--job-id', '32', '--raw', '--subdir', 'DAGS_FOLDER/Airflow2_0_De_0_a_Heroe/7_dataproc_subdags.py', '--cfg-path', '/tmp/tmpbeoi2o0k', '--error-file', '/tmp/tmpmrkzjnoe']
[2023-02-09 11:55:52,507] {standard_task_runner.py:80} INFO - Job 32: Subtask par_task
[2023-02-09 11:55:52,548] {task_command.py:369} INFO - Running <TaskInstance: 7_dataproc_subdags.par_task manual__2023-02-09T16:42:00.190347+00:00 [running]> on host Tinmar.
[2023-02-09 11:55:52,591] {taskinstance.py:1569} INFO - Exporting the following env vars:
AIRFLOW_CTX_DAG_OWNER=David Sanchez
AIRFLOW_CTX_DAG_ID=7_dataproc_subdags
AIRFLOW_CTX_TASK_ID=par_task
AIRFLOW_CTX_EXECUTION_DATE=2023-02-09T16:42:00.190347+00:00
AIRFLOW_CTX_TRY_NUMBER=1
AIRFLOW_CTX_DAG_RUN_ID=manual__2023-02-09T16:42:00.190347+00:00
[2023-02-09 11:55:52,594] {logging_mixin.py:115} WARNING - /home/tinmar/.local/lib/python3.10/site-packages/***/utils/context.py:202 AirflowContextDeprecationWarning: Accessing 'execution_date' from the template is deprecated and will be removed in a future version. Please use 'data_interval_start' or 'logical_date' instead.
[2023-02-09 11:55:52,616] {subdag.py:176} INFO - Created DagRun: scheduled__2023-02-09T16:42:00.190347+00:00
[2023-02-09 11:57:52,760] {base.py:301} INFO - Success criteria met. Exiting.
[2023-02-09 11:57:52,768] {subdag.py:191} INFO - Execution finished. State is success
[2023-02-09 11:57:52,778] {taskinstance.py:1395} INFO - Marking task as SUCCESS. dag_id=7_dataproc_subdags, task_id=par_task, execution_date=20230209T164200, start_date=20230209T175552, end_date=20230209T175752
[2023-02-09 11:57:52,811] {local_task_job.py:156} INFO - Task exited with return code 0
