[2023-02-02 11:14:01,310] {taskinstance.py:1159} INFO - Dependencies all met for <TaskInstance: 7_dataproc_subdags.create_cluster scheduled__2023-02-01T00:00:00+00:00 [queued]>
[2023-02-02 11:14:01,322] {taskinstance.py:1159} INFO - Dependencies all met for <TaskInstance: 7_dataproc_subdags.create_cluster scheduled__2023-02-01T00:00:00+00:00 [queued]>
[2023-02-02 11:14:01,323] {taskinstance.py:1356} INFO - 
--------------------------------------------------------------------------------
[2023-02-02 11:14:01,325] {taskinstance.py:1357} INFO - Starting attempt 1 of 1
[2023-02-02 11:14:01,325] {taskinstance.py:1358} INFO - 
--------------------------------------------------------------------------------
[2023-02-02 11:14:01,354] {taskinstance.py:1377} INFO - Executing <Task(DataprocCreateClusterOperator): create_cluster> on 2023-02-01 00:00:00+00:00
[2023-02-02 11:14:01,356] {standard_task_runner.py:52} INFO - Started process 20085 to run task
[2023-02-02 11:14:01,358] {standard_task_runner.py:79} INFO - Running: ['airflow', 'tasks', 'run', '7_dataproc_subdags', 'create_cluster', 'scheduled__2023-02-01T00:00:00+00:00', '--job-id', '188', '--raw', '--subdir', 'DAGS_FOLDER/Airflow2_0_De_0_a_Heroe/7_dataproc_subdags.py', '--cfg-path', '/tmp/tmp_22t9fg0', '--error-file', '/tmp/tmpb38bmh3q']
[2023-02-02 11:14:01,359] {standard_task_runner.py:80} INFO - Job 188: Subtask create_cluster
[2023-02-02 11:14:01,420] {task_command.py:369} INFO - Running <TaskInstance: 7_dataproc_subdags.create_cluster scheduled__2023-02-01T00:00:00+00:00 [running]> on host Tinmar.
[2023-02-02 11:14:01,537] {taskinstance.py:1569} INFO - Exporting the following env vars:
AIRFLOW_CTX_DAG_OWNER=David Sanchez
AIRFLOW_CTX_DAG_ID=7_dataproc_subdags
AIRFLOW_CTX_TASK_ID=create_cluster
AIRFLOW_CTX_EXECUTION_DATE=2023-02-01T00:00:00+00:00
AIRFLOW_CTX_TRY_NUMBER=1
AIRFLOW_CTX_DAG_RUN_ID=scheduled__2023-02-01T00:00:00+00:00
[2023-02-02 11:14:01,539] {dataproc.py:591} INFO - Creating cluster: airflow-spark-cluster
[2023-02-02 11:14:01,555] {base.py:68} INFO - Using connection ID 'google_cloud_default' for task execution.
[2023-02-02 11:16:21,580] {dataproc.py:535} INFO - Cluster created.
[2023-02-02 11:16:21,628] {taskinstance.py:1395} INFO - Marking task as SUCCESS. dag_id=7_dataproc_subdags, task_id=create_cluster, execution_date=20230201T000000, start_date=20230202T171401, end_date=20230202T171621
[2023-02-02 11:16:21,674] {local_task_job.py:156} INFO - Task exited with return code 0
