[2023-01-30 15:47:40,342] {taskinstance.py:1159} INFO - Dependencies all met for <TaskInstance: 1_mi_primer_dag.bash_task manual__2023-01-30T21:47:37.018769+00:00 [queued]>
[2023-01-30 15:47:40,359] {taskinstance.py:1159} INFO - Dependencies all met for <TaskInstance: 1_mi_primer_dag.bash_task manual__2023-01-30T21:47:37.018769+00:00 [queued]>
[2023-01-30 15:47:40,359] {taskinstance.py:1356} INFO - 
--------------------------------------------------------------------------------
[2023-01-30 15:47:40,360] {taskinstance.py:1357} INFO - Starting attempt 1 of 1
[2023-01-30 15:47:40,360] {taskinstance.py:1358} INFO - 
--------------------------------------------------------------------------------
[2023-01-30 15:47:40,393] {taskinstance.py:1377} INFO - Executing <Task(BashOperator): bash_task> on 2023-01-30 21:47:37.018769+00:00
[2023-01-30 15:47:40,395] {standard_task_runner.py:52} INFO - Started process 7943 to run task
[2023-01-30 15:47:40,402] {standard_task_runner.py:79} INFO - Running: ['airflow', 'tasks', 'run', '1_mi_primer_dag', 'bash_task', 'manual__2023-01-30T21:47:37.018769+00:00', '--job-id', '5', '--raw', '--subdir', 'DAGS_FOLDER/1_mi_primer_dag.py', '--cfg-path', '/tmp/tmpnxr4kh3g', '--error-file', '/tmp/tmp0x2r0t87']
[2023-01-30 15:47:40,403] {standard_task_runner.py:80} INFO - Job 5: Subtask bash_task
[2023-01-30 15:47:40,475] {task_command.py:369} INFO - Running <TaskInstance: 1_mi_primer_dag.bash_task manual__2023-01-30T21:47:37.018769+00:00 [running]> on host Tinmar.
[2023-01-30 15:47:40,591] {taskinstance.py:1569} INFO - Exporting the following env vars:
AIRFLOW_CTX_DAG_OWNER=David S
AIRFLOW_CTX_DAG_ID=1_mi_primer_dag
AIRFLOW_CTX_TASK_ID=bash_task
AIRFLOW_CTX_EXECUTION_DATE=2023-01-30T21:47:37.018769+00:00
AIRFLOW_CTX_TRY_NUMBER=1
AIRFLOW_CTX_DAG_RUN_ID=manual__2023-01-30T21:47:37.018769+00:00
[2023-01-30 15:47:40,591] {subprocess.py:62} INFO - Tmp dir root location: 
 /tmp
[2023-01-30 15:47:40,592] {subprocess.py:74} INFO - Running command: ['bash', '-c', 'echo "---> Mi primer DAG en Apache Airflow!, Fecha: $TODAY"']
[2023-01-30 15:47:40,595] {subprocess.py:85} INFO - Output:
[2023-01-30 15:47:40,596] {subprocess.py:92} INFO - ---> Mi primer DAG en Apache Airflow!, Fecha: 2023-01-30
[2023-01-30 15:47:40,596] {subprocess.py:96} INFO - Command exited with return code 0
[2023-01-30 15:47:40,642] {taskinstance.py:1395} INFO - Marking task as SUCCESS. dag_id=1_mi_primer_dag, task_id=bash_task, execution_date=20230130T214737, start_date=20230130T214740, end_date=20230130T214740
[2023-01-30 15:47:40,691] {local_task_job.py:156} INFO - Task exited with return code 0
[2023-01-30 15:47:40,750] {local_task_job.py:273} INFO - 1 downstream tasks scheduled from follow-on schedule check
