[2023-01-31 13:44:32,472] {taskinstance.py:1159} INFO - Dependencies all met for <TaskInstance: 2.3_azure_storage_bigquery.cargar_datos manual__2023-01-31T19:44:21.187804+00:00 [queued]>
[2023-01-31 13:44:32,496] {taskinstance.py:1159} INFO - Dependencies all met for <TaskInstance: 2.3_azure_storage_bigquery.cargar_datos manual__2023-01-31T19:44:21.187804+00:00 [queued]>
[2023-01-31 13:44:32,497] {taskinstance.py:1356} INFO - 
--------------------------------------------------------------------------------
[2023-01-31 13:44:32,499] {taskinstance.py:1357} INFO - Starting attempt 1 of 1
[2023-01-31 13:44:32,500] {taskinstance.py:1358} INFO - 
--------------------------------------------------------------------------------
[2023-01-31 13:44:32,541] {taskinstance.py:1377} INFO - Executing <Task(GCSToBigQueryOperator): cargar_datos> on 2023-01-31 19:44:21.187804+00:00
[2023-01-31 13:44:32,544] {standard_task_runner.py:52} INFO - Started process 8200 to run task
[2023-01-31 13:44:32,546] {standard_task_runner.py:79} INFO - Running: ['airflow', 'tasks', 'run', '2.3_azure_storage_bigquery', 'cargar_datos', 'manual__2023-01-31T19:44:21.187804+00:00', '--job-id', '70', '--raw', '--subdir', 'DAGS_FOLDER/Airflow2.0-De-0-a-Heroe/2.3_azure_storage_bigquery.py', '--cfg-path', '/tmp/tmp0zu_3dl_', '--error-file', '/tmp/tmpandiq_i5']
[2023-01-31 13:44:32,547] {standard_task_runner.py:80} INFO - Job 70: Subtask cargar_datos
[2023-01-31 13:44:32,631] {task_command.py:369} INFO - Running <TaskInstance: 2.3_azure_storage_bigquery.cargar_datos manual__2023-01-31T19:44:21.187804+00:00 [running]> on host Tinmar.
[2023-01-31 13:44:32,734] {taskinstance.py:1569} INFO - Exporting the following env vars:
AIRFLOW_CTX_DAG_OWNER=Rodrigo N
AIRFLOW_CTX_DAG_ID=2.3_azure_storage_bigquery
AIRFLOW_CTX_TASK_ID=cargar_datos
AIRFLOW_CTX_EXECUTION_DATE=2023-01-31T19:44:21.187804+00:00
AIRFLOW_CTX_TRY_NUMBER=1
AIRFLOW_CTX_DAG_RUN_ID=manual__2023-01-31T19:44:21.187804+00:00
[2023-01-31 13:44:32,746] {base.py:68} INFO - Using connection ID 'google_cloud_default' for task execution.
[2023-01-31 13:44:32,748] {gcs_to_bigquery.py:377} INFO - Using existing BigQuery table for storing data...
[2023-01-31 13:44:32,785] {gcs_to_bigquery.py:381} INFO - Executing: {'load': {'autodetect': True, 'createDisposition': 'CREATE_IF_NEEDED', 'destinationTable': {'projectId': 'serene-gradient-371719', 'datasetId': 'airflow_trabajo', 'tableId': 'retail_years_azure'}, 'sourceFormat': 'CSV', 'sourceUris': ['gs://azure_airflow23/*'], 'writeDisposition': 'WRITE_APPEND', 'ignoreUnknownValues': False, 'skipLeadingRows': 1, 'fieldDelimiter': ';', 'quote': None, 'allowQuotedNewlines': False, 'encoding': 'UTF-8'}}
[2023-01-31 13:44:32,786] {bigquery.py:1542} INFO - Inserting job airflow_2_3_azure_storage_bigquery_cargar_datos_2023_01_31T19_44_21_187804_00_00_480648790abd6415f9b02c3744458ca6
[2023-01-31 13:44:38,321] {taskinstance.py:1395} INFO - Marking task as SUCCESS. dag_id=2.3_azure_storage_bigquery, task_id=cargar_datos, execution_date=20230131T194421, start_date=20230131T194432, end_date=20230131T194438
[2023-01-31 13:44:38,374] {local_task_job.py:156} INFO - Task exited with return code 0
[2023-01-31 13:44:38,437] {local_task_job.py:273} INFO - 1 downstream tasks scheduled from follow-on schedule check
