[2023-02-21T11:02:30.062-0600] {taskinstance.py:1165} INFO - Dependencies all met for <TaskInstance: 1.2_my_dag.task_a manual__2023-02-21T17:02:28.877740+00:00 [queued]>
[2023-02-21T11:02:30.071-0600] {taskinstance.py:1165} INFO - Dependencies all met for <TaskInstance: 1.2_my_dag.task_a manual__2023-02-21T17:02:28.877740+00:00 [queued]>
[2023-02-21T11:02:30.071-0600] {taskinstance.py:1362} INFO - 
--------------------------------------------------------------------------------
[2023-02-21T11:02:30.072-0600] {taskinstance.py:1363} INFO - Starting attempt 1 of 1
[2023-02-21T11:02:30.073-0600] {taskinstance.py:1364} INFO - 
--------------------------------------------------------------------------------
[2023-02-21T11:02:30.081-0600] {taskinstance.py:1383} INFO - Executing <Task(BashOperator): task_a> on 2023-02-21 17:02:28.877740+00:00
[2023-02-21T11:02:30.084-0600] {standard_task_runner.py:54} INFO - Started process 486122 to run task
[2023-02-21T11:02:30.085-0600] {standard_task_runner.py:82} INFO - Running: ['***', 'tasks', 'run', '1.2_my_dag', 'task_a', 'manual__2023-02-21T17:02:28.877740+00:00', '--job-id', '647', '--raw', '--subdir', 'DAGS_FOLDER/Apache_Airflow-The_Operators_Guide/1.2_my_dag copy.py', '--cfg-path', '/tmp/tmpakkntwty']
[2023-02-21T11:02:30.088-0600] {standard_task_runner.py:83} INFO - Job 647: Subtask task_a
[2023-02-21T11:02:30.089-0600] {dagbag.py:525} INFO - Filling up the DagBag from /c/Airflow/dags/Apache_Airflow-The_Operators_Guide/1.2_my_dag copy.py
[2023-02-21T11:02:30.172-0600] {task_command.py:384} INFO - Running <TaskInstance: 1.2_my_dag.task_a manual__2023-02-21T17:02:28.877740+00:00 [running]> on host Tinmar.
[2023-02-21T11:02:30.219-0600] {taskinstance.py:1590} INFO - Exporting the following env vars:
AIRFLOW_CTX_DAG_OWNER=Tinmar
AIRFLOW_CTX_DAG_ID=1.2_my_dag
AIRFLOW_CTX_TASK_ID=task_a
AIRFLOW_CTX_EXECUTION_DATE=2023-02-21T17:02:28.877740+00:00
AIRFLOW_CTX_TRY_NUMBER=1
AIRFLOW_CTX_DAG_RUN_ID=manual__2023-02-21T17:02:28.877740+00:00
[2023-02-21T11:02:30.220-0600] {subprocess.py:63} INFO - Tmp dir root location: 
 /tmp
[2023-02-21T11:02:30.221-0600] {subprocess.py:75} INFO - Running command: ['/usr/bin/bash', '-c', "echo 'task_a'"]
[2023-02-21T11:02:30.226-0600] {subprocess.py:86} INFO - Output:
[2023-02-21T11:02:30.229-0600] {subprocess.py:93} INFO - task_a
[2023-02-21T11:02:30.229-0600] {subprocess.py:97} INFO - Command exited with return code 0
[2023-02-21T11:02:30.251-0600] {taskinstance.py:1401} INFO - Marking task as SUCCESS. dag_id=1.2_my_dag, task_id=task_a, execution_date=20230221T170228, start_date=20230221T170230, end_date=20230221T170230
[2023-02-21T11:02:30.299-0600] {local_task_job.py:164} INFO - Task exited with return code 0
[2023-02-21T11:02:30.325-0600] {local_task_job.py:273} INFO - 1 downstream tasks scheduled from follow-on schedule check
