[2023-02-20T09:20:54.560-0600] {taskinstance.py:1165} INFO - Dependencies all met for <TaskInstance: 7_dataproc_subdags.par_task scheduled__2023-02-19T00:00:00+00:00 [queued]>
[2023-02-20T09:20:54.570-0600] {taskinstance.py:1165} INFO - Dependencies all met for <TaskInstance: 7_dataproc_subdags.par_task scheduled__2023-02-19T00:00:00+00:00 [queued]>
[2023-02-20T09:20:54.575-0600] {taskinstance.py:1362} INFO - 
--------------------------------------------------------------------------------
[2023-02-20T09:20:54.576-0600] {taskinstance.py:1363} INFO - Starting attempt 1 of 1
[2023-02-20T09:20:54.577-0600] {taskinstance.py:1364} INFO - 
--------------------------------------------------------------------------------
[2023-02-20T09:20:54.588-0600] {taskinstance.py:1383} INFO - Executing <Task(SubDagOperator): par_task> on 2023-02-19 00:00:00+00:00
[2023-02-20T09:20:54.592-0600] {standard_task_runner.py:54} INFO - Started process 200829 to run task
[2023-02-20T09:20:54.595-0600] {standard_task_runner.py:82} INFO - Running: ['***', 'tasks', 'run', '7_dataproc_subdags', 'par_task', 'scheduled__2023-02-19T00:00:00+00:00', '--job-id', '582', '--raw', '--subdir', 'DAGS_FOLDER/Airflow2_0_De_0_a_Heroe/7_dataproc_subdags.py', '--cfg-path', '/tmp/tmpindnvbzl']
[2023-02-20T09:20:54.597-0600] {standard_task_runner.py:83} INFO - Job 582: Subtask par_task
[2023-02-20T09:20:54.598-0600] {dagbag.py:525} INFO - Filling up the DagBag from /c/Airflow/dags/Airflow2_0_De_0_a_Heroe/7_dataproc_subdags.py
[2023-02-20T09:20:54.738-0600] {logging_mixin.py:117} WARNING - /home/tinmar/.local/lib/python3.10/site-packages/***/models/baseoperator.py:408 DeprecationWarning: Passing cluster parameters by keywords to `DataprocCreateClusterOperator` will be deprecated. Please provide cluster_config object using `cluster_config` parameter. You can use `***.dataproc.ClusterGenerator.generate_cluster` method to obtain cluster object.
[2023-02-20T09:20:54.816-0600] {task_command.py:384} INFO - Running <TaskInstance: 7_dataproc_subdags.par_task scheduled__2023-02-19T00:00:00+00:00 [running]> on host Tinmar.
[2023-02-20T09:20:54.863-0600] {taskinstance.py:1590} INFO - Exporting the following env vars:
AIRFLOW_CTX_DAG_OWNER=David Sanchez
AIRFLOW_CTX_DAG_ID=7_dataproc_subdags
AIRFLOW_CTX_TASK_ID=par_task
AIRFLOW_CTX_EXECUTION_DATE=2023-02-19T00:00:00+00:00
AIRFLOW_CTX_TRY_NUMBER=1
AIRFLOW_CTX_DAG_RUN_ID=scheduled__2023-02-19T00:00:00+00:00
[2023-02-20T09:20:54.865-0600] {logging_mixin.py:117} WARNING - /home/tinmar/.local/lib/python3.10/site-packages/***/utils/context.py:191 AirflowContextDeprecationWarning: Accessing 'execution_date' from the template is deprecated and will be removed in a future version. Please use 'data_interval_start' or 'logical_date' instead.
[2023-02-20T09:20:54.888-0600] {subdag.py:171} INFO - Created DagRun: scheduled__2023-02-19T00:00:00+00:00
[2023-02-20T09:21:54.936-0600] {base.py:213} INFO - Success criteria met. Exiting.
[2023-02-20T09:21:54.945-0600] {subdag.py:186} INFO - Execution finished. State is failed
[2023-02-20T09:21:54.953-0600] {taskinstance.py:1851} ERROR - Task failed with exception
Traceback (most recent call last):
  File "/home/tinmar/.local/lib/python3.10/site-packages/airflow/models/taskinstance.py", line 1457, in _run_raw_task
    self._execute_task_with_callbacks(context, test_mode)
  File "/home/tinmar/.local/lib/python3.10/site-packages/airflow/models/taskinstance.py", line 1606, in _execute_task_with_callbacks
    self.task.post_execute(context=context, result=result)
  File "/home/tinmar/.local/lib/python3.10/site-packages/airflow/operators/subdag.py", line 189, in post_execute
    raise AirflowException(f"Expected state: SUCCESS. Actual state: {dag_run.state}")
airflow.exceptions.AirflowException: Expected state: SUCCESS. Actual state: failed
[2023-02-20T09:21:54.956-0600] {taskinstance.py:1401} INFO - Marking task as FAILED. dag_id=7_dataproc_subdags, task_id=par_task, execution_date=20230219T000000, start_date=20230220T152054, end_date=20230220T152154
[2023-02-20T09:21:54.968-0600] {standard_task_runner.py:102} ERROR - Failed to execute job 582 for task par_task (Expected state: SUCCESS. Actual state: failed; 200829)
[2023-02-20T09:21:55.002-0600] {local_task_job.py:164} INFO - Task exited with return code 1
[2023-02-20T09:21:55.020-0600] {local_task_job.py:273} INFO - 1 downstream tasks scheduled from follow-on schedule check
