[2023-02-17T09:05:42.120-0600] {taskinstance.py:1165} INFO - Dependencies all met for <TaskInstance: 6_xcom_dag.t2 manual__2023-02-17T15:05:40.142686+00:00 [queued]>
[2023-02-17T09:05:42.133-0600] {taskinstance.py:1165} INFO - Dependencies all met for <TaskInstance: 6_xcom_dag.t2 manual__2023-02-17T15:05:40.142686+00:00 [queued]>
[2023-02-17T09:05:42.134-0600] {taskinstance.py:1362} INFO - 
--------------------------------------------------------------------------------
[2023-02-17T09:05:42.135-0600] {taskinstance.py:1363} INFO - Starting attempt 1 of 1
[2023-02-17T09:05:42.136-0600] {taskinstance.py:1364} INFO - 
--------------------------------------------------------------------------------
[2023-02-17T09:05:42.149-0600] {taskinstance.py:1383} INFO - Executing <Task(PythonOperator): t2> on 2023-02-17 15:05:40.142686+00:00
[2023-02-17T09:05:42.152-0600] {standard_task_runner.py:54} INFO - Started process 23002 to run task
[2023-02-17T09:05:42.155-0600] {standard_task_runner.py:82} INFO - Running: ['***', 'tasks', 'run', '6_xcom_dag', 't2', 'manual__2023-02-17T15:05:40.142686+00:00', '--job-id', '383', '--raw', '--subdir', 'DAGS_FOLDER/Introduction_to_Apache_Airflow/6_xcom_dag.py', '--cfg-path', '/tmp/tmpax36orh6']
[2023-02-17T09:05:42.158-0600] {standard_task_runner.py:83} INFO - Job 383: Subtask t2
[2023-02-17T09:05:42.159-0600] {dagbag.py:525} INFO - Filling up the DagBag from /c/Airflow/dags/Introduction_to_Apache_Airflow/6_xcom_dag.py
[2023-02-17T09:05:42.295-0600] {task_command.py:384} INFO - Running <TaskInstance: 6_xcom_dag.t2 manual__2023-02-17T15:05:40.142686+00:00 [running]> on host Tinmar.
[2023-02-17T09:05:42.358-0600] {taskinstance.py:1590} INFO - Exporting the following env vars:
AIRFLOW_CTX_DAG_OWNER=***
AIRFLOW_CTX_DAG_ID=6_xcom_dag
AIRFLOW_CTX_TASK_ID=t2
AIRFLOW_CTX_EXECUTION_DATE=2023-02-17T15:05:40.142686+00:00
AIRFLOW_CTX_TRY_NUMBER=1
AIRFLOW_CTX_DAG_RUN_ID=manual__2023-02-17T15:05:40.142686+00:00
[2023-02-17T09:05:42.370-0600] {logging_mixin.py:117} INFO - 42
[2023-02-17T09:05:42.377-0600] {python.py:177} INFO - Done. Returned value was: None
[2023-02-17T09:05:42.388-0600] {taskinstance.py:1401} INFO - Marking task as SUCCESS. dag_id=6_xcom_dag, task_id=t2, execution_date=20230217T150540, start_date=20230217T150542, end_date=20230217T150542
[2023-02-17T09:05:42.408-0600] {local_task_job.py:164} INFO - Task exited with return code 0
[2023-02-17T09:05:42.429-0600] {local_task_job.py:273} INFO - 1 downstream tasks scheduled from follow-on schedule check
