[2023-02-02 10:53:39,183] {taskinstance.py:1159} INFO - Dependencies all met for <TaskInstance: 6_dataproc_airflow.par_task.avg_uprice manual__2023-02-02T16:49:22.030413+00:00 [queued]>
[2023-02-02 10:53:39,204] {taskinstance.py:1159} INFO - Dependencies all met for <TaskInstance: 6_dataproc_airflow.par_task.avg_uprice manual__2023-02-02T16:49:22.030413+00:00 [queued]>
[2023-02-02 10:53:39,204] {taskinstance.py:1356} INFO - 
--------------------------------------------------------------------------------
[2023-02-02 10:53:39,205] {taskinstance.py:1357} INFO - Starting attempt 1 of 1
[2023-02-02 10:53:39,205] {taskinstance.py:1358} INFO - 
--------------------------------------------------------------------------------
[2023-02-02 10:53:39,237] {taskinstance.py:1377} INFO - Executing <Task(DataprocSubmitJobOperator): par_task.avg_uprice> on 2023-02-02 16:49:22.030413+00:00
[2023-02-02 10:53:39,240] {standard_task_runner.py:52} INFO - Started process 19215 to run task
[2023-02-02 10:53:39,242] {standard_task_runner.py:79} INFO - Running: ['airflow', 'tasks', 'run', '6_dataproc_airflow', 'par_task.avg_uprice', 'manual__2023-02-02T16:49:22.030413+00:00', '--job-id', '186', '--raw', '--subdir', 'DAGS_FOLDER/Airflow2_0_De_0_a_Heroe/6_dataproc_airflow.py', '--cfg-path', '/tmp/tmp2rrytaq3', '--error-file', '/tmp/tmpv3fyrei2']
[2023-02-02 10:53:39,244] {standard_task_runner.py:80} INFO - Job 186: Subtask par_task.avg_uprice
[2023-02-02 10:53:39,338] {task_command.py:369} INFO - Running <TaskInstance: 6_dataproc_airflow.par_task.avg_uprice manual__2023-02-02T16:49:22.030413+00:00 [running]> on host Tinmar.
[2023-02-02 10:53:39,468] {taskinstance.py:1569} INFO - Exporting the following env vars:
AIRFLOW_CTX_DAG_OWNER=David S
AIRFLOW_CTX_DAG_ID=6_dataproc_airflow
AIRFLOW_CTX_TASK_ID=par_task.avg_uprice
AIRFLOW_CTX_EXECUTION_DATE=2023-02-02T16:49:22.030413+00:00
AIRFLOW_CTX_TRY_NUMBER=1
AIRFLOW_CTX_DAG_RUN_ID=manual__2023-02-02T16:49:22.030413+00:00
[2023-02-02 10:53:39,469] {dataproc.py:1866} INFO - Submitting job
[2023-02-02 10:53:39,481] {base.py:68} INFO - Using connection ID 'google_cloud_default' for task execution.
[2023-02-02 10:53:39,970] {dataproc.py:1878} INFO - Job PARTASK_dfa23fbf_avg_uprice submitted successfully.
[2023-02-02 10:53:40,014] {dataproc.py:1898} INFO - Waiting for job PARTASK_dfa23fbf_avg_uprice to complete
[2023-02-02 10:54:32,025] {dataproc.py:1902} INFO - Job PARTASK_dfa23fbf_avg_uprice completed successfully.
[2023-02-02 10:54:32,080] {taskinstance.py:1395} INFO - Marking task as SUCCESS. dag_id=6_dataproc_airflow, task_id=par_task.avg_uprice, execution_date=20230202T164922, start_date=20230202T165339, end_date=20230202T165432
[2023-02-02 10:54:32,132] {local_task_job.py:156} INFO - Task exited with return code 0
