[2023-02-15 18:02:26,214] {taskinstance.py:1159} INFO - Dependencies all met for <TaskInstance: 7_dataproc_subdags.par_task scheduled__2023-02-15T00:00:00+00:00 [queued]>
[2023-02-15 18:02:26,219] {taskinstance.py:1159} INFO - Dependencies all met for <TaskInstance: 7_dataproc_subdags.par_task scheduled__2023-02-15T00:00:00+00:00 [queued]>
[2023-02-15 18:02:26,220] {taskinstance.py:1356} INFO - 
--------------------------------------------------------------------------------
[2023-02-15 18:02:26,220] {taskinstance.py:1357} INFO - Starting attempt 1 of 1
[2023-02-15 18:02:26,223] {taskinstance.py:1358} INFO - 
--------------------------------------------------------------------------------
[2023-02-15 18:02:26,230] {taskinstance.py:1377} INFO - Executing <Task(SubDagOperator): par_task> on 2023-02-15 00:00:00+00:00
[2023-02-15 18:02:26,233] {standard_task_runner.py:52} INFO - Started process 467234 to run task
[2023-02-15 18:02:26,234] {standard_task_runner.py:79} INFO - Running: ['***', 'tasks', 'run', '7_dataproc_subdags', 'par_task', 'scheduled__2023-02-15T00:00:00+00:00', '--job-id', '225', '--raw', '--subdir', 'DAGS_FOLDER/Airflow2_0_De_0_a_Heroe/7_dataproc_subdags.py', '--cfg-path', '/tmp/tmpzjj7_c7o', '--error-file', '/tmp/tmpobgk645v']
[2023-02-15 18:02:26,235] {standard_task_runner.py:80} INFO - Job 225: Subtask par_task
[2023-02-15 18:02:26,279] {task_command.py:369} INFO - Running <TaskInstance: 7_dataproc_subdags.par_task scheduled__2023-02-15T00:00:00+00:00 [running]> on host Tinmar.
[2023-02-15 18:02:26,322] {taskinstance.py:1569} INFO - Exporting the following env vars:
AIRFLOW_CTX_DAG_OWNER=David Sanchez
AIRFLOW_CTX_DAG_ID=7_dataproc_subdags
AIRFLOW_CTX_TASK_ID=par_task
AIRFLOW_CTX_EXECUTION_DATE=2023-02-15T00:00:00+00:00
AIRFLOW_CTX_TRY_NUMBER=1
AIRFLOW_CTX_DAG_RUN_ID=scheduled__2023-02-15T00:00:00+00:00
[2023-02-15 18:02:26,325] {logging_mixin.py:115} WARNING - /home/tinmar/.local/lib/python3.10/site-packages/***/utils/context.py:202 AirflowContextDeprecationWarning: Accessing 'execution_date' from the template is deprecated and will be removed in a future version. Please use 'data_interval_start' or 'logical_date' instead.
[2023-02-15 18:02:26,345] {subdag.py:176} INFO - Created DagRun: scheduled__2023-02-15T00:00:00+00:00
[2023-02-15 18:03:26,421] {base.py:301} INFO - Success criteria met. Exiting.
[2023-02-15 18:03:26,429] {subdag.py:191} INFO - Execution finished. State is failed
[2023-02-15 18:03:26,439] {taskinstance.py:1889} ERROR - Task failed with exception
Traceback (most recent call last):
  File "/home/tinmar/.local/lib/python3.10/site-packages/airflow/models/taskinstance.py", line 1451, in _run_raw_task
    self._execute_task_with_callbacks(context, test_mode)
  File "/home/tinmar/.local/lib/python3.10/site-packages/airflow/models/taskinstance.py", line 1601, in _execute_task_with_callbacks
    self.task.post_execute(context=context, result=result)
  File "/home/tinmar/.local/lib/python3.10/site-packages/airflow/operators/subdag.py", line 194, in post_execute
    raise AirflowException(f"Expected state: SUCCESS. Actual state: {dag_run.state}")
airflow.exceptions.AirflowException: Expected state: SUCCESS. Actual state: failed
[2023-02-15 18:03:26,442] {taskinstance.py:1395} INFO - Marking task as FAILED. dag_id=7_dataproc_subdags, task_id=par_task, execution_date=20230215T000000, start_date=20230216T000226, end_date=20230216T000326
[2023-02-15 18:03:26,452] {standard_task_runner.py:92} ERROR - Failed to execute job 225 for task par_task (Expected state: SUCCESS. Actual state: failed; 467234)
[2023-02-15 18:03:26,468] {local_task_job.py:156} INFO - Task exited with return code 1
