[2023-01-31 13:46:33,923] {taskinstance.py:1159} INFO - Dependencies all met for <TaskInstance: 2.3_azure_storage_bigquery.cargar_datos manual__2023-01-31T19:46:23.508196+00:00 [queued]>
[2023-01-31 13:46:33,936] {taskinstance.py:1159} INFO - Dependencies all met for <TaskInstance: 2.3_azure_storage_bigquery.cargar_datos manual__2023-01-31T19:46:23.508196+00:00 [queued]>
[2023-01-31 13:46:33,936] {taskinstance.py:1356} INFO - 
--------------------------------------------------------------------------------
[2023-01-31 13:46:33,937] {taskinstance.py:1357} INFO - Starting attempt 1 of 1
[2023-01-31 13:46:33,938] {taskinstance.py:1358} INFO - 
--------------------------------------------------------------------------------
[2023-01-31 13:46:33,970] {taskinstance.py:1377} INFO - Executing <Task(GCSToBigQueryOperator): cargar_datos> on 2023-01-31 19:46:23.508196+00:00
[2023-01-31 13:46:33,974] {standard_task_runner.py:52} INFO - Started process 8345 to run task
[2023-01-31 13:46:33,976] {standard_task_runner.py:79} INFO - Running: ['airflow', 'tasks', 'run', '2.3_azure_storage_bigquery', 'cargar_datos', 'manual__2023-01-31T19:46:23.508196+00:00', '--job-id', '74', '--raw', '--subdir', 'DAGS_FOLDER/Airflow2.0-De-0-a-Heroe/2.3_azure_storage_bigquery.py', '--cfg-path', '/tmp/tmpmax1b_as', '--error-file', '/tmp/tmputc2suw5']
[2023-01-31 13:46:33,977] {standard_task_runner.py:80} INFO - Job 74: Subtask cargar_datos
[2023-01-31 13:46:34,057] {task_command.py:369} INFO - Running <TaskInstance: 2.3_azure_storage_bigquery.cargar_datos manual__2023-01-31T19:46:23.508196+00:00 [running]> on host Tinmar.
[2023-01-31 13:46:34,164] {taskinstance.py:1569} INFO - Exporting the following env vars:
AIRFLOW_CTX_DAG_OWNER=Rodrigo N
AIRFLOW_CTX_DAG_ID=2.3_azure_storage_bigquery
AIRFLOW_CTX_TASK_ID=cargar_datos
AIRFLOW_CTX_EXECUTION_DATE=2023-01-31T19:46:23.508196+00:00
AIRFLOW_CTX_TRY_NUMBER=1
AIRFLOW_CTX_DAG_RUN_ID=manual__2023-01-31T19:46:23.508196+00:00
[2023-01-31 13:46:34,178] {base.py:68} INFO - Using connection ID 'google_cloud_default' for task execution.
[2023-01-31 13:46:34,180] {gcs_to_bigquery.py:377} INFO - Using existing BigQuery table for storing data...
[2023-01-31 13:46:34,227] {gcs_to_bigquery.py:381} INFO - Executing: {'load': {'autodetect': True, 'createDisposition': 'CREATE_IF_NEEDED', 'destinationTable': {'projectId': 'serene-gradient-371719', 'datasetId': 'airflow_trabajo', 'tableId': 'retail_years_azure'}, 'sourceFormat': 'CSV', 'sourceUris': ['gs://azure_airflow23/*'], 'writeDisposition': 'WRITE_APPEND', 'ignoreUnknownValues': False, 'skipLeadingRows': 1, 'fieldDelimiter': ';', 'quote': None, 'allowQuotedNewlines': False, 'encoding': 'UTF-8'}}
[2023-01-31 13:46:34,228] {bigquery.py:1542} INFO - Inserting job airflow_2_3_azure_storage_bigquery_cargar_datos_2023_01_31T19_46_23_508196_00_00_fccdc30f4c8551bbbe38568199812a07
[2023-01-31 13:46:37,781] {taskinstance.py:1395} INFO - Marking task as SUCCESS. dag_id=2.3_azure_storage_bigquery, task_id=cargar_datos, execution_date=20230131T194623, start_date=20230131T194633, end_date=20230131T194637
[2023-01-31 13:46:37,856] {local_task_job.py:156} INFO - Task exited with return code 0
[2023-01-31 13:46:37,922] {local_task_job.py:273} INFO - 1 downstream tasks scheduled from follow-on schedule check
