[2023-02-21T11:54:58.419-0600] {taskinstance.py:1165} INFO - Dependencies all met for <TaskInstance: 3_retries.task_b manual__2023-02-21T17:53:49.337492+00:00 [queued]>
[2023-02-21T11:54:58.429-0600] {taskinstance.py:1165} INFO - Dependencies all met for <TaskInstance: 3_retries.task_b manual__2023-02-21T17:53:49.337492+00:00 [queued]>
[2023-02-21T11:54:58.430-0600] {taskinstance.py:1362} INFO - 
--------------------------------------------------------------------------------
[2023-02-21T11:54:58.431-0600] {taskinstance.py:1363} INFO - Starting attempt 3 of 4
[2023-02-21T11:54:58.431-0600] {taskinstance.py:1364} INFO - 
--------------------------------------------------------------------------------
[2023-02-21T11:54:58.440-0600] {taskinstance.py:1383} INFO - Executing <Task(BashOperator): task_b> on 2023-02-21 17:53:49.337492+00:00
[2023-02-21T11:54:58.443-0600] {standard_task_runner.py:54} INFO - Started process 526841 to run task
[2023-02-21T11:54:58.445-0600] {standard_task_runner.py:82} INFO - Running: ['***', 'tasks', 'run', '3_retries', 'task_b', 'manual__2023-02-21T17:53:49.337492+00:00', '--job-id', '663', '--raw', '--subdir', 'DAGS_FOLDER/Apache_Airflow-The_Operators_Guide/3_retries.py', '--cfg-path', '/tmp/tmpjzlm7k91']
[2023-02-21T11:54:58.447-0600] {standard_task_runner.py:83} INFO - Job 663: Subtask task_b
[2023-02-21T11:54:58.447-0600] {dagbag.py:525} INFO - Filling up the DagBag from /c/Airflow/dags/Apache_Airflow-The_Operators_Guide/3_retries.py
[2023-02-21T11:54:58.529-0600] {task_command.py:384} INFO - Running <TaskInstance: 3_retries.task_b manual__2023-02-21T17:53:49.337492+00:00 [running]> on host Tinmar.
[2023-02-21T11:54:58.571-0600] {taskinstance.py:1590} INFO - Exporting the following env vars:
AIRFLOW_CTX_DAG_OWNER=Andrade
AIRFLOW_CTX_DAG_ID=3_retries
AIRFLOW_CTX_TASK_ID=task_b
AIRFLOW_CTX_EXECUTION_DATE=2023-02-21T17:53:49.337492+00:00
AIRFLOW_CTX_TRY_NUMBER=3
AIRFLOW_CTX_DAG_RUN_ID=manual__2023-02-21T17:53:49.337492+00:00
[2023-02-21T11:54:58.571-0600] {subprocess.py:63} INFO - Tmp dir root location: 
 /tmp
[2023-02-21T11:54:58.572-0600] {subprocess.py:75} INFO - Running command: ['/usr/bin/bash', '-c', 'sleep 5 && exit 1']
[2023-02-21T11:54:58.577-0600] {subprocess.py:86} INFO - Output:
[2023-02-21T11:55:03.578-0600] {subprocess.py:97} INFO - Command exited with return code 1
[2023-02-21T11:55:03.588-0600] {taskinstance.py:1851} ERROR - Task failed with exception
Traceback (most recent call last):
  File "/home/tinmar/.local/lib/python3.10/site-packages/airflow/operators/bash.py", line 196, in execute
    raise AirflowException(
airflow.exceptions.AirflowException: Bash command failed. The command returned a non-zero exit code 1.
[2023-02-21T11:55:03.590-0600] {taskinstance.py:1401} INFO - Marking task as UP_FOR_RETRY. dag_id=3_retries, task_id=task_b, execution_date=20230221T175349, start_date=20230221T175458, end_date=20230221T175503
[2023-02-21T11:55:03.599-0600] {standard_task_runner.py:102} ERROR - Failed to execute job 663 for task task_b (Bash command failed. The command returned a non-zero exit code 1.; 526841)
[2023-02-21T11:55:03.627-0600] {local_task_job.py:164} INFO - Task exited with return code 1
[2023-02-21T11:55:03.640-0600] {local_task_job.py:273} INFO - 0 downstream tasks scheduled from follow-on schedule check
