[2023-02-02 10:22:53,161] {taskinstance.py:1159} INFO - Dependencies all met for <TaskInstance: 6_dataproc_airflow.delete_cluster manual__2023-02-02T16:17:27.910370+00:00 [queued]>
[2023-02-02 10:22:53,174] {taskinstance.py:1159} INFO - Dependencies all met for <TaskInstance: 6_dataproc_airflow.delete_cluster manual__2023-02-02T16:17:27.910370+00:00 [queued]>
[2023-02-02 10:22:53,175] {taskinstance.py:1356} INFO - 
--------------------------------------------------------------------------------
[2023-02-02 10:22:53,177] {taskinstance.py:1357} INFO - Starting attempt 1 of 1
[2023-02-02 10:22:53,177] {taskinstance.py:1358} INFO - 
--------------------------------------------------------------------------------
[2023-02-02 10:22:53,209] {taskinstance.py:1377} INFO - Executing <Task(DataprocDeleteClusterOperator): delete_cluster> on 2023-02-02 16:17:27.910370+00:00
[2023-02-02 10:22:53,211] {standard_task_runner.py:52} INFO - Started process 17693 to run task
[2023-02-02 10:22:53,213] {standard_task_runner.py:79} INFO - Running: ['airflow', 'tasks', 'run', '6_dataproc_airflow', 'delete_cluster', 'manual__2023-02-02T16:17:27.910370+00:00', '--job-id', '167', '--raw', '--subdir', 'DAGS_FOLDER/Airflow2_0_De_0_a_Heroe/6_dataproc_airflow.py', '--cfg-path', '/tmp/tmpz62aiz7o', '--error-file', '/tmp/tmp3_33gvaj']
[2023-02-02 10:22:53,214] {standard_task_runner.py:80} INFO - Job 167: Subtask delete_cluster
[2023-02-02 10:22:53,289] {task_command.py:369} INFO - Running <TaskInstance: 6_dataproc_airflow.delete_cluster manual__2023-02-02T16:17:27.910370+00:00 [running]> on host Tinmar.
[2023-02-02 10:22:53,388] {taskinstance.py:1569} INFO - Exporting the following env vars:
AIRFLOW_CTX_DAG_OWNER=David S
AIRFLOW_CTX_DAG_ID=6_dataproc_airflow
AIRFLOW_CTX_TASK_ID=delete_cluster
AIRFLOW_CTX_EXECUTION_DATE=2023-02-02T16:17:27.910370+00:00
AIRFLOW_CTX_TRY_NUMBER=1
AIRFLOW_CTX_DAG_RUN_ID=manual__2023-02-02T16:17:27.910370+00:00
[2023-02-02 10:22:53,400] {base.py:68} INFO - Using connection ID 'google_cloud_default' for task execution.
[2023-02-02 10:22:53,402] {dataproc.py:817} INFO - Deleting cluster: airflow-spark-cluster
[2023-02-02 10:24:40,123] {dataproc.py:829} INFO - Cluster deleted.
[2023-02-02 10:24:40,144] {taskinstance.py:1395} INFO - Marking task as SUCCESS. dag_id=6_dataproc_airflow, task_id=delete_cluster, execution_date=20230202T161727, start_date=20230202T162253, end_date=20230202T162440
[2023-02-02 10:24:40,187] {local_task_job.py:156} INFO - Task exited with return code 0
