[2023-02-13 12:23:21,838] {taskinstance.py:1159} INFO - Dependencies all met for <TaskInstance: jinja_macros_quinto_dag.jinja_1 manual__2023-02-13T18:23:18.602007+00:00 [queued]>
[2023-02-13 12:23:21,845] {taskinstance.py:1159} INFO - Dependencies all met for <TaskInstance: jinja_macros_quinto_dag.jinja_1 manual__2023-02-13T18:23:18.602007+00:00 [queued]>
[2023-02-13 12:23:21,846] {taskinstance.py:1356} INFO - 
--------------------------------------------------------------------------------
[2023-02-13 12:23:21,848] {taskinstance.py:1357} INFO - Starting attempt 1 of 1
[2023-02-13 12:23:21,848] {taskinstance.py:1358} INFO - 
--------------------------------------------------------------------------------
[2023-02-13 12:23:21,860] {taskinstance.py:1377} INFO - Executing <Task(BashOperator): jinja_1> on 2023-02-13 18:23:18.602007+00:00
[2023-02-13 12:23:21,863] {standard_task_runner.py:52} INFO - Started process 114862 to run task
[2023-02-13 12:23:21,865] {standard_task_runner.py:79} INFO - Running: ['***', 'tasks', 'run', 'jinja_macros_quinto_dag', 'jinja_1', 'manual__2023-02-13T18:23:18.602007+00:00', '--job-id', '124', '--raw', '--subdir', 'DAGS_FOLDER/Apache_Airflow/jinja_macros_quinto_dag.py', '--cfg-path', '/tmp/tmpxqf2ossi', '--error-file', '/tmp/tmpqqmeeflf']
[2023-02-13 12:23:21,868] {standard_task_runner.py:80} INFO - Job 124: Subtask jinja_1
[2023-02-13 12:23:21,921] {task_command.py:369} INFO - Running <TaskInstance: jinja_macros_quinto_dag.jinja_1 manual__2023-02-13T18:23:18.602007+00:00 [running]> on host Tinmar.
[2023-02-13 12:23:21,981] {taskinstance.py:1569} INFO - Exporting the following env vars:
AIRFLOW_CTX_DAG_OWNER=Tinmar
AIRFLOW_CTX_DAG_ID=jinja_macros_quinto_dag
AIRFLOW_CTX_TASK_ID=jinja_1
AIRFLOW_CTX_EXECUTION_DATE=2023-02-13T18:23:18.602007+00:00
AIRFLOW_CTX_TRY_NUMBER=1
AIRFLOW_CTX_DAG_RUN_ID=manual__2023-02-13T18:23:18.602007+00:00
[2023-02-13 12:23:21,983] {subprocess.py:62} INFO - Tmp dir root location: 
 /tmp
[2023-02-13 12:23:21,984] {subprocess.py:74} INFO - Running command: ['bash', '-c', 'echo 2023-02-13']
[2023-02-13 12:23:21,990] {subprocess.py:85} INFO - Output:
[2023-02-13 12:23:21,991] {subprocess.py:92} INFO - 2023-02-13
[2023-02-13 12:23:21,991] {subprocess.py:96} INFO - Command exited with return code 0
[2023-02-13 12:23:22,018] {taskinstance.py:1395} INFO - Marking task as SUCCESS. dag_id=jinja_macros_quinto_dag, task_id=jinja_1, execution_date=20230213T182318, start_date=20230213T182321, end_date=20230213T182322
[2023-02-13 12:23:22,047] {local_task_job.py:156} INFO - Task exited with return code 0
[2023-02-13 12:23:22,078] {local_task_job.py:273} INFO - 1 downstream tasks scheduled from follow-on schedule check
