[2023-02-13 14:33:40,076] {taskinstance.py:1159} INFO - Dependencies all met for <TaskInstance: branch_octavo_dag.api_call manual__2023-02-13T20:33:38.237870+00:00 [queued]>
[2023-02-13 14:33:40,082] {taskinstance.py:1159} INFO - Dependencies all met for <TaskInstance: branch_octavo_dag.api_call manual__2023-02-13T20:33:38.237870+00:00 [queued]>
[2023-02-13 14:33:40,082] {taskinstance.py:1356} INFO - 
--------------------------------------------------------------------------------
[2023-02-13 14:33:40,083] {taskinstance.py:1357} INFO - Starting attempt 1 of 1
[2023-02-13 14:33:40,083] {taskinstance.py:1358} INFO - 
--------------------------------------------------------------------------------
[2023-02-13 14:33:40,091] {taskinstance.py:1377} INFO - Executing <Task(SimpleHttpOperator): api_call> on 2023-02-13 20:33:38.237870+00:00
[2023-02-13 14:33:40,094] {standard_task_runner.py:52} INFO - Started process 198281 to run task
[2023-02-13 14:33:40,096] {standard_task_runner.py:79} INFO - Running: ['***', 'tasks', 'run', 'branch_octavo_dag', 'api_call', 'manual__2023-02-13T20:33:38.237870+00:00', '--job-id', '140', '--raw', '--subdir', 'DAGS_FOLDER/Apache_Airflow/branch_octavo_dag.py', '--cfg-path', '/tmp/tmp_o_c_59s', '--error-file', '/tmp/tmpktr7nncy']
[2023-02-13 14:33:40,098] {standard_task_runner.py:80} INFO - Job 140: Subtask api_call
[2023-02-13 14:33:40,140] {task_command.py:369} INFO - Running <TaskInstance: branch_octavo_dag.api_call manual__2023-02-13T20:33:38.237870+00:00 [running]> on host Tinmar.
[2023-02-13 14:33:40,185] {taskinstance.py:1569} INFO - Exporting the following env vars:
AIRFLOW_CTX_DAG_OWNER=Tinmar
AIRFLOW_CTX_DAG_ID=branch_octavo_dag
AIRFLOW_CTX_TASK_ID=api_call
AIRFLOW_CTX_EXECUTION_DATE=2023-02-13T20:33:38.237870+00:00
AIRFLOW_CTX_TRY_NUMBER=1
AIRFLOW_CTX_DAG_RUN_ID=manual__2023-02-13T20:33:38.237870+00:00
[2023-02-13 14:33:40,186] {http.py:123} INFO - Calling HTTP method
[2023-02-13 14:33:40,195] {base.py:68} INFO - Using connection ID 'random_number' for task execution.
[2023-02-13 14:33:41,334] {taskinstance.py:1395} INFO - Marking task as SUCCESS. dag_id=branch_octavo_dag, task_id=api_call, execution_date=20230213T203338, start_date=20230213T203340, end_date=20230213T203341
[2023-02-13 14:33:41,362] {local_task_job.py:156} INFO - Task exited with return code 0
[2023-02-13 14:33:41,391] {local_task_job.py:273} INFO - 1 downstream tasks scheduled from follow-on schedule check
