[2023-02-13 17:55:02,596] {taskinstance.py:1159} INFO - Dependencies all met for <TaskInstance: 11.1_example_dag.sleep manual__2023-02-13T23:55:01.428250+00:00 [queued]>
[2023-02-13 17:55:02,602] {taskinstance.py:1159} INFO - Dependencies all met for <TaskInstance: 11.1_example_dag.sleep manual__2023-02-13T23:55:01.428250+00:00 [queued]>
[2023-02-13 17:55:02,602] {taskinstance.py:1356} INFO - 
--------------------------------------------------------------------------------
[2023-02-13 17:55:02,603] {taskinstance.py:1357} INFO - Starting attempt 1 of 1
[2023-02-13 17:55:02,604] {taskinstance.py:1358} INFO - 
--------------------------------------------------------------------------------
[2023-02-13 17:55:02,612] {taskinstance.py:1377} INFO - Executing <Task(BashOperator): sleep> on 2023-02-13 23:55:01.428250+00:00
[2023-02-13 17:55:02,614] {standard_task_runner.py:52} INFO - Started process 278768 to run task
[2023-02-13 17:55:02,616] {standard_task_runner.py:79} INFO - Running: ['***', 'tasks', 'run', '11.1_example_dag', 'sleep', 'manual__2023-02-13T23:55:01.428250+00:00', '--job-id', '168', '--raw', '--subdir', 'DAGS_FOLDER/Apache_Airflow/11.1_example_dag.py', '--cfg-path', '/tmp/tmp5byes84r', '--error-file', '/tmp/tmpa51q0k4b']
[2023-02-13 17:55:02,618] {standard_task_runner.py:80} INFO - Job 168: Subtask sleep
[2023-02-13 17:55:02,658] {task_command.py:369} INFO - Running <TaskInstance: 11.1_example_dag.sleep manual__2023-02-13T23:55:01.428250+00:00 [running]> on host Tinmar.
[2023-02-13 17:55:02,703] {taskinstance.py:1569} INFO - Exporting the following env vars:
AIRFLOW_CTX_DAG_OWNER=***
AIRFLOW_CTX_DAG_ID=11.1_example_dag
AIRFLOW_CTX_TASK_ID=sleep
AIRFLOW_CTX_EXECUTION_DATE=2023-02-13T23:55:01.428250+00:00
AIRFLOW_CTX_TRY_NUMBER=1
AIRFLOW_CTX_DAG_RUN_ID=manual__2023-02-13T23:55:01.428250+00:00
[2023-02-13 17:55:02,706] {subprocess.py:62} INFO - Tmp dir root location: 
 /tmp
[2023-02-13 17:55:02,707] {subprocess.py:74} INFO - Running command: ['bash', '-c', 'sleep 30']
[2023-02-13 17:55:02,712] {subprocess.py:85} INFO - Output:
[2023-02-13 17:55:32,715] {subprocess.py:96} INFO - Command exited with return code 0
[2023-02-13 17:55:32,743] {taskinstance.py:1395} INFO - Marking task as SUCCESS. dag_id=11.1_example_dag, task_id=sleep, execution_date=20230213T235501, start_date=20230213T235502, end_date=20230213T235532
[2023-02-13 17:55:32,761] {local_task_job.py:156} INFO - Task exited with return code 0
[2023-02-13 17:55:32,787] {local_task_job.py:273} INFO - 1 downstream tasks scheduled from follow-on schedule check
