[2023-01-31 17:29:19,438] {taskinstance.py:1159} INFO - Dependencies all met for <TaskInstance: 3_hooks_xcoms.list_files manual__2023-01-31T23:27:04.884341+00:00 [queued]>
[2023-01-31 17:29:19,449] {taskinstance.py:1159} INFO - Dependencies all met for <TaskInstance: 3_hooks_xcoms.list_files manual__2023-01-31T23:27:04.884341+00:00 [queued]>
[2023-01-31 17:29:19,450] {taskinstance.py:1356} INFO - 
--------------------------------------------------------------------------------
[2023-01-31 17:29:19,451] {taskinstance.py:1357} INFO - Starting attempt 3 of 3
[2023-01-31 17:29:19,452] {taskinstance.py:1358} INFO - 
--------------------------------------------------------------------------------
[2023-01-31 17:29:19,478] {taskinstance.py:1377} INFO - Executing <Task(PythonOperator): list_files> on 2023-01-31 23:27:04.884341+00:00
[2023-01-31 17:29:19,480] {standard_task_runner.py:52} INFO - Started process 14242 to run task
[2023-01-31 17:29:19,483] {standard_task_runner.py:79} INFO - Running: ['airflow', 'tasks', 'run', '3_hooks_xcoms', 'list_files', 'manual__2023-01-31T23:27:04.884341+00:00', '--job-id', '95', '--raw', '--subdir', 'DAGS_FOLDER/Airflow2.0-De-0-a-Heroe/3_hooks_xcoms.py', '--cfg-path', '/tmp/tmph8tcvmag', '--error-file', '/tmp/tmpz76nyuto']
[2023-01-31 17:29:19,483] {standard_task_runner.py:80} INFO - Job 95: Subtask list_files
[2023-01-31 17:29:19,543] {task_command.py:369} INFO - Running <TaskInstance: 3_hooks_xcoms.list_files manual__2023-01-31T23:27:04.884341+00:00 [running]> on host Tinmar.
[2023-01-31 17:29:19,625] {taskinstance.py:1569} INFO - Exporting the following env vars:
AIRFLOW_CTX_DAG_OWNER=David S
AIRFLOW_CTX_DAG_ID=3_hooks_xcoms
AIRFLOW_CTX_TASK_ID=list_files
AIRFLOW_CTX_EXECUTION_DATE=2023-01-31T23:27:04.884341+00:00
AIRFLOW_CTX_TRY_NUMBER=3
AIRFLOW_CTX_DAG_RUN_ID=manual__2023-01-31T23:27:04.884341+00:00
[2023-01-31 17:29:19,636] {base.py:68} INFO - Using connection ID 'google_cloud_default' for task execution.
[2023-01-31 17:29:21,099] {python.py:173} INFO - Done. Returned value was: ['retail_2020.csv', 'retail_2021.csv']
[2023-01-31 17:29:21,161] {taskinstance.py:1395} INFO - Marking task as SUCCESS. dag_id=3_hooks_xcoms, task_id=list_files, execution_date=20230131T232704, start_date=20230131T232919, end_date=20230131T232921
[2023-01-31 17:29:21,225] {local_task_job.py:156} INFO - Task exited with return code 0
[2023-01-31 17:29:21,296] {local_task_job.py:273} INFO - 1 downstream tasks scheduled from follow-on schedule check
