[2023-02-18T18:29:13.084-0600] {taskinstance.py:1165} INFO - Dependencies all met for <TaskInstance: 5_task_group.check_files scheduled__2023-02-18T00:00:00+00:00 [queued]>
[2023-02-18T18:29:13.094-0600] {taskinstance.py:1165} INFO - Dependencies all met for <TaskInstance: 5_task_group.check_files scheduled__2023-02-18T00:00:00+00:00 [queued]>
[2023-02-18T18:29:13.095-0600] {taskinstance.py:1362} INFO - 
--------------------------------------------------------------------------------
[2023-02-18T18:29:13.095-0600] {taskinstance.py:1363} INFO - Starting attempt 1 of 1
[2023-02-18T18:29:13.096-0600] {taskinstance.py:1364} INFO - 
--------------------------------------------------------------------------------
[2023-02-18T18:29:13.105-0600] {taskinstance.py:1383} INFO - Executing <Task(BashOperator): check_files> on 2023-02-18 00:00:00+00:00
[2023-02-18T18:29:13.108-0600] {standard_task_runner.py:54} INFO - Started process 196504 to run task
[2023-02-18T18:29:13.110-0600] {standard_task_runner.py:82} INFO - Running: ['***', 'tasks', 'run', '5_task_group', 'check_files', 'scheduled__2023-02-18T00:00:00+00:00', '--job-id', '522', '--raw', '--subdir', 'DAGS_FOLDER/Introduction_to_Apache_Airflow/5_task_group.py', '--cfg-path', '/tmp/tmpbwcgjyc7']
[2023-02-18T18:29:13.112-0600] {standard_task_runner.py:83} INFO - Job 522: Subtask check_files
[2023-02-18T18:29:13.114-0600] {dagbag.py:525} INFO - Filling up the DagBag from /c/Airflow/dags/Introduction_to_Apache_Airflow/5_task_group.py
[2023-02-18T18:29:13.251-0600] {task_command.py:384} INFO - Running <TaskInstance: 5_task_group.check_files scheduled__2023-02-18T00:00:00+00:00 [running]> on host Tinmar.
[2023-02-18T18:29:13.306-0600] {taskinstance.py:1590} INFO - Exporting the following env vars:
AIRFLOW_CTX_DAG_OWNER=***
AIRFLOW_CTX_DAG_ID=5_task_group
AIRFLOW_CTX_TASK_ID=check_files
AIRFLOW_CTX_EXECUTION_DATE=2023-02-18T00:00:00+00:00
AIRFLOW_CTX_TRY_NUMBER=1
AIRFLOW_CTX_DAG_RUN_ID=scheduled__2023-02-18T00:00:00+00:00
[2023-02-18T18:29:13.309-0600] {subprocess.py:63} INFO - Tmp dir root location: 
 /tmp
[2023-02-18T18:29:13.316-0600] {subprocess.py:75} INFO - Running command: ['/usr/bin/bash', '-c', 'sleep 10']
[2023-02-18T18:29:13.324-0600] {subprocess.py:86} INFO - Output:
[2023-02-18T18:29:23.325-0600] {subprocess.py:97} INFO - Command exited with return code 0
[2023-02-18T18:29:23.346-0600] {taskinstance.py:1401} INFO - Marking task as SUCCESS. dag_id=5_task_group, task_id=check_files, execution_date=20230218T000000, start_date=20230219T002913, end_date=20230219T002923
[2023-02-18T18:29:23.383-0600] {local_task_job.py:164} INFO - Task exited with return code 0
[2023-02-18T18:29:23.399-0600] {local_task_job.py:273} INFO - 3 downstream tasks scheduled from follow-on schedule check
