[2023-01-31 11:47:31,462] {taskinstance.py:1159} INFO - Dependencies all met for <TaskInstance: 2.2_aws_storage_bigquery.tabla_resumen manual__2023-01-31T17:37:26.996622+00:00 [queued]>
[2023-01-31 11:47:31,476] {taskinstance.py:1159} INFO - Dependencies all met for <TaskInstance: 2.2_aws_storage_bigquery.tabla_resumen manual__2023-01-31T17:37:26.996622+00:00 [queued]>
[2023-01-31 11:47:31,477] {taskinstance.py:1356} INFO - 
--------------------------------------------------------------------------------
[2023-01-31 11:47:31,478] {taskinstance.py:1357} INFO - Starting attempt 3 of 3
[2023-01-31 11:47:31,479] {taskinstance.py:1358} INFO - 
--------------------------------------------------------------------------------
[2023-01-31 11:47:31,504] {taskinstance.py:1377} INFO - Executing <Task(BigQueryExecuteQueryOperator): tabla_resumen> on 2023-01-31 17:37:26.996622+00:00
[2023-01-31 11:47:31,507] {standard_task_runner.py:52} INFO - Started process 4222 to run task
[2023-01-31 11:47:31,509] {standard_task_runner.py:79} INFO - Running: ['airflow', 'tasks', 'run', '2.2_aws_storage_bigquery', 'tabla_resumen', 'manual__2023-01-31T17:37:26.996622+00:00', '--job-id', '51', '--raw', '--subdir', 'DAGS_FOLDER/Airflow2.0-De-0-a-Heroe/2.2_aws_storage_bigquery.py', '--cfg-path', '/tmp/tmp7ujrf66x', '--error-file', '/tmp/tmpw9zbbsp6']
[2023-01-31 11:47:31,510] {standard_task_runner.py:80} INFO - Job 51: Subtask tabla_resumen
[2023-01-31 11:47:31,565] {task_command.py:369} INFO - Running <TaskInstance: 2.2_aws_storage_bigquery.tabla_resumen manual__2023-01-31T17:37:26.996622+00:00 [running]> on host Tinmar.
[2023-01-31 11:47:31,641] {taskinstance.py:1569} INFO - Exporting the following env vars:
AIRFLOW_CTX_DAG_OWNER=Rodrigo N
AIRFLOW_CTX_DAG_ID=2.2_aws_storage_bigquery
AIRFLOW_CTX_TASK_ID=tabla_resumen
AIRFLOW_CTX_EXECUTION_DATE=2023-01-31T17:37:26.996622+00:00
AIRFLOW_CTX_TRY_NUMBER=3
AIRFLOW_CTX_DAG_RUN_ID=manual__2023-01-31T17:37:26.996622+00:00
[2023-01-31 11:47:31,641] {bigquery.py:1077} INFO - Executing: 
        SELECT `year`, `area`, ROUND(AVG(`total_inc`), 4) AS avg_income
        FROM `serene-gradient-371719.airflow_trabajo.retail_years_aws`
        GROUP BY `year`, `area`
        ORDER BY `area` ASC
        
[2023-01-31 11:47:31,651] {base.py:68} INFO - Using connection ID 'google_cloud_default' for task execution.
[2023-01-31 11:47:31,655] {logging_mixin.py:115} WARNING - /home/tinmar/.local/lib/python3.10/site-packages/airflow/providers/google/cloud/hooks/bigquery.py:2050 DeprecationWarning: This method is deprecated. Please use `BigQueryHook.insert_job` method.
[2023-01-31 11:47:31,692] {bigquery.py:1542} INFO - Inserting job airflow_1675187251691831_be23aa467c5a8039541e9634b2072a4e
[2023-01-31 11:47:34,268] {taskinstance.py:1395} INFO - Marking task as SUCCESS. dag_id=2.2_aws_storage_bigquery, task_id=tabla_resumen, execution_date=20230131T173726, start_date=20230131T174731, end_date=20230131T174734
[2023-01-31 11:47:34,299] {local_task_job.py:156} INFO - Task exited with return code 0
[2023-01-31 11:47:34,346] {local_task_job.py:273} INFO - 1 downstream tasks scheduled from follow-on schedule check
