[2023-02-18T18:29:23.836-0600] {taskinstance.py:1165} INFO - Dependencies all met for <TaskInstance: 5_task_group.transforms.transform_b scheduled__2023-02-18T00:00:00+00:00 [queued]>
[2023-02-18T18:29:23.846-0600] {taskinstance.py:1165} INFO - Dependencies all met for <TaskInstance: 5_task_group.transforms.transform_b scheduled__2023-02-18T00:00:00+00:00 [queued]>
[2023-02-18T18:29:23.847-0600] {taskinstance.py:1362} INFO - 
--------------------------------------------------------------------------------
[2023-02-18T18:29:23.848-0600] {taskinstance.py:1363} INFO - Starting attempt 1 of 1
[2023-02-18T18:29:23.849-0600] {taskinstance.py:1364} INFO - 
--------------------------------------------------------------------------------
[2023-02-18T18:29:23.857-0600] {taskinstance.py:1383} INFO - Executing <Task(BashOperator): transforms.transform_b> on 2023-02-18 00:00:00+00:00
[2023-02-18T18:29:23.860-0600] {standard_task_runner.py:54} INFO - Started process 196742 to run task
[2023-02-18T18:29:23.862-0600] {standard_task_runner.py:82} INFO - Running: ['***', 'tasks', 'run', '5_task_group', 'transforms.transform_b', 'scheduled__2023-02-18T00:00:00+00:00', '--job-id', '527', '--raw', '--subdir', 'DAGS_FOLDER/Introduction_to_Apache_Airflow/5_task_group.py', '--cfg-path', '/tmp/tmpzty1hzp4']
[2023-02-18T18:29:23.864-0600] {standard_task_runner.py:83} INFO - Job 527: Subtask transforms.transform_b
[2023-02-18T18:29:23.865-0600] {dagbag.py:525} INFO - Filling up the DagBag from /c/Airflow/dags/Introduction_to_Apache_Airflow/5_task_group.py
[2023-02-18T18:29:24.006-0600] {task_command.py:384} INFO - Running <TaskInstance: 5_task_group.transforms.transform_b scheduled__2023-02-18T00:00:00+00:00 [running]> on host Tinmar.
[2023-02-18T18:29:24.062-0600] {taskinstance.py:1590} INFO - Exporting the following env vars:
AIRFLOW_CTX_DAG_OWNER=***
AIRFLOW_CTX_DAG_ID=5_task_group
AIRFLOW_CTX_TASK_ID=transforms.transform_b
AIRFLOW_CTX_EXECUTION_DATE=2023-02-18T00:00:00+00:00
AIRFLOW_CTX_TRY_NUMBER=1
AIRFLOW_CTX_DAG_RUN_ID=scheduled__2023-02-18T00:00:00+00:00
[2023-02-18T18:29:24.063-0600] {subprocess.py:63} INFO - Tmp dir root location: 
 /tmp
[2023-02-18T18:29:24.064-0600] {subprocess.py:75} INFO - Running command: ['/usr/bin/bash', '-c', 'sleep 10']
[2023-02-18T18:29:24.070-0600] {subprocess.py:86} INFO - Output:
[2023-02-18T18:29:34.071-0600] {subprocess.py:97} INFO - Command exited with return code 0
[2023-02-18T18:29:34.093-0600] {taskinstance.py:1401} INFO - Marking task as SUCCESS. dag_id=5_task_group, task_id=transforms.transform_b, execution_date=20230218T000000, start_date=20230219T002923, end_date=20230219T002934
[2023-02-18T18:29:34.139-0600] {local_task_job.py:164} INFO - Task exited with return code 0
[2023-02-18T18:29:34.154-0600] {local_task_job.py:273} INFO - 0 downstream tasks scheduled from follow-on schedule check
