[2023-02-02 10:36:10,401] {taskinstance.py:1159} INFO - Dependencies all met for <TaskInstance: 6_dataproc_airflow.iden_number manual__2023-02-02T16:25:47.088667+00:00 [queued]>
[2023-02-02 10:36:10,412] {taskinstance.py:1159} INFO - Dependencies all met for <TaskInstance: 6_dataproc_airflow.iden_number manual__2023-02-02T16:25:47.088667+00:00 [queued]>
[2023-02-02 10:36:10,412] {taskinstance.py:1356} INFO - 
--------------------------------------------------------------------------------
[2023-02-02 10:36:10,413] {taskinstance.py:1357} INFO - Starting attempt 2 of 2
[2023-02-02 10:36:10,413] {taskinstance.py:1358} INFO - 
--------------------------------------------------------------------------------
[2023-02-02 10:36:10,439] {taskinstance.py:1377} INFO - Executing <Task(BranchPythonOperator): iden_number> on 2023-02-02 16:25:47.088667+00:00
[2023-02-02 10:36:10,440] {standard_task_runner.py:52} INFO - Started process 18270 to run task
[2023-02-02 10:36:10,442] {standard_task_runner.py:79} INFO - Running: ['airflow', 'tasks', 'run', '6_dataproc_airflow', 'iden_number', 'manual__2023-02-02T16:25:47.088667+00:00', '--job-id', '175', '--raw', '--subdir', 'DAGS_FOLDER/Airflow2_0_De_0_a_Heroe/6_dataproc_airflow.py', '--cfg-path', '/tmp/tmp_z9iogo5', '--error-file', '/tmp/tmphkym2_wn']
[2023-02-02 10:36:10,443] {standard_task_runner.py:80} INFO - Job 175: Subtask iden_number
[2023-02-02 10:36:10,499] {task_command.py:369} INFO - Running <TaskInstance: 6_dataproc_airflow.iden_number manual__2023-02-02T16:25:47.088667+00:00 [running]> on host Tinmar.
[2023-02-02 10:36:10,595] {taskinstance.py:1569} INFO - Exporting the following env vars:
AIRFLOW_CTX_DAG_OWNER=David S
AIRFLOW_CTX_DAG_ID=6_dataproc_airflow
AIRFLOW_CTX_TASK_ID=iden_number
AIRFLOW_CTX_EXECUTION_DATE=2023-02-02T16:25:47.088667+00:00
AIRFLOW_CTX_TRY_NUMBER=2
AIRFLOW_CTX_DAG_RUN_ID=manual__2023-02-02T16:25:47.088667+00:00
[2023-02-02 10:36:10,596] {python.py:173} INFO - Done. Returned value was: impar_task
[2023-02-02 10:36:10,597] {skipmixin.py:140} INFO - Following branch impar_task
[2023-02-02 10:36:10,598] {skipmixin.py:175} INFO - Skipping tasks ['par_task.avg_tincome', 'par_task.avg_uprice', 'par_task.avg_quant']
[2023-02-02 10:36:10,722] {taskinstance.py:1395} INFO - Marking task as SUCCESS. dag_id=6_dataproc_airflow, task_id=iden_number, execution_date=20230202T162547, start_date=20230202T163610, end_date=20230202T163610
[2023-02-02 10:36:10,775] {local_task_job.py:156} INFO - Task exited with return code 0
