[2023-02-02 10:28:45,350] {taskinstance.py:1159} INFO - Dependencies all met for <TaskInstance: 6_dataproc_airflow.iden_number manual__2023-02-02T16:25:47.088667+00:00 [queued]>
[2023-02-02 10:28:45,382] {taskinstance.py:1159} INFO - Dependencies all met for <TaskInstance: 6_dataproc_airflow.iden_number manual__2023-02-02T16:25:47.088667+00:00 [queued]>
[2023-02-02 10:28:45,383] {taskinstance.py:1356} INFO - 
--------------------------------------------------------------------------------
[2023-02-02 10:28:45,385] {taskinstance.py:1357} INFO - Starting attempt 1 of 1
[2023-02-02 10:28:45,385] {taskinstance.py:1358} INFO - 
--------------------------------------------------------------------------------
[2023-02-02 10:28:45,448] {taskinstance.py:1377} INFO - Executing <Task(BranchPythonOperator): iden_number> on 2023-02-02 16:25:47.088667+00:00
[2023-02-02 10:28:45,450] {standard_task_runner.py:52} INFO - Started process 17805 to run task
[2023-02-02 10:28:45,453] {standard_task_runner.py:79} INFO - Running: ['airflow', 'tasks', 'run', '6_dataproc_airflow', 'iden_number', 'manual__2023-02-02T16:25:47.088667+00:00', '--job-id', '169', '--raw', '--subdir', 'DAGS_FOLDER/Airflow2_0_De_0_a_Heroe/6_dataproc_airflow.py', '--cfg-path', '/tmp/tmpu7cg3tni', '--error-file', '/tmp/tmp46tcnv_s']
[2023-02-02 10:28:45,454] {standard_task_runner.py:80} INFO - Job 169: Subtask iden_number
[2023-02-02 10:28:45,632] {task_command.py:369} INFO - Running <TaskInstance: 6_dataproc_airflow.iden_number manual__2023-02-02T16:25:47.088667+00:00 [running]> on host Tinmar.
[2023-02-02 10:28:45,923] {taskinstance.py:1569} INFO - Exporting the following env vars:
AIRFLOW_CTX_DAG_OWNER=David S
AIRFLOW_CTX_DAG_ID=6_dataproc_airflow
AIRFLOW_CTX_TASK_ID=iden_number
AIRFLOW_CTX_EXECUTION_DATE=2023-02-02T16:25:47.088667+00:00
AIRFLOW_CTX_TRY_NUMBER=1
AIRFLOW_CTX_DAG_RUN_ID=manual__2023-02-02T16:25:47.088667+00:00
[2023-02-02 10:28:45,924] {python.py:173} INFO - Done. Returned value was: ['par_task.avg_quant', 'par_task.avg_tincome', 'par_task.avg_uprice']
[2023-02-02 10:28:45,925] {skipmixin.py:140} INFO - Following branch ['par_task.avg_quant', 'par_task.avg_tincome', 'par_task.avg_uprice']
[2023-02-02 10:28:45,926] {skipmixin.py:175} INFO - Skipping tasks ['impar_task']
[2023-02-02 10:28:46,124] {taskinstance.py:1395} INFO - Marking task as SUCCESS. dag_id=6_dataproc_airflow, task_id=iden_number, execution_date=20230202T162547, start_date=20230202T162845, end_date=20230202T162846
[2023-02-02 10:28:46,189] {local_task_job.py:156} INFO - Task exited with return code 0
