[2023-02-17T12:38:29.455-0600] {taskinstance.py:1165} INFO - Dependencies all met for <TaskInstance: 1.6.2_user_processing.is_api_available manual__2023-02-17T18:38:27.455559+00:00 [queued]>
[2023-02-17T12:38:29.469-0600] {taskinstance.py:1165} INFO - Dependencies all met for <TaskInstance: 1.6.2_user_processing.is_api_available manual__2023-02-17T18:38:27.455559+00:00 [queued]>
[2023-02-17T12:38:29.470-0600] {taskinstance.py:1362} INFO - 
--------------------------------------------------------------------------------
[2023-02-17T12:38:29.471-0600] {taskinstance.py:1363} INFO - Starting attempt 1 of 1
[2023-02-17T12:38:29.473-0600] {taskinstance.py:1364} INFO - 
--------------------------------------------------------------------------------
[2023-02-17T12:38:29.485-0600] {taskinstance.py:1383} INFO - Executing <Task(HttpSensor): is_api_available> on 2023-02-17 18:38:27.455559+00:00
[2023-02-17T12:38:29.489-0600] {standard_task_runner.py:54} INFO - Started process 142036 to run task
[2023-02-17T12:38:29.492-0600] {standard_task_runner.py:82} INFO - Running: ['***', 'tasks', 'run', '1.6.2_user_processing', 'is_api_available', 'manual__2023-02-17T18:38:27.455559+00:00', '--job-id', '411', '--raw', '--subdir', 'DAGS_FOLDER/Introduction_to_Apache_Airflow/1.6.2_user_processing.py', '--cfg-path', '/tmp/tmpekpd5v56']
[2023-02-17T12:38:29.495-0600] {standard_task_runner.py:83} INFO - Job 411: Subtask is_api_available
[2023-02-17T12:38:29.496-0600] {dagbag.py:525} INFO - Filling up the DagBag from /c/Airflow/dags/Introduction_to_Apache_Airflow/1.6.2_user_processing.py
[2023-02-17T12:38:29.983-0600] {task_command.py:384} INFO - Running <TaskInstance: 1.6.2_user_processing.is_api_available manual__2023-02-17T18:38:27.455559+00:00 [running]> on host Tinmar.
[2023-02-17T12:38:30.059-0600] {taskinstance.py:1590} INFO - Exporting the following env vars:
AIRFLOW_CTX_DAG_OWNER=Tinmar
AIRFLOW_CTX_DAG_ID=1.6.2_user_processing
AIRFLOW_CTX_TASK_ID=is_api_available
AIRFLOW_CTX_EXECUTION_DATE=2023-02-17T18:38:27.455559+00:00
AIRFLOW_CTX_TRY_NUMBER=1
AIRFLOW_CTX_DAG_RUN_ID=manual__2023-02-17T18:38:27.455559+00:00
[2023-02-17T12:38:30.061-0600] {http.py:122} INFO - Poking: api/
[2023-02-17T12:38:30.079-0600] {base.py:71} INFO - Using connection ID 'user_api' for task execution.
[2023-02-17T12:38:30.573-0600] {base.py:213} INFO - Success criteria met. Exiting.
[2023-02-17T12:38:30.585-0600] {taskinstance.py:1401} INFO - Marking task as SUCCESS. dag_id=1.6.2_user_processing, task_id=is_api_available, execution_date=20230217T183827, start_date=20230217T183829, end_date=20230217T183830
[2023-02-17T12:38:30.613-0600] {local_task_job.py:164} INFO - Task exited with return code 0
[2023-02-17T12:38:30.639-0600] {local_task_job.py:273} INFO - 0 downstream tasks scheduled from follow-on schedule check
