[2023-02-17T08:30:24.590-0600] {taskinstance.py:1165} INFO - Dependencies all met for <TaskInstance: 1.5_user_processing.process_user scheduled__2023-02-16T00:00:00+00:00 [queued]>
[2023-02-17T08:30:24.603-0600] {taskinstance.py:1165} INFO - Dependencies all met for <TaskInstance: 1.5_user_processing.process_user scheduled__2023-02-16T00:00:00+00:00 [queued]>
[2023-02-17T08:30:24.604-0600] {taskinstance.py:1362} INFO - 
--------------------------------------------------------------------------------
[2023-02-17T08:30:24.605-0600] {taskinstance.py:1363} INFO - Starting attempt 1 of 1
[2023-02-17T08:30:24.606-0600] {taskinstance.py:1364} INFO - 
--------------------------------------------------------------------------------
[2023-02-17T08:30:24.617-0600] {taskinstance.py:1383} INFO - Executing <Task(PythonOperator): process_user> on 2023-02-16 00:00:00+00:00
[2023-02-17T08:30:24.620-0600] {standard_task_runner.py:54} INFO - Started process 2471 to run task
[2023-02-17T08:30:24.622-0600] {standard_task_runner.py:82} INFO - Running: ['***', 'tasks', 'run', '1.5_user_processing', 'process_user', 'scheduled__2023-02-16T00:00:00+00:00', '--job-id', '341', '--raw', '--subdir', 'DAGS_FOLDER/Introduction_to_Apache_Airflow/1.5_user_processing.py', '--cfg-path', '/tmp/tmpgti5thfe']
[2023-02-17T08:30:24.625-0600] {standard_task_runner.py:83} INFO - Job 341: Subtask process_user
[2023-02-17T08:30:24.626-0600] {dagbag.py:525} INFO - Filling up the DagBag from /c/Airflow/dags/Introduction_to_Apache_Airflow/1.5_user_processing.py
[2023-02-17T08:30:24.941-0600] {task_command.py:384} INFO - Running <TaskInstance: 1.5_user_processing.process_user scheduled__2023-02-16T00:00:00+00:00 [running]> on host Tinmar.
[2023-02-17T08:30:24.997-0600] {taskinstance.py:1590} INFO - Exporting the following env vars:
AIRFLOW_CTX_DAG_OWNER=Tinmar
AIRFLOW_CTX_DAG_ID=1.5_user_processing
AIRFLOW_CTX_TASK_ID=process_user
AIRFLOW_CTX_EXECUTION_DATE=2023-02-16T00:00:00+00:00
AIRFLOW_CTX_TRY_NUMBER=1
AIRFLOW_CTX_DAG_RUN_ID=scheduled__2023-02-16T00:00:00+00:00
[2023-02-17T08:30:25.021-0600] {python.py:177} INFO - Done. Returned value was: None
[2023-02-17T08:30:25.138-0600] {taskinstance.py:1401} INFO - Marking task as SUCCESS. dag_id=1.5_user_processing, task_id=process_user, execution_date=20230216T000000, start_date=20230217T143024, end_date=20230217T143025
[2023-02-17T08:30:25.156-0600] {local_task_job.py:164} INFO - Task exited with return code 0
[2023-02-17T08:30:25.176-0600] {local_task_job.py:273} INFO - 1 downstream tasks scheduled from follow-on schedule check
