[2023-02-17T08:30:14.955-0600] {taskinstance.py:1165} INFO - Dependencies all met for <TaskInstance: 4.1_group_dag.download_c scheduled__2023-02-16T00:00:00+00:00 [queued]>
[2023-02-17T08:30:14.970-0600] {taskinstance.py:1165} INFO - Dependencies all met for <TaskInstance: 4.1_group_dag.download_c scheduled__2023-02-16T00:00:00+00:00 [queued]>
[2023-02-17T08:30:14.971-0600] {taskinstance.py:1362} INFO - 
--------------------------------------------------------------------------------
[2023-02-17T08:30:14.972-0600] {taskinstance.py:1363} INFO - Starting attempt 1 of 1
[2023-02-17T08:30:14.973-0600] {taskinstance.py:1364} INFO - 
--------------------------------------------------------------------------------
[2023-02-17T08:30:14.990-0600] {taskinstance.py:1383} INFO - Executing <Task(BashOperator): download_c> on 2023-02-16 00:00:00+00:00
[2023-02-17T08:30:14.994-0600] {standard_task_runner.py:54} INFO - Started process 1987 to run task
[2023-02-17T08:30:14.999-0600] {standard_task_runner.py:82} INFO - Running: ['***', 'tasks', 'run', '4.1_group_dag', 'download_c', 'scheduled__2023-02-16T00:00:00+00:00', '--job-id', '322', '--raw', '--subdir', 'DAGS_FOLDER/Introduction_to_Apache_Airflow/4.1_group_dag.py', '--cfg-path', '/tmp/tmpmjvyoze2']
[2023-02-17T08:30:15.002-0600] {standard_task_runner.py:83} INFO - Job 322: Subtask download_c
[2023-02-17T08:30:15.004-0600] {dagbag.py:525} INFO - Filling up the DagBag from /c/Airflow/dags/Introduction_to_Apache_Airflow/4.1_group_dag.py
[2023-02-17T08:30:15.172-0600] {task_command.py:384} INFO - Running <TaskInstance: 4.1_group_dag.download_c scheduled__2023-02-16T00:00:00+00:00 [running]> on host Tinmar.
[2023-02-17T08:30:15.272-0600] {taskinstance.py:1590} INFO - Exporting the following env vars:
AIRFLOW_CTX_DAG_OWNER=***
AIRFLOW_CTX_DAG_ID=4.1_group_dag
AIRFLOW_CTX_TASK_ID=download_c
AIRFLOW_CTX_EXECUTION_DATE=2023-02-16T00:00:00+00:00
AIRFLOW_CTX_TRY_NUMBER=1
AIRFLOW_CTX_DAG_RUN_ID=scheduled__2023-02-16T00:00:00+00:00
[2023-02-17T08:30:15.274-0600] {subprocess.py:63} INFO - Tmp dir root location: 
 /tmp
[2023-02-17T08:30:15.275-0600] {subprocess.py:75} INFO - Running command: ['/usr/bin/bash', '-c', 'sleep 10']
[2023-02-17T08:30:15.283-0600] {subprocess.py:86} INFO - Output:
[2023-02-17T08:30:25.285-0600] {subprocess.py:97} INFO - Command exited with return code 0
[2023-02-17T08:30:25.313-0600] {taskinstance.py:1401} INFO - Marking task as SUCCESS. dag_id=4.1_group_dag, task_id=download_c, execution_date=20230216T000000, start_date=20230217T143014, end_date=20230217T143025
[2023-02-17T08:30:25.331-0600] {local_task_job.py:164} INFO - Task exited with return code 0
[2023-02-17T08:30:25.356-0600] {local_task_job.py:273} INFO - 0 downstream tasks scheduled from follow-on schedule check
