[2023-02-17T09:15:55.556-0600] {taskinstance.py:1165} INFO - Dependencies all met for <TaskInstance: 7_branch_dag.t4 manual__2023-02-17T15:15:51.980142+00:00 [queued]>
[2023-02-17T09:15:55.563-0600] {taskinstance.py:1165} INFO - Dependencies all met for <TaskInstance: 7_branch_dag.t4 manual__2023-02-17T15:15:51.980142+00:00 [queued]>
[2023-02-17T09:15:55.564-0600] {taskinstance.py:1362} INFO - 
--------------------------------------------------------------------------------
[2023-02-17T09:15:55.564-0600] {taskinstance.py:1363} INFO - Starting attempt 1 of 1
[2023-02-17T09:15:55.565-0600] {taskinstance.py:1364} INFO - 
--------------------------------------------------------------------------------
[2023-02-17T09:15:55.572-0600] {taskinstance.py:1383} INFO - Executing <Task(BashOperator): t4> on 2023-02-17 15:15:51.980142+00:00
[2023-02-17T09:15:55.574-0600] {standard_task_runner.py:54} INFO - Started process 28906 to run task
[2023-02-17T09:15:55.576-0600] {standard_task_runner.py:82} INFO - Running: ['***', 'tasks', 'run', '7_branch_dag', 't4', 'manual__2023-02-17T15:15:51.980142+00:00', '--job-id', '392', '--raw', '--subdir', 'DAGS_FOLDER/Introduction_to_Apache_Airflow/7_branch_dag.py', '--cfg-path', '/tmp/tmpelpaxbgi']
[2023-02-17T09:15:55.577-0600] {standard_task_runner.py:83} INFO - Job 392: Subtask t4
[2023-02-17T09:15:55.578-0600] {dagbag.py:525} INFO - Filling up the DagBag from /c/Airflow/dags/Introduction_to_Apache_Airflow/7_branch_dag.py
[2023-02-17T09:15:55.654-0600] {task_command.py:384} INFO - Running <TaskInstance: 7_branch_dag.t4 manual__2023-02-17T15:15:51.980142+00:00 [running]> on host Tinmar.
[2023-02-17T09:15:55.697-0600] {taskinstance.py:1590} INFO - Exporting the following env vars:
AIRFLOW_CTX_DAG_OWNER=***
AIRFLOW_CTX_DAG_ID=7_branch_dag
AIRFLOW_CTX_TASK_ID=t4
AIRFLOW_CTX_EXECUTION_DATE=2023-02-17T15:15:51.980142+00:00
AIRFLOW_CTX_TRY_NUMBER=1
AIRFLOW_CTX_DAG_RUN_ID=manual__2023-02-17T15:15:51.980142+00:00
[2023-02-17T09:15:55.698-0600] {subprocess.py:63} INFO - Tmp dir root location: 
 /tmp
[2023-02-17T09:15:55.699-0600] {subprocess.py:75} INFO - Running command: ['/usr/bin/bash', '-c', "echo ''"]
[2023-02-17T09:15:55.703-0600] {subprocess.py:86} INFO - Output:
[2023-02-17T09:15:55.704-0600] {subprocess.py:93} INFO - 
[2023-02-17T09:15:55.704-0600] {subprocess.py:97} INFO - Command exited with return code 0
[2023-02-17T09:15:55.723-0600] {taskinstance.py:1401} INFO - Marking task as SUCCESS. dag_id=7_branch_dag, task_id=t4, execution_date=20230217T151551, start_date=20230217T151555, end_date=20230217T151555
[2023-02-17T09:15:55.748-0600] {local_task_job.py:164} INFO - Task exited with return code 0
[2023-02-17T09:15:55.762-0600] {local_task_job.py:273} INFO - 0 downstream tasks scheduled from follow-on schedule check
