[2023-02-13 17:55:01,325] {taskinstance.py:1159} INFO - Dependencies all met for <TaskInstance: 11.2_trigger_dag.trigger manual__2023-02-13T23:54:22.366517+00:00 [queued]>
[2023-02-13 17:55:01,330] {taskinstance.py:1159} INFO - Dependencies all met for <TaskInstance: 11.2_trigger_dag.trigger manual__2023-02-13T23:54:22.366517+00:00 [queued]>
[2023-02-13 17:55:01,331] {taskinstance.py:1356} INFO - 
--------------------------------------------------------------------------------
[2023-02-13 17:55:01,331] {taskinstance.py:1357} INFO - Starting attempt 2 of 2
[2023-02-13 17:55:01,332] {taskinstance.py:1358} INFO - 
--------------------------------------------------------------------------------
[2023-02-13 17:55:01,339] {taskinstance.py:1377} INFO - Executing <Task(TriggerDagRunOperator): trigger> on 2023-02-13 23:54:22.366517+00:00
[2023-02-13 17:55:01,341] {standard_task_runner.py:52} INFO - Started process 278727 to run task
[2023-02-13 17:55:01,343] {standard_task_runner.py:79} INFO - Running: ['***', 'tasks', 'run', '11.2_trigger_dag', 'trigger', 'manual__2023-02-13T23:54:22.366517+00:00', '--job-id', '167', '--raw', '--subdir', 'DAGS_FOLDER/Apache_Airflow/11.2_trigger_Dag.py', '--cfg-path', '/tmp/tmp1jsmbdc3', '--error-file', '/tmp/tmpd150tsvi']
[2023-02-13 17:55:01,345] {standard_task_runner.py:80} INFO - Job 167: Subtask trigger
[2023-02-13 17:55:01,384] {task_command.py:369} INFO - Running <TaskInstance: 11.2_trigger_dag.trigger manual__2023-02-13T23:54:22.366517+00:00 [running]> on host Tinmar.
[2023-02-13 17:55:01,427] {taskinstance.py:1569} INFO - Exporting the following env vars:
AIRFLOW_CTX_DAG_OWNER=***
AIRFLOW_CTX_DAG_ID=11.2_trigger_dag
AIRFLOW_CTX_TASK_ID=trigger
AIRFLOW_CTX_EXECUTION_DATE=2023-02-13T23:54:22.366517+00:00
AIRFLOW_CTX_TRY_NUMBER=2
AIRFLOW_CTX_DAG_RUN_ID=manual__2023-02-13T23:54:22.366517+00:00
[2023-02-13 17:55:01,484] {trigger_dagrun.py:177} INFO - Waiting for 11.1_example_dag on 2023-02-13T23:55:01.428250+00:00 to become allowed state ['success'] ...
[2023-02-13 17:56:01,525] {trigger_dagrun.py:190} INFO - 11.1_example_dag finished with allowed state success
[2023-02-13 17:56:01,535] {taskinstance.py:1395} INFO - Marking task as SUCCESS. dag_id=11.2_trigger_dag, task_id=trigger, execution_date=20230213T235422, start_date=20230213T235501, end_date=20230213T235601
[2023-02-13 17:56:01,557] {local_task_job.py:156} INFO - Task exited with return code 0
[2023-02-13 17:56:01,581] {local_task_job.py:273} INFO - 1 downstream tasks scheduled from follow-on schedule check
