[2023-02-16T13:56:11.738-0600] {taskinstance.py:1165} INFO - Dependencies all met for <TaskInstance: producer.update_dataset manual__2023-02-16T19:56:10.837740+00:00 [queued]>
[2023-02-16T13:56:11.747-0600] {taskinstance.py:1165} INFO - Dependencies all met for <TaskInstance: producer.update_dataset manual__2023-02-16T19:56:10.837740+00:00 [queued]>
[2023-02-16T13:56:11.748-0600] {taskinstance.py:1362} INFO - 
--------------------------------------------------------------------------------
[2023-02-16T13:56:11.749-0600] {taskinstance.py:1363} INFO - Starting attempt 1 of 1
[2023-02-16T13:56:11.750-0600] {taskinstance.py:1364} INFO - 
--------------------------------------------------------------------------------
[2023-02-16T13:56:11.759-0600] {taskinstance.py:1383} INFO - Executing <Task(_PythonDecoratedOperator): update_dataset> on 2023-02-16 19:56:10.837740+00:00
[2023-02-16T13:56:11.762-0600] {standard_task_runner.py:54} INFO - Started process 123584 to run task
[2023-02-16T13:56:11.764-0600] {standard_task_runner.py:82} INFO - Running: ['***', 'tasks', 'run', 'producer', 'update_dataset', 'manual__2023-02-16T19:56:10.837740+00:00', '--job-id', '289', '--raw', '--subdir', 'DAGS_FOLDER/Introduction_to_Apache_Airflow/producer.py', '--cfg-path', '/tmp/tmpku__e_8e']
[2023-02-16T13:56:11.767-0600] {standard_task_runner.py:83} INFO - Job 289: Subtask update_dataset
[2023-02-16T13:56:11.768-0600] {dagbag.py:525} INFO - Filling up the DagBag from /c/Airflow/dags/Introduction_to_Apache_Airflow/producer.py
[2023-02-16T13:56:11.872-0600] {task_command.py:384} INFO - Running <TaskInstance: producer.update_dataset manual__2023-02-16T19:56:10.837740+00:00 [running]> on host Tinmar.
[2023-02-16T13:56:11.922-0600] {taskinstance.py:1590} INFO - Exporting the following env vars:
AIRFLOW_CTX_DAG_OWNER=***
AIRFLOW_CTX_DAG_ID=producer
AIRFLOW_CTX_TASK_ID=update_dataset
AIRFLOW_CTX_EXECUTION_DATE=2023-02-16T19:56:10.837740+00:00
AIRFLOW_CTX_TRY_NUMBER=1
AIRFLOW_CTX_DAG_RUN_ID=manual__2023-02-16T19:56:10.837740+00:00
[2023-02-16T13:56:11.924-0600] {python.py:177} INFO - Done. Returned value was: None
[2023-02-16T13:56:11.940-0600] {taskinstance.py:1401} INFO - Marking task as SUCCESS. dag_id=producer, task_id=update_dataset, execution_date=20230216T195610, start_date=20230216T195611, end_date=20230216T195611
[2023-02-16T13:56:11.983-0600] {local_task_job.py:164} INFO - Task exited with return code 0
[2023-02-16T13:56:12.004-0600] {local_task_job.py:273} INFO - 0 downstream tasks scheduled from follow-on schedule check
