[2023-02-01 17:56:34,784] {taskinstance.py:1159} INFO - Dependencies all met for <TaskInstance: 6_dataproc_airflow.delete_cluster manual__2023-02-01T23:53:34.596502+00:00 [queued]>
[2023-02-01 17:56:34,795] {taskinstance.py:1159} INFO - Dependencies all met for <TaskInstance: 6_dataproc_airflow.delete_cluster manual__2023-02-01T23:53:34.596502+00:00 [queued]>
[2023-02-01 17:56:34,796] {taskinstance.py:1356} INFO - 
--------------------------------------------------------------------------------
[2023-02-01 17:56:34,798] {taskinstance.py:1357} INFO - Starting attempt 1 of 1
[2023-02-01 17:56:34,798] {taskinstance.py:1358} INFO - 
--------------------------------------------------------------------------------
[2023-02-01 17:56:34,826] {taskinstance.py:1377} INFO - Executing <Task(DataprocDeleteClusterOperator): delete_cluster> on 2023-02-01 23:53:34.596502+00:00
[2023-02-01 17:56:34,828] {standard_task_runner.py:52} INFO - Started process 14162 to run task
[2023-02-01 17:56:34,830] {standard_task_runner.py:79} INFO - Running: ['airflow', 'tasks', 'run', '6_dataproc_airflow', 'delete_cluster', 'manual__2023-02-01T23:53:34.596502+00:00', '--job-id', '139', '--raw', '--subdir', 'DAGS_FOLDER/Airflow2_0_De_0_a_Heroe/6_dataproc_airflow.py', '--cfg-path', '/tmp/tmpzuq551ex', '--error-file', '/tmp/tmp_513sm5x']
[2023-02-01 17:56:34,831] {standard_task_runner.py:80} INFO - Job 139: Subtask delete_cluster
[2023-02-01 17:56:34,895] {task_command.py:369} INFO - Running <TaskInstance: 6_dataproc_airflow.delete_cluster manual__2023-02-01T23:53:34.596502+00:00 [running]> on host Tinmar.
[2023-02-01 17:56:34,987] {taskinstance.py:1569} INFO - Exporting the following env vars:
AIRFLOW_CTX_DAG_OWNER=David S
AIRFLOW_CTX_DAG_ID=6_dataproc_airflow
AIRFLOW_CTX_TASK_ID=delete_cluster
AIRFLOW_CTX_EXECUTION_DATE=2023-02-01T23:53:34.596502+00:00
AIRFLOW_CTX_TRY_NUMBER=1
AIRFLOW_CTX_DAG_RUN_ID=manual__2023-02-01T23:53:34.596502+00:00
[2023-02-01 17:56:34,998] {base.py:68} INFO - Using connection ID 'google_cloud_default' for task execution.
[2023-02-01 17:56:34,999] {dataproc.py:817} INFO - Deleting cluster: airflow-spark-cluster
[2023-02-01 17:57:28,305] {dataproc.py:829} INFO - Cluster deleted.
[2023-02-01 17:57:28,322] {taskinstance.py:1395} INFO - Marking task as SUCCESS. dag_id=6_dataproc_airflow, task_id=delete_cluster, execution_date=20230201T235334, start_date=20230201T235634, end_date=20230201T235728
[2023-02-01 17:57:28,371] {local_task_job.py:156} INFO - Task exited with return code 0
