[2023-01-31 12:25:26,529] {taskinstance.py:1159} INFO - Dependencies all met for <TaskInstance: 2.3_azure_storage_bigquery.transferir_azure scheduled__2023-01-30T00:00:00+00:00 [queued]>
[2023-01-31 12:25:26,557] {taskinstance.py:1159} INFO - Dependencies all met for <TaskInstance: 2.3_azure_storage_bigquery.transferir_azure scheduled__2023-01-30T00:00:00+00:00 [queued]>
[2023-01-31 12:25:26,558] {taskinstance.py:1356} INFO - 
--------------------------------------------------------------------------------
[2023-01-31 12:25:26,559] {taskinstance.py:1357} INFO - Starting attempt 1 of 1
[2023-01-31 12:25:26,560] {taskinstance.py:1358} INFO - 
--------------------------------------------------------------------------------
[2023-01-31 12:25:26,639] {taskinstance.py:1377} INFO - Executing <Task(AzureBlobStorageToGCSOperator): transferir_azure> on 2023-01-30 00:00:00+00:00
[2023-01-31 12:25:26,644] {standard_task_runner.py:52} INFO - Started process 5696 to run task
[2023-01-31 12:25:26,648] {standard_task_runner.py:79} INFO - Running: ['airflow', 'tasks', 'run', '2.3_azure_storage_bigquery', 'transferir_azure', 'scheduled__2023-01-30T00:00:00+00:00', '--job-id', '52', '--raw', '--subdir', 'DAGS_FOLDER/Airflow2.0-De-0-a-Heroe/2.3_azure_storage_bigquery.py', '--cfg-path', '/tmp/tmpvcvldxqm', '--error-file', '/tmp/tmpo56wsg01']
[2023-01-31 12:25:26,650] {standard_task_runner.py:80} INFO - Job 52: Subtask transferir_azure
[2023-01-31 12:25:26,796] {task_command.py:369} INFO - Running <TaskInstance: 2.3_azure_storage_bigquery.transferir_azure scheduled__2023-01-30T00:00:00+00:00 [running]> on host Tinmar.
[2023-01-31 12:25:26,971] {taskinstance.py:1569} INFO - Exporting the following env vars:
AIRFLOW_CTX_DAG_OWNER=Rodrigo N
AIRFLOW_CTX_DAG_ID=2.3_azure_storage_bigquery
AIRFLOW_CTX_TASK_ID=transferir_azure
AIRFLOW_CTX_EXECUTION_DATE=2023-01-30T00:00:00+00:00
AIRFLOW_CTX_TRY_NUMBER=1
AIRFLOW_CTX_DAG_RUN_ID=scheduled__2023-01-30T00:00:00+00:00
[2023-01-31 12:25:26,991] {base.py:68} INFO - Using connection ID 'wasb_default' for task execution.
[2023-01-31 12:25:27,015] {base.py:68} INFO - Using connection ID 'google_cloud_default' for task execution.
[2023-01-31 12:25:27,017] {azure_blob_to_gcs.py:108} INFO - Downloading data from blob: retail_2020_azure.csv
[2023-01-31 12:26:51,085] {taskinstance.py:1889} ERROR - Task failed with exception
Traceback (most recent call last):
  File "/home/tinmar/.local/lib/python3.10/site-packages/airflow/providers/microsoft/azure/transfers/azure_blob_to_gcs.py", line 109, in execute
    azure_hook.get_file(
  File "/home/tinmar/.local/lib/python3.10/site-packages/airflow/providers/microsoft/azure/hooks/wasb.py", line 344, in get_file
    stream = self.download(container_name=container_name, blob_name=blob_name, **kwargs)
  File "/home/tinmar/.local/lib/python3.10/site-packages/airflow/providers/microsoft/azure/hooks/wasb.py", line 399, in download
    return blob_client.download_blob(offset=offset, length=length, **kwargs)
  File "/home/tinmar/.local/lib/python3.10/site-packages/azure/core/tracing/decorator.py", line 78, in wrapper_use_tracer
    return func(*args, **kwargs)
  File "/home/tinmar/.local/lib/python3.10/site-packages/azure/storage/blob/_blob_client.py", line 905, in download_blob
    return StorageStreamDownloader(**options)
  File "/home/tinmar/.local/lib/python3.10/site-packages/azure/storage/blob/_download.py", line 366, in __init__
    self._response = self._initial_request()
  File "/home/tinmar/.local/lib/python3.10/site-packages/azure/storage/blob/_download.py", line 418, in _initial_request
    location_mode, response = self._clients.blob.download(
  File "/home/tinmar/.local/lib/python3.10/site-packages/azure/core/tracing/decorator.py", line 78, in wrapper_use_tracer
    return func(*args, **kwargs)
  File "/home/tinmar/.local/lib/python3.10/site-packages/azure/storage/blob/_generated/operations/_blob_operations.py", line 1592, in download
    pipeline_response = self._client._pipeline.run(  # type: ignore # pylint: disable=protected-access
  File "/home/tinmar/.local/lib/python3.10/site-packages/azure/core/pipeline/_base.py", line 211, in run
    return first_node.send(pipeline_request)  # type: ignore
  File "/home/tinmar/.local/lib/python3.10/site-packages/azure/core/pipeline/_base.py", line 71, in send
    response = self.next.send(request)
  File "/home/tinmar/.local/lib/python3.10/site-packages/azure/core/pipeline/_base.py", line 71, in send
    response = self.next.send(request)
  File "/home/tinmar/.local/lib/python3.10/site-packages/azure/core/pipeline/_base.py", line 71, in send
    response = self.next.send(request)
  [Previous line repeated 2 more times]
  File "/home/tinmar/.local/lib/python3.10/site-packages/azure/core/pipeline/policies/_redirect.py", line 160, in send
    response = self.next.send(request)
  File "/home/tinmar/.local/lib/python3.10/site-packages/azure/core/pipeline/_base.py", line 71, in send
    response = self.next.send(request)
  File "/home/tinmar/.local/lib/python3.10/site-packages/azure/storage/blob/_shared/policies.py", line 546, in send
    raise err
  File "/home/tinmar/.local/lib/python3.10/site-packages/azure/storage/blob/_shared/policies.py", line 520, in send
    response = self.next.send(request)
  File "/home/tinmar/.local/lib/python3.10/site-packages/azure/core/pipeline/_base.py", line 71, in send
    response = self.next.send(request)
  File "/home/tinmar/.local/lib/python3.10/site-packages/azure/core/pipeline/_base.py", line 71, in send
    response = self.next.send(request)
  File "/home/tinmar/.local/lib/python3.10/site-packages/azure/core/pipeline/_base.py", line 71, in send
    response = self.next.send(request)
  [Previous line repeated 1 more time]
  File "/home/tinmar/.local/lib/python3.10/site-packages/azure/storage/blob/_shared/policies.py", line 313, in send
    response = self.next.send(request)
  File "/home/tinmar/.local/lib/python3.10/site-packages/azure/core/pipeline/_base.py", line 71, in send
    response = self.next.send(request)
  File "/home/tinmar/.local/lib/python3.10/site-packages/azure/core/pipeline/_base.py", line 71, in send
    response = self.next.send(request)
  File "/home/tinmar/.local/lib/python3.10/site-packages/azure/core/pipeline/_base.py", line 103, in send
    self._sender.send(request.http_request, **request.context.options),
  File "/home/tinmar/.local/lib/python3.10/site-packages/azure/storage/blob/_shared/base_client.py", line 335, in send
    return self._transport.send(request, **kwargs)
  File "/home/tinmar/.local/lib/python3.10/site-packages/azure/core/pipeline/transport/_requests_basic.py", line 382, in send
    raise error
azure.core.exceptions.ServiceRequestError: <urllib3.connection.HTTPSConnection object at 0x7f42f13680d0>: Failed to establish a new connection: [Errno -2] Name or service not known
[2023-01-31 12:26:51,110] {taskinstance.py:1395} INFO - Marking task as FAILED. dag_id=2.3_azure_storage_bigquery, task_id=transferir_azure, execution_date=20230130T000000, start_date=20230131T182526, end_date=20230131T182651
[2023-01-31 12:26:51,147] {standard_task_runner.py:92} ERROR - Failed to execute job 52 for task transferir_azure (<urllib3.connection.HTTPSConnection object at 0x7f42f13680d0>: Failed to establish a new connection: [Errno -2] Name or service not known; 5696)
[2023-01-31 12:26:51,196] {local_task_job.py:156} INFO - Task exited with return code 1
[2023-01-31 12:26:51,284] {local_task_job.py:273} INFO - 0 downstream tasks scheduled from follow-on schedule check
