[2023-01-31 13:39:27,136] {taskinstance.py:1159} INFO - Dependencies all met for <TaskInstance: 2.3_azure_storage_bigquery.transferir_azure scheduled__2023-01-30T00:00:00+00:00 [queued]>
[2023-01-31 13:39:27,156] {taskinstance.py:1159} INFO - Dependencies all met for <TaskInstance: 2.3_azure_storage_bigquery.transferir_azure scheduled__2023-01-30T00:00:00+00:00 [queued]>
[2023-01-31 13:39:27,156] {taskinstance.py:1356} INFO - 
--------------------------------------------------------------------------------
[2023-01-31 13:39:27,159] {taskinstance.py:1357} INFO - Starting attempt 10 of 10
[2023-01-31 13:39:27,160] {taskinstance.py:1358} INFO - 
--------------------------------------------------------------------------------
[2023-01-31 13:39:27,197] {taskinstance.py:1377} INFO - Executing <Task(AzureBlobStorageToGCSOperator): transferir_azure> on 2023-01-30 00:00:00+00:00
[2023-01-31 13:39:27,200] {standard_task_runner.py:52} INFO - Started process 7918 to run task
[2023-01-31 13:39:27,203] {standard_task_runner.py:79} INFO - Running: ['airflow', 'tasks', 'run', '2.3_azure_storage_bigquery', 'transferir_azure', 'scheduled__2023-01-30T00:00:00+00:00', '--job-id', '65', '--raw', '--subdir', 'DAGS_FOLDER/Airflow2.0-De-0-a-Heroe/2.3_azure_storage_bigquery.py', '--cfg-path', '/tmp/tmpb5tbxdir', '--error-file', '/tmp/tmpit729c2b']
[2023-01-31 13:39:27,204] {standard_task_runner.py:80} INFO - Job 65: Subtask transferir_azure
[2023-01-31 13:39:27,288] {task_command.py:369} INFO - Running <TaskInstance: 2.3_azure_storage_bigquery.transferir_azure scheduled__2023-01-30T00:00:00+00:00 [running]> on host Tinmar.
[2023-01-31 13:39:27,407] {taskinstance.py:1569} INFO - Exporting the following env vars:
AIRFLOW_CTX_DAG_OWNER=Rodrigo N
AIRFLOW_CTX_DAG_ID=2.3_azure_storage_bigquery
AIRFLOW_CTX_TASK_ID=transferir_azure
AIRFLOW_CTX_EXECUTION_DATE=2023-01-30T00:00:00+00:00
AIRFLOW_CTX_TRY_NUMBER=10
AIRFLOW_CTX_DAG_RUN_ID=scheduled__2023-01-30T00:00:00+00:00
[2023-01-31 13:39:27,426] {base.py:68} INFO - Using connection ID 'wasb_default' for task execution.
[2023-01-31 13:39:27,449] {base.py:68} INFO - Using connection ID 'google_cloud_default' for task execution.
[2023-01-31 13:39:27,450] {azure_blob_to_gcs.py:108} INFO - Downloading data from blob: retail_2020.csv
[2023-01-31 13:39:28,104] {azure_blob_to_gcs.py:114} INFO - Uploading data from blob's: retail_2020_azure.csv into GCP bucket: azure_airflow23
[2023-01-31 13:39:28,734] {gcs.py:523} INFO - File /tmp/tmpvrgvv_8y uploaded to retail_2020_azure.csv in azure_airflow23 bucket
[2023-01-31 13:39:28,735] {azure_blob_to_gcs.py:123} INFO - Resources have been uploaded from blob: retail_2020.csv to GCS bucket:azure_airflow23
[2023-01-31 13:39:28,802] {taskinstance.py:1395} INFO - Marking task as SUCCESS. dag_id=2.3_azure_storage_bigquery, task_id=transferir_azure, execution_date=20230130T000000, start_date=20230131T193927, end_date=20230131T193928
[2023-01-31 13:39:28,852] {local_task_job.py:156} INFO - Task exited with return code 0
[2023-01-31 13:39:28,933] {local_task_job.py:273} INFO - 1 downstream tasks scheduled from follow-on schedule check
