[2023-02-13 14:34:50,706] {taskinstance.py:1159} INFO - Dependencies all met for <TaskInstance: branch_octavo_dag.mayor_que_50 manual__2023-02-13T20:34:45.925793+00:00 [queued]>
[2023-02-13 14:34:50,712] {taskinstance.py:1159} INFO - Dependencies all met for <TaskInstance: branch_octavo_dag.mayor_que_50 manual__2023-02-13T20:34:45.925793+00:00 [queued]>
[2023-02-13 14:34:50,712] {taskinstance.py:1356} INFO - 
--------------------------------------------------------------------------------
[2023-02-13 14:34:50,713] {taskinstance.py:1357} INFO - Starting attempt 1 of 1
[2023-02-13 14:34:50,714] {taskinstance.py:1358} INFO - 
--------------------------------------------------------------------------------
[2023-02-13 14:34:50,721] {taskinstance.py:1377} INFO - Executing <Task(PythonOperator): mayor_que_50> on 2023-02-13 20:34:45.925793+00:00
[2023-02-13 14:34:50,723] {standard_task_runner.py:52} INFO - Started process 199202 to run task
[2023-02-13 14:34:50,725] {standard_task_runner.py:79} INFO - Running: ['***', 'tasks', 'run', 'branch_octavo_dag', 'mayor_que_50', 'manual__2023-02-13T20:34:45.925793+00:00', '--job-id', '144', '--raw', '--subdir', 'DAGS_FOLDER/Apache_Airflow/branch_octavo_dag.py', '--cfg-path', '/tmp/tmpkqbzj0y1', '--error-file', '/tmp/tmp7floh7v9']
[2023-02-13 14:34:50,727] {standard_task_runner.py:80} INFO - Job 144: Subtask mayor_que_50
[2023-02-13 14:34:50,769] {task_command.py:369} INFO - Running <TaskInstance: branch_octavo_dag.mayor_que_50 manual__2023-02-13T20:34:45.925793+00:00 [running]> on host Tinmar.
[2023-02-13 14:34:50,815] {taskinstance.py:1569} INFO - Exporting the following env vars:
AIRFLOW_CTX_DAG_OWNER=Tinmar
AIRFLOW_CTX_DAG_ID=branch_octavo_dag
AIRFLOW_CTX_TASK_ID=mayor_que_50
AIRFLOW_CTX_EXECUTION_DATE=2023-02-13T20:34:45.925793+00:00
AIRFLOW_CTX_TRY_NUMBER=1
AIRFLOW_CTX_DAG_RUN_ID=manual__2023-02-13T20:34:45.925793+00:00
[2023-02-13 14:34:50,816] {logging_mixin.py:115} INFO - El número fue mayor a 5 y fue {{ ti.xcom_pull(task_ids="branch",key="numero") }}
[2023-02-13 14:34:50,816] {python.py:173} INFO - Done. Returned value was: None
[2023-02-13 14:34:50,826] {taskinstance.py:1395} INFO - Marking task as SUCCESS. dag_id=branch_octavo_dag, task_id=mayor_que_50, execution_date=20230213T203445, start_date=20230213T203450, end_date=20230213T203450
[2023-02-13 14:34:50,864] {local_task_job.py:156} INFO - Task exited with return code 0
[2023-02-13 14:34:50,886] {local_task_job.py:273} INFO - 0 downstream tasks scheduled from follow-on schedule check
