[2023-02-16 11:59:45,851] {taskinstance.py:1159} INFO - Dependencies all met for <TaskInstance: 1.6_user_processing.is_api_available manual__2023-02-16T17:59:40.371260+00:00 [queued]>
[2023-02-16 11:59:45,858] {taskinstance.py:1159} INFO - Dependencies all met for <TaskInstance: 1.6_user_processing.is_api_available manual__2023-02-16T17:59:40.371260+00:00 [queued]>
[2023-02-16 11:59:45,858] {taskinstance.py:1356} INFO - 
--------------------------------------------------------------------------------
[2023-02-16 11:59:45,861] {taskinstance.py:1357} INFO - Starting attempt 1 of 1
[2023-02-16 11:59:45,861] {taskinstance.py:1358} INFO - 
--------------------------------------------------------------------------------
[2023-02-16 11:59:45,870] {taskinstance.py:1377} INFO - Executing <Task(HttpSensor): is_api_available> on 2023-02-16 17:59:40.371260+00:00
[2023-02-16 11:59:45,872] {standard_task_runner.py:52} INFO - Started process 75120 to run task
[2023-02-16 11:59:45,875] {standard_task_runner.py:79} INFO - Running: ['***', 'tasks', 'run', '1.6_user_processing', 'is_api_available', 'manual__2023-02-16T17:59:40.371260+00:00', '--job-id', '254', '--raw', '--subdir', 'DAGS_FOLDER/Introduction_to_Apache_Airflow/1.6_user_processing.py', '--cfg-path', '/tmp/tmpj3th32b_', '--error-file', '/tmp/tmp5u_pr4d8']
[2023-02-16 11:59:45,876] {standard_task_runner.py:80} INFO - Job 254: Subtask is_api_available
[2023-02-16 11:59:45,925] {task_command.py:369} INFO - Running <TaskInstance: 1.6_user_processing.is_api_available manual__2023-02-16T17:59:40.371260+00:00 [running]> on host Tinmar.
[2023-02-16 11:59:45,977] {taskinstance.py:1569} INFO - Exporting the following env vars:
AIRFLOW_CTX_DAG_OWNER=Tinmar
AIRFLOW_CTX_DAG_ID=1.6_user_processing
AIRFLOW_CTX_TASK_ID=is_api_available
AIRFLOW_CTX_EXECUTION_DATE=2023-02-16T17:59:40.371260+00:00
AIRFLOW_CTX_TRY_NUMBER=1
AIRFLOW_CTX_DAG_RUN_ID=manual__2023-02-16T17:59:40.371260+00:00
[2023-02-16 11:59:45,979] {http.py:122} INFO - Poking: api/
[2023-02-16 11:59:45,989] {base.py:68} INFO - Using connection ID 'user_api' for task execution.
[2023-02-16 11:59:46,266] {base.py:301} INFO - Success criteria met. Exiting.
[2023-02-16 11:59:46,277] {taskinstance.py:1395} INFO - Marking task as SUCCESS. dag_id=1.6_user_processing, task_id=is_api_available, execution_date=20230216T175940, start_date=20230216T175945, end_date=20230216T175946
[2023-02-16 11:59:46,297] {local_task_job.py:156} INFO - Task exited with return code 0
[2023-02-16 11:59:46,333] {local_task_job.py:273} INFO - 1 downstream tasks scheduled from follow-on schedule check
