[2023-02-02 10:47:10,122] {taskinstance.py:1159} INFO - Dependencies all met for <TaskInstance: 6_dataproc_airflow.iden_number manual__2023-02-02T16:44:53.959572+00:00 [queued]>
[2023-02-02 10:47:10,137] {taskinstance.py:1159} INFO - Dependencies all met for <TaskInstance: 6_dataproc_airflow.iden_number manual__2023-02-02T16:44:53.959572+00:00 [queued]>
[2023-02-02 10:47:10,138] {taskinstance.py:1356} INFO - 
--------------------------------------------------------------------------------
[2023-02-02 10:47:10,138] {taskinstance.py:1357} INFO - Starting attempt 1 of 1
[2023-02-02 10:47:10,138] {taskinstance.py:1358} INFO - 
--------------------------------------------------------------------------------
[2023-02-02 10:47:10,178] {taskinstance.py:1377} INFO - Executing <Task(BranchPythonOperator): iden_number> on 2023-02-02 16:44:53.959572+00:00
[2023-02-02 10:47:10,180] {standard_task_runner.py:52} INFO - Started process 18717 to run task
[2023-02-02 10:47:10,182] {standard_task_runner.py:79} INFO - Running: ['airflow', 'tasks', 'run', '6_dataproc_airflow', 'iden_number', 'manual__2023-02-02T16:44:53.959572+00:00', '--job-id', '179', '--raw', '--subdir', 'DAGS_FOLDER/Airflow2_0_De_0_a_Heroe/6_dataproc_airflow.py', '--cfg-path', '/tmp/tmpc78uhli3', '--error-file', '/tmp/tmpw571_uvs']
[2023-02-02 10:47:10,183] {standard_task_runner.py:80} INFO - Job 179: Subtask iden_number
[2023-02-02 10:47:10,256] {task_command.py:369} INFO - Running <TaskInstance: 6_dataproc_airflow.iden_number manual__2023-02-02T16:44:53.959572+00:00 [running]> on host Tinmar.
[2023-02-02 10:47:10,361] {taskinstance.py:1569} INFO - Exporting the following env vars:
AIRFLOW_CTX_DAG_OWNER=David S
AIRFLOW_CTX_DAG_ID=6_dataproc_airflow
AIRFLOW_CTX_TASK_ID=iden_number
AIRFLOW_CTX_EXECUTION_DATE=2023-02-02T16:44:53.959572+00:00
AIRFLOW_CTX_TRY_NUMBER=1
AIRFLOW_CTX_DAG_RUN_ID=manual__2023-02-02T16:44:53.959572+00:00
[2023-02-02 10:47:10,362] {python.py:173} INFO - Done. Returned value was: impar_task
[2023-02-02 10:47:10,363] {skipmixin.py:140} INFO - Following branch impar_task
[2023-02-02 10:47:10,363] {skipmixin.py:175} INFO - Skipping tasks ['par_task.avg_quant', 'par_task.avg_uprice', 'par_task.avg_tincome']
[2023-02-02 10:47:10,471] {taskinstance.py:1395} INFO - Marking task as SUCCESS. dag_id=6_dataproc_airflow, task_id=iden_number, execution_date=20230202T164453, start_date=20230202T164710, end_date=20230202T164710
[2023-02-02 10:47:10,515] {local_task_job.py:156} INFO - Task exited with return code 0
