[2023-02-16 12:11:05,273] {taskinstance.py:1159} INFO - Dependencies all met for <TaskInstance: 1.6_user_processing.process_user manual__2023-02-16T18:10:57.909407+00:00 [queued]>
[2023-02-16 12:11:05,279] {taskinstance.py:1159} INFO - Dependencies all met for <TaskInstance: 1.6_user_processing.process_user manual__2023-02-16T18:10:57.909407+00:00 [queued]>
[2023-02-16 12:11:05,280] {taskinstance.py:1356} INFO - 
--------------------------------------------------------------------------------
[2023-02-16 12:11:05,283] {taskinstance.py:1357} INFO - Starting attempt 1 of 1
[2023-02-16 12:11:05,284] {taskinstance.py:1358} INFO - 
--------------------------------------------------------------------------------
[2023-02-16 12:11:05,292] {taskinstance.py:1377} INFO - Executing <Task(PythonOperator): process_user> on 2023-02-16 18:10:57.909407+00:00
[2023-02-16 12:11:05,295] {standard_task_runner.py:52} INFO - Started process 79979 to run task
[2023-02-16 12:11:05,297] {standard_task_runner.py:79} INFO - Running: ['***', 'tasks', 'run', '1.6_user_processing', 'process_user', 'manual__2023-02-16T18:10:57.909407+00:00', '--job-id', '284', '--raw', '--subdir', 'DAGS_FOLDER/Introduction_to_Apache_Airflow/1.6_user_processing.py', '--cfg-path', '/tmp/tmpkhg9c8kq', '--error-file', '/tmp/tmpi7hwjrto']
[2023-02-16 12:11:05,298] {standard_task_runner.py:80} INFO - Job 284: Subtask process_user
[2023-02-16 12:11:05,341] {task_command.py:369} INFO - Running <TaskInstance: 1.6_user_processing.process_user manual__2023-02-16T18:10:57.909407+00:00 [running]> on host Tinmar.
[2023-02-16 12:11:05,387] {taskinstance.py:1569} INFO - Exporting the following env vars:
AIRFLOW_CTX_DAG_OWNER=Tinmar
AIRFLOW_CTX_DAG_ID=1.6_user_processing
AIRFLOW_CTX_TASK_ID=process_user
AIRFLOW_CTX_EXECUTION_DATE=2023-02-16T18:10:57.909407+00:00
AIRFLOW_CTX_TRY_NUMBER=1
AIRFLOW_CTX_DAG_RUN_ID=manual__2023-02-16T18:10:57.909407+00:00
[2023-02-16 12:11:05,424] {python.py:173} INFO - Done. Returned value was: None
[2023-02-16 12:11:05,435] {taskinstance.py:1395} INFO - Marking task as SUCCESS. dag_id=1.6_user_processing, task_id=process_user, execution_date=20230216T181057, start_date=20230216T181105, end_date=20230216T181105
[2023-02-16 12:11:05,480] {local_task_job.py:156} INFO - Task exited with return code 0
[2023-02-16 12:11:05,509] {local_task_job.py:273} INFO - 1 downstream tasks scheduled from follow-on schedule check
