[2023-02-20T09:18:43.509-0600] {taskinstance.py:1165} INFO - Dependencies all met for <TaskInstance: 5_task_group.transforms.transform_b scheduled__2023-02-19T00:00:00+00:00 [queued]>
[2023-02-20T09:18:43.525-0600] {taskinstance.py:1165} INFO - Dependencies all met for <TaskInstance: 5_task_group.transforms.transform_b scheduled__2023-02-19T00:00:00+00:00 [queued]>
[2023-02-20T09:18:43.526-0600] {taskinstance.py:1362} INFO - 
--------------------------------------------------------------------------------
[2023-02-20T09:18:43.527-0600] {taskinstance.py:1363} INFO - Starting attempt 1 of 1
[2023-02-20T09:18:43.528-0600] {taskinstance.py:1364} INFO - 
--------------------------------------------------------------------------------
[2023-02-20T09:18:43.542-0600] {taskinstance.py:1383} INFO - Executing <Task(BashOperator): transforms.transform_b> on 2023-02-19 00:00:00+00:00
[2023-02-20T09:18:43.545-0600] {standard_task_runner.py:54} INFO - Started process 198936 to run task
[2023-02-20T09:18:43.548-0600] {standard_task_runner.py:82} INFO - Running: ['***', 'tasks', 'run', '5_task_group', 'transforms.transform_b', 'scheduled__2023-02-19T00:00:00+00:00', '--job-id', '579', '--raw', '--subdir', 'DAGS_FOLDER/Introduction_to_Apache_Airflow/5_task_group.py', '--cfg-path', '/tmp/tmpac1o8a99']
[2023-02-20T09:18:43.551-0600] {standard_task_runner.py:83} INFO - Job 579: Subtask transforms.transform_b
[2023-02-20T09:18:43.552-0600] {dagbag.py:525} INFO - Filling up the DagBag from /c/Airflow/dags/Introduction_to_Apache_Airflow/5_task_group.py
[2023-02-20T09:18:43.756-0600] {task_command.py:384} INFO - Running <TaskInstance: 5_task_group.transforms.transform_b scheduled__2023-02-19T00:00:00+00:00 [running]> on host Tinmar.
[2023-02-20T09:18:43.836-0600] {taskinstance.py:1590} INFO - Exporting the following env vars:
AIRFLOW_CTX_DAG_OWNER=***
AIRFLOW_CTX_DAG_ID=5_task_group
AIRFLOW_CTX_TASK_ID=transforms.transform_b
AIRFLOW_CTX_EXECUTION_DATE=2023-02-19T00:00:00+00:00
AIRFLOW_CTX_TRY_NUMBER=1
AIRFLOW_CTX_DAG_RUN_ID=scheduled__2023-02-19T00:00:00+00:00
[2023-02-20T09:18:43.838-0600] {subprocess.py:63} INFO - Tmp dir root location: 
 /tmp
[2023-02-20T09:18:43.839-0600] {subprocess.py:75} INFO - Running command: ['/usr/bin/bash', '-c', 'sleep 10']
[2023-02-20T09:18:43.846-0600] {subprocess.py:86} INFO - Output:
[2023-02-20T09:18:53.847-0600] {subprocess.py:97} INFO - Command exited with return code 0
[2023-02-20T09:18:53.880-0600] {taskinstance.py:1401} INFO - Marking task as SUCCESS. dag_id=5_task_group, task_id=transforms.transform_b, execution_date=20230219T000000, start_date=20230220T151843, end_date=20230220T151853
[2023-02-20T09:18:53.939-0600] {local_task_job.py:164} INFO - Task exited with return code 0
[2023-02-20T09:18:53.961-0600] {local_task_job.py:273} INFO - 0 downstream tasks scheduled from follow-on schedule check
