[2023-02-18T02:59:34.215-0600] {taskinstance.py:1165} INFO - Dependencies all met for <TaskInstance: 1.5_user_processing.insert_data scheduled__2023-02-17T00:00:00+00:00 [queued]>
[2023-02-18T02:59:34.231-0600] {taskinstance.py:1165} INFO - Dependencies all met for <TaskInstance: 1.5_user_processing.insert_data scheduled__2023-02-17T00:00:00+00:00 [queued]>
[2023-02-18T02:59:34.232-0600] {taskinstance.py:1362} INFO - 
--------------------------------------------------------------------------------
[2023-02-18T02:59:34.234-0600] {taskinstance.py:1363} INFO - Starting attempt 1 of 1
[2023-02-18T02:59:34.236-0600] {taskinstance.py:1364} INFO - 
--------------------------------------------------------------------------------
[2023-02-18T02:59:34.263-0600] {taskinstance.py:1383} INFO - Executing <Task(PostgresOperator): insert_data> on 2023-02-17 00:00:00+00:00
[2023-02-18T02:59:34.267-0600] {standard_task_runner.py:54} INFO - Started process 191739 to run task
[2023-02-18T02:59:34.271-0600] {standard_task_runner.py:82} INFO - Running: ['***', 'tasks', 'run', '1.5_user_processing', 'insert_data', 'scheduled__2023-02-17T00:00:00+00:00', '--job-id', '448', '--raw', '--subdir', 'DAGS_FOLDER/Introduction_to_Apache_Airflow/1.5_user_processing.py', '--cfg-path', '/tmp/tmpovitucyc']
[2023-02-18T02:59:34.274-0600] {standard_task_runner.py:83} INFO - Job 448: Subtask insert_data
[2023-02-18T02:59:34.275-0600] {dagbag.py:525} INFO - Filling up the DagBag from /c/Airflow/dags/Introduction_to_Apache_Airflow/1.5_user_processing.py
[2023-02-18T02:59:34.840-0600] {task_command.py:384} INFO - Running <TaskInstance: 1.5_user_processing.insert_data scheduled__2023-02-17T00:00:00+00:00 [running]> on host Tinmar.
[2023-02-18T02:59:35.000-0600] {taskinstance.py:1590} INFO - Exporting the following env vars:
AIRFLOW_CTX_DAG_OWNER=Tinmar
AIRFLOW_CTX_DAG_ID=1.5_user_processing
AIRFLOW_CTX_TASK_ID=insert_data
AIRFLOW_CTX_EXECUTION_DATE=2023-02-17T00:00:00+00:00
AIRFLOW_CTX_TRY_NUMBER=1
AIRFLOW_CTX_DAG_RUN_ID=scheduled__2023-02-17T00:00:00+00:00
[2023-02-18T02:59:35.014-0600] {sql.py:254} INFO - Executing: 
                                        INSERT INTO users VALUES ('Tinmar', 'Andrade','México','tinmar','GuruSat.3','tinmar96@gmail.com')
                                    
[2023-02-18T02:59:35.093-0600] {base.py:71} INFO - Using connection ID 'postgres' for task execution.
[2023-02-18T02:59:35.985-0600] {base.py:71} INFO - Using connection ID 'postgres' for task execution.
[2023-02-18T02:59:36.000-0600] {sql.py:375} INFO - Running statement: 
                                        INSERT INTO users VALUES ('Tinmar', 'Andrade','México','tinmar','GuruSat.3','tinmar96@gmail.com')
                                    , parameters: None
[2023-02-18T02:59:36.001-0600] {sql.py:384} INFO - Rows affected: 1
[2023-02-18T02:59:36.034-0600] {taskinstance.py:1401} INFO - Marking task as SUCCESS. dag_id=1.5_user_processing, task_id=insert_data, execution_date=20230217T000000, start_date=20230218T085934, end_date=20230218T085936
[2023-02-18T02:59:36.089-0600] {local_task_job.py:164} INFO - Task exited with return code 0
[2023-02-18T02:59:36.122-0600] {local_task_job.py:273} INFO - 1 downstream tasks scheduled from follow-on schedule check
