[2023-02-13 17:54:25,543] {taskinstance.py:1159} INFO - Dependencies all met for <TaskInstance: 11.2_trigger_dag.trigger manual__2023-02-13T23:54:22.366517+00:00 [queued]>
[2023-02-13 17:54:25,550] {taskinstance.py:1159} INFO - Dependencies all met for <TaskInstance: 11.2_trigger_dag.trigger manual__2023-02-13T23:54:22.366517+00:00 [queued]>
[2023-02-13 17:54:25,551] {taskinstance.py:1356} INFO - 
--------------------------------------------------------------------------------
[2023-02-13 17:54:25,551] {taskinstance.py:1357} INFO - Starting attempt 1 of 1
[2023-02-13 17:54:25,552] {taskinstance.py:1358} INFO - 
--------------------------------------------------------------------------------
[2023-02-13 17:54:25,561] {taskinstance.py:1377} INFO - Executing <Task(TriggerDagRunOperator): trigger> on 2023-02-13 23:54:22.366517+00:00
[2023-02-13 17:54:25,563] {standard_task_runner.py:52} INFO - Started process 278286 to run task
[2023-02-13 17:54:25,565] {standard_task_runner.py:79} INFO - Running: ['***', 'tasks', 'run', '11.2_trigger_dag', 'trigger', 'manual__2023-02-13T23:54:22.366517+00:00', '--job-id', '166', '--raw', '--subdir', 'DAGS_FOLDER/Apache_Airflow/11.2_trigger_Dag.py', '--cfg-path', '/tmp/tmpd65i4yz0', '--error-file', '/tmp/tmpy5ezuqv7']
[2023-02-13 17:54:25,567] {standard_task_runner.py:80} INFO - Job 166: Subtask trigger
[2023-02-13 17:54:25,612] {task_command.py:369} INFO - Running <TaskInstance: 11.2_trigger_dag.trigger manual__2023-02-13T23:54:22.366517+00:00 [running]> on host Tinmar.
[2023-02-13 17:54:25,663] {taskinstance.py:1569} INFO - Exporting the following env vars:
AIRFLOW_CTX_DAG_OWNER=***
AIRFLOW_CTX_DAG_ID=11.2_trigger_dag
AIRFLOW_CTX_TASK_ID=trigger
AIRFLOW_CTX_EXECUTION_DATE=2023-02-13T23:54:22.366517+00:00
AIRFLOW_CTX_TRY_NUMBER=1
AIRFLOW_CTX_DAG_RUN_ID=manual__2023-02-13T23:54:22.366517+00:00
[2023-02-13 17:54:25,682] {taskinstance.py:1889} ERROR - Task failed with exception
Traceback (most recent call last):
  File "/home/tinmar/.local/lib/python3.10/site-packages/airflow/operators/trigger_dagrun.py", line 142, in execute
    dag_run = trigger_dag(
  File "/home/tinmar/.local/lib/python3.10/site-packages/airflow/api/common/trigger_dag.py", line 120, in trigger_dag
    raise DagNotFound(f"Dag id {dag_id} not found in DagModel")
airflow.exceptions.DagNotFound: Dag id example_dag not found in DagModel
[2023-02-13 17:54:25,686] {taskinstance.py:1395} INFO - Marking task as FAILED. dag_id=11.2_trigger_dag, task_id=trigger, execution_date=20230213T235422, start_date=20230213T235425, end_date=20230213T235425
[2023-02-13 17:54:25,694] {standard_task_runner.py:92} ERROR - Failed to execute job 166 for task trigger (Dag id example_dag not found in DagModel; 278286)
[2023-02-13 17:54:25,700] {local_task_job.py:156} INFO - Task exited with return code 1
[2023-02-13 17:54:25,729] {local_task_job.py:273} INFO - 0 downstream tasks scheduled from follow-on schedule check
