[2023-02-09 12:03:42,855] {taskinstance.py:1159} INFO - Dependencies all met for <TaskInstance: 6_dataproc_airflow.iden_number scheduled__2023-02-08T00:00:00+00:00 [queued]>
[2023-02-09 12:03:42,860] {taskinstance.py:1159} INFO - Dependencies all met for <TaskInstance: 6_dataproc_airflow.iden_number scheduled__2023-02-08T00:00:00+00:00 [queued]>
[2023-02-09 12:03:42,861] {taskinstance.py:1356} INFO - 
--------------------------------------------------------------------------------
[2023-02-09 12:03:42,862] {taskinstance.py:1357} INFO - Starting attempt 1 of 1
[2023-02-09 12:03:42,862] {taskinstance.py:1358} INFO - 
--------------------------------------------------------------------------------
[2023-02-09 12:03:42,869] {taskinstance.py:1377} INFO - Executing <Task(BranchPythonOperator): iden_number> on 2023-02-08 00:00:00+00:00
[2023-02-09 12:03:42,871] {standard_task_runner.py:52} INFO - Started process 46194 to run task
[2023-02-09 12:03:42,873] {standard_task_runner.py:79} INFO - Running: ['***', 'tasks', 'run', '6_dataproc_***', 'iden_number', 'scheduled__2023-02-08T00:00:00+00:00', '--job-id', '38', '--raw', '--subdir', 'DAGS_FOLDER/Airflow2_0_De_0_a_Heroe/6_dataproc_***.py', '--cfg-path', '/tmp/tmp6_hh2zzs', '--error-file', '/tmp/tmphrguz8nl']
[2023-02-09 12:03:42,874] {standard_task_runner.py:80} INFO - Job 38: Subtask iden_number
[2023-02-09 12:03:42,911] {task_command.py:369} INFO - Running <TaskInstance: 6_dataproc_airflow.iden_number scheduled__2023-02-08T00:00:00+00:00 [running]> on host Tinmar.
[2023-02-09 12:03:42,954] {taskinstance.py:1569} INFO - Exporting the following env vars:
AIRFLOW_CTX_DAG_OWNER=David S
AIRFLOW_CTX_DAG_ID=6_dataproc_***
AIRFLOW_CTX_TASK_ID=iden_number
AIRFLOW_CTX_EXECUTION_DATE=2023-02-08T00:00:00+00:00
AIRFLOW_CTX_TRY_NUMBER=1
AIRFLOW_CTX_DAG_RUN_ID=scheduled__2023-02-08T00:00:00+00:00
[2023-02-09 12:03:42,956] {python.py:173} INFO - Done. Returned value was: ['par_task.avg_quant', 'par_task.avg_tincome', 'par_task.avg_uprice']
[2023-02-09 12:03:42,957] {skipmixin.py:140} INFO - Following branch ['par_task.avg_quant', 'par_task.avg_tincome', 'par_task.avg_uprice']
[2023-02-09 12:03:42,957] {skipmixin.py:175} INFO - Skipping tasks ['impar_task']
[2023-02-09 12:03:42,994] {taskinstance.py:1395} INFO - Marking task as SUCCESS. dag_id=6_dataproc_***, task_id=iden_number, execution_date=20230208T000000, start_date=20230209T180342, end_date=20230209T180342
[2023-02-09 12:03:43,007] {local_task_job.py:156} INFO - Task exited with return code 0
