[2023-02-21T12:57:04.219-0600] {taskinstance.py:1165} INFO - Dependencies all met for <TaskInstance: 4_pools.process_c manual__2023-02-21T18:56:57.224770+00:00 [queued]>
[2023-02-21T12:57:04.228-0600] {taskinstance.py:1165} INFO - Dependencies all met for <TaskInstance: 4_pools.process_c manual__2023-02-21T18:56:57.224770+00:00 [queued]>
[2023-02-21T12:57:04.229-0600] {taskinstance.py:1362} INFO - 
--------------------------------------------------------------------------------
[2023-02-21T12:57:04.229-0600] {taskinstance.py:1363} INFO - Starting attempt 1 of 1
[2023-02-21T12:57:04.230-0600] {taskinstance.py:1364} INFO - 
--------------------------------------------------------------------------------
[2023-02-21T12:57:04.238-0600] {taskinstance.py:1383} INFO - Executing <Task(BashOperator): process_c> on 2023-02-21 18:56:57.224770+00:00
[2023-02-21T12:57:04.241-0600] {standard_task_runner.py:54} INFO - Started process 575501 to run task
[2023-02-21T12:57:04.243-0600] {standard_task_runner.py:82} INFO - Running: ['***', 'tasks', 'run', '4_pools', 'process_c', 'manual__2023-02-21T18:56:57.224770+00:00', '--job-id', '669', '--raw', '--subdir', 'DAGS_FOLDER/Apache_Airflow-The_Operators_Guide/4_pools.py', '--cfg-path', '/tmp/tmp827zyd_q']
[2023-02-21T12:57:04.244-0600] {standard_task_runner.py:83} INFO - Job 669: Subtask process_c
[2023-02-21T12:57:04.245-0600] {dagbag.py:525} INFO - Filling up the DagBag from /c/Airflow/dags/Apache_Airflow-The_Operators_Guide/4_pools.py
[2023-02-21T12:57:04.352-0600] {task_command.py:384} INFO - Running <TaskInstance: 4_pools.process_c manual__2023-02-21T18:56:57.224770+00:00 [running]> on host Tinmar.
[2023-02-21T12:57:04.405-0600] {taskinstance.py:1590} INFO - Exporting the following env vars:
AIRFLOW_CTX_DAG_OWNER=Armando
AIRFLOW_CTX_DAG_ID=4_pools
AIRFLOW_CTX_TASK_ID=process_c
AIRFLOW_CTX_EXECUTION_DATE=2023-02-21T18:56:57.224770+00:00
AIRFLOW_CTX_TRY_NUMBER=1
AIRFLOW_CTX_DAG_RUN_ID=manual__2023-02-21T18:56:57.224770+00:00
[2023-02-21T12:57:04.406-0600] {subprocess.py:63} INFO - Tmp dir root location: 
 /tmp
[2023-02-21T12:57:04.407-0600] {subprocess.py:75} INFO - Running command: ['/usr/bin/bash', '-c', "echo 'process_c' && sleep 5"]
[2023-02-21T12:57:04.418-0600] {subprocess.py:86} INFO - Output:
[2023-02-21T12:57:04.418-0600] {subprocess.py:93} INFO - process_c
[2023-02-21T12:57:09.419-0600] {subprocess.py:97} INFO - Command exited with return code 0
[2023-02-21T12:57:09.443-0600] {taskinstance.py:1401} INFO - Marking task as SUCCESS. dag_id=4_pools, task_id=process_c, execution_date=20230221T185657, start_date=20230221T185704, end_date=20230221T185709
[2023-02-21T12:57:09.472-0600] {local_task_job.py:164} INFO - Task exited with return code 0
[2023-02-21T12:57:09.485-0600] {local_task_job.py:273} INFO - 0 downstream tasks scheduled from follow-on schedule check
