[2023-02-17T12:38:31.615-0600] {taskinstance.py:1165} INFO - Dependencies all met for <TaskInstance: 1.6.2_user_processing.process_user manual__2023-02-17T18:38:27.455559+00:00 [queued]>
[2023-02-17T12:38:31.623-0600] {taskinstance.py:1165} INFO - Dependencies all met for <TaskInstance: 1.6.2_user_processing.process_user manual__2023-02-17T18:38:27.455559+00:00 [queued]>
[2023-02-17T12:38:31.624-0600] {taskinstance.py:1362} INFO - 
--------------------------------------------------------------------------------
[2023-02-17T12:38:31.625-0600] {taskinstance.py:1363} INFO - Starting attempt 1 of 1
[2023-02-17T12:38:31.625-0600] {taskinstance.py:1364} INFO - 
--------------------------------------------------------------------------------
[2023-02-17T12:38:31.633-0600] {taskinstance.py:1383} INFO - Executing <Task(PythonOperator): process_user> on 2023-02-17 18:38:27.455559+00:00
[2023-02-17T12:38:31.636-0600] {standard_task_runner.py:54} INFO - Started process 142161 to run task
[2023-02-17T12:38:31.638-0600] {standard_task_runner.py:82} INFO - Running: ['***', 'tasks', 'run', '1.6.2_user_processing', 'process_user', 'manual__2023-02-17T18:38:27.455559+00:00', '--job-id', '412', '--raw', '--subdir', 'DAGS_FOLDER/Introduction_to_Apache_Airflow/1.6.2_user_processing.py', '--cfg-path', '/tmp/tmp2izp76ku']
[2023-02-17T12:38:31.639-0600] {standard_task_runner.py:83} INFO - Job 412: Subtask process_user
[2023-02-17T12:38:31.640-0600] {dagbag.py:525} INFO - Filling up the DagBag from /c/Airflow/dags/Introduction_to_Apache_Airflow/1.6.2_user_processing.py
[2023-02-17T12:38:31.914-0600] {task_command.py:384} INFO - Running <TaskInstance: 1.6.2_user_processing.process_user manual__2023-02-17T18:38:27.455559+00:00 [running]> on host Tinmar.
[2023-02-17T12:38:31.960-0600] {taskinstance.py:1590} INFO - Exporting the following env vars:
AIRFLOW_CTX_DAG_OWNER=Tinmar
AIRFLOW_CTX_DAG_ID=1.6.2_user_processing
AIRFLOW_CTX_TASK_ID=process_user
AIRFLOW_CTX_EXECUTION_DATE=2023-02-17T18:38:27.455559+00:00
AIRFLOW_CTX_TRY_NUMBER=1
AIRFLOW_CTX_DAG_RUN_ID=manual__2023-02-17T18:38:27.455559+00:00
[2023-02-17T12:38:32.088-0600] {python.py:177} INFO - Done. Returned value was: None
[2023-02-17T12:38:32.096-0600] {taskinstance.py:1401} INFO - Marking task as SUCCESS. dag_id=1.6.2_user_processing, task_id=process_user, execution_date=20230217T183827, start_date=20230217T183831, end_date=20230217T183832
[2023-02-17T12:38:32.146-0600] {local_task_job.py:164} INFO - Task exited with return code 0
[2023-02-17T12:38:32.168-0600] {local_task_job.py:273} INFO - 1 downstream tasks scheduled from follow-on schedule check
