[2023-02-21T08:48:33.004-0600] {taskinstance.py:1165} INFO - Dependencies all met for <TaskInstance: 6_xcom_dag.t3 scheduled__2023-02-20T00:00:00+00:00 [queued]>
[2023-02-21T08:48:33.021-0600] {taskinstance.py:1165} INFO - Dependencies all met for <TaskInstance: 6_xcom_dag.t3 scheduled__2023-02-20T00:00:00+00:00 [queued]>
[2023-02-21T08:48:33.022-0600] {taskinstance.py:1362} INFO - 
--------------------------------------------------------------------------------
[2023-02-21T08:48:33.023-0600] {taskinstance.py:1363} INFO - Starting attempt 1 of 1
[2023-02-21T08:48:33.024-0600] {taskinstance.py:1364} INFO - 
--------------------------------------------------------------------------------
[2023-02-21T08:48:33.038-0600] {taskinstance.py:1383} INFO - Executing <Task(BashOperator): t3> on 2023-02-20 00:00:00+00:00
[2023-02-21T08:48:33.043-0600] {standard_task_runner.py:54} INFO - Started process 428249 to run task
[2023-02-21T08:48:33.046-0600] {standard_task_runner.py:82} INFO - Running: ['***', 'tasks', 'run', '6_xcom_dag', 't3', 'scheduled__2023-02-20T00:00:00+00:00', '--job-id', '615', '--raw', '--subdir', 'DAGS_FOLDER/Introduction_to_Apache_Airflow/6_xcom_dag.py', '--cfg-path', '/tmp/tmp4x8usn_w']
[2023-02-21T08:48:33.050-0600] {standard_task_runner.py:83} INFO - Job 615: Subtask t3
[2023-02-21T08:48:33.052-0600] {dagbag.py:525} INFO - Filling up the DagBag from /c/Airflow/dags/Introduction_to_Apache_Airflow/6_xcom_dag.py
[2023-02-21T08:48:33.256-0600] {task_command.py:384} INFO - Running <TaskInstance: 6_xcom_dag.t3 scheduled__2023-02-20T00:00:00+00:00 [running]> on host Tinmar.
[2023-02-21T08:48:33.351-0600] {taskinstance.py:1590} INFO - Exporting the following env vars:
AIRFLOW_CTX_DAG_OWNER=***
AIRFLOW_CTX_DAG_ID=6_xcom_dag
AIRFLOW_CTX_TASK_ID=t3
AIRFLOW_CTX_EXECUTION_DATE=2023-02-20T00:00:00+00:00
AIRFLOW_CTX_TRY_NUMBER=1
AIRFLOW_CTX_DAG_RUN_ID=scheduled__2023-02-20T00:00:00+00:00
[2023-02-21T08:48:33.353-0600] {subprocess.py:63} INFO - Tmp dir root location: 
 /tmp
[2023-02-21T08:48:33.354-0600] {subprocess.py:75} INFO - Running command: ['/usr/bin/bash', '-c', "echo ''"]
[2023-02-21T08:48:33.363-0600] {subprocess.py:86} INFO - Output:
[2023-02-21T08:48:33.365-0600] {subprocess.py:93} INFO - 
[2023-02-21T08:48:33.366-0600] {subprocess.py:97} INFO - Command exited with return code 0
[2023-02-21T08:48:33.407-0600] {taskinstance.py:1401} INFO - Marking task as SUCCESS. dag_id=6_xcom_dag, task_id=t3, execution_date=20230220T000000, start_date=20230221T144833, end_date=20230221T144833
[2023-02-21T08:48:33.460-0600] {local_task_job.py:164} INFO - Task exited with return code 0
[2023-02-21T08:48:33.489-0600] {local_task_job.py:273} INFO - 0 downstream tasks scheduled from follow-on schedule check
