[2023-02-09 12:11:22,494] {taskinstance.py:1159} INFO - Dependencies all met for <TaskInstance: 6_dataproc_airflow.par_task.avg_tincome scheduled__2023-02-08T00:00:00+00:00 [queued]>
[2023-02-09 12:11:22,501] {taskinstance.py:1159} INFO - Dependencies all met for <TaskInstance: 6_dataproc_airflow.par_task.avg_tincome scheduled__2023-02-08T00:00:00+00:00 [queued]>
[2023-02-09 12:11:22,501] {taskinstance.py:1356} INFO - 
--------------------------------------------------------------------------------
[2023-02-09 12:11:22,502] {taskinstance.py:1357} INFO - Starting attempt 2 of 2
[2023-02-09 12:11:22,502] {taskinstance.py:1358} INFO - 
--------------------------------------------------------------------------------
[2023-02-09 12:11:22,509] {taskinstance.py:1377} INFO - Executing <Task(DataprocSubmitJobOperator): par_task.avg_tincome> on 2023-02-08 00:00:00+00:00
[2023-02-09 12:11:22,511] {standard_task_runner.py:52} INFO - Started process 50953 to run task
[2023-02-09 12:11:22,513] {standard_task_runner.py:79} INFO - Running: ['***', 'tasks', 'run', '6_dataproc_***', 'par_task.avg_tincome', 'scheduled__2023-02-08T00:00:00+00:00', '--job-id', '45', '--raw', '--subdir', 'DAGS_FOLDER/Airflow2_0_De_0_a_Heroe/6_dataproc_***.py', '--cfg-path', '/tmp/tmp2yzu1j0w', '--error-file', '/tmp/tmpevqv3lc7']
[2023-02-09 12:11:22,514] {standard_task_runner.py:80} INFO - Job 45: Subtask par_task.avg_tincome
[2023-02-09 12:11:22,557] {task_command.py:369} INFO - Running <TaskInstance: 6_dataproc_airflow.par_task.avg_tincome scheduled__2023-02-08T00:00:00+00:00 [running]> on host Tinmar.
[2023-02-09 12:11:22,600] {taskinstance.py:1569} INFO - Exporting the following env vars:
AIRFLOW_CTX_DAG_OWNER=David S
AIRFLOW_CTX_DAG_ID=6_dataproc_***
AIRFLOW_CTX_TASK_ID=par_task.avg_tincome
AIRFLOW_CTX_EXECUTION_DATE=2023-02-08T00:00:00+00:00
AIRFLOW_CTX_TRY_NUMBER=2
AIRFLOW_CTX_DAG_RUN_ID=scheduled__2023-02-08T00:00:00+00:00
[2023-02-09 12:11:22,601] {dataproc.py:1866} INFO - Submitting job
[2023-02-09 12:11:22,609] {base.py:68} INFO - Using connection ID 'google_cloud_default' for task execution.
[2023-02-09 12:11:23,138] {dataproc.py:1878} INFO - Job PARTASK_dfa23fbf_avg_tincome submitted successfully.
[2023-02-09 12:11:23,153] {dataproc.py:1898} INFO - Waiting for job PARTASK_dfa23fbf_avg_tincome to complete
[2023-02-09 12:12:46,670] {dataproc.py:1902} INFO - Job PARTASK_dfa23fbf_avg_tincome completed successfully.
[2023-02-09 12:12:46,690] {taskinstance.py:1395} INFO - Marking task as SUCCESS. dag_id=6_dataproc_***, task_id=par_task.avg_tincome, execution_date=20230208T000000, start_date=20230209T181122, end_date=20230209T181246
[2023-02-09 12:12:46,713] {local_task_job.py:156} INFO - Task exited with return code 0
