[2023-02-21T11:00:08.615-0600] {processor.py:156} INFO - Started process (PID=484177) to work on /c/Airflow/dags/Apache_Airflow-The_Operators_Guide/1.2_my_dag copy.py
[2023-02-21T11:00:08.617-0600] {processor.py:758} INFO - Processing file /c/Airflow/dags/Apache_Airflow-The_Operators_Guide/1.2_my_dag copy.py for tasks to queue
[2023-02-21T11:00:08.618-0600] {logging_mixin.py:117} INFO - [2023-02-21T11:00:08.617-0600] {dagbag.py:525} INFO - Filling up the DagBag from /c/Airflow/dags/Apache_Airflow-The_Operators_Guide/1.2_my_dag copy.py
[2023-02-21T11:00:08.649-0600] {processor.py:768} INFO - DAG(s) dict_keys(['1.2_my_dag']) retrieved from /c/Airflow/dags/Apache_Airflow-The_Operators_Guide/1.2_my_dag copy.py
[2023-02-21T11:00:08.724-0600] {logging_mixin.py:117} INFO - [2023-02-21T11:00:08.724-0600] {manager.py:508} INFO - Created Permission View: can edit on DAG:1.2_my_dag
[2023-02-21T11:00:08.731-0600] {logging_mixin.py:117} INFO - [2023-02-21T11:00:08.731-0600] {manager.py:508} INFO - Created Permission View: can delete on DAG:1.2_my_dag
[2023-02-21T11:00:08.737-0600] {logging_mixin.py:117} INFO - [2023-02-21T11:00:08.736-0600] {manager.py:508} INFO - Created Permission View: can read on DAG:1.2_my_dag
[2023-02-21T11:00:08.737-0600] {logging_mixin.py:117} INFO - [2023-02-21T11:00:08.737-0600] {dag.py:2573} INFO - Sync 1 DAGs
[2023-02-21T11:00:08.744-0600] {logging_mixin.py:117} INFO - [2023-02-21T11:00:08.744-0600] {dag.py:2594} INFO - Creating ORM DAG for 1.2_my_dag
[2023-02-21T11:00:08.752-0600] {logging_mixin.py:117} INFO - [2023-02-21T11:00:08.752-0600] {dag.py:3324} INFO - Setting next_dagrun for 1.2_my_dag to 2023-02-21T00:00:00+00:00, run_after=2023-02-22T00:00:00+00:00
[2023-02-21T11:00:08.773-0600] {processor.py:178} INFO - Processing /c/Airflow/dags/Apache_Airflow-The_Operators_Guide/1.2_my_dag copy.py took 0.160 seconds
[2023-02-21T11:00:39.490-0600] {processor.py:156} INFO - Started process (PID=484565) to work on /c/Airflow/dags/Apache_Airflow-The_Operators_Guide/1.2_my_dag copy.py
[2023-02-21T11:00:39.491-0600] {processor.py:758} INFO - Processing file /c/Airflow/dags/Apache_Airflow-The_Operators_Guide/1.2_my_dag copy.py for tasks to queue
[2023-02-21T11:00:39.492-0600] {logging_mixin.py:117} INFO - [2023-02-21T11:00:39.492-0600] {dagbag.py:525} INFO - Filling up the DagBag from /c/Airflow/dags/Apache_Airflow-The_Operators_Guide/1.2_my_dag copy.py
[2023-02-21T11:00:39.531-0600] {processor.py:768} INFO - DAG(s) dict_keys(['1.2_my_dag']) retrieved from /c/Airflow/dags/Apache_Airflow-The_Operators_Guide/1.2_my_dag copy.py
[2023-02-21T11:00:39.555-0600] {logging_mixin.py:117} INFO - [2023-02-21T11:00:39.555-0600] {dag.py:2573} INFO - Sync 1 DAGs
[2023-02-21T11:00:39.568-0600] {logging_mixin.py:117} INFO - [2023-02-21T11:00:39.568-0600] {dag.py:3324} INFO - Setting next_dagrun for 1.2_my_dag to 2023-02-21T00:00:00+00:00, run_after=2023-02-22T00:00:00+00:00
[2023-02-21T11:00:39.583-0600] {processor.py:178} INFO - Processing /c/Airflow/dags/Apache_Airflow-The_Operators_Guide/1.2_my_dag copy.py took 0.096 seconds
[2023-02-21T11:01:09.910-0600] {processor.py:156} INFO - Started process (PID=484961) to work on /c/Airflow/dags/Apache_Airflow-The_Operators_Guide/1.2_my_dag copy.py
[2023-02-21T11:01:09.911-0600] {processor.py:758} INFO - Processing file /c/Airflow/dags/Apache_Airflow-The_Operators_Guide/1.2_my_dag copy.py for tasks to queue
[2023-02-21T11:01:09.911-0600] {logging_mixin.py:117} INFO - [2023-02-21T11:01:09.911-0600] {dagbag.py:525} INFO - Filling up the DagBag from /c/Airflow/dags/Apache_Airflow-The_Operators_Guide/1.2_my_dag copy.py
[2023-02-21T11:01:09.936-0600] {processor.py:768} INFO - DAG(s) dict_keys(['1.2_my_dag']) retrieved from /c/Airflow/dags/Apache_Airflow-The_Operators_Guide/1.2_my_dag copy.py
[2023-02-21T11:01:09.958-0600] {logging_mixin.py:117} INFO - [2023-02-21T11:01:09.958-0600] {dag.py:2573} INFO - Sync 1 DAGs
[2023-02-21T11:01:09.970-0600] {logging_mixin.py:117} INFO - [2023-02-21T11:01:09.970-0600] {dag.py:3324} INFO - Setting next_dagrun for 1.2_my_dag to 2023-02-21T00:00:00+00:00, run_after=2023-02-22T00:00:00+00:00
[2023-02-21T11:01:09.987-0600] {processor.py:178} INFO - Processing /c/Airflow/dags/Apache_Airflow-The_Operators_Guide/1.2_my_dag copy.py took 0.079 seconds
[2023-02-21T11:01:40.633-0600] {processor.py:156} INFO - Started process (PID=485357) to work on /c/Airflow/dags/Apache_Airflow-The_Operators_Guide/1.2_my_dag copy.py
[2023-02-21T11:01:40.634-0600] {processor.py:758} INFO - Processing file /c/Airflow/dags/Apache_Airflow-The_Operators_Guide/1.2_my_dag copy.py for tasks to queue
[2023-02-21T11:01:40.635-0600] {logging_mixin.py:117} INFO - [2023-02-21T11:01:40.635-0600] {dagbag.py:525} INFO - Filling up the DagBag from /c/Airflow/dags/Apache_Airflow-The_Operators_Guide/1.2_my_dag copy.py
[2023-02-21T11:01:40.660-0600] {processor.py:768} INFO - DAG(s) dict_keys(['1.2_my_dag']) retrieved from /c/Airflow/dags/Apache_Airflow-The_Operators_Guide/1.2_my_dag copy.py
[2023-02-21T11:01:40.686-0600] {logging_mixin.py:117} INFO - [2023-02-21T11:01:40.686-0600] {dag.py:2573} INFO - Sync 1 DAGs
[2023-02-21T11:01:40.700-0600] {logging_mixin.py:117} INFO - [2023-02-21T11:01:40.700-0600] {dag.py:3324} INFO - Setting next_dagrun for 1.2_my_dag to 2023-02-21T00:00:00+00:00, run_after=2023-02-22T00:00:00+00:00
[2023-02-21T11:01:40.717-0600] {processor.py:178} INFO - Processing /c/Airflow/dags/Apache_Airflow-The_Operators_Guide/1.2_my_dag copy.py took 0.086 seconds
[2023-02-21T11:02:11.358-0600] {processor.py:156} INFO - Started process (PID=485752) to work on /c/Airflow/dags/Apache_Airflow-The_Operators_Guide/1.2_my_dag copy.py
[2023-02-21T11:02:11.359-0600] {processor.py:758} INFO - Processing file /c/Airflow/dags/Apache_Airflow-The_Operators_Guide/1.2_my_dag copy.py for tasks to queue
[2023-02-21T11:02:11.360-0600] {logging_mixin.py:117} INFO - [2023-02-21T11:02:11.360-0600] {dagbag.py:525} INFO - Filling up the DagBag from /c/Airflow/dags/Apache_Airflow-The_Operators_Guide/1.2_my_dag copy.py
[2023-02-21T11:02:11.381-0600] {processor.py:768} INFO - DAG(s) dict_keys(['1.2_my_dag']) retrieved from /c/Airflow/dags/Apache_Airflow-The_Operators_Guide/1.2_my_dag copy.py
[2023-02-21T11:02:11.402-0600] {logging_mixin.py:117} INFO - [2023-02-21T11:02:11.402-0600] {dag.py:2573} INFO - Sync 1 DAGs
[2023-02-21T11:02:11.415-0600] {logging_mixin.py:117} INFO - [2023-02-21T11:02:11.415-0600] {dag.py:3324} INFO - Setting next_dagrun for 1.2_my_dag to 2023-02-21T00:00:00+00:00, run_after=2023-02-22T00:00:00+00:00
[2023-02-21T11:02:11.430-0600] {processor.py:178} INFO - Processing /c/Airflow/dags/Apache_Airflow-The_Operators_Guide/1.2_my_dag copy.py took 0.075 seconds
[2023-02-21T11:02:41.675-0600] {processor.py:156} INFO - Started process (PID=486218) to work on /c/Airflow/dags/Apache_Airflow-The_Operators_Guide/1.2_my_dag copy.py
[2023-02-21T11:02:41.676-0600] {processor.py:758} INFO - Processing file /c/Airflow/dags/Apache_Airflow-The_Operators_Guide/1.2_my_dag copy.py for tasks to queue
[2023-02-21T11:02:41.676-0600] {logging_mixin.py:117} INFO - [2023-02-21T11:02:41.676-0600] {dagbag.py:525} INFO - Filling up the DagBag from /c/Airflow/dags/Apache_Airflow-The_Operators_Guide/1.2_my_dag copy.py
[2023-02-21T11:02:41.703-0600] {processor.py:768} INFO - DAG(s) dict_keys(['1.2_my_dag']) retrieved from /c/Airflow/dags/Apache_Airflow-The_Operators_Guide/1.2_my_dag copy.py
[2023-02-21T11:02:41.725-0600] {logging_mixin.py:117} INFO - [2023-02-21T11:02:41.724-0600] {dag.py:2573} INFO - Sync 1 DAGs
[2023-02-21T11:02:41.737-0600] {logging_mixin.py:117} INFO - [2023-02-21T11:02:41.737-0600] {dag.py:3324} INFO - Setting next_dagrun for 1.2_my_dag to 2023-02-21T00:00:00+00:00, run_after=2023-02-22T00:00:00+00:00
[2023-02-21T11:02:41.752-0600] {processor.py:178} INFO - Processing /c/Airflow/dags/Apache_Airflow-The_Operators_Guide/1.2_my_dag copy.py took 0.079 seconds
[2023-02-21T11:03:12.600-0600] {processor.py:156} INFO - Started process (PID=486613) to work on /c/Airflow/dags/Apache_Airflow-The_Operators_Guide/1.2_my_dag copy.py
[2023-02-21T11:03:12.601-0600] {processor.py:758} INFO - Processing file /c/Airflow/dags/Apache_Airflow-The_Operators_Guide/1.2_my_dag copy.py for tasks to queue
[2023-02-21T11:03:12.602-0600] {logging_mixin.py:117} INFO - [2023-02-21T11:03:12.602-0600] {dagbag.py:525} INFO - Filling up the DagBag from /c/Airflow/dags/Apache_Airflow-The_Operators_Guide/1.2_my_dag copy.py
[2023-02-21T11:03:12.625-0600] {processor.py:768} INFO - DAG(s) dict_keys(['1.2_my_dag']) retrieved from /c/Airflow/dags/Apache_Airflow-The_Operators_Guide/1.2_my_dag copy.py
[2023-02-21T11:03:12.648-0600] {logging_mixin.py:117} INFO - [2023-02-21T11:03:12.648-0600] {dag.py:2573} INFO - Sync 1 DAGs
[2023-02-21T11:03:12.662-0600] {logging_mixin.py:117} INFO - [2023-02-21T11:03:12.662-0600] {dag.py:3324} INFO - Setting next_dagrun for 1.2_my_dag to 2023-02-21T00:00:00+00:00, run_after=2023-02-22T00:00:00+00:00
[2023-02-21T11:03:12.679-0600] {processor.py:178} INFO - Processing /c/Airflow/dags/Apache_Airflow-The_Operators_Guide/1.2_my_dag copy.py took 0.080 seconds
[2023-02-21T11:03:43.503-0600] {processor.py:156} INFO - Started process (PID=487009) to work on /c/Airflow/dags/Apache_Airflow-The_Operators_Guide/1.2_my_dag copy.py
[2023-02-21T11:03:43.504-0600] {processor.py:758} INFO - Processing file /c/Airflow/dags/Apache_Airflow-The_Operators_Guide/1.2_my_dag copy.py for tasks to queue
[2023-02-21T11:03:43.505-0600] {logging_mixin.py:117} INFO - [2023-02-21T11:03:43.505-0600] {dagbag.py:525} INFO - Filling up the DagBag from /c/Airflow/dags/Apache_Airflow-The_Operators_Guide/1.2_my_dag copy.py
[2023-02-21T11:03:43.528-0600] {processor.py:768} INFO - DAG(s) dict_keys(['1.2_my_dag']) retrieved from /c/Airflow/dags/Apache_Airflow-The_Operators_Guide/1.2_my_dag copy.py
[2023-02-21T11:03:43.550-0600] {logging_mixin.py:117} INFO - [2023-02-21T11:03:43.550-0600] {dag.py:2573} INFO - Sync 1 DAGs
[2023-02-21T11:03:43.564-0600] {logging_mixin.py:117} INFO - [2023-02-21T11:03:43.564-0600] {dag.py:3324} INFO - Setting next_dagrun for 1.2_my_dag to 2023-02-21T00:00:00+00:00, run_after=2023-02-22T00:00:00+00:00
[2023-02-21T11:03:43.579-0600] {processor.py:178} INFO - Processing /c/Airflow/dags/Apache_Airflow-The_Operators_Guide/1.2_my_dag copy.py took 0.078 seconds
[2023-02-21T11:04:13.814-0600] {processor.py:156} INFO - Started process (PID=487404) to work on /c/Airflow/dags/Apache_Airflow-The_Operators_Guide/1.2_my_dag copy.py
[2023-02-21T11:04:13.815-0600] {processor.py:758} INFO - Processing file /c/Airflow/dags/Apache_Airflow-The_Operators_Guide/1.2_my_dag copy.py for tasks to queue
[2023-02-21T11:04:13.816-0600] {logging_mixin.py:117} INFO - [2023-02-21T11:04:13.816-0600] {dagbag.py:525} INFO - Filling up the DagBag from /c/Airflow/dags/Apache_Airflow-The_Operators_Guide/1.2_my_dag copy.py
[2023-02-21T11:04:13.841-0600] {processor.py:768} INFO - DAG(s) dict_keys(['1.2_my_dag']) retrieved from /c/Airflow/dags/Apache_Airflow-The_Operators_Guide/1.2_my_dag copy.py
[2023-02-21T11:04:13.863-0600] {logging_mixin.py:117} INFO - [2023-02-21T11:04:13.863-0600] {dag.py:2573} INFO - Sync 1 DAGs
[2023-02-21T11:04:13.877-0600] {logging_mixin.py:117} INFO - [2023-02-21T11:04:13.877-0600] {dag.py:3324} INFO - Setting next_dagrun for 1.2_my_dag to 2023-02-21T00:00:00+00:00, run_after=2023-02-22T00:00:00+00:00
[2023-02-21T11:04:13.892-0600] {processor.py:178} INFO - Processing /c/Airflow/dags/Apache_Airflow-The_Operators_Guide/1.2_my_dag copy.py took 0.080 seconds
[2023-02-21T11:04:44.012-0600] {processor.py:156} INFO - Started process (PID=487794) to work on /c/Airflow/dags/Apache_Airflow-The_Operators_Guide/1.2_my_dag copy.py
[2023-02-21T11:04:44.012-0600] {processor.py:758} INFO - Processing file /c/Airflow/dags/Apache_Airflow-The_Operators_Guide/1.2_my_dag copy.py for tasks to queue
[2023-02-21T11:04:44.013-0600] {logging_mixin.py:117} INFO - [2023-02-21T11:04:44.013-0600] {dagbag.py:525} INFO - Filling up the DagBag from /c/Airflow/dags/Apache_Airflow-The_Operators_Guide/1.2_my_dag copy.py
[2023-02-21T11:04:44.038-0600] {processor.py:768} INFO - DAG(s) dict_keys(['1.2_my_dag']) retrieved from /c/Airflow/dags/Apache_Airflow-The_Operators_Guide/1.2_my_dag copy.py
[2023-02-21T11:04:44.061-0600] {logging_mixin.py:117} INFO - [2023-02-21T11:04:44.061-0600] {dag.py:2573} INFO - Sync 1 DAGs
[2023-02-21T11:04:44.075-0600] {logging_mixin.py:117} INFO - [2023-02-21T11:04:44.075-0600] {dag.py:3324} INFO - Setting next_dagrun for 1.2_my_dag to 2023-02-21T00:00:00+00:00, run_after=2023-02-22T00:00:00+00:00
[2023-02-21T11:04:44.092-0600] {processor.py:178} INFO - Processing /c/Airflow/dags/Apache_Airflow-The_Operators_Guide/1.2_my_dag copy.py took 0.083 seconds
[2023-02-21T11:05:15.115-0600] {processor.py:156} INFO - Started process (PID=488193) to work on /c/Airflow/dags/Apache_Airflow-The_Operators_Guide/1.2_my_dag copy.py
[2023-02-21T11:05:15.116-0600] {processor.py:758} INFO - Processing file /c/Airflow/dags/Apache_Airflow-The_Operators_Guide/1.2_my_dag copy.py for tasks to queue
[2023-02-21T11:05:15.117-0600] {logging_mixin.py:117} INFO - [2023-02-21T11:05:15.117-0600] {dagbag.py:525} INFO - Filling up the DagBag from /c/Airflow/dags/Apache_Airflow-The_Operators_Guide/1.2_my_dag copy.py
[2023-02-21T11:05:15.141-0600] {processor.py:768} INFO - DAG(s) dict_keys(['1.2_my_dag']) retrieved from /c/Airflow/dags/Apache_Airflow-The_Operators_Guide/1.2_my_dag copy.py
[2023-02-21T11:05:15.165-0600] {logging_mixin.py:117} INFO - [2023-02-21T11:05:15.165-0600] {dag.py:2573} INFO - Sync 1 DAGs
[2023-02-21T11:05:15.181-0600] {logging_mixin.py:117} INFO - [2023-02-21T11:05:15.180-0600] {dag.py:3324} INFO - Setting next_dagrun for 1.2_my_dag to 2023-02-21T00:00:00+00:00, run_after=2023-02-22T00:00:00+00:00
[2023-02-21T11:05:15.197-0600] {processor.py:178} INFO - Processing /c/Airflow/dags/Apache_Airflow-The_Operators_Guide/1.2_my_dag copy.py took 0.084 seconds
[2023-02-21T11:05:46.051-0600] {processor.py:156} INFO - Started process (PID=488591) to work on /c/Airflow/dags/Apache_Airflow-The_Operators_Guide/1.2_my_dag copy.py
[2023-02-21T11:05:46.052-0600] {processor.py:758} INFO - Processing file /c/Airflow/dags/Apache_Airflow-The_Operators_Guide/1.2_my_dag copy.py for tasks to queue
[2023-02-21T11:05:46.053-0600] {logging_mixin.py:117} INFO - [2023-02-21T11:05:46.053-0600] {dagbag.py:525} INFO - Filling up the DagBag from /c/Airflow/dags/Apache_Airflow-The_Operators_Guide/1.2_my_dag copy.py
[2023-02-21T11:05:46.089-0600] {processor.py:768} INFO - DAG(s) dict_keys(['1.2_my_dag']) retrieved from /c/Airflow/dags/Apache_Airflow-The_Operators_Guide/1.2_my_dag copy.py
[2023-02-21T11:05:46.111-0600] {logging_mixin.py:117} INFO - [2023-02-21T11:05:46.111-0600] {dag.py:2573} INFO - Sync 1 DAGs
[2023-02-21T11:05:46.125-0600] {logging_mixin.py:117} INFO - [2023-02-21T11:05:46.125-0600] {dag.py:3324} INFO - Setting next_dagrun for 1.2_my_dag to 2023-02-21T00:00:00+00:00, run_after=2023-02-22T00:00:00+00:00
[2023-02-21T11:05:46.146-0600] {processor.py:178} INFO - Processing /c/Airflow/dags/Apache_Airflow-The_Operators_Guide/1.2_my_dag copy.py took 0.097 seconds
