[2023-02-21T13:40:21.649-0600] {processor.py:156} INFO - Started process (PID=609884) to work on /c/Airflow/dags/Apache_Airflow-The_Operators_Guide/5_trigger_rules.py
[2023-02-21T13:40:21.650-0600] {processor.py:758} INFO - Processing file /c/Airflow/dags/Apache_Airflow-The_Operators_Guide/5_trigger_rules.py for tasks to queue
[2023-02-21T13:40:21.651-0600] {logging_mixin.py:117} INFO - [2023-02-21T13:40:21.651-0600] {dagbag.py:525} INFO - Filling up the DagBag from /c/Airflow/dags/Apache_Airflow-The_Operators_Guide/5_trigger_rules.py
[2023-02-21T13:40:21.697-0600] {processor.py:768} INFO - DAG(s) dict_keys(['4_pools']) retrieved from /c/Airflow/dags/Apache_Airflow-The_Operators_Guide/5_trigger_rules.py
[2023-02-21T13:40:21.745-0600] {logging_mixin.py:117} INFO - [2023-02-21T13:40:21.745-0600] {dag.py:2573} INFO - Sync 1 DAGs
[2023-02-21T13:40:21.763-0600] {logging_mixin.py:117} INFO - [2023-02-21T13:40:21.763-0600] {dag.py:3324} INFO - Setting next_dagrun for 4_pools to 2023-02-21T00:00:00+00:00, run_after=2023-02-22T00:00:00+00:00
[2023-02-21T13:40:21.786-0600] {processor.py:178} INFO - Processing /c/Airflow/dags/Apache_Airflow-The_Operators_Guide/5_trigger_rules.py took 0.139 seconds
[2023-02-21T13:40:52.391-0600] {processor.py:156} INFO - Started process (PID=610304) to work on /c/Airflow/dags/Apache_Airflow-The_Operators_Guide/5_trigger_rules.py
[2023-02-21T13:40:52.392-0600] {processor.py:758} INFO - Processing file /c/Airflow/dags/Apache_Airflow-The_Operators_Guide/5_trigger_rules.py for tasks to queue
[2023-02-21T13:40:52.392-0600] {logging_mixin.py:117} INFO - [2023-02-21T13:40:52.392-0600] {dagbag.py:525} INFO - Filling up the DagBag from /c/Airflow/dags/Apache_Airflow-The_Operators_Guide/5_trigger_rules.py
[2023-02-21T13:40:52.430-0600] {logging_mixin.py:117} INFO - [2023-02-21T13:40:52.425-0600] {dagbag.py:330} ERROR - Failed to import: /c/Airflow/dags/Apache_Airflow-The_Operators_Guide/5_trigger_rules.py
Traceback (most recent call last):
  File "/home/tinmar/.local/lib/python3.10/site-packages/airflow/models/dagbag.py", line 326, in parse
    loader.exec_module(new_module)
  File "<frozen importlib._bootstrap_external>", line 883, in exec_module
  File "<frozen importlib._bootstrap>", line 241, in _call_with_frames_removed
  File "/c/Airflow/dags/Apache_Airflow-The_Operators_Guide/5_trigger_rules.py", line 50, in <module>
    clean_a = BashOperator(
  File "/home/tinmar/.local/lib/python3.10/site-packages/airflow/models/baseoperator.py", line 391, in apply_defaults
    raise AirflowException(f"missing keyword argument {missing_args.pop()!r}")
airflow.exceptions.AirflowException: missing keyword argument 'bash_command'
[2023-02-21T13:40:52.432-0600] {processor.py:770} WARNING - No viable dags retrieved from /c/Airflow/dags/Apache_Airflow-The_Operators_Guide/5_trigger_rules.py
[2023-02-21T13:40:52.450-0600] {processor.py:178} INFO - Processing /c/Airflow/dags/Apache_Airflow-The_Operators_Guide/5_trigger_rules.py took 0.061 seconds
[2023-02-21T13:41:22.598-0600] {processor.py:156} INFO - Started process (PID=610716) to work on /c/Airflow/dags/Apache_Airflow-The_Operators_Guide/5_trigger_rules.py
[2023-02-21T13:41:22.599-0600] {processor.py:758} INFO - Processing file /c/Airflow/dags/Apache_Airflow-The_Operators_Guide/5_trigger_rules.py for tasks to queue
[2023-02-21T13:41:22.600-0600] {logging_mixin.py:117} INFO - [2023-02-21T13:41:22.600-0600] {dagbag.py:525} INFO - Filling up the DagBag from /c/Airflow/dags/Apache_Airflow-The_Operators_Guide/5_trigger_rules.py
[2023-02-21T13:41:22.639-0600] {logging_mixin.py:117} INFO - [2023-02-21T13:41:22.635-0600] {dagbag.py:330} ERROR - Failed to import: /c/Airflow/dags/Apache_Airflow-The_Operators_Guide/5_trigger_rules.py
Traceback (most recent call last):
  File "/home/tinmar/.local/lib/python3.10/site-packages/airflow/models/dagbag.py", line 326, in parse
    loader.exec_module(new_module)
  File "<frozen importlib._bootstrap_external>", line 883, in exec_module
  File "<frozen importlib._bootstrap>", line 241, in _call_with_frames_removed
  File "/c/Airflow/dags/Apache_Airflow-The_Operators_Guide/5_trigger_rules.py", line 50, in <module>
    clean_a = BashOperator(
  File "/home/tinmar/.local/lib/python3.10/site-packages/airflow/models/baseoperator.py", line 391, in apply_defaults
    raise AirflowException(f"missing keyword argument {missing_args.pop()!r}")
airflow.exceptions.AirflowException: missing keyword argument 'bash_command'
[2023-02-21T13:41:22.641-0600] {processor.py:770} WARNING - No viable dags retrieved from /c/Airflow/dags/Apache_Airflow-The_Operators_Guide/5_trigger_rules.py
[2023-02-21T13:41:22.658-0600] {processor.py:178} INFO - Processing /c/Airflow/dags/Apache_Airflow-The_Operators_Guide/5_trigger_rules.py took 0.062 seconds
[2023-02-21T13:41:53.802-0600] {processor.py:156} INFO - Started process (PID=611136) to work on /c/Airflow/dags/Apache_Airflow-The_Operators_Guide/5_trigger_rules.py
[2023-02-21T13:41:53.803-0600] {processor.py:758} INFO - Processing file /c/Airflow/dags/Apache_Airflow-The_Operators_Guide/5_trigger_rules.py for tasks to queue
[2023-02-21T13:41:53.804-0600] {logging_mixin.py:117} INFO - [2023-02-21T13:41:53.803-0600] {dagbag.py:525} INFO - Filling up the DagBag from /c/Airflow/dags/Apache_Airflow-The_Operators_Guide/5_trigger_rules.py
[2023-02-21T13:41:53.846-0600] {processor.py:768} INFO - DAG(s) dict_keys(['4_pools']) retrieved from /c/Airflow/dags/Apache_Airflow-The_Operators_Guide/5_trigger_rules.py
[2023-02-21T13:41:53.889-0600] {logging_mixin.py:117} INFO - [2023-02-21T13:41:53.889-0600] {dag.py:2573} INFO - Sync 1 DAGs
[2023-02-21T13:41:53.901-0600] {logging_mixin.py:117} INFO - [2023-02-21T13:41:53.900-0600] {dag.py:3324} INFO - Setting next_dagrun for 4_pools to 2023-02-21T00:00:00+00:00, run_after=2023-02-22T00:00:00+00:00
[2023-02-21T13:41:53.924-0600] {processor.py:178} INFO - Processing /c/Airflow/dags/Apache_Airflow-The_Operators_Guide/5_trigger_rules.py took 0.125 seconds
[2023-02-21T13:42:24.675-0600] {processor.py:156} INFO - Started process (PID=611556) to work on /c/Airflow/dags/Apache_Airflow-The_Operators_Guide/5_trigger_rules.py
[2023-02-21T13:42:24.676-0600] {processor.py:758} INFO - Processing file /c/Airflow/dags/Apache_Airflow-The_Operators_Guide/5_trigger_rules.py for tasks to queue
[2023-02-21T13:42:24.677-0600] {logging_mixin.py:117} INFO - [2023-02-21T13:42:24.677-0600] {dagbag.py:525} INFO - Filling up the DagBag from /c/Airflow/dags/Apache_Airflow-The_Operators_Guide/5_trigger_rules.py
[2023-02-21T13:42:24.718-0600] {processor.py:768} INFO - DAG(s) dict_keys(['4_pools']) retrieved from /c/Airflow/dags/Apache_Airflow-The_Operators_Guide/5_trigger_rules.py
[2023-02-21T13:42:24.768-0600] {logging_mixin.py:117} INFO - [2023-02-21T13:42:24.768-0600] {dag.py:2573} INFO - Sync 1 DAGs
[2023-02-21T13:42:24.786-0600] {logging_mixin.py:117} INFO - [2023-02-21T13:42:24.785-0600] {dag.py:3324} INFO - Setting next_dagrun for 4_pools to 2023-02-21T00:00:00+00:00, run_after=2023-02-22T00:00:00+00:00
[2023-02-21T13:42:24.814-0600] {processor.py:178} INFO - Processing /c/Airflow/dags/Apache_Airflow-The_Operators_Guide/5_trigger_rules.py took 0.142 seconds
[2023-02-21T13:42:55.078-0600] {processor.py:156} INFO - Started process (PID=611969) to work on /c/Airflow/dags/Apache_Airflow-The_Operators_Guide/5_trigger_rules.py
[2023-02-21T13:42:55.079-0600] {processor.py:758} INFO - Processing file /c/Airflow/dags/Apache_Airflow-The_Operators_Guide/5_trigger_rules.py for tasks to queue
[2023-02-21T13:42:55.081-0600] {logging_mixin.py:117} INFO - [2023-02-21T13:42:55.081-0600] {dagbag.py:525} INFO - Filling up the DagBag from /c/Airflow/dags/Apache_Airflow-The_Operators_Guide/5_trigger_rules.py
[2023-02-21T13:42:55.107-0600] {processor.py:768} INFO - DAG(s) dict_keys(['4_pools']) retrieved from /c/Airflow/dags/Apache_Airflow-The_Operators_Guide/5_trigger_rules.py
[2023-02-21T13:42:55.135-0600] {logging_mixin.py:117} INFO - [2023-02-21T13:42:55.135-0600] {dag.py:2573} INFO - Sync 1 DAGs
[2023-02-21T13:42:55.149-0600] {logging_mixin.py:117} INFO - [2023-02-21T13:42:55.148-0600] {dag.py:3324} INFO - Setting next_dagrun for 4_pools to 2023-02-21T00:00:00+00:00, run_after=2023-02-22T00:00:00+00:00
[2023-02-21T13:42:55.166-0600] {processor.py:178} INFO - Processing /c/Airflow/dags/Apache_Airflow-The_Operators_Guide/5_trigger_rules.py took 0.090 seconds
[2023-02-21T13:43:26.005-0600] {processor.py:156} INFO - Started process (PID=612389) to work on /c/Airflow/dags/Apache_Airflow-The_Operators_Guide/5_trigger_rules.py
[2023-02-21T13:43:26.006-0600] {processor.py:758} INFO - Processing file /c/Airflow/dags/Apache_Airflow-The_Operators_Guide/5_trigger_rules.py for tasks to queue
[2023-02-21T13:43:26.006-0600] {logging_mixin.py:117} INFO - [2023-02-21T13:43:26.006-0600] {dagbag.py:525} INFO - Filling up the DagBag from /c/Airflow/dags/Apache_Airflow-The_Operators_Guide/5_trigger_rules.py
[2023-02-21T13:43:26.035-0600] {logging_mixin.py:117} INFO - [2023-02-21T13:43:26.034-0600] {dagbag.py:330} ERROR - Failed to import: /c/Airflow/dags/Apache_Airflow-The_Operators_Guide/5_trigger_rules.py
Traceback (most recent call last):
  File "/home/tinmar/.local/lib/python3.10/site-packages/airflow/models/dagbag.py", line 326, in parse
    loader.exec_module(new_module)
  File "<frozen importlib._bootstrap_external>", line 879, in exec_module
  File "<frozen importlib._bootstrap_external>", line 1017, in get_code
  File "<frozen importlib._bootstrap_external>", line 947, in source_to_code
  File "<frozen importlib._bootstrap>", line 241, in _call_with_frames_removed
  File "/c/Airflow/dags/Apache_Airflow-The_Operators_Guide/5_trigger_rules.py", line 54
    )
    ^
SyntaxError: invalid syntax
[2023-02-21T13:43:26.036-0600] {processor.py:770} WARNING - No viable dags retrieved from /c/Airflow/dags/Apache_Airflow-The_Operators_Guide/5_trigger_rules.py
[2023-02-21T13:43:26.054-0600] {processor.py:178} INFO - Processing /c/Airflow/dags/Apache_Airflow-The_Operators_Guide/5_trigger_rules.py took 0.052 seconds
[2023-02-21T13:43:56.824-0600] {processor.py:156} INFO - Started process (PID=612808) to work on /c/Airflow/dags/Apache_Airflow-The_Operators_Guide/5_trigger_rules.py
[2023-02-21T13:43:56.825-0600] {processor.py:758} INFO - Processing file /c/Airflow/dags/Apache_Airflow-The_Operators_Guide/5_trigger_rules.py for tasks to queue
[2023-02-21T13:43:56.825-0600] {logging_mixin.py:117} INFO - [2023-02-21T13:43:56.825-0600] {dagbag.py:525} INFO - Filling up the DagBag from /c/Airflow/dags/Apache_Airflow-The_Operators_Guide/5_trigger_rules.py
[2023-02-21T13:43:56.864-0600] {logging_mixin.py:117} INFO - [2023-02-21T13:43:56.860-0600] {dagbag.py:330} ERROR - Failed to import: /c/Airflow/dags/Apache_Airflow-The_Operators_Guide/5_trigger_rules.py
Traceback (most recent call last):
  File "/home/tinmar/.local/lib/python3.10/site-packages/airflow/models/dagbag.py", line 326, in parse
    loader.exec_module(new_module)
  File "<frozen importlib._bootstrap_external>", line 883, in exec_module
  File "<frozen importlib._bootstrap>", line 241, in _call_with_frames_removed
  File "/c/Airflow/dags/Apache_Airflow-The_Operators_Guide/5_trigger_rules.py", line 50, in <module>
    clean_a = BashOperator(
  File "/home/tinmar/.local/lib/python3.10/site-packages/airflow/models/baseoperator.py", line 408, in apply_defaults
    result = func(self, **kwargs, default_args=default_args)
  File "/home/tinmar/.local/lib/python3.10/site-packages/airflow/operators/bash.py", line 147, in __init__
    super().__init__(**kwargs)
  File "/home/tinmar/.local/lib/python3.10/site-packages/airflow/models/baseoperator.py", line 408, in apply_defaults
    result = func(self, **kwargs, default_args=default_args)
  File "/home/tinmar/.local/lib/python3.10/site-packages/airflow/models/baseoperator.py", line 830, in __init__
    raise AirflowException(
airflow.exceptions.AirflowException: The trigger_rule must be one of {<TriggerRule.NONE_FAILED: 'none_failed'>, <TriggerRule.NONE_FAILED_MIN_ONE_SUCCESS: 'none_failed_min_one_success'>, <TriggerRule.ALL_SUCCESS: 'all_success'>, <TriggerRule.ONE_FAILED: 'one_failed'>, <TriggerRule.NONE_FAILED_OR_SKIPPED: 'none_failed_or_skipped'>, <TriggerRule.NONE_SKIPPED: 'none_skipped'>, <TriggerRule.DUMMY: 'dummy'>, <TriggerRule.ONE_SUCCESS: 'one_success'>, <TriggerRule.ALWAYS: 'always'>, <TriggerRule.ALL_SKIPPED: 'all_skipped'>, <TriggerRule.ALL_FAILED: 'all_failed'>, <TriggerRule.ALL_DONE: 'all_done'>},'4_pools.clean_a'; received 'One'.
[2023-02-21T13:43:56.865-0600] {processor.py:770} WARNING - No viable dags retrieved from /c/Airflow/dags/Apache_Airflow-The_Operators_Guide/5_trigger_rules.py
[2023-02-21T13:43:56.883-0600] {processor.py:178} INFO - Processing /c/Airflow/dags/Apache_Airflow-The_Operators_Guide/5_trigger_rules.py took 0.061 seconds
[2023-02-21T13:44:27.770-0600] {processor.py:156} INFO - Started process (PID=613228) to work on /c/Airflow/dags/Apache_Airflow-The_Operators_Guide/5_trigger_rules.py
[2023-02-21T13:44:27.772-0600] {processor.py:758} INFO - Processing file /c/Airflow/dags/Apache_Airflow-The_Operators_Guide/5_trigger_rules.py for tasks to queue
[2023-02-21T13:44:27.772-0600] {logging_mixin.py:117} INFO - [2023-02-21T13:44:27.772-0600] {dagbag.py:525} INFO - Filling up the DagBag from /c/Airflow/dags/Apache_Airflow-The_Operators_Guide/5_trigger_rules.py
[2023-02-21T13:44:27.821-0600] {processor.py:768} INFO - DAG(s) dict_keys(['4_pools']) retrieved from /c/Airflow/dags/Apache_Airflow-The_Operators_Guide/5_trigger_rules.py
[2023-02-21T13:44:27.868-0600] {logging_mixin.py:117} INFO - [2023-02-21T13:44:27.867-0600] {dag.py:2573} INFO - Sync 1 DAGs
[2023-02-21T13:44:27.882-0600] {logging_mixin.py:117} INFO - [2023-02-21T13:44:27.882-0600] {dag.py:3324} INFO - Setting next_dagrun for 4_pools to 2023-02-21T00:00:00+00:00, run_after=2023-02-22T00:00:00+00:00
[2023-02-21T13:44:27.908-0600] {processor.py:178} INFO - Processing /c/Airflow/dags/Apache_Airflow-The_Operators_Guide/5_trigger_rules.py took 0.139 seconds
[2023-02-21T13:44:58.339-0600] {processor.py:156} INFO - Started process (PID=613648) to work on /c/Airflow/dags/Apache_Airflow-The_Operators_Guide/5_trigger_rules.py
[2023-02-21T13:44:58.340-0600] {processor.py:758} INFO - Processing file /c/Airflow/dags/Apache_Airflow-The_Operators_Guide/5_trigger_rules.py for tasks to queue
[2023-02-21T13:44:58.341-0600] {logging_mixin.py:117} INFO - [2023-02-21T13:44:58.341-0600] {dagbag.py:525} INFO - Filling up the DagBag from /c/Airflow/dags/Apache_Airflow-The_Operators_Guide/5_trigger_rules.py
[2023-02-21T13:44:58.430-0600] {logging_mixin.py:117} INFO - [2023-02-21T13:44:58.420-0600] {dagbag.py:330} ERROR - Failed to import: /c/Airflow/dags/Apache_Airflow-The_Operators_Guide/5_trigger_rules.py
Traceback (most recent call last):
  File "/home/tinmar/.local/lib/python3.10/site-packages/airflow/models/dagbag.py", line 326, in parse
    loader.exec_module(new_module)
  File "<frozen importlib._bootstrap_external>", line 883, in exec_module
  File "<frozen importlib._bootstrap>", line 241, in _call_with_frames_removed
  File "/c/Airflow/dags/Apache_Airflow-The_Operators_Guide/5_trigger_rules.py", line 95, in <module>
    process
NameError: name 'process' is not defined
[2023-02-21T13:44:58.433-0600] {processor.py:770} WARNING - No viable dags retrieved from /c/Airflow/dags/Apache_Airflow-The_Operators_Guide/5_trigger_rules.py
[2023-02-21T13:44:58.456-0600] {processor.py:178} INFO - Processing /c/Airflow/dags/Apache_Airflow-The_Operators_Guide/5_trigger_rules.py took 0.120 seconds
[2023-02-21T13:45:28.726-0600] {processor.py:156} INFO - Started process (PID=614065) to work on /c/Airflow/dags/Apache_Airflow-The_Operators_Guide/5_trigger_rules.py
[2023-02-21T13:45:28.727-0600] {processor.py:758} INFO - Processing file /c/Airflow/dags/Apache_Airflow-The_Operators_Guide/5_trigger_rules.py for tasks to queue
[2023-02-21T13:45:28.728-0600] {logging_mixin.py:117} INFO - [2023-02-21T13:45:28.728-0600] {dagbag.py:525} INFO - Filling up the DagBag from /c/Airflow/dags/Apache_Airflow-The_Operators_Guide/5_trigger_rules.py
[2023-02-21T13:45:28.755-0600] {logging_mixin.py:117} INFO - [2023-02-21T13:45:28.754-0600] {dagbag.py:330} ERROR - Failed to import: /c/Airflow/dags/Apache_Airflow-The_Operators_Guide/5_trigger_rules.py
Traceback (most recent call last):
  File "/home/tinmar/.local/lib/python3.10/site-packages/airflow/models/dagbag.py", line 326, in parse
    loader.exec_module(new_module)
  File "<frozen importlib._bootstrap_external>", line 879, in exec_module
  File "<frozen importlib._bootstrap_external>", line 1017, in get_code
  File "<frozen importlib._bootstrap_external>", line 947, in source_to_code
  File "<frozen importlib._bootstrap>", line 241, in _call_with_frames_removed
  File "/c/Airflow/dags/Apache_Airflow-The_Operators_Guide/5_trigger_rules.py", line 90
    )
    ^
SyntaxError: positional argument follows keyword argument
[2023-02-21T13:45:28.756-0600] {processor.py:770} WARNING - No viable dags retrieved from /c/Airflow/dags/Apache_Airflow-The_Operators_Guide/5_trigger_rules.py
[2023-02-21T13:45:28.776-0600] {processor.py:178} INFO - Processing /c/Airflow/dags/Apache_Airflow-The_Operators_Guide/5_trigger_rules.py took 0.052 seconds
[2023-02-21T13:45:59.076-0600] {processor.py:156} INFO - Started process (PID=614484) to work on /c/Airflow/dags/Apache_Airflow-The_Operators_Guide/5_trigger_rules.py
[2023-02-21T13:45:59.077-0600] {processor.py:758} INFO - Processing file /c/Airflow/dags/Apache_Airflow-The_Operators_Guide/5_trigger_rules.py for tasks to queue
[2023-02-21T13:45:59.078-0600] {logging_mixin.py:117} INFO - [2023-02-21T13:45:59.078-0600] {dagbag.py:525} INFO - Filling up the DagBag from /c/Airflow/dags/Apache_Airflow-The_Operators_Guide/5_trigger_rules.py
[2023-02-21T13:45:59.102-0600] {logging_mixin.py:117} INFO - [2023-02-21T13:45:59.102-0600] {dagbag.py:330} ERROR - Failed to import: /c/Airflow/dags/Apache_Airflow-The_Operators_Guide/5_trigger_rules.py
Traceback (most recent call last):
  File "/home/tinmar/.local/lib/python3.10/site-packages/airflow/models/dagbag.py", line 326, in parse
    loader.exec_module(new_module)
  File "<frozen importlib._bootstrap_external>", line 879, in exec_module
  File "<frozen importlib._bootstrap_external>", line 1017, in get_code
  File "<frozen importlib._bootstrap_external>", line 947, in source_to_code
  File "<frozen importlib._bootstrap>", line 241, in _call_with_frames_removed
  File "/c/Airflow/dags/Apache_Airflow-The_Operators_Guide/5_trigger_rules.py", line 90
    )
    ^
SyntaxError: invalid syntax
[2023-02-21T13:45:59.103-0600] {processor.py:770} WARNING - No viable dags retrieved from /c/Airflow/dags/Apache_Airflow-The_Operators_Guide/5_trigger_rules.py
[2023-02-21T13:45:59.121-0600] {processor.py:178} INFO - Processing /c/Airflow/dags/Apache_Airflow-The_Operators_Guide/5_trigger_rules.py took 0.047 seconds
[2023-02-21T13:46:29.296-0600] {processor.py:156} INFO - Started process (PID=614896) to work on /c/Airflow/dags/Apache_Airflow-The_Operators_Guide/5_trigger_rules.py
[2023-02-21T13:46:29.297-0600] {processor.py:758} INFO - Processing file /c/Airflow/dags/Apache_Airflow-The_Operators_Guide/5_trigger_rules.py for tasks to queue
[2023-02-21T13:46:29.298-0600] {logging_mixin.py:117} INFO - [2023-02-21T13:46:29.298-0600] {dagbag.py:525} INFO - Filling up the DagBag from /c/Airflow/dags/Apache_Airflow-The_Operators_Guide/5_trigger_rules.py
[2023-02-21T13:46:29.320-0600] {logging_mixin.py:117} INFO - [2023-02-21T13:46:29.320-0600] {dagbag.py:330} ERROR - Failed to import: /c/Airflow/dags/Apache_Airflow-The_Operators_Guide/5_trigger_rules.py
Traceback (most recent call last):
  File "/home/tinmar/.local/lib/python3.10/site-packages/airflow/models/dagbag.py", line 326, in parse
    loader.exec_module(new_module)
  File "<frozen importlib._bootstrap_external>", line 879, in exec_module
  File "<frozen importlib._bootstrap_external>", line 1017, in get_code
  File "<frozen importlib._bootstrap_external>", line 947, in source_to_code
  File "<frozen importlib._bootstrap>", line 241, in _call_with_frames_removed
  File "/c/Airflow/dags/Apache_Airflow-The_Operators_Guide/5_trigger_rules.py", line 90
    )
    ^
SyntaxError: invalid syntax
[2023-02-21T13:46:29.321-0600] {processor.py:770} WARNING - No viable dags retrieved from /c/Airflow/dags/Apache_Airflow-The_Operators_Guide/5_trigger_rules.py
[2023-02-21T13:46:29.338-0600] {processor.py:178} INFO - Processing /c/Airflow/dags/Apache_Airflow-The_Operators_Guide/5_trigger_rules.py took 0.044 seconds
[2023-02-21T13:46:59.684-0600] {processor.py:156} INFO - Started process (PID=615293) to work on /c/Airflow/dags/Apache_Airflow-The_Operators_Guide/5_trigger_rules.py
[2023-02-21T13:46:59.685-0600] {processor.py:758} INFO - Processing file /c/Airflow/dags/Apache_Airflow-The_Operators_Guide/5_trigger_rules.py for tasks to queue
[2023-02-21T13:46:59.686-0600] {logging_mixin.py:117} INFO - [2023-02-21T13:46:59.686-0600] {dagbag.py:525} INFO - Filling up the DagBag from /c/Airflow/dags/Apache_Airflow-The_Operators_Guide/5_trigger_rules.py
[2023-02-21T13:46:59.706-0600] {logging_mixin.py:117} INFO - [2023-02-21T13:46:59.705-0600] {dagbag.py:330} ERROR - Failed to import: /c/Airflow/dags/Apache_Airflow-The_Operators_Guide/5_trigger_rules.py
Traceback (most recent call last):
  File "/home/tinmar/.local/lib/python3.10/site-packages/airflow/models/dagbag.py", line 326, in parse
    loader.exec_module(new_module)
  File "<frozen importlib._bootstrap_external>", line 879, in exec_module
  File "<frozen importlib._bootstrap_external>", line 1017, in get_code
  File "<frozen importlib._bootstrap_external>", line 947, in source_to_code
  File "<frozen importlib._bootstrap>", line 241, in _call_with_frames_removed
  File "/c/Airflow/dags/Apache_Airflow-The_Operators_Guide/5_trigger_rules.py", line 90
    )
    ^
SyntaxError: invalid syntax
[2023-02-21T13:46:59.706-0600] {processor.py:770} WARNING - No viable dags retrieved from /c/Airflow/dags/Apache_Airflow-The_Operators_Guide/5_trigger_rules.py
[2023-02-21T13:46:59.722-0600] {processor.py:178} INFO - Processing /c/Airflow/dags/Apache_Airflow-The_Operators_Guide/5_trigger_rules.py took 0.040 seconds
[2023-02-21T13:47:29.908-0600] {processor.py:156} INFO - Started process (PID=615685) to work on /c/Airflow/dags/Apache_Airflow-The_Operators_Guide/5_trigger_rules.py
[2023-02-21T13:47:29.909-0600] {processor.py:758} INFO - Processing file /c/Airflow/dags/Apache_Airflow-The_Operators_Guide/5_trigger_rules.py for tasks to queue
[2023-02-21T13:47:29.910-0600] {logging_mixin.py:117} INFO - [2023-02-21T13:47:29.910-0600] {dagbag.py:525} INFO - Filling up the DagBag from /c/Airflow/dags/Apache_Airflow-The_Operators_Guide/5_trigger_rules.py
[2023-02-21T13:47:29.963-0600] {processor.py:768} INFO - DAG(s) dict_keys(['4_pools']) retrieved from /c/Airflow/dags/Apache_Airflow-The_Operators_Guide/5_trigger_rules.py
[2023-02-21T13:47:30.006-0600] {logging_mixin.py:117} INFO - [2023-02-21T13:47:30.006-0600] {dag.py:2573} INFO - Sync 1 DAGs
[2023-02-21T13:47:30.020-0600] {logging_mixin.py:117} INFO - [2023-02-21T13:47:30.019-0600] {dag.py:3324} INFO - Setting next_dagrun for 4_pools to 2023-02-21T00:00:00+00:00, run_after=2023-02-22T00:00:00+00:00
[2023-02-21T13:47:30.041-0600] {processor.py:178} INFO - Processing /c/Airflow/dags/Apache_Airflow-The_Operators_Guide/5_trigger_rules.py took 0.136 seconds
[2023-02-21T13:48:01.171-0600] {processor.py:156} INFO - Started process (PID=616114) to work on /c/Airflow/dags/Apache_Airflow-The_Operators_Guide/5_trigger_rules.py
[2023-02-21T13:48:01.172-0600] {processor.py:758} INFO - Processing file /c/Airflow/dags/Apache_Airflow-The_Operators_Guide/5_trigger_rules.py for tasks to queue
[2023-02-21T13:48:01.173-0600] {logging_mixin.py:117} INFO - [2023-02-21T13:48:01.173-0600] {dagbag.py:525} INFO - Filling up the DagBag from /c/Airflow/dags/Apache_Airflow-The_Operators_Guide/5_trigger_rules.py
[2023-02-21T13:48:01.213-0600] {processor.py:768} INFO - DAG(s) dict_keys(['5_trigger_rules']) retrieved from /c/Airflow/dags/Apache_Airflow-The_Operators_Guide/5_trigger_rules.py
[2023-02-21T13:48:01.289-0600] {logging_mixin.py:117} INFO - [2023-02-21T13:48:01.288-0600] {manager.py:508} INFO - Created Permission View: can edit on DAG:5_trigger_rules
[2023-02-21T13:48:01.295-0600] {logging_mixin.py:117} INFO - [2023-02-21T13:48:01.295-0600] {manager.py:508} INFO - Created Permission View: can delete on DAG:5_trigger_rules
[2023-02-21T13:48:01.300-0600] {logging_mixin.py:117} INFO - [2023-02-21T13:48:01.300-0600] {manager.py:508} INFO - Created Permission View: can read on DAG:5_trigger_rules
[2023-02-21T13:48:01.300-0600] {logging_mixin.py:117} INFO - [2023-02-21T13:48:01.300-0600] {dag.py:2573} INFO - Sync 1 DAGs
[2023-02-21T13:48:01.307-0600] {logging_mixin.py:117} INFO - [2023-02-21T13:48:01.307-0600] {dag.py:2594} INFO - Creating ORM DAG for 5_trigger_rules
[2023-02-21T13:48:01.315-0600] {logging_mixin.py:117} INFO - [2023-02-21T13:48:01.315-0600] {dag.py:3324} INFO - Setting next_dagrun for 5_trigger_rules to 2023-02-21T00:00:00+00:00, run_after=2023-02-22T00:00:00+00:00
[2023-02-21T13:48:01.336-0600] {processor.py:178} INFO - Processing /c/Airflow/dags/Apache_Airflow-The_Operators_Guide/5_trigger_rules.py took 0.167 seconds
[2023-02-21T13:48:32.029-0600] {processor.py:156} INFO - Started process (PID=616534) to work on /c/Airflow/dags/Apache_Airflow-The_Operators_Guide/5_trigger_rules.py
[2023-02-21T13:48:32.030-0600] {processor.py:758} INFO - Processing file /c/Airflow/dags/Apache_Airflow-The_Operators_Guide/5_trigger_rules.py for tasks to queue
[2023-02-21T13:48:32.031-0600] {logging_mixin.py:117} INFO - [2023-02-21T13:48:32.031-0600] {dagbag.py:525} INFO - Filling up the DagBag from /c/Airflow/dags/Apache_Airflow-The_Operators_Guide/5_trigger_rules.py
[2023-02-21T13:48:32.057-0600] {processor.py:768} INFO - DAG(s) dict_keys(['5_trigger_rules']) retrieved from /c/Airflow/dags/Apache_Airflow-The_Operators_Guide/5_trigger_rules.py
[2023-02-21T13:48:32.081-0600] {logging_mixin.py:117} INFO - [2023-02-21T13:48:32.081-0600] {dag.py:2573} INFO - Sync 1 DAGs
[2023-02-21T13:48:32.096-0600] {logging_mixin.py:117} INFO - [2023-02-21T13:48:32.096-0600] {dag.py:3324} INFO - Setting next_dagrun for 5_trigger_rules to 2023-02-21T00:00:00+00:00, run_after=2023-02-22T00:00:00+00:00
[2023-02-21T13:48:32.114-0600] {processor.py:178} INFO - Processing /c/Airflow/dags/Apache_Airflow-The_Operators_Guide/5_trigger_rules.py took 0.086 seconds
[2023-02-21T13:49:02.494-0600] {processor.py:156} INFO - Started process (PID=616969) to work on /c/Airflow/dags/Apache_Airflow-The_Operators_Guide/5_trigger_rules.py
[2023-02-21T13:49:02.495-0600] {processor.py:758} INFO - Processing file /c/Airflow/dags/Apache_Airflow-The_Operators_Guide/5_trigger_rules.py for tasks to queue
[2023-02-21T13:49:02.496-0600] {logging_mixin.py:117} INFO - [2023-02-21T13:49:02.496-0600] {dagbag.py:525} INFO - Filling up the DagBag from /c/Airflow/dags/Apache_Airflow-The_Operators_Guide/5_trigger_rules.py
[2023-02-21T13:49:02.525-0600] {processor.py:768} INFO - DAG(s) dict_keys(['5_trigger_rules']) retrieved from /c/Airflow/dags/Apache_Airflow-The_Operators_Guide/5_trigger_rules.py
[2023-02-21T13:49:02.553-0600] {logging_mixin.py:117} INFO - [2023-02-21T13:49:02.553-0600] {dag.py:2573} INFO - Sync 1 DAGs
[2023-02-21T13:49:02.567-0600] {logging_mixin.py:117} INFO - [2023-02-21T13:49:02.567-0600] {dag.py:3324} INFO - Setting next_dagrun for 5_trigger_rules to 2023-02-21T00:00:00+00:00, run_after=2023-02-22T00:00:00+00:00
[2023-02-21T13:49:02.588-0600] {processor.py:178} INFO - Processing /c/Airflow/dags/Apache_Airflow-The_Operators_Guide/5_trigger_rules.py took 0.097 seconds
[2023-02-21T13:49:32.731-0600] {processor.py:156} INFO - Started process (PID=617496) to work on /c/Airflow/dags/Apache_Airflow-The_Operators_Guide/5_trigger_rules.py
[2023-02-21T13:49:32.732-0600] {processor.py:758} INFO - Processing file /c/Airflow/dags/Apache_Airflow-The_Operators_Guide/5_trigger_rules.py for tasks to queue
[2023-02-21T13:49:32.733-0600] {logging_mixin.py:117} INFO - [2023-02-21T13:49:32.732-0600] {dagbag.py:525} INFO - Filling up the DagBag from /c/Airflow/dags/Apache_Airflow-The_Operators_Guide/5_trigger_rules.py
[2023-02-21T13:49:32.758-0600] {processor.py:768} INFO - DAG(s) dict_keys(['5_trigger_rules']) retrieved from /c/Airflow/dags/Apache_Airflow-The_Operators_Guide/5_trigger_rules.py
[2023-02-21T13:49:32.787-0600] {logging_mixin.py:117} INFO - [2023-02-21T13:49:32.787-0600] {dag.py:2573} INFO - Sync 1 DAGs
[2023-02-21T13:49:32.802-0600] {logging_mixin.py:117} INFO - [2023-02-21T13:49:32.802-0600] {dag.py:3324} INFO - Setting next_dagrun for 5_trigger_rules to 2023-02-21T00:00:00+00:00, run_after=2023-02-22T00:00:00+00:00
[2023-02-21T13:49:32.818-0600] {processor.py:178} INFO - Processing /c/Airflow/dags/Apache_Airflow-The_Operators_Guide/5_trigger_rules.py took 0.089 seconds
[2023-02-21T13:50:03.112-0600] {processor.py:156} INFO - Started process (PID=617910) to work on /c/Airflow/dags/Apache_Airflow-The_Operators_Guide/5_trigger_rules.py
[2023-02-21T13:50:03.113-0600] {processor.py:758} INFO - Processing file /c/Airflow/dags/Apache_Airflow-The_Operators_Guide/5_trigger_rules.py for tasks to queue
[2023-02-21T13:50:03.113-0600] {logging_mixin.py:117} INFO - [2023-02-21T13:50:03.113-0600] {dagbag.py:525} INFO - Filling up the DagBag from /c/Airflow/dags/Apache_Airflow-The_Operators_Guide/5_trigger_rules.py
[2023-02-21T13:50:03.159-0600] {logging_mixin.py:117} INFO - [2023-02-21T13:50:03.153-0600] {dagbag.py:330} ERROR - Failed to import: /c/Airflow/dags/Apache_Airflow-The_Operators_Guide/5_trigger_rules.py
Traceback (most recent call last):
  File "/home/tinmar/.local/lib/python3.10/site-packages/airflow/models/dagbag.py", line 326, in parse
    loader.exec_module(new_module)
  File "<frozen importlib._bootstrap_external>", line 883, in exec_module
  File "<frozen importlib._bootstrap>", line 241, in _call_with_frames_removed
  File "/c/Airflow/dags/Apache_Airflow-The_Operators_Guide/5_trigger_rules.py", line 83, in <module>
    store = BashOperator(
  File "/home/tinmar/.local/lib/python3.10/site-packages/airflow/models/baseoperator.py", line 408, in apply_defaults
    result = func(self, **kwargs, default_args=default_args)
  File "/home/tinmar/.local/lib/python3.10/site-packages/airflow/operators/bash.py", line 147, in __init__
    super().__init__(**kwargs)
  File "/home/tinmar/.local/lib/python3.10/site-packages/airflow/models/baseoperator.py", line 408, in apply_defaults
    result = func(self, **kwargs, default_args=default_args)
  File "/home/tinmar/.local/lib/python3.10/site-packages/airflow/models/baseoperator.py", line 830, in __init__
    raise AirflowException(
airflow.exceptions.AirflowException: The trigger_rule must be one of {<TriggerRule.NONE_FAILED: 'none_failed'>, <TriggerRule.NONE_FAILED_MIN_ONE_SUCCESS: 'none_failed_min_one_success'>, <TriggerRule.ALL_SUCCESS: 'all_success'>, <TriggerRule.ONE_FAILED: 'one_failed'>, <TriggerRule.NONE_FAILED_OR_SKIPPED: 'none_failed_or_skipped'>, <TriggerRule.NONE_SKIPPED: 'none_skipped'>, <TriggerRule.DUMMY: 'dummy'>, <TriggerRule.ONE_SUCCESS: 'one_success'>, <TriggerRule.ALWAYS: 'always'>, <TriggerRule.ALL_SKIPPED: 'all_skipped'>, <TriggerRule.ALL_FAILED: 'all_failed'>, <TriggerRule.ALL_DONE: 'all_done'>},'5_trigger_rules.store'; received ''.
[2023-02-21T13:50:03.159-0600] {processor.py:770} WARNING - No viable dags retrieved from /c/Airflow/dags/Apache_Airflow-The_Operators_Guide/5_trigger_rules.py
[2023-02-21T13:50:03.178-0600] {processor.py:178} INFO - Processing /c/Airflow/dags/Apache_Airflow-The_Operators_Guide/5_trigger_rules.py took 0.069 seconds
[2023-02-21T13:50:34.375-0600] {processor.py:156} INFO - Started process (PID=618329) to work on /c/Airflow/dags/Apache_Airflow-The_Operators_Guide/5_trigger_rules.py
[2023-02-21T13:50:34.376-0600] {processor.py:758} INFO - Processing file /c/Airflow/dags/Apache_Airflow-The_Operators_Guide/5_trigger_rules.py for tasks to queue
[2023-02-21T13:50:34.377-0600] {logging_mixin.py:117} INFO - [2023-02-21T13:50:34.377-0600] {dagbag.py:525} INFO - Filling up the DagBag from /c/Airflow/dags/Apache_Airflow-The_Operators_Guide/5_trigger_rules.py
[2023-02-21T13:50:34.414-0600] {processor.py:768} INFO - DAG(s) dict_keys(['5_trigger_rules']) retrieved from /c/Airflow/dags/Apache_Airflow-The_Operators_Guide/5_trigger_rules.py
[2023-02-21T13:50:34.438-0600] {logging_mixin.py:117} INFO - [2023-02-21T13:50:34.438-0600] {dag.py:2573} INFO - Sync 1 DAGs
[2023-02-21T13:50:34.453-0600] {logging_mixin.py:117} INFO - [2023-02-21T13:50:34.453-0600] {dag.py:3324} INFO - Setting next_dagrun for 5_trigger_rules to 2023-02-21T00:00:00+00:00, run_after=2023-02-22T00:00:00+00:00
[2023-02-21T13:50:34.480-0600] {processor.py:178} INFO - Processing /c/Airflow/dags/Apache_Airflow-The_Operators_Guide/5_trigger_rules.py took 0.106 seconds
[2023-02-21T13:51:04.922-0600] {processor.py:156} INFO - Started process (PID=618739) to work on /c/Airflow/dags/Apache_Airflow-The_Operators_Guide/5_trigger_rules.py
[2023-02-21T13:51:04.923-0600] {processor.py:758} INFO - Processing file /c/Airflow/dags/Apache_Airflow-The_Operators_Guide/5_trigger_rules.py for tasks to queue
[2023-02-21T13:51:04.924-0600] {logging_mixin.py:117} INFO - [2023-02-21T13:51:04.924-0600] {dagbag.py:525} INFO - Filling up the DagBag from /c/Airflow/dags/Apache_Airflow-The_Operators_Guide/5_trigger_rules.py
[2023-02-21T13:51:04.961-0600] {processor.py:768} INFO - DAG(s) dict_keys(['5_trigger_rules']) retrieved from /c/Airflow/dags/Apache_Airflow-The_Operators_Guide/5_trigger_rules.py
[2023-02-21T13:51:04.989-0600] {logging_mixin.py:117} INFO - [2023-02-21T13:51:04.989-0600] {dag.py:2573} INFO - Sync 1 DAGs
[2023-02-21T13:51:05.004-0600] {logging_mixin.py:117} INFO - [2023-02-21T13:51:05.004-0600] {dag.py:3324} INFO - Setting next_dagrun for 5_trigger_rules to 2023-02-21T00:00:00+00:00, run_after=2023-02-22T00:00:00+00:00
[2023-02-21T13:51:05.022-0600] {processor.py:178} INFO - Processing /c/Airflow/dags/Apache_Airflow-The_Operators_Guide/5_trigger_rules.py took 0.101 seconds
[2023-02-21T13:51:35.355-0600] {processor.py:156} INFO - Started process (PID=619106) to work on /c/Airflow/dags/Apache_Airflow-The_Operators_Guide/5_trigger_rules.py
[2023-02-21T13:51:35.356-0600] {processor.py:758} INFO - Processing file /c/Airflow/dags/Apache_Airflow-The_Operators_Guide/5_trigger_rules.py for tasks to queue
[2023-02-21T13:51:35.357-0600] {logging_mixin.py:117} INFO - [2023-02-21T13:51:35.357-0600] {dagbag.py:525} INFO - Filling up the DagBag from /c/Airflow/dags/Apache_Airflow-The_Operators_Guide/5_trigger_rules.py
[2023-02-21T13:51:35.395-0600] {processor.py:768} INFO - DAG(s) dict_keys(['5_trigger_rules']) retrieved from /c/Airflow/dags/Apache_Airflow-The_Operators_Guide/5_trigger_rules.py
[2023-02-21T13:51:35.483-0600] {logging_mixin.py:117} INFO - [2023-02-21T13:51:35.483-0600] {dag.py:2573} INFO - Sync 1 DAGs
[2023-02-21T13:51:35.495-0600] {logging_mixin.py:117} INFO - [2023-02-21T13:51:35.495-0600] {dag.py:3324} INFO - Setting next_dagrun for 5_trigger_rules to 2023-02-21T00:00:00+00:00, run_after=2023-02-22T00:00:00+00:00
[2023-02-21T13:51:35.517-0600] {processor.py:178} INFO - Processing /c/Airflow/dags/Apache_Airflow-The_Operators_Guide/5_trigger_rules.py took 0.163 seconds
[2023-02-21T13:52:05.683-0600] {processor.py:156} INFO - Started process (PID=619512) to work on /c/Airflow/dags/Apache_Airflow-The_Operators_Guide/5_trigger_rules.py
[2023-02-21T13:52:05.684-0600] {processor.py:758} INFO - Processing file /c/Airflow/dags/Apache_Airflow-The_Operators_Guide/5_trigger_rules.py for tasks to queue
[2023-02-21T13:52:05.685-0600] {logging_mixin.py:117} INFO - [2023-02-21T13:52:05.684-0600] {dagbag.py:525} INFO - Filling up the DagBag from /c/Airflow/dags/Apache_Airflow-The_Operators_Guide/5_trigger_rules.py
[2023-02-21T13:52:05.722-0600] {processor.py:768} INFO - DAG(s) dict_keys(['5_trigger_rules']) retrieved from /c/Airflow/dags/Apache_Airflow-The_Operators_Guide/5_trigger_rules.py
[2023-02-21T13:52:05.767-0600] {logging_mixin.py:117} INFO - [2023-02-21T13:52:05.767-0600] {dag.py:2573} INFO - Sync 1 DAGs
[2023-02-21T13:52:05.783-0600] {logging_mixin.py:117} INFO - [2023-02-21T13:52:05.783-0600] {dag.py:3324} INFO - Setting next_dagrun for 5_trigger_rules to 2023-02-21T00:00:00+00:00, run_after=2023-02-22T00:00:00+00:00
[2023-02-21T13:52:05.802-0600] {processor.py:178} INFO - Processing /c/Airflow/dags/Apache_Airflow-The_Operators_Guide/5_trigger_rules.py took 0.121 seconds
[2023-02-21T13:52:36.302-0600] {processor.py:156} INFO - Started process (PID=619927) to work on /c/Airflow/dags/Apache_Airflow-The_Operators_Guide/5_trigger_rules.py
[2023-02-21T13:52:36.303-0600] {processor.py:758} INFO - Processing file /c/Airflow/dags/Apache_Airflow-The_Operators_Guide/5_trigger_rules.py for tasks to queue
[2023-02-21T13:52:36.306-0600] {logging_mixin.py:117} INFO - [2023-02-21T13:52:36.305-0600] {dagbag.py:525} INFO - Filling up the DagBag from /c/Airflow/dags/Apache_Airflow-The_Operators_Guide/5_trigger_rules.py
[2023-02-21T13:52:36.356-0600] {processor.py:768} INFO - DAG(s) dict_keys(['5_trigger_rules']) retrieved from /c/Airflow/dags/Apache_Airflow-The_Operators_Guide/5_trigger_rules.py
[2023-02-21T13:52:36.429-0600] {logging_mixin.py:117} INFO - [2023-02-21T13:52:36.428-0600] {dag.py:2573} INFO - Sync 1 DAGs
[2023-02-21T13:52:36.448-0600] {logging_mixin.py:117} INFO - [2023-02-21T13:52:36.448-0600] {dag.py:3324} INFO - Setting next_dagrun for 5_trigger_rules to 2023-02-21T00:00:00+00:00, run_after=2023-02-22T00:00:00+00:00
[2023-02-21T13:52:36.475-0600] {processor.py:178} INFO - Processing /c/Airflow/dags/Apache_Airflow-The_Operators_Guide/5_trigger_rules.py took 0.176 seconds
[2023-02-21T13:53:06.949-0600] {processor.py:156} INFO - Started process (PID=620335) to work on /c/Airflow/dags/Apache_Airflow-The_Operators_Guide/5_trigger_rules.py
[2023-02-21T13:53:06.950-0600] {processor.py:758} INFO - Processing file /c/Airflow/dags/Apache_Airflow-The_Operators_Guide/5_trigger_rules.py for tasks to queue
[2023-02-21T13:53:06.951-0600] {logging_mixin.py:117} INFO - [2023-02-21T13:53:06.951-0600] {dagbag.py:525} INFO - Filling up the DagBag from /c/Airflow/dags/Apache_Airflow-The_Operators_Guide/5_trigger_rules.py
[2023-02-21T13:53:06.995-0600] {processor.py:768} INFO - DAG(s) dict_keys(['5_trigger_rules']) retrieved from /c/Airflow/dags/Apache_Airflow-The_Operators_Guide/5_trigger_rules.py
[2023-02-21T13:53:07.035-0600] {logging_mixin.py:117} INFO - [2023-02-21T13:53:07.035-0600] {dag.py:2573} INFO - Sync 1 DAGs
[2023-02-21T13:53:07.049-0600] {logging_mixin.py:117} INFO - [2023-02-21T13:53:07.049-0600] {dag.py:3324} INFO - Setting next_dagrun for 5_trigger_rules to 2023-02-21T00:00:00+00:00, run_after=2023-02-22T00:00:00+00:00
[2023-02-21T13:53:07.069-0600] {processor.py:178} INFO - Processing /c/Airflow/dags/Apache_Airflow-The_Operators_Guide/5_trigger_rules.py took 0.122 seconds
[2023-02-21T13:53:37.427-0600] {processor.py:156} INFO - Started process (PID=620754) to work on /c/Airflow/dags/Apache_Airflow-The_Operators_Guide/5_trigger_rules.py
[2023-02-21T13:53:37.428-0600] {processor.py:758} INFO - Processing file /c/Airflow/dags/Apache_Airflow-The_Operators_Guide/5_trigger_rules.py for tasks to queue
[2023-02-21T13:53:37.429-0600] {logging_mixin.py:117} INFO - [2023-02-21T13:53:37.429-0600] {dagbag.py:525} INFO - Filling up the DagBag from /c/Airflow/dags/Apache_Airflow-The_Operators_Guide/5_trigger_rules.py
[2023-02-21T13:53:37.475-0600] {processor.py:768} INFO - DAG(s) dict_keys(['5_trigger_rules']) retrieved from /c/Airflow/dags/Apache_Airflow-The_Operators_Guide/5_trigger_rules.py
[2023-02-21T13:53:37.515-0600] {logging_mixin.py:117} INFO - [2023-02-21T13:53:37.515-0600] {dag.py:2573} INFO - Sync 1 DAGs
[2023-02-21T13:53:37.534-0600] {logging_mixin.py:117} INFO - [2023-02-21T13:53:37.534-0600] {dag.py:3324} INFO - Setting next_dagrun for 5_trigger_rules to 2023-02-21T00:00:00+00:00, run_after=2023-02-22T00:00:00+00:00
[2023-02-21T13:53:37.559-0600] {processor.py:178} INFO - Processing /c/Airflow/dags/Apache_Airflow-The_Operators_Guide/5_trigger_rules.py took 0.133 seconds
[2023-02-21T13:54:07.874-0600] {processor.py:156} INFO - Started process (PID=621148) to work on /c/Airflow/dags/Apache_Airflow-The_Operators_Guide/5_trigger_rules.py
[2023-02-21T13:54:07.875-0600] {processor.py:758} INFO - Processing file /c/Airflow/dags/Apache_Airflow-The_Operators_Guide/5_trigger_rules.py for tasks to queue
[2023-02-21T13:54:07.876-0600] {logging_mixin.py:117} INFO - [2023-02-21T13:54:07.876-0600] {dagbag.py:525} INFO - Filling up the DagBag from /c/Airflow/dags/Apache_Airflow-The_Operators_Guide/5_trigger_rules.py
[2023-02-21T13:54:07.924-0600] {processor.py:768} INFO - DAG(s) dict_keys(['5_trigger_rules']) retrieved from /c/Airflow/dags/Apache_Airflow-The_Operators_Guide/5_trigger_rules.py
[2023-02-21T13:54:07.970-0600] {logging_mixin.py:117} INFO - [2023-02-21T13:54:07.969-0600] {dag.py:2573} INFO - Sync 1 DAGs
[2023-02-21T13:54:07.984-0600] {logging_mixin.py:117} INFO - [2023-02-21T13:54:07.984-0600] {dag.py:3324} INFO - Setting next_dagrun for 5_trigger_rules to 2023-02-21T00:00:00+00:00, run_after=2023-02-22T00:00:00+00:00
[2023-02-21T13:54:08.009-0600] {processor.py:178} INFO - Processing /c/Airflow/dags/Apache_Airflow-The_Operators_Guide/5_trigger_rules.py took 0.137 seconds
[2023-02-21T13:54:38.185-0600] {processor.py:156} INFO - Started process (PID=621561) to work on /c/Airflow/dags/Apache_Airflow-The_Operators_Guide/5_trigger_rules.py
[2023-02-21T13:54:38.186-0600] {processor.py:758} INFO - Processing file /c/Airflow/dags/Apache_Airflow-The_Operators_Guide/5_trigger_rules.py for tasks to queue
[2023-02-21T13:54:38.187-0600] {logging_mixin.py:117} INFO - [2023-02-21T13:54:38.187-0600] {dagbag.py:525} INFO - Filling up the DagBag from /c/Airflow/dags/Apache_Airflow-The_Operators_Guide/5_trigger_rules.py
[2023-02-21T13:54:38.255-0600] {processor.py:768} INFO - DAG(s) dict_keys(['5_trigger_rules']) retrieved from /c/Airflow/dags/Apache_Airflow-The_Operators_Guide/5_trigger_rules.py
[2023-02-21T13:54:38.317-0600] {logging_mixin.py:117} INFO - [2023-02-21T13:54:38.316-0600] {dag.py:2573} INFO - Sync 1 DAGs
[2023-02-21T13:54:38.347-0600] {logging_mixin.py:117} INFO - [2023-02-21T13:54:38.347-0600] {dag.py:3324} INFO - Setting next_dagrun for 5_trigger_rules to 2023-02-21T00:00:00+00:00, run_after=2023-02-22T00:00:00+00:00
[2023-02-21T13:54:38.381-0600] {processor.py:178} INFO - Processing /c/Airflow/dags/Apache_Airflow-The_Operators_Guide/5_trigger_rules.py took 0.199 seconds
[2023-02-21T13:55:23.104-0600] {processor.py:156} INFO - Started process (PID=622028) to work on /c/Airflow/dags/Apache_Airflow-The_Operators_Guide/5_trigger_rules.py
[2023-02-21T13:55:23.105-0600] {processor.py:758} INFO - Processing file /c/Airflow/dags/Apache_Airflow-The_Operators_Guide/5_trigger_rules.py for tasks to queue
[2023-02-21T13:55:23.106-0600] {logging_mixin.py:117} INFO - [2023-02-21T13:55:23.106-0600] {dagbag.py:525} INFO - Filling up the DagBag from /c/Airflow/dags/Apache_Airflow-The_Operators_Guide/5_trigger_rules.py
[2023-02-21T13:55:23.154-0600] {processor.py:768} INFO - DAG(s) dict_keys(['5_trigger_rules']) retrieved from /c/Airflow/dags/Apache_Airflow-The_Operators_Guide/5_trigger_rules.py
[2023-02-21T13:55:23.210-0600] {logging_mixin.py:117} INFO - [2023-02-21T13:55:23.210-0600] {dag.py:2573} INFO - Sync 1 DAGs
[2023-02-21T13:55:23.227-0600] {logging_mixin.py:117} INFO - [2023-02-21T13:55:23.227-0600] {dag.py:3324} INFO - Setting next_dagrun for 5_trigger_rules to 2023-02-21T00:00:00+00:00, run_after=2023-02-22T00:00:00+00:00
[2023-02-21T13:55:23.259-0600] {processor.py:178} INFO - Processing /c/Airflow/dags/Apache_Airflow-The_Operators_Guide/5_trigger_rules.py took 0.158 seconds
[2023-02-21T13:55:54.002-0600] {processor.py:156} INFO - Started process (PID=622447) to work on /c/Airflow/dags/Apache_Airflow-The_Operators_Guide/5_trigger_rules.py
[2023-02-21T13:55:54.003-0600] {processor.py:758} INFO - Processing file /c/Airflow/dags/Apache_Airflow-The_Operators_Guide/5_trigger_rules.py for tasks to queue
[2023-02-21T13:55:54.004-0600] {logging_mixin.py:117} INFO - [2023-02-21T13:55:54.004-0600] {dagbag.py:525} INFO - Filling up the DagBag from /c/Airflow/dags/Apache_Airflow-The_Operators_Guide/5_trigger_rules.py
[2023-02-21T13:55:54.041-0600] {processor.py:768} INFO - DAG(s) dict_keys(['5_trigger_rules']) retrieved from /c/Airflow/dags/Apache_Airflow-The_Operators_Guide/5_trigger_rules.py
[2023-02-21T13:55:54.093-0600] {logging_mixin.py:117} INFO - [2023-02-21T13:55:54.093-0600] {dag.py:2573} INFO - Sync 1 DAGs
[2023-02-21T13:55:54.108-0600] {logging_mixin.py:117} INFO - [2023-02-21T13:55:54.108-0600] {dag.py:3324} INFO - Setting next_dagrun for 5_trigger_rules to 2023-02-21T00:00:00+00:00, run_after=2023-02-22T00:00:00+00:00
[2023-02-21T13:55:54.136-0600] {processor.py:178} INFO - Processing /c/Airflow/dags/Apache_Airflow-The_Operators_Guide/5_trigger_rules.py took 0.137 seconds
[2023-02-21T13:56:24.700-0600] {processor.py:156} INFO - Started process (PID=622865) to work on /c/Airflow/dags/Apache_Airflow-The_Operators_Guide/5_trigger_rules.py
[2023-02-21T13:56:24.701-0600] {processor.py:758} INFO - Processing file /c/Airflow/dags/Apache_Airflow-The_Operators_Guide/5_trigger_rules.py for tasks to queue
[2023-02-21T13:56:24.702-0600] {logging_mixin.py:117} INFO - [2023-02-21T13:56:24.702-0600] {dagbag.py:525} INFO - Filling up the DagBag from /c/Airflow/dags/Apache_Airflow-The_Operators_Guide/5_trigger_rules.py
[2023-02-21T13:56:24.771-0600] {processor.py:768} INFO - DAG(s) dict_keys(['5_trigger_rules']) retrieved from /c/Airflow/dags/Apache_Airflow-The_Operators_Guide/5_trigger_rules.py
[2023-02-21T13:56:24.816-0600] {logging_mixin.py:117} INFO - [2023-02-21T13:56:24.815-0600] {dag.py:2573} INFO - Sync 1 DAGs
[2023-02-21T13:56:24.828-0600] {logging_mixin.py:117} INFO - [2023-02-21T13:56:24.828-0600] {dag.py:3324} INFO - Setting next_dagrun for 5_trigger_rules to 2023-02-21T00:00:00+00:00, run_after=2023-02-22T00:00:00+00:00
[2023-02-21T13:56:24.856-0600] {processor.py:178} INFO - Processing /c/Airflow/dags/Apache_Airflow-The_Operators_Guide/5_trigger_rules.py took 0.158 seconds
[2023-02-21T13:56:56.054-0600] {processor.py:156} INFO - Started process (PID=623277) to work on /c/Airflow/dags/Apache_Airflow-The_Operators_Guide/5_trigger_rules.py
[2023-02-21T13:56:56.056-0600] {processor.py:758} INFO - Processing file /c/Airflow/dags/Apache_Airflow-The_Operators_Guide/5_trigger_rules.py for tasks to queue
[2023-02-21T13:56:56.057-0600] {logging_mixin.py:117} INFO - [2023-02-21T13:56:56.057-0600] {dagbag.py:525} INFO - Filling up the DagBag from /c/Airflow/dags/Apache_Airflow-The_Operators_Guide/5_trigger_rules.py
[2023-02-21T13:56:56.118-0600] {processor.py:768} INFO - DAG(s) dict_keys(['5_trigger_rules']) retrieved from /c/Airflow/dags/Apache_Airflow-The_Operators_Guide/5_trigger_rules.py
[2023-02-21T13:56:56.185-0600] {logging_mixin.py:117} INFO - [2023-02-21T13:56:56.185-0600] {dag.py:2573} INFO - Sync 1 DAGs
[2023-02-21T13:56:56.210-0600] {logging_mixin.py:117} INFO - [2023-02-21T13:56:56.210-0600] {dag.py:3324} INFO - Setting next_dagrun for 5_trigger_rules to 2023-02-21T00:00:00+00:00, run_after=2023-02-22T00:00:00+00:00
[2023-02-21T13:56:56.250-0600] {processor.py:178} INFO - Processing /c/Airflow/dags/Apache_Airflow-The_Operators_Guide/5_trigger_rules.py took 0.198 seconds
[2023-02-21T16:03:11.695-0600] {processor.py:156} INFO - Started process (PID=623493) to work on /c/Airflow/dags/Apache_Airflow-The_Operators_Guide/5_trigger_rules.py
[2023-02-21T16:03:11.697-0600] {processor.py:758} INFO - Processing file /c/Airflow/dags/Apache_Airflow-The_Operators_Guide/5_trigger_rules.py for tasks to queue
[2023-02-21T16:03:11.698-0600] {logging_mixin.py:117} INFO - [2023-02-21T16:03:11.698-0600] {dagbag.py:525} INFO - Filling up the DagBag from /c/Airflow/dags/Apache_Airflow-The_Operators_Guide/5_trigger_rules.py
[2023-02-21T16:03:11.735-0600] {processor.py:768} INFO - DAG(s) dict_keys(['5_trigger_rules']) retrieved from /c/Airflow/dags/Apache_Airflow-The_Operators_Guide/5_trigger_rules.py
[2023-02-21T16:03:11.766-0600] {logging_mixin.py:117} INFO - [2023-02-21T16:03:11.766-0600] {dag.py:2573} INFO - Sync 1 DAGs
[2023-02-21T16:03:11.782-0600] {logging_mixin.py:117} INFO - [2023-02-21T16:03:11.782-0600] {dag.py:3324} INFO - Setting next_dagrun for 5_trigger_rules to 2023-02-21T00:00:00+00:00, run_after=2023-02-22T00:00:00+00:00
[2023-02-21T16:03:11.801-0600] {processor.py:178} INFO - Processing /c/Airflow/dags/Apache_Airflow-The_Operators_Guide/5_trigger_rules.py took 0.107 seconds
[2023-02-21T16:03:42.218-0600] {processor.py:156} INFO - Started process (PID=623813) to work on /c/Airflow/dags/Apache_Airflow-The_Operators_Guide/5_trigger_rules.py
[2023-02-21T16:03:42.219-0600] {processor.py:758} INFO - Processing file /c/Airflow/dags/Apache_Airflow-The_Operators_Guide/5_trigger_rules.py for tasks to queue
[2023-02-21T16:03:42.220-0600] {logging_mixin.py:117} INFO - [2023-02-21T16:03:42.220-0600] {dagbag.py:525} INFO - Filling up the DagBag from /c/Airflow/dags/Apache_Airflow-The_Operators_Guide/5_trigger_rules.py
[2023-02-21T16:03:42.264-0600] {processor.py:768} INFO - DAG(s) dict_keys(['5_trigger_rules']) retrieved from /c/Airflow/dags/Apache_Airflow-The_Operators_Guide/5_trigger_rules.py
[2023-02-21T16:03:42.299-0600] {logging_mixin.py:117} INFO - [2023-02-21T16:03:42.299-0600] {dag.py:2573} INFO - Sync 1 DAGs
[2023-02-21T16:03:42.317-0600] {logging_mixin.py:117} INFO - [2023-02-21T16:03:42.316-0600] {dag.py:3324} INFO - Setting next_dagrun for 5_trigger_rules to 2023-02-21T00:00:00+00:00, run_after=2023-02-22T00:00:00+00:00
[2023-02-21T16:03:42.336-0600] {processor.py:178} INFO - Processing /c/Airflow/dags/Apache_Airflow-The_Operators_Guide/5_trigger_rules.py took 0.122 seconds
[2023-02-21T16:04:12.720-0600] {processor.py:156} INFO - Started process (PID=624154) to work on /c/Airflow/dags/Apache_Airflow-The_Operators_Guide/5_trigger_rules.py
[2023-02-21T16:04:12.721-0600] {processor.py:758} INFO - Processing file /c/Airflow/dags/Apache_Airflow-The_Operators_Guide/5_trigger_rules.py for tasks to queue
[2023-02-21T16:04:12.722-0600] {logging_mixin.py:117} INFO - [2023-02-21T16:04:12.722-0600] {dagbag.py:525} INFO - Filling up the DagBag from /c/Airflow/dags/Apache_Airflow-The_Operators_Guide/5_trigger_rules.py
[2023-02-21T16:04:12.745-0600] {processor.py:768} INFO - DAG(s) dict_keys(['5_trigger_rules']) retrieved from /c/Airflow/dags/Apache_Airflow-The_Operators_Guide/5_trigger_rules.py
[2023-02-21T16:04:12.772-0600] {logging_mixin.py:117} INFO - [2023-02-21T16:04:12.772-0600] {dag.py:2573} INFO - Sync 1 DAGs
[2023-02-21T16:04:12.785-0600] {logging_mixin.py:117} INFO - [2023-02-21T16:04:12.785-0600] {dag.py:3324} INFO - Setting next_dagrun for 5_trigger_rules to 2023-02-21T00:00:00+00:00, run_after=2023-02-22T00:00:00+00:00
[2023-02-21T16:04:12.798-0600] {processor.py:178} INFO - Processing /c/Airflow/dags/Apache_Airflow-The_Operators_Guide/5_trigger_rules.py took 0.079 seconds
[2023-02-21T16:04:43.116-0600] {processor.py:156} INFO - Started process (PID=624460) to work on /c/Airflow/dags/Apache_Airflow-The_Operators_Guide/5_trigger_rules.py
[2023-02-21T16:04:43.117-0600] {processor.py:758} INFO - Processing file /c/Airflow/dags/Apache_Airflow-The_Operators_Guide/5_trigger_rules.py for tasks to queue
[2023-02-21T16:04:43.118-0600] {logging_mixin.py:117} INFO - [2023-02-21T16:04:43.118-0600] {dagbag.py:525} INFO - Filling up the DagBag from /c/Airflow/dags/Apache_Airflow-The_Operators_Guide/5_trigger_rules.py
[2023-02-21T16:04:43.144-0600] {processor.py:768} INFO - DAG(s) dict_keys(['5_trigger_rules']) retrieved from /c/Airflow/dags/Apache_Airflow-The_Operators_Guide/5_trigger_rules.py
[2023-02-21T16:04:43.181-0600] {logging_mixin.py:117} INFO - [2023-02-21T16:04:43.181-0600] {dag.py:2573} INFO - Sync 1 DAGs
[2023-02-21T16:04:43.198-0600] {logging_mixin.py:117} INFO - [2023-02-21T16:04:43.198-0600] {dag.py:3324} INFO - Setting next_dagrun for 5_trigger_rules to 2023-02-21T00:00:00+00:00, run_after=2023-02-22T00:00:00+00:00
[2023-02-21T16:04:43.220-0600] {processor.py:178} INFO - Processing /c/Airflow/dags/Apache_Airflow-The_Operators_Guide/5_trigger_rules.py took 0.106 seconds
[2023-02-21T16:05:13.410-0600] {processor.py:156} INFO - Started process (PID=624804) to work on /c/Airflow/dags/Apache_Airflow-The_Operators_Guide/5_trigger_rules.py
[2023-02-21T16:05:13.411-0600] {processor.py:758} INFO - Processing file /c/Airflow/dags/Apache_Airflow-The_Operators_Guide/5_trigger_rules.py for tasks to queue
[2023-02-21T16:05:13.413-0600] {logging_mixin.py:117} INFO - [2023-02-21T16:05:13.413-0600] {dagbag.py:525} INFO - Filling up the DagBag from /c/Airflow/dags/Apache_Airflow-The_Operators_Guide/5_trigger_rules.py
[2023-02-21T16:05:13.463-0600] {processor.py:768} INFO - DAG(s) dict_keys(['5_trigger_rules']) retrieved from /c/Airflow/dags/Apache_Airflow-The_Operators_Guide/5_trigger_rules.py
[2023-02-21T16:05:13.492-0600] {logging_mixin.py:117} INFO - [2023-02-21T16:05:13.492-0600] {dag.py:2573} INFO - Sync 1 DAGs
[2023-02-21T16:05:13.510-0600] {logging_mixin.py:117} INFO - [2023-02-21T16:05:13.510-0600] {dag.py:3324} INFO - Setting next_dagrun for 5_trigger_rules to 2023-02-21T00:00:00+00:00, run_after=2023-02-22T00:00:00+00:00
[2023-02-21T16:05:13.530-0600] {processor.py:178} INFO - Processing /c/Airflow/dags/Apache_Airflow-The_Operators_Guide/5_trigger_rules.py took 0.123 seconds
[2023-02-21T16:05:44.091-0600] {processor.py:156} INFO - Started process (PID=625141) to work on /c/Airflow/dags/Apache_Airflow-The_Operators_Guide/5_trigger_rules.py
[2023-02-21T16:05:44.092-0600] {processor.py:758} INFO - Processing file /c/Airflow/dags/Apache_Airflow-The_Operators_Guide/5_trigger_rules.py for tasks to queue
[2023-02-21T16:05:44.092-0600] {logging_mixin.py:117} INFO - [2023-02-21T16:05:44.092-0600] {dagbag.py:525} INFO - Filling up the DagBag from /c/Airflow/dags/Apache_Airflow-The_Operators_Guide/5_trigger_rules.py
[2023-02-21T16:05:44.121-0600] {processor.py:768} INFO - DAG(s) dict_keys(['5_trigger_rules']) retrieved from /c/Airflow/dags/Apache_Airflow-The_Operators_Guide/5_trigger_rules.py
[2023-02-21T16:05:44.147-0600] {logging_mixin.py:117} INFO - [2023-02-21T16:05:44.147-0600] {dag.py:2573} INFO - Sync 1 DAGs
[2023-02-21T16:05:44.160-0600] {logging_mixin.py:117} INFO - [2023-02-21T16:05:44.160-0600] {dag.py:3324} INFO - Setting next_dagrun for 5_trigger_rules to 2023-02-21T00:00:00+00:00, run_after=2023-02-22T00:00:00+00:00
[2023-02-21T16:05:44.177-0600] {processor.py:178} INFO - Processing /c/Airflow/dags/Apache_Airflow-The_Operators_Guide/5_trigger_rules.py took 0.088 seconds
[2023-02-21T16:06:14.799-0600] {processor.py:156} INFO - Started process (PID=625481) to work on /c/Airflow/dags/Apache_Airflow-The_Operators_Guide/5_trigger_rules.py
[2023-02-21T16:06:14.801-0600] {processor.py:758} INFO - Processing file /c/Airflow/dags/Apache_Airflow-The_Operators_Guide/5_trigger_rules.py for tasks to queue
[2023-02-21T16:06:14.802-0600] {logging_mixin.py:117} INFO - [2023-02-21T16:06:14.802-0600] {dagbag.py:525} INFO - Filling up the DagBag from /c/Airflow/dags/Apache_Airflow-The_Operators_Guide/5_trigger_rules.py
[2023-02-21T16:06:14.840-0600] {processor.py:768} INFO - DAG(s) dict_keys(['5_trigger_rules']) retrieved from /c/Airflow/dags/Apache_Airflow-The_Operators_Guide/5_trigger_rules.py
[2023-02-21T16:06:14.875-0600] {logging_mixin.py:117} INFO - [2023-02-21T16:06:14.875-0600] {dag.py:2573} INFO - Sync 1 DAGs
[2023-02-21T16:06:14.894-0600] {logging_mixin.py:117} INFO - [2023-02-21T16:06:14.894-0600] {dag.py:3324} INFO - Setting next_dagrun for 5_trigger_rules to 2023-02-21T00:00:00+00:00, run_after=2023-02-22T00:00:00+00:00
[2023-02-21T16:06:14.912-0600] {processor.py:178} INFO - Processing /c/Airflow/dags/Apache_Airflow-The_Operators_Guide/5_trigger_rules.py took 0.114 seconds
[2023-02-21T16:06:45.874-0600] {processor.py:156} INFO - Started process (PID=625823) to work on /c/Airflow/dags/Apache_Airflow-The_Operators_Guide/5_trigger_rules.py
[2023-02-21T16:06:45.875-0600] {processor.py:758} INFO - Processing file /c/Airflow/dags/Apache_Airflow-The_Operators_Guide/5_trigger_rules.py for tasks to queue
[2023-02-21T16:06:45.876-0600] {logging_mixin.py:117} INFO - [2023-02-21T16:06:45.876-0600] {dagbag.py:525} INFO - Filling up the DagBag from /c/Airflow/dags/Apache_Airflow-The_Operators_Guide/5_trigger_rules.py
[2023-02-21T16:06:45.902-0600] {processor.py:768} INFO - DAG(s) dict_keys(['5_trigger_rules']) retrieved from /c/Airflow/dags/Apache_Airflow-The_Operators_Guide/5_trigger_rules.py
[2023-02-21T16:06:45.930-0600] {logging_mixin.py:117} INFO - [2023-02-21T16:06:45.930-0600] {dag.py:2573} INFO - Sync 1 DAGs
[2023-02-21T16:06:45.946-0600] {logging_mixin.py:117} INFO - [2023-02-21T16:06:45.946-0600] {dag.py:3324} INFO - Setting next_dagrun for 5_trigger_rules to 2023-02-21T00:00:00+00:00, run_after=2023-02-22T00:00:00+00:00
[2023-02-21T16:06:45.967-0600] {processor.py:178} INFO - Processing /c/Airflow/dags/Apache_Airflow-The_Operators_Guide/5_trigger_rules.py took 0.095 seconds
[2023-02-21T16:07:16.408-0600] {processor.py:156} INFO - Started process (PID=626159) to work on /c/Airflow/dags/Apache_Airflow-The_Operators_Guide/5_trigger_rules.py
[2023-02-21T16:07:16.409-0600] {processor.py:758} INFO - Processing file /c/Airflow/dags/Apache_Airflow-The_Operators_Guide/5_trigger_rules.py for tasks to queue
[2023-02-21T16:07:16.410-0600] {logging_mixin.py:117} INFO - [2023-02-21T16:07:16.410-0600] {dagbag.py:525} INFO - Filling up the DagBag from /c/Airflow/dags/Apache_Airflow-The_Operators_Guide/5_trigger_rules.py
[2023-02-21T16:07:16.439-0600] {processor.py:768} INFO - DAG(s) dict_keys(['5_trigger_rules']) retrieved from /c/Airflow/dags/Apache_Airflow-The_Operators_Guide/5_trigger_rules.py
[2023-02-21T16:07:16.467-0600] {logging_mixin.py:117} INFO - [2023-02-21T16:07:16.467-0600] {dag.py:2573} INFO - Sync 1 DAGs
[2023-02-21T16:07:16.481-0600] {logging_mixin.py:117} INFO - [2023-02-21T16:07:16.481-0600] {dag.py:3324} INFO - Setting next_dagrun for 5_trigger_rules to 2023-02-21T00:00:00+00:00, run_after=2023-02-22T00:00:00+00:00
[2023-02-21T16:07:16.498-0600] {processor.py:178} INFO - Processing /c/Airflow/dags/Apache_Airflow-The_Operators_Guide/5_trigger_rules.py took 0.092 seconds
[2023-02-21T16:07:57.292-0600] {processor.py:156} INFO - Started process (PID=626495) to work on /c/Airflow/dags/Apache_Airflow-The_Operators_Guide/5_trigger_rules.py
[2023-02-21T16:07:57.293-0600] {processor.py:758} INFO - Processing file /c/Airflow/dags/Apache_Airflow-The_Operators_Guide/5_trigger_rules.py for tasks to queue
[2023-02-21T16:07:57.295-0600] {logging_mixin.py:117} INFO - [2023-02-21T16:07:57.295-0600] {dagbag.py:525} INFO - Filling up the DagBag from /c/Airflow/dags/Apache_Airflow-The_Operators_Guide/5_trigger_rules.py
[2023-02-21T16:07:57.331-0600] {processor.py:768} INFO - DAG(s) dict_keys(['5_trigger_rules']) retrieved from /c/Airflow/dags/Apache_Airflow-The_Operators_Guide/5_trigger_rules.py
[2023-02-21T16:07:57.370-0600] {logging_mixin.py:117} INFO - [2023-02-21T16:07:57.370-0600] {dag.py:2573} INFO - Sync 1 DAGs
[2023-02-21T16:07:57.391-0600] {logging_mixin.py:117} INFO - [2023-02-21T16:07:57.391-0600] {dag.py:3324} INFO - Setting next_dagrun for 5_trigger_rules to 2023-02-21T00:00:00+00:00, run_after=2023-02-22T00:00:00+00:00
[2023-02-21T16:07:57.418-0600] {processor.py:178} INFO - Processing /c/Airflow/dags/Apache_Airflow-The_Operators_Guide/5_trigger_rules.py took 0.128 seconds
[2023-02-21T16:08:27.945-0600] {processor.py:156} INFO - Started process (PID=626830) to work on /c/Airflow/dags/Apache_Airflow-The_Operators_Guide/5_trigger_rules.py
[2023-02-21T16:08:27.946-0600] {processor.py:758} INFO - Processing file /c/Airflow/dags/Apache_Airflow-The_Operators_Guide/5_trigger_rules.py for tasks to queue
[2023-02-21T16:08:27.948-0600] {logging_mixin.py:117} INFO - [2023-02-21T16:08:27.948-0600] {dagbag.py:525} INFO - Filling up the DagBag from /c/Airflow/dags/Apache_Airflow-The_Operators_Guide/5_trigger_rules.py
[2023-02-21T16:08:27.984-0600] {processor.py:768} INFO - DAG(s) dict_keys(['5_trigger_rules']) retrieved from /c/Airflow/dags/Apache_Airflow-The_Operators_Guide/5_trigger_rules.py
[2023-02-21T16:08:28.018-0600] {logging_mixin.py:117} INFO - [2023-02-21T16:08:28.018-0600] {dag.py:2573} INFO - Sync 1 DAGs
[2023-02-21T16:08:28.035-0600] {logging_mixin.py:117} INFO - [2023-02-21T16:08:28.035-0600] {dag.py:3324} INFO - Setting next_dagrun for 5_trigger_rules to 2023-02-21T00:00:00+00:00, run_after=2023-02-22T00:00:00+00:00
[2023-02-21T16:08:28.056-0600] {processor.py:178} INFO - Processing /c/Airflow/dags/Apache_Airflow-The_Operators_Guide/5_trigger_rules.py took 0.114 seconds
[2023-02-21T16:08:59.016-0600] {processor.py:156} INFO - Started process (PID=627172) to work on /c/Airflow/dags/Apache_Airflow-The_Operators_Guide/5_trigger_rules.py
[2023-02-21T16:08:59.017-0600] {processor.py:758} INFO - Processing file /c/Airflow/dags/Apache_Airflow-The_Operators_Guide/5_trigger_rules.py for tasks to queue
[2023-02-21T16:08:59.018-0600] {logging_mixin.py:117} INFO - [2023-02-21T16:08:59.018-0600] {dagbag.py:525} INFO - Filling up the DagBag from /c/Airflow/dags/Apache_Airflow-The_Operators_Guide/5_trigger_rules.py
[2023-02-21T16:08:59.052-0600] {processor.py:768} INFO - DAG(s) dict_keys(['5_trigger_rules']) retrieved from /c/Airflow/dags/Apache_Airflow-The_Operators_Guide/5_trigger_rules.py
[2023-02-21T16:08:59.086-0600] {logging_mixin.py:117} INFO - [2023-02-21T16:08:59.085-0600] {dag.py:2573} INFO - Sync 1 DAGs
[2023-02-21T16:08:59.102-0600] {logging_mixin.py:117} INFO - [2023-02-21T16:08:59.102-0600] {dag.py:3324} INFO - Setting next_dagrun for 5_trigger_rules to 2023-02-21T00:00:00+00:00, run_after=2023-02-22T00:00:00+00:00
[2023-02-21T16:08:59.121-0600] {processor.py:178} INFO - Processing /c/Airflow/dags/Apache_Airflow-The_Operators_Guide/5_trigger_rules.py took 0.108 seconds
[2023-02-21T16:09:29.706-0600] {processor.py:156} INFO - Started process (PID=627507) to work on /c/Airflow/dags/Apache_Airflow-The_Operators_Guide/5_trigger_rules.py
[2023-02-21T16:09:29.711-0600] {processor.py:758} INFO - Processing file /c/Airflow/dags/Apache_Airflow-The_Operators_Guide/5_trigger_rules.py for tasks to queue
[2023-02-21T16:09:29.712-0600] {logging_mixin.py:117} INFO - [2023-02-21T16:09:29.712-0600] {dagbag.py:525} INFO - Filling up the DagBag from /c/Airflow/dags/Apache_Airflow-The_Operators_Guide/5_trigger_rules.py
[2023-02-21T16:09:29.741-0600] {processor.py:768} INFO - DAG(s) dict_keys(['5_trigger_rules']) retrieved from /c/Airflow/dags/Apache_Airflow-The_Operators_Guide/5_trigger_rules.py
[2023-02-21T16:09:29.769-0600] {logging_mixin.py:117} INFO - [2023-02-21T16:09:29.769-0600] {dag.py:2573} INFO - Sync 1 DAGs
[2023-02-21T16:09:29.786-0600] {logging_mixin.py:117} INFO - [2023-02-21T16:09:29.785-0600] {dag.py:3324} INFO - Setting next_dagrun for 5_trigger_rules to 2023-02-21T00:00:00+00:00, run_after=2023-02-22T00:00:00+00:00
[2023-02-21T16:09:29.807-0600] {processor.py:178} INFO - Processing /c/Airflow/dags/Apache_Airflow-The_Operators_Guide/5_trigger_rules.py took 0.103 seconds
[2023-02-21T16:10:00.388-0600] {processor.py:156} INFO - Started process (PID=627865) to work on /c/Airflow/dags/Apache_Airflow-The_Operators_Guide/5_trigger_rules.py
[2023-02-21T16:10:00.389-0600] {processor.py:758} INFO - Processing file /c/Airflow/dags/Apache_Airflow-The_Operators_Guide/5_trigger_rules.py for tasks to queue
[2023-02-21T16:10:00.391-0600] {logging_mixin.py:117} INFO - [2023-02-21T16:10:00.390-0600] {dagbag.py:525} INFO - Filling up the DagBag from /c/Airflow/dags/Apache_Airflow-The_Operators_Guide/5_trigger_rules.py
[2023-02-21T16:10:00.428-0600] {processor.py:768} INFO - DAG(s) dict_keys(['5_trigger_rules']) retrieved from /c/Airflow/dags/Apache_Airflow-The_Operators_Guide/5_trigger_rules.py
[2023-02-21T16:10:00.463-0600] {logging_mixin.py:117} INFO - [2023-02-21T16:10:00.463-0600] {dag.py:2573} INFO - Sync 1 DAGs
[2023-02-21T16:10:00.482-0600] {logging_mixin.py:117} INFO - [2023-02-21T16:10:00.482-0600] {dag.py:3324} INFO - Setting next_dagrun for 5_trigger_rules to 2023-02-21T00:00:00+00:00, run_after=2023-02-22T00:00:00+00:00
[2023-02-21T16:10:00.503-0600] {processor.py:178} INFO - Processing /c/Airflow/dags/Apache_Airflow-The_Operators_Guide/5_trigger_rules.py took 0.119 seconds
[2023-02-21T16:10:30.875-0600] {processor.py:156} INFO - Started process (PID=628214) to work on /c/Airflow/dags/Apache_Airflow-The_Operators_Guide/5_trigger_rules.py
[2023-02-21T16:10:30.877-0600] {processor.py:758} INFO - Processing file /c/Airflow/dags/Apache_Airflow-The_Operators_Guide/5_trigger_rules.py for tasks to queue
[2023-02-21T16:10:30.878-0600] {logging_mixin.py:117} INFO - [2023-02-21T16:10:30.878-0600] {dagbag.py:525} INFO - Filling up the DagBag from /c/Airflow/dags/Apache_Airflow-The_Operators_Guide/5_trigger_rules.py
[2023-02-21T16:10:30.914-0600] {processor.py:768} INFO - DAG(s) dict_keys(['5_trigger_rules']) retrieved from /c/Airflow/dags/Apache_Airflow-The_Operators_Guide/5_trigger_rules.py
[2023-02-21T16:10:30.945-0600] {logging_mixin.py:117} INFO - [2023-02-21T16:10:30.945-0600] {dag.py:2573} INFO - Sync 1 DAGs
[2023-02-21T16:10:30.968-0600] {logging_mixin.py:117} INFO - [2023-02-21T16:10:30.968-0600] {dag.py:3324} INFO - Setting next_dagrun for 5_trigger_rules to 2023-02-21T00:00:00+00:00, run_after=2023-02-22T00:00:00+00:00
[2023-02-21T16:10:30.994-0600] {processor.py:178} INFO - Processing /c/Airflow/dags/Apache_Airflow-The_Operators_Guide/5_trigger_rules.py took 0.121 seconds
[2023-02-21T16:11:01.477-0600] {processor.py:156} INFO - Started process (PID=628550) to work on /c/Airflow/dags/Apache_Airflow-The_Operators_Guide/5_trigger_rules.py
[2023-02-21T16:11:01.478-0600] {processor.py:758} INFO - Processing file /c/Airflow/dags/Apache_Airflow-The_Operators_Guide/5_trigger_rules.py for tasks to queue
[2023-02-21T16:11:01.479-0600] {logging_mixin.py:117} INFO - [2023-02-21T16:11:01.479-0600] {dagbag.py:525} INFO - Filling up the DagBag from /c/Airflow/dags/Apache_Airflow-The_Operators_Guide/5_trigger_rules.py
[2023-02-21T16:11:01.518-0600] {processor.py:768} INFO - DAG(s) dict_keys(['5_trigger_rules']) retrieved from /c/Airflow/dags/Apache_Airflow-The_Operators_Guide/5_trigger_rules.py
[2023-02-21T16:11:01.549-0600] {logging_mixin.py:117} INFO - [2023-02-21T16:11:01.549-0600] {dag.py:2573} INFO - Sync 1 DAGs
[2023-02-21T16:11:01.568-0600] {logging_mixin.py:117} INFO - [2023-02-21T16:11:01.568-0600] {dag.py:3324} INFO - Setting next_dagrun for 5_trigger_rules to 2023-02-21T00:00:00+00:00, run_after=2023-02-22T00:00:00+00:00
[2023-02-21T16:11:01.589-0600] {processor.py:178} INFO - Processing /c/Airflow/dags/Apache_Airflow-The_Operators_Guide/5_trigger_rules.py took 0.114 seconds
[2023-02-21T16:11:32.169-0600] {processor.py:156} INFO - Started process (PID=628898) to work on /c/Airflow/dags/Apache_Airflow-The_Operators_Guide/5_trigger_rules.py
[2023-02-21T16:11:32.170-0600] {processor.py:758} INFO - Processing file /c/Airflow/dags/Apache_Airflow-The_Operators_Guide/5_trigger_rules.py for tasks to queue
[2023-02-21T16:11:32.170-0600] {logging_mixin.py:117} INFO - [2023-02-21T16:11:32.170-0600] {dagbag.py:525} INFO - Filling up the DagBag from /c/Airflow/dags/Apache_Airflow-The_Operators_Guide/5_trigger_rules.py
[2023-02-21T16:11:32.214-0600] {processor.py:768} INFO - DAG(s) dict_keys(['5_trigger_rules']) retrieved from /c/Airflow/dags/Apache_Airflow-The_Operators_Guide/5_trigger_rules.py
[2023-02-21T16:11:32.247-0600] {logging_mixin.py:117} INFO - [2023-02-21T16:11:32.246-0600] {dag.py:2573} INFO - Sync 1 DAGs
[2023-02-21T16:11:32.264-0600] {logging_mixin.py:117} INFO - [2023-02-21T16:11:32.264-0600] {dag.py:3324} INFO - Setting next_dagrun for 5_trigger_rules to 2023-02-21T00:00:00+00:00, run_after=2023-02-22T00:00:00+00:00
[2023-02-21T16:11:32.300-0600] {processor.py:178} INFO - Processing /c/Airflow/dags/Apache_Airflow-The_Operators_Guide/5_trigger_rules.py took 0.133 seconds
[2023-02-21T16:12:02.602-0600] {processor.py:156} INFO - Started process (PID=629240) to work on /c/Airflow/dags/Apache_Airflow-The_Operators_Guide/5_trigger_rules.py
[2023-02-21T16:12:02.604-0600] {processor.py:758} INFO - Processing file /c/Airflow/dags/Apache_Airflow-The_Operators_Guide/5_trigger_rules.py for tasks to queue
[2023-02-21T16:12:02.605-0600] {logging_mixin.py:117} INFO - [2023-02-21T16:12:02.605-0600] {dagbag.py:525} INFO - Filling up the DagBag from /c/Airflow/dags/Apache_Airflow-The_Operators_Guide/5_trigger_rules.py
[2023-02-21T16:12:02.636-0600] {processor.py:768} INFO - DAG(s) dict_keys(['5_trigger_rules']) retrieved from /c/Airflow/dags/Apache_Airflow-The_Operators_Guide/5_trigger_rules.py
[2023-02-21T16:12:02.662-0600] {logging_mixin.py:117} INFO - [2023-02-21T16:12:02.662-0600] {dag.py:2573} INFO - Sync 1 DAGs
[2023-02-21T16:12:02.677-0600] {logging_mixin.py:117} INFO - [2023-02-21T16:12:02.677-0600] {dag.py:3324} INFO - Setting next_dagrun for 5_trigger_rules to 2023-02-21T00:00:00+00:00, run_after=2023-02-22T00:00:00+00:00
[2023-02-21T16:12:02.698-0600] {processor.py:178} INFO - Processing /c/Airflow/dags/Apache_Airflow-The_Operators_Guide/5_trigger_rules.py took 0.097 seconds
[2023-02-21T16:12:33.143-0600] {processor.py:156} INFO - Started process (PID=629581) to work on /c/Airflow/dags/Apache_Airflow-The_Operators_Guide/5_trigger_rules.py
[2023-02-21T16:12:33.145-0600] {processor.py:758} INFO - Processing file /c/Airflow/dags/Apache_Airflow-The_Operators_Guide/5_trigger_rules.py for tasks to queue
[2023-02-21T16:12:33.146-0600] {logging_mixin.py:117} INFO - [2023-02-21T16:12:33.146-0600] {dagbag.py:525} INFO - Filling up the DagBag from /c/Airflow/dags/Apache_Airflow-The_Operators_Guide/5_trigger_rules.py
[2023-02-21T16:12:33.196-0600] {processor.py:768} INFO - DAG(s) dict_keys(['5_trigger_rules']) retrieved from /c/Airflow/dags/Apache_Airflow-The_Operators_Guide/5_trigger_rules.py
[2023-02-21T16:12:33.241-0600] {logging_mixin.py:117} INFO - [2023-02-21T16:12:33.241-0600] {dag.py:2573} INFO - Sync 1 DAGs
[2023-02-21T16:12:33.268-0600] {logging_mixin.py:117} INFO - [2023-02-21T16:12:33.268-0600] {dag.py:3324} INFO - Setting next_dagrun for 5_trigger_rules to 2023-02-21T00:00:00+00:00, run_after=2023-02-22T00:00:00+00:00
[2023-02-21T16:12:33.295-0600] {processor.py:178} INFO - Processing /c/Airflow/dags/Apache_Airflow-The_Operators_Guide/5_trigger_rules.py took 0.155 seconds
[2023-02-21T16:13:19.853-0600] {processor.py:156} INFO - Started process (PID=629722) to work on /c/Airflow/dags/Apache_Airflow-The_Operators_Guide/5_trigger_rules.py
[2023-02-21T16:13:19.854-0600] {processor.py:758} INFO - Processing file /c/Airflow/dags/Apache_Airflow-The_Operators_Guide/5_trigger_rules.py for tasks to queue
[2023-02-21T16:13:19.855-0600] {logging_mixin.py:117} INFO - [2023-02-21T16:13:19.855-0600] {dagbag.py:525} INFO - Filling up the DagBag from /c/Airflow/dags/Apache_Airflow-The_Operators_Guide/5_trigger_rules.py
[2023-02-21T16:13:19.896-0600] {processor.py:768} INFO - DAG(s) dict_keys(['5_trigger_rules']) retrieved from /c/Airflow/dags/Apache_Airflow-The_Operators_Guide/5_trigger_rules.py
[2023-02-21T16:13:19.928-0600] {logging_mixin.py:117} INFO - [2023-02-21T16:13:19.928-0600] {dag.py:2573} INFO - Sync 1 DAGs
[2023-02-21T16:13:19.948-0600] {logging_mixin.py:117} INFO - [2023-02-21T16:13:19.948-0600] {dag.py:3324} INFO - Setting next_dagrun for 5_trigger_rules to 2023-02-21T00:00:00+00:00, run_after=2023-02-22T00:00:00+00:00
[2023-02-21T16:13:19.971-0600] {processor.py:178} INFO - Processing /c/Airflow/dags/Apache_Airflow-The_Operators_Guide/5_trigger_rules.py took 0.121 seconds
[2023-02-21T16:13:50.477-0600] {processor.py:156} INFO - Started process (PID=630129) to work on /c/Airflow/dags/Apache_Airflow-The_Operators_Guide/5_trigger_rules.py
[2023-02-21T16:13:50.479-0600] {processor.py:758} INFO - Processing file /c/Airflow/dags/Apache_Airflow-The_Operators_Guide/5_trigger_rules.py for tasks to queue
[2023-02-21T16:13:50.480-0600] {logging_mixin.py:117} INFO - [2023-02-21T16:13:50.480-0600] {dagbag.py:525} INFO - Filling up the DagBag from /c/Airflow/dags/Apache_Airflow-The_Operators_Guide/5_trigger_rules.py
[2023-02-21T16:13:50.540-0600] {processor.py:768} INFO - DAG(s) dict_keys(['5_trigger_rules']) retrieved from /c/Airflow/dags/Apache_Airflow-The_Operators_Guide/5_trigger_rules.py
[2023-02-21T16:13:50.582-0600] {logging_mixin.py:117} INFO - [2023-02-21T16:13:50.581-0600] {dag.py:2573} INFO - Sync 1 DAGs
[2023-02-21T16:13:50.607-0600] {logging_mixin.py:117} INFO - [2023-02-21T16:13:50.606-0600] {dag.py:3324} INFO - Setting next_dagrun for 5_trigger_rules to 2023-02-21T00:00:00+00:00, run_after=2023-02-22T00:00:00+00:00
[2023-02-21T16:13:50.638-0600] {processor.py:178} INFO - Processing /c/Airflow/dags/Apache_Airflow-The_Operators_Guide/5_trigger_rules.py took 0.164 seconds
