[2023-02-18T02:59:33.515-0600] {taskinstance.py:1165} INFO - Dependencies all met for <TaskInstance: 6_dataproc_airflow.create_cluster scheduled__2023-02-17T00:00:00+00:00 [queued]>
[2023-02-18T02:59:33.529-0600] {taskinstance.py:1165} INFO - Dependencies all met for <TaskInstance: 6_dataproc_airflow.create_cluster scheduled__2023-02-17T00:00:00+00:00 [queued]>
[2023-02-18T02:59:33.530-0600] {taskinstance.py:1362} INFO - 
--------------------------------------------------------------------------------
[2023-02-18T02:59:33.531-0600] {taskinstance.py:1363} INFO - Starting attempt 1 of 1
[2023-02-18T02:59:33.532-0600] {taskinstance.py:1364} INFO - 
--------------------------------------------------------------------------------
[2023-02-18T02:59:33.546-0600] {taskinstance.py:1383} INFO - Executing <Task(DataprocCreateClusterOperator): create_cluster> on 2023-02-17 00:00:00+00:00
[2023-02-18T02:59:33.553-0600] {standard_task_runner.py:54} INFO - Started process 191592 to run task
[2023-02-18T02:59:33.557-0600] {standard_task_runner.py:82} INFO - Running: ['***', 'tasks', 'run', '6_dataproc_***', 'create_cluster', 'scheduled__2023-02-17T00:00:00+00:00', '--job-id', '447', '--raw', '--subdir', 'DAGS_FOLDER/Airflow2_0_De_0_a_Heroe/6_dataproc_***.py', '--cfg-path', '/tmp/tmpvvgd2lqr']
[2023-02-18T02:59:33.560-0600] {standard_task_runner.py:83} INFO - Job 447: Subtask create_cluster
[2023-02-18T02:59:33.562-0600] {dagbag.py:525} INFO - Filling up the DagBag from /c/Airflow/dags/Airflow2_0_De_0_a_Heroe/6_dataproc_***.py
[2023-02-18T02:59:33.690-0600] {logging_mixin.py:117} WARNING - /home/tinmar/.local/lib/python3.10/site-packages/***/models/baseoperator.py:408 DeprecationWarning: Passing cluster parameters by keywords to `DataprocCreateClusterOperator` will be deprecated. Please provide cluster_config object using `cluster_config` parameter. You can use `***.dataproc.ClusterGenerator.generate_cluster` method to obtain cluster object.
[2023-02-18T02:59:33.800-0600] {task_command.py:384} INFO - Running <TaskInstance: 6_dataproc_airflow.create_cluster scheduled__2023-02-17T00:00:00+00:00 [running]> on host Tinmar.
[2023-02-18T02:59:33.894-0600] {taskinstance.py:1590} INFO - Exporting the following env vars:
AIRFLOW_CTX_DAG_OWNER=David S
AIRFLOW_CTX_DAG_ID=6_dataproc_***
AIRFLOW_CTX_TASK_ID=create_cluster
AIRFLOW_CTX_EXECUTION_DATE=2023-02-17T00:00:00+00:00
AIRFLOW_CTX_TRY_NUMBER=1
AIRFLOW_CTX_DAG_RUN_ID=scheduled__2023-02-17T00:00:00+00:00
[2023-02-18T02:59:33.897-0600] {dataproc.py:591} INFO - Creating cluster: ***-spark-cluster
[2023-02-18T02:59:33.913-0600] {base.py:71} INFO - Using connection ID 'google_cloud_default' for task execution.
[2023-02-18T03:01:52.616-0600] {dataproc.py:535} INFO - Cluster created.
[2023-02-18T03:01:52.643-0600] {taskinstance.py:1401} INFO - Marking task as SUCCESS. dag_id=6_dataproc_***, task_id=create_cluster, execution_date=20230217T000000, start_date=20230218T085933, end_date=20230218T090152
[2023-02-18T03:01:52.659-0600] {local_task_job.py:164} INFO - Task exited with return code 0
[2023-02-18T03:01:52.678-0600] {local_task_job.py:273} INFO - 1 downstream tasks scheduled from follow-on schedule check
