[2023-02-15 16:47:44,664] {taskinstance.py:1159} INFO - Dependencies all met for <TaskInstance: 7_dataproc_subdags.par_task scheduled__2023-02-14T00:00:00+00:00 [queued]>
[2023-02-15 16:47:44,671] {taskinstance.py:1159} INFO - Dependencies all met for <TaskInstance: 7_dataproc_subdags.par_task scheduled__2023-02-14T00:00:00+00:00 [queued]>
[2023-02-15 16:47:44,671] {taskinstance.py:1356} INFO - 
--------------------------------------------------------------------------------
[2023-02-15 16:47:44,672] {taskinstance.py:1357} INFO - Starting attempt 1 of 1
[2023-02-15 16:47:44,674] {taskinstance.py:1358} INFO - 
--------------------------------------------------------------------------------
[2023-02-15 16:47:44,683] {taskinstance.py:1377} INFO - Executing <Task(SubDagOperator): par_task> on 2023-02-14 00:00:00+00:00
[2023-02-15 16:47:44,687] {standard_task_runner.py:52} INFO - Started process 442612 to run task
[2023-02-15 16:47:44,689] {standard_task_runner.py:79} INFO - Running: ['***', 'tasks', 'run', '7_dataproc_subdags', 'par_task', 'scheduled__2023-02-14T00:00:00+00:00', '--job-id', '212', '--raw', '--subdir', 'DAGS_FOLDER/Airflow2_0_De_0_a_Heroe/7_dataproc_subdags.py', '--cfg-path', '/tmp/tmp84k045cz', '--error-file', '/tmp/tmp6mrr21jo']
[2023-02-15 16:47:44,691] {standard_task_runner.py:80} INFO - Job 212: Subtask par_task
[2023-02-15 16:47:44,744] {task_command.py:369} INFO - Running <TaskInstance: 7_dataproc_subdags.par_task scheduled__2023-02-14T00:00:00+00:00 [running]> on host Tinmar.
[2023-02-15 16:47:44,798] {taskinstance.py:1569} INFO - Exporting the following env vars:
AIRFLOW_CTX_DAG_OWNER=David Sanchez
AIRFLOW_CTX_DAG_ID=7_dataproc_subdags
AIRFLOW_CTX_TASK_ID=par_task
AIRFLOW_CTX_EXECUTION_DATE=2023-02-14T00:00:00+00:00
AIRFLOW_CTX_TRY_NUMBER=1
AIRFLOW_CTX_DAG_RUN_ID=scheduled__2023-02-14T00:00:00+00:00
[2023-02-15 16:47:44,801] {logging_mixin.py:115} WARNING - /home/tinmar/.local/lib/python3.10/site-packages/***/utils/context.py:202 AirflowContextDeprecationWarning: Accessing 'execution_date' from the template is deprecated and will be removed in a future version. Please use 'data_interval_start' or 'logical_date' instead.
[2023-02-15 16:47:44,830] {subdag.py:176} INFO - Created DagRun: scheduled__2023-02-14T00:00:00+00:00
[2023-02-15 16:48:44,900] {base.py:301} INFO - Success criteria met. Exiting.
[2023-02-15 16:48:44,906] {subdag.py:191} INFO - Execution finished. State is failed
[2023-02-15 16:48:44,916] {taskinstance.py:1889} ERROR - Task failed with exception
Traceback (most recent call last):
  File "/home/tinmar/.local/lib/python3.10/site-packages/airflow/models/taskinstance.py", line 1451, in _run_raw_task
    self._execute_task_with_callbacks(context, test_mode)
  File "/home/tinmar/.local/lib/python3.10/site-packages/airflow/models/taskinstance.py", line 1601, in _execute_task_with_callbacks
    self.task.post_execute(context=context, result=result)
  File "/home/tinmar/.local/lib/python3.10/site-packages/airflow/operators/subdag.py", line 194, in post_execute
    raise AirflowException(f"Expected state: SUCCESS. Actual state: {dag_run.state}")
airflow.exceptions.AirflowException: Expected state: SUCCESS. Actual state: failed
[2023-02-15 16:48:44,919] {taskinstance.py:1395} INFO - Marking task as FAILED. dag_id=7_dataproc_subdags, task_id=par_task, execution_date=20230214T000000, start_date=20230215T224744, end_date=20230215T224844
[2023-02-15 16:48:44,928] {standard_task_runner.py:92} ERROR - Failed to execute job 212 for task par_task (Expected state: SUCCESS. Actual state: failed; 442612)
[2023-02-15 16:48:44,954] {local_task_job.py:156} INFO - Task exited with return code 1
