[2023-02-02 10:02:10,120] {taskinstance.py:1159} INFO - Dependencies all met for <TaskInstance: 6_dataproc_airflow.delete_cluster manual__2023-02-02T00:11:53.728323+00:00 [queued]>
[2023-02-02 10:02:10,138] {taskinstance.py:1159} INFO - Dependencies all met for <TaskInstance: 6_dataproc_airflow.delete_cluster manual__2023-02-02T00:11:53.728323+00:00 [queued]>
[2023-02-02 10:02:10,139] {taskinstance.py:1356} INFO - 
--------------------------------------------------------------------------------
[2023-02-02 10:02:10,139] {taskinstance.py:1357} INFO - Starting attempt 2 of 2
[2023-02-02 10:02:10,140] {taskinstance.py:1358} INFO - 
--------------------------------------------------------------------------------
[2023-02-02 10:02:10,183] {taskinstance.py:1377} INFO - Executing <Task(DataprocDeleteClusterOperator): delete_cluster> on 2023-02-02 00:11:53.728323+00:00
[2023-02-02 10:02:10,187] {standard_task_runner.py:52} INFO - Started process 16785 to run task
[2023-02-02 10:02:10,189] {standard_task_runner.py:79} INFO - Running: ['airflow', 'tasks', 'run', '6_dataproc_airflow', 'delete_cluster', 'manual__2023-02-02T00:11:53.728323+00:00', '--job-id', '157', '--raw', '--subdir', 'DAGS_FOLDER/Airflow2_0_De_0_a_Heroe/6_dataproc_airflow.py', '--cfg-path', '/tmp/tmp37g1rd2_', '--error-file', '/tmp/tmpd72abijj']
[2023-02-02 10:02:10,191] {standard_task_runner.py:80} INFO - Job 157: Subtask delete_cluster
[2023-02-02 10:02:10,317] {task_command.py:369} INFO - Running <TaskInstance: 6_dataproc_airflow.delete_cluster manual__2023-02-02T00:11:53.728323+00:00 [running]> on host Tinmar.
[2023-02-02 10:02:10,430] {taskinstance.py:1569} INFO - Exporting the following env vars:
AIRFLOW_CTX_DAG_OWNER=David S
AIRFLOW_CTX_DAG_ID=6_dataproc_airflow
AIRFLOW_CTX_TASK_ID=delete_cluster
AIRFLOW_CTX_EXECUTION_DATE=2023-02-02T00:11:53.728323+00:00
AIRFLOW_CTX_TRY_NUMBER=2
AIRFLOW_CTX_DAG_RUN_ID=manual__2023-02-02T00:11:53.728323+00:00
[2023-02-02 10:02:10,446] {base.py:68} INFO - Using connection ID 'google_cloud_default' for task execution.
[2023-02-02 10:02:10,447] {dataproc.py:817} INFO - Deleting cluster: airflow-spark-cluster
[2023-02-02 10:04:43,761] {dataproc.py:829} INFO - Cluster deleted.
[2023-02-02 10:04:43,823] {taskinstance.py:1395} INFO - Marking task as SUCCESS. dag_id=6_dataproc_airflow, task_id=delete_cluster, execution_date=20230202T001153, start_date=20230202T160210, end_date=20230202T160443
[2023-02-02 10:04:43,874] {local_task_job.py:156} INFO - Task exited with return code 0
