[2023-02-16 12:10:08,771] {taskinstance.py:1159} INFO - Dependencies all met for <TaskInstance: 1.6_user_processing.is_api_available manual__2023-02-16T18:10:03.981498+00:00 [queued]>
[2023-02-16 12:10:08,777] {taskinstance.py:1159} INFO - Dependencies all met for <TaskInstance: 1.6_user_processing.is_api_available manual__2023-02-16T18:10:03.981498+00:00 [queued]>
[2023-02-16 12:10:08,778] {taskinstance.py:1356} INFO - 
--------------------------------------------------------------------------------
[2023-02-16 12:10:08,779] {taskinstance.py:1357} INFO - Starting attempt 1 of 1
[2023-02-16 12:10:08,779] {taskinstance.py:1358} INFO - 
--------------------------------------------------------------------------------
[2023-02-16 12:10:08,787] {taskinstance.py:1377} INFO - Executing <Task(HttpSensor): is_api_available> on 2023-02-16 18:10:03.981498+00:00
[2023-02-16 12:10:08,790] {standard_task_runner.py:52} INFO - Started process 79375 to run task
[2023-02-16 12:10:08,793] {standard_task_runner.py:79} INFO - Running: ['***', 'tasks', 'run', '1.6_user_processing', 'is_api_available', 'manual__2023-02-16T18:10:03.981498+00:00', '--job-id', '275', '--raw', '--subdir', 'DAGS_FOLDER/Introduction_to_Apache_Airflow/1.6_user_processing.py', '--cfg-path', '/tmp/tmpd8i8cobf', '--error-file', '/tmp/tmphxr_uzt1']
[2023-02-16 12:10:08,795] {standard_task_runner.py:80} INFO - Job 275: Subtask is_api_available
[2023-02-16 12:10:08,837] {task_command.py:369} INFO - Running <TaskInstance: 1.6_user_processing.is_api_available manual__2023-02-16T18:10:03.981498+00:00 [running]> on host Tinmar.
[2023-02-16 12:10:08,890] {taskinstance.py:1569} INFO - Exporting the following env vars:
AIRFLOW_CTX_DAG_OWNER=Tinmar
AIRFLOW_CTX_DAG_ID=1.6_user_processing
AIRFLOW_CTX_TASK_ID=is_api_available
AIRFLOW_CTX_EXECUTION_DATE=2023-02-16T18:10:03.981498+00:00
AIRFLOW_CTX_TRY_NUMBER=1
AIRFLOW_CTX_DAG_RUN_ID=manual__2023-02-16T18:10:03.981498+00:00
[2023-02-16 12:10:08,891] {http.py:122} INFO - Poking: api/
[2023-02-16 12:10:08,901] {base.py:68} INFO - Using connection ID 'user_api' for task execution.
[2023-02-16 12:10:09,229] {base.py:301} INFO - Success criteria met. Exiting.
[2023-02-16 12:10:09,241] {taskinstance.py:1395} INFO - Marking task as SUCCESS. dag_id=1.6_user_processing, task_id=is_api_available, execution_date=20230216T181003, start_date=20230216T181008, end_date=20230216T181009
[2023-02-16 12:10:09,267] {local_task_job.py:156} INFO - Task exited with return code 0
[2023-02-16 12:10:09,300] {local_task_job.py:273} INFO - 1 downstream tasks scheduled from follow-on schedule check
