[2023-02-20T09:18:27.213-0600] {taskinstance.py:1165} INFO - Dependencies all met for <TaskInstance: 1.5_user_processing.insert_data scheduled__2023-02-19T00:00:00+00:00 [queued]>
[2023-02-20T09:18:27.228-0600] {taskinstance.py:1165} INFO - Dependencies all met for <TaskInstance: 1.5_user_processing.insert_data scheduled__2023-02-19T00:00:00+00:00 [queued]>
[2023-02-20T09:18:27.228-0600] {taskinstance.py:1362} INFO - 
--------------------------------------------------------------------------------
[2023-02-20T09:18:27.229-0600] {taskinstance.py:1363} INFO - Starting attempt 1 of 1
[2023-02-20T09:18:27.230-0600] {taskinstance.py:1364} INFO - 
--------------------------------------------------------------------------------
[2023-02-20T09:18:27.244-0600] {taskinstance.py:1383} INFO - Executing <Task(PostgresOperator): insert_data> on 2023-02-19 00:00:00+00:00
[2023-02-20T09:18:27.248-0600] {standard_task_runner.py:54} INFO - Started process 198169 to run task
[2023-02-20T09:18:27.251-0600] {standard_task_runner.py:82} INFO - Running: ['***', 'tasks', 'run', '1.5_user_processing', 'insert_data', 'scheduled__2023-02-19T00:00:00+00:00', '--job-id', '557', '--raw', '--subdir', 'DAGS_FOLDER/Introduction_to_Apache_Airflow/1.5_user_processing.py', '--cfg-path', '/tmp/tmpm49ent4u']
[2023-02-20T09:18:27.253-0600] {standard_task_runner.py:83} INFO - Job 557: Subtask insert_data
[2023-02-20T09:18:27.255-0600] {dagbag.py:525} INFO - Filling up the DagBag from /c/Airflow/dags/Introduction_to_Apache_Airflow/1.5_user_processing.py
[2023-02-20T09:18:27.719-0600] {task_command.py:384} INFO - Running <TaskInstance: 1.5_user_processing.insert_data scheduled__2023-02-19T00:00:00+00:00 [running]> on host Tinmar.
[2023-02-20T09:18:27.808-0600] {taskinstance.py:1590} INFO - Exporting the following env vars:
AIRFLOW_CTX_DAG_OWNER=Tinmar
AIRFLOW_CTX_DAG_ID=1.5_user_processing
AIRFLOW_CTX_TASK_ID=insert_data
AIRFLOW_CTX_EXECUTION_DATE=2023-02-19T00:00:00+00:00
AIRFLOW_CTX_TRY_NUMBER=1
AIRFLOW_CTX_DAG_RUN_ID=scheduled__2023-02-19T00:00:00+00:00
[2023-02-20T09:18:27.810-0600] {sql.py:254} INFO - Executing: 
                                        INSERT INTO users VALUES ('Tinmar', 'Andrade','México','tinmar','GuruSat.3','tinmar96@gmail.com')
                                    
[2023-02-20T09:18:27.829-0600] {base.py:71} INFO - Using connection ID 'postgres' for task execution.
[2023-02-20T09:18:28.122-0600] {base.py:71} INFO - Using connection ID 'postgres' for task execution.
[2023-02-20T09:18:28.132-0600] {sql.py:375} INFO - Running statement: 
                                        INSERT INTO users VALUES ('Tinmar', 'Andrade','México','tinmar','GuruSat.3','tinmar96@gmail.com')
                                    , parameters: None
[2023-02-20T09:18:28.133-0600] {sql.py:384} INFO - Rows affected: 1
[2023-02-20T09:18:28.147-0600] {taskinstance.py:1401} INFO - Marking task as SUCCESS. dag_id=1.5_user_processing, task_id=insert_data, execution_date=20230219T000000, start_date=20230220T151827, end_date=20230220T151828
[2023-02-20T09:18:28.307-0600] {local_task_job.py:164} INFO - Task exited with return code 0
[2023-02-20T09:18:28.342-0600] {local_task_job.py:273} INFO - 1 downstream tasks scheduled from follow-on schedule check
