[2023-02-18T03:00:03.620-0600] {processor.py:156} INFO - Started process (PID=192836) to work on /c/Airflow/dags/Apache_Airflow/11.2_trigger_dag.py
[2023-02-18T03:00:03.622-0600] {processor.py:758} INFO - Processing file /c/Airflow/dags/Apache_Airflow/11.2_trigger_dag.py for tasks to queue
[2023-02-18T03:00:03.622-0600] {logging_mixin.py:117} INFO - [2023-02-18T03:00:03.622-0600] {dagbag.py:525} INFO - Filling up the DagBag from /c/Airflow/dags/Apache_Airflow/11.2_trigger_dag.py
[2023-02-18T03:00:03.661-0600] {processor.py:768} INFO - DAG(s) dict_keys(['11.2_trigger_dag']) retrieved from /c/Airflow/dags/Apache_Airflow/11.2_trigger_dag.py
[2023-02-18T03:00:03.679-0600] {logging_mixin.py:117} INFO - [2023-02-18T03:00:03.679-0600] {dag.py:2573} INFO - Sync 1 DAGs
[2023-02-18T03:00:03.691-0600] {logging_mixin.py:117} INFO - [2023-02-18T03:00:03.691-0600] {dag.py:3324} INFO - Setting next_dagrun for 11.2_trigger_dag to None, run_after=None
[2023-02-18T03:00:03.710-0600] {processor.py:178} INFO - Processing /c/Airflow/dags/Apache_Airflow/11.2_trigger_dag.py took 0.092 seconds
[2023-02-18T03:00:35.183-0600] {processor.py:156} INFO - Started process (PID=193252) to work on /c/Airflow/dags/Apache_Airflow/11.2_trigger_dag.py
[2023-02-18T03:00:35.184-0600] {processor.py:758} INFO - Processing file /c/Airflow/dags/Apache_Airflow/11.2_trigger_dag.py for tasks to queue
[2023-02-18T03:00:35.185-0600] {logging_mixin.py:117} INFO - [2023-02-18T03:00:35.184-0600] {dagbag.py:525} INFO - Filling up the DagBag from /c/Airflow/dags/Apache_Airflow/11.2_trigger_dag.py
[2023-02-18T03:00:35.215-0600] {processor.py:768} INFO - DAG(s) dict_keys(['11.2_trigger_dag']) retrieved from /c/Airflow/dags/Apache_Airflow/11.2_trigger_dag.py
[2023-02-18T03:00:35.239-0600] {logging_mixin.py:117} INFO - [2023-02-18T03:00:35.239-0600] {dag.py:2573} INFO - Sync 1 DAGs
[2023-02-18T03:00:35.252-0600] {logging_mixin.py:117} INFO - [2023-02-18T03:00:35.252-0600] {dag.py:3324} INFO - Setting next_dagrun for 11.2_trigger_dag to None, run_after=None
[2023-02-18T03:00:35.271-0600] {processor.py:178} INFO - Processing /c/Airflow/dags/Apache_Airflow/11.2_trigger_dag.py took 0.090 seconds
[2023-02-18T03:01:05.956-0600] {processor.py:156} INFO - Started process (PID=193606) to work on /c/Airflow/dags/Apache_Airflow/11.2_trigger_dag.py
[2023-02-18T03:01:05.957-0600] {processor.py:758} INFO - Processing file /c/Airflow/dags/Apache_Airflow/11.2_trigger_dag.py for tasks to queue
[2023-02-18T03:01:05.958-0600] {logging_mixin.py:117} INFO - [2023-02-18T03:01:05.958-0600] {dagbag.py:525} INFO - Filling up the DagBag from /c/Airflow/dags/Apache_Airflow/11.2_trigger_dag.py
[2023-02-18T03:01:05.987-0600] {processor.py:768} INFO - DAG(s) dict_keys(['11.2_trigger_dag']) retrieved from /c/Airflow/dags/Apache_Airflow/11.2_trigger_dag.py
[2023-02-18T03:01:06.011-0600] {logging_mixin.py:117} INFO - [2023-02-18T03:01:06.010-0600] {dag.py:2573} INFO - Sync 1 DAGs
[2023-02-18T03:01:06.024-0600] {logging_mixin.py:117} INFO - [2023-02-18T03:01:06.024-0600] {dag.py:3324} INFO - Setting next_dagrun for 11.2_trigger_dag to None, run_after=None
[2023-02-18T03:01:06.129-0600] {processor.py:178} INFO - Processing /c/Airflow/dags/Apache_Airflow/11.2_trigger_dag.py took 0.175 seconds
[2023-02-18T03:01:36.688-0600] {processor.py:156} INFO - Started process (PID=193938) to work on /c/Airflow/dags/Apache_Airflow/11.2_trigger_dag.py
[2023-02-18T03:01:36.689-0600] {processor.py:758} INFO - Processing file /c/Airflow/dags/Apache_Airflow/11.2_trigger_dag.py for tasks to queue
[2023-02-18T03:01:36.690-0600] {logging_mixin.py:117} INFO - [2023-02-18T03:01:36.690-0600] {dagbag.py:525} INFO - Filling up the DagBag from /c/Airflow/dags/Apache_Airflow/11.2_trigger_dag.py
[2023-02-18T03:01:36.715-0600] {processor.py:768} INFO - DAG(s) dict_keys(['11.2_trigger_dag']) retrieved from /c/Airflow/dags/Apache_Airflow/11.2_trigger_dag.py
[2023-02-18T03:01:36.734-0600] {logging_mixin.py:117} INFO - [2023-02-18T03:01:36.734-0600] {dag.py:2573} INFO - Sync 1 DAGs
[2023-02-18T03:01:36.748-0600] {logging_mixin.py:117} INFO - [2023-02-18T03:01:36.748-0600] {dag.py:3324} INFO - Setting next_dagrun for 11.2_trigger_dag to None, run_after=None
[2023-02-18T03:01:36.763-0600] {processor.py:178} INFO - Processing /c/Airflow/dags/Apache_Airflow/11.2_trigger_dag.py took 0.077 seconds
[2023-02-18T03:02:08.045-0600] {processor.py:156} INFO - Started process (PID=194485) to work on /c/Airflow/dags/Apache_Airflow/11.2_trigger_dag.py
[2023-02-18T03:02:08.051-0600] {processor.py:758} INFO - Processing file /c/Airflow/dags/Apache_Airflow/11.2_trigger_dag.py for tasks to queue
[2023-02-18T03:02:08.053-0600] {logging_mixin.py:117} INFO - [2023-02-18T03:02:08.053-0600] {dagbag.py:525} INFO - Filling up the DagBag from /c/Airflow/dags/Apache_Airflow/11.2_trigger_dag.py
[2023-02-18T03:02:08.136-0600] {processor.py:768} INFO - DAG(s) dict_keys(['11.2_trigger_dag']) retrieved from /c/Airflow/dags/Apache_Airflow/11.2_trigger_dag.py
[2023-02-18T03:02:08.169-0600] {logging_mixin.py:117} INFO - [2023-02-18T03:02:08.169-0600] {dag.py:2573} INFO - Sync 1 DAGs
[2023-02-18T03:02:08.198-0600] {logging_mixin.py:117} INFO - [2023-02-18T03:02:08.198-0600] {dag.py:3324} INFO - Setting next_dagrun for 11.2_trigger_dag to None, run_after=None
[2023-02-18T03:02:08.228-0600] {processor.py:178} INFO - Processing /c/Airflow/dags/Apache_Airflow/11.2_trigger_dag.py took 0.186 seconds
