[2023-02-18T03:00:03.587-0600] {processor.py:156} INFO - Started process (PID=192831) to work on /c/Airflow/dags/Apache_Airflow/12_manually_defined_dag.py
[2023-02-18T03:00:03.588-0600] {processor.py:758} INFO - Processing file /c/Airflow/dags/Apache_Airflow/12_manually_defined_dag.py for tasks to queue
[2023-02-18T03:00:03.590-0600] {logging_mixin.py:117} INFO - [2023-02-18T03:00:03.589-0600] {dagbag.py:525} INFO - Filling up the DagBag from /c/Airflow/dags/Apache_Airflow/12_manually_defined_dag.py
[2023-02-18T03:00:03.662-0600] {processor.py:768} INFO - DAG(s) dict_keys(['12_manually_defined_dag']) retrieved from /c/Airflow/dags/Apache_Airflow/12_manually_defined_dag.py
[2023-02-18T03:00:03.679-0600] {logging_mixin.py:117} INFO - [2023-02-18T03:00:03.679-0600] {dag.py:2573} INFO - Sync 1 DAGs
[2023-02-18T03:00:03.691-0600] {logging_mixin.py:117} INFO - [2023-02-18T03:00:03.691-0600] {dag.py:3324} INFO - Setting next_dagrun for 12_manually_defined_dag to None, run_after=None
[2023-02-18T03:00:03.710-0600] {processor.py:178} INFO - Processing /c/Airflow/dags/Apache_Airflow/12_manually_defined_dag.py took 0.125 seconds
[2023-02-18T03:00:35.183-0600] {processor.py:156} INFO - Started process (PID=193249) to work on /c/Airflow/dags/Apache_Airflow/12_manually_defined_dag.py
[2023-02-18T03:00:35.184-0600] {processor.py:758} INFO - Processing file /c/Airflow/dags/Apache_Airflow/12_manually_defined_dag.py for tasks to queue
[2023-02-18T03:00:35.185-0600] {logging_mixin.py:117} INFO - [2023-02-18T03:00:35.184-0600] {dagbag.py:525} INFO - Filling up the DagBag from /c/Airflow/dags/Apache_Airflow/12_manually_defined_dag.py
[2023-02-18T03:00:35.215-0600] {processor.py:768} INFO - DAG(s) dict_keys(['12_manually_defined_dag']) retrieved from /c/Airflow/dags/Apache_Airflow/12_manually_defined_dag.py
[2023-02-18T03:00:35.239-0600] {logging_mixin.py:117} INFO - [2023-02-18T03:00:35.239-0600] {dag.py:2573} INFO - Sync 1 DAGs
[2023-02-18T03:00:35.253-0600] {logging_mixin.py:117} INFO - [2023-02-18T03:00:35.252-0600] {dag.py:3324} INFO - Setting next_dagrun for 12_manually_defined_dag to None, run_after=None
[2023-02-18T03:00:35.271-0600] {processor.py:178} INFO - Processing /c/Airflow/dags/Apache_Airflow/12_manually_defined_dag.py took 0.091 seconds
[2023-02-18T03:01:05.763-0600] {processor.py:156} INFO - Started process (PID=193599) to work on /c/Airflow/dags/Apache_Airflow/12_manually_defined_dag.py
[2023-02-18T03:01:05.766-0600] {processor.py:758} INFO - Processing file /c/Airflow/dags/Apache_Airflow/12_manually_defined_dag.py for tasks to queue
[2023-02-18T03:01:05.767-0600] {logging_mixin.py:117} INFO - [2023-02-18T03:01:05.767-0600] {dagbag.py:525} INFO - Filling up the DagBag from /c/Airflow/dags/Apache_Airflow/12_manually_defined_dag.py
[2023-02-18T03:01:05.794-0600] {processor.py:768} INFO - DAG(s) dict_keys(['12_manually_defined_dag']) retrieved from /c/Airflow/dags/Apache_Airflow/12_manually_defined_dag.py
[2023-02-18T03:01:05.819-0600] {logging_mixin.py:117} INFO - [2023-02-18T03:01:05.818-0600] {dag.py:2573} INFO - Sync 1 DAGs
[2023-02-18T03:01:05.831-0600] {logging_mixin.py:117} INFO - [2023-02-18T03:01:05.831-0600] {dag.py:3324} INFO - Setting next_dagrun for 12_manually_defined_dag to None, run_after=None
[2023-02-18T03:01:05.927-0600] {processor.py:178} INFO - Processing /c/Airflow/dags/Apache_Airflow/12_manually_defined_dag.py took 0.166 seconds
[2023-02-18T03:01:36.031-0600] {processor.py:156} INFO - Started process (PID=193925) to work on /c/Airflow/dags/Apache_Airflow/12_manually_defined_dag.py
[2023-02-18T03:01:36.032-0600] {processor.py:758} INFO - Processing file /c/Airflow/dags/Apache_Airflow/12_manually_defined_dag.py for tasks to queue
[2023-02-18T03:01:36.033-0600] {logging_mixin.py:117} INFO - [2023-02-18T03:01:36.033-0600] {dagbag.py:525} INFO - Filling up the DagBag from /c/Airflow/dags/Apache_Airflow/12_manually_defined_dag.py
[2023-02-18T03:01:36.059-0600] {processor.py:768} INFO - DAG(s) dict_keys(['12_manually_defined_dag']) retrieved from /c/Airflow/dags/Apache_Airflow/12_manually_defined_dag.py
[2023-02-18T03:01:36.077-0600] {logging_mixin.py:117} INFO - [2023-02-18T03:01:36.077-0600] {dag.py:2573} INFO - Sync 1 DAGs
[2023-02-18T03:01:36.089-0600] {logging_mixin.py:117} INFO - [2023-02-18T03:01:36.089-0600] {dag.py:3324} INFO - Setting next_dagrun for 12_manually_defined_dag to None, run_after=None
[2023-02-18T03:01:36.105-0600] {processor.py:178} INFO - Processing /c/Airflow/dags/Apache_Airflow/12_manually_defined_dag.py took 0.076 seconds
[2023-02-18T03:02:06.642-0600] {processor.py:156} INFO - Started process (PID=194467) to work on /c/Airflow/dags/Apache_Airflow/12_manually_defined_dag.py
[2023-02-18T03:02:06.643-0600] {processor.py:758} INFO - Processing file /c/Airflow/dags/Apache_Airflow/12_manually_defined_dag.py for tasks to queue
[2023-02-18T03:02:06.644-0600] {logging_mixin.py:117} INFO - [2023-02-18T03:02:06.644-0600] {dagbag.py:525} INFO - Filling up the DagBag from /c/Airflow/dags/Apache_Airflow/12_manually_defined_dag.py
[2023-02-18T03:02:06.698-0600] {processor.py:768} INFO - DAG(s) dict_keys(['12_manually_defined_dag']) retrieved from /c/Airflow/dags/Apache_Airflow/12_manually_defined_dag.py
[2023-02-18T03:02:06.724-0600] {logging_mixin.py:117} INFO - [2023-02-18T03:02:06.724-0600] {dag.py:2573} INFO - Sync 1 DAGs
[2023-02-18T03:02:06.738-0600] {logging_mixin.py:117} INFO - [2023-02-18T03:02:06.738-0600] {dag.py:3324} INFO - Setting next_dagrun for 12_manually_defined_dag to None, run_after=None
[2023-02-18T03:02:06.753-0600] {processor.py:178} INFO - Processing /c/Airflow/dags/Apache_Airflow/12_manually_defined_dag.py took 0.114 seconds
