[2023-02-18T03:00:04.760-0600] {processor.py:156} INFO - Started process (PID=192899) to work on /c/Airflow/dags/Apache_Airflow/1_primer_dag.py
[2023-02-18T03:00:04.761-0600] {processor.py:758} INFO - Processing file /c/Airflow/dags/Apache_Airflow/1_primer_dag.py for tasks to queue
[2023-02-18T03:00:04.762-0600] {logging_mixin.py:117} INFO - [2023-02-18T03:00:04.762-0600] {dagbag.py:525} INFO - Filling up the DagBag from /c/Airflow/dags/Apache_Airflow/1_primer_dag.py
[2023-02-18T03:00:04.809-0600] {processor.py:768} INFO - DAG(s) dict_keys(['1_primer_dag']) retrieved from /c/Airflow/dags/Apache_Airflow/1_primer_dag.py
[2023-02-18T03:00:04.830-0600] {logging_mixin.py:117} INFO - [2023-02-18T03:00:04.830-0600] {dag.py:2573} INFO - Sync 1 DAGs
[2023-02-18T03:00:04.844-0600] {logging_mixin.py:117} INFO - [2023-02-18T03:00:04.844-0600] {dag.py:3324} INFO - Setting next_dagrun for 1_primer_dag to None, run_after=None
[2023-02-18T03:00:04.863-0600] {processor.py:178} INFO - Processing /c/Airflow/dags/Apache_Airflow/1_primer_dag.py took 0.106 seconds
[2023-02-18T03:00:36.821-0600] {processor.py:156} INFO - Started process (PID=193306) to work on /c/Airflow/dags/Apache_Airflow/1_primer_dag.py
[2023-02-18T03:00:36.823-0600] {processor.py:758} INFO - Processing file /c/Airflow/dags/Apache_Airflow/1_primer_dag.py for tasks to queue
[2023-02-18T03:00:36.824-0600] {logging_mixin.py:117} INFO - [2023-02-18T03:00:36.824-0600] {dagbag.py:525} INFO - Filling up the DagBag from /c/Airflow/dags/Apache_Airflow/1_primer_dag.py
[2023-02-18T03:00:36.866-0600] {processor.py:768} INFO - DAG(s) dict_keys(['1_primer_dag']) retrieved from /c/Airflow/dags/Apache_Airflow/1_primer_dag.py
[2023-02-18T03:00:36.889-0600] {logging_mixin.py:117} INFO - [2023-02-18T03:00:36.889-0600] {dag.py:2573} INFO - Sync 1 DAGs
[2023-02-18T03:00:36.902-0600] {logging_mixin.py:117} INFO - [2023-02-18T03:00:36.902-0600] {dag.py:3324} INFO - Setting next_dagrun for 1_primer_dag to None, run_after=None
[2023-02-18T03:00:36.920-0600] {processor.py:178} INFO - Processing /c/Airflow/dags/Apache_Airflow/1_primer_dag.py took 0.101 seconds
[2023-02-18T03:01:07.315-0600] {processor.py:156} INFO - Started process (PID=193659) to work on /c/Airflow/dags/Apache_Airflow/1_primer_dag.py
[2023-02-18T03:01:07.316-0600] {processor.py:758} INFO - Processing file /c/Airflow/dags/Apache_Airflow/1_primer_dag.py for tasks to queue
[2023-02-18T03:01:07.316-0600] {logging_mixin.py:117} INFO - [2023-02-18T03:01:07.316-0600] {dagbag.py:525} INFO - Filling up the DagBag from /c/Airflow/dags/Apache_Airflow/1_primer_dag.py
[2023-02-18T03:01:07.350-0600] {processor.py:768} INFO - DAG(s) dict_keys(['1_primer_dag']) retrieved from /c/Airflow/dags/Apache_Airflow/1_primer_dag.py
[2023-02-18T03:01:07.370-0600] {logging_mixin.py:117} INFO - [2023-02-18T03:01:07.370-0600] {dag.py:2573} INFO - Sync 1 DAGs
[2023-02-18T03:01:07.383-0600] {logging_mixin.py:117} INFO - [2023-02-18T03:01:07.383-0600] {dag.py:3324} INFO - Setting next_dagrun for 1_primer_dag to None, run_after=None
[2023-02-18T03:01:07.502-0600] {processor.py:178} INFO - Processing /c/Airflow/dags/Apache_Airflow/1_primer_dag.py took 0.190 seconds
[2023-02-18T03:01:38.221-0600] {processor.py:156} INFO - Started process (PID=193989) to work on /c/Airflow/dags/Apache_Airflow/1_primer_dag.py
[2023-02-18T03:01:38.224-0600] {processor.py:758} INFO - Processing file /c/Airflow/dags/Apache_Airflow/1_primer_dag.py for tasks to queue
[2023-02-18T03:01:38.225-0600] {logging_mixin.py:117} INFO - [2023-02-18T03:01:38.225-0600] {dagbag.py:525} INFO - Filling up the DagBag from /c/Airflow/dags/Apache_Airflow/1_primer_dag.py
[2023-02-18T03:01:38.253-0600] {processor.py:768} INFO - DAG(s) dict_keys(['1_primer_dag']) retrieved from /c/Airflow/dags/Apache_Airflow/1_primer_dag.py
[2023-02-18T03:01:38.271-0600] {logging_mixin.py:117} INFO - [2023-02-18T03:01:38.271-0600] {dag.py:2573} INFO - Sync 1 DAGs
[2023-02-18T03:01:38.283-0600] {logging_mixin.py:117} INFO - [2023-02-18T03:01:38.283-0600] {dag.py:3324} INFO - Setting next_dagrun for 1_primer_dag to None, run_after=None
[2023-02-18T03:01:38.296-0600] {processor.py:178} INFO - Processing /c/Airflow/dags/Apache_Airflow/1_primer_dag.py took 0.077 seconds
[2023-02-18T03:02:09.275-0600] {processor.py:156} INFO - Started process (PID=194542) to work on /c/Airflow/dags/Apache_Airflow/1_primer_dag.py
[2023-02-18T03:02:09.277-0600] {processor.py:758} INFO - Processing file /c/Airflow/dags/Apache_Airflow/1_primer_dag.py for tasks to queue
[2023-02-18T03:02:09.278-0600] {logging_mixin.py:117} INFO - [2023-02-18T03:02:09.278-0600] {dagbag.py:525} INFO - Filling up the DagBag from /c/Airflow/dags/Apache_Airflow/1_primer_dag.py
[2023-02-18T03:02:09.344-0600] {processor.py:768} INFO - DAG(s) dict_keys(['1_primer_dag']) retrieved from /c/Airflow/dags/Apache_Airflow/1_primer_dag.py
[2023-02-18T03:02:09.370-0600] {logging_mixin.py:117} INFO - [2023-02-18T03:02:09.370-0600] {dag.py:2573} INFO - Sync 1 DAGs
[2023-02-18T03:02:09.387-0600] {logging_mixin.py:117} INFO - [2023-02-18T03:02:09.387-0600] {dag.py:3324} INFO - Setting next_dagrun for 1_primer_dag to None, run_after=None
[2023-02-18T03:02:09.416-0600] {processor.py:178} INFO - Processing /c/Airflow/dags/Apache_Airflow/1_primer_dag.py took 0.144 seconds
