[2023-02-18T03:00:04.604-0600] {processor.py:156} INFO - Started process (PID=192886) to work on /c/Airflow/dags/Apache_Airflow/5_jinja_macros_dag.py
[2023-02-18T03:00:04.606-0600] {processor.py:758} INFO - Processing file /c/Airflow/dags/Apache_Airflow/5_jinja_macros_dag.py for tasks to queue
[2023-02-18T03:00:04.607-0600] {logging_mixin.py:117} INFO - [2023-02-18T03:00:04.607-0600] {dagbag.py:525} INFO - Filling up the DagBag from /c/Airflow/dags/Apache_Airflow/5_jinja_macros_dag.py
[2023-02-18T03:00:04.665-0600] {processor.py:768} INFO - DAG(s) dict_keys(['5_jinja_macros_dag']) retrieved from /c/Airflow/dags/Apache_Airflow/5_jinja_macros_dag.py
[2023-02-18T03:00:04.692-0600] {logging_mixin.py:117} INFO - [2023-02-18T03:00:04.692-0600] {dag.py:2573} INFO - Sync 1 DAGs
[2023-02-18T03:00:04.707-0600] {logging_mixin.py:117} INFO - [2023-02-18T03:00:04.707-0600] {dag.py:3324} INFO - Setting next_dagrun for 5_jinja_macros_dag to None, run_after=None
[2023-02-18T03:00:04.727-0600] {processor.py:178} INFO - Processing /c/Airflow/dags/Apache_Airflow/5_jinja_macros_dag.py took 0.127 seconds
[2023-02-18T03:00:36.608-0600] {processor.py:156} INFO - Started process (PID=193295) to work on /c/Airflow/dags/Apache_Airflow/5_jinja_macros_dag.py
[2023-02-18T03:00:36.609-0600] {processor.py:758} INFO - Processing file /c/Airflow/dags/Apache_Airflow/5_jinja_macros_dag.py for tasks to queue
[2023-02-18T03:00:36.610-0600] {logging_mixin.py:117} INFO - [2023-02-18T03:00:36.610-0600] {dagbag.py:525} INFO - Filling up the DagBag from /c/Airflow/dags/Apache_Airflow/5_jinja_macros_dag.py
[2023-02-18T03:00:36.674-0600] {processor.py:768} INFO - DAG(s) dict_keys(['5_jinja_macros_dag']) retrieved from /c/Airflow/dags/Apache_Airflow/5_jinja_macros_dag.py
[2023-02-18T03:00:36.696-0600] {logging_mixin.py:117} INFO - [2023-02-18T03:00:36.696-0600] {dag.py:2573} INFO - Sync 1 DAGs
[2023-02-18T03:00:36.710-0600] {logging_mixin.py:117} INFO - [2023-02-18T03:00:36.709-0600] {dag.py:3324} INFO - Setting next_dagrun for 5_jinja_macros_dag to None, run_after=None
[2023-02-18T03:00:36.759-0600] {processor.py:178} INFO - Processing /c/Airflow/dags/Apache_Airflow/5_jinja_macros_dag.py took 0.153 seconds
[2023-02-18T03:01:07.113-0600] {processor.py:156} INFO - Started process (PID=193650) to work on /c/Airflow/dags/Apache_Airflow/5_jinja_macros_dag.py
[2023-02-18T03:01:07.114-0600] {processor.py:758} INFO - Processing file /c/Airflow/dags/Apache_Airflow/5_jinja_macros_dag.py for tasks to queue
[2023-02-18T03:01:07.115-0600] {logging_mixin.py:117} INFO - [2023-02-18T03:01:07.115-0600] {dagbag.py:525} INFO - Filling up the DagBag from /c/Airflow/dags/Apache_Airflow/5_jinja_macros_dag.py
[2023-02-18T03:01:07.143-0600] {processor.py:768} INFO - DAG(s) dict_keys(['5_jinja_macros_dag']) retrieved from /c/Airflow/dags/Apache_Airflow/5_jinja_macros_dag.py
[2023-02-18T03:01:07.163-0600] {logging_mixin.py:117} INFO - [2023-02-18T03:01:07.163-0600] {dag.py:2573} INFO - Sync 1 DAGs
[2023-02-18T03:01:07.175-0600] {logging_mixin.py:117} INFO - [2023-02-18T03:01:07.175-0600] {dag.py:3324} INFO - Setting next_dagrun for 5_jinja_macros_dag to None, run_after=None
[2023-02-18T03:01:07.282-0600] {processor.py:178} INFO - Processing /c/Airflow/dags/Apache_Airflow/5_jinja_macros_dag.py took 0.171 seconds
[2023-02-18T03:01:38.120-0600] {processor.py:156} INFO - Started process (PID=193980) to work on /c/Airflow/dags/Apache_Airflow/5_jinja_macros_dag.py
[2023-02-18T03:01:38.121-0600] {processor.py:758} INFO - Processing file /c/Airflow/dags/Apache_Airflow/5_jinja_macros_dag.py for tasks to queue
[2023-02-18T03:01:38.122-0600] {logging_mixin.py:117} INFO - [2023-02-18T03:01:38.122-0600] {dagbag.py:525} INFO - Filling up the DagBag from /c/Airflow/dags/Apache_Airflow/5_jinja_macros_dag.py
[2023-02-18T03:01:38.147-0600] {processor.py:768} INFO - DAG(s) dict_keys(['5_jinja_macros_dag']) retrieved from /c/Airflow/dags/Apache_Airflow/5_jinja_macros_dag.py
[2023-02-18T03:01:38.164-0600] {logging_mixin.py:117} INFO - [2023-02-18T03:01:38.164-0600] {dag.py:2573} INFO - Sync 1 DAGs
[2023-02-18T03:01:38.176-0600] {logging_mixin.py:117} INFO - [2023-02-18T03:01:38.176-0600] {dag.py:3324} INFO - Setting next_dagrun for 5_jinja_macros_dag to None, run_after=None
[2023-02-18T03:01:38.190-0600] {processor.py:178} INFO - Processing /c/Airflow/dags/Apache_Airflow/5_jinja_macros_dag.py took 0.072 seconds
[2023-02-18T03:02:08.888-0600] {processor.py:156} INFO - Started process (PID=194527) to work on /c/Airflow/dags/Apache_Airflow/5_jinja_macros_dag.py
[2023-02-18T03:02:08.890-0600] {processor.py:758} INFO - Processing file /c/Airflow/dags/Apache_Airflow/5_jinja_macros_dag.py for tasks to queue
[2023-02-18T03:02:08.891-0600] {logging_mixin.py:117} INFO - [2023-02-18T03:02:08.891-0600] {dagbag.py:525} INFO - Filling up the DagBag from /c/Airflow/dags/Apache_Airflow/5_jinja_macros_dag.py
[2023-02-18T03:02:08.943-0600] {processor.py:768} INFO - DAG(s) dict_keys(['5_jinja_macros_dag']) retrieved from /c/Airflow/dags/Apache_Airflow/5_jinja_macros_dag.py
[2023-02-18T03:02:08.970-0600] {logging_mixin.py:117} INFO - [2023-02-18T03:02:08.970-0600] {dag.py:2573} INFO - Sync 1 DAGs
[2023-02-18T03:02:08.986-0600] {logging_mixin.py:117} INFO - [2023-02-18T03:02:08.986-0600] {dag.py:3324} INFO - Setting next_dagrun for 5_jinja_macros_dag to None, run_after=None
[2023-02-18T03:02:09.008-0600] {processor.py:178} INFO - Processing /c/Airflow/dags/Apache_Airflow/5_jinja_macros_dag.py took 0.122 seconds
