[2023-02-18T03:00:04.161-0600] {processor.py:156} INFO - Started process (PID=192860) to work on /c/Airflow/dags/Apache_Airflow/8_branch_dag.py
[2023-02-18T03:00:04.163-0600] {processor.py:758} INFO - Processing file /c/Airflow/dags/Apache_Airflow/8_branch_dag.py for tasks to queue
[2023-02-18T03:00:04.163-0600] {logging_mixin.py:117} INFO - [2023-02-18T03:00:04.163-0600] {dagbag.py:525} INFO - Filling up the DagBag from /c/Airflow/dags/Apache_Airflow/8_branch_dag.py
[2023-02-18T03:00:04.204-0600] {processor.py:768} INFO - DAG(s) dict_keys(['8_branch_dag']) retrieved from /c/Airflow/dags/Apache_Airflow/8_branch_dag.py
[2023-02-18T03:00:04.225-0600] {logging_mixin.py:117} INFO - [2023-02-18T03:00:04.224-0600] {dag.py:2573} INFO - Sync 1 DAGs
[2023-02-18T03:00:04.240-0600] {logging_mixin.py:117} INFO - [2023-02-18T03:00:04.239-0600] {dag.py:3324} INFO - Setting next_dagrun for 8_branch_dag to None, run_after=None
[2023-02-18T03:00:04.257-0600] {processor.py:178} INFO - Processing /c/Airflow/dags/Apache_Airflow/8_branch_dag.py took 0.098 seconds
[2023-02-18T03:00:35.982-0600] {processor.py:156} INFO - Started process (PID=193270) to work on /c/Airflow/dags/Apache_Airflow/8_branch_dag.py
[2023-02-18T03:00:35.990-0600] {processor.py:758} INFO - Processing file /c/Airflow/dags/Apache_Airflow/8_branch_dag.py for tasks to queue
[2023-02-18T03:00:35.992-0600] {logging_mixin.py:117} INFO - [2023-02-18T03:00:35.992-0600] {dagbag.py:525} INFO - Filling up the DagBag from /c/Airflow/dags/Apache_Airflow/8_branch_dag.py
[2023-02-18T03:00:36.052-0600] {processor.py:768} INFO - DAG(s) dict_keys(['8_branch_dag']) retrieved from /c/Airflow/dags/Apache_Airflow/8_branch_dag.py
[2023-02-18T03:00:36.074-0600] {logging_mixin.py:117} INFO - [2023-02-18T03:00:36.074-0600] {dag.py:2573} INFO - Sync 1 DAGs
[2023-02-18T03:00:36.087-0600] {logging_mixin.py:117} INFO - [2023-02-18T03:00:36.087-0600] {dag.py:3324} INFO - Setting next_dagrun for 8_branch_dag to None, run_after=None
[2023-02-18T03:00:36.106-0600] {processor.py:178} INFO - Processing /c/Airflow/dags/Apache_Airflow/8_branch_dag.py took 0.127 seconds
[2023-02-18T03:01:06.304-0600] {processor.py:156} INFO - Started process (PID=193624) to work on /c/Airflow/dags/Apache_Airflow/8_branch_dag.py
[2023-02-18T03:01:06.305-0600] {processor.py:758} INFO - Processing file /c/Airflow/dags/Apache_Airflow/8_branch_dag.py for tasks to queue
[2023-02-18T03:01:06.306-0600] {logging_mixin.py:117} INFO - [2023-02-18T03:01:06.306-0600] {dagbag.py:525} INFO - Filling up the DagBag from /c/Airflow/dags/Apache_Airflow/8_branch_dag.py
[2023-02-18T03:01:06.339-0600] {processor.py:768} INFO - DAG(s) dict_keys(['8_branch_dag']) retrieved from /c/Airflow/dags/Apache_Airflow/8_branch_dag.py
[2023-02-18T03:01:06.359-0600] {logging_mixin.py:117} INFO - [2023-02-18T03:01:06.359-0600] {dag.py:2573} INFO - Sync 1 DAGs
[2023-02-18T03:01:06.373-0600] {logging_mixin.py:117} INFO - [2023-02-18T03:01:06.373-0600] {dag.py:3324} INFO - Setting next_dagrun for 8_branch_dag to None, run_after=None
[2023-02-18T03:01:06.477-0600] {processor.py:178} INFO - Processing /c/Airflow/dags/Apache_Airflow/8_branch_dag.py took 0.175 seconds
[2023-02-18T03:01:36.900-0600] {processor.py:156} INFO - Started process (PID=193956) to work on /c/Airflow/dags/Apache_Airflow/8_branch_dag.py
[2023-02-18T03:01:36.901-0600] {processor.py:758} INFO - Processing file /c/Airflow/dags/Apache_Airflow/8_branch_dag.py for tasks to queue
[2023-02-18T03:01:36.902-0600] {logging_mixin.py:117} INFO - [2023-02-18T03:01:36.902-0600] {dagbag.py:525} INFO - Filling up the DagBag from /c/Airflow/dags/Apache_Airflow/8_branch_dag.py
[2023-02-18T03:01:36.930-0600] {processor.py:768} INFO - DAG(s) dict_keys(['8_branch_dag']) retrieved from /c/Airflow/dags/Apache_Airflow/8_branch_dag.py
[2023-02-18T03:01:36.949-0600] {logging_mixin.py:117} INFO - [2023-02-18T03:01:36.949-0600] {dag.py:2573} INFO - Sync 1 DAGs
[2023-02-18T03:01:36.963-0600] {logging_mixin.py:117} INFO - [2023-02-18T03:01:36.962-0600] {dag.py:3324} INFO - Setting next_dagrun for 8_branch_dag to None, run_after=None
[2023-02-18T03:01:36.975-0600] {processor.py:178} INFO - Processing /c/Airflow/dags/Apache_Airflow/8_branch_dag.py took 0.076 seconds
[2023-02-18T03:02:08.445-0600] {processor.py:156} INFO - Started process (PID=194504) to work on /c/Airflow/dags/Apache_Airflow/8_branch_dag.py
[2023-02-18T03:02:08.446-0600] {processor.py:758} INFO - Processing file /c/Airflow/dags/Apache_Airflow/8_branch_dag.py for tasks to queue
[2023-02-18T03:02:08.448-0600] {logging_mixin.py:117} INFO - [2023-02-18T03:02:08.447-0600] {dagbag.py:525} INFO - Filling up the DagBag from /c/Airflow/dags/Apache_Airflow/8_branch_dag.py
[2023-02-18T03:02:08.500-0600] {processor.py:768} INFO - DAG(s) dict_keys(['8_branch_dag']) retrieved from /c/Airflow/dags/Apache_Airflow/8_branch_dag.py
[2023-02-18T03:02:08.528-0600] {logging_mixin.py:117} INFO - [2023-02-18T03:02:08.528-0600] {dag.py:2573} INFO - Sync 1 DAGs
[2023-02-18T03:02:08.545-0600] {logging_mixin.py:117} INFO - [2023-02-18T03:02:08.545-0600] {dag.py:3324} INFO - Setting next_dagrun for 8_branch_dag to None, run_after=None
[2023-02-18T03:02:08.565-0600] {processor.py:178} INFO - Processing /c/Airflow/dags/Apache_Airflow/8_branch_dag.py took 0.122 seconds
