[2023-02-01 18:07:08,492] {taskinstance.py:1159} INFO - Dependencies all met for <TaskInstance: 6_dataproc_airflow.par_task.avg_quant manual__2023-02-01T23:53:34.596502+00:00 [queued]>
[2023-02-01 18:07:08,507] {taskinstance.py:1159} INFO - Dependencies all met for <TaskInstance: 6_dataproc_airflow.par_task.avg_quant manual__2023-02-01T23:53:34.596502+00:00 [queued]>
[2023-02-01 18:07:08,507] {taskinstance.py:1356} INFO - 
--------------------------------------------------------------------------------
[2023-02-01 18:07:08,509] {taskinstance.py:1357} INFO - Starting attempt 1 of 1
[2023-02-01 18:07:08,510] {taskinstance.py:1358} INFO - 
--------------------------------------------------------------------------------
[2023-02-01 18:07:08,540] {taskinstance.py:1377} INFO - Executing <Task(DataprocSubmitJobOperator): par_task.avg_quant> on 2023-02-01 23:53:34.596502+00:00
[2023-02-01 18:07:08,542] {standard_task_runner.py:52} INFO - Started process 14547 to run task
[2023-02-01 18:07:08,544] {standard_task_runner.py:79} INFO - Running: ['airflow', 'tasks', 'run', '6_dataproc_airflow', 'par_task.avg_quant', 'manual__2023-02-01T23:53:34.596502+00:00', '--job-id', '146', '--raw', '--subdir', 'DAGS_FOLDER/Airflow2_0_De_0_a_Heroe/6_dataproc_airflow.py', '--cfg-path', '/tmp/tmpqef9e6do', '--error-file', '/tmp/tmp2iw8s5ao']
[2023-02-01 18:07:08,544] {standard_task_runner.py:80} INFO - Job 146: Subtask par_task.avg_quant
[2023-02-01 18:07:08,610] {task_command.py:369} INFO - Running <TaskInstance: 6_dataproc_airflow.par_task.avg_quant manual__2023-02-01T23:53:34.596502+00:00 [running]> on host Tinmar.
[2023-02-01 18:07:08,712] {taskinstance.py:1569} INFO - Exporting the following env vars:
AIRFLOW_CTX_DAG_OWNER=David S
AIRFLOW_CTX_DAG_ID=6_dataproc_airflow
AIRFLOW_CTX_TASK_ID=par_task.avg_quant
AIRFLOW_CTX_EXECUTION_DATE=2023-02-01T23:53:34.596502+00:00
AIRFLOW_CTX_TRY_NUMBER=1
AIRFLOW_CTX_DAG_RUN_ID=manual__2023-02-01T23:53:34.596502+00:00
[2023-02-01 18:07:08,713] {dataproc.py:1866} INFO - Submitting job
[2023-02-01 18:07:08,725] {base.py:68} INFO - Using connection ID 'google_cloud_default' for task execution.
[2023-02-01 18:07:09,334] {dataproc.py:1878} INFO - Job PARTASK_dfa22fbf_avg_quant submitted successfully.
[2023-02-01 18:07:09,383] {dataproc.py:1898} INFO - Waiting for job PARTASK_dfa22fbf_avg_quant to complete
[2023-02-01 18:07:51,150] {taskinstance.py:1889} ERROR - Task failed with exception
Traceback (most recent call last):
  File "/home/tinmar/.local/lib/python3.10/site-packages/airflow/providers/google/cloud/operators/dataproc.py", line 1899, in execute
    self.hook.wait_for_job(
  File "/home/tinmar/.local/lib/python3.10/site-packages/airflow/providers/google/common/hooks/base_google.py", line 462, in inner_wrapper
    return func(self, *args, **kwargs)
  File "/home/tinmar/.local/lib/python3.10/site-packages/airflow/providers/google/cloud/hooks/dataproc.py", line 713, in wait_for_job
    raise AirflowException(f"Job failed:\n{job}")
airflow.exceptions.AirflowException: Job failed:
reference {
  project_id: "serene-gradient-371719"
  job_id: "PARTASK_dfa22fbf_avg_quant"
}
placement {
  cluster_name: "airflow-spark-cluster"
  cluster_uuid: "58055e3c-f251-4e17-ac77-a39f5d0be606"
}
pyspark_job {
  main_python_file_uri: "gs://airflow_spark_bucket/par_task/avg_quant.py"
  jar_file_uris: "gs://spark-lib/bigquery/spark-bigquery-latest_2.12.jar"
}
status {
  state: ERROR
  details: "Google Cloud Dataproc Agent reports job failure. If logs are available, they can be found at:\nhttps://console.cloud.google.com/dataproc/jobs/PARTASK_dfa22fbf_avg_quant?project=serene-gradient-371719&region=us-central1\ngcloud dataproc jobs wait \'PARTASK_dfa22fbf_avg_quant\' --region \'us-central1\' --project \'serene-gradient-371719\'\nhttps://console.cloud.google.com/storage/browser/airflow_spark_bucket/google-cloud-dataproc-metainfo/58055e3c-f251-4e17-ac77-a39f5d0be606/jobs/PARTASK_dfa22fbf_avg_quant/\ngs://airflow_spark_bucket/google-cloud-dataproc-metainfo/58055e3c-f251-4e17-ac77-a39f5d0be606/jobs/PARTASK_dfa22fbf_avg_quant/driveroutput"
  state_start_time {
    seconds: 1675296436
    nanos: 714274000
  }
}
yarn_applications {
  name: "bigquery-analytics-avg-quant"
  state: FINISHED
  progress: 1.0
  tracking_url: "http://airflow-spark-cluster-m:8088/proxy/application_1675296323897_0001/"
}
status_history {
  state: PENDING
  state_start_time {
    seconds: 1675296398
    nanos: 234626000
  }
}
status_history {
  state: SETUP_DONE
  state_start_time {
    seconds: 1675296398
    nanos: 283359000
  }
}
status_history {
  state: RUNNING
  state_start_time {
    seconds: 1675296398
    nanos: 719821000
  }
}
driver_control_files_uri: "gs://airflow_spark_bucket/google-cloud-dataproc-metainfo/58055e3c-f251-4e17-ac77-a39f5d0be606/jobs/PARTASK_dfa22fbf_avg_quant/"
driver_output_resource_uri: "gs://airflow_spark_bucket/google-cloud-dataproc-metainfo/58055e3c-f251-4e17-ac77-a39f5d0be606/jobs/PARTASK_dfa22fbf_avg_quant/driveroutput"
labels {
  key: "airflow-version"
  value: "v2-3-0"
}
job_uuid: "cd261d42-812e-49a7-ac1f-2740dfe55dce"
done: true

[2023-02-01 18:07:51,154] {taskinstance.py:1395} INFO - Marking task as FAILED. dag_id=6_dataproc_airflow, task_id=par_task.avg_quant, execution_date=20230201T235334, start_date=20230202T000708, end_date=20230202T000751
[2023-02-01 18:07:51,185] {standard_task_runner.py:92} ERROR - Failed to execute job 146 for task par_task.avg_quant (Job failed:
reference {
  project_id: "serene-gradient-371719"
  job_id: "PARTASK_dfa22fbf_avg_quant"
}
placement {
  cluster_name: "airflow-spark-cluster"
  cluster_uuid: "58055e3c-f251-4e17-ac77-a39f5d0be606"
}
pyspark_job {
  main_python_file_uri: "gs://airflow_spark_bucket/par_task/avg_quant.py"
  jar_file_uris: "gs://spark-lib/bigquery/spark-bigquery-latest_2.12.jar"
}
status {
  state: ERROR
  details: "Google Cloud Dataproc Agent reports job failure. If logs are available, they can be found at:\nhttps://console.cloud.google.com/dataproc/jobs/PARTASK_dfa22fbf_avg_quant?project=serene-gradient-371719&region=us-central1\ngcloud dataproc jobs wait \'PARTASK_dfa22fbf_avg_quant\' --region \'us-central1\' --project \'serene-gradient-371719\'\nhttps://console.cloud.google.com/storage/browser/airflow_spark_bucket/google-cloud-dataproc-metainfo/58055e3c-f251-4e17-ac77-a39f5d0be606/jobs/PARTASK_dfa22fbf_avg_quant/\ngs://airflow_spark_bucket/google-cloud-dataproc-metainfo/58055e3c-f251-4e17-ac77-a39f5d0be606/jobs/PARTASK_dfa22fbf_avg_quant/driveroutput"
  state_start_time {
    seconds: 1675296436
    nanos: 714274000
  }
}
yarn_applications {
  name: "bigquery-analytics-avg-quant"
  state: FINISHED
  progress: 1.0
  tracking_url: "http://airflow-spark-cluster-m:8088/proxy/application_1675296323897_0001/"
}
status_history {
  state: PENDING
  state_start_time {
    seconds: 1675296398
    nanos: 234626000
  }
}
status_history {
  state: SETUP_DONE
  state_start_time {
    seconds: 1675296398
    nanos: 283359000
  }
}
status_history {
  state: RUNNING
  state_start_time {
    seconds: 1675296398
    nanos: 719821000
  }
}
driver_control_files_uri: "gs://airflow_spark_bucket/google-cloud-dataproc-metainfo/58055e3c-f251-4e17-ac77-a39f5d0be606/jobs/PARTASK_dfa22fbf_avg_quant/"
driver_output_resource_uri: "gs://airflow_spark_bucket/google-cloud-dataproc-metainfo/58055e3c-f251-4e17-ac77-a39f5d0be606/jobs/PARTASK_dfa22fbf_avg_quant/driveroutput"
labels {
  key: "airflow-version"
  value: "v2-3-0"
}
job_uuid: "cd261d42-812e-49a7-ac1f-2740dfe55dce"
done: true
; 14547)
[2023-02-01 18:07:51,199] {local_task_job.py:156} INFO - Task exited with return code 1
