[2023-02-02 10:36:12,527] {taskinstance.py:1159} INFO - Dependencies all met for <TaskInstance: 6_dataproc_airflow.impar_task manual__2023-02-02T16:25:47.088667+00:00 [queued]>
[2023-02-02 10:36:12,541] {taskinstance.py:1159} INFO - Dependencies all met for <TaskInstance: 6_dataproc_airflow.impar_task manual__2023-02-02T16:25:47.088667+00:00 [queued]>
[2023-02-02 10:36:12,541] {taskinstance.py:1356} INFO - 
--------------------------------------------------------------------------------
[2023-02-02 10:36:12,544] {taskinstance.py:1357} INFO - Starting attempt 1 of 1
[2023-02-02 10:36:12,544] {taskinstance.py:1358} INFO - 
--------------------------------------------------------------------------------
[2023-02-02 10:36:12,572] {taskinstance.py:1377} INFO - Executing <Task(DataprocSubmitJobOperator): impar_task> on 2023-02-02 16:25:47.088667+00:00
[2023-02-02 10:36:12,574] {standard_task_runner.py:52} INFO - Started process 18273 to run task
[2023-02-02 10:36:12,576] {standard_task_runner.py:79} INFO - Running: ['airflow', 'tasks', 'run', '6_dataproc_airflow', 'impar_task', 'manual__2023-02-02T16:25:47.088667+00:00', '--job-id', '176', '--raw', '--subdir', 'DAGS_FOLDER/Airflow2_0_De_0_a_Heroe/6_dataproc_airflow.py', '--cfg-path', '/tmp/tmpxv58ql3g', '--error-file', '/tmp/tmpiz9c69dy']
[2023-02-02 10:36:12,577] {standard_task_runner.py:80} INFO - Job 176: Subtask impar_task
[2023-02-02 10:36:12,685] {task_command.py:369} INFO - Running <TaskInstance: 6_dataproc_airflow.impar_task manual__2023-02-02T16:25:47.088667+00:00 [running]> on host Tinmar.
[2023-02-02 10:36:12,792] {taskinstance.py:1569} INFO - Exporting the following env vars:
AIRFLOW_CTX_DAG_OWNER=David S
AIRFLOW_CTX_DAG_ID=6_dataproc_airflow
AIRFLOW_CTX_TASK_ID=impar_task
AIRFLOW_CTX_EXECUTION_DATE=2023-02-02T16:25:47.088667+00:00
AIRFLOW_CTX_TRY_NUMBER=1
AIRFLOW_CTX_DAG_RUN_ID=manual__2023-02-02T16:25:47.088667+00:00
[2023-02-02 10:36:12,792] {dataproc.py:1866} INFO - Submitting job
[2023-02-02 10:36:12,804] {base.py:68} INFO - Using connection ID 'google_cloud_default' for task execution.
[2023-02-02 10:36:13,378] {dataproc.py:1878} INFO - Job IMPARTASK_dfa23fbf submitted successfully.
[2023-02-02 10:36:13,412] {dataproc.py:1898} INFO - Waiting for job IMPARTASK_dfa23fbf to complete
[2023-02-02 10:37:15,947] {dataproc.py:1902} INFO - Job IMPARTASK_dfa23fbf completed successfully.
[2023-02-02 10:37:16,010] {taskinstance.py:1395} INFO - Marking task as SUCCESS. dag_id=6_dataproc_airflow, task_id=impar_task, execution_date=20230202T162547, start_date=20230202T163612, end_date=20230202T163716
[2023-02-02 10:37:16,053] {local_task_job.py:156} INFO - Task exited with return code 0
