[2023-02-02 11:22:23,863] {taskinstance.py:1159} INFO - Dependencies all met for <TaskInstance: 7_dataproc_subdags.delete_cluster scheduled__2023-02-01T00:00:00+00:00 [queued]>
[2023-02-02 11:22:23,879] {taskinstance.py:1159} INFO - Dependencies all met for <TaskInstance: 7_dataproc_subdags.delete_cluster scheduled__2023-02-01T00:00:00+00:00 [queued]>
[2023-02-02 11:22:23,880] {taskinstance.py:1356} INFO - 
--------------------------------------------------------------------------------
[2023-02-02 11:22:23,882] {taskinstance.py:1357} INFO - Starting attempt 1 of 1
[2023-02-02 11:22:23,882] {taskinstance.py:1358} INFO - 
--------------------------------------------------------------------------------
[2023-02-02 11:22:23,912] {taskinstance.py:1377} INFO - Executing <Task(DataprocDeleteClusterOperator): delete_cluster> on 2023-02-01 00:00:00+00:00
[2023-02-02 11:22:23,914] {standard_task_runner.py:52} INFO - Started process 20145 to run task
[2023-02-02 11:22:23,917] {standard_task_runner.py:79} INFO - Running: ['airflow', 'tasks', 'run', '7_dataproc_subdags', 'delete_cluster', 'scheduled__2023-02-01T00:00:00+00:00', '--job-id', '192', '--raw', '--subdir', 'DAGS_FOLDER/Airflow2_0_De_0_a_Heroe/7_dataproc_subdags.py', '--cfg-path', '/tmp/tmpvtudjmk8', '--error-file', '/tmp/tmpyosnluei']
[2023-02-02 11:22:23,918] {standard_task_runner.py:80} INFO - Job 192: Subtask delete_cluster
[2023-02-02 11:22:23,990] {task_command.py:369} INFO - Running <TaskInstance: 7_dataproc_subdags.delete_cluster scheduled__2023-02-01T00:00:00+00:00 [running]> on host Tinmar.
[2023-02-02 11:22:24,093] {taskinstance.py:1569} INFO - Exporting the following env vars:
AIRFLOW_CTX_DAG_OWNER=David Sanchez
AIRFLOW_CTX_DAG_ID=7_dataproc_subdags
AIRFLOW_CTX_TASK_ID=delete_cluster
AIRFLOW_CTX_EXECUTION_DATE=2023-02-01T00:00:00+00:00
AIRFLOW_CTX_TRY_NUMBER=1
AIRFLOW_CTX_DAG_RUN_ID=scheduled__2023-02-01T00:00:00+00:00
[2023-02-02 11:22:24,105] {base.py:68} INFO - Using connection ID 'google_cloud_default' for task execution.
[2023-02-02 11:22:24,107] {dataproc.py:817} INFO - Deleting cluster: airflow-spark-cluster
[2023-02-02 11:22:49,621] {dataproc.py:829} INFO - Cluster deleted.
[2023-02-02 11:22:49,639] {taskinstance.py:1395} INFO - Marking task as SUCCESS. dag_id=7_dataproc_subdags, task_id=delete_cluster, execution_date=20230201T000000, start_date=20230202T172223, end_date=20230202T172249
[2023-02-02 11:22:49,687] {local_task_job.py:156} INFO - Task exited with return code 0
[2023-02-02 11:22:49,729] {local_task_job.py:273} INFO - 0 downstream tasks scheduled from follow-on schedule check
