[2023-02-13 11:31:41,050] {taskinstance.py:1159} INFO - Dependencies all met for <TaskInstance: xcoms_cuarto_dag.xcom_push manual__2023-02-13T17:22:52.360192+00:00 [queued]>
[2023-02-13 11:31:41,055] {taskinstance.py:1159} INFO - Dependencies all met for <TaskInstance: xcoms_cuarto_dag.xcom_push manual__2023-02-13T17:22:52.360192+00:00 [queued]>
[2023-02-13 11:31:41,056] {taskinstance.py:1356} INFO - 
--------------------------------------------------------------------------------
[2023-02-13 11:31:41,057] {taskinstance.py:1357} INFO - Starting attempt 2 of 2
[2023-02-13 11:31:41,057] {taskinstance.py:1358} INFO - 
--------------------------------------------------------------------------------
[2023-02-13 11:31:41,065] {taskinstance.py:1377} INFO - Executing <Task(PythonOperator): xcom_push> on 2023-02-13 17:22:52.360192+00:00
[2023-02-13 11:31:41,067] {standard_task_runner.py:52} INFO - Started process 82778 to run task
[2023-02-13 11:31:41,069] {standard_task_runner.py:79} INFO - Running: ['***', 'tasks', 'run', 'xcoms_cuarto_dag', 'xcom_push', 'manual__2023-02-13T17:22:52.360192+00:00', '--job-id', '109', '--raw', '--subdir', 'DAGS_FOLDER/Apache_Airflow/xcoms_cuarto_dag.py', '--cfg-path', '/tmp/tmpx6tszept', '--error-file', '/tmp/tmpb7aptsnw']
[2023-02-13 11:31:41,071] {standard_task_runner.py:80} INFO - Job 109: Subtask xcom_push
[2023-02-13 11:31:41,110] {task_command.py:369} INFO - Running <TaskInstance: xcoms_cuarto_dag.xcom_push manual__2023-02-13T17:22:52.360192+00:00 [running]> on host Tinmar.
[2023-02-13 11:31:41,164] {taskinstance.py:1569} INFO - Exporting the following env vars:
AIRFLOW_CTX_DAG_OWNER=Tinmar
AIRFLOW_CTX_DAG_ID=xcoms_cuarto_dag
AIRFLOW_CTX_TASK_ID=xcom_push
AIRFLOW_CTX_EXECUTION_DATE=2023-02-13T17:22:52.360192+00:00
AIRFLOW_CTX_TRY_NUMBER=2
AIRFLOW_CTX_DAG_RUN_ID=manual__2023-02-13T17:22:52.360192+00:00
[2023-02-13 11:31:41,165] {logging_mixin.py:115} INFO - Hola Tinmar
[2023-02-13 11:31:41,166] {logging_mixin.py:115} INFO - Hola Alejandra
[2023-02-13 11:31:41,166] {logging_mixin.py:115} INFO - Hola Kenya
[2023-02-13 11:31:41,166] {logging_mixin.py:115} INFO - Hola Atocha
[2023-02-13 11:31:41,167] {logging_mixin.py:115} INFO - Hola Francisco
[2023-02-13 11:31:41,167] {logging_mixin.py:115} INFO - Hola Paola
[2023-02-13 11:31:41,168] {logging_mixin.py:115} INFO - Hola Lucy
[2023-02-13 11:31:41,168] {logging_mixin.py:115} INFO - Hola Ajna
[2023-02-13 11:31:41,179] {python.py:173} INFO - Done. Returned value was: Este es un Xcom
[2023-02-13 11:31:41,197] {taskinstance.py:1395} INFO - Marking task as SUCCESS. dag_id=xcoms_cuarto_dag, task_id=xcom_push, execution_date=20230213T172252, start_date=20230213T173141, end_date=20230213T173141
[2023-02-13 11:31:41,244] {local_task_job.py:156} INFO - Task exited with return code 0
[2023-02-13 11:31:41,275] {local_task_job.py:273} INFO - 1 downstream tasks scheduled from follow-on schedule check
