[2023-02-20T09:18:19.168-0600] {taskinstance.py:1165} INFO - Dependencies all met for <TaskInstance: 4.2_group_dag.downloads scheduled__2023-02-19T00:00:00+00:00 [queued]>
[2023-02-20T09:18:19.228-0600] {taskinstance.py:1165} INFO - Dependencies all met for <TaskInstance: 4.2_group_dag.downloads scheduled__2023-02-19T00:00:00+00:00 [queued]>
[2023-02-20T09:18:19.249-0600] {taskinstance.py:1362} INFO - 
--------------------------------------------------------------------------------
[2023-02-20T09:18:19.269-0600] {taskinstance.py:1363} INFO - Starting attempt 1 of 1
[2023-02-20T09:18:19.278-0600] {taskinstance.py:1364} INFO - 
--------------------------------------------------------------------------------
[2023-02-20T09:18:19.363-0600] {taskinstance.py:1383} INFO - Executing <Task(SubDagOperator): downloads> on 2023-02-19 00:00:00+00:00
[2023-02-20T09:18:19.386-0600] {standard_task_runner.py:54} INFO - Started process 197650 to run task
[2023-02-20T09:18:19.418-0600] {standard_task_runner.py:82} INFO - Running: ['***', 'tasks', 'run', '4.2_group_dag', 'downloads', 'scheduled__2023-02-19T00:00:00+00:00', '--job-id', '543', '--raw', '--subdir', 'DAGS_FOLDER/Introduction_to_Apache_Airflow/4.2_group_dag.py', '--cfg-path', '/tmp/tmpdenbffsg']
[2023-02-20T09:18:19.446-0600] {standard_task_runner.py:83} INFO - Job 543: Subtask downloads
[2023-02-20T09:18:19.455-0600] {dagbag.py:525} INFO - Filling up the DagBag from /c/Airflow/dags/Introduction_to_Apache_Airflow/4.2_group_dag.py
[2023-02-20T09:18:21.075-0600] {task_command.py:384} INFO - Running <TaskInstance: 4.2_group_dag.downloads scheduled__2023-02-19T00:00:00+00:00 [running]> on host Tinmar.
[2023-02-20T09:18:21.286-0600] {taskinstance.py:1590} INFO - Exporting the following env vars:
AIRFLOW_CTX_DAG_OWNER=***
AIRFLOW_CTX_DAG_ID=4.2_group_dag
AIRFLOW_CTX_TASK_ID=downloads
AIRFLOW_CTX_EXECUTION_DATE=2023-02-19T00:00:00+00:00
AIRFLOW_CTX_TRY_NUMBER=1
AIRFLOW_CTX_DAG_RUN_ID=scheduled__2023-02-19T00:00:00+00:00
[2023-02-20T09:18:21.301-0600] {logging_mixin.py:117} WARNING - /home/tinmar/.local/lib/python3.10/site-packages/***/utils/context.py:191 AirflowContextDeprecationWarning: Accessing 'execution_date' from the template is deprecated and will be removed in a future version. Please use 'data_interval_start' or 'logical_date' instead.
[2023-02-20T09:18:21.400-0600] {subdag.py:171} INFO - Created DagRun: scheduled__2023-02-19T00:00:00+00:00
[2023-02-20T09:19:17.517-0600] {base.py:213} INFO - Success criteria met. Exiting.
[2023-02-20T09:19:17.530-0600] {subdag.py:186} INFO - Execution finished. State is failed
[2023-02-20T09:19:17.542-0600] {taskinstance.py:1851} ERROR - Task failed with exception
Traceback (most recent call last):
  File "/home/tinmar/.local/lib/python3.10/site-packages/airflow/models/taskinstance.py", line 1457, in _run_raw_task
    self._execute_task_with_callbacks(context, test_mode)
  File "/home/tinmar/.local/lib/python3.10/site-packages/airflow/models/taskinstance.py", line 1606, in _execute_task_with_callbacks
    self.task.post_execute(context=context, result=result)
  File "/home/tinmar/.local/lib/python3.10/site-packages/airflow/operators/subdag.py", line 189, in post_execute
    raise AirflowException(f"Expected state: SUCCESS. Actual state: {dag_run.state}")
airflow.exceptions.AirflowException: Expected state: SUCCESS. Actual state: failed
[2023-02-20T09:19:17.546-0600] {taskinstance.py:1401} INFO - Marking task as FAILED. dag_id=4.2_group_dag, task_id=downloads, execution_date=20230219T000000, start_date=20230220T151819, end_date=20230220T151917
[2023-02-20T09:19:17.558-0600] {standard_task_runner.py:102} ERROR - Failed to execute job 543 for task downloads (Expected state: SUCCESS. Actual state: failed; 197650)
[2023-02-20T09:19:20.415-0600] {local_task_job.py:164} INFO - Task exited with return code 1
[2023-02-20T09:19:20.437-0600] {local_task_job.py:273} INFO - 0 downstream tasks scheduled from follow-on schedule check
