[2023-02-13 12:23:20,921] {taskinstance.py:1159} INFO - Dependencies all met for <TaskInstance: jinja_macros_quinto_dag.xcom_push manual__2023-02-13T18:23:18.602007+00:00 [queued]>
[2023-02-13 12:23:20,930] {taskinstance.py:1159} INFO - Dependencies all met for <TaskInstance: jinja_macros_quinto_dag.xcom_push manual__2023-02-13T18:23:18.602007+00:00 [queued]>
[2023-02-13 12:23:20,931] {taskinstance.py:1356} INFO - 
--------------------------------------------------------------------------------
[2023-02-13 12:23:20,932] {taskinstance.py:1357} INFO - Starting attempt 1 of 1
[2023-02-13 12:23:20,933] {taskinstance.py:1358} INFO - 
--------------------------------------------------------------------------------
[2023-02-13 12:23:20,951] {taskinstance.py:1377} INFO - Executing <Task(PythonOperator): xcom_push> on 2023-02-13 18:23:18.602007+00:00
[2023-02-13 12:23:20,954] {standard_task_runner.py:52} INFO - Started process 114754 to run task
[2023-02-13 12:23:20,956] {standard_task_runner.py:79} INFO - Running: ['***', 'tasks', 'run', 'jinja_macros_quinto_dag', 'xcom_push', 'manual__2023-02-13T18:23:18.602007+00:00', '--job-id', '123', '--raw', '--subdir', 'DAGS_FOLDER/Apache_Airflow/jinja_macros_quinto_dag.py', '--cfg-path', '/tmp/tmp3np8bmza', '--error-file', '/tmp/tmpf41ub9jw']
[2023-02-13 12:23:20,958] {standard_task_runner.py:80} INFO - Job 123: Subtask xcom_push
[2023-02-13 12:23:21,015] {task_command.py:369} INFO - Running <TaskInstance: jinja_macros_quinto_dag.xcom_push manual__2023-02-13T18:23:18.602007+00:00 [running]> on host Tinmar.
[2023-02-13 12:23:21,079] {taskinstance.py:1569} INFO - Exporting the following env vars:
AIRFLOW_CTX_DAG_OWNER=Tinmar
AIRFLOW_CTX_DAG_ID=jinja_macros_quinto_dag
AIRFLOW_CTX_TASK_ID=xcom_push
AIRFLOW_CTX_EXECUTION_DATE=2023-02-13T18:23:18.602007+00:00
AIRFLOW_CTX_TRY_NUMBER=1
AIRFLOW_CTX_DAG_RUN_ID=manual__2023-02-13T18:23:18.602007+00:00
[2023-02-13 12:23:21,081] {logging_mixin.py:115} INFO - Hola Tinmar
[2023-02-13 12:23:21,081] {logging_mixin.py:115} INFO - Hola Alejandra
[2023-02-13 12:23:21,082] {logging_mixin.py:115} INFO - Hola Kenya
[2023-02-13 12:23:21,082] {logging_mixin.py:115} INFO - Hola Atocha
[2023-02-13 12:23:21,083] {logging_mixin.py:115} INFO - Hola Francisco
[2023-02-13 12:23:21,083] {logging_mixin.py:115} INFO - Hola Paola
[2023-02-13 12:23:21,083] {logging_mixin.py:115} INFO - Hola Lucy
[2023-02-13 12:23:21,084] {logging_mixin.py:115} INFO - Hola Ajna
[2023-02-13 12:23:21,099] {python.py:173} INFO - Done. Returned value was: Este es un Xcom
[2023-02-13 12:23:21,122] {taskinstance.py:1395} INFO - Marking task as SUCCESS. dag_id=jinja_macros_quinto_dag, task_id=xcom_push, execution_date=20230213T182318, start_date=20230213T182320, end_date=20230213T182321
[2023-02-13 12:23:21,172] {local_task_job.py:156} INFO - Task exited with return code 0
[2023-02-13 12:23:21,210] {local_task_job.py:273} INFO - 1 downstream tasks scheduled from follow-on schedule check
