[2023-02-13 11:31:42,617] {taskinstance.py:1159} INFO - Dependencies all met for <TaskInstance: xcoms_cuarto_dag.xcom_pull manual__2023-02-13T17:22:52.360192+00:00 [queued]>
[2023-02-13 11:31:42,625] {taskinstance.py:1159} INFO - Dependencies all met for <TaskInstance: xcoms_cuarto_dag.xcom_pull manual__2023-02-13T17:22:52.360192+00:00 [queued]>
[2023-02-13 11:31:42,626] {taskinstance.py:1356} INFO - 
--------------------------------------------------------------------------------
[2023-02-13 11:31:42,626] {taskinstance.py:1357} INFO - Starting attempt 2 of 2
[2023-02-13 11:31:42,627] {taskinstance.py:1358} INFO - 
--------------------------------------------------------------------------------
[2023-02-13 11:31:42,636] {taskinstance.py:1377} INFO - Executing <Task(PythonOperator): xcom_pull> on 2023-02-13 17:22:52.360192+00:00
[2023-02-13 11:31:42,640] {standard_task_runner.py:52} INFO - Started process 82869 to run task
[2023-02-13 11:31:42,644] {standard_task_runner.py:79} INFO - Running: ['***', 'tasks', 'run', 'xcoms_cuarto_dag', 'xcom_pull', 'manual__2023-02-13T17:22:52.360192+00:00', '--job-id', '110', '--raw', '--subdir', 'DAGS_FOLDER/Apache_Airflow/xcoms_cuarto_dag.py', '--cfg-path', '/tmp/tmpoggxigtx', '--error-file', '/tmp/tmpj87cfce8']
[2023-02-13 11:31:42,650] {standard_task_runner.py:80} INFO - Job 110: Subtask xcom_pull
[2023-02-13 11:31:42,736] {task_command.py:369} INFO - Running <TaskInstance: xcoms_cuarto_dag.xcom_pull manual__2023-02-13T17:22:52.360192+00:00 [running]> on host Tinmar.
[2023-02-13 11:31:42,807] {taskinstance.py:1569} INFO - Exporting the following env vars:
AIRFLOW_CTX_DAG_OWNER=Tinmar
AIRFLOW_CTX_DAG_ID=xcoms_cuarto_dag
AIRFLOW_CTX_TASK_ID=xcom_pull
AIRFLOW_CTX_EXECUTION_DATE=2023-02-13T17:22:52.360192+00:00
AIRFLOW_CTX_TRY_NUMBER=2
AIRFLOW_CTX_DAG_RUN_ID=manual__2023-02-13T17:22:52.360192+00:00
[2023-02-13 11:31:42,818] {logging_mixin.py:115} INFO - Este es un Xcom
[2023-02-13 11:31:42,819] {python.py:173} INFO - Done. Returned value was: None
[2023-02-13 11:31:42,830] {taskinstance.py:1395} INFO - Marking task as SUCCESS. dag_id=xcoms_cuarto_dag, task_id=xcom_pull, execution_date=20230213T172252, start_date=20230213T173142, end_date=20230213T173142
[2023-02-13 11:31:42,875] {local_task_job.py:156} INFO - Task exited with return code 0
[2023-02-13 11:31:42,905] {local_task_job.py:273} INFO - 1 downstream tasks scheduled from follow-on schedule check
