[2023-02-21T11:27:39.719-0600] {taskinstance.py:1165} INFO - Dependencies all met for <TaskInstance: 2_owner.task_c manual__2023-02-21T17:27:38.256268+00:00 [queued]>
[2023-02-21T11:27:39.728-0600] {taskinstance.py:1165} INFO - Dependencies all met for <TaskInstance: 2_owner.task_c manual__2023-02-21T17:27:38.256268+00:00 [queued]>
[2023-02-21T11:27:39.728-0600] {taskinstance.py:1362} INFO - 
--------------------------------------------------------------------------------
[2023-02-21T11:27:39.729-0600] {taskinstance.py:1363} INFO - Starting attempt 1 of 1
[2023-02-21T11:27:39.730-0600] {taskinstance.py:1364} INFO - 
--------------------------------------------------------------------------------
[2023-02-21T11:27:39.737-0600] {taskinstance.py:1383} INFO - Executing <Task(BashOperator): task_c> on 2023-02-21 17:27:38.256268+00:00
[2023-02-21T11:27:39.739-0600] {standard_task_runner.py:54} INFO - Started process 505363 to run task
[2023-02-21T11:27:39.741-0600] {standard_task_runner.py:82} INFO - Running: ['***', 'tasks', 'run', '2_owner', 'task_c', 'manual__2023-02-21T17:27:38.256268+00:00', '--job-id', '651', '--raw', '--subdir', 'DAGS_FOLDER/Apache_Airflow-The_Operators_Guide/2_owner.py', '--cfg-path', '/tmp/tmp8_4o9juc']
[2023-02-21T11:27:39.743-0600] {standard_task_runner.py:83} INFO - Job 651: Subtask task_c
[2023-02-21T11:27:39.744-0600] {dagbag.py:525} INFO - Filling up the DagBag from /c/Airflow/dags/Apache_Airflow-The_Operators_Guide/2_owner.py
[2023-02-21T11:27:39.819-0600] {task_command.py:384} INFO - Running <TaskInstance: 2_owner.task_c manual__2023-02-21T17:27:38.256268+00:00 [running]> on host Tinmar.
[2023-02-21T11:27:39.863-0600] {taskinstance.py:1590} INFO - Exporting the following env vars:
AIRFLOW_CTX_DAG_OWNER=Armando
AIRFLOW_CTX_DAG_ID=2_owner
AIRFLOW_CTX_TASK_ID=task_c
AIRFLOW_CTX_EXECUTION_DATE=2023-02-21T17:27:38.256268+00:00
AIRFLOW_CTX_TRY_NUMBER=1
AIRFLOW_CTX_DAG_RUN_ID=manual__2023-02-21T17:27:38.256268+00:00
[2023-02-21T11:27:39.864-0600] {subprocess.py:63} INFO - Tmp dir root location: 
 /tmp
[2023-02-21T11:27:39.865-0600] {subprocess.py:75} INFO - Running command: ['/usr/bin/bash', '-c', "echo 'task_c'"]
[2023-02-21T11:27:39.870-0600] {subprocess.py:86} INFO - Output:
[2023-02-21T11:27:39.871-0600] {subprocess.py:93} INFO - task_c
[2023-02-21T11:27:39.871-0600] {subprocess.py:97} INFO - Command exited with return code 0
[2023-02-21T11:27:39.891-0600] {taskinstance.py:1401} INFO - Marking task as SUCCESS. dag_id=2_owner, task_id=task_c, execution_date=20230221T172738, start_date=20230221T172739, end_date=20230221T172739
[2023-02-21T11:27:39.914-0600] {local_task_job.py:164} INFO - Task exited with return code 0
[2023-02-21T11:27:39.932-0600] {local_task_job.py:273} INFO - 1 downstream tasks scheduled from follow-on schedule check
