[2023-02-09 11:55:53,415] {taskinstance.py:1159} INFO - Dependencies all met for <TaskInstance: 7_dataproc_subdags.par_task.avg_quant scheduled__2023-02-09T16:42:00.190347+00:00 [queued]>
[2023-02-09 11:55:53,420] {taskinstance.py:1159} INFO - Dependencies all met for <TaskInstance: 7_dataproc_subdags.par_task.avg_quant scheduled__2023-02-09T16:42:00.190347+00:00 [queued]>
[2023-02-09 11:55:53,420] {taskinstance.py:1356} INFO - 
--------------------------------------------------------------------------------
[2023-02-09 11:55:53,421] {taskinstance.py:1357} INFO - Starting attempt 1 of 1
[2023-02-09 11:55:53,422] {taskinstance.py:1358} INFO - 
--------------------------------------------------------------------------------
[2023-02-09 11:55:53,429] {taskinstance.py:1377} INFO - Executing <Task(DataprocSubmitJobOperator): avg_quant> on 2023-02-09 16:42:00.190347+00:00
[2023-02-09 11:55:53,431] {standard_task_runner.py:52} INFO - Started process 40770 to run task
[2023-02-09 11:55:53,433] {standard_task_runner.py:79} INFO - Running: ['***', 'tasks', 'run', '7_dataproc_subdags.par_task', 'avg_quant', 'scheduled__2023-02-09T16:42:00.190347+00:00', '--job-id', '35', '--raw', '--subdir', 'DAGS_FOLDER/Airflow2_0_De_0_a_Heroe/7_dataproc_subdags.py', '--cfg-path', '/tmp/tmpkeqoy46v', '--error-file', '/tmp/tmpxpgqf54k']
[2023-02-09 11:55:53,434] {standard_task_runner.py:80} INFO - Job 35: Subtask avg_quant
[2023-02-09 11:55:53,470] {task_command.py:369} INFO - Running <TaskInstance: 7_dataproc_subdags.par_task.avg_quant scheduled__2023-02-09T16:42:00.190347+00:00 [running]> on host Tinmar.
[2023-02-09 11:55:53,511] {taskinstance.py:1569} INFO - Exporting the following env vars:
AIRFLOW_CTX_DAG_OWNER=David Sanchez
AIRFLOW_CTX_DAG_ID=7_dataproc_subdags.par_task
AIRFLOW_CTX_TASK_ID=avg_quant
AIRFLOW_CTX_EXECUTION_DATE=2023-02-09T16:42:00.190347+00:00
AIRFLOW_CTX_TRY_NUMBER=1
AIRFLOW_CTX_DAG_RUN_ID=scheduled__2023-02-09T16:42:00.190347+00:00
[2023-02-09 11:55:53,512] {dataproc.py:1866} INFO - Submitting job
[2023-02-09 11:55:53,520] {base.py:68} INFO - Using connection ID 'google_cloud_default' for task execution.
[2023-02-09 11:55:53,822] {dataproc.py:1878} INFO - Job b1b63d0a_subjob_avg_quant submitted successfully.
[2023-02-09 11:55:53,836] {dataproc.py:1898} INFO - Waiting for job b1b63d0a_subjob_avg_quant to complete
[2023-02-09 11:57:06,839] {dataproc.py:1902} INFO - Job b1b63d0a_subjob_avg_quant completed successfully.
[2023-02-09 11:57:06,860] {taskinstance.py:1395} INFO - Marking task as SUCCESS. dag_id=7_dataproc_subdags.par_task, task_id=avg_quant, execution_date=20230209T164200, start_date=20230209T175553, end_date=20230209T175706
[2023-02-09 11:57:06,887] {local_task_job.py:156} INFO - Task exited with return code 0
