[2023-02-16T16:45:10.241-0600] {taskinstance.py:1165} INFO - Dependencies all met for <TaskInstance: 4_group_dag.download_a scheduled__2023-02-15T00:00:00+00:00 [queued]>
[2023-02-16T16:45:10.250-0600] {taskinstance.py:1165} INFO - Dependencies all met for <TaskInstance: 4_group_dag.download_a scheduled__2023-02-15T00:00:00+00:00 [queued]>
[2023-02-16T16:45:10.250-0600] {taskinstance.py:1362} INFO - 
--------------------------------------------------------------------------------
[2023-02-16T16:45:10.251-0600] {taskinstance.py:1363} INFO - Starting attempt 1 of 1
[2023-02-16T16:45:10.252-0600] {taskinstance.py:1364} INFO - 
--------------------------------------------------------------------------------
[2023-02-16T16:45:10.260-0600] {taskinstance.py:1383} INFO - Executing <Task(BashOperator): download_a> on 2023-02-15 00:00:00+00:00
[2023-02-16T16:45:10.262-0600] {standard_task_runner.py:54} INFO - Started process 164817 to run task
[2023-02-16T16:45:10.264-0600] {standard_task_runner.py:82} INFO - Running: ['***', 'tasks', 'run', '4_group_dag', 'download_a', 'scheduled__2023-02-15T00:00:00+00:00', '--job-id', '304', '--raw', '--subdir', 'DAGS_FOLDER/Introduction_to_Apache_Airflow/4_group_dag.py', '--cfg-path', '/tmp/tmpiqdzw8hi']
[2023-02-16T16:45:10.266-0600] {standard_task_runner.py:83} INFO - Job 304: Subtask download_a
[2023-02-16T16:45:10.267-0600] {dagbag.py:525} INFO - Filling up the DagBag from /c/Airflow/dags/Introduction_to_Apache_Airflow/4_group_dag.py
[2023-02-16T16:45:10.360-0600] {task_command.py:384} INFO - Running <TaskInstance: 4_group_dag.download_a scheduled__2023-02-15T00:00:00+00:00 [running]> on host Tinmar.
[2023-02-16T16:45:10.405-0600] {taskinstance.py:1590} INFO - Exporting the following env vars:
AIRFLOW_CTX_DAG_OWNER=***
AIRFLOW_CTX_DAG_ID=4_group_dag
AIRFLOW_CTX_TASK_ID=download_a
AIRFLOW_CTX_EXECUTION_DATE=2023-02-15T00:00:00+00:00
AIRFLOW_CTX_TRY_NUMBER=1
AIRFLOW_CTX_DAG_RUN_ID=scheduled__2023-02-15T00:00:00+00:00
[2023-02-16T16:45:10.406-0600] {subprocess.py:63} INFO - Tmp dir root location: 
 /tmp
[2023-02-16T16:45:10.407-0600] {subprocess.py:75} INFO - Running command: ['/usr/bin/bash', '-c', 'sleep 10']
[2023-02-16T16:45:10.411-0600] {subprocess.py:86} INFO - Output:
[2023-02-16T16:45:20.412-0600] {subprocess.py:97} INFO - Command exited with return code 0
[2023-02-16T16:45:20.433-0600] {taskinstance.py:1401} INFO - Marking task as SUCCESS. dag_id=4_group_dag, task_id=download_a, execution_date=20230215T000000, start_date=20230216T224510, end_date=20230216T224520
[2023-02-16T16:45:20.478-0600] {local_task_job.py:164} INFO - Task exited with return code 0
[2023-02-16T16:45:20.503-0600] {local_task_job.py:273} INFO - 0 downstream tasks scheduled from follow-on schedule check
