[2023-02-13 14:42:19,166] {taskinstance.py:1159} INFO - Dependencies all met for <TaskInstance: branch_octavo_dag.branch manual__2023-02-13T20:42:14.859597+00:00 [queued]>
[2023-02-13 14:42:19,171] {taskinstance.py:1159} INFO - Dependencies all met for <TaskInstance: branch_octavo_dag.branch manual__2023-02-13T20:42:14.859597+00:00 [queued]>
[2023-02-13 14:42:19,172] {taskinstance.py:1356} INFO - 
--------------------------------------------------------------------------------
[2023-02-13 14:42:19,172] {taskinstance.py:1357} INFO - Starting attempt 1 of 1
[2023-02-13 14:42:19,173] {taskinstance.py:1358} INFO - 
--------------------------------------------------------------------------------
[2023-02-13 14:42:19,180] {taskinstance.py:1377} INFO - Executing <Task(BranchPythonOperator): branch> on 2023-02-13 20:42:14.859597+00:00
[2023-02-13 14:42:19,183] {standard_task_runner.py:52} INFO - Started process 204082 to run task
[2023-02-13 14:42:19,185] {standard_task_runner.py:79} INFO - Running: ['***', 'tasks', 'run', 'branch_octavo_dag', 'branch', 'manual__2023-02-13T20:42:14.859597+00:00', '--job-id', '146', '--raw', '--subdir', 'DAGS_FOLDER/Apache_Airflow/branch_octavo_dag.py', '--cfg-path', '/tmp/tmpx4wu4bq9', '--error-file', '/tmp/tmpmy9mn87s']
[2023-02-13 14:42:19,187] {standard_task_runner.py:80} INFO - Job 146: Subtask branch
[2023-02-13 14:42:19,228] {task_command.py:369} INFO - Running <TaskInstance: branch_octavo_dag.branch manual__2023-02-13T20:42:14.859597+00:00 [running]> on host Tinmar.
[2023-02-13 14:42:19,276] {taskinstance.py:1569} INFO - Exporting the following env vars:
AIRFLOW_CTX_DAG_OWNER=Tinmar
AIRFLOW_CTX_DAG_ID=branch_octavo_dag
AIRFLOW_CTX_TASK_ID=branch
AIRFLOW_CTX_EXECUTION_DATE=2023-02-13T20:42:14.859597+00:00
AIRFLOW_CTX_TRY_NUMBER=1
AIRFLOW_CTX_DAG_RUN_ID=manual__2023-02-13T20:42:14.859597+00:00
[2023-02-13 14:42:19,287] {logging_mixin.py:115} INFO - [{"status":"success","min":0,"max":100,"random":68}]
[2023-02-13 14:42:19,288] {logging_mixin.py:115} INFO - [{'status': 'success', 'min': 0, 'max': 100, 'random': 68}]
[2023-02-13 14:42:19,299] {python.py:173} INFO - Done. Returned value was: mayor_que_50
[2023-02-13 14:42:19,299] {skipmixin.py:140} INFO - Following branch mayor_que_50
[2023-02-13 14:42:19,300] {skipmixin.py:175} INFO - Skipping tasks ['menor_que_50']
[2023-02-13 14:42:19,338] {taskinstance.py:1395} INFO - Marking task as SUCCESS. dag_id=branch_octavo_dag, task_id=branch, execution_date=20230213T204214, start_date=20230213T204219, end_date=20230213T204219
[2023-02-13 14:42:19,368] {local_task_job.py:156} INFO - Task exited with return code 0
[2023-02-13 14:42:19,401] {local_task_job.py:273} INFO - 1 downstream tasks scheduled from follow-on schedule check
