[2023-02-16 12:11:06,365] {taskinstance.py:1159} INFO - Dependencies all met for <TaskInstance: 1.6_user_processing.store_user manual__2023-02-16T18:10:57.909407+00:00 [queued]>
[2023-02-16 12:11:06,371] {taskinstance.py:1159} INFO - Dependencies all met for <TaskInstance: 1.6_user_processing.store_user manual__2023-02-16T18:10:57.909407+00:00 [queued]>
[2023-02-16 12:11:06,372] {taskinstance.py:1356} INFO - 
--------------------------------------------------------------------------------
[2023-02-16 12:11:06,375] {taskinstance.py:1357} INFO - Starting attempt 1 of 1
[2023-02-16 12:11:06,375] {taskinstance.py:1358} INFO - 
--------------------------------------------------------------------------------
[2023-02-16 12:11:06,384] {taskinstance.py:1377} INFO - Executing <Task(PythonOperator): store_user> on 2023-02-16 18:10:57.909407+00:00
[2023-02-16 12:11:06,387] {standard_task_runner.py:52} INFO - Started process 79999 to run task
[2023-02-16 12:11:06,390] {standard_task_runner.py:79} INFO - Running: ['***', 'tasks', 'run', '1.6_user_processing', 'store_user', 'manual__2023-02-16T18:10:57.909407+00:00', '--job-id', '285', '--raw', '--subdir', 'DAGS_FOLDER/Introduction_to_Apache_Airflow/1.6_user_processing.py', '--cfg-path', '/tmp/tmpfz3kwniq', '--error-file', '/tmp/tmpk0hcbck_']
[2023-02-16 12:11:06,391] {standard_task_runner.py:80} INFO - Job 285: Subtask store_user
[2023-02-16 12:11:06,436] {task_command.py:369} INFO - Running <TaskInstance: 1.6_user_processing.store_user manual__2023-02-16T18:10:57.909407+00:00 [running]> on host Tinmar.
[2023-02-16 12:11:06,484] {taskinstance.py:1569} INFO - Exporting the following env vars:
AIRFLOW_CTX_DAG_OWNER=Tinmar
AIRFLOW_CTX_DAG_ID=1.6_user_processing
AIRFLOW_CTX_TASK_ID=store_user
AIRFLOW_CTX_EXECUTION_DATE=2023-02-16T18:10:57.909407+00:00
AIRFLOW_CTX_TRY_NUMBER=1
AIRFLOW_CTX_DAG_RUN_ID=manual__2023-02-16T18:10:57.909407+00:00
[2023-02-16 12:11:06,485] {postgres.py:158} INFO - Running copy expert: COPY users FROM stdin WITH DELIMITER as ',', filename: /c/Users/tinma/OneDrive/Escritorio/processed_user.csv
[2023-02-16 12:11:06,501] {base.py:68} INFO - Using connection ID 'postgres' for task execution.
[2023-02-16 12:11:06,511] {python.py:173} INFO - Done. Returned value was: None
[2023-02-16 12:11:06,522] {taskinstance.py:1395} INFO - Marking task as SUCCESS. dag_id=1.6_user_processing, task_id=store_user, execution_date=20230216T181057, start_date=20230216T181106, end_date=20230216T181106
[2023-02-16 12:11:06,570] {local_task_job.py:156} INFO - Task exited with return code 0
[2023-02-16 12:11:06,599] {local_task_job.py:273} INFO - 1 downstream tasks scheduled from follow-on schedule check
