[2023-02-01 15:51:58,108] {processor.py:153} INFO - Started process (PID=11961) to work on /c/Airflow/dags/Airflow2-0-De-0-a-Heroe/0_airflow_macro.py
[2023-02-01 15:51:58,109] {processor.py:641} INFO - Processing file /c/Airflow/dags/Airflow2-0-De-0-a-Heroe/0_airflow_macro.py for tasks to queue
[2023-02-01 15:51:58,110] {logging_mixin.py:115} INFO - [2023-02-01 15:51:58,110] {dagbag.py:507} INFO - Filling up the DagBag from /c/Airflow/dags/Airflow2-0-De-0-a-Heroe/0_airflow_macro.py
[2023-02-01 15:51:58,159] {processor.py:651} INFO - DAG(s) dict_keys(['0_airflow_macro']) retrieved from /c/Airflow/dags/Airflow2-0-De-0-a-Heroe/0_airflow_macro.py
[2023-02-01 15:51:58,227] {logging_mixin.py:115} INFO - [2023-02-01 15:51:58,227] {dag.py:2371} INFO - Sync 1 DAGs
[2023-02-01 15:51:58,255] {logging_mixin.py:115} INFO - [2023-02-01 15:51:58,255] {dag.py:2915} INFO - Setting next_dagrun for 0_airflow_macro to 2023-02-01T00:00:00+00:00, run_after=2023-02-02T00:00:00+00:00
[2023-02-01 15:51:58,338] {processor.py:161} INFO - Processing /c/Airflow/dags/Airflow2-0-De-0-a-Heroe/0_airflow_macro.py took 0.233 seconds
[2023-02-01 15:52:29,079] {processor.py:153} INFO - Started process (PID=11981) to work on /c/Airflow/dags/Airflow2-0-De-0-a-Heroe/0_airflow_macro.py
[2023-02-01 15:52:29,080] {processor.py:641} INFO - Processing file /c/Airflow/dags/Airflow2-0-De-0-a-Heroe/0_airflow_macro.py for tasks to queue
[2023-02-01 15:52:29,080] {logging_mixin.py:115} INFO - [2023-02-01 15:52:29,080] {dagbag.py:507} INFO - Filling up the DagBag from /c/Airflow/dags/Airflow2-0-De-0-a-Heroe/0_airflow_macro.py
[2023-02-01 15:52:29,108] {processor.py:651} INFO - DAG(s) dict_keys(['0_airflow_macro']) retrieved from /c/Airflow/dags/Airflow2-0-De-0-a-Heroe/0_airflow_macro.py
[2023-02-01 15:52:29,130] {logging_mixin.py:115} INFO - [2023-02-01 15:52:29,130] {dag.py:2371} INFO - Sync 1 DAGs
[2023-02-01 15:52:29,148] {logging_mixin.py:115} INFO - [2023-02-01 15:52:29,148] {dag.py:2915} INFO - Setting next_dagrun for 0_airflow_macro to 2023-02-01T00:00:00+00:00, run_after=2023-02-02T00:00:00+00:00
[2023-02-01 15:52:29,189] {processor.py:161} INFO - Processing /c/Airflow/dags/Airflow2-0-De-0-a-Heroe/0_airflow_macro.py took 0.112 seconds
[2023-02-01 15:53:00,148] {processor.py:153} INFO - Started process (PID=12001) to work on /c/Airflow/dags/Airflow2-0-De-0-a-Heroe/0_airflow_macro.py
[2023-02-01 15:53:00,149] {processor.py:641} INFO - Processing file /c/Airflow/dags/Airflow2-0-De-0-a-Heroe/0_airflow_macro.py for tasks to queue
[2023-02-01 15:53:00,150] {logging_mixin.py:115} INFO - [2023-02-01 15:53:00,150] {dagbag.py:507} INFO - Filling up the DagBag from /c/Airflow/dags/Airflow2-0-De-0-a-Heroe/0_airflow_macro.py
[2023-02-01 15:53:00,177] {processor.py:651} INFO - DAG(s) dict_keys(['0_airflow_macro']) retrieved from /c/Airflow/dags/Airflow2-0-De-0-a-Heroe/0_airflow_macro.py
[2023-02-01 15:53:00,200] {logging_mixin.py:115} INFO - [2023-02-01 15:53:00,200] {dag.py:2371} INFO - Sync 1 DAGs
[2023-02-01 15:53:00,218] {logging_mixin.py:115} INFO - [2023-02-01 15:53:00,217] {dag.py:2915} INFO - Setting next_dagrun for 0_airflow_macro to 2023-02-01T00:00:00+00:00, run_after=2023-02-02T00:00:00+00:00
[2023-02-01 15:53:00,262] {processor.py:161} INFO - Processing /c/Airflow/dags/Airflow2-0-De-0-a-Heroe/0_airflow_macro.py took 0.115 seconds
[2023-02-01 15:53:33,087] {processor.py:153} INFO - Started process (PID=12021) to work on /c/Airflow/dags/Airflow2-0-De-0-a-Heroe/0_airflow_macro.py
[2023-02-01 15:53:33,087] {processor.py:641} INFO - Processing file /c/Airflow/dags/Airflow2-0-De-0-a-Heroe/0_airflow_macro.py for tasks to queue
[2023-02-01 15:53:33,088] {logging_mixin.py:115} INFO - [2023-02-01 15:53:33,088] {dagbag.py:507} INFO - Filling up the DagBag from /c/Airflow/dags/Airflow2-0-De-0-a-Heroe/0_airflow_macro.py
[2023-02-01 15:53:33,117] {processor.py:651} INFO - DAG(s) dict_keys(['0_airflow_macro']) retrieved from /c/Airflow/dags/Airflow2-0-De-0-a-Heroe/0_airflow_macro.py
[2023-02-01 15:53:33,141] {logging_mixin.py:115} INFO - [2023-02-01 15:53:33,141] {dag.py:2371} INFO - Sync 1 DAGs
[2023-02-01 15:53:33,165] {logging_mixin.py:115} INFO - [2023-02-01 15:53:33,165] {dag.py:2915} INFO - Setting next_dagrun for 0_airflow_macro to 2023-02-01T00:00:00+00:00, run_after=2023-02-02T00:00:00+00:00
[2023-02-01 15:53:33,219] {processor.py:161} INFO - Processing /c/Airflow/dags/Airflow2-0-De-0-a-Heroe/0_airflow_macro.py took 0.134 seconds
[2023-02-01 15:54:04,056] {processor.py:153} INFO - Started process (PID=12041) to work on /c/Airflow/dags/Airflow2-0-De-0-a-Heroe/0_airflow_macro.py
[2023-02-01 15:54:04,057] {processor.py:641} INFO - Processing file /c/Airflow/dags/Airflow2-0-De-0-a-Heroe/0_airflow_macro.py for tasks to queue
[2023-02-01 15:54:04,058] {logging_mixin.py:115} INFO - [2023-02-01 15:54:04,058] {dagbag.py:507} INFO - Filling up the DagBag from /c/Airflow/dags/Airflow2-0-De-0-a-Heroe/0_airflow_macro.py
[2023-02-01 15:54:04,099] {processor.py:651} INFO - DAG(s) dict_keys(['0_airflow_macro']) retrieved from /c/Airflow/dags/Airflow2-0-De-0-a-Heroe/0_airflow_macro.py
[2023-02-01 15:54:04,125] {logging_mixin.py:115} INFO - [2023-02-01 15:54:04,125] {dag.py:2371} INFO - Sync 1 DAGs
[2023-02-01 15:54:04,145] {logging_mixin.py:115} INFO - [2023-02-01 15:54:04,145] {dag.py:2915} INFO - Setting next_dagrun for 0_airflow_macro to 2023-02-01T00:00:00+00:00, run_after=2023-02-02T00:00:00+00:00
[2023-02-01 15:54:04,194] {processor.py:161} INFO - Processing /c/Airflow/dags/Airflow2-0-De-0-a-Heroe/0_airflow_macro.py took 0.139 seconds
[2023-02-01 15:54:35,752] {processor.py:153} INFO - Started process (PID=12061) to work on /c/Airflow/dags/Airflow2-0-De-0-a-Heroe/0_airflow_macro.py
[2023-02-01 15:54:35,752] {processor.py:641} INFO - Processing file /c/Airflow/dags/Airflow2-0-De-0-a-Heroe/0_airflow_macro.py for tasks to queue
[2023-02-01 15:54:35,753] {logging_mixin.py:115} INFO - [2023-02-01 15:54:35,753] {dagbag.py:507} INFO - Filling up the DagBag from /c/Airflow/dags/Airflow2-0-De-0-a-Heroe/0_airflow_macro.py
[2023-02-01 15:54:35,782] {processor.py:651} INFO - DAG(s) dict_keys(['0_airflow_macro']) retrieved from /c/Airflow/dags/Airflow2-0-De-0-a-Heroe/0_airflow_macro.py
[2023-02-01 15:54:35,806] {logging_mixin.py:115} INFO - [2023-02-01 15:54:35,806] {dag.py:2371} INFO - Sync 1 DAGs
[2023-02-01 15:54:35,823] {logging_mixin.py:115} INFO - [2023-02-01 15:54:35,823] {dag.py:2915} INFO - Setting next_dagrun for 0_airflow_macro to 2023-02-01T00:00:00+00:00, run_after=2023-02-02T00:00:00+00:00
[2023-02-01 15:54:35,866] {processor.py:161} INFO - Processing /c/Airflow/dags/Airflow2-0-De-0-a-Heroe/0_airflow_macro.py took 0.117 seconds
