[2023-02-01 15:51:51,507] {processor.py:153} INFO - Started process (PID=11955) to work on /c/Airflow/dags/Airflow2-0-De-0-a-Heroe/6_dataproc_airflow.py
[2023-02-01 15:51:51,508] {processor.py:641} INFO - Processing file /c/Airflow/dags/Airflow2-0-De-0-a-Heroe/6_dataproc_airflow.py for tasks to queue
[2023-02-01 15:51:51,509] {logging_mixin.py:115} INFO - [2023-02-01 15:51:51,509] {dagbag.py:507} INFO - Filling up the DagBag from /c/Airflow/dags/Airflow2-0-De-0-a-Heroe/6_dataproc_airflow.py
[2023-02-01 15:51:51,696] {logging_mixin.py:115} WARNING - /home/tinmar/.local/lib/python3.10/site-packages/airflow/models/baseoperator.py:390 DeprecationWarning: Passing cluster parameters by keywords to `DataprocCreateClusterOperator` will be deprecated. Please provide cluster_config object using `cluster_config` parameter. You can use `airflow.dataproc.ClusterGenerator.generate_cluster` method to obtain cluster object.
[2023-02-01 15:51:51,698] {processor.py:651} INFO - DAG(s) dict_keys(['6_dataproc_airflow']) retrieved from /c/Airflow/dags/Airflow2-0-De-0-a-Heroe/6_dataproc_airflow.py
[2023-02-01 15:51:51,750] {logging_mixin.py:115} INFO - [2023-02-01 15:51:51,749] {dag.py:2371} INFO - Sync 1 DAGs
[2023-02-01 15:51:51,765] {logging_mixin.py:115} INFO - [2023-02-01 15:51:51,765] {dag.py:2915} INFO - Setting next_dagrun for 6_dataproc_airflow to 2023-01-31T00:00:00+00:00, run_after=2023-02-01T00:00:00+00:00
[2023-02-01 15:51:51,815] {processor.py:161} INFO - Processing /c/Airflow/dags/Airflow2-0-De-0-a-Heroe/6_dataproc_airflow.py took 0.310 seconds
[2023-02-01 15:52:22,087] {processor.py:153} INFO - Started process (PID=11975) to work on /c/Airflow/dags/Airflow2-0-De-0-a-Heroe/6_dataproc_airflow.py
[2023-02-01 15:52:22,087] {processor.py:641} INFO - Processing file /c/Airflow/dags/Airflow2-0-De-0-a-Heroe/6_dataproc_airflow.py for tasks to queue
[2023-02-01 15:52:22,088] {logging_mixin.py:115} INFO - [2023-02-01 15:52:22,088] {dagbag.py:507} INFO - Filling up the DagBag from /c/Airflow/dags/Airflow2-0-De-0-a-Heroe/6_dataproc_airflow.py
[2023-02-01 15:52:22,251] {logging_mixin.py:115} WARNING - /home/tinmar/.local/lib/python3.10/site-packages/airflow/models/baseoperator.py:390 DeprecationWarning: Passing cluster parameters by keywords to `DataprocCreateClusterOperator` will be deprecated. Please provide cluster_config object using `cluster_config` parameter. You can use `airflow.dataproc.ClusterGenerator.generate_cluster` method to obtain cluster object.
[2023-02-01 15:52:22,254] {processor.py:651} INFO - DAG(s) dict_keys(['6_dataproc_airflow']) retrieved from /c/Airflow/dags/Airflow2-0-De-0-a-Heroe/6_dataproc_airflow.py
[2023-02-01 15:52:22,275] {logging_mixin.py:115} INFO - [2023-02-01 15:52:22,275] {dag.py:2371} INFO - Sync 1 DAGs
[2023-02-01 15:52:22,291] {logging_mixin.py:115} INFO - [2023-02-01 15:52:22,291] {dag.py:2915} INFO - Setting next_dagrun for 6_dataproc_airflow to 2023-01-31T00:00:00+00:00, run_after=2023-02-01T00:00:00+00:00
[2023-02-01 15:52:22,338] {processor.py:161} INFO - Processing /c/Airflow/dags/Airflow2-0-De-0-a-Heroe/6_dataproc_airflow.py took 0.253 seconds
[2023-02-01 15:52:52,659] {processor.py:153} INFO - Started process (PID=11995) to work on /c/Airflow/dags/Airflow2-0-De-0-a-Heroe/6_dataproc_airflow.py
[2023-02-01 15:52:52,660] {processor.py:641} INFO - Processing file /c/Airflow/dags/Airflow2-0-De-0-a-Heroe/6_dataproc_airflow.py for tasks to queue
[2023-02-01 15:52:52,661] {logging_mixin.py:115} INFO - [2023-02-01 15:52:52,661] {dagbag.py:507} INFO - Filling up the DagBag from /c/Airflow/dags/Airflow2-0-De-0-a-Heroe/6_dataproc_airflow.py
[2023-02-01 15:52:52,845] {logging_mixin.py:115} WARNING - /home/tinmar/.local/lib/python3.10/site-packages/airflow/models/baseoperator.py:390 DeprecationWarning: Passing cluster parameters by keywords to `DataprocCreateClusterOperator` will be deprecated. Please provide cluster_config object using `cluster_config` parameter. You can use `airflow.dataproc.ClusterGenerator.generate_cluster` method to obtain cluster object.
[2023-02-01 15:52:52,849] {processor.py:651} INFO - DAG(s) dict_keys(['6_dataproc_airflow']) retrieved from /c/Airflow/dags/Airflow2-0-De-0-a-Heroe/6_dataproc_airflow.py
[2023-02-01 15:52:52,874] {logging_mixin.py:115} INFO - [2023-02-01 15:52:52,873] {dag.py:2371} INFO - Sync 1 DAGs
[2023-02-01 15:52:52,891] {logging_mixin.py:115} INFO - [2023-02-01 15:52:52,891] {dag.py:2915} INFO - Setting next_dagrun for 6_dataproc_airflow to 2023-01-31T00:00:00+00:00, run_after=2023-02-01T00:00:00+00:00
[2023-02-01 15:52:52,930] {processor.py:161} INFO - Processing /c/Airflow/dags/Airflow2-0-De-0-a-Heroe/6_dataproc_airflow.py took 0.273 seconds
[2023-02-01 15:53:23,637] {processor.py:153} INFO - Started process (PID=12015) to work on /c/Airflow/dags/Airflow2-0-De-0-a-Heroe/6_dataproc_airflow.py
[2023-02-01 15:53:23,638] {processor.py:641} INFO - Processing file /c/Airflow/dags/Airflow2-0-De-0-a-Heroe/6_dataproc_airflow.py for tasks to queue
[2023-02-01 15:53:23,639] {logging_mixin.py:115} INFO - [2023-02-01 15:53:23,639] {dagbag.py:507} INFO - Filling up the DagBag from /c/Airflow/dags/Airflow2-0-De-0-a-Heroe/6_dataproc_airflow.py
[2023-02-01 15:53:23,833] {logging_mixin.py:115} WARNING - /home/tinmar/.local/lib/python3.10/site-packages/airflow/models/baseoperator.py:390 DeprecationWarning: Passing cluster parameters by keywords to `DataprocCreateClusterOperator` will be deprecated. Please provide cluster_config object using `cluster_config` parameter. You can use `airflow.dataproc.ClusterGenerator.generate_cluster` method to obtain cluster object.
[2023-02-01 15:53:23,835] {processor.py:651} INFO - DAG(s) dict_keys(['6_dataproc_airflow']) retrieved from /c/Airflow/dags/Airflow2-0-De-0-a-Heroe/6_dataproc_airflow.py
[2023-02-01 15:53:23,858] {logging_mixin.py:115} INFO - [2023-02-01 15:53:23,858] {dag.py:2371} INFO - Sync 1 DAGs
[2023-02-01 15:53:23,875] {logging_mixin.py:115} INFO - [2023-02-01 15:53:23,875] {dag.py:2915} INFO - Setting next_dagrun for 6_dataproc_airflow to 2023-01-31T00:00:00+00:00, run_after=2023-02-01T00:00:00+00:00
[2023-02-01 15:53:23,917] {processor.py:161} INFO - Processing /c/Airflow/dags/Airflow2-0-De-0-a-Heroe/6_dataproc_airflow.py took 0.283 seconds
[2023-02-01 15:53:55,018] {processor.py:153} INFO - Started process (PID=12035) to work on /c/Airflow/dags/Airflow2-0-De-0-a-Heroe/6_dataproc_airflow.py
[2023-02-01 15:53:55,019] {processor.py:641} INFO - Processing file /c/Airflow/dags/Airflow2-0-De-0-a-Heroe/6_dataproc_airflow.py for tasks to queue
[2023-02-01 15:53:55,020] {logging_mixin.py:115} INFO - [2023-02-01 15:53:55,020] {dagbag.py:507} INFO - Filling up the DagBag from /c/Airflow/dags/Airflow2-0-De-0-a-Heroe/6_dataproc_airflow.py
[2023-02-01 15:53:55,187] {logging_mixin.py:115} WARNING - /home/tinmar/.local/lib/python3.10/site-packages/airflow/models/baseoperator.py:390 DeprecationWarning: Passing cluster parameters by keywords to `DataprocCreateClusterOperator` will be deprecated. Please provide cluster_config object using `cluster_config` parameter. You can use `airflow.dataproc.ClusterGenerator.generate_cluster` method to obtain cluster object.
[2023-02-01 15:53:55,190] {processor.py:651} INFO - DAG(s) dict_keys(['6_dataproc_airflow']) retrieved from /c/Airflow/dags/Airflow2-0-De-0-a-Heroe/6_dataproc_airflow.py
[2023-02-01 15:53:55,222] {logging_mixin.py:115} INFO - [2023-02-01 15:53:55,222] {dag.py:2371} INFO - Sync 1 DAGs
[2023-02-01 15:53:55,243] {logging_mixin.py:115} INFO - [2023-02-01 15:53:55,243] {dag.py:2915} INFO - Setting next_dagrun for 6_dataproc_airflow to 2023-01-31T00:00:00+00:00, run_after=2023-02-01T00:00:00+00:00
[2023-02-01 15:53:55,297] {processor.py:161} INFO - Processing /c/Airflow/dags/Airflow2-0-De-0-a-Heroe/6_dataproc_airflow.py took 0.281 seconds
[2023-02-01 15:54:25,837] {processor.py:153} INFO - Started process (PID=12055) to work on /c/Airflow/dags/Airflow2-0-De-0-a-Heroe/6_dataproc_airflow.py
[2023-02-01 15:54:25,838] {processor.py:641} INFO - Processing file /c/Airflow/dags/Airflow2-0-De-0-a-Heroe/6_dataproc_airflow.py for tasks to queue
[2023-02-01 15:54:25,839] {logging_mixin.py:115} INFO - [2023-02-01 15:54:25,838] {dagbag.py:507} INFO - Filling up the DagBag from /c/Airflow/dags/Airflow2-0-De-0-a-Heroe/6_dataproc_airflow.py
[2023-02-01 15:54:26,019] {logging_mixin.py:115} WARNING - /home/tinmar/.local/lib/python3.10/site-packages/airflow/models/baseoperator.py:390 DeprecationWarning: Passing cluster parameters by keywords to `DataprocCreateClusterOperator` will be deprecated. Please provide cluster_config object using `cluster_config` parameter. You can use `airflow.dataproc.ClusterGenerator.generate_cluster` method to obtain cluster object.
[2023-02-01 15:54:26,022] {processor.py:651} INFO - DAG(s) dict_keys(['6_dataproc_airflow']) retrieved from /c/Airflow/dags/Airflow2-0-De-0-a-Heroe/6_dataproc_airflow.py
[2023-02-01 15:54:26,053] {logging_mixin.py:115} INFO - [2023-02-01 15:54:26,052] {dag.py:2371} INFO - Sync 1 DAGs
[2023-02-01 15:54:26,074] {logging_mixin.py:115} INFO - [2023-02-01 15:54:26,074] {dag.py:2915} INFO - Setting next_dagrun for 6_dataproc_airflow to 2023-01-31T00:00:00+00:00, run_after=2023-02-01T00:00:00+00:00
[2023-02-01 15:54:26,116] {processor.py:161} INFO - Processing /c/Airflow/dags/Airflow2-0-De-0-a-Heroe/6_dataproc_airflow.py took 0.281 seconds
