[2023-02-20T09:18:28.546-0600] {taskinstance.py:1165} INFO - Dependencies all met for <TaskInstance: 7_branch_dag.t4 scheduled__2023-02-19T00:00:00+00:00 [queued]>
[2023-02-20T09:18:28.563-0600] {taskinstance.py:1165} INFO - Dependencies all met for <TaskInstance: 7_branch_dag.t4 scheduled__2023-02-19T00:00:00+00:00 [queued]>
[2023-02-20T09:18:28.564-0600] {taskinstance.py:1362} INFO - 
--------------------------------------------------------------------------------
[2023-02-20T09:18:28.565-0600] {taskinstance.py:1363} INFO - Starting attempt 1 of 1
[2023-02-20T09:18:28.566-0600] {taskinstance.py:1364} INFO - 
--------------------------------------------------------------------------------
[2023-02-20T09:18:28.581-0600] {taskinstance.py:1383} INFO - Executing <Task(BashOperator): t4> on 2023-02-19 00:00:00+00:00
[2023-02-20T09:18:28.586-0600] {standard_task_runner.py:54} INFO - Started process 198251 to run task
[2023-02-20T09:18:28.590-0600] {standard_task_runner.py:82} INFO - Running: ['***', 'tasks', 'run', '7_branch_dag', 't4', 'scheduled__2023-02-19T00:00:00+00:00', '--job-id', '560', '--raw', '--subdir', 'DAGS_FOLDER/Introduction_to_Apache_Airflow/7_branch_dag.py', '--cfg-path', '/tmp/tmpzimtm740']
[2023-02-20T09:18:28.647-0600] {standard_task_runner.py:83} INFO - Job 560: Subtask t4
[2023-02-20T09:18:28.688-0600] {dagbag.py:525} INFO - Filling up the DagBag from /c/Airflow/dags/Introduction_to_Apache_Airflow/7_branch_dag.py
[2023-02-20T09:18:28.946-0600] {task_command.py:384} INFO - Running <TaskInstance: 7_branch_dag.t4 scheduled__2023-02-19T00:00:00+00:00 [running]> on host Tinmar.
[2023-02-20T09:18:29.026-0600] {taskinstance.py:1590} INFO - Exporting the following env vars:
AIRFLOW_CTX_DAG_OWNER=***
AIRFLOW_CTX_DAG_ID=7_branch_dag
AIRFLOW_CTX_TASK_ID=t4
AIRFLOW_CTX_EXECUTION_DATE=2023-02-19T00:00:00+00:00
AIRFLOW_CTX_TRY_NUMBER=1
AIRFLOW_CTX_DAG_RUN_ID=scheduled__2023-02-19T00:00:00+00:00
[2023-02-20T09:18:29.028-0600] {subprocess.py:63} INFO - Tmp dir root location: 
 /tmp
[2023-02-20T09:18:29.029-0600] {subprocess.py:75} INFO - Running command: ['/usr/bin/bash', '-c', "echo ''"]
[2023-02-20T09:18:29.037-0600] {subprocess.py:86} INFO - Output:
[2023-02-20T09:18:29.038-0600] {subprocess.py:93} INFO - 
[2023-02-20T09:18:29.039-0600] {subprocess.py:97} INFO - Command exited with return code 0
[2023-02-20T09:18:29.071-0600] {taskinstance.py:1401} INFO - Marking task as SUCCESS. dag_id=7_branch_dag, task_id=t4, execution_date=20230219T000000, start_date=20230220T151828, end_date=20230220T151829
[2023-02-20T09:18:29.125-0600] {local_task_job.py:164} INFO - Task exited with return code 0
[2023-02-20T09:18:29.235-0600] {local_task_job.py:273} INFO - 0 downstream tasks scheduled from follow-on schedule check
