[2023-02-16 11:24:52,244] {taskinstance.py:1159} INFO - Dependencies all met for <TaskInstance: 1.5_user_processing.is_api_available manual__2023-02-16T17:24:50.740100+00:00 [queued]>
[2023-02-16 11:24:52,250] {taskinstance.py:1159} INFO - Dependencies all met for <TaskInstance: 1.5_user_processing.is_api_available manual__2023-02-16T17:24:50.740100+00:00 [queued]>
[2023-02-16 11:24:52,251] {taskinstance.py:1356} INFO - 
--------------------------------------------------------------------------------
[2023-02-16 11:24:52,252] {taskinstance.py:1357} INFO - Starting attempt 1 of 1
[2023-02-16 11:24:52,252] {taskinstance.py:1358} INFO - 
--------------------------------------------------------------------------------
[2023-02-16 11:24:52,261] {taskinstance.py:1377} INFO - Executing <Task(HttpSensor): is_api_available> on 2023-02-16 17:24:50.740100+00:00
[2023-02-16 11:24:52,264] {standard_task_runner.py:52} INFO - Started process 61246 to run task
[2023-02-16 11:24:52,267] {standard_task_runner.py:79} INFO - Running: ['***', 'tasks', 'run', '1.5_user_processing', 'is_api_available', 'manual__2023-02-16T17:24:50.740100+00:00', '--job-id', '233', '--raw', '--subdir', 'DAGS_FOLDER/Introduction_to_Apache_Airflow/1.5_user_processing.py', '--cfg-path', '/tmp/tmpxac23lx7', '--error-file', '/tmp/tmpmz85hvrn']
[2023-02-16 11:24:52,268] {standard_task_runner.py:80} INFO - Job 233: Subtask is_api_available
[2023-02-16 11:24:52,323] {task_command.py:369} INFO - Running <TaskInstance: 1.5_user_processing.is_api_available manual__2023-02-16T17:24:50.740100+00:00 [running]> on host Tinmar.
[2023-02-16 11:24:52,388] {taskinstance.py:1569} INFO - Exporting the following env vars:
AIRFLOW_CTX_DAG_OWNER=Tinmar
AIRFLOW_CTX_DAG_ID=1.5_user_processing
AIRFLOW_CTX_TASK_ID=is_api_available
AIRFLOW_CTX_EXECUTION_DATE=2023-02-16T17:24:50.740100+00:00
AIRFLOW_CTX_TRY_NUMBER=1
AIRFLOW_CTX_DAG_RUN_ID=manual__2023-02-16T17:24:50.740100+00:00
[2023-02-16 11:24:52,390] {http.py:122} INFO - Poking: api/
[2023-02-16 11:24:52,402] {base.py:68} INFO - Using connection ID 'user_api' for task execution.
[2023-02-16 11:24:52,688] {base.py:301} INFO - Success criteria met. Exiting.
[2023-02-16 11:24:52,701] {taskinstance.py:1395} INFO - Marking task as SUCCESS. dag_id=1.5_user_processing, task_id=is_api_available, execution_date=20230216T172450, start_date=20230216T172452, end_date=20230216T172452
[2023-02-16 11:24:52,731] {local_task_job.py:156} INFO - Task exited with return code 0
[2023-02-16 11:24:52,759] {local_task_job.py:273} INFO - 0 downstream tasks scheduled from follow-on schedule check
