[2023-01-31 11:41:46,016] {taskinstance.py:1159} INFO - Dependencies all met for <TaskInstance: 2.2_aws_storage_bigquery.transferir_aws manual__2023-01-31T17:37:26.996622+00:00 [queued]>
[2023-01-31 11:41:46,031] {taskinstance.py:1159} INFO - Dependencies all met for <TaskInstance: 2.2_aws_storage_bigquery.transferir_aws manual__2023-01-31T17:37:26.996622+00:00 [queued]>
[2023-01-31 11:41:46,032] {taskinstance.py:1356} INFO - 
--------------------------------------------------------------------------------
[2023-01-31 11:41:46,033] {taskinstance.py:1357} INFO - Starting attempt 3 of 3
[2023-01-31 11:41:46,034] {taskinstance.py:1358} INFO - 
--------------------------------------------------------------------------------
[2023-01-31 11:41:46,061] {taskinstance.py:1377} INFO - Executing <Task(S3ToGCSOperator): transferir_aws> on 2023-01-31 17:37:26.996622+00:00
[2023-01-31 11:41:46,063] {standard_task_runner.py:52} INFO - Started process 3891 to run task
[2023-01-31 11:41:46,065] {standard_task_runner.py:79} INFO - Running: ['airflow', 'tasks', 'run', '2.2_aws_storage_bigquery', 'transferir_aws', 'manual__2023-01-31T17:37:26.996622+00:00', '--job-id', '45', '--raw', '--subdir', 'DAGS_FOLDER/Airflow2.0-De-0-a-Heroe/2.2_aws_storage_bigquery.py', '--cfg-path', '/tmp/tmptzl6dt_b', '--error-file', '/tmp/tmpk0l121d9']
[2023-01-31 11:41:46,066] {standard_task_runner.py:80} INFO - Job 45: Subtask transferir_aws
[2023-01-31 11:41:46,131] {task_command.py:369} INFO - Running <TaskInstance: 2.2_aws_storage_bigquery.transferir_aws manual__2023-01-31T17:37:26.996622+00:00 [running]> on host Tinmar.
[2023-01-31 11:41:46,230] {taskinstance.py:1569} INFO - Exporting the following env vars:
AIRFLOW_CTX_DAG_OWNER=Rodrigo N
AIRFLOW_CTX_DAG_ID=2.2_aws_storage_bigquery
AIRFLOW_CTX_TASK_ID=transferir_aws
AIRFLOW_CTX_EXECUTION_DATE=2023-01-31T17:37:26.996622+00:00
AIRFLOW_CTX_TRY_NUMBER=3
AIRFLOW_CTX_DAG_RUN_ID=manual__2023-01-31T17:37:26.996622+00:00
[2023-01-31 11:41:46,232] {s3.py:679} INFO - Getting the list of files from bucket: airflow23-bucket in prefix: retail_ (Delimiter )
[2023-01-31 11:41:46,247] {base.py:68} INFO - Using connection ID 'aws_default' for task execution.
[2023-01-31 11:41:46,252] {logging_mixin.py:115} WARNING - <string>:8 UserWarning: AWS Connection (conn_id='aws_default', conn_type='ftp') expected connection type 'aws', got 'ftp'. This connection might not work correctly. Please use Amazon Web Services Connection type.
[2023-01-31 11:41:46,253] {connection_wrapper.py:334} INFO - AWS Connection (conn_id='aws_default', conn_type='ftp') credentials retrieved from login and password.
[2023-01-31 11:41:46,882] {base.py:68} INFO - Using connection ID 'google_cloud_default' for task execution.
[2023-01-31 11:41:47,364] {s3_to_gcs.py:178} INFO - 2 files are going to be synced: ['retail_2020.csv', 'retail_2021.csv'].
[2023-01-31 11:41:47,379] {base.py:68} INFO - Using connection ID 'aws_default' for task execution.
[2023-01-31 11:41:47,380] {connection_wrapper.py:334} INFO - AWS Connection (conn_id='aws_default', conn_type='ftp') credentials retrieved from login and password.
[2023-01-31 11:41:48,406] {gcs.py:523} INFO - File /tmp/tmphk3r33_4 uploaded to retail_2020.csv in aws_airflow23 bucket
[2023-01-31 11:41:49,312] {gcs.py:523} INFO - File /tmp/tmp_kbgj4ig uploaded to retail_2021.csv in aws_airflow23 bucket
[2023-01-31 11:41:49,312] {s3_to_gcs.py:208} INFO - All done, uploaded 2 files to Google Cloud Storage
[2023-01-31 11:41:49,362] {taskinstance.py:1395} INFO - Marking task as SUCCESS. dag_id=2.2_aws_storage_bigquery, task_id=transferir_aws, execution_date=20230131T173726, start_date=20230131T174146, end_date=20230131T174149
[2023-01-31 11:41:49,417] {local_task_job.py:156} INFO - Task exited with return code 0
[2023-01-31 11:41:49,483] {local_task_job.py:273} INFO - 1 downstream tasks scheduled from follow-on schedule check
