[2023-01-31 11:39:03,133] {taskinstance.py:1159} INFO - Dependencies all met for <TaskInstance: 2.2_aws_storage_bigquery.transferir_aws manual__2023-01-31T17:37:26.996622+00:00 [queued]>
[2023-01-31 11:39:03,148] {taskinstance.py:1159} INFO - Dependencies all met for <TaskInstance: 2.2_aws_storage_bigquery.transferir_aws manual__2023-01-31T17:37:26.996622+00:00 [queued]>
[2023-01-31 11:39:03,148] {taskinstance.py:1356} INFO - 
--------------------------------------------------------------------------------
[2023-01-31 11:39:03,149] {taskinstance.py:1357} INFO - Starting attempt 2 of 2
[2023-01-31 11:39:03,149] {taskinstance.py:1358} INFO - 
--------------------------------------------------------------------------------
[2023-01-31 11:39:03,178] {taskinstance.py:1377} INFO - Executing <Task(S3ToGCSOperator): transferir_aws> on 2023-01-31 17:37:26.996622+00:00
[2023-01-31 11:39:03,181] {standard_task_runner.py:52} INFO - Started process 3773 to run task
[2023-01-31 11:39:03,183] {standard_task_runner.py:79} INFO - Running: ['airflow', 'tasks', 'run', '2.2_aws_storage_bigquery', 'transferir_aws', 'manual__2023-01-31T17:37:26.996622+00:00', '--job-id', '44', '--raw', '--subdir', 'DAGS_FOLDER/Airflow2.0-De-0-a-Heroe/2.2_aws_storage_bigquery.py', '--cfg-path', '/tmp/tmpn2k9y8r6', '--error-file', '/tmp/tmpn5sw4qee']
[2023-01-31 11:39:03,184] {standard_task_runner.py:80} INFO - Job 44: Subtask transferir_aws
[2023-01-31 11:39:03,286] {task_command.py:369} INFO - Running <TaskInstance: 2.2_aws_storage_bigquery.transferir_aws manual__2023-01-31T17:37:26.996622+00:00 [running]> on host Tinmar.
[2023-01-31 11:39:03,362] {taskinstance.py:1569} INFO - Exporting the following env vars:
AIRFLOW_CTX_DAG_OWNER=Rodrigo N
AIRFLOW_CTX_DAG_ID=2.2_aws_storage_bigquery
AIRFLOW_CTX_TASK_ID=transferir_aws
AIRFLOW_CTX_EXECUTION_DATE=2023-01-31T17:37:26.996622+00:00
AIRFLOW_CTX_TRY_NUMBER=2
AIRFLOW_CTX_DAG_RUN_ID=manual__2023-01-31T17:37:26.996622+00:00
[2023-01-31 11:39:03,363] {s3.py:679} INFO - Getting the list of files from bucket: airflow23-bucket in prefix: retail_ (Delimiter )
[2023-01-31 11:39:03,374] {base.py:68} INFO - Using connection ID 'aws_default' for task execution.
[2023-01-31 11:39:03,379] {logging_mixin.py:115} WARNING - <string>:8 UserWarning: AWS Connection (conn_id='aws_default', conn_type='ftp') expected connection type 'aws', got 'ftp'. This connection might not work correctly. Please use Amazon Web Services Connection type.
[2023-01-31 11:39:05,638] {taskinstance.py:1889} ERROR - Task failed with exception
Traceback (most recent call last):
  File "/home/tinmar/.local/lib/python3.10/site-packages/airflow/providers/google/cloud/transfers/s3_to_gcs.py", line 147, in execute
    files = super().execute(context)
  File "/home/tinmar/.local/lib/python3.10/site-packages/airflow/providers/amazon/aws/operators/s3.py", line 686, in execute
    return hook.list_keys(bucket_name=self.bucket, prefix=self.prefix, delimiter=self.delimiter)
  File "/home/tinmar/.local/lib/python3.10/site-packages/airflow/providers/amazon/aws/hooks/s3.py", line 70, in wrapper
    return func(*bound_args.args, **bound_args.kwargs)
  File "/home/tinmar/.local/lib/python3.10/site-packages/airflow/providers/amazon/aws/hooks/s3.py", line 414, in list_keys
    for page in response:
  File "/home/tinmar/.local/lib/python3.10/site-packages/botocore/paginate.py", line 269, in __iter__
    response = self._make_request(current_kwargs)
  File "/home/tinmar/.local/lib/python3.10/site-packages/botocore/paginate.py", line 357, in _make_request
    return self._method(**current_kwargs)
  File "/home/tinmar/.local/lib/python3.10/site-packages/botocore/client.py", line 530, in _api_call
    return self._make_api_call(operation_name, kwargs)
  File "/home/tinmar/.local/lib/python3.10/site-packages/botocore/client.py", line 943, in _make_api_call
    http, parsed_response = self._make_request(
  File "/home/tinmar/.local/lib/python3.10/site-packages/botocore/client.py", line 966, in _make_request
    return self._endpoint.make_request(operation_model, request_dict)
  File "/home/tinmar/.local/lib/python3.10/site-packages/botocore/endpoint.py", line 119, in make_request
    return self._send_request(request_dict, operation_model)
  File "/home/tinmar/.local/lib/python3.10/site-packages/botocore/endpoint.py", line 198, in _send_request
    request = self.create_request(request_dict, operation_model)
  File "/home/tinmar/.local/lib/python3.10/site-packages/botocore/endpoint.py", line 134, in create_request
    self._event_emitter.emit(
  File "/home/tinmar/.local/lib/python3.10/site-packages/botocore/hooks.py", line 412, in emit
    return self._emitter.emit(aliased_event_name, **kwargs)
  File "/home/tinmar/.local/lib/python3.10/site-packages/botocore/hooks.py", line 256, in emit
    return self._emit(event_name, kwargs)
  File "/home/tinmar/.local/lib/python3.10/site-packages/botocore/hooks.py", line 239, in _emit
    response = handler(**kwargs)
  File "/home/tinmar/.local/lib/python3.10/site-packages/botocore/signers.py", line 105, in handler
    return self.sign(operation_name, request)
  File "/home/tinmar/.local/lib/python3.10/site-packages/botocore/signers.py", line 189, in sign
    auth.add_auth(request)
  File "/home/tinmar/.local/lib/python3.10/site-packages/botocore/auth.py", line 418, in add_auth
    raise NoCredentialsError()
botocore.exceptions.NoCredentialsError: Unable to locate credentials
[2023-01-31 11:39:05,654] {taskinstance.py:1395} INFO - Marking task as FAILED. dag_id=2.2_aws_storage_bigquery, task_id=transferir_aws, execution_date=20230131T173726, start_date=20230131T173903, end_date=20230131T173905
[2023-01-31 11:39:05,680] {standard_task_runner.py:92} ERROR - Failed to execute job 44 for task transferir_aws (Unable to locate credentials; 3773)
[2023-01-31 11:39:05,691] {local_task_job.py:156} INFO - Task exited with return code 1
[2023-01-31 11:39:05,933] {local_task_job.py:273} INFO - 0 downstream tasks scheduled from follow-on schedule check
