[2023-01-31 11:44:23,251] {taskinstance.py:1159} INFO - Dependencies all met for <TaskInstance: 2.2_aws_storage_bigquery.transferir_aws manual__2023-01-31T17:37:26.996622+00:00 [queued]>
[2023-01-31 11:44:23,263] {taskinstance.py:1159} INFO - Dependencies all met for <TaskInstance: 2.2_aws_storage_bigquery.transferir_aws manual__2023-01-31T17:37:26.996622+00:00 [queued]>
[2023-01-31 11:44:23,263] {taskinstance.py:1356} INFO - 
--------------------------------------------------------------------------------
[2023-01-31 11:44:23,265] {taskinstance.py:1357} INFO - Starting attempt 4 of 4
[2023-01-31 11:44:23,265] {taskinstance.py:1358} INFO - 
--------------------------------------------------------------------------------
[2023-01-31 11:44:23,292] {taskinstance.py:1377} INFO - Executing <Task(S3ToGCSOperator): transferir_aws> on 2023-01-31 17:37:26.996622+00:00
[2023-01-31 11:44:23,296] {standard_task_runner.py:52} INFO - Started process 4031 to run task
[2023-01-31 11:44:23,298] {standard_task_runner.py:79} INFO - Running: ['airflow', 'tasks', 'run', '2.2_aws_storage_bigquery', 'transferir_aws', 'manual__2023-01-31T17:37:26.996622+00:00', '--job-id', '47', '--raw', '--subdir', 'DAGS_FOLDER/Airflow2.0-De-0-a-Heroe/2.2_aws_storage_bigquery.py', '--cfg-path', '/tmp/tmpu7st4j2p', '--error-file', '/tmp/tmp9ojjftud']
[2023-01-31 11:44:23,299] {standard_task_runner.py:80} INFO - Job 47: Subtask transferir_aws
[2023-01-31 11:44:23,356] {task_command.py:369} INFO - Running <TaskInstance: 2.2_aws_storage_bigquery.transferir_aws manual__2023-01-31T17:37:26.996622+00:00 [running]> on host Tinmar.
[2023-01-31 11:44:23,441] {taskinstance.py:1569} INFO - Exporting the following env vars:
AIRFLOW_CTX_DAG_OWNER=Rodrigo N
AIRFLOW_CTX_DAG_ID=2.2_aws_storage_bigquery
AIRFLOW_CTX_TASK_ID=transferir_aws
AIRFLOW_CTX_EXECUTION_DATE=2023-01-31T17:37:26.996622+00:00
AIRFLOW_CTX_TRY_NUMBER=4
AIRFLOW_CTX_DAG_RUN_ID=manual__2023-01-31T17:37:26.996622+00:00
[2023-01-31 11:44:23,442] {s3.py:679} INFO - Getting the list of files from bucket: airflow23-bucket in prefix: retail_ (Delimiter )
[2023-01-31 11:44:23,455] {base.py:68} INFO - Using connection ID 'aws_default' for task execution.
[2023-01-31 11:44:23,460] {logging_mixin.py:115} WARNING - <string>:8 UserWarning: AWS Connection (conn_id='aws_default', conn_type='ftp') expected connection type 'aws', got 'ftp'. This connection might not work correctly. Please use Amazon Web Services Connection type.
[2023-01-31 11:44:23,461] {connection_wrapper.py:334} INFO - AWS Connection (conn_id='aws_default', conn_type='ftp') credentials retrieved from login and password.
[2023-01-31 11:44:24,023] {base.py:68} INFO - Using connection ID 'google_cloud_default' for task execution.
[2023-01-31 11:44:24,549] {s3_to_gcs.py:178} INFO - 2 files are going to be synced: ['retail_2020.csv', 'retail_2021.csv'].
[2023-01-31 11:44:24,563] {base.py:68} INFO - Using connection ID 'aws_default' for task execution.
[2023-01-31 11:44:24,564] {connection_wrapper.py:334} INFO - AWS Connection (conn_id='aws_default', conn_type='ftp') credentials retrieved from login and password.
[2023-01-31 11:44:25,475] {gcs.py:523} INFO - File /tmp/tmpr9pt0o4o uploaded to retail_2020.csv in aws_airflow23 bucket
[2023-01-31 11:44:26,368] {gcs.py:523} INFO - File /tmp/tmpwr8y34ue uploaded to retail_2021.csv in aws_airflow23 bucket
[2023-01-31 11:44:26,369] {s3_to_gcs.py:208} INFO - All done, uploaded 2 files to Google Cloud Storage
[2023-01-31 11:44:26,419] {taskinstance.py:1395} INFO - Marking task as SUCCESS. dag_id=2.2_aws_storage_bigquery, task_id=transferir_aws, execution_date=20230131T173726, start_date=20230131T174423, end_date=20230131T174426
[2023-01-31 11:44:26,450] {local_task_job.py:156} INFO - Task exited with return code 0
[2023-01-31 11:44:26,501] {local_task_job.py:273} INFO - 1 downstream tasks scheduled from follow-on schedule check
