[2023-02-17T08:38:08.064-0600] {taskinstance.py:1165} INFO - Dependencies all met for <TaskInstance: 5_task_group.downloads.download_c manual__2023-02-17T14:38:06.655169+00:00 [queued]>
[2023-02-17T08:38:08.078-0600] {taskinstance.py:1165} INFO - Dependencies all met for <TaskInstance: 5_task_group.downloads.download_c manual__2023-02-17T14:38:06.655169+00:00 [queued]>
[2023-02-17T08:38:08.079-0600] {taskinstance.py:1362} INFO - 
--------------------------------------------------------------------------------
[2023-02-17T08:38:08.080-0600] {taskinstance.py:1363} INFO - Starting attempt 1 of 1
[2023-02-17T08:38:08.081-0600] {taskinstance.py:1364} INFO - 
--------------------------------------------------------------------------------
[2023-02-17T08:38:08.092-0600] {taskinstance.py:1383} INFO - Executing <Task(BashOperator): downloads.download_c> on 2023-02-17 14:38:06.655169+00:00
[2023-02-17T08:38:08.095-0600] {standard_task_runner.py:54} INFO - Started process 7798 to run task
[2023-02-17T08:38:08.098-0600] {standard_task_runner.py:82} INFO - Running: ['***', 'tasks', 'run', '5_task_group', 'downloads.download_c', 'manual__2023-02-17T14:38:06.655169+00:00', '--job-id', '361', '--raw', '--subdir', 'DAGS_FOLDER/Introduction_to_Apache_Airflow/5_task_group.py', '--cfg-path', '/tmp/tmpqjzpzjvb']
[2023-02-17T08:38:08.101-0600] {standard_task_runner.py:83} INFO - Job 361: Subtask downloads.download_c
[2023-02-17T08:38:08.102-0600] {dagbag.py:525} INFO - Filling up the DagBag from /c/Airflow/dags/Introduction_to_Apache_Airflow/5_task_group.py
[2023-02-17T08:38:08.288-0600] {task_command.py:384} INFO - Running <TaskInstance: 5_task_group.downloads.download_c manual__2023-02-17T14:38:06.655169+00:00 [running]> on host Tinmar.
[2023-02-17T08:38:08.370-0600] {taskinstance.py:1590} INFO - Exporting the following env vars:
AIRFLOW_CTX_DAG_OWNER=***
AIRFLOW_CTX_DAG_ID=5_task_group
AIRFLOW_CTX_TASK_ID=downloads.download_c
AIRFLOW_CTX_EXECUTION_DATE=2023-02-17T14:38:06.655169+00:00
AIRFLOW_CTX_TRY_NUMBER=1
AIRFLOW_CTX_DAG_RUN_ID=manual__2023-02-17T14:38:06.655169+00:00
[2023-02-17T08:38:08.371-0600] {subprocess.py:63} INFO - Tmp dir root location: 
 /tmp
[2023-02-17T08:38:08.372-0600] {subprocess.py:75} INFO - Running command: ['/usr/bin/bash', '-c', 'sleep 10']
[2023-02-17T08:38:08.378-0600] {subprocess.py:86} INFO - Output:
[2023-02-17T08:38:18.379-0600] {subprocess.py:97} INFO - Command exited with return code 0
[2023-02-17T08:38:18.420-0600] {taskinstance.py:1401} INFO - Marking task as SUCCESS. dag_id=5_task_group, task_id=downloads.download_c, execution_date=20230217T143806, start_date=20230217T143808, end_date=20230217T143818
[2023-02-17T08:38:18.440-0600] {local_task_job.py:164} INFO - Task exited with return code 0
[2023-02-17T08:38:18.472-0600] {local_task_job.py:273} INFO - 1 downstream tasks scheduled from follow-on schedule check
