[2023-02-01 11:58:40,328] {taskinstance.py:1159} INFO - Dependencies all met for <TaskInstance: 4_jinja_airflowmacros.move_files manual__2023-02-01T17:58:20.452635+00:00 [queued]>
[2023-02-01 11:58:40,340] {taskinstance.py:1159} INFO - Dependencies all met for <TaskInstance: 4_jinja_airflowmacros.move_files manual__2023-02-01T17:58:20.452635+00:00 [queued]>
[2023-02-01 11:58:40,340] {taskinstance.py:1356} INFO - 
--------------------------------------------------------------------------------
[2023-02-01 11:58:40,342] {taskinstance.py:1357} INFO - Starting attempt 1 of 1
[2023-02-01 11:58:40,342] {taskinstance.py:1358} INFO - 
--------------------------------------------------------------------------------
[2023-02-01 11:58:40,370] {taskinstance.py:1377} INFO - Executing <Task(PythonOperator): move_files> on 2023-02-01 17:58:20.452635+00:00
[2023-02-01 11:58:40,374] {standard_task_runner.py:52} INFO - Started process 3092 to run task
[2023-02-01 11:58:40,376] {standard_task_runner.py:79} INFO - Running: ['airflow', 'tasks', 'run', '4_jinja_airflowmacros', 'move_files', 'manual__2023-02-01T17:58:20.452635+00:00', '--job-id', '113', '--raw', '--subdir', 'DAGS_FOLDER/Airflow2.0-De-0-a-Heroe/4_jinja_airflowmacros.py', '--cfg-path', '/tmp/tmpppnzhfgk', '--error-file', '/tmp/tmpymycjiqd']
[2023-02-01 11:58:40,377] {standard_task_runner.py:80} INFO - Job 113: Subtask move_files
[2023-02-01 11:58:40,445] {task_command.py:369} INFO - Running <TaskInstance: 4_jinja_airflowmacros.move_files manual__2023-02-01T17:58:20.452635+00:00 [running]> on host Tinmar.
[2023-02-01 11:58:40,547] {taskinstance.py:1569} INFO - Exporting the following env vars:
AIRFLOW_CTX_DAG_OWNER=David Sanchez
AIRFLOW_CTX_DAG_ID=4_jinja_airflowmacros
AIRFLOW_CTX_TASK_ID=move_files
AIRFLOW_CTX_EXECUTION_DATE=2023-02-01T17:58:20.452635+00:00
AIRFLOW_CTX_TRY_NUMBER=1
AIRFLOW_CTX_DAG_RUN_ID=manual__2023-02-01T17:58:20.452635+00:00
[2023-02-01 11:58:40,570] {base.py:68} INFO - Using connection ID 'google_cloud_default' for task execution.
[2023-02-01 11:58:41,101] {gcs.py:202} INFO - Object retail_2020.csv in bucket airflow23_bucket copied to object 20230201T175820/retail_2020.csv in bucket airflow23_final_bucket
[2023-02-01 11:58:41,114] {base.py:68} INFO - Using connection ID 'google_cloud_default' for task execution.
[2023-02-01 11:58:41,638] {gcs.py:664} INFO - Blob retail_2020.csv deleted.
[2023-02-01 11:58:41,652] {base.py:68} INFO - Using connection ID 'google_cloud_default' for task execution.
[2023-02-01 11:58:42,200] {gcs.py:202} INFO - Object retail_2021.csv in bucket airflow23_bucket copied to object 20230201T175820/retail_2021.csv in bucket airflow23_final_bucket
[2023-02-01 11:58:42,213] {base.py:68} INFO - Using connection ID 'google_cloud_default' for task execution.
[2023-02-01 11:58:42,724] {gcs.py:664} INFO - Blob retail_2021.csv deleted.
[2023-02-01 11:58:42,725] {python.py:173} INFO - Done. Returned value was: None
[2023-02-01 11:58:42,740] {taskinstance.py:1395} INFO - Marking task as SUCCESS. dag_id=4_jinja_airflowmacros, task_id=move_files, execution_date=20230201T175820, start_date=20230201T175840, end_date=20230201T175842
[2023-02-01 11:58:42,804] {local_task_job.py:156} INFO - Task exited with return code 0
[2023-02-01 11:58:42,861] {local_task_job.py:273} INFO - 1 downstream tasks scheduled from follow-on schedule check
