[2023-02-01 18:14:13,495] {taskinstance.py:1159} INFO - Dependencies all met for <TaskInstance: 6_dataproc_airflow.impar_task manual__2023-02-02T00:11:53.728323+00:00 [queued]>
[2023-02-01 18:14:13,511] {taskinstance.py:1159} INFO - Dependencies all met for <TaskInstance: 6_dataproc_airflow.impar_task manual__2023-02-02T00:11:53.728323+00:00 [queued]>
[2023-02-01 18:14:13,511] {taskinstance.py:1356} INFO - 
--------------------------------------------------------------------------------
[2023-02-01 18:14:13,513] {taskinstance.py:1357} INFO - Starting attempt 1 of 1
[2023-02-01 18:14:13,514] {taskinstance.py:1358} INFO - 
--------------------------------------------------------------------------------
[2023-02-01 18:14:13,542] {taskinstance.py:1377} INFO - Executing <Task(DataprocSubmitJobOperator): impar_task> on 2023-02-02 00:11:53.728323+00:00
[2023-02-01 18:14:13,544] {standard_task_runner.py:52} INFO - Started process 15002 to run task
[2023-02-01 18:14:13,545] {standard_task_runner.py:79} INFO - Running: ['airflow', 'tasks', 'run', '6_dataproc_airflow', 'impar_task', 'manual__2023-02-02T00:11:53.728323+00:00', '--job-id', '152', '--raw', '--subdir', 'DAGS_FOLDER/Airflow2_0_De_0_a_Heroe/6_dataproc_airflow.py', '--cfg-path', '/tmp/tmpoksnqvd4', '--error-file', '/tmp/tmpsm00mtnf']
[2023-02-01 18:14:13,546] {standard_task_runner.py:80} INFO - Job 152: Subtask impar_task
[2023-02-01 18:14:13,604] {task_command.py:369} INFO - Running <TaskInstance: 6_dataproc_airflow.impar_task manual__2023-02-02T00:11:53.728323+00:00 [running]> on host Tinmar.
[2023-02-01 18:14:13,694] {taskinstance.py:1569} INFO - Exporting the following env vars:
AIRFLOW_CTX_DAG_OWNER=David S
AIRFLOW_CTX_DAG_ID=6_dataproc_airflow
AIRFLOW_CTX_TASK_ID=impar_task
AIRFLOW_CTX_EXECUTION_DATE=2023-02-02T00:11:53.728323+00:00
AIRFLOW_CTX_TRY_NUMBER=1
AIRFLOW_CTX_DAG_RUN_ID=manual__2023-02-02T00:11:53.728323+00:00
[2023-02-01 18:14:13,695] {dataproc.py:1866} INFO - Submitting job
[2023-02-01 18:14:13,706] {base.py:68} INFO - Using connection ID 'google_cloud_default' for task execution.
[2023-02-01 18:14:14,235] {dataproc.py:1878} INFO - Job IMPARTASK_dfa22fbf submitted successfully.
[2023-02-01 18:14:14,266] {dataproc.py:1898} INFO - Waiting for job IMPARTASK_dfa22fbf to complete
[2023-02-01 18:14:55,844] {taskinstance.py:1889} ERROR - Task failed with exception
Traceback (most recent call last):
  File "/home/tinmar/.local/lib/python3.10/site-packages/airflow/providers/google/cloud/operators/dataproc.py", line 1899, in execute
    self.hook.wait_for_job(
  File "/home/tinmar/.local/lib/python3.10/site-packages/airflow/providers/google/common/hooks/base_google.py", line 462, in inner_wrapper
    return func(self, *args, **kwargs)
  File "/home/tinmar/.local/lib/python3.10/site-packages/airflow/providers/google/cloud/hooks/dataproc.py", line 713, in wait_for_job
    raise AirflowException(f"Job failed:\n{job}")
airflow.exceptions.AirflowException: Job failed:
reference {
  project_id: "serene-gradient-371719"
  job_id: "IMPARTASK_dfa22fbf"
}
placement {
  cluster_name: "airflow-spark-cluster"
  cluster_uuid: "5aab628b-f073-4827-a7e2-ee8308317c71"
}
pyspark_job {
  main_python_file_uri: "gs://airflow_spark_bucket/impar_task/vars_stdp.py"
  jar_file_uris: "gs://spark-lib/bigquery/spark-bigquery-latest_2.12.jar"
}
status {
  state: ERROR
  details: "Google Cloud Dataproc Agent reports job failure. If logs are available, they can be found at:\nhttps://console.cloud.google.com/dataproc/jobs/IMPARTASK_dfa22fbf?project=serene-gradient-371719&region=us-central1\ngcloud dataproc jobs wait \'IMPARTASK_dfa22fbf\' --region \'us-central1\' --project \'serene-gradient-371719\'\nhttps://console.cloud.google.com/storage/browser/airflow_spark_bucket/google-cloud-dataproc-metainfo/5aab628b-f073-4827-a7e2-ee8308317c71/jobs/IMPARTASK_dfa22fbf/\ngs://airflow_spark_bucket/google-cloud-dataproc-metainfo/5aab628b-f073-4827-a7e2-ee8308317c71/jobs/IMPARTASK_dfa22fbf/driveroutput"
  state_start_time {
    seconds: 1675296876
    nanos: 434785000
  }
}
yarn_applications {
  name: "bigquery-analytics-varsstdp"
  state: FINISHED
  progress: 1.0
  tracking_url: "http://airflow-spark-cluster-m:8088/proxy/application_1675296765080_0001/"
}
status_history {
  state: PENDING
  state_start_time {
    seconds: 1675296841
    nanos: 768123000
  }
}
status_history {
  state: SETUP_DONE
  state_start_time {
    seconds: 1675296841
    nanos: 797036000
  }
}
status_history {
  state: RUNNING
  state_start_time {
    seconds: 1675296842
    nanos: 199370000
  }
}
driver_control_files_uri: "gs://airflow_spark_bucket/google-cloud-dataproc-metainfo/5aab628b-f073-4827-a7e2-ee8308317c71/jobs/IMPARTASK_dfa22fbf/"
driver_output_resource_uri: "gs://airflow_spark_bucket/google-cloud-dataproc-metainfo/5aab628b-f073-4827-a7e2-ee8308317c71/jobs/IMPARTASK_dfa22fbf/driveroutput"
labels {
  key: "airflow-version"
  value: "v2-3-0"
}
job_uuid: "80e81cb1-e955-47ef-99ba-47ac7893f211"
done: true

[2023-02-01 18:14:55,849] {taskinstance.py:1395} INFO - Marking task as FAILED. dag_id=6_dataproc_airflow, task_id=impar_task, execution_date=20230202T001153, start_date=20230202T001413, end_date=20230202T001455
[2023-02-01 18:14:55,873] {standard_task_runner.py:92} ERROR - Failed to execute job 152 for task impar_task (Job failed:
reference {
  project_id: "serene-gradient-371719"
  job_id: "IMPARTASK_dfa22fbf"
}
placement {
  cluster_name: "airflow-spark-cluster"
  cluster_uuid: "5aab628b-f073-4827-a7e2-ee8308317c71"
}
pyspark_job {
  main_python_file_uri: "gs://airflow_spark_bucket/impar_task/vars_stdp.py"
  jar_file_uris: "gs://spark-lib/bigquery/spark-bigquery-latest_2.12.jar"
}
status {
  state: ERROR
  details: "Google Cloud Dataproc Agent reports job failure. If logs are available, they can be found at:\nhttps://console.cloud.google.com/dataproc/jobs/IMPARTASK_dfa22fbf?project=serene-gradient-371719&region=us-central1\ngcloud dataproc jobs wait \'IMPARTASK_dfa22fbf\' --region \'us-central1\' --project \'serene-gradient-371719\'\nhttps://console.cloud.google.com/storage/browser/airflow_spark_bucket/google-cloud-dataproc-metainfo/5aab628b-f073-4827-a7e2-ee8308317c71/jobs/IMPARTASK_dfa22fbf/\ngs://airflow_spark_bucket/google-cloud-dataproc-metainfo/5aab628b-f073-4827-a7e2-ee8308317c71/jobs/IMPARTASK_dfa22fbf/driveroutput"
  state_start_time {
    seconds: 1675296876
    nanos: 434785000
  }
}
yarn_applications {
  name: "bigquery-analytics-varsstdp"
  state: FINISHED
  progress: 1.0
  tracking_url: "http://airflow-spark-cluster-m:8088/proxy/application_1675296765080_0001/"
}
status_history {
  state: PENDING
  state_start_time {
    seconds: 1675296841
    nanos: 768123000
  }
}
status_history {
  state: SETUP_DONE
  state_start_time {
    seconds: 1675296841
    nanos: 797036000
  }
}
status_history {
  state: RUNNING
  state_start_time {
    seconds: 1675296842
    nanos: 199370000
  }
}
driver_control_files_uri: "gs://airflow_spark_bucket/google-cloud-dataproc-metainfo/5aab628b-f073-4827-a7e2-ee8308317c71/jobs/IMPARTASK_dfa22fbf/"
driver_output_resource_uri: "gs://airflow_spark_bucket/google-cloud-dataproc-metainfo/5aab628b-f073-4827-a7e2-ee8308317c71/jobs/IMPARTASK_dfa22fbf/driveroutput"
labels {
  key: "airflow-version"
  value: "v2-3-0"
}
job_uuid: "80e81cb1-e955-47ef-99ba-47ac7893f211"
done: true
; 15002)
[2023-02-01 18:14:55,906] {local_task_job.py:156} INFO - Task exited with return code 1
