[2023-02-17T13:48:50.228-0600] {taskinstance.py:1165} INFO - Dependencies all met for <TaskInstance: 8_docker_operator.t2 manual__2023-02-17T19:48:47.976823+00:00 [queued]>
[2023-02-17T13:48:50.235-0600] {taskinstance.py:1165} INFO - Dependencies all met for <TaskInstance: 8_docker_operator.t2 manual__2023-02-17T19:48:47.976823+00:00 [queued]>
[2023-02-17T13:48:50.236-0600] {taskinstance.py:1362} INFO - 
--------------------------------------------------------------------------------
[2023-02-17T13:48:50.237-0600] {taskinstance.py:1363} INFO - Starting attempt 1 of 1
[2023-02-17T13:48:50.237-0600] {taskinstance.py:1364} INFO - 
--------------------------------------------------------------------------------
[2023-02-17T13:48:50.245-0600] {taskinstance.py:1383} INFO - Executing <Task(DockerOperator): t2> on 2023-02-17 19:48:47.976823+00:00
[2023-02-17T13:48:50.247-0600] {standard_task_runner.py:54} INFO - Started process 171459 to run task
[2023-02-17T13:48:50.249-0600] {standard_task_runner.py:82} INFO - Running: ['***', 'tasks', 'run', '8_docker_operator', 't2', 'manual__2023-02-17T19:48:47.976823+00:00', '--job-id', '418', '--raw', '--subdir', 'DAGS_FOLDER/Introduction_to_Apache_Airflow/8_docker_operator.py', '--cfg-path', '/tmp/tmpo47dgfga']
[2023-02-17T13:48:50.251-0600] {standard_task_runner.py:83} INFO - Job 418: Subtask t2
[2023-02-17T13:48:50.252-0600] {dagbag.py:525} INFO - Filling up the DagBag from /c/Airflow/dags/Introduction_to_Apache_Airflow/8_docker_operator.py
[2023-02-17T13:48:50.310-0600] {logging_mixin.py:117} WARNING - /home/tinmar/.local/lib/python3.10/site-packages/***/models/dag.py:3393 RemovedInAirflow3Warning: Param `schedule_interval` is deprecated and will be removed in a future release. Please use `schedule` instead.
[2023-02-17T13:48:50.382-0600] {task_command.py:384} INFO - Running <TaskInstance: 8_docker_operator.t2 manual__2023-02-17T19:48:47.976823+00:00 [running]> on host Tinmar.
[2023-02-17T13:48:50.435-0600] {taskinstance.py:1590} INFO - Exporting the following env vars:
AIRFLOW_CTX_DAG_OWNER=***
AIRFLOW_CTX_DAG_ID=8_docker_operator
AIRFLOW_CTX_TASK_ID=t2
AIRFLOW_CTX_EXECUTION_DATE=2023-02-17T19:48:47.976823+00:00
AIRFLOW_CTX_TRY_NUMBER=1
AIRFLOW_CTX_DAG_RUN_ID=manual__2023-02-17T19:48:47.976823+00:00
[2023-02-17T13:48:50.449-0600] {docker.py:306} INFO - Starting docker container from image python:3.10.6-slim-buster
[2023-02-17T13:48:50.785-0600] {docker.py:373} INFO - command running in the docker container
[2023-02-17T13:48:51.115-0600] {taskinstance.py:1401} INFO - Marking task as SUCCESS. dag_id=8_docker_operator, task_id=t2, execution_date=20230217T194847, start_date=20230217T194850, end_date=20230217T194851
[2023-02-17T13:48:51.144-0600] {local_task_job.py:164} INFO - Task exited with return code 0
[2023-02-17T13:48:51.160-0600] {local_task_job.py:273} INFO - 0 downstream tasks scheduled from follow-on schedule check
