[2023-02-13 15:00:00,096] {taskinstance.py:1159} INFO - Dependencies all met for <TaskInstance: branch_octavo_dag.mayor_que_50 manual__2023-02-13T20:58:41.538479+00:00 [queued]>
[2023-02-13 15:00:00,102] {taskinstance.py:1159} INFO - Dependencies all met for <TaskInstance: branch_octavo_dag.mayor_que_50 manual__2023-02-13T20:58:41.538479+00:00 [queued]>
[2023-02-13 15:00:00,102] {taskinstance.py:1356} INFO - 
--------------------------------------------------------------------------------
[2023-02-13 15:00:00,103] {taskinstance.py:1357} INFO - Starting attempt 1 of 1
[2023-02-13 15:00:00,104] {taskinstance.py:1358} INFO - 
--------------------------------------------------------------------------------
[2023-02-13 15:00:00,112] {taskinstance.py:1377} INFO - Executing <Task(PythonOperator): mayor_que_50> on 2023-02-13 20:58:41.538479+00:00
[2023-02-13 15:00:00,115] {standard_task_runner.py:52} INFO - Started process 215933 to run task
[2023-02-13 15:00:00,117] {standard_task_runner.py:79} INFO - Running: ['***', 'tasks', 'run', 'branch_octavo_dag', 'mayor_que_50', 'manual__2023-02-13T20:58:41.538479+00:00', '--job-id', '158', '--raw', '--subdir', 'DAGS_FOLDER/Apache_Airflow/branch_octavo_dag.py', '--cfg-path', '/tmp/tmpbvlwpm5n', '--error-file', '/tmp/tmp57qhgqto']
[2023-02-13 15:00:00,119] {standard_task_runner.py:80} INFO - Job 158: Subtask mayor_que_50
[2023-02-13 15:00:00,162] {task_command.py:369} INFO - Running <TaskInstance: branch_octavo_dag.mayor_que_50 manual__2023-02-13T20:58:41.538479+00:00 [running]> on host Tinmar.
[2023-02-13 15:00:00,206] {taskinstance.py:1569} INFO - Exporting the following env vars:
AIRFLOW_CTX_DAG_OWNER=Tinmar
AIRFLOW_CTX_DAG_ID=branch_octavo_dag
AIRFLOW_CTX_TASK_ID=mayor_que_50
AIRFLOW_CTX_EXECUTION_DATE=2023-02-13T20:58:41.538479+00:00
AIRFLOW_CTX_TRY_NUMBER=1
AIRFLOW_CTX_DAG_RUN_ID=manual__2023-02-13T20:58:41.538479+00:00
[2023-02-13 15:00:00,214] {logging_mixin.py:115} INFO - El número fue mayor a 50 y fue 87
[2023-02-13 15:00:00,215] {python.py:173} INFO - Done. Returned value was: None
[2023-02-13 15:00:00,224] {taskinstance.py:1395} INFO - Marking task as SUCCESS. dag_id=branch_octavo_dag, task_id=mayor_que_50, execution_date=20230213T205841, start_date=20230213T210000, end_date=20230213T210000
[2023-02-13 15:00:00,261] {local_task_job.py:156} INFO - Task exited with return code 0
[2023-02-13 15:00:00,289] {local_task_job.py:273} INFO - 1 downstream tasks scheduled from follow-on schedule check
