[2023-02-18T02:59:29.412-0600] {taskinstance.py:1165} INFO - Dependencies all met for <TaskInstance: 5_task_group.downloads.download_c scheduled__2023-02-17T00:00:00+00:00 [queued]>
[2023-02-18T02:59:29.433-0600] {taskinstance.py:1165} INFO - Dependencies all met for <TaskInstance: 5_task_group.downloads.download_c scheduled__2023-02-17T00:00:00+00:00 [queued]>
[2023-02-18T02:59:29.434-0600] {taskinstance.py:1362} INFO - 
--------------------------------------------------------------------------------
[2023-02-18T02:59:29.437-0600] {taskinstance.py:1363} INFO - Starting attempt 1 of 1
[2023-02-18T02:59:29.438-0600] {taskinstance.py:1364} INFO - 
--------------------------------------------------------------------------------
[2023-02-18T02:59:29.493-0600] {taskinstance.py:1383} INFO - Executing <Task(BashOperator): downloads.download_c> on 2023-02-17 00:00:00+00:00
[2023-02-18T02:59:29.498-0600] {standard_task_runner.py:54} INFO - Started process 191246 to run task
[2023-02-18T02:59:29.518-0600] {standard_task_runner.py:82} INFO - Running: ['***', 'tasks', 'run', '5_task_group', 'downloads.download_c', 'scheduled__2023-02-17T00:00:00+00:00', '--job-id', '435', '--raw', '--subdir', 'DAGS_FOLDER/Introduction_to_Apache_Airflow/5_task_group.py', '--cfg-path', '/tmp/tmp5b2darj5']
[2023-02-18T02:59:29.533-0600] {standard_task_runner.py:83} INFO - Job 435: Subtask downloads.download_c
[2023-02-18T02:59:29.535-0600] {dagbag.py:525} INFO - Filling up the DagBag from /c/Airflow/dags/Introduction_to_Apache_Airflow/5_task_group.py
[2023-02-18T02:59:29.947-0600] {task_command.py:384} INFO - Running <TaskInstance: 5_task_group.downloads.download_c scheduled__2023-02-17T00:00:00+00:00 [running]> on host Tinmar.
[2023-02-18T02:59:30.053-0600] {taskinstance.py:1590} INFO - Exporting the following env vars:
AIRFLOW_CTX_DAG_OWNER=***
AIRFLOW_CTX_DAG_ID=5_task_group
AIRFLOW_CTX_TASK_ID=downloads.download_c
AIRFLOW_CTX_EXECUTION_DATE=2023-02-17T00:00:00+00:00
AIRFLOW_CTX_TRY_NUMBER=1
AIRFLOW_CTX_DAG_RUN_ID=scheduled__2023-02-17T00:00:00+00:00
[2023-02-18T02:59:30.055-0600] {subprocess.py:63} INFO - Tmp dir root location: 
 /tmp
[2023-02-18T02:59:30.058-0600] {subprocess.py:75} INFO - Running command: ['/usr/bin/bash', '-c', 'sleep 10']
[2023-02-18T02:59:30.068-0600] {subprocess.py:86} INFO - Output:
[2023-02-18T02:59:40.069-0600] {subprocess.py:97} INFO - Command exited with return code 0
[2023-02-18T02:59:40.093-0600] {taskinstance.py:1401} INFO - Marking task as SUCCESS. dag_id=5_task_group, task_id=downloads.download_c, execution_date=20230217T000000, start_date=20230218T085929, end_date=20230218T085940
[2023-02-18T02:59:40.120-0600] {local_task_job.py:164} INFO - Task exited with return code 0
[2023-02-18T02:59:40.137-0600] {local_task_job.py:273} INFO - 0 downstream tasks scheduled from follow-on schedule check
