[2023-02-01 17:56:30,463] {taskinstance.py:1159} INFO - Dependencies all met for <TaskInstance: 6_dataproc_airflow.iden_number manual__2023-02-01T23:53:34.596502+00:00 [queued]>
[2023-02-01 17:56:30,476] {taskinstance.py:1159} INFO - Dependencies all met for <TaskInstance: 6_dataproc_airflow.iden_number manual__2023-02-01T23:53:34.596502+00:00 [queued]>
[2023-02-01 17:56:30,476] {taskinstance.py:1356} INFO - 
--------------------------------------------------------------------------------
[2023-02-01 17:56:30,477] {taskinstance.py:1357} INFO - Starting attempt 1 of 1
[2023-02-01 17:56:30,477] {taskinstance.py:1358} INFO - 
--------------------------------------------------------------------------------
[2023-02-01 17:56:30,503] {taskinstance.py:1377} INFO - Executing <Task(BranchPythonOperator): iden_number> on 2023-02-01 23:53:34.596502+00:00
[2023-02-01 17:56:30,505] {standard_task_runner.py:52} INFO - Started process 14135 to run task
[2023-02-01 17:56:30,507] {standard_task_runner.py:79} INFO - Running: ['airflow', 'tasks', 'run', '6_dataproc_airflow', 'iden_number', 'manual__2023-02-01T23:53:34.596502+00:00', '--job-id', '137', '--raw', '--subdir', 'DAGS_FOLDER/Airflow2_0_De_0_a_Heroe/6_dataproc_airflow.py', '--cfg-path', '/tmp/tmplscyojmr', '--error-file', '/tmp/tmpv0o4tluu']
[2023-02-01 17:56:30,508] {standard_task_runner.py:80} INFO - Job 137: Subtask iden_number
[2023-02-01 17:56:30,587] {task_command.py:369} INFO - Running <TaskInstance: 6_dataproc_airflow.iden_number manual__2023-02-01T23:53:34.596502+00:00 [running]> on host Tinmar.
[2023-02-01 17:56:30,683] {taskinstance.py:1569} INFO - Exporting the following env vars:
AIRFLOW_CTX_DAG_OWNER=David S
AIRFLOW_CTX_DAG_ID=6_dataproc_airflow
AIRFLOW_CTX_TASK_ID=iden_number
AIRFLOW_CTX_EXECUTION_DATE=2023-02-01T23:53:34.596502+00:00
AIRFLOW_CTX_TRY_NUMBER=1
AIRFLOW_CTX_DAG_RUN_ID=manual__2023-02-01T23:53:34.596502+00:00
[2023-02-01 17:56:30,684] {python.py:173} INFO - Done. Returned value was: impar_task
[2023-02-01 17:56:30,684] {skipmixin.py:140} INFO - Following branch impar_task
[2023-02-01 17:56:30,685] {skipmixin.py:175} INFO - Skipping tasks ['par_task.avg_tincome', 'par_task.avg_uprice', 'par_task.avg_quant']
[2023-02-01 17:56:30,784] {taskinstance.py:1395} INFO - Marking task as SUCCESS. dag_id=6_dataproc_airflow, task_id=iden_number, execution_date=20230201T235334, start_date=20230201T235630, end_date=20230201T235630
[2023-02-01 17:56:30,840] {local_task_job.py:156} INFO - Task exited with return code 0
