[2023-02-01 12:14:25,927] {taskinstance.py:1159} INFO - Dependencies all met for <TaskInstance: 5_variables.tabla_resumen scheduled__2023-01-31T00:00:00+00:00 [queued]>
[2023-02-01 12:14:25,939] {taskinstance.py:1159} INFO - Dependencies all met for <TaskInstance: 5_variables.tabla_resumen scheduled__2023-01-31T00:00:00+00:00 [queued]>
[2023-02-01 12:14:25,939] {taskinstance.py:1356} INFO - 
--------------------------------------------------------------------------------
[2023-02-01 12:14:25,940] {taskinstance.py:1357} INFO - Starting attempt 1 of 1
[2023-02-01 12:14:25,941] {taskinstance.py:1358} INFO - 
--------------------------------------------------------------------------------
[2023-02-01 12:14:25,971] {taskinstance.py:1377} INFO - Executing <Task(BigQueryExecuteQueryOperator): tabla_resumen> on 2023-01-31 00:00:00+00:00
[2023-02-01 12:14:25,973] {standard_task_runner.py:52} INFO - Started process 3782 to run task
[2023-02-01 12:14:25,975] {standard_task_runner.py:79} INFO - Running: ['airflow', 'tasks', 'run', '5_variables', 'tabla_resumen', 'scheduled__2023-01-31T00:00:00+00:00', '--job-id', '118', '--raw', '--subdir', 'DAGS_FOLDER/Airflow2.0-De-0-a-Heroe/5_variables.py', '--cfg-path', '/tmp/tmp521hznc_', '--error-file', '/tmp/tmpswtwq7rs']
[2023-02-01 12:14:25,976] {standard_task_runner.py:80} INFO - Job 118: Subtask tabla_resumen
[2023-02-01 12:14:26,030] {task_command.py:369} INFO - Running <TaskInstance: 5_variables.tabla_resumen scheduled__2023-01-31T00:00:00+00:00 [running]> on host Tinmar.
[2023-02-01 12:14:26,119] {taskinstance.py:1569} INFO - Exporting the following env vars:
AIRFLOW_CTX_DAG_OWNER=David Sanchez
AIRFLOW_CTX_DAG_ID=5_variables
AIRFLOW_CTX_TASK_ID=tabla_resumen
AIRFLOW_CTX_EXECUTION_DATE=2023-01-31T00:00:00+00:00
AIRFLOW_CTX_TRY_NUMBER=1
AIRFLOW_CTX_DAG_RUN_ID=scheduled__2023-01-31T00:00:00+00:00
[2023-02-01 12:14:26,120] {bigquery.py:1077} INFO - Executing: 
        SELECT
            `year`,
            `area`,
            ROUND(AVG(`total_inc`), 4) AS avg_income
        FROM
            `serene-gradient-371719.airflow_trabajo.retail_years_variables_macros`
        GROUP BY
            `year`,
            `area`
        ORDER BY
            `area` ASC
        
[2023-02-01 12:14:26,129] {base.py:68} INFO - Using connection ID 'google_cloud_default' for task execution.
[2023-02-01 12:14:26,133] {logging_mixin.py:115} WARNING - /home/tinmar/.local/lib/python3.10/site-packages/airflow/providers/google/cloud/hooks/bigquery.py:2050 DeprecationWarning: This method is deprecated. Please use `BigQueryHook.insert_job` method.
[2023-02-01 12:14:26,170] {bigquery.py:1542} INFO - Inserting job airflow_1675275266170033_a3609415f450eff20d725352f5e215a7
[2023-02-01 12:14:28,633] {taskinstance.py:1395} INFO - Marking task as SUCCESS. dag_id=5_variables, task_id=tabla_resumen, execution_date=20230131T000000, start_date=20230201T181425, end_date=20230201T181428
[2023-02-01 12:14:28,685] {local_task_job.py:156} INFO - Task exited with return code 0
[2023-02-01 12:14:28,738] {local_task_job.py:273} INFO - 1 downstream tasks scheduled from follow-on schedule check
