[2023-02-15 18:00:01,496] {taskinstance.py:1159} INFO - Dependencies all met for <TaskInstance: 7_dataproc_subdags.create_cluster scheduled__2023-02-15T00:00:00+00:00 [queued]>
[2023-02-15 18:00:01,504] {taskinstance.py:1159} INFO - Dependencies all met for <TaskInstance: 7_dataproc_subdags.create_cluster scheduled__2023-02-15T00:00:00+00:00 [queued]>
[2023-02-15 18:00:01,505] {taskinstance.py:1356} INFO - 
--------------------------------------------------------------------------------
[2023-02-15 18:00:01,506] {taskinstance.py:1357} INFO - Starting attempt 1 of 1
[2023-02-15 18:00:01,506] {taskinstance.py:1358} INFO - 
--------------------------------------------------------------------------------
[2023-02-15 18:00:01,517] {taskinstance.py:1377} INFO - Executing <Task(DataprocCreateClusterOperator): create_cluster> on 2023-02-15 00:00:00+00:00
[2023-02-15 18:00:01,524] {standard_task_runner.py:52} INFO - Started process 465981 to run task
[2023-02-15 18:00:01,535] {standard_task_runner.py:79} INFO - Running: ['***', 'tasks', 'run', '7_dataproc_subdags', 'create_cluster', 'scheduled__2023-02-15T00:00:00+00:00', '--job-id', '218', '--raw', '--subdir', 'DAGS_FOLDER/Airflow2_0_De_0_a_Heroe/7_dataproc_subdags.py', '--cfg-path', '/tmp/tmpu3g7b1nt', '--error-file', '/tmp/tmp15yv6wdp']
[2023-02-15 18:00:01,538] {standard_task_runner.py:80} INFO - Job 218: Subtask create_cluster
[2023-02-15 18:00:01,600] {task_command.py:369} INFO - Running <TaskInstance: 7_dataproc_subdags.create_cluster scheduled__2023-02-15T00:00:00+00:00 [running]> on host Tinmar.
[2023-02-15 18:00:01,665] {taskinstance.py:1569} INFO - Exporting the following env vars:
AIRFLOW_CTX_DAG_OWNER=David Sanchez
AIRFLOW_CTX_DAG_ID=7_dataproc_subdags
AIRFLOW_CTX_TASK_ID=create_cluster
AIRFLOW_CTX_EXECUTION_DATE=2023-02-15T00:00:00+00:00
AIRFLOW_CTX_TRY_NUMBER=1
AIRFLOW_CTX_DAG_RUN_ID=scheduled__2023-02-15T00:00:00+00:00
[2023-02-15 18:00:01,666] {dataproc.py:591} INFO - Creating cluster: ***-spark-cluster
[2023-02-15 18:00:01,677] {base.py:68} INFO - Using connection ID 'google_cloud_default' for task execution.
[2023-02-15 18:02:24,262] {dataproc.py:535} INFO - Cluster created.
[2023-02-15 18:02:24,290] {taskinstance.py:1395} INFO - Marking task as SUCCESS. dag_id=7_dataproc_subdags, task_id=create_cluster, execution_date=20230215T000000, start_date=20230216T000001, end_date=20230216T000224
[2023-02-15 18:02:24,306] {local_task_job.py:156} INFO - Task exited with return code 0
