[2023-02-13 09:22:10,602] {taskinstance.py:1159} INFO - Dependencies all met for <TaskInstance: 6_dataproc_airflow.iden_number scheduled__2023-02-11T00:00:00+00:00 [queued]>
[2023-02-13 09:22:10,606] {taskinstance.py:1159} INFO - Dependencies all met for <TaskInstance: 6_dataproc_airflow.iden_number scheduled__2023-02-11T00:00:00+00:00 [queued]>
[2023-02-13 09:22:10,607] {taskinstance.py:1356} INFO - 
--------------------------------------------------------------------------------
[2023-02-13 09:22:10,608] {taskinstance.py:1357} INFO - Starting attempt 1 of 1
[2023-02-13 09:22:10,608] {taskinstance.py:1358} INFO - 
--------------------------------------------------------------------------------
[2023-02-13 09:22:10,619] {taskinstance.py:1377} INFO - Executing <Task(BranchPythonOperator): iden_number> on 2023-02-11 00:00:00+00:00
[2023-02-13 09:22:10,622] {standard_task_runner.py:52} INFO - Started process 3728 to run task
[2023-02-13 09:22:10,624] {standard_task_runner.py:79} INFO - Running: ['***', 'tasks', 'run', '6_dataproc_***', 'iden_number', 'scheduled__2023-02-11T00:00:00+00:00', '--job-id', '86', '--raw', '--subdir', 'DAGS_FOLDER/Airflow2_0_De_0_a_Heroe/6_dataproc_***.py', '--cfg-path', '/tmp/tmpeo54d2n0', '--error-file', '/tmp/tmpxskkdmb8']
[2023-02-13 09:22:10,625] {standard_task_runner.py:80} INFO - Job 86: Subtask iden_number
[2023-02-13 09:22:10,676] {task_command.py:369} INFO - Running <TaskInstance: 6_dataproc_airflow.iden_number scheduled__2023-02-11T00:00:00+00:00 [running]> on host Tinmar.
[2023-02-13 09:22:10,719] {taskinstance.py:1569} INFO - Exporting the following env vars:
AIRFLOW_CTX_DAG_OWNER=David S
AIRFLOW_CTX_DAG_ID=6_dataproc_***
AIRFLOW_CTX_TASK_ID=iden_number
AIRFLOW_CTX_EXECUTION_DATE=2023-02-11T00:00:00+00:00
AIRFLOW_CTX_TRY_NUMBER=1
AIRFLOW_CTX_DAG_RUN_ID=scheduled__2023-02-11T00:00:00+00:00
[2023-02-13 09:22:10,721] {python.py:173} INFO - Done. Returned value was: ['par_task.avg_quant', 'par_task.avg_tincome', 'par_task.avg_uprice']
[2023-02-13 09:22:10,721] {skipmixin.py:140} INFO - Following branch ['par_task.avg_quant', 'par_task.avg_tincome', 'par_task.avg_uprice']
[2023-02-13 09:22:10,722] {skipmixin.py:175} INFO - Skipping tasks ['impar_task']
[2023-02-13 09:22:10,757] {taskinstance.py:1395} INFO - Marking task as SUCCESS. dag_id=6_dataproc_***, task_id=iden_number, execution_date=20230211T000000, start_date=20230213T152210, end_date=20230213T152210
[2023-02-13 09:22:10,799] {local_task_job.py:156} INFO - Task exited with return code 0
