[2023-02-20T09:18:27.203-0600] {taskinstance.py:1165} INFO - Dependencies all met for <TaskInstance: 6_xcom_dag.t3 scheduled__2023-02-19T00:00:00+00:00 [queued]>
[2023-02-20T09:18:27.217-0600] {taskinstance.py:1165} INFO - Dependencies all met for <TaskInstance: 6_xcom_dag.t3 scheduled__2023-02-19T00:00:00+00:00 [queued]>
[2023-02-20T09:18:27.218-0600] {taskinstance.py:1362} INFO - 
--------------------------------------------------------------------------------
[2023-02-20T09:18:27.219-0600] {taskinstance.py:1363} INFO - Starting attempt 1 of 1
[2023-02-20T09:18:27.220-0600] {taskinstance.py:1364} INFO - 
--------------------------------------------------------------------------------
[2023-02-20T09:18:27.234-0600] {taskinstance.py:1383} INFO - Executing <Task(BashOperator): t3> on 2023-02-19 00:00:00+00:00
[2023-02-20T09:18:27.238-0600] {standard_task_runner.py:54} INFO - Started process 198168 to run task
[2023-02-20T09:18:27.241-0600] {standard_task_runner.py:82} INFO - Running: ['***', 'tasks', 'run', '6_xcom_dag', 't3', 'scheduled__2023-02-19T00:00:00+00:00', '--job-id', '556', '--raw', '--subdir', 'DAGS_FOLDER/Introduction_to_Apache_Airflow/6_xcom_dag.py', '--cfg-path', '/tmp/tmpk8ze4skt']
[2023-02-20T09:18:27.244-0600] {standard_task_runner.py:83} INFO - Job 556: Subtask t3
[2023-02-20T09:18:27.246-0600] {dagbag.py:525} INFO - Filling up the DagBag from /c/Airflow/dags/Introduction_to_Apache_Airflow/6_xcom_dag.py
[2023-02-20T09:18:27.409-0600] {task_command.py:384} INFO - Running <TaskInstance: 6_xcom_dag.t3 scheduled__2023-02-19T00:00:00+00:00 [running]> on host Tinmar.
[2023-02-20T09:18:27.495-0600] {taskinstance.py:1590} INFO - Exporting the following env vars:
AIRFLOW_CTX_DAG_OWNER=***
AIRFLOW_CTX_DAG_ID=6_xcom_dag
AIRFLOW_CTX_TASK_ID=t3
AIRFLOW_CTX_EXECUTION_DATE=2023-02-19T00:00:00+00:00
AIRFLOW_CTX_TRY_NUMBER=1
AIRFLOW_CTX_DAG_RUN_ID=scheduled__2023-02-19T00:00:00+00:00
[2023-02-20T09:18:27.497-0600] {subprocess.py:63} INFO - Tmp dir root location: 
 /tmp
[2023-02-20T09:18:27.498-0600] {subprocess.py:75} INFO - Running command: ['/usr/bin/bash', '-c', "echo ''"]
[2023-02-20T09:18:27.505-0600] {subprocess.py:86} INFO - Output:
[2023-02-20T09:18:27.506-0600] {subprocess.py:93} INFO - 
[2023-02-20T09:18:27.507-0600] {subprocess.py:97} INFO - Command exited with return code 0
[2023-02-20T09:18:27.544-0600] {taskinstance.py:1401} INFO - Marking task as SUCCESS. dag_id=6_xcom_dag, task_id=t3, execution_date=20230219T000000, start_date=20230220T151827, end_date=20230220T151827
[2023-02-20T09:18:27.574-0600] {local_task_job.py:164} INFO - Task exited with return code 0
[2023-02-20T09:18:27.597-0600] {local_task_job.py:273} INFO - 0 downstream tasks scheduled from follow-on schedule check
