[2023-02-06 12:30:10,281] {processor.py:153} INFO - Started process (PID=10878) to work on /c/Airflow/dags/Airflow2_0_De_0_a_Heroe/0_airflow_macro.py
[2023-02-06 12:30:10,282] {processor.py:641} INFO - Processing file /c/Airflow/dags/Airflow2_0_De_0_a_Heroe/0_airflow_macro.py for tasks to queue
[2023-02-06 12:30:10,283] {logging_mixin.py:115} INFO - [2023-02-06 12:30:10,283] {dagbag.py:507} INFO - Filling up the DagBag from /c/Airflow/dags/Airflow2_0_De_0_a_Heroe/0_airflow_macro.py
[2023-02-06 12:30:10,333] {processor.py:651} INFO - DAG(s) dict_keys(['0_airflow_macro']) retrieved from /c/Airflow/dags/Airflow2_0_De_0_a_Heroe/0_airflow_macro.py
[2023-02-06 12:30:10,387] {logging_mixin.py:115} INFO - [2023-02-06 12:30:10,387] {dag.py:2371} INFO - Sync 1 DAGs
[2023-02-06 12:30:10,487] {logging_mixin.py:115} INFO - [2023-02-06 12:30:10,487] {dag.py:2915} INFO - Setting next_dagrun for 0_airflow_macro to 2023-02-05T00:00:00+00:00, run_after=2023-02-06T00:00:00+00:00
[2023-02-06 12:30:10,536] {processor.py:161} INFO - Processing /c/Airflow/dags/Airflow2_0_De_0_a_Heroe/0_airflow_macro.py took 0.259 seconds
[2023-02-06 12:30:40,949] {processor.py:153} INFO - Started process (PID=10898) to work on /c/Airflow/dags/Airflow2_0_De_0_a_Heroe/0_airflow_macro.py
[2023-02-06 12:30:40,950] {processor.py:641} INFO - Processing file /c/Airflow/dags/Airflow2_0_De_0_a_Heroe/0_airflow_macro.py for tasks to queue
[2023-02-06 12:30:40,951] {logging_mixin.py:115} INFO - [2023-02-06 12:30:40,951] {dagbag.py:507} INFO - Filling up the DagBag from /c/Airflow/dags/Airflow2_0_De_0_a_Heroe/0_airflow_macro.py
[2023-02-06 12:30:40,986] {processor.py:651} INFO - DAG(s) dict_keys(['0_airflow_macro']) retrieved from /c/Airflow/dags/Airflow2_0_De_0_a_Heroe/0_airflow_macro.py
[2023-02-06 12:30:41,019] {logging_mixin.py:115} INFO - [2023-02-06 12:30:41,019] {dag.py:2371} INFO - Sync 1 DAGs
[2023-02-06 12:30:41,043] {logging_mixin.py:115} INFO - [2023-02-06 12:30:41,043] {dag.py:2915} INFO - Setting next_dagrun for 0_airflow_macro to 2023-02-05T00:00:00+00:00, run_after=2023-02-06T00:00:00+00:00
[2023-02-06 12:30:41,098] {processor.py:161} INFO - Processing /c/Airflow/dags/Airflow2_0_De_0_a_Heroe/0_airflow_macro.py took 0.151 seconds
[2023-02-06 12:31:11,790] {processor.py:153} INFO - Started process (PID=10918) to work on /c/Airflow/dags/Airflow2_0_De_0_a_Heroe/0_airflow_macro.py
[2023-02-06 12:31:11,791] {processor.py:641} INFO - Processing file /c/Airflow/dags/Airflow2_0_De_0_a_Heroe/0_airflow_macro.py for tasks to queue
[2023-02-06 12:31:11,791] {logging_mixin.py:115} INFO - [2023-02-06 12:31:11,791] {dagbag.py:507} INFO - Filling up the DagBag from /c/Airflow/dags/Airflow2_0_De_0_a_Heroe/0_airflow_macro.py
[2023-02-06 12:31:11,819] {processor.py:651} INFO - DAG(s) dict_keys(['0_airflow_macro']) retrieved from /c/Airflow/dags/Airflow2_0_De_0_a_Heroe/0_airflow_macro.py
[2023-02-06 12:31:11,850] {logging_mixin.py:115} INFO - [2023-02-06 12:31:11,849] {dag.py:2371} INFO - Sync 1 DAGs
[2023-02-06 12:31:11,871] {logging_mixin.py:115} INFO - [2023-02-06 12:31:11,871] {dag.py:2915} INFO - Setting next_dagrun for 0_airflow_macro to 2023-02-05T00:00:00+00:00, run_after=2023-02-06T00:00:00+00:00
[2023-02-06 12:31:11,917] {processor.py:161} INFO - Processing /c/Airflow/dags/Airflow2_0_De_0_a_Heroe/0_airflow_macro.py took 0.129 seconds
[2023-02-06 12:31:42,748] {processor.py:153} INFO - Started process (PID=10938) to work on /c/Airflow/dags/Airflow2_0_De_0_a_Heroe/0_airflow_macro.py
[2023-02-06 12:31:42,748] {processor.py:641} INFO - Processing file /c/Airflow/dags/Airflow2_0_De_0_a_Heroe/0_airflow_macro.py for tasks to queue
[2023-02-06 12:31:42,749] {logging_mixin.py:115} INFO - [2023-02-06 12:31:42,749] {dagbag.py:507} INFO - Filling up the DagBag from /c/Airflow/dags/Airflow2_0_De_0_a_Heroe/0_airflow_macro.py
[2023-02-06 12:31:42,778] {processor.py:651} INFO - DAG(s) dict_keys(['0_airflow_macro']) retrieved from /c/Airflow/dags/Airflow2_0_De_0_a_Heroe/0_airflow_macro.py
[2023-02-06 12:31:42,800] {logging_mixin.py:115} INFO - [2023-02-06 12:31:42,799] {dag.py:2371} INFO - Sync 1 DAGs
[2023-02-06 12:31:42,816] {logging_mixin.py:115} INFO - [2023-02-06 12:31:42,816] {dag.py:2915} INFO - Setting next_dagrun for 0_airflow_macro to 2023-02-05T00:00:00+00:00, run_after=2023-02-06T00:00:00+00:00
[2023-02-06 12:31:42,856] {processor.py:161} INFO - Processing /c/Airflow/dags/Airflow2_0_De_0_a_Heroe/0_airflow_macro.py took 0.110 seconds
[2023-02-06 12:32:13,793] {processor.py:153} INFO - Started process (PID=10959) to work on /c/Airflow/dags/Airflow2_0_De_0_a_Heroe/0_airflow_macro.py
[2023-02-06 12:32:13,794] {processor.py:641} INFO - Processing file /c/Airflow/dags/Airflow2_0_De_0_a_Heroe/0_airflow_macro.py for tasks to queue
[2023-02-06 12:32:13,794] {logging_mixin.py:115} INFO - [2023-02-06 12:32:13,794] {dagbag.py:507} INFO - Filling up the DagBag from /c/Airflow/dags/Airflow2_0_De_0_a_Heroe/0_airflow_macro.py
[2023-02-06 12:32:13,864] {processor.py:651} INFO - DAG(s) dict_keys(['0_airflow_macro']) retrieved from /c/Airflow/dags/Airflow2_0_De_0_a_Heroe/0_airflow_macro.py
[2023-02-06 12:32:13,888] {logging_mixin.py:115} INFO - [2023-02-06 12:32:13,888] {dag.py:2371} INFO - Sync 1 DAGs
[2023-02-06 12:32:13,914] {logging_mixin.py:115} INFO - [2023-02-06 12:32:13,914] {dag.py:2915} INFO - Setting next_dagrun for 0_airflow_macro to 2023-02-05T00:00:00+00:00, run_after=2023-02-06T00:00:00+00:00
[2023-02-06 12:32:13,991] {processor.py:161} INFO - Processing /c/Airflow/dags/Airflow2_0_De_0_a_Heroe/0_airflow_macro.py took 0.200 seconds
[2023-02-06 12:32:51,005] {processor.py:153} INFO - Started process (PID=10979) to work on /c/Airflow/dags/Airflow2_0_De_0_a_Heroe/0_airflow_macro.py
[2023-02-06 12:32:51,008] {processor.py:641} INFO - Processing file /c/Airflow/dags/Airflow2_0_De_0_a_Heroe/0_airflow_macro.py for tasks to queue
[2023-02-06 12:32:51,010] {logging_mixin.py:115} INFO - [2023-02-06 12:32:51,010] {dagbag.py:507} INFO - Filling up the DagBag from /c/Airflow/dags/Airflow2_0_De_0_a_Heroe/0_airflow_macro.py
[2023-02-06 12:32:51,098] {processor.py:651} INFO - DAG(s) dict_keys(['0_airflow_macro']) retrieved from /c/Airflow/dags/Airflow2_0_De_0_a_Heroe/0_airflow_macro.py
[2023-02-06 12:32:51,245] {logging_mixin.py:115} INFO - [2023-02-06 12:32:51,244] {dag.py:2371} INFO - Sync 1 DAGs
[2023-02-06 12:32:51,364] {logging_mixin.py:115} INFO - [2023-02-06 12:32:51,364] {dag.py:2915} INFO - Setting next_dagrun for 0_airflow_macro to 2023-02-05T00:00:00+00:00, run_after=2023-02-06T00:00:00+00:00
[2023-02-06 12:32:51,586] {processor.py:161} INFO - Processing /c/Airflow/dags/Airflow2_0_De_0_a_Heroe/0_airflow_macro.py took 0.583 seconds
[2023-02-06 12:33:21,703] {processor.py:153} INFO - Started process (PID=10999) to work on /c/Airflow/dags/Airflow2_0_De_0_a_Heroe/0_airflow_macro.py
[2023-02-06 12:33:21,704] {processor.py:641} INFO - Processing file /c/Airflow/dags/Airflow2_0_De_0_a_Heroe/0_airflow_macro.py for tasks to queue
[2023-02-06 12:33:21,709] {logging_mixin.py:115} INFO - [2023-02-06 12:33:21,709] {dagbag.py:507} INFO - Filling up the DagBag from /c/Airflow/dags/Airflow2_0_De_0_a_Heroe/0_airflow_macro.py
[2023-02-06 12:33:21,742] {processor.py:651} INFO - DAG(s) dict_keys(['0_airflow_macro']) retrieved from /c/Airflow/dags/Airflow2_0_De_0_a_Heroe/0_airflow_macro.py
[2023-02-06 12:33:21,762] {logging_mixin.py:115} INFO - [2023-02-06 12:33:21,762] {dag.py:2371} INFO - Sync 1 DAGs
[2023-02-06 12:33:21,798] {logging_mixin.py:115} INFO - [2023-02-06 12:33:21,798] {dag.py:2915} INFO - Setting next_dagrun for 0_airflow_macro to 2023-02-05T00:00:00+00:00, run_after=2023-02-06T00:00:00+00:00
[2023-02-06 12:33:21,846] {processor.py:161} INFO - Processing /c/Airflow/dags/Airflow2_0_De_0_a_Heroe/0_airflow_macro.py took 0.145 seconds
[2023-02-06 12:33:52,869] {processor.py:153} INFO - Started process (PID=11019) to work on /c/Airflow/dags/Airflow2_0_De_0_a_Heroe/0_airflow_macro.py
[2023-02-06 12:33:52,870] {processor.py:641} INFO - Processing file /c/Airflow/dags/Airflow2_0_De_0_a_Heroe/0_airflow_macro.py for tasks to queue
[2023-02-06 12:33:52,871] {logging_mixin.py:115} INFO - [2023-02-06 12:33:52,871] {dagbag.py:507} INFO - Filling up the DagBag from /c/Airflow/dags/Airflow2_0_De_0_a_Heroe/0_airflow_macro.py
[2023-02-06 12:33:52,898] {processor.py:651} INFO - DAG(s) dict_keys(['0_airflow_macro']) retrieved from /c/Airflow/dags/Airflow2_0_De_0_a_Heroe/0_airflow_macro.py
[2023-02-06 12:33:52,916] {logging_mixin.py:115} INFO - [2023-02-06 12:33:52,916] {dag.py:2371} INFO - Sync 1 DAGs
[2023-02-06 12:33:52,932] {logging_mixin.py:115} INFO - [2023-02-06 12:33:52,932] {dag.py:2915} INFO - Setting next_dagrun for 0_airflow_macro to 2023-02-05T00:00:00+00:00, run_after=2023-02-06T00:00:00+00:00
[2023-02-06 12:33:52,982] {processor.py:161} INFO - Processing /c/Airflow/dags/Airflow2_0_De_0_a_Heroe/0_airflow_macro.py took 0.115 seconds
[2023-02-06 12:34:24,261] {processor.py:153} INFO - Started process (PID=11039) to work on /c/Airflow/dags/Airflow2_0_De_0_a_Heroe/0_airflow_macro.py
[2023-02-06 12:34:24,262] {processor.py:641} INFO - Processing file /c/Airflow/dags/Airflow2_0_De_0_a_Heroe/0_airflow_macro.py for tasks to queue
[2023-02-06 12:34:24,263] {logging_mixin.py:115} INFO - [2023-02-06 12:34:24,262] {dagbag.py:507} INFO - Filling up the DagBag from /c/Airflow/dags/Airflow2_0_De_0_a_Heroe/0_airflow_macro.py
[2023-02-06 12:34:24,288] {processor.py:651} INFO - DAG(s) dict_keys(['0_airflow_macro']) retrieved from /c/Airflow/dags/Airflow2_0_De_0_a_Heroe/0_airflow_macro.py
[2023-02-06 12:34:24,307] {logging_mixin.py:115} INFO - [2023-02-06 12:34:24,307] {dag.py:2371} INFO - Sync 1 DAGs
[2023-02-06 12:34:24,323] {logging_mixin.py:115} INFO - [2023-02-06 12:34:24,323] {dag.py:2915} INFO - Setting next_dagrun for 0_airflow_macro to 2023-02-05T00:00:00+00:00, run_after=2023-02-06T00:00:00+00:00
[2023-02-06 12:34:24,366] {processor.py:161} INFO - Processing /c/Airflow/dags/Airflow2_0_De_0_a_Heroe/0_airflow_macro.py took 0.106 seconds
[2023-02-06 12:35:01,837] {processor.py:153} INFO - Started process (PID=11059) to work on /c/Airflow/dags/Airflow2_0_De_0_a_Heroe/0_airflow_macro.py
[2023-02-06 12:35:01,838] {processor.py:641} INFO - Processing file /c/Airflow/dags/Airflow2_0_De_0_a_Heroe/0_airflow_macro.py for tasks to queue
[2023-02-06 12:35:01,838] {logging_mixin.py:115} INFO - [2023-02-06 12:35:01,838] {dagbag.py:507} INFO - Filling up the DagBag from /c/Airflow/dags/Airflow2_0_De_0_a_Heroe/0_airflow_macro.py
[2023-02-06 12:35:01,882] {processor.py:651} INFO - DAG(s) dict_keys(['0_airflow_macro']) retrieved from /c/Airflow/dags/Airflow2_0_De_0_a_Heroe/0_airflow_macro.py
[2023-02-06 12:35:01,909] {logging_mixin.py:115} INFO - [2023-02-06 12:35:01,909] {dag.py:2371} INFO - Sync 1 DAGs
[2023-02-06 12:35:01,960] {logging_mixin.py:115} INFO - [2023-02-06 12:35:01,959] {dag.py:2915} INFO - Setting next_dagrun for 0_airflow_macro to 2023-02-05T00:00:00+00:00, run_after=2023-02-06T00:00:00+00:00
[2023-02-06 12:35:02,048] {processor.py:161} INFO - Processing /c/Airflow/dags/Airflow2_0_De_0_a_Heroe/0_airflow_macro.py took 0.213 seconds
[2023-02-06 12:35:33,377] {processor.py:153} INFO - Started process (PID=11079) to work on /c/Airflow/dags/Airflow2_0_De_0_a_Heroe/0_airflow_macro.py
[2023-02-06 12:35:33,388] {processor.py:641} INFO - Processing file /c/Airflow/dags/Airflow2_0_De_0_a_Heroe/0_airflow_macro.py for tasks to queue
[2023-02-06 12:35:33,404] {logging_mixin.py:115} INFO - [2023-02-06 12:35:33,404] {dagbag.py:507} INFO - Filling up the DagBag from /c/Airflow/dags/Airflow2_0_De_0_a_Heroe/0_airflow_macro.py
[2023-02-06 12:35:33,579] {processor.py:651} INFO - DAG(s) dict_keys(['0_airflow_macro']) retrieved from /c/Airflow/dags/Airflow2_0_De_0_a_Heroe/0_airflow_macro.py
[2023-02-06 12:35:33,767] {logging_mixin.py:115} INFO - [2023-02-06 12:35:33,767] {dag.py:2371} INFO - Sync 1 DAGs
[2023-02-06 12:35:33,787] {logging_mixin.py:115} INFO - [2023-02-06 12:35:33,787] {dag.py:2915} INFO - Setting next_dagrun for 0_airflow_macro to 2023-02-05T00:00:00+00:00, run_after=2023-02-06T00:00:00+00:00
[2023-02-06 12:35:33,833] {processor.py:161} INFO - Processing /c/Airflow/dags/Airflow2_0_De_0_a_Heroe/0_airflow_macro.py took 0.459 seconds
[2023-02-06 12:36:10,950] {processor.py:153} INFO - Started process (PID=11099) to work on /c/Airflow/dags/Airflow2_0_De_0_a_Heroe/0_airflow_macro.py
[2023-02-06 12:36:10,951] {processor.py:641} INFO - Processing file /c/Airflow/dags/Airflow2_0_De_0_a_Heroe/0_airflow_macro.py for tasks to queue
[2023-02-06 12:36:10,952] {logging_mixin.py:115} INFO - [2023-02-06 12:36:10,952] {dagbag.py:507} INFO - Filling up the DagBag from /c/Airflow/dags/Airflow2_0_De_0_a_Heroe/0_airflow_macro.py
[2023-02-06 12:36:11,037] {processor.py:651} INFO - DAG(s) dict_keys(['0_airflow_macro']) retrieved from /c/Airflow/dags/Airflow2_0_De_0_a_Heroe/0_airflow_macro.py
[2023-02-06 12:36:11,085] {logging_mixin.py:115} INFO - [2023-02-06 12:36:11,085] {dag.py:2371} INFO - Sync 1 DAGs
[2023-02-06 12:36:11,119] {logging_mixin.py:115} INFO - [2023-02-06 12:36:11,118] {dag.py:2915} INFO - Setting next_dagrun for 0_airflow_macro to 2023-02-05T00:00:00+00:00, run_after=2023-02-06T00:00:00+00:00
[2023-02-06 12:36:11,417] {processor.py:161} INFO - Processing /c/Airflow/dags/Airflow2_0_De_0_a_Heroe/0_airflow_macro.py took 0.470 seconds
[2023-02-06 12:36:42,486] {processor.py:153} INFO - Started process (PID=11144) to work on /c/Airflow/dags/Airflow2_0_De_0_a_Heroe/0_airflow_macro.py
[2023-02-06 12:36:42,487] {processor.py:641} INFO - Processing file /c/Airflow/dags/Airflow2_0_De_0_a_Heroe/0_airflow_macro.py for tasks to queue
[2023-02-06 12:36:42,487] {logging_mixin.py:115} INFO - [2023-02-06 12:36:42,487] {dagbag.py:507} INFO - Filling up the DagBag from /c/Airflow/dags/Airflow2_0_De_0_a_Heroe/0_airflow_macro.py
[2023-02-06 12:36:42,516] {processor.py:651} INFO - DAG(s) dict_keys(['0_airflow_macro']) retrieved from /c/Airflow/dags/Airflow2_0_De_0_a_Heroe/0_airflow_macro.py
[2023-02-06 12:36:42,536] {logging_mixin.py:115} INFO - [2023-02-06 12:36:42,536] {dag.py:2371} INFO - Sync 1 DAGs
[2023-02-06 12:36:42,554] {logging_mixin.py:115} INFO - [2023-02-06 12:36:42,554] {dag.py:2915} INFO - Setting next_dagrun for 0_airflow_macro to 2023-02-05T00:00:00+00:00, run_after=2023-02-06T00:00:00+00:00
[2023-02-06 12:36:42,602] {processor.py:161} INFO - Processing /c/Airflow/dags/Airflow2_0_De_0_a_Heroe/0_airflow_macro.py took 0.118 seconds
[2023-02-06 12:37:13,061] {processor.py:153} INFO - Started process (PID=11172) to work on /c/Airflow/dags/Airflow2_0_De_0_a_Heroe/0_airflow_macro.py
[2023-02-06 12:37:13,062] {processor.py:641} INFO - Processing file /c/Airflow/dags/Airflow2_0_De_0_a_Heroe/0_airflow_macro.py for tasks to queue
[2023-02-06 12:37:13,062] {logging_mixin.py:115} INFO - [2023-02-06 12:37:13,062] {dagbag.py:507} INFO - Filling up the DagBag from /c/Airflow/dags/Airflow2_0_De_0_a_Heroe/0_airflow_macro.py
[2023-02-06 12:37:13,089] {processor.py:651} INFO - DAG(s) dict_keys(['0_airflow_macro']) retrieved from /c/Airflow/dags/Airflow2_0_De_0_a_Heroe/0_airflow_macro.py
[2023-02-06 12:37:13,109] {logging_mixin.py:115} INFO - [2023-02-06 12:37:13,109] {dag.py:2371} INFO - Sync 1 DAGs
[2023-02-06 12:37:13,125] {logging_mixin.py:115} INFO - [2023-02-06 12:37:13,125] {dag.py:2915} INFO - Setting next_dagrun for 0_airflow_macro to 2023-02-05T00:00:00+00:00, run_after=2023-02-06T00:00:00+00:00
[2023-02-06 12:37:13,163] {processor.py:161} INFO - Processing /c/Airflow/dags/Airflow2_0_De_0_a_Heroe/0_airflow_macro.py took 0.105 seconds
[2023-02-06 12:37:44,328] {processor.py:153} INFO - Started process (PID=11192) to work on /c/Airflow/dags/Airflow2_0_De_0_a_Heroe/0_airflow_macro.py
[2023-02-06 12:37:44,329] {processor.py:641} INFO - Processing file /c/Airflow/dags/Airflow2_0_De_0_a_Heroe/0_airflow_macro.py for tasks to queue
[2023-02-06 12:37:44,329] {logging_mixin.py:115} INFO - [2023-02-06 12:37:44,329] {dagbag.py:507} INFO - Filling up the DagBag from /c/Airflow/dags/Airflow2_0_De_0_a_Heroe/0_airflow_macro.py
[2023-02-06 12:37:44,355] {processor.py:651} INFO - DAG(s) dict_keys(['0_airflow_macro']) retrieved from /c/Airflow/dags/Airflow2_0_De_0_a_Heroe/0_airflow_macro.py
[2023-02-06 12:37:44,375] {logging_mixin.py:115} INFO - [2023-02-06 12:37:44,375] {dag.py:2371} INFO - Sync 1 DAGs
[2023-02-06 12:37:44,391] {logging_mixin.py:115} INFO - [2023-02-06 12:37:44,391] {dag.py:2915} INFO - Setting next_dagrun for 0_airflow_macro to 2023-02-05T00:00:00+00:00, run_after=2023-02-06T00:00:00+00:00
[2023-02-06 12:37:44,434] {processor.py:161} INFO - Processing /c/Airflow/dags/Airflow2_0_De_0_a_Heroe/0_airflow_macro.py took 0.108 seconds
[2023-02-06 12:38:14,818] {processor.py:153} INFO - Started process (PID=11212) to work on /c/Airflow/dags/Airflow2_0_De_0_a_Heroe/0_airflow_macro.py
[2023-02-06 12:38:14,819] {processor.py:641} INFO - Processing file /c/Airflow/dags/Airflow2_0_De_0_a_Heroe/0_airflow_macro.py for tasks to queue
[2023-02-06 12:38:14,820] {logging_mixin.py:115} INFO - [2023-02-06 12:38:14,819] {dagbag.py:507} INFO - Filling up the DagBag from /c/Airflow/dags/Airflow2_0_De_0_a_Heroe/0_airflow_macro.py
[2023-02-06 12:38:14,846] {processor.py:651} INFO - DAG(s) dict_keys(['0_airflow_macro']) retrieved from /c/Airflow/dags/Airflow2_0_De_0_a_Heroe/0_airflow_macro.py
[2023-02-06 12:38:14,866] {logging_mixin.py:115} INFO - [2023-02-06 12:38:14,866] {dag.py:2371} INFO - Sync 1 DAGs
[2023-02-06 12:38:14,897] {logging_mixin.py:115} INFO - [2023-02-06 12:38:14,897] {dag.py:2915} INFO - Setting next_dagrun for 0_airflow_macro to 2023-02-05T00:00:00+00:00, run_after=2023-02-06T00:00:00+00:00
[2023-02-06 12:38:14,938] {processor.py:161} INFO - Processing /c/Airflow/dags/Airflow2_0_De_0_a_Heroe/0_airflow_macro.py took 0.121 seconds
[2023-02-06 12:38:45,944] {processor.py:153} INFO - Started process (PID=11232) to work on /c/Airflow/dags/Airflow2_0_De_0_a_Heroe/0_airflow_macro.py
[2023-02-06 12:38:45,945] {processor.py:641} INFO - Processing file /c/Airflow/dags/Airflow2_0_De_0_a_Heroe/0_airflow_macro.py for tasks to queue
[2023-02-06 12:38:45,946] {logging_mixin.py:115} INFO - [2023-02-06 12:38:45,946] {dagbag.py:507} INFO - Filling up the DagBag from /c/Airflow/dags/Airflow2_0_De_0_a_Heroe/0_airflow_macro.py
[2023-02-06 12:38:45,975] {processor.py:651} INFO - DAG(s) dict_keys(['0_airflow_macro']) retrieved from /c/Airflow/dags/Airflow2_0_De_0_a_Heroe/0_airflow_macro.py
[2023-02-06 12:38:45,995] {logging_mixin.py:115} INFO - [2023-02-06 12:38:45,995] {dag.py:2371} INFO - Sync 1 DAGs
[2023-02-06 12:38:46,011] {logging_mixin.py:115} INFO - [2023-02-06 12:38:46,010] {dag.py:2915} INFO - Setting next_dagrun for 0_airflow_macro to 2023-02-05T00:00:00+00:00, run_after=2023-02-06T00:00:00+00:00
[2023-02-06 12:38:46,052] {processor.py:161} INFO - Processing /c/Airflow/dags/Airflow2_0_De_0_a_Heroe/0_airflow_macro.py took 0.110 seconds
[2023-02-06 12:39:16,822] {processor.py:153} INFO - Started process (PID=11252) to work on /c/Airflow/dags/Airflow2_0_De_0_a_Heroe/0_airflow_macro.py
[2023-02-06 12:39:16,823] {processor.py:641} INFO - Processing file /c/Airflow/dags/Airflow2_0_De_0_a_Heroe/0_airflow_macro.py for tasks to queue
[2023-02-06 12:39:16,824] {logging_mixin.py:115} INFO - [2023-02-06 12:39:16,824] {dagbag.py:507} INFO - Filling up the DagBag from /c/Airflow/dags/Airflow2_0_De_0_a_Heroe/0_airflow_macro.py
[2023-02-06 12:39:16,849] {processor.py:651} INFO - DAG(s) dict_keys(['0_airflow_macro']) retrieved from /c/Airflow/dags/Airflow2_0_De_0_a_Heroe/0_airflow_macro.py
[2023-02-06 12:39:16,868] {logging_mixin.py:115} INFO - [2023-02-06 12:39:16,868] {dag.py:2371} INFO - Sync 1 DAGs
[2023-02-06 12:39:16,883] {logging_mixin.py:115} INFO - [2023-02-06 12:39:16,883] {dag.py:2915} INFO - Setting next_dagrun for 0_airflow_macro to 2023-02-05T00:00:00+00:00, run_after=2023-02-06T00:00:00+00:00
[2023-02-06 12:39:16,920] {processor.py:161} INFO - Processing /c/Airflow/dags/Airflow2_0_De_0_a_Heroe/0_airflow_macro.py took 0.099 seconds
[2023-02-06 12:39:47,794] {processor.py:153} INFO - Started process (PID=11272) to work on /c/Airflow/dags/Airflow2_0_De_0_a_Heroe/0_airflow_macro.py
[2023-02-06 12:39:47,794] {processor.py:641} INFO - Processing file /c/Airflow/dags/Airflow2_0_De_0_a_Heroe/0_airflow_macro.py for tasks to queue
[2023-02-06 12:39:47,795] {logging_mixin.py:115} INFO - [2023-02-06 12:39:47,795] {dagbag.py:507} INFO - Filling up the DagBag from /c/Airflow/dags/Airflow2_0_De_0_a_Heroe/0_airflow_macro.py
[2023-02-06 12:39:47,820] {processor.py:651} INFO - DAG(s) dict_keys(['0_airflow_macro']) retrieved from /c/Airflow/dags/Airflow2_0_De_0_a_Heroe/0_airflow_macro.py
[2023-02-06 12:39:47,839] {logging_mixin.py:115} INFO - [2023-02-06 12:39:47,839] {dag.py:2371} INFO - Sync 1 DAGs
[2023-02-06 12:39:47,855] {logging_mixin.py:115} INFO - [2023-02-06 12:39:47,855] {dag.py:2915} INFO - Setting next_dagrun for 0_airflow_macro to 2023-02-05T00:00:00+00:00, run_after=2023-02-06T00:00:00+00:00
[2023-02-06 12:39:47,892] {processor.py:161} INFO - Processing /c/Airflow/dags/Airflow2_0_De_0_a_Heroe/0_airflow_macro.py took 0.100 seconds
[2023-02-06 12:40:18,093] {processor.py:153} INFO - Started process (PID=11292) to work on /c/Airflow/dags/Airflow2_0_De_0_a_Heroe/0_airflow_macro.py
[2023-02-06 12:40:18,093] {processor.py:641} INFO - Processing file /c/Airflow/dags/Airflow2_0_De_0_a_Heroe/0_airflow_macro.py for tasks to queue
[2023-02-06 12:40:18,094] {logging_mixin.py:115} INFO - [2023-02-06 12:40:18,094] {dagbag.py:507} INFO - Filling up the DagBag from /c/Airflow/dags/Airflow2_0_De_0_a_Heroe/0_airflow_macro.py
[2023-02-06 12:40:18,118] {processor.py:651} INFO - DAG(s) dict_keys(['0_airflow_macro']) retrieved from /c/Airflow/dags/Airflow2_0_De_0_a_Heroe/0_airflow_macro.py
[2023-02-06 12:40:18,135] {logging_mixin.py:115} INFO - [2023-02-06 12:40:18,135] {dag.py:2371} INFO - Sync 1 DAGs
[2023-02-06 12:40:18,151] {logging_mixin.py:115} INFO - [2023-02-06 12:40:18,151] {dag.py:2915} INFO - Setting next_dagrun for 0_airflow_macro to 2023-02-05T00:00:00+00:00, run_after=2023-02-06T00:00:00+00:00
[2023-02-06 12:40:18,183] {processor.py:161} INFO - Processing /c/Airflow/dags/Airflow2_0_De_0_a_Heroe/0_airflow_macro.py took 0.092 seconds
[2023-02-06 12:40:49,020] {processor.py:153} INFO - Started process (PID=11312) to work on /c/Airflow/dags/Airflow2_0_De_0_a_Heroe/0_airflow_macro.py
[2023-02-06 12:40:49,021] {processor.py:641} INFO - Processing file /c/Airflow/dags/Airflow2_0_De_0_a_Heroe/0_airflow_macro.py for tasks to queue
[2023-02-06 12:40:49,021] {logging_mixin.py:115} INFO - [2023-02-06 12:40:49,021] {dagbag.py:507} INFO - Filling up the DagBag from /c/Airflow/dags/Airflow2_0_De_0_a_Heroe/0_airflow_macro.py
[2023-02-06 12:40:49,048] {processor.py:651} INFO - DAG(s) dict_keys(['0_airflow_macro']) retrieved from /c/Airflow/dags/Airflow2_0_De_0_a_Heroe/0_airflow_macro.py
[2023-02-06 12:40:49,066] {logging_mixin.py:115} INFO - [2023-02-06 12:40:49,066] {dag.py:2371} INFO - Sync 1 DAGs
[2023-02-06 12:40:49,082] {logging_mixin.py:115} INFO - [2023-02-06 12:40:49,082] {dag.py:2915} INFO - Setting next_dagrun for 0_airflow_macro to 2023-02-05T00:00:00+00:00, run_after=2023-02-06T00:00:00+00:00
[2023-02-06 12:40:49,125] {processor.py:161} INFO - Processing /c/Airflow/dags/Airflow2_0_De_0_a_Heroe/0_airflow_macro.py took 0.107 seconds
[2023-02-06 12:41:19,820] {processor.py:153} INFO - Started process (PID=11332) to work on /c/Airflow/dags/Airflow2_0_De_0_a_Heroe/0_airflow_macro.py
[2023-02-06 12:41:19,820] {processor.py:641} INFO - Processing file /c/Airflow/dags/Airflow2_0_De_0_a_Heroe/0_airflow_macro.py for tasks to queue
[2023-02-06 12:41:19,821] {logging_mixin.py:115} INFO - [2023-02-06 12:41:19,821] {dagbag.py:507} INFO - Filling up the DagBag from /c/Airflow/dags/Airflow2_0_De_0_a_Heroe/0_airflow_macro.py
[2023-02-06 12:41:19,846] {processor.py:651} INFO - DAG(s) dict_keys(['0_airflow_macro']) retrieved from /c/Airflow/dags/Airflow2_0_De_0_a_Heroe/0_airflow_macro.py
[2023-02-06 12:41:19,865] {logging_mixin.py:115} INFO - [2023-02-06 12:41:19,865] {dag.py:2371} INFO - Sync 1 DAGs
[2023-02-06 12:41:19,881] {logging_mixin.py:115} INFO - [2023-02-06 12:41:19,881] {dag.py:2915} INFO - Setting next_dagrun for 0_airflow_macro to 2023-02-05T00:00:00+00:00, run_after=2023-02-06T00:00:00+00:00
[2023-02-06 12:41:19,929] {processor.py:161} INFO - Processing /c/Airflow/dags/Airflow2_0_De_0_a_Heroe/0_airflow_macro.py took 0.111 seconds
[2023-02-06 12:41:51,183] {processor.py:153} INFO - Started process (PID=11352) to work on /c/Airflow/dags/Airflow2_0_De_0_a_Heroe/0_airflow_macro.py
[2023-02-06 12:41:51,183] {processor.py:641} INFO - Processing file /c/Airflow/dags/Airflow2_0_De_0_a_Heroe/0_airflow_macro.py for tasks to queue
[2023-02-06 12:41:51,184] {logging_mixin.py:115} INFO - [2023-02-06 12:41:51,184] {dagbag.py:507} INFO - Filling up the DagBag from /c/Airflow/dags/Airflow2_0_De_0_a_Heroe/0_airflow_macro.py
[2023-02-06 12:41:51,210] {processor.py:651} INFO - DAG(s) dict_keys(['0_airflow_macro']) retrieved from /c/Airflow/dags/Airflow2_0_De_0_a_Heroe/0_airflow_macro.py
[2023-02-06 12:41:51,229] {logging_mixin.py:115} INFO - [2023-02-06 12:41:51,229] {dag.py:2371} INFO - Sync 1 DAGs
[2023-02-06 12:41:51,244] {logging_mixin.py:115} INFO - [2023-02-06 12:41:51,244] {dag.py:2915} INFO - Setting next_dagrun for 0_airflow_macro to 2023-02-05T00:00:00+00:00, run_after=2023-02-06T00:00:00+00:00
[2023-02-06 12:41:51,280] {processor.py:161} INFO - Processing /c/Airflow/dags/Airflow2_0_De_0_a_Heroe/0_airflow_macro.py took 0.099 seconds
[2023-02-06 12:42:21,965] {processor.py:153} INFO - Started process (PID=11373) to work on /c/Airflow/dags/Airflow2_0_De_0_a_Heroe/0_airflow_macro.py
[2023-02-06 12:42:21,966] {processor.py:641} INFO - Processing file /c/Airflow/dags/Airflow2_0_De_0_a_Heroe/0_airflow_macro.py for tasks to queue
[2023-02-06 12:42:21,967] {logging_mixin.py:115} INFO - [2023-02-06 12:42:21,966] {dagbag.py:507} INFO - Filling up the DagBag from /c/Airflow/dags/Airflow2_0_De_0_a_Heroe/0_airflow_macro.py
[2023-02-06 12:42:21,992] {processor.py:651} INFO - DAG(s) dict_keys(['0_airflow_macro']) retrieved from /c/Airflow/dags/Airflow2_0_De_0_a_Heroe/0_airflow_macro.py
[2023-02-06 12:42:22,010] {logging_mixin.py:115} INFO - [2023-02-06 12:42:22,010] {dag.py:2371} INFO - Sync 1 DAGs
[2023-02-06 12:42:22,025] {logging_mixin.py:115} INFO - [2023-02-06 12:42:22,025] {dag.py:2915} INFO - Setting next_dagrun for 0_airflow_macro to 2023-02-05T00:00:00+00:00, run_after=2023-02-06T00:00:00+00:00
[2023-02-06 12:42:22,061] {processor.py:161} INFO - Processing /c/Airflow/dags/Airflow2_0_De_0_a_Heroe/0_airflow_macro.py took 0.098 seconds
[2023-02-06 12:42:52,631] {processor.py:153} INFO - Started process (PID=11393) to work on /c/Airflow/dags/Airflow2_0_De_0_a_Heroe/0_airflow_macro.py
[2023-02-06 12:42:52,632] {processor.py:641} INFO - Processing file /c/Airflow/dags/Airflow2_0_De_0_a_Heroe/0_airflow_macro.py for tasks to queue
[2023-02-06 12:42:52,632] {logging_mixin.py:115} INFO - [2023-02-06 12:42:52,632] {dagbag.py:507} INFO - Filling up the DagBag from /c/Airflow/dags/Airflow2_0_De_0_a_Heroe/0_airflow_macro.py
[2023-02-06 12:42:52,658] {processor.py:651} INFO - DAG(s) dict_keys(['0_airflow_macro']) retrieved from /c/Airflow/dags/Airflow2_0_De_0_a_Heroe/0_airflow_macro.py
[2023-02-06 12:42:52,675] {logging_mixin.py:115} INFO - [2023-02-06 12:42:52,675] {dag.py:2371} INFO - Sync 1 DAGs
[2023-02-06 12:42:52,691] {logging_mixin.py:115} INFO - [2023-02-06 12:42:52,691] {dag.py:2915} INFO - Setting next_dagrun for 0_airflow_macro to 2023-02-05T00:00:00+00:00, run_after=2023-02-06T00:00:00+00:00
[2023-02-06 12:42:52,733] {processor.py:161} INFO - Processing /c/Airflow/dags/Airflow2_0_De_0_a_Heroe/0_airflow_macro.py took 0.103 seconds
[2023-02-06 12:43:23,608] {processor.py:153} INFO - Started process (PID=11413) to work on /c/Airflow/dags/Airflow2_0_De_0_a_Heroe/0_airflow_macro.py
[2023-02-06 12:43:23,608] {processor.py:641} INFO - Processing file /c/Airflow/dags/Airflow2_0_De_0_a_Heroe/0_airflow_macro.py for tasks to queue
[2023-02-06 12:43:23,609] {logging_mixin.py:115} INFO - [2023-02-06 12:43:23,609] {dagbag.py:507} INFO - Filling up the DagBag from /c/Airflow/dags/Airflow2_0_De_0_a_Heroe/0_airflow_macro.py
[2023-02-06 12:43:23,634] {processor.py:651} INFO - DAG(s) dict_keys(['0_airflow_macro']) retrieved from /c/Airflow/dags/Airflow2_0_De_0_a_Heroe/0_airflow_macro.py
[2023-02-06 12:43:23,654] {logging_mixin.py:115} INFO - [2023-02-06 12:43:23,654] {dag.py:2371} INFO - Sync 1 DAGs
[2023-02-06 12:43:23,674] {logging_mixin.py:115} INFO - [2023-02-06 12:43:23,674] {dag.py:2915} INFO - Setting next_dagrun for 0_airflow_macro to 2023-02-05T00:00:00+00:00, run_after=2023-02-06T00:00:00+00:00
[2023-02-06 12:43:23,722] {processor.py:161} INFO - Processing /c/Airflow/dags/Airflow2_0_De_0_a_Heroe/0_airflow_macro.py took 0.116 seconds
