[2023-02-06 12:29:59,659] {processor.py:153} INFO - Started process (PID=10868) to work on /c/Airflow/dags/Airflow2_0_De_0_a_Heroe/2_simple_storage_bigquery.py
[2023-02-06 12:29:59,660] {processor.py:641} INFO - Processing file /c/Airflow/dags/Airflow2_0_De_0_a_Heroe/2_simple_storage_bigquery.py for tasks to queue
[2023-02-06 12:29:59,661] {logging_mixin.py:115} INFO - [2023-02-06 12:29:59,661] {dagbag.py:507} INFO - Filling up the DagBag from /c/Airflow/dags/Airflow2_0_De_0_a_Heroe/2_simple_storage_bigquery.py
[2023-02-06 12:30:00,219] {processor.py:651} INFO - DAG(s) dict_keys(['2_simple_storage_bigquery']) retrieved from /c/Airflow/dags/Airflow2_0_De_0_a_Heroe/2_simple_storage_bigquery.py
[2023-02-06 12:30:00,271] {logging_mixin.py:115} INFO - [2023-02-06 12:30:00,271] {dag.py:2371} INFO - Sync 1 DAGs
[2023-02-06 12:30:00,292] {logging_mixin.py:115} INFO - [2023-02-06 12:30:00,292] {dag.py:2915} INFO - Setting next_dagrun for 2_simple_storage_bigquery to 2023-02-05T00:00:00+00:00, run_after=2023-02-06T00:00:00+00:00
[2023-02-06 12:30:00,359] {processor.py:161} INFO - Processing /c/Airflow/dags/Airflow2_0_De_0_a_Heroe/2_simple_storage_bigquery.py took 0.702 seconds
[2023-02-06 12:30:30,548] {processor.py:153} INFO - Started process (PID=10888) to work on /c/Airflow/dags/Airflow2_0_De_0_a_Heroe/2_simple_storage_bigquery.py
[2023-02-06 12:30:30,549] {processor.py:641} INFO - Processing file /c/Airflow/dags/Airflow2_0_De_0_a_Heroe/2_simple_storage_bigquery.py for tasks to queue
[2023-02-06 12:30:30,549] {logging_mixin.py:115} INFO - [2023-02-06 12:30:30,549] {dagbag.py:507} INFO - Filling up the DagBag from /c/Airflow/dags/Airflow2_0_De_0_a_Heroe/2_simple_storage_bigquery.py
[2023-02-06 12:30:31,112] {processor.py:651} INFO - DAG(s) dict_keys(['2_simple_storage_bigquery']) retrieved from /c/Airflow/dags/Airflow2_0_De_0_a_Heroe/2_simple_storage_bigquery.py
[2023-02-06 12:30:31,138] {logging_mixin.py:115} INFO - [2023-02-06 12:30:31,138] {dag.py:2371} INFO - Sync 1 DAGs
[2023-02-06 12:30:31,157] {logging_mixin.py:115} INFO - [2023-02-06 12:30:31,157] {dag.py:2915} INFO - Setting next_dagrun for 2_simple_storage_bigquery to 2023-02-05T00:00:00+00:00, run_after=2023-02-06T00:00:00+00:00
[2023-02-06 12:30:31,203] {processor.py:161} INFO - Processing /c/Airflow/dags/Airflow2_0_De_0_a_Heroe/2_simple_storage_bigquery.py took 0.657 seconds
[2023-02-06 12:31:01,703] {processor.py:153} INFO - Started process (PID=10908) to work on /c/Airflow/dags/Airflow2_0_De_0_a_Heroe/2_simple_storage_bigquery.py
[2023-02-06 12:31:01,703] {processor.py:641} INFO - Processing file /c/Airflow/dags/Airflow2_0_De_0_a_Heroe/2_simple_storage_bigquery.py for tasks to queue
[2023-02-06 12:31:01,704] {logging_mixin.py:115} INFO - [2023-02-06 12:31:01,704] {dagbag.py:507} INFO - Filling up the DagBag from /c/Airflow/dags/Airflow2_0_De_0_a_Heroe/2_simple_storage_bigquery.py
[2023-02-06 12:31:02,157] {processor.py:651} INFO - DAG(s) dict_keys(['2_simple_storage_bigquery']) retrieved from /c/Airflow/dags/Airflow2_0_De_0_a_Heroe/2_simple_storage_bigquery.py
[2023-02-06 12:31:02,186] {logging_mixin.py:115} INFO - [2023-02-06 12:31:02,186] {dag.py:2371} INFO - Sync 1 DAGs
[2023-02-06 12:31:02,207] {logging_mixin.py:115} INFO - [2023-02-06 12:31:02,207] {dag.py:2915} INFO - Setting next_dagrun for 2_simple_storage_bigquery to 2023-02-05T00:00:00+00:00, run_after=2023-02-06T00:00:00+00:00
[2023-02-06 12:31:02,253] {processor.py:161} INFO - Processing /c/Airflow/dags/Airflow2_0_De_0_a_Heroe/2_simple_storage_bigquery.py took 0.552 seconds
[2023-02-06 12:31:33,095] {processor.py:153} INFO - Started process (PID=10928) to work on /c/Airflow/dags/Airflow2_0_De_0_a_Heroe/2_simple_storage_bigquery.py
[2023-02-06 12:31:33,096] {processor.py:641} INFO - Processing file /c/Airflow/dags/Airflow2_0_De_0_a_Heroe/2_simple_storage_bigquery.py for tasks to queue
[2023-02-06 12:31:33,096] {logging_mixin.py:115} INFO - [2023-02-06 12:31:33,096] {dagbag.py:507} INFO - Filling up the DagBag from /c/Airflow/dags/Airflow2_0_De_0_a_Heroe/2_simple_storage_bigquery.py
[2023-02-06 12:31:33,554] {processor.py:651} INFO - DAG(s) dict_keys(['2_simple_storage_bigquery']) retrieved from /c/Airflow/dags/Airflow2_0_De_0_a_Heroe/2_simple_storage_bigquery.py
[2023-02-06 12:31:33,574] {logging_mixin.py:115} INFO - [2023-02-06 12:31:33,574] {dag.py:2371} INFO - Sync 1 DAGs
[2023-02-06 12:31:33,588] {logging_mixin.py:115} INFO - [2023-02-06 12:31:33,588] {dag.py:2915} INFO - Setting next_dagrun for 2_simple_storage_bigquery to 2023-02-05T00:00:00+00:00, run_after=2023-02-06T00:00:00+00:00
[2023-02-06 12:31:33,633] {processor.py:161} INFO - Processing /c/Airflow/dags/Airflow2_0_De_0_a_Heroe/2_simple_storage_bigquery.py took 0.540 seconds
[2023-02-06 12:32:04,331] {processor.py:153} INFO - Started process (PID=10949) to work on /c/Airflow/dags/Airflow2_0_De_0_a_Heroe/2_simple_storage_bigquery.py
[2023-02-06 12:32:04,331] {processor.py:641} INFO - Processing file /c/Airflow/dags/Airflow2_0_De_0_a_Heroe/2_simple_storage_bigquery.py for tasks to queue
[2023-02-06 12:32:04,332] {logging_mixin.py:115} INFO - [2023-02-06 12:32:04,332] {dagbag.py:507} INFO - Filling up the DagBag from /c/Airflow/dags/Airflow2_0_De_0_a_Heroe/2_simple_storage_bigquery.py
[2023-02-06 12:32:04,872] {processor.py:651} INFO - DAG(s) dict_keys(['2_simple_storage_bigquery']) retrieved from /c/Airflow/dags/Airflow2_0_De_0_a_Heroe/2_simple_storage_bigquery.py
[2023-02-06 12:32:04,891] {logging_mixin.py:115} INFO - [2023-02-06 12:32:04,891] {dag.py:2371} INFO - Sync 1 DAGs
[2023-02-06 12:32:04,906] {logging_mixin.py:115} INFO - [2023-02-06 12:32:04,906] {dag.py:2915} INFO - Setting next_dagrun for 2_simple_storage_bigquery to 2023-02-05T00:00:00+00:00, run_after=2023-02-06T00:00:00+00:00
[2023-02-06 12:32:04,948] {processor.py:161} INFO - Processing /c/Airflow/dags/Airflow2_0_De_0_a_Heroe/2_simple_storage_bigquery.py took 0.619 seconds
[2023-02-06 12:32:36,482] {processor.py:153} INFO - Started process (PID=10969) to work on /c/Airflow/dags/Airflow2_0_De_0_a_Heroe/2_simple_storage_bigquery.py
[2023-02-06 12:32:36,483] {processor.py:641} INFO - Processing file /c/Airflow/dags/Airflow2_0_De_0_a_Heroe/2_simple_storage_bigquery.py for tasks to queue
[2023-02-06 12:32:36,484] {logging_mixin.py:115} INFO - [2023-02-06 12:32:36,484] {dagbag.py:507} INFO - Filling up the DagBag from /c/Airflow/dags/Airflow2_0_De_0_a_Heroe/2_simple_storage_bigquery.py
[2023-02-06 12:32:37,346] {processor.py:651} INFO - DAG(s) dict_keys(['2_simple_storage_bigquery']) retrieved from /c/Airflow/dags/Airflow2_0_De_0_a_Heroe/2_simple_storage_bigquery.py
[2023-02-06 12:32:37,402] {logging_mixin.py:115} INFO - [2023-02-06 12:32:37,401] {dag.py:2371} INFO - Sync 1 DAGs
[2023-02-06 12:32:37,436] {logging_mixin.py:115} INFO - [2023-02-06 12:32:37,436] {dag.py:2915} INFO - Setting next_dagrun for 2_simple_storage_bigquery to 2023-02-05T00:00:00+00:00, run_after=2023-02-06T00:00:00+00:00
[2023-02-06 12:32:37,538] {processor.py:161} INFO - Processing /c/Airflow/dags/Airflow2_0_De_0_a_Heroe/2_simple_storage_bigquery.py took 1.059 seconds
[2023-02-06 12:33:07,949] {processor.py:153} INFO - Started process (PID=10989) to work on /c/Airflow/dags/Airflow2_0_De_0_a_Heroe/2_simple_storage_bigquery.py
[2023-02-06 12:33:07,950] {processor.py:641} INFO - Processing file /c/Airflow/dags/Airflow2_0_De_0_a_Heroe/2_simple_storage_bigquery.py for tasks to queue
[2023-02-06 12:33:07,951] {logging_mixin.py:115} INFO - [2023-02-06 12:33:07,951] {dagbag.py:507} INFO - Filling up the DagBag from /c/Airflow/dags/Airflow2_0_De_0_a_Heroe/2_simple_storage_bigquery.py
[2023-02-06 12:33:08,387] {processor.py:651} INFO - DAG(s) dict_keys(['2_simple_storage_bigquery']) retrieved from /c/Airflow/dags/Airflow2_0_De_0_a_Heroe/2_simple_storage_bigquery.py
[2023-02-06 12:33:08,408] {logging_mixin.py:115} INFO - [2023-02-06 12:33:08,407] {dag.py:2371} INFO - Sync 1 DAGs
[2023-02-06 12:33:08,423] {logging_mixin.py:115} INFO - [2023-02-06 12:33:08,423] {dag.py:2915} INFO - Setting next_dagrun for 2_simple_storage_bigquery to 2023-02-05T00:00:00+00:00, run_after=2023-02-06T00:00:00+00:00
[2023-02-06 12:33:08,467] {processor.py:161} INFO - Processing /c/Airflow/dags/Airflow2_0_De_0_a_Heroe/2_simple_storage_bigquery.py took 0.519 seconds
[2023-02-06 12:33:39,355] {processor.py:153} INFO - Started process (PID=11009) to work on /c/Airflow/dags/Airflow2_0_De_0_a_Heroe/2_simple_storage_bigquery.py
[2023-02-06 12:33:39,355] {processor.py:641} INFO - Processing file /c/Airflow/dags/Airflow2_0_De_0_a_Heroe/2_simple_storage_bigquery.py for tasks to queue
[2023-02-06 12:33:39,356] {logging_mixin.py:115} INFO - [2023-02-06 12:33:39,356] {dagbag.py:507} INFO - Filling up the DagBag from /c/Airflow/dags/Airflow2_0_De_0_a_Heroe/2_simple_storage_bigquery.py
[2023-02-06 12:33:39,875] {processor.py:651} INFO - DAG(s) dict_keys(['2_simple_storage_bigquery']) retrieved from /c/Airflow/dags/Airflow2_0_De_0_a_Heroe/2_simple_storage_bigquery.py
[2023-02-06 12:33:39,892] {logging_mixin.py:115} INFO - [2023-02-06 12:33:39,892] {dag.py:2371} INFO - Sync 1 DAGs
[2023-02-06 12:33:39,906] {logging_mixin.py:115} INFO - [2023-02-06 12:33:39,906] {dag.py:2915} INFO - Setting next_dagrun for 2_simple_storage_bigquery to 2023-02-05T00:00:00+00:00, run_after=2023-02-06T00:00:00+00:00
[2023-02-06 12:33:39,946] {processor.py:161} INFO - Processing /c/Airflow/dags/Airflow2_0_De_0_a_Heroe/2_simple_storage_bigquery.py took 0.593 seconds
[2023-02-06 12:34:11,173] {processor.py:153} INFO - Started process (PID=11029) to work on /c/Airflow/dags/Airflow2_0_De_0_a_Heroe/2_simple_storage_bigquery.py
[2023-02-06 12:34:11,174] {processor.py:641} INFO - Processing file /c/Airflow/dags/Airflow2_0_De_0_a_Heroe/2_simple_storage_bigquery.py for tasks to queue
[2023-02-06 12:34:11,175] {logging_mixin.py:115} INFO - [2023-02-06 12:34:11,175] {dagbag.py:507} INFO - Filling up the DagBag from /c/Airflow/dags/Airflow2_0_De_0_a_Heroe/2_simple_storage_bigquery.py
[2023-02-06 12:34:11,637] {processor.py:651} INFO - DAG(s) dict_keys(['2_simple_storage_bigquery']) retrieved from /c/Airflow/dags/Airflow2_0_De_0_a_Heroe/2_simple_storage_bigquery.py
[2023-02-06 12:34:11,658] {logging_mixin.py:115} INFO - [2023-02-06 12:34:11,657] {dag.py:2371} INFO - Sync 1 DAGs
[2023-02-06 12:34:11,672] {logging_mixin.py:115} INFO - [2023-02-06 12:34:11,671] {dag.py:2915} INFO - Setting next_dagrun for 2_simple_storage_bigquery to 2023-02-05T00:00:00+00:00, run_after=2023-02-06T00:00:00+00:00
[2023-02-06 12:34:11,711] {processor.py:161} INFO - Processing /c/Airflow/dags/Airflow2_0_De_0_a_Heroe/2_simple_storage_bigquery.py took 0.539 seconds
[2023-02-06 12:34:42,413] {processor.py:153} INFO - Started process (PID=11049) to work on /c/Airflow/dags/Airflow2_0_De_0_a_Heroe/2_simple_storage_bigquery.py
[2023-02-06 12:34:42,414] {processor.py:641} INFO - Processing file /c/Airflow/dags/Airflow2_0_De_0_a_Heroe/2_simple_storage_bigquery.py for tasks to queue
[2023-02-06 12:34:42,415] {logging_mixin.py:115} INFO - [2023-02-06 12:34:42,415] {dagbag.py:507} INFO - Filling up the DagBag from /c/Airflow/dags/Airflow2_0_De_0_a_Heroe/2_simple_storage_bigquery.py
[2023-02-06 12:34:42,961] {processor.py:651} INFO - DAG(s) dict_keys(['2_simple_storage_bigquery']) retrieved from /c/Airflow/dags/Airflow2_0_De_0_a_Heroe/2_simple_storage_bigquery.py
[2023-02-06 12:34:42,979] {logging_mixin.py:115} INFO - [2023-02-06 12:34:42,979] {dag.py:2371} INFO - Sync 1 DAGs
[2023-02-06 12:34:42,993] {logging_mixin.py:115} INFO - [2023-02-06 12:34:42,993] {dag.py:2915} INFO - Setting next_dagrun for 2_simple_storage_bigquery to 2023-02-05T00:00:00+00:00, run_after=2023-02-06T00:00:00+00:00
[2023-02-06 12:34:43,029] {processor.py:161} INFO - Processing /c/Airflow/dags/Airflow2_0_De_0_a_Heroe/2_simple_storage_bigquery.py took 0.619 seconds
[2023-02-06 12:35:14,510] {processor.py:153} INFO - Started process (PID=11069) to work on /c/Airflow/dags/Airflow2_0_De_0_a_Heroe/2_simple_storage_bigquery.py
[2023-02-06 12:35:14,512] {processor.py:641} INFO - Processing file /c/Airflow/dags/Airflow2_0_De_0_a_Heroe/2_simple_storage_bigquery.py for tasks to queue
[2023-02-06 12:35:14,513] {logging_mixin.py:115} INFO - [2023-02-06 12:35:14,513] {dagbag.py:507} INFO - Filling up the DagBag from /c/Airflow/dags/Airflow2_0_De_0_a_Heroe/2_simple_storage_bigquery.py
[2023-02-06 12:35:15,268] {processor.py:651} INFO - DAG(s) dict_keys(['2_simple_storage_bigquery']) retrieved from /c/Airflow/dags/Airflow2_0_De_0_a_Heroe/2_simple_storage_bigquery.py
[2023-02-06 12:35:15,435] {logging_mixin.py:115} INFO - [2023-02-06 12:35:15,435] {dag.py:2371} INFO - Sync 1 DAGs
[2023-02-06 12:35:15,525] {logging_mixin.py:115} INFO - [2023-02-06 12:35:15,525] {dag.py:2915} INFO - Setting next_dagrun for 2_simple_storage_bigquery to 2023-02-05T00:00:00+00:00, run_after=2023-02-06T00:00:00+00:00
[2023-02-06 12:35:15,799] {processor.py:161} INFO - Processing /c/Airflow/dags/Airflow2_0_De_0_a_Heroe/2_simple_storage_bigquery.py took 1.292 seconds
[2023-02-06 12:35:49,327] {processor.py:153} INFO - Started process (PID=11089) to work on /c/Airflow/dags/Airflow2_0_De_0_a_Heroe/2_simple_storage_bigquery.py
[2023-02-06 12:35:49,338] {processor.py:641} INFO - Processing file /c/Airflow/dags/Airflow2_0_De_0_a_Heroe/2_simple_storage_bigquery.py for tasks to queue
[2023-02-06 12:35:49,354] {logging_mixin.py:115} INFO - [2023-02-06 12:35:49,354] {dagbag.py:507} INFO - Filling up the DagBag from /c/Airflow/dags/Airflow2_0_De_0_a_Heroe/2_simple_storage_bigquery.py
[2023-02-06 12:35:50,220] {processor.py:651} INFO - DAG(s) dict_keys(['2_simple_storage_bigquery']) retrieved from /c/Airflow/dags/Airflow2_0_De_0_a_Heroe/2_simple_storage_bigquery.py
[2023-02-06 12:35:50,391] {logging_mixin.py:115} INFO - [2023-02-06 12:35:50,390] {dag.py:2371} INFO - Sync 1 DAGs
[2023-02-06 12:35:50,528] {logging_mixin.py:115} INFO - [2023-02-06 12:35:50,528] {dag.py:2915} INFO - Setting next_dagrun for 2_simple_storage_bigquery to 2023-02-05T00:00:00+00:00, run_after=2023-02-06T00:00:00+00:00
[2023-02-06 12:35:50,746] {processor.py:161} INFO - Processing /c/Airflow/dags/Airflow2_0_De_0_a_Heroe/2_simple_storage_bigquery.py took 1.420 seconds
[2023-02-06 12:36:23,471] {processor.py:153} INFO - Started process (PID=11109) to work on /c/Airflow/dags/Airflow2_0_De_0_a_Heroe/2_simple_storage_bigquery.py
[2023-02-06 12:36:23,472] {processor.py:641} INFO - Processing file /c/Airflow/dags/Airflow2_0_De_0_a_Heroe/2_simple_storage_bigquery.py for tasks to queue
[2023-02-06 12:36:23,473] {logging_mixin.py:115} INFO - [2023-02-06 12:36:23,473] {dagbag.py:507} INFO - Filling up the DagBag from /c/Airflow/dags/Airflow2_0_De_0_a_Heroe/2_simple_storage_bigquery.py
[2023-02-06 12:36:23,904] {processor.py:651} INFO - DAG(s) dict_keys(['2_simple_storage_bigquery']) retrieved from /c/Airflow/dags/Airflow2_0_De_0_a_Heroe/2_simple_storage_bigquery.py
[2023-02-06 12:36:23,923] {logging_mixin.py:115} INFO - [2023-02-06 12:36:23,923] {dag.py:2371} INFO - Sync 1 DAGs
[2023-02-06 12:36:23,937] {logging_mixin.py:115} INFO - [2023-02-06 12:36:23,937] {dag.py:2915} INFO - Setting next_dagrun for 2_simple_storage_bigquery to 2023-02-05T00:00:00+00:00, run_after=2023-02-06T00:00:00+00:00
[2023-02-06 12:36:23,977] {processor.py:161} INFO - Processing /c/Airflow/dags/Airflow2_0_De_0_a_Heroe/2_simple_storage_bigquery.py took 0.508 seconds
[2023-02-06 12:36:54,905] {processor.py:153} INFO - Started process (PID=11157) to work on /c/Airflow/dags/Airflow2_0_De_0_a_Heroe/2_simple_storage_bigquery.py
[2023-02-06 12:36:54,906] {processor.py:641} INFO - Processing file /c/Airflow/dags/Airflow2_0_De_0_a_Heroe/2_simple_storage_bigquery.py for tasks to queue
[2023-02-06 12:36:54,906] {logging_mixin.py:115} INFO - [2023-02-06 12:36:54,906] {dagbag.py:507} INFO - Filling up the DagBag from /c/Airflow/dags/Airflow2_0_De_0_a_Heroe/2_simple_storage_bigquery.py
[2023-02-06 12:36:55,339] {processor.py:651} INFO - DAG(s) dict_keys(['2_simple_storage_bigquery']) retrieved from /c/Airflow/dags/Airflow2_0_De_0_a_Heroe/2_simple_storage_bigquery.py
[2023-02-06 12:36:55,361] {logging_mixin.py:115} INFO - [2023-02-06 12:36:55,360] {dag.py:2371} INFO - Sync 1 DAGs
[2023-02-06 12:36:55,374] {logging_mixin.py:115} INFO - [2023-02-06 12:36:55,374] {dag.py:2915} INFO - Setting next_dagrun for 2_simple_storage_bigquery to 2023-02-05T00:00:00+00:00, run_after=2023-02-06T00:00:00+00:00
[2023-02-06 12:36:55,410] {processor.py:161} INFO - Processing /c/Airflow/dags/Airflow2_0_De_0_a_Heroe/2_simple_storage_bigquery.py took 0.507 seconds
[2023-02-06 12:37:26,113] {processor.py:153} INFO - Started process (PID=11182) to work on /c/Airflow/dags/Airflow2_0_De_0_a_Heroe/2_simple_storage_bigquery.py
[2023-02-06 12:37:26,114] {processor.py:641} INFO - Processing file /c/Airflow/dags/Airflow2_0_De_0_a_Heroe/2_simple_storage_bigquery.py for tasks to queue
[2023-02-06 12:37:26,115] {logging_mixin.py:115} INFO - [2023-02-06 12:37:26,115] {dagbag.py:507} INFO - Filling up the DagBag from /c/Airflow/dags/Airflow2_0_De_0_a_Heroe/2_simple_storage_bigquery.py
[2023-02-06 12:37:26,552] {processor.py:651} INFO - DAG(s) dict_keys(['2_simple_storage_bigquery']) retrieved from /c/Airflow/dags/Airflow2_0_De_0_a_Heroe/2_simple_storage_bigquery.py
[2023-02-06 12:37:26,575] {logging_mixin.py:115} INFO - [2023-02-06 12:37:26,575] {dag.py:2371} INFO - Sync 1 DAGs
[2023-02-06 12:37:26,589] {logging_mixin.py:115} INFO - [2023-02-06 12:37:26,589] {dag.py:2915} INFO - Setting next_dagrun for 2_simple_storage_bigquery to 2023-02-05T00:00:00+00:00, run_after=2023-02-06T00:00:00+00:00
[2023-02-06 12:37:26,629] {processor.py:161} INFO - Processing /c/Airflow/dags/Airflow2_0_De_0_a_Heroe/2_simple_storage_bigquery.py took 0.517 seconds
[2023-02-06 12:37:57,410] {processor.py:153} INFO - Started process (PID=11202) to work on /c/Airflow/dags/Airflow2_0_De_0_a_Heroe/2_simple_storage_bigquery.py
[2023-02-06 12:37:57,410] {processor.py:641} INFO - Processing file /c/Airflow/dags/Airflow2_0_De_0_a_Heroe/2_simple_storage_bigquery.py for tasks to queue
[2023-02-06 12:37:57,411] {logging_mixin.py:115} INFO - [2023-02-06 12:37:57,411] {dagbag.py:507} INFO - Filling up the DagBag from /c/Airflow/dags/Airflow2_0_De_0_a_Heroe/2_simple_storage_bigquery.py
[2023-02-06 12:37:57,832] {processor.py:651} INFO - DAG(s) dict_keys(['2_simple_storage_bigquery']) retrieved from /c/Airflow/dags/Airflow2_0_De_0_a_Heroe/2_simple_storage_bigquery.py
[2023-02-06 12:37:57,853] {logging_mixin.py:115} INFO - [2023-02-06 12:37:57,853] {dag.py:2371} INFO - Sync 1 DAGs
[2023-02-06 12:37:57,866] {logging_mixin.py:115} INFO - [2023-02-06 12:37:57,866] {dag.py:2915} INFO - Setting next_dagrun for 2_simple_storage_bigquery to 2023-02-05T00:00:00+00:00, run_after=2023-02-06T00:00:00+00:00
[2023-02-06 12:37:57,907] {processor.py:161} INFO - Processing /c/Airflow/dags/Airflow2_0_De_0_a_Heroe/2_simple_storage_bigquery.py took 0.499 seconds
[2023-02-06 12:38:28,416] {processor.py:153} INFO - Started process (PID=11222) to work on /c/Airflow/dags/Airflow2_0_De_0_a_Heroe/2_simple_storage_bigquery.py
[2023-02-06 12:38:28,417] {processor.py:641} INFO - Processing file /c/Airflow/dags/Airflow2_0_De_0_a_Heroe/2_simple_storage_bigquery.py for tasks to queue
[2023-02-06 12:38:28,418] {logging_mixin.py:115} INFO - [2023-02-06 12:38:28,417] {dagbag.py:507} INFO - Filling up the DagBag from /c/Airflow/dags/Airflow2_0_De_0_a_Heroe/2_simple_storage_bigquery.py
[2023-02-06 12:38:28,845] {processor.py:651} INFO - DAG(s) dict_keys(['2_simple_storage_bigquery']) retrieved from /c/Airflow/dags/Airflow2_0_De_0_a_Heroe/2_simple_storage_bigquery.py
[2023-02-06 12:38:28,866] {logging_mixin.py:115} INFO - [2023-02-06 12:38:28,866] {dag.py:2371} INFO - Sync 1 DAGs
[2023-02-06 12:38:28,879] {logging_mixin.py:115} INFO - [2023-02-06 12:38:28,879] {dag.py:2915} INFO - Setting next_dagrun for 2_simple_storage_bigquery to 2023-02-05T00:00:00+00:00, run_after=2023-02-06T00:00:00+00:00
[2023-02-06 12:38:28,916] {processor.py:161} INFO - Processing /c/Airflow/dags/Airflow2_0_De_0_a_Heroe/2_simple_storage_bigquery.py took 0.502 seconds
[2023-02-06 12:38:59,748] {processor.py:153} INFO - Started process (PID=11242) to work on /c/Airflow/dags/Airflow2_0_De_0_a_Heroe/2_simple_storage_bigquery.py
[2023-02-06 12:38:59,748] {processor.py:641} INFO - Processing file /c/Airflow/dags/Airflow2_0_De_0_a_Heroe/2_simple_storage_bigquery.py for tasks to queue
[2023-02-06 12:38:59,749] {logging_mixin.py:115} INFO - [2023-02-06 12:38:59,749] {dagbag.py:507} INFO - Filling up the DagBag from /c/Airflow/dags/Airflow2_0_De_0_a_Heroe/2_simple_storage_bigquery.py
[2023-02-06 12:39:00,172] {processor.py:651} INFO - DAG(s) dict_keys(['2_simple_storage_bigquery']) retrieved from /c/Airflow/dags/Airflow2_0_De_0_a_Heroe/2_simple_storage_bigquery.py
[2023-02-06 12:39:00,192] {logging_mixin.py:115} INFO - [2023-02-06 12:39:00,192] {dag.py:2371} INFO - Sync 1 DAGs
[2023-02-06 12:39:00,205] {logging_mixin.py:115} INFO - [2023-02-06 12:39:00,205] {dag.py:2915} INFO - Setting next_dagrun for 2_simple_storage_bigquery to 2023-02-05T00:00:00+00:00, run_after=2023-02-06T00:00:00+00:00
[2023-02-06 12:39:00,247] {processor.py:161} INFO - Processing /c/Airflow/dags/Airflow2_0_De_0_a_Heroe/2_simple_storage_bigquery.py took 0.501 seconds
[2023-02-06 12:39:30,826] {processor.py:153} INFO - Started process (PID=11262) to work on /c/Airflow/dags/Airflow2_0_De_0_a_Heroe/2_simple_storage_bigquery.py
[2023-02-06 12:39:30,827] {processor.py:641} INFO - Processing file /c/Airflow/dags/Airflow2_0_De_0_a_Heroe/2_simple_storage_bigquery.py for tasks to queue
[2023-02-06 12:39:30,828] {logging_mixin.py:115} INFO - [2023-02-06 12:39:30,828] {dagbag.py:507} INFO - Filling up the DagBag from /c/Airflow/dags/Airflow2_0_De_0_a_Heroe/2_simple_storage_bigquery.py
[2023-02-06 12:39:31,257] {processor.py:651} INFO - DAG(s) dict_keys(['2_simple_storage_bigquery']) retrieved from /c/Airflow/dags/Airflow2_0_De_0_a_Heroe/2_simple_storage_bigquery.py
[2023-02-06 12:39:31,276] {logging_mixin.py:115} INFO - [2023-02-06 12:39:31,276] {dag.py:2371} INFO - Sync 1 DAGs
[2023-02-06 12:39:31,290] {logging_mixin.py:115} INFO - [2023-02-06 12:39:31,289] {dag.py:2915} INFO - Setting next_dagrun for 2_simple_storage_bigquery to 2023-02-05T00:00:00+00:00, run_after=2023-02-06T00:00:00+00:00
[2023-02-06 12:39:31,326] {processor.py:161} INFO - Processing /c/Airflow/dags/Airflow2_0_De_0_a_Heroe/2_simple_storage_bigquery.py took 0.502 seconds
[2023-02-06 12:40:04,151] {processor.py:153} INFO - Started process (PID=11282) to work on /c/Airflow/dags/Airflow2_0_De_0_a_Heroe/2_simple_storage_bigquery.py
[2023-02-06 12:40:04,152] {processor.py:641} INFO - Processing file /c/Airflow/dags/Airflow2_0_De_0_a_Heroe/2_simple_storage_bigquery.py for tasks to queue
[2023-02-06 12:40:04,153] {logging_mixin.py:115} INFO - [2023-02-06 12:40:04,153] {dagbag.py:507} INFO - Filling up the DagBag from /c/Airflow/dags/Airflow2_0_De_0_a_Heroe/2_simple_storage_bigquery.py
[2023-02-06 12:40:04,642] {processor.py:651} INFO - DAG(s) dict_keys(['2_simple_storage_bigquery']) retrieved from /c/Airflow/dags/Airflow2_0_De_0_a_Heroe/2_simple_storage_bigquery.py
[2023-02-06 12:40:04,676] {logging_mixin.py:115} INFO - [2023-02-06 12:40:04,675] {dag.py:2371} INFO - Sync 1 DAGs
[2023-02-06 12:40:04,698] {logging_mixin.py:115} INFO - [2023-02-06 12:40:04,698] {dag.py:2915} INFO - Setting next_dagrun for 2_simple_storage_bigquery to 2023-02-05T00:00:00+00:00, run_after=2023-02-06T00:00:00+00:00
[2023-02-06 12:40:04,739] {processor.py:161} INFO - Processing /c/Airflow/dags/Airflow2_0_De_0_a_Heroe/2_simple_storage_bigquery.py took 0.590 seconds
[2023-02-06 12:40:35,637] {processor.py:153} INFO - Started process (PID=11302) to work on /c/Airflow/dags/Airflow2_0_De_0_a_Heroe/2_simple_storage_bigquery.py
[2023-02-06 12:40:35,638] {processor.py:641} INFO - Processing file /c/Airflow/dags/Airflow2_0_De_0_a_Heroe/2_simple_storage_bigquery.py for tasks to queue
[2023-02-06 12:40:35,639] {logging_mixin.py:115} INFO - [2023-02-06 12:40:35,639] {dagbag.py:507} INFO - Filling up the DagBag from /c/Airflow/dags/Airflow2_0_De_0_a_Heroe/2_simple_storage_bigquery.py
[2023-02-06 12:40:36,124] {processor.py:651} INFO - DAG(s) dict_keys(['2_simple_storage_bigquery']) retrieved from /c/Airflow/dags/Airflow2_0_De_0_a_Heroe/2_simple_storage_bigquery.py
[2023-02-06 12:40:36,142] {logging_mixin.py:115} INFO - [2023-02-06 12:40:36,142] {dag.py:2371} INFO - Sync 1 DAGs
[2023-02-06 12:40:36,156] {logging_mixin.py:115} INFO - [2023-02-06 12:40:36,156] {dag.py:2915} INFO - Setting next_dagrun for 2_simple_storage_bigquery to 2023-02-05T00:00:00+00:00, run_after=2023-02-06T00:00:00+00:00
[2023-02-06 12:40:36,195] {processor.py:161} INFO - Processing /c/Airflow/dags/Airflow2_0_De_0_a_Heroe/2_simple_storage_bigquery.py took 0.560 seconds
[2023-02-06 12:41:06,334] {processor.py:153} INFO - Started process (PID=11322) to work on /c/Airflow/dags/Airflow2_0_De_0_a_Heroe/2_simple_storage_bigquery.py
[2023-02-06 12:41:06,334] {processor.py:641} INFO - Processing file /c/Airflow/dags/Airflow2_0_De_0_a_Heroe/2_simple_storage_bigquery.py for tasks to queue
[2023-02-06 12:41:06,335] {logging_mixin.py:115} INFO - [2023-02-06 12:41:06,335] {dagbag.py:507} INFO - Filling up the DagBag from /c/Airflow/dags/Airflow2_0_De_0_a_Heroe/2_simple_storage_bigquery.py
[2023-02-06 12:41:06,769] {processor.py:651} INFO - DAG(s) dict_keys(['2_simple_storage_bigquery']) retrieved from /c/Airflow/dags/Airflow2_0_De_0_a_Heroe/2_simple_storage_bigquery.py
[2023-02-06 12:41:06,788] {logging_mixin.py:115} INFO - [2023-02-06 12:41:06,787] {dag.py:2371} INFO - Sync 1 DAGs
[2023-02-06 12:41:06,801] {logging_mixin.py:115} INFO - [2023-02-06 12:41:06,801] {dag.py:2915} INFO - Setting next_dagrun for 2_simple_storage_bigquery to 2023-02-05T00:00:00+00:00, run_after=2023-02-06T00:00:00+00:00
[2023-02-06 12:41:06,840] {processor.py:161} INFO - Processing /c/Airflow/dags/Airflow2_0_De_0_a_Heroe/2_simple_storage_bigquery.py took 0.508 seconds
[2023-02-06 12:41:37,748] {processor.py:153} INFO - Started process (PID=11342) to work on /c/Airflow/dags/Airflow2_0_De_0_a_Heroe/2_simple_storage_bigquery.py
[2023-02-06 12:41:37,749] {processor.py:641} INFO - Processing file /c/Airflow/dags/Airflow2_0_De_0_a_Heroe/2_simple_storage_bigquery.py for tasks to queue
[2023-02-06 12:41:37,749] {logging_mixin.py:115} INFO - [2023-02-06 12:41:37,749] {dagbag.py:507} INFO - Filling up the DagBag from /c/Airflow/dags/Airflow2_0_De_0_a_Heroe/2_simple_storage_bigquery.py
[2023-02-06 12:41:38,185] {processor.py:651} INFO - DAG(s) dict_keys(['2_simple_storage_bigquery']) retrieved from /c/Airflow/dags/Airflow2_0_De_0_a_Heroe/2_simple_storage_bigquery.py
[2023-02-06 12:41:38,205] {logging_mixin.py:115} INFO - [2023-02-06 12:41:38,205] {dag.py:2371} INFO - Sync 1 DAGs
[2023-02-06 12:41:38,219] {logging_mixin.py:115} INFO - [2023-02-06 12:41:38,219] {dag.py:2915} INFO - Setting next_dagrun for 2_simple_storage_bigquery to 2023-02-05T00:00:00+00:00, run_after=2023-02-06T00:00:00+00:00
[2023-02-06 12:41:38,257] {processor.py:161} INFO - Processing /c/Airflow/dags/Airflow2_0_De_0_a_Heroe/2_simple_storage_bigquery.py took 0.510 seconds
[2023-02-06 12:42:08,544] {processor.py:153} INFO - Started process (PID=11363) to work on /c/Airflow/dags/Airflow2_0_De_0_a_Heroe/2_simple_storage_bigquery.py
[2023-02-06 12:42:08,545] {processor.py:641} INFO - Processing file /c/Airflow/dags/Airflow2_0_De_0_a_Heroe/2_simple_storage_bigquery.py for tasks to queue
[2023-02-06 12:42:08,545] {logging_mixin.py:115} INFO - [2023-02-06 12:42:08,545] {dagbag.py:507} INFO - Filling up the DagBag from /c/Airflow/dags/Airflow2_0_De_0_a_Heroe/2_simple_storage_bigquery.py
[2023-02-06 12:42:08,960] {processor.py:651} INFO - DAG(s) dict_keys(['2_simple_storage_bigquery']) retrieved from /c/Airflow/dags/Airflow2_0_De_0_a_Heroe/2_simple_storage_bigquery.py
[2023-02-06 12:42:08,982] {logging_mixin.py:115} INFO - [2023-02-06 12:42:08,982] {dag.py:2371} INFO - Sync 1 DAGs
[2023-02-06 12:42:08,996] {logging_mixin.py:115} INFO - [2023-02-06 12:42:08,996] {dag.py:2915} INFO - Setting next_dagrun for 2_simple_storage_bigquery to 2023-02-05T00:00:00+00:00, run_after=2023-02-06T00:00:00+00:00
[2023-02-06 12:42:09,037] {processor.py:161} INFO - Processing /c/Airflow/dags/Airflow2_0_De_0_a_Heroe/2_simple_storage_bigquery.py took 0.495 seconds
[2023-02-06 12:42:39,299] {processor.py:153} INFO - Started process (PID=11383) to work on /c/Airflow/dags/Airflow2_0_De_0_a_Heroe/2_simple_storage_bigquery.py
[2023-02-06 12:42:39,299] {processor.py:641} INFO - Processing file /c/Airflow/dags/Airflow2_0_De_0_a_Heroe/2_simple_storage_bigquery.py for tasks to queue
[2023-02-06 12:42:39,300] {logging_mixin.py:115} INFO - [2023-02-06 12:42:39,300] {dagbag.py:507} INFO - Filling up the DagBag from /c/Airflow/dags/Airflow2_0_De_0_a_Heroe/2_simple_storage_bigquery.py
[2023-02-06 12:42:39,790] {processor.py:651} INFO - DAG(s) dict_keys(['2_simple_storage_bigquery']) retrieved from /c/Airflow/dags/Airflow2_0_De_0_a_Heroe/2_simple_storage_bigquery.py
[2023-02-06 12:42:39,809] {logging_mixin.py:115} INFO - [2023-02-06 12:42:39,809] {dag.py:2371} INFO - Sync 1 DAGs
[2023-02-06 12:42:39,822] {logging_mixin.py:115} INFO - [2023-02-06 12:42:39,822] {dag.py:2915} INFO - Setting next_dagrun for 2_simple_storage_bigquery to 2023-02-05T00:00:00+00:00, run_after=2023-02-06T00:00:00+00:00
[2023-02-06 12:42:39,859] {processor.py:161} INFO - Processing /c/Airflow/dags/Airflow2_0_De_0_a_Heroe/2_simple_storage_bigquery.py took 0.562 seconds
[2023-02-06 12:43:10,342] {processor.py:153} INFO - Started process (PID=11403) to work on /c/Airflow/dags/Airflow2_0_De_0_a_Heroe/2_simple_storage_bigquery.py
[2023-02-06 12:43:10,343] {processor.py:641} INFO - Processing file /c/Airflow/dags/Airflow2_0_De_0_a_Heroe/2_simple_storage_bigquery.py for tasks to queue
[2023-02-06 12:43:10,344] {logging_mixin.py:115} INFO - [2023-02-06 12:43:10,344] {dagbag.py:507} INFO - Filling up the DagBag from /c/Airflow/dags/Airflow2_0_De_0_a_Heroe/2_simple_storage_bigquery.py
[2023-02-06 12:43:10,870] {processor.py:651} INFO - DAG(s) dict_keys(['2_simple_storage_bigquery']) retrieved from /c/Airflow/dags/Airflow2_0_De_0_a_Heroe/2_simple_storage_bigquery.py
[2023-02-06 12:43:10,900] {logging_mixin.py:115} INFO - [2023-02-06 12:43:10,900] {dag.py:2371} INFO - Sync 1 DAGs
[2023-02-06 12:43:10,921] {logging_mixin.py:115} INFO - [2023-02-06 12:43:10,921] {dag.py:2915} INFO - Setting next_dagrun for 2_simple_storage_bigquery to 2023-02-05T00:00:00+00:00, run_after=2023-02-06T00:00:00+00:00
[2023-02-06 12:43:11,085] {processor.py:161} INFO - Processing /c/Airflow/dags/Airflow2_0_De_0_a_Heroe/2_simple_storage_bigquery.py took 0.745 seconds
[2023-02-06 12:43:41,803] {processor.py:153} INFO - Started process (PID=11422) to work on /c/Airflow/dags/Airflow2_0_De_0_a_Heroe/2_simple_storage_bigquery.py
[2023-02-06 12:43:41,805] {processor.py:641} INFO - Processing file /c/Airflow/dags/Airflow2_0_De_0_a_Heroe/2_simple_storage_bigquery.py for tasks to queue
[2023-02-06 12:43:41,806] {logging_mixin.py:115} INFO - [2023-02-06 12:43:41,806] {dagbag.py:507} INFO - Filling up the DagBag from /c/Airflow/dags/Airflow2_0_De_0_a_Heroe/2_simple_storage_bigquery.py
[2023-02-06 12:43:42,357] {processor.py:651} INFO - DAG(s) dict_keys(['2_simple_storage_bigquery']) retrieved from /c/Airflow/dags/Airflow2_0_De_0_a_Heroe/2_simple_storage_bigquery.py
[2023-02-08 11:59:29,275] {logging_mixin.py:115} INFO - [2023-02-08 11:59:29,275] {dag.py:2371} INFO - Sync 1 DAGs
[2023-02-08 11:59:29,334] {logging_mixin.py:115} INFO - [2023-02-08 11:59:29,334] {dag.py:2915} INFO - Setting next_dagrun for 2_simple_storage_bigquery to 2023-02-07T00:00:00+00:00, run_after=2023-02-08T00:00:00+00:00
[2023-02-08 11:59:29,468] {processor.py:161} INFO - Processing /c/Airflow/dags/Airflow2_0_De_0_a_Heroe/2_simple_storage_bigquery.py took 7.723 seconds
