[2023-02-16 12:10:06,745] {taskinstance.py:1159} INFO - Dependencies all met for <TaskInstance: 1.6_user_processing.insert_data manual__2023-02-16T18:10:03.981498+00:00 [queued]>
[2023-02-16 12:10:06,751] {taskinstance.py:1159} INFO - Dependencies all met for <TaskInstance: 1.6_user_processing.insert_data manual__2023-02-16T18:10:03.981498+00:00 [queued]>
[2023-02-16 12:10:06,752] {taskinstance.py:1356} INFO - 
--------------------------------------------------------------------------------
[2023-02-16 12:10:06,753] {taskinstance.py:1357} INFO - Starting attempt 1 of 1
[2023-02-16 12:10:06,753] {taskinstance.py:1358} INFO - 
--------------------------------------------------------------------------------
[2023-02-16 12:10:06,761] {taskinstance.py:1377} INFO - Executing <Task(PostgresOperator): insert_data> on 2023-02-16 18:10:03.981498+00:00
[2023-02-16 12:10:06,764] {standard_task_runner.py:52} INFO - Started process 79328 to run task
[2023-02-16 12:10:06,766] {standard_task_runner.py:79} INFO - Running: ['***', 'tasks', 'run', '1.6_user_processing', 'insert_data', 'manual__2023-02-16T18:10:03.981498+00:00', '--job-id', '273', '--raw', '--subdir', 'DAGS_FOLDER/Introduction_to_Apache_Airflow/1.6_user_processing.py', '--cfg-path', '/tmp/tmphx8dg6_e', '--error-file', '/tmp/tmp9dqlb8h3']
[2023-02-16 12:10:06,767] {standard_task_runner.py:80} INFO - Job 273: Subtask insert_data
[2023-02-16 12:10:06,812] {task_command.py:369} INFO - Running <TaskInstance: 1.6_user_processing.insert_data manual__2023-02-16T18:10:03.981498+00:00 [running]> on host Tinmar.
[2023-02-16 12:10:06,859] {taskinstance.py:1569} INFO - Exporting the following env vars:
AIRFLOW_CTX_DAG_OWNER=Tinmar
AIRFLOW_CTX_DAG_ID=1.6_user_processing
AIRFLOW_CTX_TASK_ID=insert_data
AIRFLOW_CTX_EXECUTION_DATE=2023-02-16T18:10:03.981498+00:00
AIRFLOW_CTX_TRY_NUMBER=1
AIRFLOW_CTX_DAG_RUN_ID=manual__2023-02-16T18:10:03.981498+00:00
[2023-02-16 12:10:06,861] {sql.py:254} INFO - Executing: 
                                        INSERT INTO users VALUES ('Tinmar', 'Andrade','México','tinmar','GuruSat.3','tinmar96@gmail.com')
                                    
[2023-02-16 12:10:06,872] {base.py:68} INFO - Using connection ID 'postgres' for task execution.
[2023-02-16 12:10:06,900] {base.py:68} INFO - Using connection ID 'postgres' for task execution.
[2023-02-16 12:10:06,905] {sql.py:375} INFO - Running statement: 
                                        INSERT INTO users VALUES ('Tinmar', 'Andrade','México','tinmar','GuruSat.3','tinmar96@gmail.com')
                                    , parameters: None
[2023-02-16 12:10:06,906] {sql.py:384} INFO - Rows affected: 1
[2023-02-16 12:10:06,918] {taskinstance.py:1395} INFO - Marking task as SUCCESS. dag_id=1.6_user_processing, task_id=insert_data, execution_date=20230216T181003, start_date=20230216T181006, end_date=20230216T181006
[2023-02-16 12:10:06,948] {local_task_job.py:156} INFO - Task exited with return code 0
[2023-02-16 12:10:06,974] {local_task_job.py:273} INFO - 1 downstream tasks scheduled from follow-on schedule check
