[2023-02-01 18:02:51,262] {taskinstance.py:1159} INFO - Dependencies all met for <TaskInstance: 6_dataproc_airflow.iden_number scheduled__2023-02-01T00:00:00+00:00 [queued]>
[2023-02-01 18:02:51,273] {taskinstance.py:1159} INFO - Dependencies all met for <TaskInstance: 6_dataproc_airflow.iden_number scheduled__2023-02-01T00:00:00+00:00 [queued]>
[2023-02-01 18:02:51,278] {taskinstance.py:1356} INFO - 
--------------------------------------------------------------------------------
[2023-02-01 18:02:51,279] {taskinstance.py:1357} INFO - Starting attempt 1 of 1
[2023-02-01 18:02:51,279] {taskinstance.py:1358} INFO - 
--------------------------------------------------------------------------------
[2023-02-01 18:02:51,307] {taskinstance.py:1377} INFO - Executing <Task(BranchPythonOperator): iden_number> on 2023-02-01 00:00:00+00:00
[2023-02-01 18:02:51,310] {standard_task_runner.py:52} INFO - Started process 14327 to run task
[2023-02-01 18:02:51,312] {standard_task_runner.py:79} INFO - Running: ['airflow', 'tasks', 'run', '6_dataproc_airflow', 'iden_number', 'scheduled__2023-02-01T00:00:00+00:00', '--job-id', '141', '--raw', '--subdir', 'DAGS_FOLDER/Airflow2_0_De_0_a_Heroe/6_dataproc_airflow.py', '--cfg-path', '/tmp/tmpatji6jz2', '--error-file', '/tmp/tmp31qrak5l']
[2023-02-01 18:02:51,313] {standard_task_runner.py:80} INFO - Job 141: Subtask iden_number
[2023-02-01 18:02:51,376] {task_command.py:369} INFO - Running <TaskInstance: 6_dataproc_airflow.iden_number scheduled__2023-02-01T00:00:00+00:00 [running]> on host Tinmar.
[2023-02-01 18:02:51,466] {taskinstance.py:1569} INFO - Exporting the following env vars:
AIRFLOW_CTX_DAG_OWNER=David S
AIRFLOW_CTX_DAG_ID=6_dataproc_airflow
AIRFLOW_CTX_TASK_ID=iden_number
AIRFLOW_CTX_EXECUTION_DATE=2023-02-01T00:00:00+00:00
AIRFLOW_CTX_TRY_NUMBER=1
AIRFLOW_CTX_DAG_RUN_ID=scheduled__2023-02-01T00:00:00+00:00
[2023-02-01 18:02:51,467] {python.py:173} INFO - Done. Returned value was: impar_task
[2023-02-01 18:02:51,468] {skipmixin.py:140} INFO - Following branch impar_task
[2023-02-01 18:02:51,468] {skipmixin.py:175} INFO - Skipping tasks ['par_task.avg_quant', 'par_task.avg_uprice', 'par_task.avg_tincome']
[2023-02-01 18:02:51,558] {taskinstance.py:1395} INFO - Marking task as SUCCESS. dag_id=6_dataproc_airflow, task_id=iden_number, execution_date=20230201T000000, start_date=20230202T000251, end_date=20230202T000251
[2023-02-01 18:02:51,605] {local_task_job.py:156} INFO - Task exited with return code 0
