[2023-02-17T08:30:25.851-0600] {taskinstance.py:1165} INFO - Dependencies all met for <TaskInstance: 3_parallel_dag.load_b scheduled__2023-02-16T00:00:00+00:00 [queued]>
[2023-02-17T08:30:25.865-0600] {taskinstance.py:1165} INFO - Dependencies all met for <TaskInstance: 3_parallel_dag.load_b scheduled__2023-02-16T00:00:00+00:00 [queued]>
[2023-02-17T08:30:25.865-0600] {taskinstance.py:1362} INFO - 
--------------------------------------------------------------------------------
[2023-02-17T08:30:25.868-0600] {taskinstance.py:1363} INFO - Starting attempt 1 of 1
[2023-02-17T08:30:25.869-0600] {taskinstance.py:1364} INFO - 
--------------------------------------------------------------------------------
[2023-02-17T08:30:25.881-0600] {taskinstance.py:1383} INFO - Executing <Task(BashOperator): load_b> on 2023-02-16 00:00:00+00:00
[2023-02-17T08:30:25.885-0600] {standard_task_runner.py:54} INFO - Started process 2569 to run task
[2023-02-17T08:30:25.887-0600] {standard_task_runner.py:82} INFO - Running: ['***', 'tasks', 'run', '3_parallel_dag', 'load_b', 'scheduled__2023-02-16T00:00:00+00:00', '--job-id', '342', '--raw', '--subdir', 'DAGS_FOLDER/Introduction_to_Apache_Airflow/3_parallel_dag.py', '--cfg-path', '/tmp/tmpw2efmfgb']
[2023-02-17T08:30:25.890-0600] {standard_task_runner.py:83} INFO - Job 342: Subtask load_b
[2023-02-17T08:30:25.891-0600] {dagbag.py:525} INFO - Filling up the DagBag from /c/Airflow/dags/Introduction_to_Apache_Airflow/3_parallel_dag.py
[2023-02-17T08:30:26.018-0600] {task_command.py:384} INFO - Running <TaskInstance: 3_parallel_dag.load_b scheduled__2023-02-16T00:00:00+00:00 [running]> on host Tinmar.
[2023-02-17T08:30:26.081-0600] {taskinstance.py:1590} INFO - Exporting the following env vars:
AIRFLOW_CTX_DAG_OWNER=***
AIRFLOW_CTX_DAG_ID=3_parallel_dag
AIRFLOW_CTX_TASK_ID=load_b
AIRFLOW_CTX_EXECUTION_DATE=2023-02-16T00:00:00+00:00
AIRFLOW_CTX_TRY_NUMBER=1
AIRFLOW_CTX_DAG_RUN_ID=scheduled__2023-02-16T00:00:00+00:00
[2023-02-17T08:30:26.083-0600] {subprocess.py:63} INFO - Tmp dir root location: 
 /tmp
[2023-02-17T08:30:26.084-0600] {subprocess.py:75} INFO - Running command: ['/usr/bin/bash', '-c', 'sleep 10']
[2023-02-17T08:30:26.090-0600] {subprocess.py:86} INFO - Output:
[2023-02-17T08:30:36.091-0600] {subprocess.py:97} INFO - Command exited with return code 0
[2023-02-17T08:30:36.121-0600] {taskinstance.py:1401} INFO - Marking task as SUCCESS. dag_id=3_parallel_dag, task_id=load_b, execution_date=20230216T000000, start_date=20230217T143025, end_date=20230217T143036
[2023-02-17T08:30:36.170-0600] {local_task_job.py:164} INFO - Task exited with return code 0
[2023-02-17T08:30:36.187-0600] {local_task_job.py:273} INFO - 1 downstream tasks scheduled from follow-on schedule check
