[2023-01-31 10:29:10,824] {taskinstance.py:1159} INFO - Dependencies all met for <TaskInstance: 2_simple_storage_bigquery.tabla_resumen manual__2023-01-31T16:29:01.952738+00:00 [queued]>
[2023-01-31 10:29:10,836] {taskinstance.py:1159} INFO - Dependencies all met for <TaskInstance: 2_simple_storage_bigquery.tabla_resumen manual__2023-01-31T16:29:01.952738+00:00 [queued]>
[2023-01-31 10:29:10,836] {taskinstance.py:1356} INFO - 
--------------------------------------------------------------------------------
[2023-01-31 10:29:10,836] {taskinstance.py:1357} INFO - Starting attempt 1 of 1
[2023-01-31 10:29:10,837] {taskinstance.py:1358} INFO - 
--------------------------------------------------------------------------------
[2023-01-31 10:29:10,860] {taskinstance.py:1377} INFO - Executing <Task(BigQueryExecuteQueryOperator): tabla_resumen> on 2023-01-31 16:29:01.952738+00:00
[2023-01-31 10:29:10,862] {standard_task_runner.py:52} INFO - Started process 801 to run task
[2023-01-31 10:29:10,865] {standard_task_runner.py:79} INFO - Running: ['airflow', 'tasks', 'run', '2_simple_storage_bigquery', 'tabla_resumen', 'manual__2023-01-31T16:29:01.952738+00:00', '--job-id', '25', '--raw', '--subdir', 'DAGS_FOLDER/2_simple_storage_bigquery.py', '--cfg-path', '/tmp/tmp17hswjvn', '--error-file', '/tmp/tmpecng7yf_']
[2023-01-31 10:29:10,866] {standard_task_runner.py:80} INFO - Job 25: Subtask tabla_resumen
[2023-01-31 10:29:10,925] {task_command.py:369} INFO - Running <TaskInstance: 2_simple_storage_bigquery.tabla_resumen manual__2023-01-31T16:29:01.952738+00:00 [running]> on host Tinmar.
[2023-01-31 10:29:11,006] {taskinstance.py:1569} INFO - Exporting the following env vars:
AIRFLOW_CTX_DAG_OWNER=Rodrigo N
AIRFLOW_CTX_DAG_ID=2_simple_storage_bigquery
AIRFLOW_CTX_TASK_ID=tabla_resumen
AIRFLOW_CTX_EXECUTION_DATE=2023-01-31T16:29:01.952738+00:00
AIRFLOW_CTX_TRY_NUMBER=1
AIRFLOW_CTX_DAG_RUN_ID=manual__2023-01-31T16:29:01.952738+00:00
[2023-01-31 10:29:11,007] {bigquery.py:1077} INFO - Executing: 
        SELECT `year`, `area`, ROUND(AVG(`total_inc`), 4) AS avg_income
        FROM `serene-gradient-371719.airflow_trabajo.retail_years`
        GROUP BY `year`, `area`
        ORDER BY `area` ASC
        
[2023-01-31 10:29:11,017] {base.py:68} INFO - Using connection ID 'google_cloud_default' for task execution.
[2023-01-31 10:29:11,021] {logging_mixin.py:115} WARNING - /home/tinmar/.local/lib/python3.10/site-packages/airflow/providers/google/cloud/hooks/bigquery.py:2050 DeprecationWarning: This method is deprecated. Please use `BigQueryHook.insert_job` method.
[2023-01-31 10:29:11,057] {bigquery.py:1542} INFO - Inserting job airflow_1675182551057086_0ba840bf7e0f0e42ca09637001d10ca8
[2023-01-31 10:29:13,785] {taskinstance.py:1395} INFO - Marking task as SUCCESS. dag_id=2_simple_storage_bigquery, task_id=tabla_resumen, execution_date=20230131T162901, start_date=20230131T162910, end_date=20230131T162913
[2023-01-31 10:29:13,820] {local_task_job.py:156} INFO - Task exited with return code 0
[2023-01-31 10:29:13,845] {local_task_job.py:273} INFO - 0 downstream tasks scheduled from follow-on schedule check
