[2023-01-30 15:51:47,225] {taskinstance.py:1159} INFO - Dependencies all met for <TaskInstance: 0_airflow_variables.python_task manual__2023-01-30T21:51:43.399322+00:00 [queued]>
[2023-01-30 15:51:47,241] {taskinstance.py:1159} INFO - Dependencies all met for <TaskInstance: 0_airflow_variables.python_task manual__2023-01-30T21:51:43.399322+00:00 [queued]>
[2023-01-30 15:51:47,242] {taskinstance.py:1356} INFO - 
--------------------------------------------------------------------------------
[2023-01-30 15:51:47,242] {taskinstance.py:1357} INFO - Starting attempt 1 of 1
[2023-01-30 15:51:47,243] {taskinstance.py:1358} INFO - 
--------------------------------------------------------------------------------
[2023-01-30 15:51:47,278] {taskinstance.py:1377} INFO - Executing <Task(PythonOperator): python_task> on 2023-01-30 21:51:43.399322+00:00
[2023-01-30 15:51:47,281] {standard_task_runner.py:52} INFO - Started process 8190 to run task
[2023-01-30 15:51:47,283] {standard_task_runner.py:79} INFO - Running: ['airflow', 'tasks', 'run', '0_airflow_variables', 'python_task', 'manual__2023-01-30T21:51:43.399322+00:00', '--job-id', '13', '--raw', '--subdir', 'DAGS_FOLDER/0_airflow_variables.py', '--cfg-path', '/tmp/tmp37oh5jrs', '--error-file', '/tmp/tmp26mq67x9']
[2023-01-30 15:51:47,284] {standard_task_runner.py:80} INFO - Job 13: Subtask python_task
[2023-01-30 15:51:47,357] {task_command.py:369} INFO - Running <TaskInstance: 0_airflow_variables.python_task manual__2023-01-30T21:51:43.399322+00:00 [running]> on host Tinmar.
[2023-01-30 15:51:47,460] {taskinstance.py:1569} INFO - Exporting the following env vars:
AIRFLOW_CTX_DAG_OWNER=Tinmar
AIRFLOW_CTX_DAG_ID=0_airflow_variables
AIRFLOW_CTX_TASK_ID=python_task
AIRFLOW_CTX_EXECUTION_DATE=2023-01-30T21:51:43.399322+00:00
AIRFLOW_CTX_TRY_NUMBER=1
AIRFLOW_CTX_DAG_RUN_ID=manual__2023-01-30T21:51:43.399322+00:00
[2023-01-30 15:51:47,461] {logging_mixin.py:115} INFO - ESTE ES EL RANDOM NUMBER 1 0.24128721274279308
[2023-01-30 15:51:47,461] {logging_mixin.py:115} INFO - ESTE ES EL RANDOM NUMBER 2 0.34936183415507105
[2023-01-30 15:51:47,461] {logging_mixin.py:115} INFO - ESTE ES EL RANDOM NUMBER 3 0.33119932063606594
[2023-01-30 15:51:47,462] {logging_mixin.py:115} INFO - ESTE ES EL RANDOM NUMBER 4 0.5075614460995805
[2023-01-30 15:51:47,462] {logging_mixin.py:115} INFO - ESTE ES EL RANDOM NUMBER 5 0.31887248166752125
[2023-01-30 15:51:47,462] {logging_mixin.py:115} INFO - ESTE ES EL RANDOM NUMBER 6 0.1458459754089646
[2023-01-30 15:51:47,462] {logging_mixin.py:115} INFO - ESTE ES EL RANDOM NUMBER 7 0.6670715677635178
[2023-01-30 15:51:47,463] {logging_mixin.py:115} INFO - ESTE ES EL RANDOM NUMBER 8 0.741792043136732
[2023-01-30 15:51:47,463] {logging_mixin.py:115} INFO - ESTE ES EL RANDOM NUMBER 9 0.29231231900502186
[2023-01-30 15:51:47,463] {logging_mixin.py:115} INFO - ESTE ES EL RANDOM NUMBER 10 0.39925186444559935
[2023-01-30 15:51:47,463] {python.py:173} INFO - Done. Returned value was: None
[2023-01-30 15:51:47,475] {taskinstance.py:1395} INFO - Marking task as SUCCESS. dag_id=0_airflow_variables, task_id=python_task, execution_date=20230130T215143, start_date=20230130T215147, end_date=20230130T215147
[2023-01-30 15:51:47,536] {local_task_job.py:156} INFO - Task exited with return code 0
[2023-01-30 15:51:47,611] {local_task_job.py:273} INFO - 0 downstream tasks scheduled from follow-on schedule check
