[2023-01-30 15:49:27,149] {taskinstance.py:1159} INFO - Dependencies all met for <TaskInstance: 0_airflow_variables.bash_task scheduled__2023-01-29T12:30:00+00:00 [queued]>
[2023-01-30 15:49:27,163] {taskinstance.py:1159} INFO - Dependencies all met for <TaskInstance: 0_airflow_variables.bash_task scheduled__2023-01-29T12:30:00+00:00 [queued]>
[2023-01-30 15:49:27,164] {taskinstance.py:1356} INFO - 
--------------------------------------------------------------------------------
[2023-01-30 15:49:27,166] {taskinstance.py:1357} INFO - Starting attempt 1 of 1
[2023-01-30 15:49:27,167] {taskinstance.py:1358} INFO - 
--------------------------------------------------------------------------------
[2023-01-30 15:49:27,196] {taskinstance.py:1377} INFO - Executing <Task(BashOperator): bash_task> on 2023-01-29 12:30:00+00:00
[2023-01-30 15:49:27,198] {standard_task_runner.py:52} INFO - Started process 8053 to run task
[2023-01-30 15:49:27,200] {standard_task_runner.py:79} INFO - Running: ['airflow', 'tasks', 'run', '0_airflow_variables', 'bash_task', 'scheduled__2023-01-29T12:30:00+00:00', '--job-id', '10', '--raw', '--subdir', 'DAGS_FOLDER/0_airflow_variables.py', '--cfg-path', '/tmp/tmpu6knvyz8', '--error-file', '/tmp/tmpfsgdllzz']
[2023-01-30 15:49:27,200] {standard_task_runner.py:80} INFO - Job 10: Subtask bash_task
[2023-01-30 15:49:27,271] {task_command.py:369} INFO - Running <TaskInstance: 0_airflow_variables.bash_task scheduled__2023-01-29T12:30:00+00:00 [running]> on host Tinmar.
[2023-01-30 15:49:27,365] {taskinstance.py:1569} INFO - Exporting the following env vars:
AIRFLOW_CTX_DAG_OWNER=Tinmar
AIRFLOW_CTX_DAG_ID=0_airflow_variables
AIRFLOW_CTX_TASK_ID=bash_task
AIRFLOW_CTX_EXECUTION_DATE=2023-01-29T12:30:00+00:00
AIRFLOW_CTX_TRY_NUMBER=1
AIRFLOW_CTX_DAG_RUN_ID=scheduled__2023-01-29T12:30:00+00:00
[2023-01-30 15:49:27,366] {subprocess.py:62} INFO - Tmp dir root location: 
 /tmp
[2023-01-30 15:49:27,366] {subprocess.py:74} INFO - Running command: ['bash', '-c', 'echo "---> Hola Mundo, Fecha: $TODAY y TIMESTAMP ES: 20230129T123000+0000"']
[2023-01-30 15:49:27,369] {subprocess.py:85} INFO - Output:
[2023-01-30 15:49:27,369] {subprocess.py:92} INFO - ---> Hola Mundo, Fecha: 2023-01-30 y TIMESTAMP ES: 20230129T123000+0000
[2023-01-30 15:49:27,370] {subprocess.py:96} INFO - Command exited with return code 0
[2023-01-30 15:49:27,413] {taskinstance.py:1395} INFO - Marking task as SUCCESS. dag_id=0_airflow_variables, task_id=bash_task, execution_date=20230129T123000, start_date=20230130T214927, end_date=20230130T214927
[2023-01-30 15:49:27,453] {local_task_job.py:156} INFO - Task exited with return code 0
[2023-01-30 15:49:27,497] {local_task_job.py:273} INFO - 1 downstream tasks scheduled from follow-on schedule check
