[2023-01-31 11:41:51,953] {taskinstance.py:1159} INFO - Dependencies all met for <TaskInstance: 2.2_aws_storage_bigquery.cargar_datos manual__2023-01-31T17:37:26.996622+00:00 [queued]>
[2023-01-31 11:41:51,967] {taskinstance.py:1159} INFO - Dependencies all met for <TaskInstance: 2.2_aws_storage_bigquery.cargar_datos manual__2023-01-31T17:37:26.996622+00:00 [queued]>
[2023-01-31 11:41:51,968] {taskinstance.py:1356} INFO - 
--------------------------------------------------------------------------------
[2023-01-31 11:41:51,968] {taskinstance.py:1357} INFO - Starting attempt 1 of 1
[2023-01-31 11:41:51,969] {taskinstance.py:1358} INFO - 
--------------------------------------------------------------------------------
[2023-01-31 11:41:51,996] {taskinstance.py:1377} INFO - Executing <Task(GCSToBigQueryOperator): cargar_datos> on 2023-01-31 17:37:26.996622+00:00
[2023-01-31 11:41:51,999] {standard_task_runner.py:52} INFO - Started process 3916 to run task
[2023-01-31 11:41:52,001] {standard_task_runner.py:79} INFO - Running: ['airflow', 'tasks', 'run', '2.2_aws_storage_bigquery', 'cargar_datos', 'manual__2023-01-31T17:37:26.996622+00:00', '--job-id', '46', '--raw', '--subdir', 'DAGS_FOLDER/Airflow2.0-De-0-a-Heroe/2.2_aws_storage_bigquery.py', '--cfg-path', '/tmp/tmpw7mfq30s', '--error-file', '/tmp/tmptzfe3rht']
[2023-01-31 11:41:52,002] {standard_task_runner.py:80} INFO - Job 46: Subtask cargar_datos
[2023-01-31 11:41:52,074] {task_command.py:369} INFO - Running <TaskInstance: 2.2_aws_storage_bigquery.cargar_datos manual__2023-01-31T17:37:26.996622+00:00 [running]> on host Tinmar.
[2023-01-31 11:41:52,175] {taskinstance.py:1569} INFO - Exporting the following env vars:
AIRFLOW_CTX_DAG_OWNER=Rodrigo N
AIRFLOW_CTX_DAG_ID=2.2_aws_storage_bigquery
AIRFLOW_CTX_TASK_ID=cargar_datos
AIRFLOW_CTX_EXECUTION_DATE=2023-01-31T17:37:26.996622+00:00
AIRFLOW_CTX_TRY_NUMBER=1
AIRFLOW_CTX_DAG_RUN_ID=manual__2023-01-31T17:37:26.996622+00:00
[2023-01-31 11:41:52,186] {base.py:68} INFO - Using connection ID 'google_cloud_default' for task execution.
[2023-01-31 11:41:52,189] {gcs_to_bigquery.py:377} INFO - Using existing BigQuery table for storing data...
[2023-01-31 11:41:52,225] {gcs_to_bigquery.py:381} INFO - Executing: {'load': {'autodetect': True, 'createDisposition': 'CREATE_IF_NEEDED', 'destinationTable': {'projectId': 'serene-gradient-371719', 'datasetId': 'airflow_trabajo', 'tableId': 'retail_years_aws'}, 'sourceFormat': 'CSV', 'sourceUris': ['gs://aws_airflow23/*'], 'writeDisposition': 'WRITE_APPEND', 'ignoreUnknownValues': False, 'skipLeadingRows': 1, 'fieldDelimiter': ';', 'quote': None, 'allowQuotedNewlines': False, 'encoding': 'UTF-8'}}
[2023-01-31 11:41:52,226] {bigquery.py:1542} INFO - Inserting job airflow_2_2_aws_storage_bigquery_cargar_datos_2023_01_31T17_37_26_996622_00_00_634adf5f0d366d8a201b1ca553c2cc48
[2023-01-31 11:41:53,074] {taskinstance.py:1889} ERROR - Task failed with exception
Traceback (most recent call last):
  File "/home/tinmar/.local/lib/python3.10/site-packages/airflow/providers/google/cloud/transfers/gcs_to_bigquery.py", line 440, in execute
    job.result(timeout=self.result_timeout, retry=self.result_retry)
  File "/home/tinmar/.local/lib/python3.10/site-packages/google/cloud/bigquery/job/base.py", line 728, in result
    return super(_AsyncJob, self).result(timeout=timeout, **kwargs)
  File "/home/tinmar/.local/lib/python3.10/site-packages/google/api_core/future/polling.py", line 137, in result
    raise self._exception
google.api_core.exceptions.BadRequest: 400 Cannot read and write in different locations: source: US, destination: us-central1
[2023-01-31 11:41:53,087] {taskinstance.py:1395} INFO - Marking task as FAILED. dag_id=2.2_aws_storage_bigquery, task_id=cargar_datos, execution_date=20230131T173726, start_date=20230131T174151, end_date=20230131T174153
[2023-01-31 11:41:53,113] {standard_task_runner.py:92} ERROR - Failed to execute job 46 for task cargar_datos (400 Cannot read and write in different locations: source: US, destination: us-central1; 3916)
[2023-01-31 11:41:53,140] {local_task_job.py:156} INFO - Task exited with return code 1
[2023-01-31 11:41:53,193] {local_task_job.py:273} INFO - 0 downstream tasks scheduled from follow-on schedule check
