[2023-02-17T08:38:08.085-0600] {taskinstance.py:1165} INFO - Dependencies all met for <TaskInstance: 5_task_group.downloads.download_b scheduled__2023-02-16T00:00:00+00:00 [queued]>
[2023-02-17T08:38:08.100-0600] {taskinstance.py:1165} INFO - Dependencies all met for <TaskInstance: 5_task_group.downloads.download_b scheduled__2023-02-16T00:00:00+00:00 [queued]>
[2023-02-17T08:38:08.101-0600] {taskinstance.py:1362} INFO - 
--------------------------------------------------------------------------------
[2023-02-17T08:38:08.102-0600] {taskinstance.py:1363} INFO - Starting attempt 1 of 1
[2023-02-17T08:38:08.102-0600] {taskinstance.py:1364} INFO - 
--------------------------------------------------------------------------------
[2023-02-17T08:38:08.121-0600] {taskinstance.py:1383} INFO - Executing <Task(BashOperator): downloads.download_b> on 2023-02-16 00:00:00+00:00
[2023-02-17T08:38:08.124-0600] {standard_task_runner.py:54} INFO - Started process 7803 to run task
[2023-02-17T08:38:08.129-0600] {standard_task_runner.py:82} INFO - Running: ['***', 'tasks', 'run', '5_task_group', 'downloads.download_b', 'scheduled__2023-02-16T00:00:00+00:00', '--job-id', '364', '--raw', '--subdir', 'DAGS_FOLDER/Introduction_to_Apache_Airflow/5_task_group.py', '--cfg-path', '/tmp/tmpfak8_ko5']
[2023-02-17T08:38:08.135-0600] {standard_task_runner.py:83} INFO - Job 364: Subtask downloads.download_b
[2023-02-17T08:38:08.136-0600] {dagbag.py:525} INFO - Filling up the DagBag from /c/Airflow/dags/Introduction_to_Apache_Airflow/5_task_group.py
[2023-02-17T08:38:08.363-0600] {task_command.py:384} INFO - Running <TaskInstance: 5_task_group.downloads.download_b scheduled__2023-02-16T00:00:00+00:00 [running]> on host Tinmar.
[2023-02-17T08:38:08.421-0600] {taskinstance.py:1590} INFO - Exporting the following env vars:
AIRFLOW_CTX_DAG_OWNER=***
AIRFLOW_CTX_DAG_ID=5_task_group
AIRFLOW_CTX_TASK_ID=downloads.download_b
AIRFLOW_CTX_EXECUTION_DATE=2023-02-16T00:00:00+00:00
AIRFLOW_CTX_TRY_NUMBER=1
AIRFLOW_CTX_DAG_RUN_ID=scheduled__2023-02-16T00:00:00+00:00
[2023-02-17T08:38:08.422-0600] {subprocess.py:63} INFO - Tmp dir root location: 
 /tmp
[2023-02-17T08:38:08.423-0600] {subprocess.py:75} INFO - Running command: ['/usr/bin/bash', '-c', 'sleep 10']
[2023-02-17T08:38:08.428-0600] {subprocess.py:86} INFO - Output:
[2023-02-17T08:38:18.430-0600] {subprocess.py:97} INFO - Command exited with return code 0
[2023-02-17T08:38:18.468-0600] {taskinstance.py:1401} INFO - Marking task as SUCCESS. dag_id=5_task_group, task_id=downloads.download_b, execution_date=20230216T000000, start_date=20230217T143808, end_date=20230217T143818
[2023-02-17T08:38:18.510-0600] {local_task_job.py:164} INFO - Task exited with return code 0
[2023-02-17T08:38:18.542-0600] {local_task_job.py:273} INFO - 0 downstream tasks scheduled from follow-on schedule check
