[2023-02-18T02:59:33.505-0600] {taskinstance.py:1165} INFO - Dependencies all met for <TaskInstance: 7_dataproc_subdags.create_cluster scheduled__2023-02-17T00:00:00+00:00 [queued]>
[2023-02-18T02:59:33.518-0600] {taskinstance.py:1165} INFO - Dependencies all met for <TaskInstance: 7_dataproc_subdags.create_cluster scheduled__2023-02-17T00:00:00+00:00 [queued]>
[2023-02-18T02:59:33.519-0600] {taskinstance.py:1362} INFO - 
--------------------------------------------------------------------------------
[2023-02-18T02:59:33.520-0600] {taskinstance.py:1363} INFO - Starting attempt 1 of 1
[2023-02-18T02:59:33.521-0600] {taskinstance.py:1364} INFO - 
--------------------------------------------------------------------------------
[2023-02-18T02:59:33.536-0600] {taskinstance.py:1383} INFO - Executing <Task(DataprocCreateClusterOperator): create_cluster> on 2023-02-17 00:00:00+00:00
[2023-02-18T02:59:33.541-0600] {standard_task_runner.py:54} INFO - Started process 191587 to run task
[2023-02-18T02:59:33.544-0600] {standard_task_runner.py:82} INFO - Running: ['***', 'tasks', 'run', '7_dataproc_subdags', 'create_cluster', 'scheduled__2023-02-17T00:00:00+00:00', '--job-id', '446', '--raw', '--subdir', 'DAGS_FOLDER/Airflow2_0_De_0_a_Heroe/7_dataproc_subdags.py', '--cfg-path', '/tmp/tmpzed_qlzk']
[2023-02-18T02:59:33.549-0600] {standard_task_runner.py:83} INFO - Job 446: Subtask create_cluster
[2023-02-18T02:59:33.551-0600] {dagbag.py:525} INFO - Filling up the DagBag from /c/Airflow/dags/Airflow2_0_De_0_a_Heroe/7_dataproc_subdags.py
[2023-02-18T02:59:33.704-0600] {logging_mixin.py:117} WARNING - /home/tinmar/.local/lib/python3.10/site-packages/***/models/baseoperator.py:408 DeprecationWarning: Passing cluster parameters by keywords to `DataprocCreateClusterOperator` will be deprecated. Please provide cluster_config object using `cluster_config` parameter. You can use `***.dataproc.ClusterGenerator.generate_cluster` method to obtain cluster object.
[2023-02-18T02:59:33.830-0600] {task_command.py:384} INFO - Running <TaskInstance: 7_dataproc_subdags.create_cluster scheduled__2023-02-17T00:00:00+00:00 [running]> on host Tinmar.
[2023-02-18T02:59:34.039-0600] {taskinstance.py:1590} INFO - Exporting the following env vars:
AIRFLOW_CTX_DAG_OWNER=David Sanchez
AIRFLOW_CTX_DAG_ID=7_dataproc_subdags
AIRFLOW_CTX_TASK_ID=create_cluster
AIRFLOW_CTX_EXECUTION_DATE=2023-02-17T00:00:00+00:00
AIRFLOW_CTX_TRY_NUMBER=1
AIRFLOW_CTX_DAG_RUN_ID=scheduled__2023-02-17T00:00:00+00:00
[2023-02-18T02:59:34.041-0600] {dataproc.py:591} INFO - Creating cluster: ***-spark-cluster
[2023-02-18T02:59:34.059-0600] {base.py:71} INFO - Using connection ID 'google_cloud_default' for task execution.
[2023-02-18T02:59:36.473-0600] {dataproc.py:603} INFO - Cluster already exists.
[2023-02-18T18:29:36.958-0600] {local_task_job.py:227} WARNING - State of this instance has been externally set to failed. Terminating instance.
[2023-02-18T18:29:36.961-0600] {process_utils.py:129} INFO - Sending Signals.SIGTERM to group 191587. PIDs of all processes in the group: [191587]
[2023-02-18T18:29:36.962-0600] {process_utils.py:84} INFO - Sending the signal Signals.SIGTERM to group 191587
[2023-02-18T18:29:36.963-0600] {taskinstance.py:1562} ERROR - Received SIGTERM. Terminating subprocesses.
[2023-02-18T18:29:36.989-0600] {process_utils.py:79} INFO - Process psutil.Process(pid=191587, status='terminated', exitcode=0, started='02:59:32') (191587) terminated with exit code 0
