[2023-01-31 17:29:58,927] {taskinstance.py:1159} INFO - Dependencies all met for <TaskInstance: 3_hooks_xcoms.tabla_resumen manual__2023-01-31T23:27:04.884341+00:00 [queued]>
[2023-01-31 17:29:58,941] {taskinstance.py:1159} INFO - Dependencies all met for <TaskInstance: 3_hooks_xcoms.tabla_resumen manual__2023-01-31T23:27:04.884341+00:00 [queued]>
[2023-01-31 17:29:58,941] {taskinstance.py:1356} INFO - 
--------------------------------------------------------------------------------
[2023-01-31 17:29:58,942] {taskinstance.py:1357} INFO - Starting attempt 2 of 2
[2023-01-31 17:29:58,942] {taskinstance.py:1358} INFO - 
--------------------------------------------------------------------------------
[2023-01-31 17:29:58,973] {taskinstance.py:1377} INFO - Executing <Task(BigQueryExecuteQueryOperator): tabla_resumen> on 2023-01-31 23:27:04.884341+00:00
[2023-01-31 17:29:58,976] {standard_task_runner.py:52} INFO - Started process 14296 to run task
[2023-01-31 17:29:58,978] {standard_task_runner.py:79} INFO - Running: ['airflow', 'tasks', 'run', '3_hooks_xcoms', 'tabla_resumen', 'manual__2023-01-31T23:27:04.884341+00:00', '--job-id', '98', '--raw', '--subdir', 'DAGS_FOLDER/Airflow2.0-De-0-a-Heroe/3_hooks_xcoms.py', '--cfg-path', '/tmp/tmplql81h9l', '--error-file', '/tmp/tmpau5w7be8']
[2023-01-31 17:29:58,979] {standard_task_runner.py:80} INFO - Job 98: Subtask tabla_resumen
[2023-01-31 17:29:59,048] {task_command.py:369} INFO - Running <TaskInstance: 3_hooks_xcoms.tabla_resumen manual__2023-01-31T23:27:04.884341+00:00 [running]> on host Tinmar.
[2023-01-31 17:29:59,148] {taskinstance.py:1569} INFO - Exporting the following env vars:
AIRFLOW_CTX_DAG_OWNER=David S
AIRFLOW_CTX_DAG_ID=3_hooks_xcoms
AIRFLOW_CTX_TASK_ID=tabla_resumen
AIRFLOW_CTX_EXECUTION_DATE=2023-01-31T23:27:04.884341+00:00
AIRFLOW_CTX_TRY_NUMBER=2
AIRFLOW_CTX_DAG_RUN_ID=manual__2023-01-31T23:27:04.884341+00:00
[2023-01-31 17:29:59,149] {bigquery.py:1077} INFO - Executing: 
        SELECT `year`, `area`, ROUND(AVG(`total_inc`), 4) AS avg_income
        FROM `serene-gradient-371719.airflow_trabajo.retail_years_hooks_xcoms`
        GROUP BY `year`, `area`
        ORDER BY `area` ASC
        
[2023-01-31 17:29:59,169] {base.py:68} INFO - Using connection ID 'google_cloud_default' for task execution.
[2023-01-31 17:29:59,173] {logging_mixin.py:115} WARNING - /home/tinmar/.local/lib/python3.10/site-packages/airflow/providers/google/cloud/hooks/bigquery.py:2050 DeprecationWarning: This method is deprecated. Please use `BigQueryHook.insert_job` method.
[2023-01-31 17:29:59,213] {bigquery.py:1542} INFO - Inserting job airflow_1675207799213561_623a0e401ce665f53d772369ab183a94
[2023-01-31 17:30:01,959] {taskinstance.py:1395} INFO - Marking task as SUCCESS. dag_id=3_hooks_xcoms, task_id=tabla_resumen, execution_date=20230131T232704, start_date=20230131T232958, end_date=20230131T233001
[2023-01-31 17:30:02,009] {local_task_job.py:156} INFO - Task exited with return code 0
[2023-01-31 17:30:02,066] {local_task_job.py:273} INFO - 1 downstream tasks scheduled from follow-on schedule check
