[2023-02-09 11:57:53,837] {taskinstance.py:1159} INFO - Dependencies all met for <TaskInstance: 7_dataproc_subdags.delete_cluster manual__2023-02-09T16:42:00.190347+00:00 [queued]>
[2023-02-09 11:57:53,843] {taskinstance.py:1159} INFO - Dependencies all met for <TaskInstance: 7_dataproc_subdags.delete_cluster manual__2023-02-09T16:42:00.190347+00:00 [queued]>
[2023-02-09 11:57:53,844] {taskinstance.py:1356} INFO - 
--------------------------------------------------------------------------------
[2023-02-09 11:57:53,846] {taskinstance.py:1357} INFO - Starting attempt 12 of 12
[2023-02-09 11:57:53,846] {taskinstance.py:1358} INFO - 
--------------------------------------------------------------------------------
[2023-02-09 11:57:53,853] {taskinstance.py:1377} INFO - Executing <Task(DataprocDeleteClusterOperator): delete_cluster> on 2023-02-09 16:42:00.190347+00:00
[2023-02-09 11:57:53,856] {standard_task_runner.py:52} INFO - Started process 42497 to run task
[2023-02-09 11:57:53,858] {standard_task_runner.py:79} INFO - Running: ['***', 'tasks', 'run', '7_dataproc_subdags', 'delete_cluster', 'manual__2023-02-09T16:42:00.190347+00:00', '--job-id', '36', '--raw', '--subdir', 'DAGS_FOLDER/Airflow2_0_De_0_a_Heroe/7_dataproc_subdags.py', '--cfg-path', '/tmp/tmpcijvg02p', '--error-file', '/tmp/tmpc9nmrl3g']
[2023-02-09 11:57:53,859] {standard_task_runner.py:80} INFO - Job 36: Subtask delete_cluster
[2023-02-09 11:57:53,896] {task_command.py:369} INFO - Running <TaskInstance: 7_dataproc_subdags.delete_cluster manual__2023-02-09T16:42:00.190347+00:00 [running]> on host Tinmar.
[2023-02-09 11:57:53,934] {taskinstance.py:1569} INFO - Exporting the following env vars:
AIRFLOW_CTX_DAG_OWNER=David Sanchez
AIRFLOW_CTX_DAG_ID=7_dataproc_subdags
AIRFLOW_CTX_TASK_ID=delete_cluster
AIRFLOW_CTX_EXECUTION_DATE=2023-02-09T16:42:00.190347+00:00
AIRFLOW_CTX_TRY_NUMBER=12
AIRFLOW_CTX_DAG_RUN_ID=manual__2023-02-09T16:42:00.190347+00:00
[2023-02-09 11:57:53,943] {base.py:68} INFO - Using connection ID 'google_cloud_default' for task execution.
[2023-02-09 11:57:53,947] {dataproc.py:817} INFO - Deleting cluster: ***-spark-cluster
[2023-02-09 11:59:32,067] {dataproc.py:829} INFO - Cluster deleted.
[2023-02-09 11:59:32,082] {taskinstance.py:1395} INFO - Marking task as SUCCESS. dag_id=7_dataproc_subdags, task_id=delete_cluster, execution_date=20230209T164200, start_date=20230209T175753, end_date=20230209T175932
[2023-02-09 11:59:32,102] {local_task_job.py:156} INFO - Task exited with return code 0
[2023-02-09 11:59:32,124] {local_task_job.py:273} INFO - 0 downstream tasks scheduled from follow-on schedule check
