[2023-02-21T13:48:57.494-0600] {taskinstance.py:1165} INFO - Dependencies all met for <TaskInstance: 5_trigger_rules.extract_a manual__2023-02-21T19:48:56.902282+00:00 [queued]>
[2023-02-21T13:48:57.511-0600] {taskinstance.py:1165} INFO - Dependencies all met for <TaskInstance: 5_trigger_rules.extract_a manual__2023-02-21T19:48:56.902282+00:00 [queued]>
[2023-02-21T13:48:57.512-0600] {taskinstance.py:1362} INFO - 
--------------------------------------------------------------------------------
[2023-02-21T13:48:57.515-0600] {taskinstance.py:1363} INFO - Starting attempt 1 of 1
[2023-02-21T13:48:57.516-0600] {taskinstance.py:1364} INFO - 
--------------------------------------------------------------------------------
[2023-02-21T13:48:57.527-0600] {taskinstance.py:1383} INFO - Executing <Task(BashOperator): extract_a> on 2023-02-21 19:48:56.902282+00:00
[2023-02-21T13:48:57.532-0600] {standard_task_runner.py:54} INFO - Started process 616779 to run task
[2023-02-21T13:48:57.535-0600] {standard_task_runner.py:82} INFO - Running: ['***', 'tasks', 'run', '5_trigger_rules', 'extract_a', 'manual__2023-02-21T19:48:56.902282+00:00', '--job-id', '678', '--raw', '--subdir', 'DAGS_FOLDER/Apache_Airflow-The_Operators_Guide/5_trigger_rules.py', '--cfg-path', '/tmp/tmpmjumhpfe']
[2023-02-21T13:48:57.537-0600] {standard_task_runner.py:83} INFO - Job 678: Subtask extract_a
[2023-02-21T13:48:57.539-0600] {dagbag.py:525} INFO - Filling up the DagBag from /c/Airflow/dags/Apache_Airflow-The_Operators_Guide/5_trigger_rules.py
[2023-02-21T13:48:57.657-0600] {task_command.py:384} INFO - Running <TaskInstance: 5_trigger_rules.extract_a manual__2023-02-21T19:48:56.902282+00:00 [running]> on host Tinmar.
[2023-02-21T13:48:57.714-0600] {taskinstance.py:1590} INFO - Exporting the following env vars:
AIRFLOW_CTX_DAG_OWNER=Tinmar
AIRFLOW_CTX_DAG_ID=5_trigger_rules
AIRFLOW_CTX_TASK_ID=extract_a
AIRFLOW_CTX_EXECUTION_DATE=2023-02-21T19:48:56.902282+00:00
AIRFLOW_CTX_TRY_NUMBER=1
AIRFLOW_CTX_DAG_RUN_ID=manual__2023-02-21T19:48:56.902282+00:00
[2023-02-21T13:48:57.715-0600] {subprocess.py:63} INFO - Tmp dir root location: 
 /tmp
[2023-02-21T13:48:57.716-0600] {subprocess.py:75} INFO - Running command: ['/usr/bin/bash', '-c', "echo 'extract_a' && sleep 5"]
[2023-02-21T13:48:57.722-0600] {subprocess.py:86} INFO - Output:
[2023-02-21T13:48:57.723-0600] {subprocess.py:93} INFO - extract_a
[2023-02-21T13:49:02.724-0600] {subprocess.py:97} INFO - Command exited with return code 0
[2023-02-21T13:49:02.756-0600] {taskinstance.py:1401} INFO - Marking task as SUCCESS. dag_id=5_trigger_rules, task_id=extract_a, execution_date=20230221T194856, start_date=20230221T194857, end_date=20230221T194902
[2023-02-21T13:49:02.809-0600] {local_task_job.py:164} INFO - Task exited with return code 0
[2023-02-21T13:49:02.838-0600] {local_task_job.py:273} INFO - 3 downstream tasks scheduled from follow-on schedule check
