[2023-02-17T09:05:43.219-0600] {taskinstance.py:1165} INFO - Dependencies all met for <TaskInstance: 6_xcom_dag.t4 manual__2023-02-17T15:05:40.142686+00:00 [queued]>
[2023-02-17T09:05:43.232-0600] {taskinstance.py:1165} INFO - Dependencies all met for <TaskInstance: 6_xcom_dag.t4 manual__2023-02-17T15:05:40.142686+00:00 [queued]>
[2023-02-17T09:05:43.232-0600] {taskinstance.py:1362} INFO - 
--------------------------------------------------------------------------------
[2023-02-17T09:05:43.233-0600] {taskinstance.py:1363} INFO - Starting attempt 1 of 1
[2023-02-17T09:05:43.235-0600] {taskinstance.py:1364} INFO - 
--------------------------------------------------------------------------------
[2023-02-17T09:05:43.246-0600] {taskinstance.py:1383} INFO - Executing <Task(BashOperator): t4> on 2023-02-17 15:05:40.142686+00:00
[2023-02-17T09:05:43.249-0600] {standard_task_runner.py:54} INFO - Started process 23059 to run task
[2023-02-17T09:05:43.252-0600] {standard_task_runner.py:82} INFO - Running: ['***', 'tasks', 'run', '6_xcom_dag', 't4', 'manual__2023-02-17T15:05:40.142686+00:00', '--job-id', '384', '--raw', '--subdir', 'DAGS_FOLDER/Introduction_to_Apache_Airflow/6_xcom_dag.py', '--cfg-path', '/tmp/tmptx1_cqp_']
[2023-02-17T09:05:43.255-0600] {standard_task_runner.py:83} INFO - Job 384: Subtask t4
[2023-02-17T09:05:43.257-0600] {dagbag.py:525} INFO - Filling up the DagBag from /c/Airflow/dags/Introduction_to_Apache_Airflow/6_xcom_dag.py
[2023-02-17T09:05:43.384-0600] {task_command.py:384} INFO - Running <TaskInstance: 6_xcom_dag.t4 manual__2023-02-17T15:05:40.142686+00:00 [running]> on host Tinmar.
[2023-02-17T09:05:43.447-0600] {taskinstance.py:1590} INFO - Exporting the following env vars:
AIRFLOW_CTX_DAG_OWNER=***
AIRFLOW_CTX_DAG_ID=6_xcom_dag
AIRFLOW_CTX_TASK_ID=t4
AIRFLOW_CTX_EXECUTION_DATE=2023-02-17T15:05:40.142686+00:00
AIRFLOW_CTX_TRY_NUMBER=1
AIRFLOW_CTX_DAG_RUN_ID=manual__2023-02-17T15:05:40.142686+00:00
[2023-02-17T09:05:43.448-0600] {subprocess.py:63} INFO - Tmp dir root location: 
 /tmp
[2023-02-17T09:05:43.450-0600] {subprocess.py:75} INFO - Running command: ['/usr/bin/bash', '-c', "echo ''"]
[2023-02-17T09:05:43.455-0600] {subprocess.py:86} INFO - Output:
[2023-02-17T09:05:43.456-0600] {subprocess.py:93} INFO - 
[2023-02-17T09:05:43.457-0600] {subprocess.py:97} INFO - Command exited with return code 0
[2023-02-17T09:05:43.484-0600] {taskinstance.py:1401} INFO - Marking task as SUCCESS. dag_id=6_xcom_dag, task_id=t4, execution_date=20230217T150540, start_date=20230217T150543, end_date=20230217T150543
[2023-02-17T09:05:43.506-0600] {local_task_job.py:164} INFO - Task exited with return code 0
[2023-02-17T09:05:43.532-0600] {local_task_job.py:273} INFO - 0 downstream tasks scheduled from follow-on schedule check
