[2023-02-21T11:27:38.652-0600] {taskinstance.py:1165} INFO - Dependencies all met for <TaskInstance: 2_owner.task_a manual__2023-02-21T17:27:38.256268+00:00 [queued]>
[2023-02-21T11:27:38.661-0600] {taskinstance.py:1165} INFO - Dependencies all met for <TaskInstance: 2_owner.task_a manual__2023-02-21T17:27:38.256268+00:00 [queued]>
[2023-02-21T11:27:38.662-0600] {taskinstance.py:1362} INFO - 
--------------------------------------------------------------------------------
[2023-02-21T11:27:38.663-0600] {taskinstance.py:1363} INFO - Starting attempt 1 of 1
[2023-02-21T11:27:38.664-0600] {taskinstance.py:1364} INFO - 
--------------------------------------------------------------------------------
[2023-02-21T11:27:38.672-0600] {taskinstance.py:1383} INFO - Executing <Task(BashOperator): task_a> on 2023-02-21 17:27:38.256268+00:00
[2023-02-21T11:27:38.675-0600] {standard_task_runner.py:54} INFO - Started process 505332 to run task
[2023-02-21T11:27:38.677-0600] {standard_task_runner.py:82} INFO - Running: ['***', 'tasks', 'run', '2_owner', 'task_a', 'manual__2023-02-21T17:27:38.256268+00:00', '--job-id', '650', '--raw', '--subdir', 'DAGS_FOLDER/Apache_Airflow-The_Operators_Guide/2_owner.py', '--cfg-path', '/tmp/tmpcvgu31ym']
[2023-02-21T11:27:38.679-0600] {standard_task_runner.py:83} INFO - Job 650: Subtask task_a
[2023-02-21T11:27:38.680-0600] {dagbag.py:525} INFO - Filling up the DagBag from /c/Airflow/dags/Apache_Airflow-The_Operators_Guide/2_owner.py
[2023-02-21T11:27:38.776-0600] {task_command.py:384} INFO - Running <TaskInstance: 2_owner.task_a manual__2023-02-21T17:27:38.256268+00:00 [running]> on host Tinmar.
[2023-02-21T11:27:38.828-0600] {taskinstance.py:1590} INFO - Exporting the following env vars:
AIRFLOW_CTX_DAG_OWNER=Tinmar
AIRFLOW_CTX_DAG_ID=2_owner
AIRFLOW_CTX_TASK_ID=task_a
AIRFLOW_CTX_EXECUTION_DATE=2023-02-21T17:27:38.256268+00:00
AIRFLOW_CTX_TRY_NUMBER=1
AIRFLOW_CTX_DAG_RUN_ID=manual__2023-02-21T17:27:38.256268+00:00
[2023-02-21T11:27:38.829-0600] {subprocess.py:63} INFO - Tmp dir root location: 
 /tmp
[2023-02-21T11:27:38.830-0600] {subprocess.py:75} INFO - Running command: ['/usr/bin/bash', '-c', "echo 'task_a'"]
[2023-02-21T11:27:38.836-0600] {subprocess.py:86} INFO - Output:
[2023-02-21T11:27:38.837-0600] {subprocess.py:93} INFO - task_a
[2023-02-21T11:27:38.837-0600] {subprocess.py:97} INFO - Command exited with return code 0
[2023-02-21T11:27:38.858-0600] {taskinstance.py:1401} INFO - Marking task as SUCCESS. dag_id=2_owner, task_id=task_a, execution_date=20230221T172738, start_date=20230221T172738, end_date=20230221T172738
[2023-02-21T11:27:38.890-0600] {local_task_job.py:164} INFO - Task exited with return code 0
[2023-02-21T11:27:38.907-0600] {local_task_job.py:273} INFO - 1 downstream tasks scheduled from follow-on schedule check
