[2023-02-21T11:02:32.125-0600] {taskinstance.py:1165} INFO - Dependencies all met for <TaskInstance: 1.2_my_dag.task_b manual__2023-02-21T17:02:28.877740+00:00 [queued]>
[2023-02-21T11:02:32.133-0600] {taskinstance.py:1165} INFO - Dependencies all met for <TaskInstance: 1.2_my_dag.task_b manual__2023-02-21T17:02:28.877740+00:00 [queued]>
[2023-02-21T11:02:32.134-0600] {taskinstance.py:1362} INFO - 
--------------------------------------------------------------------------------
[2023-02-21T11:02:32.135-0600] {taskinstance.py:1363} INFO - Starting attempt 1 of 1
[2023-02-21T11:02:32.135-0600] {taskinstance.py:1364} INFO - 
--------------------------------------------------------------------------------
[2023-02-21T11:02:32.143-0600] {taskinstance.py:1383} INFO - Executing <Task(BashOperator): task_b> on 2023-02-21 17:02:28.877740+00:00
[2023-02-21T11:02:32.146-0600] {standard_task_runner.py:54} INFO - Started process 486178 to run task
[2023-02-21T11:02:32.147-0600] {standard_task_runner.py:82} INFO - Running: ['***', 'tasks', 'run', '1.2_my_dag', 'task_b', 'manual__2023-02-21T17:02:28.877740+00:00', '--job-id', '649', '--raw', '--subdir', 'DAGS_FOLDER/Apache_Airflow-The_Operators_Guide/1.2_my_dag copy.py', '--cfg-path', '/tmp/tmp89ygaz7x']
[2023-02-21T11:02:32.149-0600] {standard_task_runner.py:83} INFO - Job 649: Subtask task_b
[2023-02-21T11:02:32.150-0600] {dagbag.py:525} INFO - Filling up the DagBag from /c/Airflow/dags/Apache_Airflow-The_Operators_Guide/1.2_my_dag copy.py
[2023-02-21T11:02:32.227-0600] {task_command.py:384} INFO - Running <TaskInstance: 1.2_my_dag.task_b manual__2023-02-21T17:02:28.877740+00:00 [running]> on host Tinmar.
[2023-02-21T11:02:32.271-0600] {taskinstance.py:1590} INFO - Exporting the following env vars:
AIRFLOW_CTX_DAG_OWNER=Tinmar
AIRFLOW_CTX_DAG_ID=1.2_my_dag
AIRFLOW_CTX_TASK_ID=task_b
AIRFLOW_CTX_EXECUTION_DATE=2023-02-21T17:02:28.877740+00:00
AIRFLOW_CTX_TRY_NUMBER=1
AIRFLOW_CTX_DAG_RUN_ID=manual__2023-02-21T17:02:28.877740+00:00
[2023-02-21T11:02:32.272-0600] {subprocess.py:63} INFO - Tmp dir root location: 
 /tmp
[2023-02-21T11:02:32.272-0600] {subprocess.py:75} INFO - Running command: ['/usr/bin/bash', '-c', "echo 'task_c'"]
[2023-02-21T11:02:32.277-0600] {subprocess.py:86} INFO - Output:
[2023-02-21T11:02:32.278-0600] {subprocess.py:93} INFO - task_c
[2023-02-21T11:02:32.279-0600] {subprocess.py:97} INFO - Command exited with return code 0
[2023-02-21T11:02:32.298-0600] {taskinstance.py:1401} INFO - Marking task as SUCCESS. dag_id=1.2_my_dag, task_id=task_b, execution_date=20230221T170228, start_date=20230221T170232, end_date=20230221T170232
[2023-02-21T11:02:32.320-0600] {local_task_job.py:164} INFO - Task exited with return code 0
[2023-02-21T11:02:32.333-0600] {local_task_job.py:273} INFO - 0 downstream tasks scheduled from follow-on schedule check
