[2023-02-16 11:24:52,265] {taskinstance.py:1159} INFO - Dependencies all met for <TaskInstance: 1.5_user_processing.extract_data manual__2023-02-16T17:24:50.740100+00:00 [queued]>
[2023-02-16 11:24:52,272] {taskinstance.py:1159} INFO - Dependencies all met for <TaskInstance: 1.5_user_processing.extract_data manual__2023-02-16T17:24:50.740100+00:00 [queued]>
[2023-02-16 11:24:52,273] {taskinstance.py:1356} INFO - 
--------------------------------------------------------------------------------
[2023-02-16 11:24:52,273] {taskinstance.py:1357} INFO - Starting attempt 1 of 1
[2023-02-16 11:24:52,274] {taskinstance.py:1358} INFO - 
--------------------------------------------------------------------------------
[2023-02-16 11:24:52,282] {taskinstance.py:1377} INFO - Executing <Task(SimpleHttpOperator): extract_data> on 2023-02-16 17:24:50.740100+00:00
[2023-02-16 11:24:52,286] {standard_task_runner.py:52} INFO - Started process 61249 to run task
[2023-02-16 11:24:52,288] {standard_task_runner.py:79} INFO - Running: ['***', 'tasks', 'run', '1.5_user_processing', 'extract_data', 'manual__2023-02-16T17:24:50.740100+00:00', '--job-id', '234', '--raw', '--subdir', 'DAGS_FOLDER/Introduction_to_Apache_Airflow/1.5_user_processing.py', '--cfg-path', '/tmp/tmpjfxhmbr2', '--error-file', '/tmp/tmpe6l1ejz8']
[2023-02-16 11:24:52,289] {standard_task_runner.py:80} INFO - Job 234: Subtask extract_data
[2023-02-16 11:24:52,346] {task_command.py:369} INFO - Running <TaskInstance: 1.5_user_processing.extract_data manual__2023-02-16T17:24:50.740100+00:00 [running]> on host Tinmar.
[2023-02-16 11:24:52,409] {taskinstance.py:1569} INFO - Exporting the following env vars:
AIRFLOW_CTX_DAG_OWNER=Tinmar
AIRFLOW_CTX_DAG_ID=1.5_user_processing
AIRFLOW_CTX_TASK_ID=extract_data
AIRFLOW_CTX_EXECUTION_DATE=2023-02-16T17:24:50.740100+00:00
AIRFLOW_CTX_TRY_NUMBER=1
AIRFLOW_CTX_DAG_RUN_ID=manual__2023-02-16T17:24:50.740100+00:00
[2023-02-16 11:24:52,411] {http.py:123} INFO - Calling HTTP method
[2023-02-16 11:24:52,422] {base.py:68} INFO - Using connection ID 'user_api' for task execution.
[2023-02-16 11:24:52,798] {http.py:127} INFO - {"results":[{"gender":"female","name":{"title":"Miss","first":"Marion","last":"Olson"},"location":{"street":{"number":8071,"name":"Timber Wolf Trail"},"city":"Shepparton","state":"Tasmania","country":"Australia","postcode":5117,"coordinates":{"latitude":"-82.4727","longitude":"170.8908"},"timezone":{"offset":"-3:30","description":"Newfoundland"}},"email":"marion.olson@example.com","login":{"uuid":"aa44cdca-c26b-40c7-8a99-902c19b65ddc","username":"organicmeercat136","password":"magic","salt":"lxRcXBVN","md5":"6d4747f64f3ab644a0e7c10ff1fb145b","sha1":"ad3beb3e98ce5f9f0d0631d82425dbc7fd1fa2b4","sha256":"afea85b9cb768ecde0f7eb311221c40b76c2f9dea55fbde3948b3de568625046"},"dob":{"date":"1953-08-06T23:17:10.949Z","age":69},"registered":{"date":"2018-06-26T23:10:59.190Z","age":4},"phone":"06-7338-8787","cell":"0464-812-767","id":{"name":"TFN","value":"056012931"},"picture":{"large":"https://randomuser.me/api/portraits/women/9.jpg","medium":"https://randomuser.me/api/portraits/med/women/9.jpg","thumbnail":"https://randomuser.me/api/portraits/thumb/women/9.jpg"},"nat":"AU"}],"info":{"seed":"ab5180bc1023e377","results":1,"page":1,"version":"1.4"}}
[2023-02-16 11:24:52,825] {taskinstance.py:1395} INFO - Marking task as SUCCESS. dag_id=1.5_user_processing, task_id=extract_data, execution_date=20230216T172450, start_date=20230216T172452, end_date=20230216T172452
[2023-02-16 11:24:52,869] {local_task_job.py:156} INFO - Task exited with return code 0
[2023-02-16 11:24:52,896] {local_task_job.py:273} INFO - 0 downstream tasks scheduled from follow-on schedule check
