[2023-02-18T03:00:02.624-0600] {processor.py:156} INFO - Started process (PID=192808) to work on /c/Airflow/dags/Introduction_to_Apache_Airflow/1.3_user_processing.py
[2023-02-18T03:00:02.625-0600] {processor.py:758} INFO - Processing file /c/Airflow/dags/Introduction_to_Apache_Airflow/1.3_user_processing.py for tasks to queue
[2023-02-18T03:00:02.626-0600] {logging_mixin.py:117} INFO - [2023-02-18T03:00:02.626-0600] {dagbag.py:525} INFO - Filling up the DagBag from /c/Airflow/dags/Introduction_to_Apache_Airflow/1.3_user_processing.py
[2023-02-18T03:00:02.714-0600] {processor.py:768} INFO - DAG(s) dict_keys(['1.3_user_processing']) retrieved from /c/Airflow/dags/Introduction_to_Apache_Airflow/1.3_user_processing.py
[2023-02-18T03:00:02.763-0600] {logging_mixin.py:117} INFO - hola
[2023-02-18T03:00:02.763-0600] {logging_mixin.py:117} INFO - algo
[2023-02-18T03:00:02.904-0600] {logging_mixin.py:117} INFO - [2023-02-18T03:00:02.904-0600] {dag.py:2573} INFO - Sync 1 DAGs
[2023-02-18T03:00:03.014-0600] {logging_mixin.py:117} INFO - [2023-02-18T03:00:03.014-0600] {dag.py:3324} INFO - Setting next_dagrun for 1.3_user_processing to 2023-02-17T00:00:00+00:00, run_after=2023-02-18T00:00:00+00:00
[2023-02-18T03:00:03.040-0600] {processor.py:178} INFO - Processing /c/Airflow/dags/Introduction_to_Apache_Airflow/1.3_user_processing.py took 0.418 seconds
[2023-02-18T03:00:33.850-0600] {processor.py:156} INFO - Started process (PID=193218) to work on /c/Airflow/dags/Introduction_to_Apache_Airflow/1.3_user_processing.py
[2023-02-18T03:00:33.852-0600] {processor.py:758} INFO - Processing file /c/Airflow/dags/Introduction_to_Apache_Airflow/1.3_user_processing.py for tasks to queue
[2023-02-18T03:00:33.852-0600] {logging_mixin.py:117} INFO - [2023-02-18T03:00:33.852-0600] {dagbag.py:525} INFO - Filling up the DagBag from /c/Airflow/dags/Introduction_to_Apache_Airflow/1.3_user_processing.py
[2023-02-18T03:00:33.902-0600] {processor.py:768} INFO - DAG(s) dict_keys(['1.3_user_processing']) retrieved from /c/Airflow/dags/Introduction_to_Apache_Airflow/1.3_user_processing.py
[2023-02-18T03:00:33.955-0600] {logging_mixin.py:117} INFO - hola
[2023-02-18T03:00:33.956-0600] {logging_mixin.py:117} INFO - algo
[2023-02-18T03:00:34.049-0600] {logging_mixin.py:117} INFO - [2023-02-18T03:00:34.049-0600] {dag.py:2573} INFO - Sync 1 DAGs
[2023-02-18T03:00:34.063-0600] {logging_mixin.py:117} INFO - [2023-02-18T03:00:34.063-0600] {dag.py:3324} INFO - Setting next_dagrun for 1.3_user_processing to 2023-02-17T00:00:00+00:00, run_after=2023-02-18T00:00:00+00:00
[2023-02-18T03:00:34.084-0600] {processor.py:178} INFO - Processing /c/Airflow/dags/Introduction_to_Apache_Airflow/1.3_user_processing.py took 0.235 seconds
[2023-02-18T03:01:04.265-0600] {processor.py:156} INFO - Started process (PID=193568) to work on /c/Airflow/dags/Introduction_to_Apache_Airflow/1.3_user_processing.py
[2023-02-18T03:01:04.266-0600] {processor.py:758} INFO - Processing file /c/Airflow/dags/Introduction_to_Apache_Airflow/1.3_user_processing.py for tasks to queue
[2023-02-18T03:01:04.266-0600] {logging_mixin.py:117} INFO - [2023-02-18T03:01:04.266-0600] {dagbag.py:525} INFO - Filling up the DagBag from /c/Airflow/dags/Introduction_to_Apache_Airflow/1.3_user_processing.py
[2023-02-18T03:01:04.299-0600] {processor.py:768} INFO - DAG(s) dict_keys(['1.3_user_processing']) retrieved from /c/Airflow/dags/Introduction_to_Apache_Airflow/1.3_user_processing.py
[2023-02-18T03:01:04.334-0600] {logging_mixin.py:117} INFO - hola
[2023-02-18T03:01:04.334-0600] {logging_mixin.py:117} INFO - algo
[2023-02-18T03:01:04.409-0600] {logging_mixin.py:117} INFO - [2023-02-18T03:01:04.409-0600] {dag.py:2573} INFO - Sync 1 DAGs
[2023-02-18T03:01:04.421-0600] {logging_mixin.py:117} INFO - [2023-02-18T03:01:04.421-0600] {dag.py:3324} INFO - Setting next_dagrun for 1.3_user_processing to 2023-02-17T00:00:00+00:00, run_after=2023-02-18T00:00:00+00:00
[2023-02-18T03:01:04.435-0600] {processor.py:178} INFO - Processing /c/Airflow/dags/Introduction_to_Apache_Airflow/1.3_user_processing.py took 0.172 seconds
[2023-02-18T03:01:35.433-0600] {processor.py:156} INFO - Started process (PID=193904) to work on /c/Airflow/dags/Introduction_to_Apache_Airflow/1.3_user_processing.py
[2023-02-18T03:01:35.434-0600] {processor.py:758} INFO - Processing file /c/Airflow/dags/Introduction_to_Apache_Airflow/1.3_user_processing.py for tasks to queue
[2023-02-18T03:01:35.435-0600] {logging_mixin.py:117} INFO - [2023-02-18T03:01:35.435-0600] {dagbag.py:525} INFO - Filling up the DagBag from /c/Airflow/dags/Introduction_to_Apache_Airflow/1.3_user_processing.py
[2023-02-18T03:01:35.467-0600] {processor.py:768} INFO - DAG(s) dict_keys(['1.3_user_processing']) retrieved from /c/Airflow/dags/Introduction_to_Apache_Airflow/1.3_user_processing.py
[2023-02-18T03:01:35.499-0600] {logging_mixin.py:117} INFO - hola
[2023-02-18T03:01:35.500-0600] {logging_mixin.py:117} INFO - algo
[2023-02-18T03:01:35.595-0600] {logging_mixin.py:117} INFO - [2023-02-18T03:01:35.595-0600] {dag.py:2573} INFO - Sync 1 DAGs
[2023-02-18T03:01:35.608-0600] {logging_mixin.py:117} INFO - [2023-02-18T03:01:35.608-0600] {dag.py:3324} INFO - Setting next_dagrun for 1.3_user_processing to 2023-02-17T00:00:00+00:00, run_after=2023-02-18T00:00:00+00:00
[2023-02-18T03:01:35.622-0600] {processor.py:178} INFO - Processing /c/Airflow/dags/Introduction_to_Apache_Airflow/1.3_user_processing.py took 0.191 seconds
[2023-02-18T03:02:06.104-0600] {processor.py:156} INFO - Started process (PID=194449) to work on /c/Airflow/dags/Introduction_to_Apache_Airflow/1.3_user_processing.py
[2023-02-18T03:02:06.109-0600] {processor.py:758} INFO - Processing file /c/Airflow/dags/Introduction_to_Apache_Airflow/1.3_user_processing.py for tasks to queue
[2023-02-18T03:02:06.110-0600] {logging_mixin.py:117} INFO - [2023-02-18T03:02:06.110-0600] {dagbag.py:525} INFO - Filling up the DagBag from /c/Airflow/dags/Introduction_to_Apache_Airflow/1.3_user_processing.py
[2023-02-18T03:02:06.169-0600] {processor.py:768} INFO - DAG(s) dict_keys(['1.3_user_processing']) retrieved from /c/Airflow/dags/Introduction_to_Apache_Airflow/1.3_user_processing.py
[2023-02-18T03:02:06.227-0600] {logging_mixin.py:117} INFO - hola
[2023-02-18T03:02:06.228-0600] {logging_mixin.py:117} INFO - algo
[2023-02-18T03:02:06.317-0600] {logging_mixin.py:117} INFO - [2023-02-18T03:02:06.316-0600] {dag.py:2573} INFO - Sync 1 DAGs
[2023-02-18T03:02:06.332-0600] {logging_mixin.py:117} INFO - [2023-02-18T03:02:06.332-0600] {dag.py:3324} INFO - Setting next_dagrun for 1.3_user_processing to 2023-02-17T00:00:00+00:00, run_after=2023-02-18T00:00:00+00:00
[2023-02-18T03:02:06.445-0600] {processor.py:178} INFO - Processing /c/Airflow/dags/Introduction_to_Apache_Airflow/1.3_user_processing.py took 0.343 seconds
