[2023-02-18T03:00:00.269-0600] {processor.py:156} INFO - Started process (PID=192658) to work on /c/Airflow/dags/Introduction_to_Apache_Airflow/1.6.1_user_processing.py
[2023-02-18T03:00:00.270-0600] {processor.py:758} INFO - Processing file /c/Airflow/dags/Introduction_to_Apache_Airflow/1.6.1_user_processing.py for tasks to queue
[2023-02-18T03:00:00.271-0600] {logging_mixin.py:117} INFO - [2023-02-18T03:00:00.271-0600] {dagbag.py:525} INFO - Filling up the DagBag from /c/Airflow/dags/Introduction_to_Apache_Airflow/1.6.1_user_processing.py
[2023-02-18T03:00:00.671-0600] {processor.py:768} INFO - DAG(s) dict_keys(['1.6.1_user_processing']) retrieved from /c/Airflow/dags/Introduction_to_Apache_Airflow/1.6.1_user_processing.py
[2023-02-18T03:00:00.728-0600] {logging_mixin.py:117} INFO - hola
[2023-02-18T03:00:00.729-0600] {logging_mixin.py:117} INFO - algo
[2023-02-18T03:00:00.832-0600] {logging_mixin.py:117} INFO - [2023-02-18T03:00:00.831-0600] {dag.py:2573} INFO - Sync 1 DAGs
[2023-02-18T03:00:00.846-0600] {logging_mixin.py:117} INFO - [2023-02-18T03:00:00.846-0600] {dag.py:3324} INFO - Setting next_dagrun for 1.6.1_user_processing to 2023-02-18T00:00:00+00:00, run_after=2023-02-19T00:00:00+00:00
[2023-02-18T03:00:00.867-0600] {processor.py:178} INFO - Processing /c/Airflow/dags/Introduction_to_Apache_Airflow/1.6.1_user_processing.py took 0.600 seconds
[2023-02-18T03:00:31.930-0600] {processor.py:156} INFO - Started process (PID=193127) to work on /c/Airflow/dags/Introduction_to_Apache_Airflow/1.6.1_user_processing.py
[2023-02-18T03:00:31.931-0600] {processor.py:758} INFO - Processing file /c/Airflow/dags/Introduction_to_Apache_Airflow/1.6.1_user_processing.py for tasks to queue
[2023-02-18T03:00:31.932-0600] {logging_mixin.py:117} INFO - [2023-02-18T03:00:31.932-0600] {dagbag.py:525} INFO - Filling up the DagBag from /c/Airflow/dags/Introduction_to_Apache_Airflow/1.6.1_user_processing.py
[2023-02-18T03:00:32.231-0600] {processor.py:768} INFO - DAG(s) dict_keys(['1.6.1_user_processing']) retrieved from /c/Airflow/dags/Introduction_to_Apache_Airflow/1.6.1_user_processing.py
[2023-02-18T03:00:32.285-0600] {logging_mixin.py:117} INFO - hola
[2023-02-18T03:00:32.286-0600] {logging_mixin.py:117} INFO - algo
[2023-02-18T03:00:32.377-0600] {logging_mixin.py:117} INFO - [2023-02-18T03:00:32.377-0600] {dag.py:2573} INFO - Sync 1 DAGs
[2023-02-18T03:00:32.390-0600] {logging_mixin.py:117} INFO - [2023-02-18T03:00:32.390-0600] {dag.py:3324} INFO - Setting next_dagrun for 1.6.1_user_processing to 2023-02-18T00:00:00+00:00, run_after=2023-02-19T00:00:00+00:00
[2023-02-18T03:00:32.404-0600] {processor.py:178} INFO - Processing /c/Airflow/dags/Introduction_to_Apache_Airflow/1.6.1_user_processing.py took 0.475 seconds
[2023-02-18T03:01:02.542-0600] {processor.py:156} INFO - Started process (PID=193492) to work on /c/Airflow/dags/Introduction_to_Apache_Airflow/1.6.1_user_processing.py
[2023-02-18T03:01:02.543-0600] {processor.py:758} INFO - Processing file /c/Airflow/dags/Introduction_to_Apache_Airflow/1.6.1_user_processing.py for tasks to queue
[2023-02-18T03:01:02.544-0600] {logging_mixin.py:117} INFO - [2023-02-18T03:01:02.544-0600] {dagbag.py:525} INFO - Filling up the DagBag from /c/Airflow/dags/Introduction_to_Apache_Airflow/1.6.1_user_processing.py
[2023-02-18T03:01:02.800-0600] {processor.py:768} INFO - DAG(s) dict_keys(['1.6.1_user_processing']) retrieved from /c/Airflow/dags/Introduction_to_Apache_Airflow/1.6.1_user_processing.py
[2023-02-18T03:01:02.828-0600] {logging_mixin.py:117} INFO - hola
[2023-02-18T03:01:02.828-0600] {logging_mixin.py:117} INFO - algo
[2023-02-18T03:01:02.899-0600] {logging_mixin.py:117} INFO - [2023-02-18T03:01:02.899-0600] {dag.py:2573} INFO - Sync 1 DAGs
[2023-02-18T03:01:02.911-0600] {logging_mixin.py:117} INFO - [2023-02-18T03:01:02.911-0600] {dag.py:3324} INFO - Setting next_dagrun for 1.6.1_user_processing to 2023-02-18T00:00:00+00:00, run_after=2023-02-19T00:00:00+00:00
[2023-02-18T03:01:02.925-0600] {processor.py:178} INFO - Processing /c/Airflow/dags/Introduction_to_Apache_Airflow/1.6.1_user_processing.py took 0.385 seconds
[2023-02-18T03:01:33.123-0600] {processor.py:156} INFO - Started process (PID=193822) to work on /c/Airflow/dags/Introduction_to_Apache_Airflow/1.6.1_user_processing.py
[2023-02-18T03:01:33.124-0600] {processor.py:758} INFO - Processing file /c/Airflow/dags/Introduction_to_Apache_Airflow/1.6.1_user_processing.py for tasks to queue
[2023-02-18T03:01:33.125-0600] {logging_mixin.py:117} INFO - [2023-02-18T03:01:33.125-0600] {dagbag.py:525} INFO - Filling up the DagBag from /c/Airflow/dags/Introduction_to_Apache_Airflow/1.6.1_user_processing.py
[2023-02-18T03:01:33.408-0600] {processor.py:768} INFO - DAG(s) dict_keys(['1.6.1_user_processing']) retrieved from /c/Airflow/dags/Introduction_to_Apache_Airflow/1.6.1_user_processing.py
[2023-02-18T03:01:33.436-0600] {logging_mixin.py:117} INFO - hola
[2023-02-18T03:01:33.437-0600] {logging_mixin.py:117} INFO - algo
[2023-02-18T03:01:33.520-0600] {logging_mixin.py:117} INFO - [2023-02-18T03:01:33.520-0600] {dag.py:2573} INFO - Sync 1 DAGs
[2023-02-18T03:01:33.534-0600] {logging_mixin.py:117} INFO - [2023-02-18T03:01:33.534-0600] {dag.py:3324} INFO - Setting next_dagrun for 1.6.1_user_processing to 2023-02-18T00:00:00+00:00, run_after=2023-02-19T00:00:00+00:00
[2023-02-18T03:01:33.550-0600] {processor.py:178} INFO - Processing /c/Airflow/dags/Introduction_to_Apache_Airflow/1.6.1_user_processing.py took 0.429 seconds
[2023-02-18T03:02:03.741-0600] {processor.py:156} INFO - Started process (PID=194364) to work on /c/Airflow/dags/Introduction_to_Apache_Airflow/1.6.1_user_processing.py
[2023-02-18T03:02:03.742-0600] {processor.py:758} INFO - Processing file /c/Airflow/dags/Introduction_to_Apache_Airflow/1.6.1_user_processing.py for tasks to queue
[2023-02-18T03:02:03.743-0600] {logging_mixin.py:117} INFO - [2023-02-18T03:02:03.743-0600] {dagbag.py:525} INFO - Filling up the DagBag from /c/Airflow/dags/Introduction_to_Apache_Airflow/1.6.1_user_processing.py
[2023-02-18T03:02:04.022-0600] {processor.py:768} INFO - DAG(s) dict_keys(['1.6.1_user_processing']) retrieved from /c/Airflow/dags/Introduction_to_Apache_Airflow/1.6.1_user_processing.py
[2023-02-18T03:02:04.052-0600] {logging_mixin.py:117} INFO - hola
[2023-02-18T03:02:04.052-0600] {logging_mixin.py:117} INFO - algo
[2023-02-18T03:02:04.127-0600] {logging_mixin.py:117} INFO - [2023-02-18T03:02:04.127-0600] {dag.py:2573} INFO - Sync 1 DAGs
[2023-02-18T03:02:04.140-0600] {logging_mixin.py:117} INFO - [2023-02-18T03:02:04.140-0600] {dag.py:3324} INFO - Setting next_dagrun for 1.6.1_user_processing to 2023-02-18T00:00:00+00:00, run_after=2023-02-19T00:00:00+00:00
[2023-02-18T03:02:04.151-0600] {processor.py:178} INFO - Processing /c/Airflow/dags/Introduction_to_Apache_Airflow/1.6.1_user_processing.py took 0.412 seconds
