[2023-02-18T03:00:02.282-0600] {processor.py:156} INFO - Started process (PID=192778) to work on /c/Airflow/dags/Introduction_to_Apache_Airflow/2.2_consumer.py
[2023-02-18T03:00:02.284-0600] {processor.py:758} INFO - Processing file /c/Airflow/dags/Introduction_to_Apache_Airflow/2.2_consumer.py for tasks to queue
[2023-02-18T03:00:02.285-0600] {logging_mixin.py:117} INFO - [2023-02-18T03:00:02.285-0600] {dagbag.py:525} INFO - Filling up the DagBag from /c/Airflow/dags/Introduction_to_Apache_Airflow/2.2_consumer.py
[2023-02-18T03:00:02.327-0600] {processor.py:768} INFO - DAG(s) dict_keys(['2.2_consumer']) retrieved from /c/Airflow/dags/Introduction_to_Apache_Airflow/2.2_consumer.py
[2023-02-18T03:00:02.358-0600] {logging_mixin.py:117} INFO - [2023-02-18T03:00:02.358-0600] {dag.py:2573} INFO - Sync 1 DAGs
[2023-02-18T03:00:02.378-0600] {logging_mixin.py:117} INFO - [2023-02-18T03:00:02.378-0600] {dag.py:3324} INFO - Setting next_dagrun for 2.2_consumer to None, run_after=None
[2023-02-18T03:00:02.401-0600] {processor.py:178} INFO - Processing /c/Airflow/dags/Introduction_to_Apache_Airflow/2.2_consumer.py took 0.122 seconds
[2023-02-18T03:00:33.129-0600] {processor.py:156} INFO - Started process (PID=193198) to work on /c/Airflow/dags/Introduction_to_Apache_Airflow/2.2_consumer.py
[2023-02-18T03:00:33.131-0600] {processor.py:758} INFO - Processing file /c/Airflow/dags/Introduction_to_Apache_Airflow/2.2_consumer.py for tasks to queue
[2023-02-18T03:00:33.132-0600] {logging_mixin.py:117} INFO - [2023-02-18T03:00:33.132-0600] {dagbag.py:525} INFO - Filling up the DagBag from /c/Airflow/dags/Introduction_to_Apache_Airflow/2.2_consumer.py
[2023-02-18T03:00:33.180-0600] {processor.py:768} INFO - DAG(s) dict_keys(['2.2_consumer']) retrieved from /c/Airflow/dags/Introduction_to_Apache_Airflow/2.2_consumer.py
[2023-02-18T03:00:33.219-0600] {logging_mixin.py:117} INFO - [2023-02-18T03:00:33.218-0600] {dag.py:2573} INFO - Sync 1 DAGs
[2023-02-18T03:00:33.232-0600] {logging_mixin.py:117} INFO - [2023-02-18T03:00:33.232-0600] {dag.py:3324} INFO - Setting next_dagrun for 2.2_consumer to None, run_after=None
[2023-02-18T03:00:33.382-0600] {processor.py:178} INFO - Processing /c/Airflow/dags/Introduction_to_Apache_Airflow/2.2_consumer.py took 0.255 seconds
[2023-02-18T03:01:03.850-0600] {processor.py:156} INFO - Started process (PID=193550) to work on /c/Airflow/dags/Introduction_to_Apache_Airflow/2.2_consumer.py
[2023-02-18T03:01:03.851-0600] {processor.py:758} INFO - Processing file /c/Airflow/dags/Introduction_to_Apache_Airflow/2.2_consumer.py for tasks to queue
[2023-02-18T03:01:03.852-0600] {logging_mixin.py:117} INFO - [2023-02-18T03:01:03.852-0600] {dagbag.py:525} INFO - Filling up the DagBag from /c/Airflow/dags/Introduction_to_Apache_Airflow/2.2_consumer.py
[2023-02-18T03:01:03.876-0600] {processor.py:768} INFO - DAG(s) dict_keys(['2.2_consumer']) retrieved from /c/Airflow/dags/Introduction_to_Apache_Airflow/2.2_consumer.py
[2023-02-18T03:01:03.895-0600] {logging_mixin.py:117} INFO - [2023-02-18T03:01:03.895-0600] {dag.py:2573} INFO - Sync 1 DAGs
[2023-02-18T03:01:03.907-0600] {logging_mixin.py:117} INFO - [2023-02-18T03:01:03.907-0600] {dag.py:3324} INFO - Setting next_dagrun for 2.2_consumer to None, run_after=None
[2023-02-18T03:01:04.006-0600] {processor.py:178} INFO - Processing /c/Airflow/dags/Introduction_to_Apache_Airflow/2.2_consumer.py took 0.158 seconds
[2023-02-18T03:01:34.188-0600] {processor.py:156} INFO - Started process (PID=193881) to work on /c/Airflow/dags/Introduction_to_Apache_Airflow/2.2_consumer.py
[2023-02-18T03:01:34.189-0600] {processor.py:758} INFO - Processing file /c/Airflow/dags/Introduction_to_Apache_Airflow/2.2_consumer.py for tasks to queue
[2023-02-18T03:01:34.190-0600] {logging_mixin.py:117} INFO - [2023-02-18T03:01:34.190-0600] {dagbag.py:525} INFO - Filling up the DagBag from /c/Airflow/dags/Introduction_to_Apache_Airflow/2.2_consumer.py
[2023-02-18T03:01:34.217-0600] {processor.py:768} INFO - DAG(s) dict_keys(['2.2_consumer']) retrieved from /c/Airflow/dags/Introduction_to_Apache_Airflow/2.2_consumer.py
[2023-02-18T03:01:34.237-0600] {logging_mixin.py:117} INFO - [2023-02-18T03:01:34.237-0600] {dag.py:2573} INFO - Sync 1 DAGs
[2023-02-18T03:01:34.250-0600] {logging_mixin.py:117} INFO - [2023-02-18T03:01:34.250-0600] {dag.py:3324} INFO - Setting next_dagrun for 2.2_consumer to None, run_after=None
[2023-02-18T03:01:34.267-0600] {processor.py:178} INFO - Processing /c/Airflow/dags/Introduction_to_Apache_Airflow/2.2_consumer.py took 0.081 seconds
[2023-02-18T03:02:05.359-0600] {processor.py:156} INFO - Started process (PID=194431) to work on /c/Airflow/dags/Introduction_to_Apache_Airflow/2.2_consumer.py
[2023-02-18T03:02:05.361-0600] {processor.py:758} INFO - Processing file /c/Airflow/dags/Introduction_to_Apache_Airflow/2.2_consumer.py for tasks to queue
[2023-02-18T03:02:05.362-0600] {logging_mixin.py:117} INFO - [2023-02-18T03:02:05.362-0600] {dagbag.py:525} INFO - Filling up the DagBag from /c/Airflow/dags/Introduction_to_Apache_Airflow/2.2_consumer.py
[2023-02-18T03:02:05.419-0600] {processor.py:768} INFO - DAG(s) dict_keys(['2.2_consumer']) retrieved from /c/Airflow/dags/Introduction_to_Apache_Airflow/2.2_consumer.py
[2023-02-18T03:02:05.453-0600] {logging_mixin.py:117} INFO - [2023-02-18T03:02:05.452-0600] {dag.py:2573} INFO - Sync 1 DAGs
[2023-02-18T03:02:05.510-0600] {logging_mixin.py:117} INFO - [2023-02-18T03:02:05.510-0600] {dag.py:3324} INFO - Setting next_dagrun for 2.2_consumer to None, run_after=None
[2023-02-18T03:02:05.561-0600] {processor.py:178} INFO - Processing /c/Airflow/dags/Introduction_to_Apache_Airflow/2.2_consumer.py took 0.205 seconds
