[2023-02-18T03:00:02.104-0600] {processor.py:156} INFO - Started process (PID=192743) to work on /c/Airflow/dags/Introduction_to_Apache_Airflow/4.1_group_dag.py
[2023-02-18T03:00:02.105-0600] {processor.py:758} INFO - Processing file /c/Airflow/dags/Introduction_to_Apache_Airflow/4.1_group_dag.py for tasks to queue
[2023-02-18T03:00:02.108-0600] {logging_mixin.py:117} INFO - [2023-02-18T03:00:02.108-0600] {dagbag.py:525} INFO - Filling up the DagBag from /c/Airflow/dags/Introduction_to_Apache_Airflow/4.1_group_dag.py
[2023-02-18T03:00:02.148-0600] {processor.py:768} INFO - DAG(s) dict_keys(['4.1_group_dag']) retrieved from /c/Airflow/dags/Introduction_to_Apache_Airflow/4.1_group_dag.py
[2023-02-18T03:00:02.170-0600] {logging_mixin.py:117} INFO - [2023-02-18T03:00:02.170-0600] {dag.py:2573} INFO - Sync 1 DAGs
[2023-02-18T03:00:02.186-0600] {logging_mixin.py:117} INFO - [2023-02-18T03:00:02.186-0600] {dag.py:3324} INFO - Setting next_dagrun for 4.1_group_dag to 2023-02-18T00:00:00+00:00, run_after=2023-02-19T00:00:00+00:00
[2023-02-18T03:00:02.213-0600] {processor.py:178} INFO - Processing /c/Airflow/dags/Introduction_to_Apache_Airflow/4.1_group_dag.py took 0.111 seconds
[2023-02-18T03:00:32.849-0600] {processor.py:156} INFO - Started process (PID=193185) to work on /c/Airflow/dags/Introduction_to_Apache_Airflow/4.1_group_dag.py
[2023-02-18T03:00:32.850-0600] {processor.py:758} INFO - Processing file /c/Airflow/dags/Introduction_to_Apache_Airflow/4.1_group_dag.py for tasks to queue
[2023-02-18T03:00:32.851-0600] {logging_mixin.py:117} INFO - [2023-02-18T03:00:32.851-0600] {dagbag.py:525} INFO - Filling up the DagBag from /c/Airflow/dags/Introduction_to_Apache_Airflow/4.1_group_dag.py
[2023-02-18T03:00:32.885-0600] {processor.py:768} INFO - DAG(s) dict_keys(['4.1_group_dag']) retrieved from /c/Airflow/dags/Introduction_to_Apache_Airflow/4.1_group_dag.py
[2023-02-18T03:00:32.909-0600] {logging_mixin.py:117} INFO - [2023-02-18T03:00:32.909-0600] {dag.py:2573} INFO - Sync 1 DAGs
[2023-02-18T03:00:32.926-0600] {logging_mixin.py:117} INFO - [2023-02-18T03:00:32.925-0600] {dag.py:3324} INFO - Setting next_dagrun for 4.1_group_dag to 2023-02-18T00:00:00+00:00, run_after=2023-02-19T00:00:00+00:00
[2023-02-18T03:00:32.942-0600] {processor.py:178} INFO - Processing /c/Airflow/dags/Introduction_to_Apache_Airflow/4.1_group_dag.py took 0.096 seconds
[2023-02-18T03:01:03.425-0600] {processor.py:156} INFO - Started process (PID=193533) to work on /c/Airflow/dags/Introduction_to_Apache_Airflow/4.1_group_dag.py
[2023-02-18T03:01:03.426-0600] {processor.py:758} INFO - Processing file /c/Airflow/dags/Introduction_to_Apache_Airflow/4.1_group_dag.py for tasks to queue
[2023-02-18T03:01:03.427-0600] {logging_mixin.py:117} INFO - [2023-02-18T03:01:03.427-0600] {dagbag.py:525} INFO - Filling up the DagBag from /c/Airflow/dags/Introduction_to_Apache_Airflow/4.1_group_dag.py
[2023-02-18T03:01:03.465-0600] {processor.py:768} INFO - DAG(s) dict_keys(['4.1_group_dag']) retrieved from /c/Airflow/dags/Introduction_to_Apache_Airflow/4.1_group_dag.py
[2023-02-18T03:01:03.489-0600] {logging_mixin.py:117} INFO - [2023-02-18T03:01:03.489-0600] {dag.py:2573} INFO - Sync 1 DAGs
[2023-02-18T03:01:03.505-0600] {logging_mixin.py:117} INFO - [2023-02-18T03:01:03.505-0600] {dag.py:3324} INFO - Setting next_dagrun for 4.1_group_dag to 2023-02-18T00:00:00+00:00, run_after=2023-02-19T00:00:00+00:00
[2023-02-18T03:01:03.608-0600] {processor.py:178} INFO - Processing /c/Airflow/dags/Introduction_to_Apache_Airflow/4.1_group_dag.py took 0.185 seconds
[2023-02-18T03:01:33.796-0600] {processor.py:156} INFO - Started process (PID=193862) to work on /c/Airflow/dags/Introduction_to_Apache_Airflow/4.1_group_dag.py
[2023-02-18T03:01:33.797-0600] {processor.py:758} INFO - Processing file /c/Airflow/dags/Introduction_to_Apache_Airflow/4.1_group_dag.py for tasks to queue
[2023-02-18T03:01:33.798-0600] {logging_mixin.py:117} INFO - [2023-02-18T03:01:33.798-0600] {dagbag.py:525} INFO - Filling up the DagBag from /c/Airflow/dags/Introduction_to_Apache_Airflow/4.1_group_dag.py
[2023-02-18T03:01:33.830-0600] {processor.py:768} INFO - DAG(s) dict_keys(['4.1_group_dag']) retrieved from /c/Airflow/dags/Introduction_to_Apache_Airflow/4.1_group_dag.py
[2023-02-18T03:01:33.849-0600] {logging_mixin.py:117} INFO - [2023-02-18T03:01:33.849-0600] {dag.py:2573} INFO - Sync 1 DAGs
[2023-02-18T03:01:33.863-0600] {logging_mixin.py:117} INFO - [2023-02-18T03:01:33.863-0600] {dag.py:3324} INFO - Setting next_dagrun for 4.1_group_dag to 2023-02-18T00:00:00+00:00, run_after=2023-02-19T00:00:00+00:00
[2023-02-18T03:01:33.875-0600] {processor.py:178} INFO - Processing /c/Airflow/dags/Introduction_to_Apache_Airflow/4.1_group_dag.py took 0.081 seconds
[2023-02-18T03:02:04.851-0600] {processor.py:156} INFO - Started process (PID=194416) to work on /c/Airflow/dags/Introduction_to_Apache_Airflow/4.1_group_dag.py
[2023-02-18T03:02:04.852-0600] {processor.py:758} INFO - Processing file /c/Airflow/dags/Introduction_to_Apache_Airflow/4.1_group_dag.py for tasks to queue
[2023-02-18T03:02:04.853-0600] {logging_mixin.py:117} INFO - [2023-02-18T03:02:04.853-0600] {dagbag.py:525} INFO - Filling up the DagBag from /c/Airflow/dags/Introduction_to_Apache_Airflow/4.1_group_dag.py
[2023-02-18T03:02:04.885-0600] {processor.py:768} INFO - DAG(s) dict_keys(['4.1_group_dag']) retrieved from /c/Airflow/dags/Introduction_to_Apache_Airflow/4.1_group_dag.py
[2023-02-18T03:02:04.905-0600] {logging_mixin.py:117} INFO - [2023-02-18T03:02:04.905-0600] {dag.py:2573} INFO - Sync 1 DAGs
[2023-02-18T03:02:04.920-0600] {logging_mixin.py:117} INFO - [2023-02-18T03:02:04.920-0600] {dag.py:3324} INFO - Setting next_dagrun for 4.1_group_dag to 2023-02-18T00:00:00+00:00, run_after=2023-02-19T00:00:00+00:00
[2023-02-18T03:02:04.944-0600] {processor.py:178} INFO - Processing /c/Airflow/dags/Introduction_to_Apache_Airflow/4.1_group_dag.py took 0.095 seconds
