[2023-02-18T03:00:01.045-0600] {processor.py:156} INFO - Started process (PID=192689) to work on /c/Airflow/dags/Introduction_to_Apache_Airflow/5_task_group.py
[2023-02-18T03:00:01.049-0600] {processor.py:758} INFO - Processing file /c/Airflow/dags/Introduction_to_Apache_Airflow/5_task_group.py for tasks to queue
[2023-02-18T03:00:01.051-0600] {logging_mixin.py:117} INFO - [2023-02-18T03:00:01.051-0600] {dagbag.py:525} INFO - Filling up the DagBag from /c/Airflow/dags/Introduction_to_Apache_Airflow/5_task_group.py
[2023-02-18T03:00:01.210-0600] {processor.py:768} INFO - DAG(s) dict_keys(['5_task_group']) retrieved from /c/Airflow/dags/Introduction_to_Apache_Airflow/5_task_group.py
[2023-02-18T03:00:01.233-0600] {logging_mixin.py:117} INFO - [2023-02-18T03:00:01.233-0600] {dag.py:2573} INFO - Sync 1 DAGs
[2023-02-18T03:00:01.250-0600] {logging_mixin.py:117} INFO - [2023-02-18T03:00:01.250-0600] {dag.py:3324} INFO - Setting next_dagrun for 5_task_group to 2023-02-18T00:00:00+00:00, run_after=2023-02-19T00:00:00+00:00
[2023-02-18T03:00:01.271-0600] {processor.py:178} INFO - Processing /c/Airflow/dags/Introduction_to_Apache_Airflow/5_task_group.py took 0.228 seconds
[2023-02-18T03:00:32.357-0600] {processor.py:156} INFO - Started process (PID=193156) to work on /c/Airflow/dags/Introduction_to_Apache_Airflow/5_task_group.py
[2023-02-18T03:00:32.359-0600] {processor.py:758} INFO - Processing file /c/Airflow/dags/Introduction_to_Apache_Airflow/5_task_group.py for tasks to queue
[2023-02-18T03:00:32.359-0600] {logging_mixin.py:117} INFO - [2023-02-18T03:00:32.359-0600] {dagbag.py:525} INFO - Filling up the DagBag from /c/Airflow/dags/Introduction_to_Apache_Airflow/5_task_group.py
[2023-02-18T03:00:32.466-0600] {processor.py:768} INFO - DAG(s) dict_keys(['5_task_group']) retrieved from /c/Airflow/dags/Introduction_to_Apache_Airflow/5_task_group.py
[2023-02-18T03:00:32.497-0600] {logging_mixin.py:117} INFO - [2023-02-18T03:00:32.496-0600] {dag.py:2573} INFO - Sync 1 DAGs
[2023-02-18T03:00:32.511-0600] {logging_mixin.py:117} INFO - [2023-02-18T03:00:32.511-0600] {dag.py:3324} INFO - Setting next_dagrun for 5_task_group to 2023-02-18T00:00:00+00:00, run_after=2023-02-19T00:00:00+00:00
[2023-02-18T03:00:32.526-0600] {processor.py:178} INFO - Processing /c/Airflow/dags/Introduction_to_Apache_Airflow/5_task_group.py took 0.171 seconds
[2023-02-18T03:01:03.085-0600] {processor.py:156} INFO - Started process (PID=193511) to work on /c/Airflow/dags/Introduction_to_Apache_Airflow/5_task_group.py
[2023-02-18T03:01:03.086-0600] {processor.py:758} INFO - Processing file /c/Airflow/dags/Introduction_to_Apache_Airflow/5_task_group.py for tasks to queue
[2023-02-18T03:01:03.087-0600] {logging_mixin.py:117} INFO - [2023-02-18T03:01:03.087-0600] {dagbag.py:525} INFO - Filling up the DagBag from /c/Airflow/dags/Introduction_to_Apache_Airflow/5_task_group.py
[2023-02-18T03:01:03.136-0600] {processor.py:768} INFO - DAG(s) dict_keys(['5_task_group']) retrieved from /c/Airflow/dags/Introduction_to_Apache_Airflow/5_task_group.py
[2023-02-18T03:01:03.156-0600] {logging_mixin.py:117} INFO - [2023-02-18T03:01:03.156-0600] {dag.py:2573} INFO - Sync 1 DAGs
[2023-02-18T03:01:03.169-0600] {logging_mixin.py:117} INFO - [2023-02-18T03:01:03.168-0600] {dag.py:3324} INFO - Setting next_dagrun for 5_task_group to 2023-02-18T00:00:00+00:00, run_after=2023-02-19T00:00:00+00:00
[2023-02-18T03:01:03.258-0600] {processor.py:178} INFO - Processing /c/Airflow/dags/Introduction_to_Apache_Airflow/5_task_group.py took 0.175 seconds
[2023-02-18T03:01:33.371-0600] {processor.py:156} INFO - Started process (PID=193838) to work on /c/Airflow/dags/Introduction_to_Apache_Airflow/5_task_group.py
[2023-02-18T03:01:33.372-0600] {processor.py:758} INFO - Processing file /c/Airflow/dags/Introduction_to_Apache_Airflow/5_task_group.py for tasks to queue
[2023-02-18T03:01:33.373-0600] {logging_mixin.py:117} INFO - [2023-02-18T03:01:33.373-0600] {dagbag.py:525} INFO - Filling up the DagBag from /c/Airflow/dags/Introduction_to_Apache_Airflow/5_task_group.py
[2023-02-18T03:01:33.430-0600] {processor.py:768} INFO - DAG(s) dict_keys(['5_task_group']) retrieved from /c/Airflow/dags/Introduction_to_Apache_Airflow/5_task_group.py
[2023-02-18T03:01:33.449-0600] {logging_mixin.py:117} INFO - [2023-02-18T03:01:33.449-0600] {dag.py:2573} INFO - Sync 1 DAGs
[2023-02-18T03:01:33.464-0600] {logging_mixin.py:117} INFO - [2023-02-18T03:01:33.464-0600] {dag.py:3324} INFO - Setting next_dagrun for 5_task_group to 2023-02-18T00:00:00+00:00, run_after=2023-02-19T00:00:00+00:00
[2023-02-18T03:01:33.477-0600] {processor.py:178} INFO - Processing /c/Airflow/dags/Introduction_to_Apache_Airflow/5_task_group.py took 0.108 seconds
[2023-02-18T03:02:04.298-0600] {processor.py:156} INFO - Started process (PID=194387) to work on /c/Airflow/dags/Introduction_to_Apache_Airflow/5_task_group.py
[2023-02-18T03:02:04.299-0600] {processor.py:758} INFO - Processing file /c/Airflow/dags/Introduction_to_Apache_Airflow/5_task_group.py for tasks to queue
[2023-02-18T03:02:04.300-0600] {logging_mixin.py:117} INFO - [2023-02-18T03:02:04.300-0600] {dagbag.py:525} INFO - Filling up the DagBag from /c/Airflow/dags/Introduction_to_Apache_Airflow/5_task_group.py
[2023-02-18T03:02:04.418-0600] {processor.py:768} INFO - DAG(s) dict_keys(['5_task_group']) retrieved from /c/Airflow/dags/Introduction_to_Apache_Airflow/5_task_group.py
[2023-02-18T03:02:04.448-0600] {logging_mixin.py:117} INFO - [2023-02-18T03:02:04.447-0600] {dag.py:2573} INFO - Sync 1 DAGs
[2023-02-18T03:02:04.462-0600] {logging_mixin.py:117} INFO - [2023-02-18T03:02:04.462-0600] {dag.py:3324} INFO - Setting next_dagrun for 5_task_group to 2023-02-18T00:00:00+00:00, run_after=2023-02-19T00:00:00+00:00
[2023-02-18T03:02:04.502-0600] {processor.py:178} INFO - Processing /c/Airflow/dags/Introduction_to_Apache_Airflow/5_task_group.py took 0.207 seconds
