[2023-02-15 16:45:02,378] {taskinstance.py:1159} INFO - Dependencies all met for <TaskInstance: 7_dataproc_subdags.create_cluster scheduled__2023-02-14T00:00:00+00:00 [queued]>
[2023-02-15 16:45:02,388] {taskinstance.py:1159} INFO - Dependencies all met for <TaskInstance: 7_dataproc_subdags.create_cluster scheduled__2023-02-14T00:00:00+00:00 [queued]>
[2023-02-15 16:45:02,390] {taskinstance.py:1356} INFO - 
--------------------------------------------------------------------------------
[2023-02-15 16:45:02,391] {taskinstance.py:1357} INFO - Starting attempt 1 of 1
[2023-02-15 16:45:02,392] {taskinstance.py:1358} INFO - 
--------------------------------------------------------------------------------
[2023-02-15 16:45:02,407] {taskinstance.py:1377} INFO - Executing <Task(DataprocCreateClusterOperator): create_cluster> on 2023-02-14 00:00:00+00:00
[2023-02-15 16:45:02,411] {standard_task_runner.py:52} INFO - Started process 441397 to run task
[2023-02-15 16:45:02,414] {standard_task_runner.py:79} INFO - Running: ['***', 'tasks', 'run', '7_dataproc_subdags', 'create_cluster', 'scheduled__2023-02-14T00:00:00+00:00', '--job-id', '205', '--raw', '--subdir', 'DAGS_FOLDER/Airflow2_0_De_0_a_Heroe/7_dataproc_subdags.py', '--cfg-path', '/tmp/tmpavdahxf9', '--error-file', '/tmp/tmpvg32dab0']
[2023-02-15 16:45:02,425] {standard_task_runner.py:80} INFO - Job 205: Subtask create_cluster
[2023-02-15 16:45:02,505] {task_command.py:369} INFO - Running <TaskInstance: 7_dataproc_subdags.create_cluster scheduled__2023-02-14T00:00:00+00:00 [running]> on host Tinmar.
[2023-02-15 16:45:02,615] {taskinstance.py:1569} INFO - Exporting the following env vars:
AIRFLOW_CTX_DAG_OWNER=David Sanchez
AIRFLOW_CTX_DAG_ID=7_dataproc_subdags
AIRFLOW_CTX_TASK_ID=create_cluster
AIRFLOW_CTX_EXECUTION_DATE=2023-02-14T00:00:00+00:00
AIRFLOW_CTX_TRY_NUMBER=1
AIRFLOW_CTX_DAG_RUN_ID=scheduled__2023-02-14T00:00:00+00:00
[2023-02-15 16:45:02,617] {dataproc.py:591} INFO - Creating cluster: ***-spark-cluster
[2023-02-15 16:45:02,636] {base.py:68} INFO - Using connection ID 'google_cloud_default' for task execution.
[2023-02-15 16:45:42,842] {dataproc.py:603} INFO - Cluster already exists.
[2023-02-15 16:47:42,941] {taskinstance.py:1395} INFO - Marking task as SUCCESS. dag_id=7_dataproc_subdags, task_id=create_cluster, execution_date=20230214T000000, start_date=20230215T224502, end_date=20230215T224742
[2023-02-15 16:47:42,972] {local_task_job.py:156} INFO - Task exited with return code 0
