[2023-02-18T18:29:04.949-0600] {taskinstance.py:1165} INFO - Dependencies all met for <TaskInstance: 1.6.1_user_processing.insert_data scheduled__2023-02-18T00:00:00+00:00 [queued]>
[2023-02-18T18:29:04.979-0600] {taskinstance.py:1165} INFO - Dependencies all met for <TaskInstance: 1.6.1_user_processing.insert_data scheduled__2023-02-18T00:00:00+00:00 [queued]>
[2023-02-18T18:29:05.000-0600] {taskinstance.py:1362} INFO - 
--------------------------------------------------------------------------------
[2023-02-18T18:29:05.003-0600] {taskinstance.py:1363} INFO - Starting attempt 1 of 1
[2023-02-18T18:29:05.011-0600] {taskinstance.py:1364} INFO - 
--------------------------------------------------------------------------------
[2023-02-18T18:29:05.033-0600] {taskinstance.py:1383} INFO - Executing <Task(PostgresOperator): insert_data> on 2023-02-18 00:00:00+00:00
[2023-02-18T18:29:05.044-0600] {standard_task_runner.py:54} INFO - Started process 195778 to run task
[2023-02-18T18:29:05.053-0600] {standard_task_runner.py:82} INFO - Running: ['***', 'tasks', 'run', '1.6.1_user_processing', 'insert_data', 'scheduled__2023-02-18T00:00:00+00:00', '--job-id', '504', '--raw', '--subdir', 'DAGS_FOLDER/Introduction_to_Apache_Airflow/1.6.1_user_processing.py', '--cfg-path', '/tmp/tmp07v0qgb0']
[2023-02-18T18:29:05.059-0600] {standard_task_runner.py:83} INFO - Job 504: Subtask insert_data
[2023-02-18T18:29:05.065-0600] {dagbag.py:525} INFO - Filling up the DagBag from /c/Airflow/dags/Introduction_to_Apache_Airflow/1.6.1_user_processing.py
[2023-02-18T18:29:05.459-0600] {task_command.py:384} INFO - Running <TaskInstance: 1.6.1_user_processing.insert_data scheduled__2023-02-18T00:00:00+00:00 [running]> on host Tinmar.
[2023-02-18T18:29:05.511-0600] {taskinstance.py:1590} INFO - Exporting the following env vars:
AIRFLOW_CTX_DAG_OWNER=Tinmar
AIRFLOW_CTX_DAG_ID=1.6.1_user_processing
AIRFLOW_CTX_TASK_ID=insert_data
AIRFLOW_CTX_EXECUTION_DATE=2023-02-18T00:00:00+00:00
AIRFLOW_CTX_TRY_NUMBER=1
AIRFLOW_CTX_DAG_RUN_ID=scheduled__2023-02-18T00:00:00+00:00
[2023-02-18T18:29:05.512-0600] {sql.py:254} INFO - Executing: 
                                        INSERT INTO users VALUES ('Tinmar', 'Andrade','México','tinmar','GuruSat.3','tinmar96@gmail.com')
                                    
[2023-02-18T18:29:05.525-0600] {base.py:71} INFO - Using connection ID 'postgres' for task execution.
[2023-02-18T18:29:05.805-0600] {base.py:71} INFO - Using connection ID 'postgres' for task execution.
[2023-02-18T18:29:05.813-0600] {sql.py:375} INFO - Running statement: 
                                        INSERT INTO users VALUES ('Tinmar', 'Andrade','México','tinmar','GuruSat.3','tinmar96@gmail.com')
                                    , parameters: None
[2023-02-18T18:29:05.814-0600] {sql.py:384} INFO - Rows affected: 1
[2023-02-18T18:29:05.829-0600] {taskinstance.py:1401} INFO - Marking task as SUCCESS. dag_id=1.6.1_user_processing, task_id=insert_data, execution_date=20230218T000000, start_date=20230219T002904, end_date=20230219T002905
[2023-02-18T18:29:05.867-0600] {local_task_job.py:164} INFO - Task exited with return code 0
[2023-02-18T18:29:05.901-0600] {local_task_job.py:273} INFO - 1 downstream tasks scheduled from follow-on schedule check
