[2023-02-18T02:59:37.059-0600] {taskinstance.py:1165} INFO - Dependencies all met for <TaskInstance: 1.6.1_user_processing.extract_data scheduled__2023-02-17T00:00:00+00:00 [queued]>
[2023-02-18T02:59:37.070-0600] {taskinstance.py:1165} INFO - Dependencies all met for <TaskInstance: 1.6.1_user_processing.extract_data scheduled__2023-02-17T00:00:00+00:00 [queued]>
[2023-02-18T02:59:37.070-0600] {taskinstance.py:1362} INFO - 
--------------------------------------------------------------------------------
[2023-02-18T02:59:37.071-0600] {taskinstance.py:1363} INFO - Starting attempt 1 of 1
[2023-02-18T02:59:37.072-0600] {taskinstance.py:1364} INFO - 
--------------------------------------------------------------------------------
[2023-02-18T02:59:37.081-0600] {taskinstance.py:1383} INFO - Executing <Task(SimpleHttpOperator): extract_data> on 2023-02-17 00:00:00+00:00
[2023-02-18T02:59:37.083-0600] {standard_task_runner.py:54} INFO - Started process 191952 to run task
[2023-02-18T02:59:37.086-0600] {standard_task_runner.py:82} INFO - Running: ['***', 'tasks', 'run', '1.6.1_user_processing', 'extract_data', 'scheduled__2023-02-17T00:00:00+00:00', '--job-id', '455', '--raw', '--subdir', 'DAGS_FOLDER/Introduction_to_Apache_Airflow/1.6.1_user_processing.py', '--cfg-path', '/tmp/tmpkyx3u5t0']
[2023-02-18T02:59:37.088-0600] {standard_task_runner.py:83} INFO - Job 455: Subtask extract_data
[2023-02-18T02:59:37.089-0600] {dagbag.py:525} INFO - Filling up the DagBag from /c/Airflow/dags/Introduction_to_Apache_Airflow/1.6.1_user_processing.py
[2023-02-18T02:59:37.405-0600] {task_command.py:384} INFO - Running <TaskInstance: 1.6.1_user_processing.extract_data scheduled__2023-02-17T00:00:00+00:00 [running]> on host Tinmar.
[2023-02-18T02:59:37.455-0600] {taskinstance.py:1590} INFO - Exporting the following env vars:
AIRFLOW_CTX_DAG_OWNER=Tinmar
AIRFLOW_CTX_DAG_ID=1.6.1_user_processing
AIRFLOW_CTX_TASK_ID=extract_data
AIRFLOW_CTX_EXECUTION_DATE=2023-02-17T00:00:00+00:00
AIRFLOW_CTX_TRY_NUMBER=1
AIRFLOW_CTX_DAG_RUN_ID=scheduled__2023-02-17T00:00:00+00:00
[2023-02-18T02:59:37.456-0600] {http.py:123} INFO - Calling HTTP method
[2023-02-18T02:59:37.468-0600] {base.py:71} INFO - Using connection ID 'user_api' for task execution.
[2023-02-18T02:59:38.034-0600] {http.py:127} INFO - {"results":[{"gender":"male","name":{"title":"Mr","first":"Lucas","last":"Poulsen"},"location":{"street":{"number":5057,"name":"Hobrovej"},"city":"Hurup Thy","state":"Sjælland","country":"Denmark","postcode":95414,"coordinates":{"latitude":"-45.1434","longitude":"-156.8121"},"timezone":{"offset":"-1:00","description":"Azores, Cape Verde Islands"}},"email":"lucas.poulsen@example.com","login":{"uuid":"7d6855bf-a518-4fee-a4f8-3179ae978479","username":"yellowleopard286","password":"damien","salt":"OwhG933O","md5":"397693ac1c0e7abfae66ad305eacd349","sha1":"8c19ea30f3ddd6e707d4b02606230264dda7c5ab","sha256":"fd943b15ba4ad31eb1ba224cf8c8d7f828524a0669c76edd9bbf3e0a03a5130f"},"dob":{"date":"1950-08-19T11:11:08.220Z","age":72},"registered":{"date":"2011-08-03T11:01:01.349Z","age":11},"phone":"69545346","cell":"22508004","id":{"name":"CPR","value":"190850-6118"},"picture":{"large":"https://randomuser.me/api/portraits/men/59.jpg","medium":"https://randomuser.me/api/portraits/med/men/59.jpg","thumbnail":"https://randomuser.me/api/portraits/thumb/men/59.jpg"},"nat":"DK"}],"info":{"seed":"4005411d625b0b65","results":1,"page":1,"version":"1.4"}}
[2023-02-18T02:59:38.056-0600] {taskinstance.py:1401} INFO - Marking task as SUCCESS. dag_id=1.6.1_user_processing, task_id=extract_data, execution_date=20230217T000000, start_date=20230218T085937, end_date=20230218T085938
[2023-02-18T02:59:38.101-0600] {local_task_job.py:164} INFO - Task exited with return code 0
[2023-02-18T02:59:38.124-0600] {local_task_job.py:273} INFO - 1 downstream tasks scheduled from follow-on schedule check
