[2023-02-13 17:28:53,587] {taskinstance.py:1159} INFO - Dependencies all met for <TaskInstance: dynamic.dags.decimo.dag.Brasil.imprimir_Brasil manual__2023-02-13T23:28:51.820428+00:00 [queued]>
[2023-02-13 17:28:53,595] {taskinstance.py:1159} INFO - Dependencies all met for <TaskInstance: dynamic.dags.decimo.dag.Brasil.imprimir_Brasil manual__2023-02-13T23:28:51.820428+00:00 [queued]>
[2023-02-13 17:28:53,595] {taskinstance.py:1356} INFO - 
--------------------------------------------------------------------------------
[2023-02-13 17:28:53,596] {taskinstance.py:1357} INFO - Starting attempt 1 of 1
[2023-02-13 17:28:53,596] {taskinstance.py:1358} INFO - 
--------------------------------------------------------------------------------
[2023-02-13 17:28:53,606] {taskinstance.py:1377} INFO - Executing <Task(BashOperator): imprimir_Brasil> on 2023-02-13 23:28:51.820428+00:00
[2023-02-13 17:28:53,609] {standard_task_runner.py:52} INFO - Started process 260830 to run task
[2023-02-13 17:28:53,611] {standard_task_runner.py:79} INFO - Running: ['***', 'tasks', 'run', 'dynamic.dags.decimo.dag.Brasil', 'imprimir_Brasil', 'manual__2023-02-13T23:28:51.820428+00:00', '--job-id', '163', '--raw', '--subdir', 'DAGS_FOLDER/Apache_Airflow/dynamic_dags_decimo_dag.py', '--cfg-path', '/tmp/tmp5fbi53sf', '--error-file', '/tmp/tmpzcvqoa0d']
[2023-02-13 17:28:53,613] {standard_task_runner.py:80} INFO - Job 163: Subtask imprimir_Brasil
[2023-02-13 17:28:53,664] {task_command.py:369} INFO - Running <TaskInstance: dynamic.dags.decimo.dag.Brasil.imprimir_Brasil manual__2023-02-13T23:28:51.820428+00:00 [running]> on host Tinmar.
[2023-02-13 17:28:53,726] {taskinstance.py:1569} INFO - Exporting the following env vars:
AIRFLOW_CTX_DAG_OWNER=Tinmar_Brasil
AIRFLOW_CTX_DAG_ID=dynamic.dags.decimo.dag.Brasil
AIRFLOW_CTX_TASK_ID=imprimir_Brasil
AIRFLOW_CTX_EXECUTION_DATE=2023-02-13T23:28:51.820428+00:00
AIRFLOW_CTX_TRY_NUMBER=1
AIRFLOW_CTX_DAG_RUN_ID=manual__2023-02-13T23:28:51.820428+00:00
[2023-02-13 17:28:53,728] {subprocess.py:62} INFO - Tmp dir root location: 
 /tmp
[2023-02-13 17:28:53,728] {subprocess.py:74} INFO - Running command: ['bash', '-c', 'echo Brasil']
[2023-02-13 17:28:53,734] {subprocess.py:85} INFO - Output:
[2023-02-13 17:28:53,736] {subprocess.py:92} INFO - Brasil
[2023-02-13 17:28:53,736] {subprocess.py:96} INFO - Command exited with return code 0
[2023-02-13 17:28:53,771] {taskinstance.py:1395} INFO - Marking task as SUCCESS. dag_id=dynamic.dags.decimo.dag.Brasil, task_id=imprimir_Brasil, execution_date=20230213T232851, start_date=20230213T232853, end_date=20230213T232853
[2023-02-13 17:28:53,784] {local_task_job.py:156} INFO - Task exited with return code 0
[2023-02-13 17:28:53,813] {local_task_job.py:273} INFO - 1 downstream tasks scheduled from follow-on schedule check
