[2023-02-13 12:23:24,322] {taskinstance.py:1159} INFO - Dependencies all met for <TaskInstance: jinja_macros_quinto_dag.jinja_3 manual__2023-02-13T18:23:18.602007+00:00 [queued]>
[2023-02-13 12:23:24,328] {taskinstance.py:1159} INFO - Dependencies all met for <TaskInstance: jinja_macros_quinto_dag.jinja_3 manual__2023-02-13T18:23:18.602007+00:00 [queued]>
[2023-02-13 12:23:24,329] {taskinstance.py:1356} INFO - 
--------------------------------------------------------------------------------
[2023-02-13 12:23:24,331] {taskinstance.py:1357} INFO - Starting attempt 1 of 1
[2023-02-13 12:23:24,332] {taskinstance.py:1358} INFO - 
--------------------------------------------------------------------------------
[2023-02-13 12:23:24,340] {taskinstance.py:1377} INFO - Executing <Task(BashOperator): jinja_3> on 2023-02-13 18:23:18.602007+00:00
[2023-02-13 12:23:24,344] {standard_task_runner.py:52} INFO - Started process 114931 to run task
[2023-02-13 12:23:24,346] {standard_task_runner.py:79} INFO - Running: ['***', 'tasks', 'run', 'jinja_macros_quinto_dag', 'jinja_3', 'manual__2023-02-13T18:23:18.602007+00:00', '--job-id', '126', '--raw', '--subdir', 'DAGS_FOLDER/Apache_Airflow/jinja_macros_quinto_dag.py', '--cfg-path', '/tmp/tmpzgog36jp', '--error-file', '/tmp/tmptk2mogdl']
[2023-02-13 12:23:24,347] {standard_task_runner.py:80} INFO - Job 126: Subtask jinja_3
[2023-02-13 12:23:24,388] {task_command.py:369} INFO - Running <TaskInstance: jinja_macros_quinto_dag.jinja_3 manual__2023-02-13T18:23:18.602007+00:00 [running]> on host Tinmar.
[2023-02-13 12:23:24,440] {taskinstance.py:1569} INFO - Exporting the following env vars:
AIRFLOW_CTX_DAG_OWNER=Tinmar
AIRFLOW_CTX_DAG_ID=jinja_macros_quinto_dag
AIRFLOW_CTX_TASK_ID=jinja_3
AIRFLOW_CTX_EXECUTION_DATE=2023-02-13T18:23:18.602007+00:00
AIRFLOW_CTX_TRY_NUMBER=1
AIRFLOW_CTX_DAG_RUN_ID=manual__2023-02-13T18:23:18.602007+00:00
[2023-02-13 12:23:24,441] {subprocess.py:62} INFO - Tmp dir root location: 
 /tmp
[2023-02-13 12:23:24,442] {subprocess.py:74} INFO - Running command: ['bash', '-c', 'echo valor_de_prueba']
[2023-02-13 12:23:24,447] {subprocess.py:85} INFO - Output:
[2023-02-13 12:23:24,447] {subprocess.py:92} INFO - valor_de_prueba
[2023-02-13 12:23:24,448] {subprocess.py:96} INFO - Command exited with return code 0
[2023-02-13 12:23:24,470] {taskinstance.py:1395} INFO - Marking task as SUCCESS. dag_id=jinja_macros_quinto_dag, task_id=jinja_3, execution_date=20230213T182318, start_date=20230213T182324, end_date=20230213T182324
[2023-02-13 12:23:24,486] {local_task_job.py:156} INFO - Task exited with return code 0
[2023-02-13 12:23:24,514] {local_task_job.py:273} INFO - 1 downstream tasks scheduled from follow-on schedule check
