[2023-02-20T09:18:19.205-0600] {taskinstance.py:1165} INFO - Dependencies all met for <TaskInstance: 1.6.2_user_processing.is_api_available scheduled__2023-02-19T00:00:00+00:00 [queued]>
[2023-02-20T09:18:19.242-0600] {taskinstance.py:1165} INFO - Dependencies all met for <TaskInstance: 1.6.2_user_processing.is_api_available scheduled__2023-02-19T00:00:00+00:00 [queued]>
[2023-02-20T09:18:19.253-0600] {taskinstance.py:1362} INFO - 
--------------------------------------------------------------------------------
[2023-02-20T09:18:19.284-0600] {taskinstance.py:1363} INFO - Starting attempt 1 of 1
[2023-02-20T09:18:19.291-0600] {taskinstance.py:1364} INFO - 
--------------------------------------------------------------------------------
[2023-02-20T09:18:19.375-0600] {taskinstance.py:1383} INFO - Executing <Task(HttpSensor): is_api_available> on 2023-02-19 00:00:00+00:00
[2023-02-20T09:18:19.419-0600] {standard_task_runner.py:54} INFO - Started process 197658 to run task
[2023-02-20T09:18:19.444-0600] {standard_task_runner.py:82} INFO - Running: ['***', 'tasks', 'run', '1.6.2_user_processing', 'is_api_available', 'scheduled__2023-02-19T00:00:00+00:00', '--job-id', '542', '--raw', '--subdir', 'DAGS_FOLDER/Introduction_to_Apache_Airflow/1.6.2_user_processing.py', '--cfg-path', '/tmp/tmpjhjy2624']
[2023-02-20T09:18:19.464-0600] {standard_task_runner.py:83} INFO - Job 542: Subtask is_api_available
[2023-02-20T09:18:19.479-0600] {dagbag.py:525} INFO - Filling up the DagBag from /c/Airflow/dags/Introduction_to_Apache_Airflow/1.6.2_user_processing.py
[2023-02-20T09:18:21.444-0600] {task_command.py:384} INFO - Running <TaskInstance: 1.6.2_user_processing.is_api_available scheduled__2023-02-19T00:00:00+00:00 [running]> on host Tinmar.
[2023-02-20T09:18:21.923-0600] {taskinstance.py:1590} INFO - Exporting the following env vars:
AIRFLOW_CTX_DAG_OWNER=Tinmar
AIRFLOW_CTX_DAG_ID=1.6.2_user_processing
AIRFLOW_CTX_TASK_ID=is_api_available
AIRFLOW_CTX_EXECUTION_DATE=2023-02-19T00:00:00+00:00
AIRFLOW_CTX_TRY_NUMBER=1
AIRFLOW_CTX_DAG_RUN_ID=scheduled__2023-02-19T00:00:00+00:00
[2023-02-20T09:18:21.925-0600] {http.py:122} INFO - Poking: api/
[2023-02-20T09:18:21.954-0600] {base.py:71} INFO - Using connection ID 'user_api' for task execution.
[2023-02-20T09:18:35.433-0600] {base.py:213} INFO - Success criteria met. Exiting.
[2023-02-20T09:18:35.448-0600] {taskinstance.py:1401} INFO - Marking task as SUCCESS. dag_id=1.6.2_user_processing, task_id=is_api_available, execution_date=20230219T000000, start_date=20230220T151819, end_date=20230220T151835
[2023-02-20T09:18:35.540-0600] {local_task_job.py:164} INFO - Task exited with return code 0
[2023-02-20T09:18:35.564-0600] {local_task_job.py:273} INFO - 0 downstream tasks scheduled from follow-on schedule check
