[2023-02-13 13:47:16,843] {taskinstance.py:1159} INFO - Dependencies all met for <TaskInstance: subdags_septimo_dag.subdag scheduled__2023-02-12T00:00:00+00:00 [queued]>
[2023-02-13 13:47:16,849] {taskinstance.py:1159} INFO - Dependencies all met for <TaskInstance: subdags_septimo_dag.subdag scheduled__2023-02-12T00:00:00+00:00 [queued]>
[2023-02-13 13:47:16,850] {taskinstance.py:1356} INFO - 
--------------------------------------------------------------------------------
[2023-02-13 13:47:16,851] {taskinstance.py:1357} INFO - Starting attempt 1 of 1
[2023-02-13 13:47:16,851] {taskinstance.py:1358} INFO - 
--------------------------------------------------------------------------------
[2023-02-13 13:47:16,860] {taskinstance.py:1377} INFO - Executing <Task(SubDagOperator): subdag> on 2023-02-12 00:00:00+00:00
[2023-02-13 13:47:16,863] {standard_task_runner.py:52} INFO - Started process 167691 to run task
[2023-02-13 13:47:16,865] {standard_task_runner.py:79} INFO - Running: ['***', 'tasks', 'run', 'subdags_septimo_dag', 'subdag', 'scheduled__2023-02-12T00:00:00+00:00', '--job-id', '130', '--raw', '--subdir', 'DAGS_FOLDER/Apache_Airflow/subdags_septimo_dag.py', '--cfg-path', '/tmp/tmpwxxgkg93', '--error-file', '/tmp/tmph5ppfhex']
[2023-02-13 13:47:16,867] {standard_task_runner.py:80} INFO - Job 130: Subtask subdag
[2023-02-13 13:47:16,911] {task_command.py:369} INFO - Running <TaskInstance: subdags_septimo_dag.subdag scheduled__2023-02-12T00:00:00+00:00 [running]> on host Tinmar.
[2023-02-13 13:47:16,965] {taskinstance.py:1569} INFO - Exporting the following env vars:
AIRFLOW_CTX_DAG_OWNER=Tinmar
AIRFLOW_CTX_DAG_ID=subdags_septimo_dag
AIRFLOW_CTX_TASK_ID=subdag
AIRFLOW_CTX_EXECUTION_DATE=2023-02-12T00:00:00+00:00
AIRFLOW_CTX_TRY_NUMBER=1
AIRFLOW_CTX_DAG_RUN_ID=scheduled__2023-02-12T00:00:00+00:00
[2023-02-13 13:47:16,969] {logging_mixin.py:115} WARNING - /home/tinmar/.local/lib/python3.10/site-packages/***/utils/context.py:202 AirflowContextDeprecationWarning: Accessing 'execution_date' from the template is deprecated and will be removed in a future version. Please use 'data_interval_start' or 'logical_date' instead.
[2023-02-13 13:47:16,994] {subdag.py:176} INFO - Created DagRun: scheduled__2023-02-12T00:00:00+00:00
[2023-02-13 13:48:17,064] {base.py:301} INFO - Success criteria met. Exiting.
[2023-02-13 13:48:17,071] {subdag.py:191} INFO - Execution finished. State is success
[2023-02-13 13:48:17,080] {taskinstance.py:1395} INFO - Marking task as SUCCESS. dag_id=subdags_septimo_dag, task_id=subdag, execution_date=20230212T000000, start_date=20230213T194716, end_date=20230213T194817
[2023-02-13 13:48:17,122] {local_task_job.py:156} INFO - Task exited with return code 0
[2023-02-13 13:48:17,147] {local_task_job.py:273} INFO - 1 downstream tasks scheduled from follow-on schedule check
