[2023-02-20T09:18:42.285-0600] {taskinstance.py:1165} INFO - Dependencies all met for <TaskInstance: 4.1_group_dag.transform_b scheduled__2023-02-19T00:00:00+00:00 [queued]>
[2023-02-20T09:18:42.298-0600] {taskinstance.py:1165} INFO - Dependencies all met for <TaskInstance: 4.1_group_dag.transform_b scheduled__2023-02-19T00:00:00+00:00 [queued]>
[2023-02-20T09:18:42.299-0600] {taskinstance.py:1362} INFO - 
--------------------------------------------------------------------------------
[2023-02-20T09:18:42.300-0600] {taskinstance.py:1363} INFO - Starting attempt 1 of 1
[2023-02-20T09:18:42.301-0600] {taskinstance.py:1364} INFO - 
--------------------------------------------------------------------------------
[2023-02-20T09:18:42.314-0600] {taskinstance.py:1383} INFO - Executing <Task(BashOperator): transform_b> on 2023-02-19 00:00:00+00:00
[2023-02-20T09:18:42.317-0600] {standard_task_runner.py:54} INFO - Started process 198851 to run task
[2023-02-20T09:18:42.320-0600] {standard_task_runner.py:82} INFO - Running: ['***', 'tasks', 'run', '4.1_group_dag', 'transform_b', 'scheduled__2023-02-19T00:00:00+00:00', '--job-id', '574', '--raw', '--subdir', 'DAGS_FOLDER/Introduction_to_Apache_Airflow/4.1_group_dag.py', '--cfg-path', '/tmp/tmpkvmay0x2']
[2023-02-20T09:18:42.323-0600] {standard_task_runner.py:83} INFO - Job 574: Subtask transform_b
[2023-02-20T09:18:42.324-0600] {dagbag.py:525} INFO - Filling up the DagBag from /c/Airflow/dags/Introduction_to_Apache_Airflow/4.1_group_dag.py
[2023-02-20T09:18:42.469-0600] {task_command.py:384} INFO - Running <TaskInstance: 4.1_group_dag.transform_b scheduled__2023-02-19T00:00:00+00:00 [running]> on host Tinmar.
[2023-02-20T09:18:42.546-0600] {taskinstance.py:1590} INFO - Exporting the following env vars:
AIRFLOW_CTX_DAG_OWNER=***
AIRFLOW_CTX_DAG_ID=4.1_group_dag
AIRFLOW_CTX_TASK_ID=transform_b
AIRFLOW_CTX_EXECUTION_DATE=2023-02-19T00:00:00+00:00
AIRFLOW_CTX_TRY_NUMBER=1
AIRFLOW_CTX_DAG_RUN_ID=scheduled__2023-02-19T00:00:00+00:00
[2023-02-20T09:18:42.547-0600] {subprocess.py:63} INFO - Tmp dir root location: 
 /tmp
[2023-02-20T09:18:42.548-0600] {subprocess.py:75} INFO - Running command: ['/usr/bin/bash', '-c', 'sleep 10']
[2023-02-20T09:18:42.556-0600] {subprocess.py:86} INFO - Output:
[2023-02-20T09:18:52.557-0600] {subprocess.py:97} INFO - Command exited with return code 0
[2023-02-20T09:18:52.612-0600] {taskinstance.py:1401} INFO - Marking task as SUCCESS. dag_id=4.1_group_dag, task_id=transform_b, execution_date=20230219T000000, start_date=20230220T151842, end_date=20230220T151852
[2023-02-20T09:18:52.665-0600] {local_task_job.py:164} INFO - Task exited with return code 0
[2023-02-20T09:18:52.696-0600] {local_task_job.py:273} INFO - 0 downstream tasks scheduled from follow-on schedule check
