[2023-02-17T08:38:08.072-0600] {taskinstance.py:1165} INFO - Dependencies all met for <TaskInstance: 5_task_group.downloads.download_a scheduled__2023-02-16T00:00:00+00:00 [queued]>
[2023-02-17T08:38:08.085-0600] {taskinstance.py:1165} INFO - Dependencies all met for <TaskInstance: 5_task_group.downloads.download_a scheduled__2023-02-16T00:00:00+00:00 [queued]>
[2023-02-17T08:38:08.086-0600] {taskinstance.py:1362} INFO - 
--------------------------------------------------------------------------------
[2023-02-17T08:38:08.087-0600] {taskinstance.py:1363} INFO - Starting attempt 1 of 1
[2023-02-17T08:38:08.088-0600] {taskinstance.py:1364} INFO - 
--------------------------------------------------------------------------------
[2023-02-17T08:38:08.101-0600] {taskinstance.py:1383} INFO - Executing <Task(BashOperator): downloads.download_a> on 2023-02-16 00:00:00+00:00
[2023-02-17T08:38:08.104-0600] {standard_task_runner.py:54} INFO - Started process 7802 to run task
[2023-02-17T08:38:08.107-0600] {standard_task_runner.py:82} INFO - Running: ['***', 'tasks', 'run', '5_task_group', 'downloads.download_a', 'scheduled__2023-02-16T00:00:00+00:00', '--job-id', '360', '--raw', '--subdir', 'DAGS_FOLDER/Introduction_to_Apache_Airflow/5_task_group.py', '--cfg-path', '/tmp/tmpv9b35u8n']
[2023-02-17T08:38:08.110-0600] {standard_task_runner.py:83} INFO - Job 360: Subtask downloads.download_a
[2023-02-17T08:38:08.112-0600] {dagbag.py:525} INFO - Filling up the DagBag from /c/Airflow/dags/Introduction_to_Apache_Airflow/5_task_group.py
[2023-02-17T08:38:08.305-0600] {task_command.py:384} INFO - Running <TaskInstance: 5_task_group.downloads.download_a scheduled__2023-02-16T00:00:00+00:00 [running]> on host Tinmar.
[2023-02-17T08:38:08.385-0600] {taskinstance.py:1590} INFO - Exporting the following env vars:
AIRFLOW_CTX_DAG_OWNER=***
AIRFLOW_CTX_DAG_ID=5_task_group
AIRFLOW_CTX_TASK_ID=downloads.download_a
AIRFLOW_CTX_EXECUTION_DATE=2023-02-16T00:00:00+00:00
AIRFLOW_CTX_TRY_NUMBER=1
AIRFLOW_CTX_DAG_RUN_ID=scheduled__2023-02-16T00:00:00+00:00
[2023-02-17T08:38:08.386-0600] {subprocess.py:63} INFO - Tmp dir root location: 
 /tmp
[2023-02-17T08:38:08.387-0600] {subprocess.py:75} INFO - Running command: ['/usr/bin/bash', '-c', 'sleep 10']
[2023-02-17T08:38:08.392-0600] {subprocess.py:86} INFO - Output:
[2023-02-17T08:38:18.394-0600] {subprocess.py:97} INFO - Command exited with return code 0
[2023-02-17T08:38:18.436-0600] {taskinstance.py:1401} INFO - Marking task as SUCCESS. dag_id=5_task_group, task_id=downloads.download_a, execution_date=20230216T000000, start_date=20230217T143808, end_date=20230217T143818
[2023-02-17T08:38:18.469-0600] {local_task_job.py:164} INFO - Task exited with return code 0
[2023-02-17T08:38:18.503-0600] {local_task_job.py:273} INFO - 1 downstream tasks scheduled from follow-on schedule check
