[2023-02-13 14:59:58,979] {taskinstance.py:1159} INFO - Dependencies all met for <TaskInstance: branch_octavo_dag.branch manual__2023-02-13T20:58:41.538479+00:00 [queued]>
[2023-02-13 14:59:58,984] {taskinstance.py:1159} INFO - Dependencies all met for <TaskInstance: branch_octavo_dag.branch manual__2023-02-13T20:58:41.538479+00:00 [queued]>
[2023-02-13 14:59:58,985] {taskinstance.py:1356} INFO - 
--------------------------------------------------------------------------------
[2023-02-13 14:59:58,985] {taskinstance.py:1357} INFO - Starting attempt 2 of 2
[2023-02-13 14:59:58,986] {taskinstance.py:1358} INFO - 
--------------------------------------------------------------------------------
[2023-02-13 14:59:58,993] {taskinstance.py:1377} INFO - Executing <Task(BranchPythonOperator): branch> on 2023-02-13 20:58:41.538479+00:00
[2023-02-13 14:59:58,995] {standard_task_runner.py:52} INFO - Started process 215909 to run task
[2023-02-13 14:59:58,997] {standard_task_runner.py:79} INFO - Running: ['***', 'tasks', 'run', 'branch_octavo_dag', 'branch', 'manual__2023-02-13T20:58:41.538479+00:00', '--job-id', '157', '--raw', '--subdir', 'DAGS_FOLDER/Apache_Airflow/branch_octavo_dag.py', '--cfg-path', '/tmp/tmpx9xla2qq', '--error-file', '/tmp/tmpx1hs459m']
[2023-02-13 14:59:58,998] {standard_task_runner.py:80} INFO - Job 157: Subtask branch
[2023-02-13 14:59:59,039] {task_command.py:369} INFO - Running <TaskInstance: branch_octavo_dag.branch manual__2023-02-13T20:58:41.538479+00:00 [running]> on host Tinmar.
[2023-02-13 14:59:59,094] {taskinstance.py:1569} INFO - Exporting the following env vars:
AIRFLOW_CTX_DAG_OWNER=Tinmar
AIRFLOW_CTX_DAG_ID=branch_octavo_dag
AIRFLOW_CTX_TASK_ID=branch
AIRFLOW_CTX_EXECUTION_DATE=2023-02-13T20:58:41.538479+00:00
AIRFLOW_CTX_TRY_NUMBER=2
AIRFLOW_CTX_DAG_RUN_ID=manual__2023-02-13T20:58:41.538479+00:00
[2023-02-13 14:59:59,105] {logging_mixin.py:115} INFO - [{"status":"success","min":0,"max":100,"random":87}]
[2023-02-13 14:59:59,106] {logging_mixin.py:115} INFO - [{'status': 'success', 'min': 0, 'max': 100, 'random': 87}]
[2023-02-13 14:59:59,118] {python.py:173} INFO - Done. Returned value was: mayor_que_50
[2023-02-13 14:59:59,120] {skipmixin.py:140} INFO - Following branch mayor_que_50
[2023-02-13 14:59:59,121] {skipmixin.py:175} INFO - Skipping tasks ['menor_que_50']
[2023-02-13 14:59:59,162] {taskinstance.py:1395} INFO - Marking task as SUCCESS. dag_id=branch_octavo_dag, task_id=branch, execution_date=20230213T205841, start_date=20230213T205958, end_date=20230213T205959
[2023-02-13 14:59:59,176] {local_task_job.py:156} INFO - Task exited with return code 0
[2023-02-13 14:59:59,207] {local_task_job.py:273} INFO - 1 downstream tasks scheduled from follow-on schedule check
