[2023-02-13 14:58:45,515] {taskinstance.py:1159} INFO - Dependencies all met for <TaskInstance: branch_octavo_dag.branch manual__2023-02-13T20:58:41.538479+00:00 [queued]>
[2023-02-13 14:58:45,522] {taskinstance.py:1159} INFO - Dependencies all met for <TaskInstance: branch_octavo_dag.branch manual__2023-02-13T20:58:41.538479+00:00 [queued]>
[2023-02-13 14:58:45,523] {taskinstance.py:1356} INFO - 
--------------------------------------------------------------------------------
[2023-02-13 14:58:45,524] {taskinstance.py:1357} INFO - Starting attempt 1 of 1
[2023-02-13 14:58:45,524] {taskinstance.py:1358} INFO - 
--------------------------------------------------------------------------------
[2023-02-13 14:58:45,533] {taskinstance.py:1377} INFO - Executing <Task(BranchPythonOperator): branch> on 2023-02-13 20:58:41.538479+00:00
[2023-02-13 14:58:45,536] {standard_task_runner.py:52} INFO - Started process 215146 to run task
[2023-02-13 14:58:45,538] {standard_task_runner.py:79} INFO - Running: ['***', 'tasks', 'run', 'branch_octavo_dag', 'branch', 'manual__2023-02-13T20:58:41.538479+00:00', '--job-id', '155', '--raw', '--subdir', 'DAGS_FOLDER/Apache_Airflow/branch_octavo_dag.py', '--cfg-path', '/tmp/tmpu1j1w7gy', '--error-file', '/tmp/tmp7bwod8uq']
[2023-02-13 14:58:45,539] {standard_task_runner.py:80} INFO - Job 155: Subtask branch
[2023-02-13 14:58:45,582] {task_command.py:369} INFO - Running <TaskInstance: branch_octavo_dag.branch manual__2023-02-13T20:58:41.538479+00:00 [running]> on host Tinmar.
[2023-02-13 14:58:45,627] {taskinstance.py:1569} INFO - Exporting the following env vars:
AIRFLOW_CTX_DAG_OWNER=Tinmar
AIRFLOW_CTX_DAG_ID=branch_octavo_dag
AIRFLOW_CTX_TASK_ID=branch
AIRFLOW_CTX_EXECUTION_DATE=2023-02-13T20:58:41.538479+00:00
AIRFLOW_CTX_TRY_NUMBER=1
AIRFLOW_CTX_DAG_RUN_ID=manual__2023-02-13T20:58:41.538479+00:00
[2023-02-13 14:58:45,637] {logging_mixin.py:115} INFO - [{"status":"success","min":0,"max":100,"random":97}]
[2023-02-13 14:58:45,638] {taskinstance.py:1889} ERROR - Task failed with exception
Traceback (most recent call last):
  File "/home/tinmar/.local/lib/python3.10/site-packages/airflow/operators/python.py", line 207, in execute
    branch = super().execute(context)
  File "/home/tinmar/.local/lib/python3.10/site-packages/airflow/operators/python.py", line 171, in execute
    return_value = self.execute_callable()
  File "/home/tinmar/.local/lib/python3.10/site-packages/airflow/operators/python.py", line 189, in execute_callable
    return self.python_callable(*self.op_args, **self.op_kwargs)
  File "/c/Airflow/dags/Apache_Airflow/branch_octavo_dag.py", line 22, in branching
    number = api_response[0]['random']
TypeError: string indices must be integers
[2023-02-13 14:58:45,656] {taskinstance.py:1395} INFO - Marking task as FAILED. dag_id=branch_octavo_dag, task_id=branch, execution_date=20230213T205841, start_date=20230213T205845, end_date=20230213T205845
[2023-02-13 14:58:45,663] {standard_task_runner.py:92} ERROR - Failed to execute job 155 for task branch (string indices must be integers; 215146)
[2023-02-13 14:58:45,677] {local_task_job.py:156} INFO - Task exited with return code 1
[2023-02-13 14:58:45,710] {local_task_job.py:273} INFO - 0 downstream tasks scheduled from follow-on schedule check
