[2023-02-17T13:34:27.695-0600] {taskinstance.py:1165} INFO - Dependencies all met for <TaskInstance: 8_docker_operator.t2 manual__2023-02-17T19:34:25.543388+00:00 [queued]>
[2023-02-17T13:34:27.709-0600] {taskinstance.py:1165} INFO - Dependencies all met for <TaskInstance: 8_docker_operator.t2 manual__2023-02-17T19:34:25.543388+00:00 [queued]>
[2023-02-17T13:34:27.710-0600] {taskinstance.py:1362} INFO - 
--------------------------------------------------------------------------------
[2023-02-17T13:34:27.710-0600] {taskinstance.py:1363} INFO - Starting attempt 1 of 1
[2023-02-17T13:34:27.711-0600] {taskinstance.py:1364} INFO - 
--------------------------------------------------------------------------------
[2023-02-17T13:34:27.719-0600] {taskinstance.py:1383} INFO - Executing <Task(DockerOperator): t2> on 2023-02-17 19:34:25.543388+00:00
[2023-02-17T13:34:27.722-0600] {standard_task_runner.py:54} INFO - Started process 162902 to run task
[2023-02-17T13:34:27.724-0600] {standard_task_runner.py:82} INFO - Running: ['***', 'tasks', 'run', '8_docker_operator', 't2', 'manual__2023-02-17T19:34:25.543388+00:00', '--job-id', '416', '--raw', '--subdir', 'DAGS_FOLDER/Introduction_to_Apache_Airflow/8_docker_operator.py', '--cfg-path', '/tmp/tmphw6bk9af']
[2023-02-17T13:34:27.726-0600] {standard_task_runner.py:83} INFO - Job 416: Subtask t2
[2023-02-17T13:34:27.727-0600] {dagbag.py:525} INFO - Filling up the DagBag from /c/Airflow/dags/Introduction_to_Apache_Airflow/8_docker_operator.py
[2023-02-17T13:34:27.789-0600] {logging_mixin.py:117} WARNING - /home/tinmar/.local/lib/python3.10/site-packages/***/models/dag.py:3393 RemovedInAirflow3Warning: Param `schedule_interval` is deprecated and will be removed in a future release. Please use `schedule` instead.
[2023-02-17T13:34:27.850-0600] {task_command.py:384} INFO - Running <TaskInstance: 8_docker_operator.t2 manual__2023-02-17T19:34:25.543388+00:00 [running]> on host Tinmar.
[2023-02-17T13:34:27.896-0600] {taskinstance.py:1590} INFO - Exporting the following env vars:
AIRFLOW_CTX_DAG_OWNER=***
AIRFLOW_CTX_DAG_ID=8_docker_operator
AIRFLOW_CTX_TASK_ID=t2
AIRFLOW_CTX_EXECUTION_DATE=2023-02-17T19:34:25.543388+00:00
AIRFLOW_CTX_TRY_NUMBER=1
AIRFLOW_CTX_DAG_RUN_ID=manual__2023-02-17T19:34:25.543388+00:00
[2023-02-17T13:34:27.970-0600] {docker.py:432} INFO - Pulling docker image python:3.10.6-slim-buster
[2023-02-17T13:34:29.733-0600] {docker.py:446} INFO - 3.10.6-slim-buster: Pulling from library/python
[2023-02-17T13:34:29.987-0600] {docker.py:446} INFO - 2238450926aa: Pulling fs layer
[2023-02-17T13:34:29.988-0600] {docker.py:446} INFO - 15d04b3d1b9d: Pulling fs layer
[2023-02-17T13:34:29.988-0600] {docker.py:446} INFO - 161aa2cc51cc: Pulling fs layer
[2023-02-17T13:34:29.989-0600] {docker.py:446} INFO - 5d6e2cd6b327: Pulling fs layer
[2023-02-17T13:34:29.989-0600] {docker.py:446} INFO - 2d4a43fe0164: Pulling fs layer
[2023-02-17T13:34:29.990-0600] {docker.py:446} INFO - 2d4a43fe0164: Waiting
[2023-02-17T13:34:29.991-0600] {docker.py:446} INFO - 5d6e2cd6b327: Waiting
[2023-02-17T13:34:30.473-0600] {docker.py:446} INFO - 15d04b3d1b9d: Downloading
[2023-02-17T13:34:30.568-0600] {docker.py:446} INFO - 2238450926aa: Downloading
[2023-02-17T13:34:30.599-0600] {docker.py:446} INFO - 161aa2cc51cc: Downloading
[2023-02-17T13:34:31.130-0600] {docker.py:446} INFO - 15d04b3d1b9d: Verifying Checksum
[2023-02-17T13:34:31.131-0600] {docker.py:446} INFO - 15d04b3d1b9d: Download complete
[2023-02-17T13:34:31.630-0600] {docker.py:446} INFO - 5d6e2cd6b327: Download complete
[2023-02-17T13:34:32.511-0600] {docker.py:446} INFO - 2238450926aa: Verifying Checksum
[2023-02-17T13:34:32.511-0600] {docker.py:446} INFO - 2238450926aa: Download complete
[2023-02-17T13:34:32.612-0600] {docker.py:446} INFO - 2238450926aa: Extracting
[2023-02-17T13:34:32.641-0600] {docker.py:446} INFO - 161aa2cc51cc: Verifying Checksum
[2023-02-17T13:34:32.642-0600] {docker.py:446} INFO - 161aa2cc51cc: Download complete
[2023-02-17T13:34:33.138-0600] {docker.py:446} INFO - 2238450926aa: Pull complete
[2023-02-17T13:34:33.142-0600] {docker.py:446} INFO - 15d04b3d1b9d: Extracting
[2023-02-17T13:34:33.243-0600] {docker.py:446} INFO - 15d04b3d1b9d: Pull complete
[2023-02-17T13:34:33.247-0600] {docker.py:446} INFO - 161aa2cc51cc: Extracting
[2023-02-17T13:34:33.341-0600] {docker.py:446} INFO - 2d4a43fe0164: Downloading
[2023-02-17T13:34:33.497-0600] {docker.py:446} INFO - 161aa2cc51cc: Pull complete
[2023-02-17T13:34:33.501-0600] {docker.py:446} INFO - 5d6e2cd6b327: Extracting
[2023-02-17T13:34:33.535-0600] {docker.py:446} INFO - 5d6e2cd6b327: Pull complete
[2023-02-17T13:34:33.721-0600] {docker.py:446} INFO - 2d4a43fe0164: Verifying Checksum
[2023-02-17T13:34:33.722-0600] {docker.py:446} INFO - 2d4a43fe0164: Download complete
[2023-02-17T13:34:33.724-0600] {docker.py:446} INFO - 2d4a43fe0164: Extracting
[2023-02-17T13:34:33.861-0600] {docker.py:446} INFO - 2d4a43fe0164: Pull complete
[2023-02-17T13:34:33.869-0600] {docker.py:441} INFO - Digest: sha256:f17c94905c9cd56dce9ef6ce63229045a75f395f7b5b68eb69ef617079c51848
[2023-02-17T13:34:33.872-0600] {docker.py:441} INFO - Status: Downloaded newer image for python:3.10.6-slim-buster
[2023-02-17T13:34:33.875-0600] {docker.py:306} INFO - Starting docker container from image python:3.10.6-slim-buster
[2023-02-17T13:34:34.601-0600] {docker.py:373} INFO - command running in the docker container
[2023-02-17T13:34:34.991-0600] {taskinstance.py:1401} INFO - Marking task as SUCCESS. dag_id=8_docker_operator, task_id=t2, execution_date=20230217T193425, start_date=20230217T193427, end_date=20230217T193434
[2023-02-17T13:34:35.037-0600] {local_task_job.py:164} INFO - Task exited with return code 0
[2023-02-17T13:34:35.050-0600] {local_task_job.py:273} INFO - 0 downstream tasks scheduled from follow-on schedule check
