[2023-02-21T08:48:47.960-0600] {taskinstance.py:1165} INFO - Dependencies all met for <TaskInstance: 5_task_group.transforms.transform_b scheduled__2023-02-20T00:00:00+00:00 [queued]>
[2023-02-21T08:48:47.977-0600] {taskinstance.py:1165} INFO - Dependencies all met for <TaskInstance: 5_task_group.transforms.transform_b scheduled__2023-02-20T00:00:00+00:00 [queued]>
[2023-02-21T08:48:47.978-0600] {taskinstance.py:1362} INFO - 
--------------------------------------------------------------------------------
[2023-02-21T08:48:47.979-0600] {taskinstance.py:1363} INFO - Starting attempt 1 of 1
[2023-02-21T08:48:47.979-0600] {taskinstance.py:1364} INFO - 
--------------------------------------------------------------------------------
[2023-02-21T08:48:47.994-0600] {taskinstance.py:1383} INFO - Executing <Task(BashOperator): transforms.transform_b> on 2023-02-20 00:00:00+00:00
[2023-02-21T08:48:47.998-0600] {standard_task_runner.py:54} INFO - Started process 428930 to run task
[2023-02-21T08:48:48.002-0600] {standard_task_runner.py:82} INFO - Running: ['***', 'tasks', 'run', '5_task_group', 'transforms.transform_b', 'scheduled__2023-02-20T00:00:00+00:00', '--job-id', '638', '--raw', '--subdir', 'DAGS_FOLDER/Introduction_to_Apache_Airflow/5_task_group.py', '--cfg-path', '/tmp/tmp6tj9v7ra']
[2023-02-21T08:48:48.005-0600] {standard_task_runner.py:83} INFO - Job 638: Subtask transforms.transform_b
[2023-02-21T08:48:48.008-0600] {dagbag.py:525} INFO - Filling up the DagBag from /c/Airflow/dags/Introduction_to_Apache_Airflow/5_task_group.py
[2023-02-21T08:48:48.250-0600] {task_command.py:384} INFO - Running <TaskInstance: 5_task_group.transforms.transform_b scheduled__2023-02-20T00:00:00+00:00 [running]> on host Tinmar.
[2023-02-21T08:48:48.330-0600] {taskinstance.py:1590} INFO - Exporting the following env vars:
AIRFLOW_CTX_DAG_OWNER=***
AIRFLOW_CTX_DAG_ID=5_task_group
AIRFLOW_CTX_TASK_ID=transforms.transform_b
AIRFLOW_CTX_EXECUTION_DATE=2023-02-20T00:00:00+00:00
AIRFLOW_CTX_TRY_NUMBER=1
AIRFLOW_CTX_DAG_RUN_ID=scheduled__2023-02-20T00:00:00+00:00
[2023-02-21T08:48:48.332-0600] {subprocess.py:63} INFO - Tmp dir root location: 
 /tmp
[2023-02-21T08:48:48.335-0600] {subprocess.py:75} INFO - Running command: ['/usr/bin/bash', '-c', 'sleep 10']
[2023-02-21T08:48:48.343-0600] {subprocess.py:86} INFO - Output:
[2023-02-21T08:48:58.344-0600] {subprocess.py:97} INFO - Command exited with return code 0
[2023-02-21T08:48:58.387-0600] {taskinstance.py:1401} INFO - Marking task as SUCCESS. dag_id=5_task_group, task_id=transforms.transform_b, execution_date=20230220T000000, start_date=20230221T144847, end_date=20230221T144858
[2023-02-21T08:48:58.447-0600] {local_task_job.py:164} INFO - Task exited with return code 0
[2023-02-21T08:48:58.483-0600] {local_task_job.py:273} INFO - 0 downstream tasks scheduled from follow-on schedule check
