[2023-02-13 11:38:17,507] {taskinstance.py:1159} INFO - Dependencies all met for <TaskInstance: xcoms_cuarto_dag.xcom_push manual__2023-02-13T17:38:16.491470+00:00 [queued]>
[2023-02-13 11:38:17,512] {taskinstance.py:1159} INFO - Dependencies all met for <TaskInstance: xcoms_cuarto_dag.xcom_push manual__2023-02-13T17:38:16.491470+00:00 [queued]>
[2023-02-13 11:38:17,513] {taskinstance.py:1356} INFO - 
--------------------------------------------------------------------------------
[2023-02-13 11:38:17,514] {taskinstance.py:1357} INFO - Starting attempt 1 of 1
[2023-02-13 11:38:17,514] {taskinstance.py:1358} INFO - 
--------------------------------------------------------------------------------
[2023-02-13 11:38:17,522] {taskinstance.py:1377} INFO - Executing <Task(PythonOperator): xcom_push> on 2023-02-13 17:38:16.491470+00:00
[2023-02-13 11:38:17,524] {standard_task_runner.py:52} INFO - Started process 86956 to run task
[2023-02-13 11:38:17,526] {standard_task_runner.py:79} INFO - Running: ['***', 'tasks', 'run', 'xcoms_cuarto_dag', 'xcom_push', 'manual__2023-02-13T17:38:16.491470+00:00', '--job-id', '112', '--raw', '--subdir', 'DAGS_FOLDER/Apache_Airflow/xcoms_cuarto_dag.py', '--cfg-path', '/tmp/tmpi3rlrq3k', '--error-file', '/tmp/tmp4ohsc1k1']
[2023-02-13 11:38:17,528] {standard_task_runner.py:80} INFO - Job 112: Subtask xcom_push
[2023-02-13 11:38:17,567] {task_command.py:369} INFO - Running <TaskInstance: xcoms_cuarto_dag.xcom_push manual__2023-02-13T17:38:16.491470+00:00 [running]> on host Tinmar.
[2023-02-13 11:38:17,613] {taskinstance.py:1569} INFO - Exporting the following env vars:
AIRFLOW_CTX_DAG_OWNER=Tinmar
AIRFLOW_CTX_DAG_ID=xcoms_cuarto_dag
AIRFLOW_CTX_TASK_ID=xcom_push
AIRFLOW_CTX_EXECUTION_DATE=2023-02-13T17:38:16.491470+00:00
AIRFLOW_CTX_TRY_NUMBER=1
AIRFLOW_CTX_DAG_RUN_ID=manual__2023-02-13T17:38:16.491470+00:00
[2023-02-13 11:38:17,614] {logging_mixin.py:115} INFO - Hola Tinmar
[2023-02-13 11:38:17,615] {logging_mixin.py:115} INFO - Hola Alejandra
[2023-02-13 11:38:17,615] {logging_mixin.py:115} INFO - Hola Kenya
[2023-02-13 11:38:17,616] {logging_mixin.py:115} INFO - Hola Atocha
[2023-02-13 11:38:17,616] {logging_mixin.py:115} INFO - Hola Francisco
[2023-02-13 11:38:17,617] {logging_mixin.py:115} INFO - Hola Paola
[2023-02-13 11:38:17,617] {logging_mixin.py:115} INFO - Hola Lucy
[2023-02-13 11:38:17,618] {logging_mixin.py:115} INFO - Hola Ajna
[2023-02-13 11:38:17,630] {python.py:173} INFO - Done. Returned value was: Este es un Xcom
[2023-02-13 11:38:17,648] {taskinstance.py:1395} INFO - Marking task as SUCCESS. dag_id=xcoms_cuarto_dag, task_id=xcom_push, execution_date=20230213T173816, start_date=20230213T173817, end_date=20230213T173817
[2023-02-13 11:38:17,666] {local_task_job.py:156} INFO - Task exited with return code 0
[2023-02-13 11:38:17,694] {local_task_job.py:273} INFO - 1 downstream tasks scheduled from follow-on schedule check
