[2023-02-13 12:20:01,029] {taskinstance.py:1159} INFO - Dependencies all met for <TaskInstance: jinja_macros_quinto_dag.xcom_push manual__2023-02-13T18:19:59.181817+00:00 [queued]>
[2023-02-13 12:20:01,036] {taskinstance.py:1159} INFO - Dependencies all met for <TaskInstance: jinja_macros_quinto_dag.xcom_push manual__2023-02-13T18:19:59.181817+00:00 [queued]>
[2023-02-13 12:20:01,037] {taskinstance.py:1356} INFO - 
--------------------------------------------------------------------------------
[2023-02-13 12:20:01,038] {taskinstance.py:1357} INFO - Starting attempt 1 of 1
[2023-02-13 12:20:01,038] {taskinstance.py:1358} INFO - 
--------------------------------------------------------------------------------
[2023-02-13 12:20:01,048] {taskinstance.py:1377} INFO - Executing <Task(PythonOperator): xcom_push> on 2023-02-13 18:19:59.181817+00:00
[2023-02-13 12:20:01,051] {standard_task_runner.py:52} INFO - Started process 112560 to run task
[2023-02-13 12:20:01,053] {standard_task_runner.py:79} INFO - Running: ['***', 'tasks', 'run', 'jinja_macros_quinto_dag', 'xcom_push', 'manual__2023-02-13T18:19:59.181817+00:00', '--job-id', '120', '--raw', '--subdir', 'DAGS_FOLDER/Apache_Airflow/jinja_macros_quinto_dag.py', '--cfg-path', '/tmp/tmp_17db8f2', '--error-file', '/tmp/tmpr_jejsu4']
[2023-02-13 12:20:01,055] {standard_task_runner.py:80} INFO - Job 120: Subtask xcom_push
[2023-02-13 12:20:01,107] {task_command.py:369} INFO - Running <TaskInstance: jinja_macros_quinto_dag.xcom_push manual__2023-02-13T18:19:59.181817+00:00 [running]> on host Tinmar.
[2023-02-13 12:20:01,168] {taskinstance.py:1569} INFO - Exporting the following env vars:
AIRFLOW_CTX_DAG_OWNER=Tinmar
AIRFLOW_CTX_DAG_ID=jinja_macros_quinto_dag
AIRFLOW_CTX_TASK_ID=xcom_push
AIRFLOW_CTX_EXECUTION_DATE=2023-02-13T18:19:59.181817+00:00
AIRFLOW_CTX_TRY_NUMBER=1
AIRFLOW_CTX_DAG_RUN_ID=manual__2023-02-13T18:19:59.181817+00:00
[2023-02-13 12:20:01,169] {logging_mixin.py:115} INFO - Hola Tinmar
[2023-02-13 12:20:01,169] {logging_mixin.py:115} INFO - Hola Alejandra
[2023-02-13 12:20:01,170] {logging_mixin.py:115} INFO - Hola Kenya
[2023-02-13 12:20:01,171] {logging_mixin.py:115} INFO - Hola Atocha
[2023-02-13 12:20:01,171] {logging_mixin.py:115} INFO - Hola Francisco
[2023-02-13 12:20:01,172] {logging_mixin.py:115} INFO - Hola Paola
[2023-02-13 12:20:01,172] {logging_mixin.py:115} INFO - Hola Lucy
[2023-02-13 12:20:01,173] {logging_mixin.py:115} INFO - Hola Ajna
[2023-02-13 12:20:01,187] {python.py:173} INFO - Done. Returned value was: Este es un Xcom
[2023-02-13 12:20:01,213] {taskinstance.py:1395} INFO - Marking task as SUCCESS. dag_id=jinja_macros_quinto_dag, task_id=xcom_push, execution_date=20230213T181959, start_date=20230213T182001, end_date=20230213T182001
[2023-02-13 12:20:01,237] {local_task_job.py:156} INFO - Task exited with return code 0
[2023-02-13 12:20:01,274] {local_task_job.py:273} INFO - 1 downstream tasks scheduled from follow-on schedule check
