[2023-02-21T08:48:34.498-0600] {taskinstance.py:1165} INFO - Dependencies all met for <TaskInstance: 1.5_user_processing.select_data scheduled__2023-02-20T00:00:00+00:00 [queued]>
[2023-02-21T08:48:34.522-0600] {taskinstance.py:1165} INFO - Dependencies all met for <TaskInstance: 1.5_user_processing.select_data scheduled__2023-02-20T00:00:00+00:00 [queued]>
[2023-02-21T08:48:34.527-0600] {taskinstance.py:1362} INFO - 
--------------------------------------------------------------------------------
[2023-02-21T08:48:34.534-0600] {taskinstance.py:1363} INFO - Starting attempt 1 of 1
[2023-02-21T08:48:34.538-0600] {taskinstance.py:1364} INFO - 
--------------------------------------------------------------------------------
[2023-02-21T08:48:34.603-0600] {taskinstance.py:1383} INFO - Executing <Task(PostgresOperator): select_data> on 2023-02-20 00:00:00+00:00
[2023-02-21T08:48:34.611-0600] {standard_task_runner.py:54} INFO - Started process 428379 to run task
[2023-02-21T08:48:34.615-0600] {standard_task_runner.py:82} INFO - Running: ['***', 'tasks', 'run', '1.5_user_processing', 'select_data', 'scheduled__2023-02-20T00:00:00+00:00', '--job-id', '617', '--raw', '--subdir', 'DAGS_FOLDER/Introduction_to_Apache_Airflow/1.5_user_processing.py', '--cfg-path', '/tmp/tmp1g8ials7']
[2023-02-21T08:48:34.623-0600] {standard_task_runner.py:83} INFO - Job 617: Subtask select_data
[2023-02-21T08:48:34.626-0600] {dagbag.py:525} INFO - Filling up the DagBag from /c/Airflow/dags/Introduction_to_Apache_Airflow/1.5_user_processing.py
[2023-02-21T08:48:35.813-0600] {task_command.py:384} INFO - Running <TaskInstance: 1.5_user_processing.select_data scheduled__2023-02-20T00:00:00+00:00 [running]> on host Tinmar.
[2023-02-21T08:48:35.930-0600] {taskinstance.py:1590} INFO - Exporting the following env vars:
AIRFLOW_CTX_DAG_OWNER=Tinmar
AIRFLOW_CTX_DAG_ID=1.5_user_processing
AIRFLOW_CTX_TASK_ID=select_data
AIRFLOW_CTX_EXECUTION_DATE=2023-02-20T00:00:00+00:00
AIRFLOW_CTX_TRY_NUMBER=1
AIRFLOW_CTX_DAG_RUN_ID=scheduled__2023-02-20T00:00:00+00:00
[2023-02-21T08:48:35.934-0600] {sql.py:254} INFO - Executing: 
                                        SELECT * FROM users
                                    
[2023-02-21T08:48:35.964-0600] {base.py:71} INFO - Using connection ID 'postgres' for task execution.
[2023-02-21T08:48:36.421-0600] {base.py:71} INFO - Using connection ID 'postgres' for task execution.
[2023-02-21T08:48:36.432-0600] {sql.py:375} INFO - Running statement: 
                                        SELECT * FROM users
                                    , parameters: None
[2023-02-21T08:48:36.438-0600] {sql.py:384} INFO - Rows affected: 25
[2023-02-21T08:48:36.478-0600] {taskinstance.py:1401} INFO - Marking task as SUCCESS. dag_id=1.5_user_processing, task_id=select_data, execution_date=20230220T000000, start_date=20230221T144834, end_date=20230221T144836
[2023-02-21T08:48:36.525-0600] {local_task_job.py:164} INFO - Task exited with return code 0
[2023-02-21T08:48:36.586-0600] {local_task_job.py:273} INFO - 1 downstream tasks scheduled from follow-on schedule check
