[2023-01-31 17:13:49,202] {taskinstance.py:1159} INFO - Dependencies all met for <TaskInstance: 2.3_azure_storage_bigquery.transferir_azure_2020 scheduled__2023-01-31T00:00:00+00:00 [queued]>
[2023-01-31 17:13:49,212] {taskinstance.py:1159} INFO - Dependencies all met for <TaskInstance: 2.3_azure_storage_bigquery.transferir_azure_2020 scheduled__2023-01-31T00:00:00+00:00 [queued]>
[2023-01-31 17:13:49,212] {taskinstance.py:1356} INFO - 
--------------------------------------------------------------------------------
[2023-01-31 17:13:49,214] {taskinstance.py:1357} INFO - Starting attempt 1 of 1
[2023-01-31 17:13:49,215] {taskinstance.py:1358} INFO - 
--------------------------------------------------------------------------------
[2023-01-31 17:13:49,237] {taskinstance.py:1377} INFO - Executing <Task(AzureBlobStorageToGCSOperator): transferir_azure_2020> on 2023-01-31 00:00:00+00:00
[2023-01-31 17:13:49,239] {standard_task_runner.py:52} INFO - Started process 13456 to run task
[2023-01-31 17:13:49,241] {standard_task_runner.py:79} INFO - Running: ['airflow', 'tasks', 'run', '2.3_azure_storage_bigquery', 'transferir_azure_2020', 'scheduled__2023-01-31T00:00:00+00:00', '--job-id', '82', '--raw', '--subdir', 'DAGS_FOLDER/Airflow2.0-De-0-a-Heroe/2.3_azure_storage_bigquery.py', '--cfg-path', '/tmp/tmpujlhycfa', '--error-file', '/tmp/tmpu6kzymbn']
[2023-01-31 17:13:49,242] {standard_task_runner.py:80} INFO - Job 82: Subtask transferir_azure_2020
[2023-01-31 17:13:49,315] {task_command.py:369} INFO - Running <TaskInstance: 2.3_azure_storage_bigquery.transferir_azure_2020 scheduled__2023-01-31T00:00:00+00:00 [running]> on host Tinmar.
[2023-01-31 17:13:49,400] {taskinstance.py:1569} INFO - Exporting the following env vars:
AIRFLOW_CTX_DAG_OWNER=Rodrigo N
AIRFLOW_CTX_DAG_ID=2.3_azure_storage_bigquery
AIRFLOW_CTX_TASK_ID=transferir_azure_2020
AIRFLOW_CTX_EXECUTION_DATE=2023-01-31T00:00:00+00:00
AIRFLOW_CTX_TRY_NUMBER=1
AIRFLOW_CTX_DAG_RUN_ID=scheduled__2023-01-31T00:00:00+00:00
[2023-01-31 17:13:49,410] {base.py:68} INFO - Using connection ID 'wasb_default' for task execution.
[2023-01-31 17:13:49,420] {base.py:68} INFO - Using connection ID 'google_cloud_default' for task execution.
[2023-01-31 17:13:49,421] {azure_blob_to_gcs.py:108} INFO - Downloading data from blob: retail_2020.csv
[2023-01-31 17:13:49,937] {azure_blob_to_gcs.py:114} INFO - Uploading data from blob's: retail_2020_azure.csv into GCP bucket: azure_airflow23
[2023-01-31 17:13:50,150] {taskinstance.py:1889} ERROR - Task failed with exception
Traceback (most recent call last):
  File "/home/tinmar/.local/lib/python3.10/site-packages/airflow/providers/microsoft/azure/transfers/azure_blob_to_gcs.py", line 117, in execute
    gcs_hook.upload(
  File "/home/tinmar/.local/lib/python3.10/site-packages/airflow/providers/google/cloud/hooks/gcs.py", line 517, in upload
    _call_with_retry(
  File "/home/tinmar/.local/lib/python3.10/site-packages/airflow/providers/google/cloud/hooks/gcs.py", line 475, in _call_with_retry
    f()
  File "/home/tinmar/.local/lib/python3.10/site-packages/google/cloud/storage/blob.py", line 2683, in upload_from_filename
    self.upload_from_file(
  File "/home/tinmar/.local/lib/python3.10/site-packages/google/cloud/storage/blob.py", line 2539, in upload_from_file
    created_json = self._do_upload(
  File "/home/tinmar/.local/lib/python3.10/site-packages/google/cloud/storage/blob.py", line 2354, in _do_upload
    response = self._do_multipart_upload(
  File "/home/tinmar/.local/lib/python3.10/site-packages/google/cloud/storage/blob.py", line 1889, in _do_multipart_upload
    response = upload.transmit(
  File "/home/tinmar/.local/lib/python3.10/site-packages/google/resumable_media/requests/upload.py", line 153, in transmit
    return _request_helpers.wait_and_retry(
  File "/home/tinmar/.local/lib/python3.10/site-packages/google/resumable_media/requests/_request_helpers.py", line 148, in wait_and_retry
    response = func()
  File "/home/tinmar/.local/lib/python3.10/site-packages/google/resumable_media/requests/upload.py", line 145, in retriable_request
    result = transport.request(
  File "/home/tinmar/.local/lib/python3.10/site-packages/google/auth/transport/requests.py", line 545, in request
    self.credentials.before_request(auth_request, method, url, request_headers)
  File "/home/tinmar/.local/lib/python3.10/site-packages/google/auth/credentials.py", line 135, in before_request
    self.refresh(request)
  File "/home/tinmar/.local/lib/python3.10/site-packages/google/oauth2/service_account.py", line 429, in refresh
    access_token, expiry, _ = _client.jwt_grant(
  File "/home/tinmar/.local/lib/python3.10/site-packages/google/oauth2/_client.py", line 294, in jwt_grant
    response_data = _token_endpoint_request(
  File "/home/tinmar/.local/lib/python3.10/site-packages/google/oauth2/_client.py", line 265, in _token_endpoint_request
    _handle_error_response(response_data, retryable_error)
  File "/home/tinmar/.local/lib/python3.10/site-packages/google/oauth2/_client.py", line 69, in _handle_error_response
    raise exceptions.RefreshError(
google.auth.exceptions.RefreshError: ('invalid_grant: Invalid JWT: Token must be a short-lived token (60 minutes) and in a reasonable timeframe. Check your iat and exp values in the JWT claim.', {'error': 'invalid_grant', 'error_description': 'Invalid JWT: Token must be a short-lived token (60 minutes) and in a reasonable timeframe. Check your iat and exp values in the JWT claim.'})
[2023-01-31 17:13:50,167] {taskinstance.py:1395} INFO - Marking task as FAILED. dag_id=2.3_azure_storage_bigquery, task_id=transferir_azure_2020, execution_date=20230131T000000, start_date=20230201T001349, end_date=20230201T001350
[2023-01-31 17:13:50,188] {standard_task_runner.py:92} ERROR - Failed to execute job 82 for task transferir_azure_2020 (('invalid_grant: Invalid JWT: Token must be a short-lived token (60 minutes) and in a reasonable timeframe. Check your iat and exp values in the JWT claim.', {'error': 'invalid_grant', 'error_description': 'Invalid JWT: Token must be a short-lived token (60 minutes) and in a reasonable timeframe. Check your iat and exp values in the JWT claim.'}); 13456)
[2023-01-31 17:13:50,222] {local_task_job.py:156} INFO - Task exited with return code 1
[2023-01-31 17:13:50,280] {local_task_job.py:273} INFO - 0 downstream tasks scheduled from follow-on schedule check
