[2023-02-09 14:12:35,404] {taskinstance.py:1159} INFO - Dependencies all met for <TaskInstance: mi_primer_dag.bash_op manual__2023-02-09T20:12:34.631370+00:00 [queued]>
[2023-02-09 14:12:35,409] {taskinstance.py:1159} INFO - Dependencies all met for <TaskInstance: mi_primer_dag.bash_op manual__2023-02-09T20:12:34.631370+00:00 [queued]>
[2023-02-09 14:12:35,410] {taskinstance.py:1356} INFO - 
--------------------------------------------------------------------------------
[2023-02-09 14:12:35,410] {taskinstance.py:1357} INFO - Starting attempt 1 of 1
[2023-02-09 14:12:35,411] {taskinstance.py:1358} INFO - 
--------------------------------------------------------------------------------
[2023-02-09 14:12:35,418] {taskinstance.py:1377} INFO - Executing <Task(BashOperator): bash_op> on 2023-02-09 20:12:34.631370+00:00
[2023-02-09 14:12:35,422] {standard_task_runner.py:52} INFO - Started process 120847 to run task
[2023-02-09 14:12:35,424] {standard_task_runner.py:79} INFO - Running: ['***', 'tasks', 'run', 'mi_primer_dag', 'bash_op', 'manual__2023-02-09T20:12:34.631370+00:00', '--job-id', '51', '--raw', '--subdir', 'DAGS_FOLDER/Apache_Airflow/primer_dag.py', '--cfg-path', '/tmp/tmp5pal62x3', '--error-file', '/tmp/tmp9_c7k5dr']
[2023-02-09 14:12:35,425] {standard_task_runner.py:80} INFO - Job 51: Subtask bash_op
[2023-02-09 14:12:35,471] {task_command.py:369} INFO - Running <TaskInstance: mi_primer_dag.bash_op manual__2023-02-09T20:12:34.631370+00:00 [running]> on host Tinmar.
[2023-02-09 14:12:35,519] {taskinstance.py:1569} INFO - Exporting the following env vars:
AIRFLOW_CTX_DAG_OWNER=Tinmar
AIRFLOW_CTX_DAG_ID=mi_primer_dag
AIRFLOW_CTX_TASK_ID=bash_op
AIRFLOW_CTX_EXECUTION_DATE=2023-02-09T20:12:34.631370+00:00
AIRFLOW_CTX_TRY_NUMBER=1
AIRFLOW_CTX_DAG_RUN_ID=manual__2023-02-09T20:12:34.631370+00:00
[2023-02-09 14:12:35,520] {subprocess.py:62} INFO - Tmp dir root location: 
 /tmp
[2023-02-09 14:12:35,521] {subprocess.py:74} INFO - Running command: ['bash', '-c', 'echo Prueba Bash']
[2023-02-09 14:12:35,527] {subprocess.py:85} INFO - Output:
[2023-02-09 14:12:35,530] {subprocess.py:92} INFO - Prueba Bash
[2023-02-09 14:12:35,531] {subprocess.py:96} INFO - Command exited with return code 0
[2023-02-09 14:12:35,553] {taskinstance.py:1395} INFO - Marking task as SUCCESS. dag_id=mi_primer_dag, task_id=bash_op, execution_date=20230209T201234, start_date=20230209T201235, end_date=20230209T201235
[2023-02-09 14:12:35,596] {local_task_job.py:156} INFO - Task exited with return code 0
[2023-02-09 14:12:35,618] {local_task_job.py:273} INFO - 0 downstream tasks scheduled from follow-on schedule check
