[2023-02-16 11:27:09,299] {taskinstance.py:1159} INFO - Dependencies all met for <TaskInstance: 1.5_user_processing.select_data manual__2023-02-16T17:27:05.053608+00:00 [queued]>
[2023-02-16 11:27:09,305] {taskinstance.py:1159} INFO - Dependencies all met for <TaskInstance: 1.5_user_processing.select_data manual__2023-02-16T17:27:05.053608+00:00 [queued]>
[2023-02-16 11:27:09,305] {taskinstance.py:1356} INFO - 
--------------------------------------------------------------------------------
[2023-02-16 11:27:09,308] {taskinstance.py:1357} INFO - Starting attempt 1 of 1
[2023-02-16 11:27:09,309] {taskinstance.py:1358} INFO - 
--------------------------------------------------------------------------------
[2023-02-16 11:27:09,317] {taskinstance.py:1377} INFO - Executing <Task(PostgresOperator): select_data> on 2023-02-16 17:27:05.053608+00:00
[2023-02-16 11:27:09,320] {standard_task_runner.py:52} INFO - Started process 62175 to run task
[2023-02-16 11:27:09,322] {standard_task_runner.py:79} INFO - Running: ['***', 'tasks', 'run', '1.5_user_processing', 'select_data', 'manual__2023-02-16T17:27:05.053608+00:00', '--job-id', '240', '--raw', '--subdir', 'DAGS_FOLDER/Introduction_to_Apache_Airflow/1.5_user_processing.py', '--cfg-path', '/tmp/tmpftzy4qm8', '--error-file', '/tmp/tmp6agu_qvo']
[2023-02-16 11:27:09,323] {standard_task_runner.py:80} INFO - Job 240: Subtask select_data
[2023-02-16 11:27:09,369] {task_command.py:369} INFO - Running <TaskInstance: 1.5_user_processing.select_data manual__2023-02-16T17:27:05.053608+00:00 [running]> on host Tinmar.
[2023-02-16 11:27:09,414] {taskinstance.py:1569} INFO - Exporting the following env vars:
AIRFLOW_CTX_DAG_OWNER=Tinmar
AIRFLOW_CTX_DAG_ID=1.5_user_processing
AIRFLOW_CTX_TASK_ID=select_data
AIRFLOW_CTX_EXECUTION_DATE=2023-02-16T17:27:05.053608+00:00
AIRFLOW_CTX_TRY_NUMBER=1
AIRFLOW_CTX_DAG_RUN_ID=manual__2023-02-16T17:27:05.053608+00:00
[2023-02-16 11:27:09,415] {sql.py:254} INFO - Executing: 
                                        SELECT * FROM users
                                    
[2023-02-16 11:27:09,426] {base.py:68} INFO - Using connection ID 'postgres' for task execution.
[2023-02-16 11:27:09,455] {base.py:68} INFO - Using connection ID 'postgres' for task execution.
[2023-02-16 11:27:09,461] {sql.py:375} INFO - Running statement: 
                                        SELECT * FROM users
                                    , parameters: None
[2023-02-16 11:27:09,462] {sql.py:384} INFO - Rows affected: 3
[2023-02-16 11:27:09,484] {taskinstance.py:1395} INFO - Marking task as SUCCESS. dag_id=1.5_user_processing, task_id=select_data, execution_date=20230216T172705, start_date=20230216T172709, end_date=20230216T172709
[2023-02-16 11:27:09,499] {local_task_job.py:156} INFO - Task exited with return code 0
[2023-02-16 11:27:09,528] {local_task_job.py:273} INFO - 1 downstream tasks scheduled from follow-on schedule check
