[2023-02-16 12:10:07,620] {taskinstance.py:1159} INFO - Dependencies all met for <TaskInstance: 1.6_user_processing.select_data manual__2023-02-16T18:10:03.981498+00:00 [queued]>
[2023-02-16 12:10:07,626] {taskinstance.py:1159} INFO - Dependencies all met for <TaskInstance: 1.6_user_processing.select_data manual__2023-02-16T18:10:03.981498+00:00 [queued]>
[2023-02-16 12:10:07,626] {taskinstance.py:1356} INFO - 
--------------------------------------------------------------------------------
[2023-02-16 12:10:07,629] {taskinstance.py:1357} INFO - Starting attempt 1 of 1
[2023-02-16 12:10:07,629] {taskinstance.py:1358} INFO - 
--------------------------------------------------------------------------------
[2023-02-16 12:10:07,636] {taskinstance.py:1377} INFO - Executing <Task(PostgresOperator): select_data> on 2023-02-16 18:10:03.981498+00:00
[2023-02-16 12:10:07,640] {standard_task_runner.py:52} INFO - Started process 79350 to run task
[2023-02-16 12:10:07,641] {standard_task_runner.py:79} INFO - Running: ['***', 'tasks', 'run', '1.6_user_processing', 'select_data', 'manual__2023-02-16T18:10:03.981498+00:00', '--job-id', '274', '--raw', '--subdir', 'DAGS_FOLDER/Introduction_to_Apache_Airflow/1.6_user_processing.py', '--cfg-path', '/tmp/tmp9kuzmvve', '--error-file', '/tmp/tmpj3pxylnv']
[2023-02-16 12:10:07,643] {standard_task_runner.py:80} INFO - Job 274: Subtask select_data
[2023-02-16 12:10:07,687] {task_command.py:369} INFO - Running <TaskInstance: 1.6_user_processing.select_data manual__2023-02-16T18:10:03.981498+00:00 [running]> on host Tinmar.
[2023-02-16 12:10:07,734] {taskinstance.py:1569} INFO - Exporting the following env vars:
AIRFLOW_CTX_DAG_OWNER=Tinmar
AIRFLOW_CTX_DAG_ID=1.6_user_processing
AIRFLOW_CTX_TASK_ID=select_data
AIRFLOW_CTX_EXECUTION_DATE=2023-02-16T18:10:03.981498+00:00
AIRFLOW_CTX_TRY_NUMBER=1
AIRFLOW_CTX_DAG_RUN_ID=manual__2023-02-16T18:10:03.981498+00:00
[2023-02-16 12:10:07,736] {sql.py:254} INFO - Executing: 
                                        SELECT * FROM users
                                    
[2023-02-16 12:10:07,746] {base.py:68} INFO - Using connection ID 'postgres' for task execution.
[2023-02-16 12:10:07,773] {base.py:68} INFO - Using connection ID 'postgres' for task execution.
[2023-02-16 12:10:07,780] {sql.py:375} INFO - Running statement: 
                                        SELECT * FROM users
                                    , parameters: None
[2023-02-16 12:10:07,781] {sql.py:384} INFO - Rows affected: 9
[2023-02-16 12:10:07,805] {taskinstance.py:1395} INFO - Marking task as SUCCESS. dag_id=1.6_user_processing, task_id=select_data, execution_date=20230216T181003, start_date=20230216T181007, end_date=20230216T181007
[2023-02-16 12:10:07,826] {local_task_job.py:156} INFO - Task exited with return code 0
[2023-02-16 12:10:07,854] {local_task_job.py:273} INFO - 1 downstream tasks scheduled from follow-on schedule check
