[2023-02-20T09:18:29.219-0600] {taskinstance.py:1165} INFO - Dependencies all met for <TaskInstance: 1.5_user_processing.select_data scheduled__2023-02-19T00:00:00+00:00 [queued]>
[2023-02-20T09:18:29.233-0600] {taskinstance.py:1165} INFO - Dependencies all met for <TaskInstance: 1.5_user_processing.select_data scheduled__2023-02-19T00:00:00+00:00 [queued]>
[2023-02-20T09:18:29.234-0600] {taskinstance.py:1362} INFO - 
--------------------------------------------------------------------------------
[2023-02-20T09:18:29.236-0600] {taskinstance.py:1363} INFO - Starting attempt 1 of 1
[2023-02-20T09:18:29.237-0600] {taskinstance.py:1364} INFO - 
--------------------------------------------------------------------------------
[2023-02-20T09:18:29.252-0600] {taskinstance.py:1383} INFO - Executing <Task(PostgresOperator): select_data> on 2023-02-19 00:00:00+00:00
[2023-02-20T09:18:29.256-0600] {standard_task_runner.py:54} INFO - Started process 198316 to run task
[2023-02-20T09:18:29.261-0600] {standard_task_runner.py:82} INFO - Running: ['***', 'tasks', 'run', '1.5_user_processing', 'select_data', 'scheduled__2023-02-19T00:00:00+00:00', '--job-id', '561', '--raw', '--subdir', 'DAGS_FOLDER/Introduction_to_Apache_Airflow/1.5_user_processing.py', '--cfg-path', '/tmp/tmp79to3ube']
[2023-02-20T09:18:29.265-0600] {standard_task_runner.py:83} INFO - Job 561: Subtask select_data
[2023-02-20T09:18:29.267-0600] {dagbag.py:525} INFO - Filling up the DagBag from /c/Airflow/dags/Introduction_to_Apache_Airflow/1.5_user_processing.py
[2023-02-20T09:18:29.828-0600] {task_command.py:384} INFO - Running <TaskInstance: 1.5_user_processing.select_data scheduled__2023-02-19T00:00:00+00:00 [running]> on host Tinmar.
[2023-02-20T09:18:29.937-0600] {taskinstance.py:1590} INFO - Exporting the following env vars:
AIRFLOW_CTX_DAG_OWNER=Tinmar
AIRFLOW_CTX_DAG_ID=1.5_user_processing
AIRFLOW_CTX_TASK_ID=select_data
AIRFLOW_CTX_EXECUTION_DATE=2023-02-19T00:00:00+00:00
AIRFLOW_CTX_TRY_NUMBER=1
AIRFLOW_CTX_DAG_RUN_ID=scheduled__2023-02-19T00:00:00+00:00
[2023-02-20T09:18:29.943-0600] {sql.py:254} INFO - Executing: 
                                        SELECT * FROM users
                                    
[2023-02-20T09:18:29.971-0600] {base.py:71} INFO - Using connection ID 'postgres' for task execution.
[2023-02-20T09:18:30.315-0600] {base.py:71} INFO - Using connection ID 'postgres' for task execution.
[2023-02-20T09:18:30.324-0600] {sql.py:375} INFO - Running statement: 
                                        SELECT * FROM users
                                    , parameters: None
[2023-02-20T09:18:30.326-0600] {sql.py:384} INFO - Rows affected: 19
[2023-02-20T09:18:30.356-0600] {taskinstance.py:1401} INFO - Marking task as SUCCESS. dag_id=1.5_user_processing, task_id=select_data, execution_date=20230219T000000, start_date=20230220T151829, end_date=20230220T151830
[2023-02-20T09:18:30.396-0600] {local_task_job.py:164} INFO - Task exited with return code 0
[2023-02-20T09:18:30.432-0600] {local_task_job.py:273} INFO - 1 downstream tasks scheduled from follow-on schedule check
