[2023-02-13 14:48:04,855] {taskinstance.py:1159} INFO - Dependencies all met for <TaskInstance: branch_octavo_dag.branch manual__2023-02-13T20:48:00.872762+00:00 [queued]>
[2023-02-13 14:48:04,860] {taskinstance.py:1159} INFO - Dependencies all met for <TaskInstance: branch_octavo_dag.branch manual__2023-02-13T20:48:00.872762+00:00 [queued]>
[2023-02-13 14:48:04,861] {taskinstance.py:1356} INFO - 
--------------------------------------------------------------------------------
[2023-02-13 14:48:04,861] {taskinstance.py:1357} INFO - Starting attempt 1 of 1
[2023-02-13 14:48:04,862] {taskinstance.py:1358} INFO - 
--------------------------------------------------------------------------------
[2023-02-13 14:48:04,869] {taskinstance.py:1377} INFO - Executing <Task(BranchPythonOperator): branch> on 2023-02-13 20:48:00.872762+00:00
[2023-02-13 14:48:04,871] {standard_task_runner.py:52} INFO - Started process 207982 to run task
[2023-02-13 14:48:04,873] {standard_task_runner.py:79} INFO - Running: ['***', 'tasks', 'run', 'branch_octavo_dag', 'branch', 'manual__2023-02-13T20:48:00.872762+00:00', '--job-id', '152', '--raw', '--subdir', 'DAGS_FOLDER/Apache_Airflow/branch_octavo_dag.py', '--cfg-path', '/tmp/tmp15pe3vjr', '--error-file', '/tmp/tmpjlzyfe7f']
[2023-02-13 14:48:04,874] {standard_task_runner.py:80} INFO - Job 152: Subtask branch
[2023-02-13 14:48:04,916] {task_command.py:369} INFO - Running <TaskInstance: branch_octavo_dag.branch manual__2023-02-13T20:48:00.872762+00:00 [running]> on host Tinmar.
[2023-02-13 14:48:04,966] {taskinstance.py:1569} INFO - Exporting the following env vars:
AIRFLOW_CTX_DAG_OWNER=Tinmar
AIRFLOW_CTX_DAG_ID=branch_octavo_dag
AIRFLOW_CTX_TASK_ID=branch
AIRFLOW_CTX_EXECUTION_DATE=2023-02-13T20:48:00.872762+00:00
AIRFLOW_CTX_TRY_NUMBER=1
AIRFLOW_CTX_DAG_RUN_ID=manual__2023-02-13T20:48:00.872762+00:00
[2023-02-13 14:48:04,978] {logging_mixin.py:115} INFO - [{"status":"success","min":0,"max":100,"random":17}]
[2023-02-13 14:48:04,978] {logging_mixin.py:115} INFO - [{'status': 'success', 'min': 0, 'max': 100, 'random': 17}]
[2023-02-13 14:48:04,992] {python.py:173} INFO - Done. Returned value was: menor_que_50
[2023-02-13 14:48:04,992] {skipmixin.py:140} INFO - Following branch menor_que_50
[2023-02-13 14:48:04,993] {skipmixin.py:175} INFO - Skipping tasks ['mayor_que_50']
[2023-02-13 14:48:05,032] {taskinstance.py:1395} INFO - Marking task as SUCCESS. dag_id=branch_octavo_dag, task_id=branch, execution_date=20230213T204800, start_date=20230213T204804, end_date=20230213T204805
[2023-02-13 14:48:05,051] {local_task_job.py:156} INFO - Task exited with return code 0
[2023-02-13 14:48:05,081] {local_task_job.py:273} INFO - 1 downstream tasks scheduled from follow-on schedule check
