[2023-02-17T09:14:19.776-0600] {taskinstance.py:1165} INFO - Dependencies all met for <TaskInstance: 7_branch_dag.branch scheduled__2023-02-16T00:00:00+00:00 [queued]>
[2023-02-17T09:14:19.788-0600] {taskinstance.py:1165} INFO - Dependencies all met for <TaskInstance: 7_branch_dag.branch scheduled__2023-02-16T00:00:00+00:00 [queued]>
[2023-02-17T09:14:19.789-0600] {taskinstance.py:1362} INFO - 
--------------------------------------------------------------------------------
[2023-02-17T09:14:19.790-0600] {taskinstance.py:1363} INFO - Starting attempt 1 of 1
[2023-02-17T09:14:19.791-0600] {taskinstance.py:1364} INFO - 
--------------------------------------------------------------------------------
[2023-02-17T09:14:19.800-0600] {taskinstance.py:1383} INFO - Executing <Task(BranchPythonOperator): branch> on 2023-02-16 00:00:00+00:00
[2023-02-17T09:14:19.804-0600] {standard_task_runner.py:54} INFO - Started process 27942 to run task
[2023-02-17T09:14:19.807-0600] {standard_task_runner.py:82} INFO - Running: ['***', 'tasks', 'run', '7_branch_dag', 'branch', 'scheduled__2023-02-16T00:00:00+00:00', '--job-id', '386', '--raw', '--subdir', 'DAGS_FOLDER/Introduction_to_Apache_Airflow/7_branch_dag.py', '--cfg-path', '/tmp/tmps5ajo5ug']
[2023-02-17T09:14:19.809-0600] {standard_task_runner.py:83} INFO - Job 386: Subtask branch
[2023-02-17T09:14:19.811-0600] {dagbag.py:525} INFO - Filling up the DagBag from /c/Airflow/dags/Introduction_to_Apache_Airflow/7_branch_dag.py
[2023-02-17T09:14:19.936-0600] {task_command.py:384} INFO - Running <TaskInstance: 7_branch_dag.branch scheduled__2023-02-16T00:00:00+00:00 [running]> on host Tinmar.
[2023-02-17T09:14:19.988-0600] {taskinstance.py:1590} INFO - Exporting the following env vars:
AIRFLOW_CTX_DAG_OWNER=***
AIRFLOW_CTX_DAG_ID=7_branch_dag
AIRFLOW_CTX_TASK_ID=branch
AIRFLOW_CTX_EXECUTION_DATE=2023-02-16T00:00:00+00:00
AIRFLOW_CTX_TRY_NUMBER=1
AIRFLOW_CTX_DAG_RUN_ID=scheduled__2023-02-16T00:00:00+00:00
[2023-02-17T09:14:19.990-0600] {taskinstance.py:1851} ERROR - Task failed with exception
Traceback (most recent call last):
  File "/home/tinmar/.local/lib/python3.10/site-packages/airflow/operators/python.py", line 211, in execute
    branch = super().execute(context)
  File "/home/tinmar/.local/lib/python3.10/site-packages/airflow/operators/python.py", line 175, in execute
    return_value = self.execute_callable()
  File "/home/tinmar/.local/lib/python3.10/site-packages/airflow/operators/python.py", line 193, in execute_callable
    return self.python_callable(*self.op_args, **self.op_kwargs)
  File "/c/Airflow/dags/Introduction_to_Apache_Airflow/7_branch_dag.py", line 16, in _branch
    if ti.cxom_pull(key='my_key',task_ids='t1') == 42:
AttributeError: 'TaskInstance' object has no attribute 'cxom_pull'
[2023-02-17T09:14:20.006-0600] {taskinstance.py:1401} INFO - Marking task as FAILED. dag_id=7_branch_dag, task_id=branch, execution_date=20230216T000000, start_date=20230217T151419, end_date=20230217T151420
[2023-02-17T09:14:20.015-0600] {standard_task_runner.py:102} ERROR - Failed to execute job 386 for task branch ('TaskInstance' object has no attribute 'cxom_pull'; 27942)
[2023-02-17T09:14:20.061-0600] {local_task_job.py:164} INFO - Task exited with return code 1
[2023-02-17T09:14:20.097-0600] {local_task_job.py:273} INFO - 0 downstream tasks scheduled from follow-on schedule check
