[2023-02-17T08:30:15.087-0600] {taskinstance.py:1165} INFO - Dependencies all met for <TaskInstance: 1.6_user_processing.create_table scheduled__2023-02-16T00:00:00+00:00 [queued]>
[2023-02-17T08:30:15.105-0600] {taskinstance.py:1165} INFO - Dependencies all met for <TaskInstance: 1.6_user_processing.create_table scheduled__2023-02-16T00:00:00+00:00 [queued]>
[2023-02-17T08:30:15.106-0600] {taskinstance.py:1362} INFO - 
--------------------------------------------------------------------------------
[2023-02-17T08:30:15.107-0600] {taskinstance.py:1363} INFO - Starting attempt 1 of 1
[2023-02-17T08:30:15.108-0600] {taskinstance.py:1364} INFO - 
--------------------------------------------------------------------------------
[2023-02-17T08:30:15.123-0600] {taskinstance.py:1383} INFO - Executing <Task(PostgresOperator): create_table> on 2023-02-16 00:00:00+00:00
[2023-02-17T08:30:15.127-0600] {standard_task_runner.py:54} INFO - Started process 2013 to run task
[2023-02-17T08:30:15.131-0600] {standard_task_runner.py:82} INFO - Running: ['***', 'tasks', 'run', '1.6_user_processing', 'create_table', 'scheduled__2023-02-16T00:00:00+00:00', '--job-id', '329', '--raw', '--subdir', 'DAGS_FOLDER/Introduction_to_Apache_Airflow/1.6_user_processing.py', '--cfg-path', '/tmp/tmpw1_nnqer']
[2023-02-17T08:30:15.135-0600] {standard_task_runner.py:83} INFO - Job 329: Subtask create_table
[2023-02-17T08:30:15.136-0600] {dagbag.py:525} INFO - Filling up the DagBag from /c/Airflow/dags/Introduction_to_Apache_Airflow/1.6_user_processing.py
[2023-02-17T08:30:15.584-0600] {task_command.py:384} INFO - Running <TaskInstance: 1.6_user_processing.create_table scheduled__2023-02-16T00:00:00+00:00 [running]> on host Tinmar.
[2023-02-17T08:30:15.644-0600] {taskinstance.py:1590} INFO - Exporting the following env vars:
AIRFLOW_CTX_DAG_OWNER=Tinmar
AIRFLOW_CTX_DAG_ID=1.6_user_processing
AIRFLOW_CTX_TASK_ID=create_table
AIRFLOW_CTX_EXECUTION_DATE=2023-02-16T00:00:00+00:00
AIRFLOW_CTX_TRY_NUMBER=1
AIRFLOW_CTX_DAG_RUN_ID=scheduled__2023-02-16T00:00:00+00:00
[2023-02-17T08:30:15.646-0600] {sql.py:254} INFO - Executing: 
                                        CREATE TABLE IF NOT EXISTS users (
                                            firstname TEXT NOT NULL,
                                            lastname TEXT NOT NULL,
                                            country TEXT NOT NULL,
                                            username TEXT NOT NULL,
                                            password TEXT NOT NULL,
                                            email TEXT NOT NULL
                                        );
                                    
[2023-02-17T08:30:15.659-0600] {base.py:71} INFO - Using connection ID 'postgres' for task execution.
[2023-02-17T08:30:15.905-0600] {base.py:71} INFO - Using connection ID 'postgres' for task execution.
[2023-02-17T08:30:15.917-0600] {sql.py:375} INFO - Running statement: 
                                        CREATE TABLE IF NOT EXISTS users (
                                            firstname TEXT NOT NULL,
                                            lastname TEXT NOT NULL,
                                            country TEXT NOT NULL,
                                            username TEXT NOT NULL,
                                            password TEXT NOT NULL,
                                            email TEXT NOT NULL
                                        );
                                    , parameters: None
[2023-02-17T08:30:15.932-0600] {taskinstance.py:1401} INFO - Marking task as SUCCESS. dag_id=1.6_user_processing, task_id=create_table, execution_date=20230216T000000, start_date=20230217T143015, end_date=20230217T143015
[2023-02-17T08:30:15.987-0600] {local_task_job.py:164} INFO - Task exited with return code 0
[2023-02-17T08:30:16.022-0600] {local_task_job.py:273} INFO - 1 downstream tasks scheduled from follow-on schedule check
