[2023-02-16T14:01:46.868-0600] {taskinstance.py:1165} INFO - Dependencies all met for <TaskInstance: consumer.read_dataset dataset_triggered__2023-02-16T20:01:46.155027+00:00 [queued]>
[2023-02-16T14:01:46.880-0600] {taskinstance.py:1165} INFO - Dependencies all met for <TaskInstance: consumer.read_dataset dataset_triggered__2023-02-16T20:01:46.155027+00:00 [queued]>
[2023-02-16T14:01:46.880-0600] {taskinstance.py:1362} INFO - 
--------------------------------------------------------------------------------
[2023-02-16T14:01:46.883-0600] {taskinstance.py:1363} INFO - Starting attempt 1 of 1
[2023-02-16T14:01:46.883-0600] {taskinstance.py:1364} INFO - 
--------------------------------------------------------------------------------
[2023-02-16T14:01:46.894-0600] {taskinstance.py:1383} INFO - Executing <Task(_PythonDecoratedOperator): read_dataset> on 2023-02-16 20:01:46.155027+00:00
[2023-02-16T14:01:46.898-0600] {standard_task_runner.py:54} INFO - Started process 125999 to run task
[2023-02-16T14:01:46.900-0600] {standard_task_runner.py:82} INFO - Running: ['***', 'tasks', 'run', 'consumer', 'read_dataset', 'dataset_triggered__2023-02-16T20:01:46.155027+00:00', '--job-id', '291', '--raw', '--subdir', 'DAGS_FOLDER/Introduction_to_Apache_Airflow/consumer.py', '--cfg-path', '/tmp/tmpeye8ir7v']
[2023-02-16T14:01:46.903-0600] {standard_task_runner.py:83} INFO - Job 291: Subtask read_dataset
[2023-02-16T14:01:46.904-0600] {dagbag.py:525} INFO - Filling up the DagBag from /c/Airflow/dags/Introduction_to_Apache_Airflow/consumer.py
[2023-02-16T14:01:47.037-0600] {task_command.py:384} INFO - Running <TaskInstance: consumer.read_dataset dataset_triggered__2023-02-16T20:01:46.155027+00:00 [running]> on host Tinmar.
[2023-02-16T14:01:47.108-0600] {taskinstance.py:1590} INFO - Exporting the following env vars:
AIRFLOW_CTX_DAG_OWNER=***
AIRFLOW_CTX_DAG_ID=consumer
AIRFLOW_CTX_TASK_ID=read_dataset
AIRFLOW_CTX_EXECUTION_DATE=2023-02-16T20:01:46.155027+00:00
AIRFLOW_CTX_TRY_NUMBER=1
AIRFLOW_CTX_DAG_RUN_ID=dataset_triggered__2023-02-16T20:01:46.155027+00:00
[2023-02-16T14:01:47.110-0600] {logging_mixin.py:117} INFO - producer update
[2023-02-16T14:01:47.111-0600] {python.py:177} INFO - Done. Returned value was: None
[2023-02-16T14:01:47.125-0600] {taskinstance.py:1401} INFO - Marking task as SUCCESS. dag_id=consumer, task_id=read_dataset, execution_date=20230216T200146, start_date=20230216T200146, end_date=20230216T200147
[2023-02-16T14:01:47.169-0600] {local_task_job.py:164} INFO - Task exited with return code 0
[2023-02-16T14:01:47.191-0600] {local_task_job.py:273} INFO - 0 downstream tasks scheduled from follow-on schedule check
