[2023-02-18T02:59:40.722-0600] {taskinstance.py:1165} INFO - Dependencies all met for <TaskInstance: 3_parallel_dag.load_b scheduled__2023-02-17T00:00:00+00:00 [queued]>
[2023-02-18T02:59:40.732-0600] {taskinstance.py:1165} INFO - Dependencies all met for <TaskInstance: 3_parallel_dag.load_b scheduled__2023-02-17T00:00:00+00:00 [queued]>
[2023-02-18T02:59:40.732-0600] {taskinstance.py:1362} INFO - 
--------------------------------------------------------------------------------
[2023-02-18T02:59:40.733-0600] {taskinstance.py:1363} INFO - Starting attempt 1 of 1
[2023-02-18T02:59:40.734-0600] {taskinstance.py:1364} INFO - 
--------------------------------------------------------------------------------
[2023-02-18T02:59:40.745-0600] {taskinstance.py:1383} INFO - Executing <Task(BashOperator): load_b> on 2023-02-17 00:00:00+00:00
[2023-02-18T02:59:40.748-0600] {standard_task_runner.py:54} INFO - Started process 192268 to run task
[2023-02-18T02:59:40.751-0600] {standard_task_runner.py:82} INFO - Running: ['***', 'tasks', 'run', '3_parallel_dag', 'load_b', 'scheduled__2023-02-17T00:00:00+00:00', '--job-id', '461', '--raw', '--subdir', 'DAGS_FOLDER/Introduction_to_Apache_Airflow/3_parallel_dag.py', '--cfg-path', '/tmp/tmpv_ufkaap']
[2023-02-18T02:59:40.753-0600] {standard_task_runner.py:83} INFO - Job 461: Subtask load_b
[2023-02-18T02:59:40.754-0600] {dagbag.py:525} INFO - Filling up the DagBag from /c/Airflow/dags/Introduction_to_Apache_Airflow/3_parallel_dag.py
[2023-02-18T02:59:40.861-0600] {task_command.py:384} INFO - Running <TaskInstance: 3_parallel_dag.load_b scheduled__2023-02-17T00:00:00+00:00 [running]> on host Tinmar.
[2023-02-18T02:59:40.927-0600] {taskinstance.py:1590} INFO - Exporting the following env vars:
AIRFLOW_CTX_DAG_OWNER=***
AIRFLOW_CTX_DAG_ID=3_parallel_dag
AIRFLOW_CTX_TASK_ID=load_b
AIRFLOW_CTX_EXECUTION_DATE=2023-02-17T00:00:00+00:00
AIRFLOW_CTX_TRY_NUMBER=1
AIRFLOW_CTX_DAG_RUN_ID=scheduled__2023-02-17T00:00:00+00:00
[2023-02-18T02:59:40.928-0600] {subprocess.py:63} INFO - Tmp dir root location: 
 /tmp
[2023-02-18T02:59:40.929-0600] {subprocess.py:75} INFO - Running command: ['/usr/bin/bash', '-c', 'sleep 10']
[2023-02-18T02:59:40.934-0600] {subprocess.py:86} INFO - Output:
[2023-02-18T02:59:50.935-0600] {subprocess.py:97} INFO - Command exited with return code 0
[2023-02-18T02:59:50.964-0600] {taskinstance.py:1401} INFO - Marking task as SUCCESS. dag_id=3_parallel_dag, task_id=load_b, execution_date=20230217T000000, start_date=20230218T085940, end_date=20230218T085950
[2023-02-18T02:59:50.997-0600] {local_task_job.py:164} INFO - Task exited with return code 0
[2023-02-18T02:59:51.011-0600] {local_task_job.py:273} INFO - 0 downstream tasks scheduled from follow-on schedule check
