[2023-01-30 13:55:18,857] {processor.py:153} INFO - Started process (PID=3552) to work on /c/Airflow/dags/pyspark_subdag.py
[2023-01-30 13:55:18,857] {processor.py:641} INFO - Processing file /c/Airflow/dags/pyspark_subdag.py for tasks to queue
[2023-01-30 13:55:18,858] {logging_mixin.py:115} INFO - [2023-01-30 13:55:18,858] {dagbag.py:507} INFO - Filling up the DagBag from /c/Airflow/dags/pyspark_subdag.py
[2023-01-30 13:55:19,079] {processor.py:653} WARNING - No viable dags retrieved from /c/Airflow/dags/pyspark_subdag.py
[2023-01-30 13:55:19,098] {processor.py:161} INFO - Processing /c/Airflow/dags/pyspark_subdag.py took 0.243 seconds
[2023-01-30 13:56:31,772] {processor.py:153} INFO - Started process (PID=3623) to work on /c/Airflow/dags/pyspark_subdag.py
[2023-01-30 13:56:31,772] {processor.py:641} INFO - Processing file /c/Airflow/dags/pyspark_subdag.py for tasks to queue
[2023-01-30 13:56:31,773] {logging_mixin.py:115} INFO - [2023-01-30 13:56:31,773] {dagbag.py:507} INFO - Filling up the DagBag from /c/Airflow/dags/pyspark_subdag.py
[2023-01-30 13:56:31,956] {processor.py:653} WARNING - No viable dags retrieved from /c/Airflow/dags/pyspark_subdag.py
[2023-01-30 13:56:31,972] {processor.py:161} INFO - Processing /c/Airflow/dags/pyspark_subdag.py took 0.202 seconds
[2023-01-30 13:57:41,839] {processor.py:153} INFO - Started process (PID=3694) to work on /c/Airflow/dags/pyspark_subdag.py
[2023-01-30 13:57:41,840] {processor.py:641} INFO - Processing file /c/Airflow/dags/pyspark_subdag.py for tasks to queue
[2023-01-30 13:57:41,840] {logging_mixin.py:115} INFO - [2023-01-30 13:57:41,840] {dagbag.py:507} INFO - Filling up the DagBag from /c/Airflow/dags/pyspark_subdag.py
[2023-01-30 13:57:42,048] {processor.py:653} WARNING - No viable dags retrieved from /c/Airflow/dags/pyspark_subdag.py
[2023-01-30 13:57:42,069] {processor.py:161} INFO - Processing /c/Airflow/dags/pyspark_subdag.py took 0.232 seconds
[2023-01-30 13:58:56,309] {processor.py:153} INFO - Started process (PID=3767) to work on /c/Airflow/dags/pyspark_subdag.py
[2023-01-30 13:58:56,310] {processor.py:641} INFO - Processing file /c/Airflow/dags/pyspark_subdag.py for tasks to queue
[2023-01-30 13:58:56,311] {logging_mixin.py:115} INFO - [2023-01-30 13:58:56,311] {dagbag.py:507} INFO - Filling up the DagBag from /c/Airflow/dags/pyspark_subdag.py
[2023-01-30 13:58:56,517] {processor.py:653} WARNING - No viable dags retrieved from /c/Airflow/dags/pyspark_subdag.py
[2023-01-30 13:58:56,582] {processor.py:161} INFO - Processing /c/Airflow/dags/pyspark_subdag.py took 0.274 seconds
[2023-01-30 14:00:18,353] {processor.py:153} INFO - Started process (PID=3843) to work on /c/Airflow/dags/pyspark_subdag.py
[2023-01-30 14:00:18,354] {processor.py:641} INFO - Processing file /c/Airflow/dags/pyspark_subdag.py for tasks to queue
[2023-01-30 14:00:18,354] {logging_mixin.py:115} INFO - [2023-01-30 14:00:18,354] {dagbag.py:507} INFO - Filling up the DagBag from /c/Airflow/dags/pyspark_subdag.py
[2023-01-30 14:00:18,562] {processor.py:653} WARNING - No viable dags retrieved from /c/Airflow/dags/pyspark_subdag.py
[2023-01-30 14:00:18,577] {processor.py:161} INFO - Processing /c/Airflow/dags/pyspark_subdag.py took 0.225 seconds
[2023-01-30 14:01:37,145] {processor.py:153} INFO - Started process (PID=3922) to work on /c/Airflow/dags/pyspark_subdag.py
[2023-01-30 14:01:37,145] {processor.py:641} INFO - Processing file /c/Airflow/dags/pyspark_subdag.py for tasks to queue
[2023-01-30 14:01:37,146] {logging_mixin.py:115} INFO - [2023-01-30 14:01:37,146] {dagbag.py:507} INFO - Filling up the DagBag from /c/Airflow/dags/pyspark_subdag.py
[2023-01-30 14:01:37,329] {processor.py:653} WARNING - No viable dags retrieved from /c/Airflow/dags/pyspark_subdag.py
[2023-01-30 14:01:37,345] {processor.py:161} INFO - Processing /c/Airflow/dags/pyspark_subdag.py took 0.202 seconds
[2023-01-30 14:02:48,914] {processor.py:153} INFO - Started process (PID=3994) to work on /c/Airflow/dags/pyspark_subdag.py
[2023-01-30 14:02:48,914] {processor.py:641} INFO - Processing file /c/Airflow/dags/pyspark_subdag.py for tasks to queue
[2023-01-30 14:02:48,915] {logging_mixin.py:115} INFO - [2023-01-30 14:02:48,915] {dagbag.py:507} INFO - Filling up the DagBag from /c/Airflow/dags/pyspark_subdag.py
[2023-01-30 14:02:49,119] {processor.py:653} WARNING - No viable dags retrieved from /c/Airflow/dags/pyspark_subdag.py
[2023-01-30 14:02:49,136] {processor.py:161} INFO - Processing /c/Airflow/dags/pyspark_subdag.py took 0.224 seconds
[2023-01-30 14:04:03,201] {processor.py:153} INFO - Started process (PID=4069) to work on /c/Airflow/dags/pyspark_subdag.py
[2023-01-30 14:04:03,202] {processor.py:641} INFO - Processing file /c/Airflow/dags/pyspark_subdag.py for tasks to queue
[2023-01-30 14:04:03,202] {logging_mixin.py:115} INFO - [2023-01-30 14:04:03,202] {dagbag.py:507} INFO - Filling up the DagBag from /c/Airflow/dags/pyspark_subdag.py
[2023-01-30 14:04:03,382] {processor.py:653} WARNING - No viable dags retrieved from /c/Airflow/dags/pyspark_subdag.py
[2023-01-30 14:04:03,399] {processor.py:161} INFO - Processing /c/Airflow/dags/pyspark_subdag.py took 0.199 seconds
[2023-01-30 14:05:13,674] {processor.py:153} INFO - Started process (PID=4141) to work on /c/Airflow/dags/pyspark_subdag.py
[2023-01-30 14:05:13,675] {processor.py:641} INFO - Processing file /c/Airflow/dags/pyspark_subdag.py for tasks to queue
[2023-01-30 14:05:13,676] {logging_mixin.py:115} INFO - [2023-01-30 14:05:13,676] {dagbag.py:507} INFO - Filling up the DagBag from /c/Airflow/dags/pyspark_subdag.py
[2023-01-30 14:05:13,885] {processor.py:653} WARNING - No viable dags retrieved from /c/Airflow/dags/pyspark_subdag.py
[2023-01-30 14:05:13,909] {processor.py:161} INFO - Processing /c/Airflow/dags/pyspark_subdag.py took 0.236 seconds
[2023-01-30 14:06:26,764] {processor.py:153} INFO - Started process (PID=4216) to work on /c/Airflow/dags/pyspark_subdag.py
[2023-01-30 14:06:26,765] {processor.py:641} INFO - Processing file /c/Airflow/dags/pyspark_subdag.py for tasks to queue
[2023-01-30 14:06:26,766] {logging_mixin.py:115} INFO - [2023-01-30 14:06:26,766] {dagbag.py:507} INFO - Filling up the DagBag from /c/Airflow/dags/pyspark_subdag.py
[2023-01-30 14:06:26,963] {processor.py:653} WARNING - No viable dags retrieved from /c/Airflow/dags/pyspark_subdag.py
[2023-01-30 14:06:26,980] {processor.py:161} INFO - Processing /c/Airflow/dags/pyspark_subdag.py took 0.217 seconds
[2023-01-30 14:07:37,509] {processor.py:153} INFO - Started process (PID=4287) to work on /c/Airflow/dags/pyspark_subdag.py
[2023-01-30 14:07:37,510] {processor.py:641} INFO - Processing file /c/Airflow/dags/pyspark_subdag.py for tasks to queue
[2023-01-30 14:07:37,511] {logging_mixin.py:115} INFO - [2023-01-30 14:07:37,511] {dagbag.py:507} INFO - Filling up the DagBag from /c/Airflow/dags/pyspark_subdag.py
[2023-01-30 14:07:37,698] {processor.py:653} WARNING - No viable dags retrieved from /c/Airflow/dags/pyspark_subdag.py
[2023-01-30 14:07:37,714] {processor.py:161} INFO - Processing /c/Airflow/dags/pyspark_subdag.py took 0.206 seconds
[2023-01-30 14:08:47,507] {processor.py:153} INFO - Started process (PID=4360) to work on /c/Airflow/dags/pyspark_subdag.py
[2023-01-30 14:08:47,507] {processor.py:641} INFO - Processing file /c/Airflow/dags/pyspark_subdag.py for tasks to queue
[2023-01-30 14:08:47,511] {logging_mixin.py:115} INFO - [2023-01-30 14:08:47,511] {dagbag.py:507} INFO - Filling up the DagBag from /c/Airflow/dags/pyspark_subdag.py
[2023-01-30 14:08:47,724] {processor.py:653} WARNING - No viable dags retrieved from /c/Airflow/dags/pyspark_subdag.py
[2023-01-30 14:08:47,744] {processor.py:161} INFO - Processing /c/Airflow/dags/pyspark_subdag.py took 0.240 seconds
[2023-01-30 14:10:01,429] {processor.py:153} INFO - Started process (PID=4433) to work on /c/Airflow/dags/pyspark_subdag.py
[2023-01-30 14:10:01,429] {processor.py:641} INFO - Processing file /c/Airflow/dags/pyspark_subdag.py for tasks to queue
[2023-01-30 14:10:01,430] {logging_mixin.py:115} INFO - [2023-01-30 14:10:01,430] {dagbag.py:507} INFO - Filling up the DagBag from /c/Airflow/dags/pyspark_subdag.py
[2023-01-30 14:10:01,622] {processor.py:653} WARNING - No viable dags retrieved from /c/Airflow/dags/pyspark_subdag.py
[2023-01-30 14:10:01,641] {processor.py:161} INFO - Processing /c/Airflow/dags/pyspark_subdag.py took 0.214 seconds
[2023-01-30 14:11:17,782] {processor.py:153} INFO - Started process (PID=4510) to work on /c/Airflow/dags/pyspark_subdag.py
[2023-01-30 14:11:17,783] {processor.py:641} INFO - Processing file /c/Airflow/dags/pyspark_subdag.py for tasks to queue
[2023-01-30 14:11:17,784] {logging_mixin.py:115} INFO - [2023-01-30 14:11:17,784] {dagbag.py:507} INFO - Filling up the DagBag from /c/Airflow/dags/pyspark_subdag.py
[2023-01-30 14:11:17,983] {processor.py:653} WARNING - No viable dags retrieved from /c/Airflow/dags/pyspark_subdag.py
[2023-01-30 14:11:18,010] {processor.py:161} INFO - Processing /c/Airflow/dags/pyspark_subdag.py took 0.230 seconds
[2023-01-30 14:12:25,675] {processor.py:153} INFO - Started process (PID=4579) to work on /c/Airflow/dags/pyspark_subdag.py
[2023-01-30 14:12:25,676] {processor.py:641} INFO - Processing file /c/Airflow/dags/pyspark_subdag.py for tasks to queue
[2023-01-30 14:12:25,676] {logging_mixin.py:115} INFO - [2023-01-30 14:12:25,676] {dagbag.py:507} INFO - Filling up the DagBag from /c/Airflow/dags/pyspark_subdag.py
[2023-01-30 14:12:25,859] {processor.py:653} WARNING - No viable dags retrieved from /c/Airflow/dags/pyspark_subdag.py
[2023-01-30 14:12:25,875] {processor.py:161} INFO - Processing /c/Airflow/dags/pyspark_subdag.py took 0.202 seconds
[2023-01-30 14:13:33,829] {processor.py:153} INFO - Started process (PID=4649) to work on /c/Airflow/dags/pyspark_subdag.py
[2023-01-30 14:13:33,830] {processor.py:641} INFO - Processing file /c/Airflow/dags/pyspark_subdag.py for tasks to queue
[2023-01-30 14:13:33,831] {logging_mixin.py:115} INFO - [2023-01-30 14:13:33,831] {dagbag.py:507} INFO - Filling up the DagBag from /c/Airflow/dags/pyspark_subdag.py
[2023-01-30 14:13:34,020] {processor.py:653} WARNING - No viable dags retrieved from /c/Airflow/dags/pyspark_subdag.py
[2023-01-30 14:13:34,038] {processor.py:161} INFO - Processing /c/Airflow/dags/pyspark_subdag.py took 0.211 seconds
[2023-01-30 14:14:45,404] {processor.py:153} INFO - Started process (PID=4720) to work on /c/Airflow/dags/pyspark_subdag.py
[2023-01-30 14:14:45,404] {processor.py:641} INFO - Processing file /c/Airflow/dags/pyspark_subdag.py for tasks to queue
[2023-01-30 14:14:45,405] {logging_mixin.py:115} INFO - [2023-01-30 14:14:45,405] {dagbag.py:507} INFO - Filling up the DagBag from /c/Airflow/dags/pyspark_subdag.py
[2023-01-30 14:14:45,600] {processor.py:653} WARNING - No viable dags retrieved from /c/Airflow/dags/pyspark_subdag.py
[2023-01-30 14:14:45,617] {processor.py:161} INFO - Processing /c/Airflow/dags/pyspark_subdag.py took 0.215 seconds
[2023-01-30 14:15:56,191] {processor.py:153} INFO - Started process (PID=4793) to work on /c/Airflow/dags/pyspark_subdag.py
[2023-01-30 14:15:56,191] {processor.py:641} INFO - Processing file /c/Airflow/dags/pyspark_subdag.py for tasks to queue
[2023-01-30 14:15:56,192] {logging_mixin.py:115} INFO - [2023-01-30 14:15:56,192] {dagbag.py:507} INFO - Filling up the DagBag from /c/Airflow/dags/pyspark_subdag.py
[2023-01-30 14:15:56,400] {processor.py:653} WARNING - No viable dags retrieved from /c/Airflow/dags/pyspark_subdag.py
[2023-01-30 14:15:56,417] {processor.py:161} INFO - Processing /c/Airflow/dags/pyspark_subdag.py took 0.228 seconds
[2023-01-30 14:17:10,876] {processor.py:153} INFO - Started process (PID=4867) to work on /c/Airflow/dags/pyspark_subdag.py
[2023-01-30 14:17:10,877] {processor.py:641} INFO - Processing file /c/Airflow/dags/pyspark_subdag.py for tasks to queue
[2023-01-30 14:17:10,878] {logging_mixin.py:115} INFO - [2023-01-30 14:17:10,878] {dagbag.py:507} INFO - Filling up the DagBag from /c/Airflow/dags/pyspark_subdag.py
[2023-01-30 14:17:11,067] {processor.py:653} WARNING - No viable dags retrieved from /c/Airflow/dags/pyspark_subdag.py
[2023-01-30 14:17:11,083] {processor.py:161} INFO - Processing /c/Airflow/dags/pyspark_subdag.py took 0.208 seconds
[2023-01-30 14:18:21,246] {processor.py:153} INFO - Started process (PID=4941) to work on /c/Airflow/dags/pyspark_subdag.py
[2023-01-30 14:18:21,247] {processor.py:641} INFO - Processing file /c/Airflow/dags/pyspark_subdag.py for tasks to queue
[2023-01-30 14:18:21,248] {logging_mixin.py:115} INFO - [2023-01-30 14:18:21,248] {dagbag.py:507} INFO - Filling up the DagBag from /c/Airflow/dags/pyspark_subdag.py
[2023-01-30 14:18:21,448] {processor.py:653} WARNING - No viable dags retrieved from /c/Airflow/dags/pyspark_subdag.py
[2023-01-30 14:18:21,464] {processor.py:161} INFO - Processing /c/Airflow/dags/pyspark_subdag.py took 0.220 seconds
[2023-01-30 14:19:32,733] {processor.py:153} INFO - Started process (PID=5014) to work on /c/Airflow/dags/pyspark_subdag.py
[2023-01-30 14:19:32,734] {processor.py:641} INFO - Processing file /c/Airflow/dags/pyspark_subdag.py for tasks to queue
[2023-01-30 14:19:32,735] {logging_mixin.py:115} INFO - [2023-01-30 14:19:32,735] {dagbag.py:507} INFO - Filling up the DagBag from /c/Airflow/dags/pyspark_subdag.py
[2023-01-30 14:19:32,921] {processor.py:653} WARNING - No viable dags retrieved from /c/Airflow/dags/pyspark_subdag.py
[2023-01-30 14:19:32,953] {processor.py:161} INFO - Processing /c/Airflow/dags/pyspark_subdag.py took 0.222 seconds
[2023-01-30 14:20:42,416] {processor.py:153} INFO - Started process (PID=5087) to work on /c/Airflow/dags/pyspark_subdag.py
[2023-01-30 14:20:42,416] {processor.py:641} INFO - Processing file /c/Airflow/dags/pyspark_subdag.py for tasks to queue
[2023-01-30 14:20:42,417] {logging_mixin.py:115} INFO - [2023-01-30 14:20:42,417] {dagbag.py:507} INFO - Filling up the DagBag from /c/Airflow/dags/pyspark_subdag.py
[2023-01-30 14:20:42,602] {processor.py:653} WARNING - No viable dags retrieved from /c/Airflow/dags/pyspark_subdag.py
[2023-01-30 14:20:42,616] {processor.py:161} INFO - Processing /c/Airflow/dags/pyspark_subdag.py took 0.202 seconds
[2023-01-30 14:21:52,825] {processor.py:153} INFO - Started process (PID=5158) to work on /c/Airflow/dags/pyspark_subdag.py
[2023-01-30 14:21:52,826] {processor.py:641} INFO - Processing file /c/Airflow/dags/pyspark_subdag.py for tasks to queue
[2023-01-30 14:21:52,826] {logging_mixin.py:115} INFO - [2023-01-30 14:21:52,826] {dagbag.py:507} INFO - Filling up the DagBag from /c/Airflow/dags/pyspark_subdag.py
[2023-01-30 14:21:53,009] {processor.py:653} WARNING - No viable dags retrieved from /c/Airflow/dags/pyspark_subdag.py
[2023-01-30 14:21:53,027] {processor.py:161} INFO - Processing /c/Airflow/dags/pyspark_subdag.py took 0.203 seconds
[2023-01-30 14:23:02,571] {processor.py:153} INFO - Started process (PID=5231) to work on /c/Airflow/dags/pyspark_subdag.py
[2023-01-30 14:23:02,572] {processor.py:641} INFO - Processing file /c/Airflow/dags/pyspark_subdag.py for tasks to queue
[2023-01-30 14:23:02,572] {logging_mixin.py:115} INFO - [2023-01-30 14:23:02,572] {dagbag.py:507} INFO - Filling up the DagBag from /c/Airflow/dags/pyspark_subdag.py
[2023-01-30 14:23:02,752] {processor.py:653} WARNING - No viable dags retrieved from /c/Airflow/dags/pyspark_subdag.py
[2023-01-30 14:23:02,768] {processor.py:161} INFO - Processing /c/Airflow/dags/pyspark_subdag.py took 0.198 seconds
[2023-01-30 14:24:15,527] {processor.py:153} INFO - Started process (PID=5303) to work on /c/Airflow/dags/pyspark_subdag.py
[2023-01-30 14:24:15,527] {processor.py:641} INFO - Processing file /c/Airflow/dags/pyspark_subdag.py for tasks to queue
[2023-01-30 14:24:15,528] {logging_mixin.py:115} INFO - [2023-01-30 14:24:15,528] {dagbag.py:507} INFO - Filling up the DagBag from /c/Airflow/dags/pyspark_subdag.py
[2023-01-30 14:24:15,730] {processor.py:653} WARNING - No viable dags retrieved from /c/Airflow/dags/pyspark_subdag.py
[2023-01-30 14:24:15,745] {processor.py:161} INFO - Processing /c/Airflow/dags/pyspark_subdag.py took 0.220 seconds
[2023-01-30 14:25:24,162] {processor.py:153} INFO - Started process (PID=5376) to work on /c/Airflow/dags/pyspark_subdag.py
[2023-01-30 14:25:24,162] {processor.py:641} INFO - Processing file /c/Airflow/dags/pyspark_subdag.py for tasks to queue
[2023-01-30 14:25:24,163] {logging_mixin.py:115} INFO - [2023-01-30 14:25:24,163] {dagbag.py:507} INFO - Filling up the DagBag from /c/Airflow/dags/pyspark_subdag.py
[2023-01-30 14:25:24,348] {processor.py:653} WARNING - No viable dags retrieved from /c/Airflow/dags/pyspark_subdag.py
[2023-01-30 14:25:24,365] {processor.py:161} INFO - Processing /c/Airflow/dags/pyspark_subdag.py took 0.204 seconds
[2023-01-30 14:26:29,714] {processor.py:153} INFO - Started process (PID=5444) to work on /c/Airflow/dags/pyspark_subdag.py
[2023-01-30 14:26:29,714] {processor.py:641} INFO - Processing file /c/Airflow/dags/pyspark_subdag.py for tasks to queue
[2023-01-30 14:26:29,715] {logging_mixin.py:115} INFO - [2023-01-30 14:26:29,715] {dagbag.py:507} INFO - Filling up the DagBag from /c/Airflow/dags/pyspark_subdag.py
[2023-01-30 14:26:29,898] {processor.py:653} WARNING - No viable dags retrieved from /c/Airflow/dags/pyspark_subdag.py
[2023-01-30 14:26:29,915] {processor.py:161} INFO - Processing /c/Airflow/dags/pyspark_subdag.py took 0.202 seconds
[2023-01-30 14:27:41,558] {processor.py:153} INFO - Started process (PID=5518) to work on /c/Airflow/dags/pyspark_subdag.py
[2023-01-30 14:27:41,559] {processor.py:641} INFO - Processing file /c/Airflow/dags/pyspark_subdag.py for tasks to queue
[2023-01-30 14:27:41,559] {logging_mixin.py:115} INFO - [2023-01-30 14:27:41,559] {dagbag.py:507} INFO - Filling up the DagBag from /c/Airflow/dags/pyspark_subdag.py
[2023-01-30 14:27:41,744] {processor.py:653} WARNING - No viable dags retrieved from /c/Airflow/dags/pyspark_subdag.py
[2023-01-30 14:27:41,759] {processor.py:161} INFO - Processing /c/Airflow/dags/pyspark_subdag.py took 0.203 seconds
[2023-01-30 14:28:47,058] {processor.py:153} INFO - Started process (PID=5587) to work on /c/Airflow/dags/pyspark_subdag.py
[2023-01-30 14:28:47,058] {processor.py:641} INFO - Processing file /c/Airflow/dags/pyspark_subdag.py for tasks to queue
[2023-01-30 14:28:47,059] {logging_mixin.py:115} INFO - [2023-01-30 14:28:47,059] {dagbag.py:507} INFO - Filling up the DagBag from /c/Airflow/dags/pyspark_subdag.py
[2023-01-30 14:28:47,241] {processor.py:653} WARNING - No viable dags retrieved from /c/Airflow/dags/pyspark_subdag.py
[2023-01-30 14:28:47,255] {processor.py:161} INFO - Processing /c/Airflow/dags/pyspark_subdag.py took 0.199 seconds
[2023-01-30 14:29:54,585] {processor.py:153} INFO - Started process (PID=5658) to work on /c/Airflow/dags/pyspark_subdag.py
[2023-01-30 14:29:54,586] {processor.py:641} INFO - Processing file /c/Airflow/dags/pyspark_subdag.py for tasks to queue
[2023-01-30 14:29:54,587] {logging_mixin.py:115} INFO - [2023-01-30 14:29:54,587] {dagbag.py:507} INFO - Filling up the DagBag from /c/Airflow/dags/pyspark_subdag.py
[2023-01-30 14:29:54,798] {processor.py:653} WARNING - No viable dags retrieved from /c/Airflow/dags/pyspark_subdag.py
[2023-01-30 14:29:54,823] {processor.py:161} INFO - Processing /c/Airflow/dags/pyspark_subdag.py took 0.239 seconds
[2023-01-30 15:08:59,939] {processor.py:153} INFO - Started process (PID=5727) to work on /c/Airflow/dags/pyspark_subdag.py
[2023-01-30 15:08:59,940] {processor.py:641} INFO - Processing file /c/Airflow/dags/pyspark_subdag.py for tasks to queue
[2023-01-30 15:08:59,941] {logging_mixin.py:115} INFO - [2023-01-30 15:08:59,941] {dagbag.py:507} INFO - Filling up the DagBag from /c/Airflow/dags/pyspark_subdag.py
[2023-01-30 15:09:00,531] {processor.py:653} WARNING - No viable dags retrieved from /c/Airflow/dags/pyspark_subdag.py
[2023-01-30 15:09:00,552] {processor.py:161} INFO - Processing /c/Airflow/dags/pyspark_subdag.py took 0.615 seconds
[2023-01-30 15:10:12,829] {processor.py:153} INFO - Started process (PID=5782) to work on /c/Airflow/dags/pyspark_subdag.py
[2023-01-30 15:10:12,830] {processor.py:641} INFO - Processing file /c/Airflow/dags/pyspark_subdag.py for tasks to queue
[2023-01-30 15:10:12,831] {logging_mixin.py:115} INFO - [2023-01-30 15:10:12,830] {dagbag.py:507} INFO - Filling up the DagBag from /c/Airflow/dags/pyspark_subdag.py
[2023-01-30 15:10:13,043] {processor.py:653} WARNING - No viable dags retrieved from /c/Airflow/dags/pyspark_subdag.py
[2023-01-30 15:10:13,065] {processor.py:161} INFO - Processing /c/Airflow/dags/pyspark_subdag.py took 0.238 seconds
[2023-01-30 15:11:14,445] {processor.py:153} INFO - Started process (PID=5843) to work on /c/Airflow/dags/pyspark_subdag.py
[2023-01-30 15:11:14,446] {processor.py:641} INFO - Processing file /c/Airflow/dags/pyspark_subdag.py for tasks to queue
[2023-01-30 15:11:14,447] {logging_mixin.py:115} INFO - [2023-01-30 15:11:14,447] {dagbag.py:507} INFO - Filling up the DagBag from /c/Airflow/dags/pyspark_subdag.py
[2023-01-30 15:11:14,663] {processor.py:653} WARNING - No viable dags retrieved from /c/Airflow/dags/pyspark_subdag.py
[2023-01-30 15:11:14,691] {processor.py:161} INFO - Processing /c/Airflow/dags/pyspark_subdag.py took 0.247 seconds
[2023-01-30 15:12:37,385] {processor.py:153} INFO - Started process (PID=5922) to work on /c/Airflow/dags/pyspark_subdag.py
[2023-01-30 15:12:37,386] {processor.py:641} INFO - Processing file /c/Airflow/dags/pyspark_subdag.py for tasks to queue
[2023-01-30 15:12:37,387] {logging_mixin.py:115} INFO - [2023-01-30 15:12:37,387] {dagbag.py:507} INFO - Filling up the DagBag from /c/Airflow/dags/pyspark_subdag.py
[2023-01-30 15:12:37,617] {processor.py:653} WARNING - No viable dags retrieved from /c/Airflow/dags/pyspark_subdag.py
[2023-01-30 15:12:37,690] {processor.py:161} INFO - Processing /c/Airflow/dags/pyspark_subdag.py took 0.307 seconds
[2023-01-30 15:14:02,661] {processor.py:153} INFO - Started process (PID=6000) to work on /c/Airflow/dags/pyspark_subdag.py
[2023-01-30 15:14:02,662] {processor.py:641} INFO - Processing file /c/Airflow/dags/pyspark_subdag.py for tasks to queue
[2023-01-30 15:14:02,663] {logging_mixin.py:115} INFO - [2023-01-30 15:14:02,663] {dagbag.py:507} INFO - Filling up the DagBag from /c/Airflow/dags/pyspark_subdag.py
[2023-01-30 15:14:02,877] {processor.py:653} WARNING - No viable dags retrieved from /c/Airflow/dags/pyspark_subdag.py
[2023-01-30 15:14:02,896] {processor.py:161} INFO - Processing /c/Airflow/dags/pyspark_subdag.py took 0.236 seconds
[2023-01-30 15:15:21,722] {processor.py:153} INFO - Started process (PID=6078) to work on /c/Airflow/dags/pyspark_subdag.py
[2023-01-30 15:15:21,722] {processor.py:641} INFO - Processing file /c/Airflow/dags/pyspark_subdag.py for tasks to queue
[2023-01-30 15:15:21,723] {logging_mixin.py:115} INFO - [2023-01-30 15:15:21,723] {dagbag.py:507} INFO - Filling up the DagBag from /c/Airflow/dags/pyspark_subdag.py
[2023-01-30 15:15:21,919] {processor.py:653} WARNING - No viable dags retrieved from /c/Airflow/dags/pyspark_subdag.py
[2023-01-30 15:15:21,937] {processor.py:161} INFO - Processing /c/Airflow/dags/pyspark_subdag.py took 0.217 seconds
[2023-01-30 15:16:42,243] {processor.py:153} INFO - Started process (PID=6154) to work on /c/Airflow/dags/pyspark_subdag.py
[2023-01-30 15:16:42,244] {processor.py:641} INFO - Processing file /c/Airflow/dags/pyspark_subdag.py for tasks to queue
[2023-01-30 15:16:42,244] {logging_mixin.py:115} INFO - [2023-01-30 15:16:42,244] {dagbag.py:507} INFO - Filling up the DagBag from /c/Airflow/dags/pyspark_subdag.py
[2023-01-30 15:16:42,444] {processor.py:653} WARNING - No viable dags retrieved from /c/Airflow/dags/pyspark_subdag.py
[2023-01-30 15:16:42,462] {processor.py:161} INFO - Processing /c/Airflow/dags/pyspark_subdag.py took 0.221 seconds
[2023-01-30 15:18:04,818] {processor.py:153} INFO - Started process (PID=6233) to work on /c/Airflow/dags/pyspark_subdag.py
[2023-01-30 15:18:04,819] {processor.py:641} INFO - Processing file /c/Airflow/dags/pyspark_subdag.py for tasks to queue
[2023-01-30 15:18:04,820] {logging_mixin.py:115} INFO - [2023-01-30 15:18:04,820] {dagbag.py:507} INFO - Filling up the DagBag from /c/Airflow/dags/pyspark_subdag.py
[2023-01-30 15:18:05,012] {processor.py:653} WARNING - No viable dags retrieved from /c/Airflow/dags/pyspark_subdag.py
[2023-01-30 15:18:05,034] {processor.py:161} INFO - Processing /c/Airflow/dags/pyspark_subdag.py took 0.217 seconds
[2023-01-30 15:19:03,995] {processor.py:153} INFO - Started process (PID=6287) to work on /c/Airflow/dags/pyspark_subdag.py
[2023-01-30 15:19:03,995] {processor.py:641} INFO - Processing file /c/Airflow/dags/pyspark_subdag.py for tasks to queue
[2023-01-30 15:19:03,996] {logging_mixin.py:115} INFO - [2023-01-30 15:19:03,996] {dagbag.py:507} INFO - Filling up the DagBag from /c/Airflow/dags/pyspark_subdag.py
[2023-01-30 15:19:04,190] {processor.py:653} WARNING - No viable dags retrieved from /c/Airflow/dags/pyspark_subdag.py
[2023-01-30 15:19:04,211] {processor.py:161} INFO - Processing /c/Airflow/dags/pyspark_subdag.py took 0.218 seconds
[2023-01-30 15:20:26,740] {processor.py:153} INFO - Started process (PID=6365) to work on /c/Airflow/dags/pyspark_subdag.py
[2023-01-30 15:20:26,740] {processor.py:641} INFO - Processing file /c/Airflow/dags/pyspark_subdag.py for tasks to queue
[2023-01-30 15:20:26,741] {logging_mixin.py:115} INFO - [2023-01-30 15:20:26,741] {dagbag.py:507} INFO - Filling up the DagBag from /c/Airflow/dags/pyspark_subdag.py
[2023-01-30 15:20:26,936] {processor.py:653} WARNING - No viable dags retrieved from /c/Airflow/dags/pyspark_subdag.py
[2023-01-30 15:20:26,955] {processor.py:161} INFO - Processing /c/Airflow/dags/pyspark_subdag.py took 0.217 seconds
[2023-01-30 15:21:49,031] {processor.py:153} INFO - Started process (PID=6444) to work on /c/Airflow/dags/pyspark_subdag.py
[2023-01-30 15:21:49,032] {processor.py:641} INFO - Processing file /c/Airflow/dags/pyspark_subdag.py for tasks to queue
[2023-01-30 15:21:49,033] {logging_mixin.py:115} INFO - [2023-01-30 15:21:49,033] {dagbag.py:507} INFO - Filling up the DagBag from /c/Airflow/dags/pyspark_subdag.py
[2023-01-30 15:21:49,227] {processor.py:653} WARNING - No viable dags retrieved from /c/Airflow/dags/pyspark_subdag.py
[2023-01-30 15:21:49,245] {processor.py:161} INFO - Processing /c/Airflow/dags/pyspark_subdag.py took 0.216 seconds
[2023-01-30 15:23:08,233] {processor.py:153} INFO - Started process (PID=6519) to work on /c/Airflow/dags/pyspark_subdag.py
[2023-01-30 15:23:08,233] {processor.py:641} INFO - Processing file /c/Airflow/dags/pyspark_subdag.py for tasks to queue
[2023-01-30 15:23:08,234] {logging_mixin.py:115} INFO - [2023-01-30 15:23:08,234] {dagbag.py:507} INFO - Filling up the DagBag from /c/Airflow/dags/pyspark_subdag.py
[2023-01-30 15:23:08,430] {processor.py:653} WARNING - No viable dags retrieved from /c/Airflow/dags/pyspark_subdag.py
[2023-01-30 15:23:08,450] {processor.py:161} INFO - Processing /c/Airflow/dags/pyspark_subdag.py took 0.219 seconds
[2023-01-30 15:24:27,839] {processor.py:153} INFO - Started process (PID=6597) to work on /c/Airflow/dags/pyspark_subdag.py
[2023-01-30 15:24:27,840] {processor.py:641} INFO - Processing file /c/Airflow/dags/pyspark_subdag.py for tasks to queue
[2023-01-30 15:24:27,841] {logging_mixin.py:115} INFO - [2023-01-30 15:24:27,841] {dagbag.py:507} INFO - Filling up the DagBag from /c/Airflow/dags/pyspark_subdag.py
[2023-01-30 15:24:28,036] {processor.py:653} WARNING - No viable dags retrieved from /c/Airflow/dags/pyspark_subdag.py
[2023-01-30 15:24:28,056] {processor.py:161} INFO - Processing /c/Airflow/dags/pyspark_subdag.py took 0.218 seconds
[2023-01-30 15:25:43,261] {processor.py:153} INFO - Started process (PID=6672) to work on /c/Airflow/dags/pyspark_subdag.py
[2023-01-30 15:25:43,262] {processor.py:641} INFO - Processing file /c/Airflow/dags/pyspark_subdag.py for tasks to queue
[2023-01-30 15:25:43,263] {logging_mixin.py:115} INFO - [2023-01-30 15:25:43,263] {dagbag.py:507} INFO - Filling up the DagBag from /c/Airflow/dags/pyspark_subdag.py
[2023-01-30 15:25:43,456] {processor.py:653} WARNING - No viable dags retrieved from /c/Airflow/dags/pyspark_subdag.py
[2023-01-30 15:25:43,476] {processor.py:161} INFO - Processing /c/Airflow/dags/pyspark_subdag.py took 0.216 seconds
[2023-01-30 15:27:01,248] {processor.py:153} INFO - Started process (PID=6747) to work on /c/Airflow/dags/pyspark_subdag.py
[2023-01-30 15:27:01,248] {processor.py:641} INFO - Processing file /c/Airflow/dags/pyspark_subdag.py for tasks to queue
[2023-01-30 15:27:01,249] {logging_mixin.py:115} INFO - [2023-01-30 15:27:01,249] {dagbag.py:507} INFO - Filling up the DagBag from /c/Airflow/dags/pyspark_subdag.py
[2023-01-30 15:27:01,444] {processor.py:653} WARNING - No viable dags retrieved from /c/Airflow/dags/pyspark_subdag.py
[2023-01-30 15:27:01,464] {processor.py:161} INFO - Processing /c/Airflow/dags/pyspark_subdag.py took 0.219 seconds
[2023-01-30 15:27:58,158] {processor.py:153} INFO - Started process (PID=6801) to work on /c/Airflow/dags/pyspark_subdag.py
[2023-01-30 15:27:58,159] {processor.py:641} INFO - Processing file /c/Airflow/dags/pyspark_subdag.py for tasks to queue
[2023-01-30 15:27:58,160] {logging_mixin.py:115} INFO - [2023-01-30 15:27:58,160] {dagbag.py:507} INFO - Filling up the DagBag from /c/Airflow/dags/pyspark_subdag.py
[2023-01-30 15:27:58,357] {processor.py:653} WARNING - No viable dags retrieved from /c/Airflow/dags/pyspark_subdag.py
[2023-01-30 15:27:58,375] {processor.py:161} INFO - Processing /c/Airflow/dags/pyspark_subdag.py took 0.218 seconds
[2023-01-30 15:28:55,093] {processor.py:153} INFO - Started process (PID=6855) to work on /c/Airflow/dags/pyspark_subdag.py
[2023-01-30 15:28:55,094] {processor.py:641} INFO - Processing file /c/Airflow/dags/pyspark_subdag.py for tasks to queue
[2023-01-30 15:28:55,095] {logging_mixin.py:115} INFO - [2023-01-30 15:28:55,095] {dagbag.py:507} INFO - Filling up the DagBag from /c/Airflow/dags/pyspark_subdag.py
[2023-01-30 15:28:55,288] {processor.py:653} WARNING - No viable dags retrieved from /c/Airflow/dags/pyspark_subdag.py
[2023-01-30 15:28:55,306] {processor.py:161} INFO - Processing /c/Airflow/dags/pyspark_subdag.py took 0.214 seconds
[2023-01-30 15:30:16,272] {processor.py:153} INFO - Started process (PID=6931) to work on /c/Airflow/dags/pyspark_subdag.py
[2023-01-30 15:30:16,273] {processor.py:641} INFO - Processing file /c/Airflow/dags/pyspark_subdag.py for tasks to queue
[2023-01-30 15:30:16,273] {logging_mixin.py:115} INFO - [2023-01-30 15:30:16,273] {dagbag.py:507} INFO - Filling up the DagBag from /c/Airflow/dags/pyspark_subdag.py
[2023-01-30 15:30:16,470] {processor.py:653} WARNING - No viable dags retrieved from /c/Airflow/dags/pyspark_subdag.py
[2023-01-30 15:30:16,490] {processor.py:161} INFO - Processing /c/Airflow/dags/pyspark_subdag.py took 0.219 seconds
[2023-01-30 15:31:11,209] {processor.py:153} INFO - Started process (PID=6985) to work on /c/Airflow/dags/pyspark_subdag.py
[2023-01-30 15:31:11,210] {processor.py:641} INFO - Processing file /c/Airflow/dags/pyspark_subdag.py for tasks to queue
[2023-01-30 15:31:11,211] {logging_mixin.py:115} INFO - [2023-01-30 15:31:11,211] {dagbag.py:507} INFO - Filling up the DagBag from /c/Airflow/dags/pyspark_subdag.py
[2023-01-30 15:31:11,408] {processor.py:653} WARNING - No viable dags retrieved from /c/Airflow/dags/pyspark_subdag.py
[2023-01-30 15:31:11,424] {processor.py:161} INFO - Processing /c/Airflow/dags/pyspark_subdag.py took 0.217 seconds
[2023-01-30 15:32:27,258] {processor.py:153} INFO - Started process (PID=7061) to work on /c/Airflow/dags/pyspark_subdag.py
[2023-01-30 15:32:27,258] {processor.py:641} INFO - Processing file /c/Airflow/dags/pyspark_subdag.py for tasks to queue
[2023-01-30 15:32:27,259] {logging_mixin.py:115} INFO - [2023-01-30 15:32:27,259] {dagbag.py:507} INFO - Filling up the DagBag from /c/Airflow/dags/pyspark_subdag.py
[2023-01-30 15:32:27,454] {processor.py:653} WARNING - No viable dags retrieved from /c/Airflow/dags/pyspark_subdag.py
[2023-01-30 15:32:27,472] {processor.py:161} INFO - Processing /c/Airflow/dags/pyspark_subdag.py took 0.216 seconds
[2023-01-30 15:33:41,219] {processor.py:153} INFO - Started process (PID=7135) to work on /c/Airflow/dags/pyspark_subdag.py
[2023-01-30 15:33:41,220] {processor.py:641} INFO - Processing file /c/Airflow/dags/pyspark_subdag.py for tasks to queue
[2023-01-30 15:33:41,221] {logging_mixin.py:115} INFO - [2023-01-30 15:33:41,221] {dagbag.py:507} INFO - Filling up the DagBag from /c/Airflow/dags/pyspark_subdag.py
[2023-01-30 15:33:41,418] {processor.py:653} WARNING - No viable dags retrieved from /c/Airflow/dags/pyspark_subdag.py
[2023-01-30 15:33:41,439] {processor.py:161} INFO - Processing /c/Airflow/dags/pyspark_subdag.py took 0.221 seconds
[2023-01-30 15:34:56,222] {processor.py:153} INFO - Started process (PID=7209) to work on /c/Airflow/dags/pyspark_subdag.py
[2023-01-30 15:34:56,223] {processor.py:641} INFO - Processing file /c/Airflow/dags/pyspark_subdag.py for tasks to queue
[2023-01-30 15:34:56,224] {logging_mixin.py:115} INFO - [2023-01-30 15:34:56,224] {dagbag.py:507} INFO - Filling up the DagBag from /c/Airflow/dags/pyspark_subdag.py
[2023-01-30 15:34:56,441] {processor.py:653} WARNING - No viable dags retrieved from /c/Airflow/dags/pyspark_subdag.py
[2023-01-30 15:34:56,475] {processor.py:161} INFO - Processing /c/Airflow/dags/pyspark_subdag.py took 0.254 seconds
[2023-01-30 15:36:16,567] {processor.py:153} INFO - Started process (PID=7286) to work on /c/Airflow/dags/pyspark_subdag.py
[2023-01-30 15:36:16,568] {processor.py:641} INFO - Processing file /c/Airflow/dags/pyspark_subdag.py for tasks to queue
[2023-01-30 15:36:16,569] {logging_mixin.py:115} INFO - [2023-01-30 15:36:16,569] {dagbag.py:507} INFO - Filling up the DagBag from /c/Airflow/dags/pyspark_subdag.py
[2023-01-30 15:36:16,771] {processor.py:653} WARNING - No viable dags retrieved from /c/Airflow/dags/pyspark_subdag.py
[2023-01-30 15:36:16,794] {processor.py:161} INFO - Processing /c/Airflow/dags/pyspark_subdag.py took 0.229 seconds
[2023-01-30 15:37:33,539] {processor.py:153} INFO - Started process (PID=7362) to work on /c/Airflow/dags/pyspark_subdag.py
[2023-01-30 15:37:33,539] {processor.py:641} INFO - Processing file /c/Airflow/dags/pyspark_subdag.py for tasks to queue
[2023-01-30 15:37:33,540] {logging_mixin.py:115} INFO - [2023-01-30 15:37:33,540] {dagbag.py:507} INFO - Filling up the DagBag from /c/Airflow/dags/pyspark_subdag.py
[2023-01-30 15:37:33,741] {processor.py:653} WARNING - No viable dags retrieved from /c/Airflow/dags/pyspark_subdag.py
[2023-01-30 15:37:33,762] {processor.py:161} INFO - Processing /c/Airflow/dags/pyspark_subdag.py took 0.226 seconds
[2023-01-30 15:38:53,197] {processor.py:153} INFO - Started process (PID=7438) to work on /c/Airflow/dags/pyspark_subdag.py
[2023-01-30 15:38:53,198] {processor.py:641} INFO - Processing file /c/Airflow/dags/pyspark_subdag.py for tasks to queue
[2023-01-30 15:38:53,199] {logging_mixin.py:115} INFO - [2023-01-30 15:38:53,198] {dagbag.py:507} INFO - Filling up the DagBag from /c/Airflow/dags/pyspark_subdag.py
[2023-01-30 15:38:53,392] {processor.py:653} WARNING - No viable dags retrieved from /c/Airflow/dags/pyspark_subdag.py
[2023-01-30 15:38:53,410] {processor.py:161} INFO - Processing /c/Airflow/dags/pyspark_subdag.py took 0.215 seconds
[2023-01-30 15:40:15,237] {processor.py:153} INFO - Started process (PID=7517) to work on /c/Airflow/dags/pyspark_subdag.py
[2023-01-30 15:40:15,238] {processor.py:641} INFO - Processing file /c/Airflow/dags/pyspark_subdag.py for tasks to queue
[2023-01-30 15:40:15,239] {logging_mixin.py:115} INFO - [2023-01-30 15:40:15,239] {dagbag.py:507} INFO - Filling up the DagBag from /c/Airflow/dags/pyspark_subdag.py
[2023-01-30 15:40:15,435] {processor.py:653} WARNING - No viable dags retrieved from /c/Airflow/dags/pyspark_subdag.py
[2023-01-30 15:40:15,454] {processor.py:161} INFO - Processing /c/Airflow/dags/pyspark_subdag.py took 0.218 seconds
[2023-01-30 15:41:36,120] {processor.py:153} INFO - Started process (PID=7594) to work on /c/Airflow/dags/pyspark_subdag.py
[2023-01-30 15:41:36,120] {processor.py:641} INFO - Processing file /c/Airflow/dags/pyspark_subdag.py for tasks to queue
[2023-01-30 15:41:36,121] {logging_mixin.py:115} INFO - [2023-01-30 15:41:36,121] {dagbag.py:507} INFO - Filling up the DagBag from /c/Airflow/dags/pyspark_subdag.py
[2023-01-30 15:41:36,313] {processor.py:653} WARNING - No viable dags retrieved from /c/Airflow/dags/pyspark_subdag.py
[2023-01-30 15:41:36,331] {processor.py:161} INFO - Processing /c/Airflow/dags/pyspark_subdag.py took 0.213 seconds
[2023-01-30 15:42:52,300] {processor.py:153} INFO - Started process (PID=7671) to work on /c/Airflow/dags/pyspark_subdag.py
[2023-01-30 15:42:52,301] {processor.py:641} INFO - Processing file /c/Airflow/dags/pyspark_subdag.py for tasks to queue
[2023-01-30 15:42:52,301] {logging_mixin.py:115} INFO - [2023-01-30 15:42:52,301] {dagbag.py:507} INFO - Filling up the DagBag from /c/Airflow/dags/pyspark_subdag.py
[2023-01-30 15:42:52,502] {processor.py:653} WARNING - No viable dags retrieved from /c/Airflow/dags/pyspark_subdag.py
[2023-01-30 15:42:52,521] {processor.py:161} INFO - Processing /c/Airflow/dags/pyspark_subdag.py took 0.223 seconds
[2023-01-30 15:44:11,448] {processor.py:153} INFO - Started process (PID=7746) to work on /c/Airflow/dags/pyspark_subdag.py
[2023-01-30 15:44:11,448] {processor.py:641} INFO - Processing file /c/Airflow/dags/pyspark_subdag.py for tasks to queue
[2023-01-30 15:44:11,449] {logging_mixin.py:115} INFO - [2023-01-30 15:44:11,449] {dagbag.py:507} INFO - Filling up the DagBag from /c/Airflow/dags/pyspark_subdag.py
[2023-01-30 15:44:11,646] {processor.py:653} WARNING - No viable dags retrieved from /c/Airflow/dags/pyspark_subdag.py
[2023-01-30 15:44:11,664] {processor.py:161} INFO - Processing /c/Airflow/dags/pyspark_subdag.py took 0.218 seconds
[2023-01-30 15:45:10,886] {processor.py:153} INFO - Started process (PID=7800) to work on /c/Airflow/dags/pyspark_subdag.py
[2023-01-30 15:45:10,887] {processor.py:641} INFO - Processing file /c/Airflow/dags/pyspark_subdag.py for tasks to queue
[2023-01-30 15:45:10,887] {logging_mixin.py:115} INFO - [2023-01-30 15:45:10,887] {dagbag.py:507} INFO - Filling up the DagBag from /c/Airflow/dags/pyspark_subdag.py
[2023-01-30 15:45:11,087] {processor.py:653} WARNING - No viable dags retrieved from /c/Airflow/dags/pyspark_subdag.py
[2023-01-30 15:45:11,109] {processor.py:161} INFO - Processing /c/Airflow/dags/pyspark_subdag.py took 0.225 seconds
[2023-01-30 15:46:34,302] {processor.py:153} INFO - Started process (PID=7879) to work on /c/Airflow/dags/pyspark_subdag.py
[2023-01-30 15:46:34,303] {processor.py:641} INFO - Processing file /c/Airflow/dags/pyspark_subdag.py for tasks to queue
[2023-01-30 15:46:34,304] {logging_mixin.py:115} INFO - [2023-01-30 15:46:34,304] {dagbag.py:507} INFO - Filling up the DagBag from /c/Airflow/dags/pyspark_subdag.py
[2023-01-30 15:46:34,502] {processor.py:653} WARNING - No viable dags retrieved from /c/Airflow/dags/pyspark_subdag.py
[2023-01-30 15:46:34,519] {processor.py:161} INFO - Processing /c/Airflow/dags/pyspark_subdag.py took 0.219 seconds
[2023-01-30 15:47:32,845] {processor.py:153} INFO - Started process (PID=7933) to work on /c/Airflow/dags/pyspark_subdag.py
[2023-01-30 15:47:32,845] {processor.py:641} INFO - Processing file /c/Airflow/dags/pyspark_subdag.py for tasks to queue
[2023-01-30 15:47:32,846] {logging_mixin.py:115} INFO - [2023-01-30 15:47:32,846] {dagbag.py:507} INFO - Filling up the DagBag from /c/Airflow/dags/pyspark_subdag.py
[2023-01-30 15:47:33,077] {processor.py:653} WARNING - No viable dags retrieved from /c/Airflow/dags/pyspark_subdag.py
[2023-01-30 15:47:33,093] {processor.py:161} INFO - Processing /c/Airflow/dags/pyspark_subdag.py took 0.251 seconds
[2023-01-30 15:48:37,912] {processor.py:153} INFO - Started process (PID=8005) to work on /c/Airflow/dags/pyspark_subdag.py
[2023-01-30 15:48:37,913] {processor.py:641} INFO - Processing file /c/Airflow/dags/pyspark_subdag.py for tasks to queue
[2023-01-30 15:48:37,914] {logging_mixin.py:115} INFO - [2023-01-30 15:48:37,914] {dagbag.py:507} INFO - Filling up the DagBag from /c/Airflow/dags/pyspark_subdag.py
[2023-01-30 15:48:38,104] {processor.py:653} WARNING - No viable dags retrieved from /c/Airflow/dags/pyspark_subdag.py
[2023-01-30 15:48:38,121] {processor.py:161} INFO - Processing /c/Airflow/dags/pyspark_subdag.py took 0.210 seconds
[2023-01-30 15:50:05,190] {processor.py:153} INFO - Started process (PID=8089) to work on /c/Airflow/dags/pyspark_subdag.py
[2023-01-30 15:50:05,191] {processor.py:641} INFO - Processing file /c/Airflow/dags/pyspark_subdag.py for tasks to queue
[2023-01-30 15:50:05,192] {logging_mixin.py:115} INFO - [2023-01-30 15:50:05,192] {dagbag.py:507} INFO - Filling up the DagBag from /c/Airflow/dags/pyspark_subdag.py
[2023-01-30 15:50:05,377] {processor.py:653} WARNING - No viable dags retrieved from /c/Airflow/dags/pyspark_subdag.py
[2023-01-30 15:50:05,398] {processor.py:161} INFO - Processing /c/Airflow/dags/pyspark_subdag.py took 0.209 seconds
[2023-01-30 15:51:27,158] {processor.py:153} INFO - Started process (PID=8168) to work on /c/Airflow/dags/pyspark_subdag.py
[2023-01-30 15:51:27,159] {processor.py:641} INFO - Processing file /c/Airflow/dags/pyspark_subdag.py for tasks to queue
[2023-01-30 15:51:27,160] {logging_mixin.py:115} INFO - [2023-01-30 15:51:27,159] {dagbag.py:507} INFO - Filling up the DagBag from /c/Airflow/dags/pyspark_subdag.py
[2023-01-30 15:51:27,344] {processor.py:653} WARNING - No viable dags retrieved from /c/Airflow/dags/pyspark_subdag.py
[2023-01-30 15:51:27,370] {processor.py:161} INFO - Processing /c/Airflow/dags/pyspark_subdag.py took 0.213 seconds
[2023-01-30 15:52:25,178] {processor.py:153} INFO - Started process (PID=8227) to work on /c/Airflow/dags/pyspark_subdag.py
[2023-01-30 15:52:25,178] {processor.py:641} INFO - Processing file /c/Airflow/dags/pyspark_subdag.py for tasks to queue
[2023-01-30 15:52:25,179] {logging_mixin.py:115} INFO - [2023-01-30 15:52:25,179] {dagbag.py:507} INFO - Filling up the DagBag from /c/Airflow/dags/pyspark_subdag.py
[2023-01-30 15:52:25,372] {processor.py:653} WARNING - No viable dags retrieved from /c/Airflow/dags/pyspark_subdag.py
[2023-01-30 15:52:25,392] {processor.py:161} INFO - Processing /c/Airflow/dags/pyspark_subdag.py took 0.216 seconds
[2023-01-30 15:53:44,853] {processor.py:153} INFO - Started process (PID=8303) to work on /c/Airflow/dags/pyspark_subdag.py
[2023-01-30 15:53:44,853] {processor.py:641} INFO - Processing file /c/Airflow/dags/pyspark_subdag.py for tasks to queue
[2023-01-30 15:53:44,854] {logging_mixin.py:115} INFO - [2023-01-30 15:53:44,854] {dagbag.py:507} INFO - Filling up the DagBag from /c/Airflow/dags/pyspark_subdag.py
[2023-01-30 15:53:45,033] {processor.py:653} WARNING - No viable dags retrieved from /c/Airflow/dags/pyspark_subdag.py
[2023-01-30 15:53:45,052] {processor.py:161} INFO - Processing /c/Airflow/dags/pyspark_subdag.py took 0.201 seconds
[2023-01-30 15:55:01,343] {processor.py:153} INFO - Started process (PID=8380) to work on /c/Airflow/dags/pyspark_subdag.py
[2023-01-30 15:55:01,344] {processor.py:641} INFO - Processing file /c/Airflow/dags/pyspark_subdag.py for tasks to queue
[2023-01-30 15:55:01,344] {logging_mixin.py:115} INFO - [2023-01-30 15:55:01,344] {dagbag.py:507} INFO - Filling up the DagBag from /c/Airflow/dags/pyspark_subdag.py
[2023-01-30 15:55:01,525] {processor.py:653} WARNING - No viable dags retrieved from /c/Airflow/dags/pyspark_subdag.py
[2023-01-30 15:55:01,544] {processor.py:161} INFO - Processing /c/Airflow/dags/pyspark_subdag.py took 0.203 seconds
[2023-01-30 15:56:19,169] {processor.py:153} INFO - Started process (PID=8455) to work on /c/Airflow/dags/pyspark_subdag.py
[2023-01-30 15:56:19,170] {processor.py:641} INFO - Processing file /c/Airflow/dags/pyspark_subdag.py for tasks to queue
[2023-01-30 15:56:19,171] {logging_mixin.py:115} INFO - [2023-01-30 15:56:19,171] {dagbag.py:507} INFO - Filling up the DagBag from /c/Airflow/dags/pyspark_subdag.py
[2023-01-30 15:56:19,355] {processor.py:653} WARNING - No viable dags retrieved from /c/Airflow/dags/pyspark_subdag.py
[2023-01-30 15:56:19,375] {processor.py:161} INFO - Processing /c/Airflow/dags/pyspark_subdag.py took 0.207 seconds
[2023-01-30 15:57:35,653] {processor.py:153} INFO - Started process (PID=8530) to work on /c/Airflow/dags/pyspark_subdag.py
[2023-01-30 15:57:35,654] {processor.py:641} INFO - Processing file /c/Airflow/dags/pyspark_subdag.py for tasks to queue
[2023-01-30 15:57:35,654] {logging_mixin.py:115} INFO - [2023-01-30 15:57:35,654] {dagbag.py:507} INFO - Filling up the DagBag from /c/Airflow/dags/pyspark_subdag.py
[2023-01-30 15:57:35,834] {processor.py:653} WARNING - No viable dags retrieved from /c/Airflow/dags/pyspark_subdag.py
[2023-01-30 15:57:35,865] {processor.py:161} INFO - Processing /c/Airflow/dags/pyspark_subdag.py took 0.213 seconds
[2023-01-30 15:58:53,423] {processor.py:153} INFO - Started process (PID=8606) to work on /c/Airflow/dags/pyspark_subdag.py
[2023-01-30 15:58:53,424] {processor.py:641} INFO - Processing file /c/Airflow/dags/pyspark_subdag.py for tasks to queue
[2023-01-30 15:58:53,425] {logging_mixin.py:115} INFO - [2023-01-30 15:58:53,424] {dagbag.py:507} INFO - Filling up the DagBag from /c/Airflow/dags/pyspark_subdag.py
[2023-01-30 15:58:53,603] {processor.py:653} WARNING - No viable dags retrieved from /c/Airflow/dags/pyspark_subdag.py
[2023-01-30 15:58:53,622] {processor.py:161} INFO - Processing /c/Airflow/dags/pyspark_subdag.py took 0.200 seconds
[2023-01-30 16:00:13,626] {processor.py:153} INFO - Started process (PID=8684) to work on /c/Airflow/dags/pyspark_subdag.py
[2023-01-30 16:00:13,626] {processor.py:641} INFO - Processing file /c/Airflow/dags/pyspark_subdag.py for tasks to queue
[2023-01-30 16:00:13,627] {logging_mixin.py:115} INFO - [2023-01-30 16:00:13,627] {dagbag.py:507} INFO - Filling up the DagBag from /c/Airflow/dags/pyspark_subdag.py
[2023-01-30 16:00:13,803] {processor.py:653} WARNING - No viable dags retrieved from /c/Airflow/dags/pyspark_subdag.py
[2023-01-30 16:00:13,821] {processor.py:161} INFO - Processing /c/Airflow/dags/pyspark_subdag.py took 0.197 seconds
[2023-01-30 16:01:39,054] {processor.py:153} INFO - Started process (PID=8762) to work on /c/Airflow/dags/pyspark_subdag.py
[2023-01-30 16:01:39,054] {processor.py:641} INFO - Processing file /c/Airflow/dags/pyspark_subdag.py for tasks to queue
[2023-01-30 16:01:39,055] {logging_mixin.py:115} INFO - [2023-01-30 16:01:39,055] {dagbag.py:507} INFO - Filling up the DagBag from /c/Airflow/dags/pyspark_subdag.py
[2023-01-30 16:01:39,253] {processor.py:653} WARNING - No viable dags retrieved from /c/Airflow/dags/pyspark_subdag.py
[2023-01-30 16:01:39,274] {processor.py:161} INFO - Processing /c/Airflow/dags/pyspark_subdag.py took 0.222 seconds
[2023-01-30 16:02:37,719] {processor.py:153} INFO - Started process (PID=8816) to work on /c/Airflow/dags/pyspark_subdag.py
[2023-01-30 16:02:37,720] {processor.py:641} INFO - Processing file /c/Airflow/dags/pyspark_subdag.py for tasks to queue
[2023-01-30 16:02:37,721] {logging_mixin.py:115} INFO - [2023-01-30 16:02:37,721] {dagbag.py:507} INFO - Filling up the DagBag from /c/Airflow/dags/pyspark_subdag.py
[2023-01-30 16:02:37,919] {processor.py:653} WARNING - No viable dags retrieved from /c/Airflow/dags/pyspark_subdag.py
[2023-01-30 16:02:37,939] {processor.py:161} INFO - Processing /c/Airflow/dags/pyspark_subdag.py took 0.222 seconds
[2023-01-30 16:04:02,759] {processor.py:153} INFO - Started process (PID=8895) to work on /c/Airflow/dags/pyspark_subdag.py
[2023-01-30 16:04:02,760] {processor.py:641} INFO - Processing file /c/Airflow/dags/pyspark_subdag.py for tasks to queue
[2023-01-30 16:04:02,761] {logging_mixin.py:115} INFO - [2023-01-30 16:04:02,761] {dagbag.py:507} INFO - Filling up the DagBag from /c/Airflow/dags/pyspark_subdag.py
[2023-01-30 16:04:02,977] {processor.py:653} WARNING - No viable dags retrieved from /c/Airflow/dags/pyspark_subdag.py
[2023-01-30 16:04:02,994] {processor.py:161} INFO - Processing /c/Airflow/dags/pyspark_subdag.py took 0.237 seconds
[2023-01-30 16:05:09,340] {processor.py:153} INFO - Started process (PID=8953) to work on /c/Airflow/dags/pyspark_subdag.py
[2023-01-30 16:05:09,341] {processor.py:641} INFO - Processing file /c/Airflow/dags/pyspark_subdag.py for tasks to queue
[2023-01-30 16:05:09,342] {logging_mixin.py:115} INFO - [2023-01-30 16:05:09,342] {dagbag.py:507} INFO - Filling up the DagBag from /c/Airflow/dags/pyspark_subdag.py
[2023-01-30 16:05:09,552] {processor.py:653} WARNING - No viable dags retrieved from /c/Airflow/dags/pyspark_subdag.py
[2023-01-30 16:05:09,580] {processor.py:161} INFO - Processing /c/Airflow/dags/pyspark_subdag.py took 0.241 seconds
[2023-01-30 16:06:19,053] {processor.py:153} INFO - Started process (PID=9013) to work on /c/Airflow/dags/pyspark_subdag.py
[2023-01-30 16:06:19,054] {processor.py:641} INFO - Processing file /c/Airflow/dags/pyspark_subdag.py for tasks to queue
[2023-01-30 16:06:19,055] {logging_mixin.py:115} INFO - [2023-01-30 16:06:19,055] {dagbag.py:507} INFO - Filling up the DagBag from /c/Airflow/dags/pyspark_subdag.py
[2023-01-30 16:06:19,280] {processor.py:653} WARNING - No viable dags retrieved from /c/Airflow/dags/pyspark_subdag.py
[2023-01-30 16:06:19,300] {processor.py:161} INFO - Processing /c/Airflow/dags/pyspark_subdag.py took 0.249 seconds
[2023-01-30 16:07:22,738] {processor.py:153} INFO - Started process (PID=9070) to work on /c/Airflow/dags/pyspark_subdag.py
[2023-01-30 16:07:22,739] {processor.py:641} INFO - Processing file /c/Airflow/dags/pyspark_subdag.py for tasks to queue
[2023-01-30 16:07:22,740] {logging_mixin.py:115} INFO - [2023-01-30 16:07:22,740] {dagbag.py:507} INFO - Filling up the DagBag from /c/Airflow/dags/pyspark_subdag.py
[2023-01-30 16:07:22,955] {processor.py:653} WARNING - No viable dags retrieved from /c/Airflow/dags/pyspark_subdag.py
[2023-01-30 16:07:22,974] {processor.py:161} INFO - Processing /c/Airflow/dags/pyspark_subdag.py took 0.238 seconds
[2023-01-30 16:08:26,119] {processor.py:153} INFO - Started process (PID=9124) to work on /c/Airflow/dags/pyspark_subdag.py
[2023-01-30 16:08:26,120] {processor.py:641} INFO - Processing file /c/Airflow/dags/pyspark_subdag.py for tasks to queue
[2023-01-30 16:08:26,121] {logging_mixin.py:115} INFO - [2023-01-30 16:08:26,120] {dagbag.py:507} INFO - Filling up the DagBag from /c/Airflow/dags/pyspark_subdag.py
[2023-01-30 16:08:26,332] {processor.py:653} WARNING - No viable dags retrieved from /c/Airflow/dags/pyspark_subdag.py
[2023-01-30 16:08:26,352] {processor.py:161} INFO - Processing /c/Airflow/dags/pyspark_subdag.py took 0.235 seconds
[2023-01-30 16:09:28,804] {processor.py:153} INFO - Started process (PID=9181) to work on /c/Airflow/dags/pyspark_subdag.py
[2023-01-30 16:09:28,805] {processor.py:641} INFO - Processing file /c/Airflow/dags/pyspark_subdag.py for tasks to queue
[2023-01-30 16:09:28,806] {logging_mixin.py:115} INFO - [2023-01-30 16:09:28,806] {dagbag.py:507} INFO - Filling up the DagBag from /c/Airflow/dags/pyspark_subdag.py
[2023-01-30 16:09:29,006] {processor.py:653} WARNING - No viable dags retrieved from /c/Airflow/dags/pyspark_subdag.py
[2023-01-30 16:09:29,029] {processor.py:161} INFO - Processing /c/Airflow/dags/pyspark_subdag.py took 0.226 seconds
[2023-01-30 16:10:30,780] {processor.py:153} INFO - Started process (PID=9237) to work on /c/Airflow/dags/pyspark_subdag.py
[2023-01-30 16:10:30,780] {processor.py:641} INFO - Processing file /c/Airflow/dags/pyspark_subdag.py for tasks to queue
[2023-01-30 16:10:30,781] {logging_mixin.py:115} INFO - [2023-01-30 16:10:30,781] {dagbag.py:507} INFO - Filling up the DagBag from /c/Airflow/dags/pyspark_subdag.py
[2023-01-30 16:10:30,992] {processor.py:653} WARNING - No viable dags retrieved from /c/Airflow/dags/pyspark_subdag.py
[2023-01-30 16:10:31,010] {processor.py:161} INFO - Processing /c/Airflow/dags/pyspark_subdag.py took 0.232 seconds
[2023-01-30 16:11:33,168] {processor.py:153} INFO - Started process (PID=9292) to work on /c/Airflow/dags/pyspark_subdag.py
[2023-01-30 16:11:33,169] {processor.py:641} INFO - Processing file /c/Airflow/dags/pyspark_subdag.py for tasks to queue
[2023-01-30 16:11:33,170] {logging_mixin.py:115} INFO - [2023-01-30 16:11:33,170] {dagbag.py:507} INFO - Filling up the DagBag from /c/Airflow/dags/pyspark_subdag.py
[2023-01-30 16:11:33,382] {processor.py:653} WARNING - No viable dags retrieved from /c/Airflow/dags/pyspark_subdag.py
[2023-01-30 16:11:33,408] {processor.py:161} INFO - Processing /c/Airflow/dags/pyspark_subdag.py took 0.242 seconds
[2023-01-30 16:12:34,586] {processor.py:153} INFO - Started process (PID=9347) to work on /c/Airflow/dags/pyspark_subdag.py
[2023-01-30 16:12:34,587] {processor.py:641} INFO - Processing file /c/Airflow/dags/pyspark_subdag.py for tasks to queue
[2023-01-30 16:12:34,588] {logging_mixin.py:115} INFO - [2023-01-30 16:12:34,588] {dagbag.py:507} INFO - Filling up the DagBag from /c/Airflow/dags/pyspark_subdag.py
[2023-01-30 16:12:34,796] {processor.py:653} WARNING - No viable dags retrieved from /c/Airflow/dags/pyspark_subdag.py
[2023-01-30 16:12:34,818] {processor.py:161} INFO - Processing /c/Airflow/dags/pyspark_subdag.py took 0.234 seconds
[2023-01-30 16:13:34,328] {processor.py:153} INFO - Started process (PID=9401) to work on /c/Airflow/dags/pyspark_subdag.py
[2023-01-30 16:13:34,329] {processor.py:641} INFO - Processing file /c/Airflow/dags/pyspark_subdag.py for tasks to queue
[2023-01-30 16:13:34,330] {logging_mixin.py:115} INFO - [2023-01-30 16:13:34,330] {dagbag.py:507} INFO - Filling up the DagBag from /c/Airflow/dags/pyspark_subdag.py
[2023-01-30 16:13:34,526] {processor.py:653} WARNING - No viable dags retrieved from /c/Airflow/dags/pyspark_subdag.py
[2023-01-30 16:13:34,548] {processor.py:161} INFO - Processing /c/Airflow/dags/pyspark_subdag.py took 0.221 seconds
[2023-01-30 16:14:35,827] {processor.py:153} INFO - Started process (PID=9457) to work on /c/Airflow/dags/pyspark_subdag.py
[2023-01-30 16:14:35,828] {processor.py:641} INFO - Processing file /c/Airflow/dags/pyspark_subdag.py for tasks to queue
[2023-01-30 16:14:35,829] {logging_mixin.py:115} INFO - [2023-01-30 16:14:35,829] {dagbag.py:507} INFO - Filling up the DagBag from /c/Airflow/dags/pyspark_subdag.py
[2023-01-30 16:14:36,025] {processor.py:653} WARNING - No viable dags retrieved from /c/Airflow/dags/pyspark_subdag.py
[2023-01-30 16:14:36,045] {processor.py:161} INFO - Processing /c/Airflow/dags/pyspark_subdag.py took 0.220 seconds
[2023-01-30 16:15:34,419] {processor.py:153} INFO - Started process (PID=9511) to work on /c/Airflow/dags/pyspark_subdag.py
[2023-01-30 16:15:34,420] {processor.py:641} INFO - Processing file /c/Airflow/dags/pyspark_subdag.py for tasks to queue
[2023-01-30 16:15:34,420] {logging_mixin.py:115} INFO - [2023-01-30 16:15:34,420] {dagbag.py:507} INFO - Filling up the DagBag from /c/Airflow/dags/pyspark_subdag.py
[2023-01-30 16:15:34,617] {processor.py:653} WARNING - No viable dags retrieved from /c/Airflow/dags/pyspark_subdag.py
[2023-01-30 16:15:34,636] {processor.py:161} INFO - Processing /c/Airflow/dags/pyspark_subdag.py took 0.219 seconds
[2023-01-30 16:16:31,316] {processor.py:153} INFO - Started process (PID=9565) to work on /c/Airflow/dags/pyspark_subdag.py
[2023-01-30 16:16:31,317] {processor.py:641} INFO - Processing file /c/Airflow/dags/pyspark_subdag.py for tasks to queue
[2023-01-30 16:16:31,318] {logging_mixin.py:115} INFO - [2023-01-30 16:16:31,318] {dagbag.py:507} INFO - Filling up the DagBag from /c/Airflow/dags/pyspark_subdag.py
[2023-01-30 16:16:31,514] {processor.py:653} WARNING - No viable dags retrieved from /c/Airflow/dags/pyspark_subdag.py
[2023-01-30 16:16:31,533] {processor.py:161} INFO - Processing /c/Airflow/dags/pyspark_subdag.py took 0.219 seconds
[2023-01-30 16:18:00,048] {processor.py:153} INFO - Started process (PID=9644) to work on /c/Airflow/dags/pyspark_subdag.py
[2023-01-30 16:18:00,048] {processor.py:641} INFO - Processing file /c/Airflow/dags/pyspark_subdag.py for tasks to queue
[2023-01-30 16:18:00,049] {logging_mixin.py:115} INFO - [2023-01-30 16:18:00,049] {dagbag.py:507} INFO - Filling up the DagBag from /c/Airflow/dags/pyspark_subdag.py
[2023-01-30 16:18:00,248] {processor.py:653} WARNING - No viable dags retrieved from /c/Airflow/dags/pyspark_subdag.py
[2023-01-30 16:18:00,267] {processor.py:161} INFO - Processing /c/Airflow/dags/pyspark_subdag.py took 0.222 seconds
[2023-01-30 16:18:59,942] {processor.py:153} INFO - Started process (PID=9700) to work on /c/Airflow/dags/pyspark_subdag.py
[2023-01-30 16:18:59,943] {processor.py:641} INFO - Processing file /c/Airflow/dags/pyspark_subdag.py for tasks to queue
[2023-01-30 16:18:59,944] {logging_mixin.py:115} INFO - [2023-01-30 16:18:59,944] {dagbag.py:507} INFO - Filling up the DagBag from /c/Airflow/dags/pyspark_subdag.py
[2023-01-30 16:19:00,139] {processor.py:653} WARNING - No viable dags retrieved from /c/Airflow/dags/pyspark_subdag.py
[2023-01-30 16:19:00,163] {processor.py:161} INFO - Processing /c/Airflow/dags/pyspark_subdag.py took 0.222 seconds
[2023-01-30 16:20:30,445] {processor.py:153} INFO - Started process (PID=9781) to work on /c/Airflow/dags/pyspark_subdag.py
[2023-01-30 16:20:30,445] {processor.py:641} INFO - Processing file /c/Airflow/dags/pyspark_subdag.py for tasks to queue
[2023-01-30 16:20:30,446] {logging_mixin.py:115} INFO - [2023-01-30 16:20:30,446] {dagbag.py:507} INFO - Filling up the DagBag from /c/Airflow/dags/pyspark_subdag.py
[2023-01-30 16:20:30,653] {processor.py:653} WARNING - No viable dags retrieved from /c/Airflow/dags/pyspark_subdag.py
[2023-01-30 16:20:30,676] {processor.py:161} INFO - Processing /c/Airflow/dags/pyspark_subdag.py took 0.233 seconds
[2023-01-30 16:21:35,291] {processor.py:153} INFO - Started process (PID=9838) to work on /c/Airflow/dags/pyspark_subdag.py
[2023-01-30 16:21:35,292] {processor.py:641} INFO - Processing file /c/Airflow/dags/pyspark_subdag.py for tasks to queue
[2023-01-30 16:21:35,293] {logging_mixin.py:115} INFO - [2023-01-30 16:21:35,293] {dagbag.py:507} INFO - Filling up the DagBag from /c/Airflow/dags/pyspark_subdag.py
[2023-01-30 16:21:35,585] {processor.py:653} WARNING - No viable dags retrieved from /c/Airflow/dags/pyspark_subdag.py
[2023-01-30 16:21:35,620] {processor.py:161} INFO - Processing /c/Airflow/dags/pyspark_subdag.py took 0.332 seconds
[2023-01-30 16:22:38,895] {processor.py:153} INFO - Started process (PID=9893) to work on /c/Airflow/dags/pyspark_subdag.py
[2023-01-30 16:22:38,896] {processor.py:641} INFO - Processing file /c/Airflow/dags/pyspark_subdag.py for tasks to queue
[2023-01-30 16:22:38,897] {logging_mixin.py:115} INFO - [2023-01-30 16:22:38,896] {dagbag.py:507} INFO - Filling up the DagBag from /c/Airflow/dags/pyspark_subdag.py
[2023-01-30 16:22:39,107] {processor.py:653} WARNING - No viable dags retrieved from /c/Airflow/dags/pyspark_subdag.py
[2023-01-30 16:22:39,128] {processor.py:161} INFO - Processing /c/Airflow/dags/pyspark_subdag.py took 0.234 seconds
[2023-01-30 16:24:08,813] {processor.py:153} INFO - Started process (PID=9973) to work on /c/Airflow/dags/pyspark_subdag.py
[2023-01-30 16:24:08,814] {processor.py:641} INFO - Processing file /c/Airflow/dags/pyspark_subdag.py for tasks to queue
[2023-01-30 16:24:08,815] {logging_mixin.py:115} INFO - [2023-01-30 16:24:08,814] {dagbag.py:507} INFO - Filling up the DagBag from /c/Airflow/dags/pyspark_subdag.py
[2023-01-30 16:24:09,019] {processor.py:653} WARNING - No viable dags retrieved from /c/Airflow/dags/pyspark_subdag.py
[2023-01-30 16:24:09,041] {processor.py:161} INFO - Processing /c/Airflow/dags/pyspark_subdag.py took 0.230 seconds
[2023-01-30 16:25:12,423] {processor.py:153} INFO - Started process (PID=10030) to work on /c/Airflow/dags/pyspark_subdag.py
[2023-01-30 16:25:12,424] {processor.py:641} INFO - Processing file /c/Airflow/dags/pyspark_subdag.py for tasks to queue
[2023-01-30 16:25:12,425] {logging_mixin.py:115} INFO - [2023-01-30 16:25:12,425] {dagbag.py:507} INFO - Filling up the DagBag from /c/Airflow/dags/pyspark_subdag.py
[2023-01-30 16:25:12,644] {processor.py:653} WARNING - No viable dags retrieved from /c/Airflow/dags/pyspark_subdag.py
[2023-01-30 16:25:12,665] {processor.py:161} INFO - Processing /c/Airflow/dags/pyspark_subdag.py took 0.244 seconds
[2023-01-30 16:26:12,957] {processor.py:153} INFO - Started process (PID=10084) to work on /c/Airflow/dags/pyspark_subdag.py
[2023-01-30 16:26:12,957] {processor.py:641} INFO - Processing file /c/Airflow/dags/pyspark_subdag.py for tasks to queue
[2023-01-30 16:26:12,958] {logging_mixin.py:115} INFO - [2023-01-30 16:26:12,958] {dagbag.py:507} INFO - Filling up the DagBag from /c/Airflow/dags/pyspark_subdag.py
[2023-01-30 16:26:13,161] {processor.py:653} WARNING - No viable dags retrieved from /c/Airflow/dags/pyspark_subdag.py
[2023-01-30 16:26:13,181] {processor.py:161} INFO - Processing /c/Airflow/dags/pyspark_subdag.py took 0.227 seconds
[2023-01-30 16:27:21,713] {processor.py:153} INFO - Started process (PID=10141) to work on /c/Airflow/dags/pyspark_subdag.py
[2023-01-30 16:27:21,729] {processor.py:641} INFO - Processing file /c/Airflow/dags/pyspark_subdag.py for tasks to queue
[2023-01-30 16:27:21,745] {logging_mixin.py:115} INFO - [2023-01-30 16:27:21,745] {dagbag.py:507} INFO - Filling up the DagBag from /c/Airflow/dags/pyspark_subdag.py
[2023-01-30 16:27:22,471] {processor.py:653} WARNING - No viable dags retrieved from /c/Airflow/dags/pyspark_subdag.py
[2023-01-30 16:27:22,780] {processor.py:161} INFO - Processing /c/Airflow/dags/pyspark_subdag.py took 1.069 seconds
[2023-01-30 16:28:54,911] {processor.py:153} INFO - Started process (PID=10210) to work on /c/Airflow/dags/pyspark_subdag.py
[2023-01-30 16:28:54,912] {processor.py:641} INFO - Processing file /c/Airflow/dags/pyspark_subdag.py for tasks to queue
[2023-01-30 16:28:54,912] {logging_mixin.py:115} INFO - [2023-01-30 16:28:54,912] {dagbag.py:507} INFO - Filling up the DagBag from /c/Airflow/dags/pyspark_subdag.py
[2023-01-30 16:28:55,125] {processor.py:653} WARNING - No viable dags retrieved from /c/Airflow/dags/pyspark_subdag.py
[2023-01-30 16:28:55,155] {processor.py:161} INFO - Processing /c/Airflow/dags/pyspark_subdag.py took 0.246 seconds
[2023-01-30 16:30:00,632] {processor.py:153} INFO - Started process (PID=10267) to work on /c/Airflow/dags/pyspark_subdag.py
[2023-01-30 16:30:00,633] {processor.py:641} INFO - Processing file /c/Airflow/dags/pyspark_subdag.py for tasks to queue
[2023-01-30 16:30:00,634] {logging_mixin.py:115} INFO - [2023-01-30 16:30:00,634] {dagbag.py:507} INFO - Filling up the DagBag from /c/Airflow/dags/pyspark_subdag.py
[2023-01-30 16:30:00,841] {processor.py:653} WARNING - No viable dags retrieved from /c/Airflow/dags/pyspark_subdag.py
[2023-01-30 16:30:00,862] {processor.py:161} INFO - Processing /c/Airflow/dags/pyspark_subdag.py took 0.232 seconds
[2023-01-30 16:31:02,702] {processor.py:153} INFO - Started process (PID=10322) to work on /c/Airflow/dags/pyspark_subdag.py
[2023-01-30 16:31:02,703] {processor.py:641} INFO - Processing file /c/Airflow/dags/pyspark_subdag.py for tasks to queue
[2023-01-30 16:31:02,704] {logging_mixin.py:115} INFO - [2023-01-30 16:31:02,704] {dagbag.py:507} INFO - Filling up the DagBag from /c/Airflow/dags/pyspark_subdag.py
[2023-01-30 16:31:02,896] {processor.py:653} WARNING - No viable dags retrieved from /c/Airflow/dags/pyspark_subdag.py
[2023-01-30 16:31:02,918] {processor.py:161} INFO - Processing /c/Airflow/dags/pyspark_subdag.py took 0.217 seconds
[2023-01-30 16:32:03,077] {processor.py:153} INFO - Started process (PID=10377) to work on /c/Airflow/dags/pyspark_subdag.py
[2023-01-30 16:32:03,078] {processor.py:641} INFO - Processing file /c/Airflow/dags/pyspark_subdag.py for tasks to queue
[2023-01-30 16:32:03,079] {logging_mixin.py:115} INFO - [2023-01-30 16:32:03,079] {dagbag.py:507} INFO - Filling up the DagBag from /c/Airflow/dags/pyspark_subdag.py
[2023-01-30 16:32:03,274] {processor.py:653} WARNING - No viable dags retrieved from /c/Airflow/dags/pyspark_subdag.py
[2023-01-30 16:32:03,294] {processor.py:161} INFO - Processing /c/Airflow/dags/pyspark_subdag.py took 0.219 seconds
[2023-01-30 16:33:04,123] {processor.py:153} INFO - Started process (PID=10431) to work on /c/Airflow/dags/pyspark_subdag.py
[2023-01-30 16:33:04,124] {processor.py:641} INFO - Processing file /c/Airflow/dags/pyspark_subdag.py for tasks to queue
[2023-01-30 16:33:04,125] {logging_mixin.py:115} INFO - [2023-01-30 16:33:04,125] {dagbag.py:507} INFO - Filling up the DagBag from /c/Airflow/dags/pyspark_subdag.py
[2023-01-30 16:33:04,342] {processor.py:653} WARNING - No viable dags retrieved from /c/Airflow/dags/pyspark_subdag.py
[2023-01-30 16:33:04,362] {processor.py:161} INFO - Processing /c/Airflow/dags/pyspark_subdag.py took 0.241 seconds
[2023-01-30 16:34:13,628] {processor.py:153} INFO - Started process (PID=10490) to work on /c/Airflow/dags/pyspark_subdag.py
[2023-01-30 16:34:13,630] {processor.py:641} INFO - Processing file /c/Airflow/dags/pyspark_subdag.py for tasks to queue
[2023-01-30 16:34:13,631] {logging_mixin.py:115} INFO - [2023-01-30 16:34:13,631] {dagbag.py:507} INFO - Filling up the DagBag from /c/Airflow/dags/pyspark_subdag.py
[2023-01-30 16:34:13,878] {processor.py:653} WARNING - No viable dags retrieved from /c/Airflow/dags/pyspark_subdag.py
[2023-01-30 16:34:13,904] {processor.py:161} INFO - Processing /c/Airflow/dags/pyspark_subdag.py took 0.278 seconds
[2023-01-30 16:35:15,102] {processor.py:153} INFO - Started process (PID=10545) to work on /c/Airflow/dags/pyspark_subdag.py
[2023-01-30 16:35:15,102] {processor.py:641} INFO - Processing file /c/Airflow/dags/pyspark_subdag.py for tasks to queue
[2023-01-30 16:35:15,103] {logging_mixin.py:115} INFO - [2023-01-30 16:35:15,103] {dagbag.py:507} INFO - Filling up the DagBag from /c/Airflow/dags/pyspark_subdag.py
[2023-01-30 16:35:15,356] {processor.py:653} WARNING - No viable dags retrieved from /c/Airflow/dags/pyspark_subdag.py
[2023-01-30 16:35:15,390] {processor.py:161} INFO - Processing /c/Airflow/dags/pyspark_subdag.py took 0.290 seconds
[2023-01-30 16:36:18,634] {processor.py:153} INFO - Started process (PID=10600) to work on /c/Airflow/dags/pyspark_subdag.py
[2023-01-30 16:36:18,635] {processor.py:641} INFO - Processing file /c/Airflow/dags/pyspark_subdag.py for tasks to queue
[2023-01-30 16:36:18,637] {logging_mixin.py:115} INFO - [2023-01-30 16:36:18,637] {dagbag.py:507} INFO - Filling up the DagBag from /c/Airflow/dags/pyspark_subdag.py
[2023-01-30 16:36:18,854] {processor.py:653} WARNING - No viable dags retrieved from /c/Airflow/dags/pyspark_subdag.py
[2023-01-30 16:36:18,874] {processor.py:161} INFO - Processing /c/Airflow/dags/pyspark_subdag.py took 0.242 seconds
[2023-01-30 16:37:19,015] {processor.py:153} INFO - Started process (PID=10655) to work on /c/Airflow/dags/pyspark_subdag.py
[2023-01-30 16:37:19,016] {processor.py:641} INFO - Processing file /c/Airflow/dags/pyspark_subdag.py for tasks to queue
[2023-01-30 16:37:19,016] {logging_mixin.py:115} INFO - [2023-01-30 16:37:19,016] {dagbag.py:507} INFO - Filling up the DagBag from /c/Airflow/dags/pyspark_subdag.py
[2023-01-30 16:37:19,218] {processor.py:653} WARNING - No viable dags retrieved from /c/Airflow/dags/pyspark_subdag.py
[2023-01-30 16:37:19,240] {processor.py:161} INFO - Processing /c/Airflow/dags/pyspark_subdag.py took 0.227 seconds
[2023-01-30 16:38:53,669] {processor.py:153} INFO - Started process (PID=10739) to work on /c/Airflow/dags/pyspark_subdag.py
[2023-01-30 16:38:53,669] {processor.py:641} INFO - Processing file /c/Airflow/dags/pyspark_subdag.py for tasks to queue
[2023-01-30 16:38:53,670] {logging_mixin.py:115} INFO - [2023-01-30 16:38:53,670] {dagbag.py:507} INFO - Filling up the DagBag from /c/Airflow/dags/pyspark_subdag.py
[2023-01-30 16:38:53,870] {processor.py:653} WARNING - No viable dags retrieved from /c/Airflow/dags/pyspark_subdag.py
[2023-01-30 16:38:53,890] {processor.py:161} INFO - Processing /c/Airflow/dags/pyspark_subdag.py took 0.223 seconds
[2023-01-30 16:39:56,266] {processor.py:153} INFO - Started process (PID=10794) to work on /c/Airflow/dags/pyspark_subdag.py
[2023-01-30 16:39:56,266] {processor.py:641} INFO - Processing file /c/Airflow/dags/pyspark_subdag.py for tasks to queue
[2023-01-30 16:39:56,267] {logging_mixin.py:115} INFO - [2023-01-30 16:39:56,267] {dagbag.py:507} INFO - Filling up the DagBag from /c/Airflow/dags/pyspark_subdag.py
[2023-01-30 16:39:56,509] {processor.py:653} WARNING - No viable dags retrieved from /c/Airflow/dags/pyspark_subdag.py
[2023-01-30 16:39:56,538] {processor.py:161} INFO - Processing /c/Airflow/dags/pyspark_subdag.py took 0.274 seconds
[2023-01-30 16:41:00,635] {processor.py:153} INFO - Started process (PID=10851) to work on /c/Airflow/dags/pyspark_subdag.py
[2023-01-30 16:41:00,635] {processor.py:641} INFO - Processing file /c/Airflow/dags/pyspark_subdag.py for tasks to queue
[2023-01-30 16:41:00,636] {logging_mixin.py:115} INFO - [2023-01-30 16:41:00,636] {dagbag.py:507} INFO - Filling up the DagBag from /c/Airflow/dags/pyspark_subdag.py
[2023-01-30 16:41:00,832] {processor.py:653} WARNING - No viable dags retrieved from /c/Airflow/dags/pyspark_subdag.py
[2023-01-30 16:41:00,851] {processor.py:161} INFO - Processing /c/Airflow/dags/pyspark_subdag.py took 0.218 seconds
[2023-01-30 16:42:02,381] {processor.py:153} INFO - Started process (PID=10905) to work on /c/Airflow/dags/pyspark_subdag.py
[2023-01-30 16:42:02,382] {processor.py:641} INFO - Processing file /c/Airflow/dags/pyspark_subdag.py for tasks to queue
[2023-01-30 16:42:02,382] {logging_mixin.py:115} INFO - [2023-01-30 16:42:02,382] {dagbag.py:507} INFO - Filling up the DagBag from /c/Airflow/dags/pyspark_subdag.py
[2023-01-30 16:42:02,616] {processor.py:653} WARNING - No viable dags retrieved from /c/Airflow/dags/pyspark_subdag.py
[2023-01-30 16:42:02,635] {processor.py:161} INFO - Processing /c/Airflow/dags/pyspark_subdag.py took 0.256 seconds
[2023-01-30 16:43:04,669] {processor.py:153} INFO - Started process (PID=10962) to work on /c/Airflow/dags/pyspark_subdag.py
[2023-01-30 16:43:04,670] {processor.py:641} INFO - Processing file /c/Airflow/dags/pyspark_subdag.py for tasks to queue
[2023-01-30 16:43:04,671] {logging_mixin.py:115} INFO - [2023-01-30 16:43:04,671] {dagbag.py:507} INFO - Filling up the DagBag from /c/Airflow/dags/pyspark_subdag.py
[2023-01-30 16:43:04,874] {processor.py:653} WARNING - No viable dags retrieved from /c/Airflow/dags/pyspark_subdag.py
[2023-01-30 16:43:04,896] {processor.py:161} INFO - Processing /c/Airflow/dags/pyspark_subdag.py took 0.228 seconds
[2023-01-30 16:44:06,897] {processor.py:153} INFO - Started process (PID=11016) to work on /c/Airflow/dags/pyspark_subdag.py
[2023-01-30 16:44:06,898] {processor.py:641} INFO - Processing file /c/Airflow/dags/pyspark_subdag.py for tasks to queue
[2023-01-30 16:44:06,898] {logging_mixin.py:115} INFO - [2023-01-30 16:44:06,898] {dagbag.py:507} INFO - Filling up the DagBag from /c/Airflow/dags/pyspark_subdag.py
[2023-01-30 16:44:07,102] {processor.py:653} WARNING - No viable dags retrieved from /c/Airflow/dags/pyspark_subdag.py
[2023-01-30 16:44:07,125] {processor.py:161} INFO - Processing /c/Airflow/dags/pyspark_subdag.py took 0.230 seconds
[2023-01-30 16:45:11,414] {processor.py:153} INFO - Started process (PID=11073) to work on /c/Airflow/dags/pyspark_subdag.py
[2023-01-30 16:45:11,415] {processor.py:641} INFO - Processing file /c/Airflow/dags/pyspark_subdag.py for tasks to queue
[2023-01-30 16:45:11,416] {logging_mixin.py:115} INFO - [2023-01-30 16:45:11,415] {dagbag.py:507} INFO - Filling up the DagBag from /c/Airflow/dags/pyspark_subdag.py
[2023-01-30 16:45:11,630] {processor.py:653} WARNING - No viable dags retrieved from /c/Airflow/dags/pyspark_subdag.py
[2023-01-30 16:45:11,652] {processor.py:161} INFO - Processing /c/Airflow/dags/pyspark_subdag.py took 0.240 seconds
