[2023-02-01 18:03:52,410] {taskinstance.py:1159} INFO - Dependencies all met for <TaskInstance: 6_dataproc_airflow.delete_cluster scheduled__2023-02-01T00:00:00+00:00 [queued]>
[2023-02-01 18:03:52,422] {taskinstance.py:1159} INFO - Dependencies all met for <TaskInstance: 6_dataproc_airflow.delete_cluster scheduled__2023-02-01T00:00:00+00:00 [queued]>
[2023-02-01 18:03:52,423] {taskinstance.py:1356} INFO - 
--------------------------------------------------------------------------------
[2023-02-01 18:03:52,425] {taskinstance.py:1357} INFO - Starting attempt 1 of 1
[2023-02-01 18:03:52,425] {taskinstance.py:1358} INFO - 
--------------------------------------------------------------------------------
[2023-02-01 18:03:52,452] {taskinstance.py:1377} INFO - Executing <Task(DataprocDeleteClusterOperator): delete_cluster> on 2023-02-01 00:00:00+00:00
[2023-02-01 18:03:52,454] {standard_task_runner.py:52} INFO - Started process 14460 to run task
[2023-02-01 18:03:52,456] {standard_task_runner.py:79} INFO - Running: ['airflow', 'tasks', 'run', '6_dataproc_airflow', 'delete_cluster', 'scheduled__2023-02-01T00:00:00+00:00', '--job-id', '143', '--raw', '--subdir', 'DAGS_FOLDER/Airflow2_0_De_0_a_Heroe/6_dataproc_airflow.py', '--cfg-path', '/tmp/tmpkdef9mvk', '--error-file', '/tmp/tmpf5_9w6fn']
[2023-02-01 18:03:52,457] {standard_task_runner.py:80} INFO - Job 143: Subtask delete_cluster
[2023-02-01 18:03:52,522] {task_command.py:369} INFO - Running <TaskInstance: 6_dataproc_airflow.delete_cluster scheduled__2023-02-01T00:00:00+00:00 [running]> on host Tinmar.
[2023-02-01 18:03:52,621] {taskinstance.py:1569} INFO - Exporting the following env vars:
AIRFLOW_CTX_DAG_OWNER=David S
AIRFLOW_CTX_DAG_ID=6_dataproc_airflow
AIRFLOW_CTX_TASK_ID=delete_cluster
AIRFLOW_CTX_EXECUTION_DATE=2023-02-01T00:00:00+00:00
AIRFLOW_CTX_TRY_NUMBER=1
AIRFLOW_CTX_DAG_RUN_ID=scheduled__2023-02-01T00:00:00+00:00
[2023-02-01 18:03:52,633] {base.py:68} INFO - Using connection ID 'google_cloud_default' for task execution.
[2023-02-01 18:03:52,634] {dataproc.py:817} INFO - Deleting cluster: airflow-spark-cluster
[2023-02-01 18:04:18,844] {dataproc.py:829} INFO - Cluster deleted.
[2023-02-01 18:04:18,862] {taskinstance.py:1395} INFO - Marking task as SUCCESS. dag_id=6_dataproc_airflow, task_id=delete_cluster, execution_date=20230201T000000, start_date=20230202T000352, end_date=20230202T000418
[2023-02-01 18:04:18,901] {local_task_job.py:156} INFO - Task exited with return code 0
