[2023-02-16T14:01:45.751-0600] {taskinstance.py:1165} INFO - Dependencies all met for <TaskInstance: producer.update_dataset manual__2023-02-16T20:01:44.330095+00:00 [queued]>
[2023-02-16T14:01:45.765-0600] {taskinstance.py:1165} INFO - Dependencies all met for <TaskInstance: producer.update_dataset manual__2023-02-16T20:01:44.330095+00:00 [queued]>
[2023-02-16T14:01:45.766-0600] {taskinstance.py:1362} INFO - 
--------------------------------------------------------------------------------
[2023-02-16T14:01:45.767-0600] {taskinstance.py:1363} INFO - Starting attempt 1 of 1
[2023-02-16T14:01:45.768-0600] {taskinstance.py:1364} INFO - 
--------------------------------------------------------------------------------
[2023-02-16T14:01:45.784-0600] {taskinstance.py:1383} INFO - Executing <Task(_PythonDecoratedOperator): update_dataset> on 2023-02-16 20:01:44.330095+00:00
[2023-02-16T14:01:45.788-0600] {standard_task_runner.py:54} INFO - Started process 125954 to run task
[2023-02-16T14:01:45.792-0600] {standard_task_runner.py:82} INFO - Running: ['***', 'tasks', 'run', 'producer', 'update_dataset', 'manual__2023-02-16T20:01:44.330095+00:00', '--job-id', '290', '--raw', '--subdir', 'DAGS_FOLDER/Introduction_to_Apache_Airflow/producer.py', '--cfg-path', '/tmp/tmp8rarpigs']
[2023-02-16T14:01:45.795-0600] {standard_task_runner.py:83} INFO - Job 290: Subtask update_dataset
[2023-02-16T14:01:45.797-0600] {dagbag.py:525} INFO - Filling up the DagBag from /c/Airflow/dags/Introduction_to_Apache_Airflow/producer.py
[2023-02-16T14:01:46.007-0600] {task_command.py:384} INFO - Running <TaskInstance: producer.update_dataset manual__2023-02-16T20:01:44.330095+00:00 [running]> on host Tinmar.
[2023-02-16T14:01:46.089-0600] {taskinstance.py:1590} INFO - Exporting the following env vars:
AIRFLOW_CTX_DAG_OWNER=***
AIRFLOW_CTX_DAG_ID=producer
AIRFLOW_CTX_TASK_ID=update_dataset
AIRFLOW_CTX_EXECUTION_DATE=2023-02-16T20:01:44.330095+00:00
AIRFLOW_CTX_TRY_NUMBER=1
AIRFLOW_CTX_DAG_RUN_ID=manual__2023-02-16T20:01:44.330095+00:00
[2023-02-16T14:01:46.091-0600] {python.py:177} INFO - Done. Returned value was: None
[2023-02-16T14:01:46.095-0600] {logging_mixin.py:117} WARNING - /home/tinmar/.local/lib/python3.10/site-packages/***/models/baseoperator.py:1390 RemovedInAirflow3Warning: Passing 'execution_date' to 'TaskInstance.xcom_push()' is deprecated.
[2023-02-16T14:01:46.130-0600] {taskinstance.py:1401} INFO - Marking task as SUCCESS. dag_id=producer, task_id=update_dataset, execution_date=20230216T200144, start_date=20230216T200145, end_date=20230216T200146
[2023-02-16T14:01:46.180-0600] {local_task_job.py:164} INFO - Task exited with return code 0
[2023-02-16T14:01:46.205-0600] {local_task_job.py:273} INFO - 0 downstream tasks scheduled from follow-on schedule check
