[2023-02-01 11:58:34,340] {taskinstance.py:1159} INFO - Dependencies all met for <TaskInstance: 4_jinja_airflowmacros.tabla_resumen manual__2023-02-01T17:58:20.452635+00:00 [queued]>
[2023-02-01 11:58:34,352] {taskinstance.py:1159} INFO - Dependencies all met for <TaskInstance: 4_jinja_airflowmacros.tabla_resumen manual__2023-02-01T17:58:20.452635+00:00 [queued]>
[2023-02-01 11:58:34,353] {taskinstance.py:1356} INFO - 
--------------------------------------------------------------------------------
[2023-02-01 11:58:34,353] {taskinstance.py:1357} INFO - Starting attempt 1 of 1
[2023-02-01 11:58:34,353] {taskinstance.py:1358} INFO - 
--------------------------------------------------------------------------------
[2023-02-01 11:58:34,380] {taskinstance.py:1377} INFO - Executing <Task(BigQueryExecuteQueryOperator): tabla_resumen> on 2023-02-01 17:58:20.452635+00:00
[2023-02-01 11:58:34,383] {standard_task_runner.py:52} INFO - Started process 3071 to run task
[2023-02-01 11:58:34,385] {standard_task_runner.py:79} INFO - Running: ['airflow', 'tasks', 'run', '4_jinja_airflowmacros', 'tabla_resumen', 'manual__2023-02-01T17:58:20.452635+00:00', '--job-id', '112', '--raw', '--subdir', 'DAGS_FOLDER/Airflow2.0-De-0-a-Heroe/4_jinja_airflowmacros.py', '--cfg-path', '/tmp/tmpy7ntuend', '--error-file', '/tmp/tmpjxrx5yzq']
[2023-02-01 11:58:34,386] {standard_task_runner.py:80} INFO - Job 112: Subtask tabla_resumen
[2023-02-01 11:58:34,449] {task_command.py:369} INFO - Running <TaskInstance: 4_jinja_airflowmacros.tabla_resumen manual__2023-02-01T17:58:20.452635+00:00 [running]> on host Tinmar.
[2023-02-01 11:58:34,549] {taskinstance.py:1569} INFO - Exporting the following env vars:
AIRFLOW_CTX_DAG_OWNER=David Sanchez
AIRFLOW_CTX_DAG_ID=4_jinja_airflowmacros
AIRFLOW_CTX_TASK_ID=tabla_resumen
AIRFLOW_CTX_EXECUTION_DATE=2023-02-01T17:58:20.452635+00:00
AIRFLOW_CTX_TRY_NUMBER=1
AIRFLOW_CTX_DAG_RUN_ID=manual__2023-02-01T17:58:20.452635+00:00
[2023-02-01 11:58:34,550] {bigquery.py:1077} INFO - Executing: 
        SELECT
            `year`,
            `area`,
            ROUND(AVG(`total_inc`), 4) AS avg_income
        FROM
            `serene-gradient-371719.airflow_trabajo.retail_years_jinja_macros`
        GROUP BY
            `year`,
            `area`
        ORDER BY
            `area` ASC
        
[2023-02-01 11:58:34,561] {base.py:68} INFO - Using connection ID 'google_cloud_default' for task execution.
[2023-02-01 11:58:34,565] {logging_mixin.py:115} WARNING - /home/tinmar/.local/lib/python3.10/site-packages/airflow/providers/google/cloud/hooks/bigquery.py:2050 DeprecationWarning: This method is deprecated. Please use `BigQueryHook.insert_job` method.
[2023-02-01 11:58:34,602] {bigquery.py:1542} INFO - Inserting job airflow_1675274314602544_cec0bd099431d21558abbac77e21e5c4
[2023-02-01 11:58:37,432] {taskinstance.py:1395} INFO - Marking task as SUCCESS. dag_id=4_jinja_airflowmacros, task_id=tabla_resumen, execution_date=20230201T175820, start_date=20230201T175834, end_date=20230201T175837
[2023-02-01 11:58:37,500] {local_task_job.py:156} INFO - Task exited with return code 0
[2023-02-01 11:58:37,568] {local_task_job.py:273} INFO - 1 downstream tasks scheduled from follow-on schedule check
