[2023-02-20T09:18:19.199-0600] {taskinstance.py:1165} INFO - Dependencies all met for <TaskInstance: 5_task_group.downloads.download_c scheduled__2023-02-19T00:00:00+00:00 [queued]>
[2023-02-20T09:18:19.256-0600] {taskinstance.py:1165} INFO - Dependencies all met for <TaskInstance: 5_task_group.downloads.download_c scheduled__2023-02-19T00:00:00+00:00 [queued]>
[2023-02-20T09:18:19.270-0600] {taskinstance.py:1362} INFO - 
--------------------------------------------------------------------------------
[2023-02-20T09:18:19.310-0600] {taskinstance.py:1363} INFO - Starting attempt 1 of 1
[2023-02-20T09:18:19.317-0600] {taskinstance.py:1364} INFO - 
--------------------------------------------------------------------------------
[2023-02-20T09:18:19.382-0600] {taskinstance.py:1383} INFO - Executing <Task(BashOperator): downloads.download_c> on 2023-02-19 00:00:00+00:00
[2023-02-20T09:18:19.403-0600] {standard_task_runner.py:54} INFO - Started process 197655 to run task
[2023-02-20T09:18:19.432-0600] {standard_task_runner.py:82} INFO - Running: ['***', 'tasks', 'run', '5_task_group', 'downloads.download_c', 'scheduled__2023-02-19T00:00:00+00:00', '--job-id', '536', '--raw', '--subdir', 'DAGS_FOLDER/Introduction_to_Apache_Airflow/5_task_group.py', '--cfg-path', '/tmp/tmpe9zgw_7_']
[2023-02-20T09:18:19.446-0600] {standard_task_runner.py:83} INFO - Job 536: Subtask downloads.download_c
[2023-02-20T09:18:19.457-0600] {dagbag.py:525} INFO - Filling up the DagBag from /c/Airflow/dags/Introduction_to_Apache_Airflow/5_task_group.py
[2023-02-20T09:18:20.984-0600] {task_command.py:384} INFO - Running <TaskInstance: 5_task_group.downloads.download_c scheduled__2023-02-19T00:00:00+00:00 [running]> on host Tinmar.
[2023-02-20T09:18:21.196-0600] {taskinstance.py:1590} INFO - Exporting the following env vars:
AIRFLOW_CTX_DAG_OWNER=***
AIRFLOW_CTX_DAG_ID=5_task_group
AIRFLOW_CTX_TASK_ID=downloads.download_c
AIRFLOW_CTX_EXECUTION_DATE=2023-02-19T00:00:00+00:00
AIRFLOW_CTX_TRY_NUMBER=1
AIRFLOW_CTX_DAG_RUN_ID=scheduled__2023-02-19T00:00:00+00:00
[2023-02-20T09:18:21.201-0600] {subprocess.py:63} INFO - Tmp dir root location: 
 /tmp
[2023-02-20T09:18:21.208-0600] {subprocess.py:75} INFO - Running command: ['/usr/bin/bash', '-c', 'sleep 10']
[2023-02-20T09:18:21.228-0600] {subprocess.py:86} INFO - Output:
[2023-02-20T09:18:31.232-0600] {subprocess.py:97} INFO - Command exited with return code 0
[2023-02-20T09:18:31.273-0600] {taskinstance.py:1401} INFO - Marking task as SUCCESS. dag_id=5_task_group, task_id=downloads.download_c, execution_date=20230219T000000, start_date=20230220T151819, end_date=20230220T151831
[2023-02-20T09:18:31.319-0600] {local_task_job.py:164} INFO - Task exited with return code 0
[2023-02-20T09:18:31.352-0600] {local_task_job.py:273} INFO - 1 downstream tasks scheduled from follow-on schedule check
