[2023-02-17T12:31:52.931-0600] {taskinstance.py:1165} INFO - Dependencies all met for <TaskInstance: 1.6.2_user_processing.store_user manual__2023-02-17T18:31:42.523446+00:00 [queued]>
[2023-02-17T12:31:52.940-0600] {taskinstance.py:1165} INFO - Dependencies all met for <TaskInstance: 1.6.2_user_processing.store_user manual__2023-02-17T18:31:42.523446+00:00 [queued]>
[2023-02-17T12:31:52.940-0600] {taskinstance.py:1362} INFO - 
--------------------------------------------------------------------------------
[2023-02-17T12:31:52.941-0600] {taskinstance.py:1363} INFO - Starting attempt 1 of 1
[2023-02-17T12:31:52.942-0600] {taskinstance.py:1364} INFO - 
--------------------------------------------------------------------------------
[2023-02-17T12:31:52.949-0600] {taskinstance.py:1383} INFO - Executing <Task(PythonOperator): store_user> on 2023-02-17 18:31:42.523446+00:00
[2023-02-17T12:31:52.951-0600] {standard_task_runner.py:54} INFO - Started process 138230 to run task
[2023-02-17T12:31:52.953-0600] {standard_task_runner.py:82} INFO - Running: ['***', 'tasks', 'run', '1.6.2_user_processing', 'store_user', 'manual__2023-02-17T18:31:42.523446+00:00', '--job-id', '406', '--raw', '--subdir', 'DAGS_FOLDER/Introduction_to_Apache_Airflow/1.6.2_user_processing.py', '--cfg-path', '/tmp/tmpeqfsza_i']
[2023-02-17T12:31:52.955-0600] {standard_task_runner.py:83} INFO - Job 406: Subtask store_user
[2023-02-17T12:31:52.955-0600] {dagbag.py:525} INFO - Filling up the DagBag from /c/Airflow/dags/Introduction_to_Apache_Airflow/1.6.2_user_processing.py
[2023-02-17T12:31:53.211-0600] {task_command.py:384} INFO - Running <TaskInstance: 1.6.2_user_processing.store_user manual__2023-02-17T18:31:42.523446+00:00 [running]> on host Tinmar.
[2023-02-17T12:31:53.251-0600] {taskinstance.py:1590} INFO - Exporting the following env vars:
AIRFLOW_CTX_DAG_OWNER=Tinmar
AIRFLOW_CTX_DAG_ID=1.6.2_user_processing
AIRFLOW_CTX_TASK_ID=store_user
AIRFLOW_CTX_EXECUTION_DATE=2023-02-17T18:31:42.523446+00:00
AIRFLOW_CTX_TRY_NUMBER=1
AIRFLOW_CTX_DAG_RUN_ID=manual__2023-02-17T18:31:42.523446+00:00
[2023-02-17T12:31:53.252-0600] {postgres.py:158} INFO - Running copy expert: COPY users FROM stdin WITH DELIMITER as ',', filename: /c/Users/tinma/OneDrive/Escritorio/processed_user.csv
[2023-02-17T12:31:53.267-0600] {base.py:71} INFO - Using connection ID 'postgres' for task execution.
[2023-02-17T12:31:53.276-0600] {python.py:177} INFO - Done. Returned value was: None
[2023-02-17T12:31:53.374-0600] {taskinstance.py:1401} INFO - Marking task as SUCCESS. dag_id=1.6.2_user_processing, task_id=store_user, execution_date=20230217T183142, start_date=20230217T183152, end_date=20230217T183153
[2023-02-17T12:31:53.393-0600] {local_task_job.py:164} INFO - Task exited with return code 0
[2023-02-17T12:31:53.412-0600] {local_task_job.py:273} INFO - 1 downstream tasks scheduled from follow-on schedule check
