[2023-02-20T09:18:18.845-0600] {taskinstance.py:1165} INFO - Dependencies all met for <TaskInstance: 4.1_group_dag.download_c scheduled__2023-02-19T00:00:00+00:00 [queued]>
[2023-02-20T09:18:18.911-0600] {taskinstance.py:1165} INFO - Dependencies all met for <TaskInstance: 4.1_group_dag.download_c scheduled__2023-02-19T00:00:00+00:00 [queued]>
[2023-02-20T09:18:19.001-0600] {taskinstance.py:1362} INFO - 
--------------------------------------------------------------------------------
[2023-02-20T09:18:19.052-0600] {taskinstance.py:1363} INFO - Starting attempt 1 of 1
[2023-02-20T09:18:19.104-0600] {taskinstance.py:1364} INFO - 
--------------------------------------------------------------------------------
[2023-02-20T09:18:19.142-0600] {taskinstance.py:1383} INFO - Executing <Task(BashOperator): download_c> on 2023-02-19 00:00:00+00:00
[2023-02-20T09:18:19.156-0600] {standard_task_runner.py:54} INFO - Started process 197643 to run task
[2023-02-20T09:18:19.160-0600] {standard_task_runner.py:82} INFO - Running: ['***', 'tasks', 'run', '4.1_group_dag', 'download_c', 'scheduled__2023-02-19T00:00:00+00:00', '--job-id', '534', '--raw', '--subdir', 'DAGS_FOLDER/Introduction_to_Apache_Airflow/4.1_group_dag.py', '--cfg-path', '/tmp/tmpfw7ojb6q']
[2023-02-20T09:18:19.189-0600] {standard_task_runner.py:83} INFO - Job 534: Subtask download_c
[2023-02-20T09:18:19.203-0600] {dagbag.py:525} INFO - Filling up the DagBag from /c/Airflow/dags/Introduction_to_Apache_Airflow/4.1_group_dag.py
[2023-02-20T09:18:19.705-0600] {task_command.py:384} INFO - Running <TaskInstance: 4.1_group_dag.download_c scheduled__2023-02-19T00:00:00+00:00 [running]> on host Tinmar.
[2023-02-20T09:18:20.085-0600] {taskinstance.py:1590} INFO - Exporting the following env vars:
AIRFLOW_CTX_DAG_OWNER=***
AIRFLOW_CTX_DAG_ID=4.1_group_dag
AIRFLOW_CTX_TASK_ID=download_c
AIRFLOW_CTX_EXECUTION_DATE=2023-02-19T00:00:00+00:00
AIRFLOW_CTX_TRY_NUMBER=1
AIRFLOW_CTX_DAG_RUN_ID=scheduled__2023-02-19T00:00:00+00:00
[2023-02-20T09:18:20.100-0600] {subprocess.py:63} INFO - Tmp dir root location: 
 /tmp
[2023-02-20T09:18:20.102-0600] {subprocess.py:75} INFO - Running command: ['/usr/bin/bash', '-c', 'sleep 10']
[2023-02-20T09:18:20.132-0600] {subprocess.py:86} INFO - Output:
[2023-02-20T09:18:30.132-0600] {subprocess.py:97} INFO - Command exited with return code 0
[2023-02-20T09:18:30.173-0600] {taskinstance.py:1401} INFO - Marking task as SUCCESS. dag_id=4.1_group_dag, task_id=download_c, execution_date=20230219T000000, start_date=20230220T151818, end_date=20230220T151830
[2023-02-20T09:18:30.229-0600] {local_task_job.py:164} INFO - Task exited with return code 0
[2023-02-20T09:18:30.256-0600] {local_task_job.py:273} INFO - 0 downstream tasks scheduled from follow-on schedule check
