[2023-02-01 16:27:47,003] {taskinstance.py:1159} INFO - Dependencies all met for <TaskInstance: 6_dataproc_airflow.delete_cluster scheduled__2023-01-31T00:00:00+00:00 [queued]>
[2023-02-01 16:27:47,015] {taskinstance.py:1159} INFO - Dependencies all met for <TaskInstance: 6_dataproc_airflow.delete_cluster scheduled__2023-01-31T00:00:00+00:00 [queued]>
[2023-02-01 16:27:47,016] {taskinstance.py:1356} INFO - 
--------------------------------------------------------------------------------
[2023-02-01 16:27:47,018] {taskinstance.py:1357} INFO - Starting attempt 4 of 4
[2023-02-01 16:27:47,018] {taskinstance.py:1358} INFO - 
--------------------------------------------------------------------------------
[2023-02-01 16:27:47,049] {taskinstance.py:1377} INFO - Executing <Task(DataprocDeleteClusterOperator): delete_cluster> on 2023-01-31 00:00:00+00:00
[2023-02-01 16:27:47,051] {standard_task_runner.py:52} INFO - Started process 13422 to run task
[2023-02-01 16:27:47,053] {standard_task_runner.py:79} INFO - Running: ['airflow', 'tasks', 'run', '6_dataproc_airflow', 'delete_cluster', 'scheduled__2023-01-31T00:00:00+00:00', '--job-id', '127', '--raw', '--subdir', 'DAGS_FOLDER/Airflow2_0_De_0_a_Heroe/6_dataproc_airflow.py', '--cfg-path', '/tmp/tmpveupxldk', '--error-file', '/tmp/tmpmfu4cs9v']
[2023-02-01 16:27:47,054] {standard_task_runner.py:80} INFO - Job 127: Subtask delete_cluster
[2023-02-01 16:27:47,116] {task_command.py:369} INFO - Running <TaskInstance: 6_dataproc_airflow.delete_cluster scheduled__2023-01-31T00:00:00+00:00 [running]> on host Tinmar.
[2023-02-01 16:27:47,203] {taskinstance.py:1569} INFO - Exporting the following env vars:
AIRFLOW_CTX_DAG_OWNER=David S
AIRFLOW_CTX_DAG_ID=6_dataproc_airflow
AIRFLOW_CTX_TASK_ID=delete_cluster
AIRFLOW_CTX_EXECUTION_DATE=2023-01-31T00:00:00+00:00
AIRFLOW_CTX_TRY_NUMBER=4
AIRFLOW_CTX_DAG_RUN_ID=scheduled__2023-01-31T00:00:00+00:00
[2023-02-01 16:27:47,216] {base.py:68} INFO - Using connection ID 'google_cloud_default' for task execution.
[2023-02-01 16:27:47,218] {dataproc.py:817} INFO - Deleting cluster: airflow_spark_cluster
[2023-02-01 16:27:47,695] {taskinstance.py:1889} ERROR - Task failed with exception
Traceback (most recent call last):
  File "/home/tinmar/.local/lib/python3.10/site-packages/google/api_core/grpc_helpers.py", line 50, in error_remapped_callable
    return callable_(*args, **kwargs)
  File "/home/tinmar/.local/lib/python3.10/site-packages/grpc/_channel.py", line 946, in __call__
    return _end_unary_response_blocking(state, call, False, None)
  File "/home/tinmar/.local/lib/python3.10/site-packages/grpc/_channel.py", line 849, in _end_unary_response_blocking
    raise _InactiveRpcError(state)
grpc._channel._InactiveRpcError: <_InactiveRpcError of RPC that terminated with:
	status = StatusCode.UNAUTHENTICATED
	details = "Request had invalid authentication credentials. Expected OAuth 2 access token, login cookie or other valid authentication credential. See https://developers.google.com/identity/sign-in/web/devconsole-project."
	debug_error_string = "UNKNOWN:Error received from peer ipv4:142.250.65.138:443 {created_time:"2023-02-01T16:27:47.694285113-06:00", grpc_status:16, grpc_message:"Request had invalid authentication credentials. Expected OAuth 2 access token, login cookie or other valid authentication credential. See https://developers.google.com/identity/sign-in/web/devconsole-project."}"
>

The above exception was the direct cause of the following exception:

Traceback (most recent call last):
  File "/home/tinmar/.local/lib/python3.10/site-packages/airflow/providers/google/cloud/operators/dataproc.py", line 818, in execute
    operation = hook.delete_cluster(
  File "/home/tinmar/.local/lib/python3.10/site-packages/airflow/providers/google/common/hooks/base_google.py", line 462, in inner_wrapper
    return func(self, *args, **kwargs)
  File "/home/tinmar/.local/lib/python3.10/site-packages/airflow/providers/google/cloud/hooks/dataproc.py", line 365, in delete_cluster
    result = client.delete_cluster(
  File "/home/tinmar/.local/lib/python3.10/site-packages/google/cloud/dataproc_v1/services/cluster_controller/client.py", line 1124, in delete_cluster
    response = rpc(
  File "/home/tinmar/.local/lib/python3.10/site-packages/google/api_core/gapic_v1/method.py", line 154, in __call__
    return wrapped_func(*args, **kwargs)
  File "/home/tinmar/.local/lib/python3.10/site-packages/google/api_core/retry.py", line 283, in retry_wrapped_func
    return retry_target(
  File "/home/tinmar/.local/lib/python3.10/site-packages/google/api_core/retry.py", line 190, in retry_target
    return target()
  File "/home/tinmar/.local/lib/python3.10/site-packages/google/api_core/grpc_helpers.py", line 52, in error_remapped_callable
    raise exceptions.from_grpc_error(exc) from exc
google.api_core.exceptions.Unauthenticated: 401 Request had invalid authentication credentials. Expected OAuth 2 access token, login cookie or other valid authentication credential. See https://developers.google.com/identity/sign-in/web/devconsole-project. [reason: "ACCESS_TOKEN_EXPIRED"
domain: "googleapis.com"
metadata {
  key: "method"
  value: "google.cloud.dataproc.v1.ClusterController.DeleteCluster"
}
metadata {
  key: "service"
  value: "dataproc.googleapis.com"
}
]
[2023-02-01 16:27:47,725] {taskinstance.py:1395} INFO - Marking task as FAILED. dag_id=6_dataproc_airflow, task_id=delete_cluster, execution_date=20230131T000000, start_date=20230201T222747, end_date=20230201T222747
[2023-02-01 16:27:47,756] {standard_task_runner.py:92} ERROR - Failed to execute job 127 for task delete_cluster (401 Request had invalid authentication credentials. Expected OAuth 2 access token, login cookie or other valid authentication credential. See https://developers.google.com/identity/sign-in/web/devconsole-project. [reason: "ACCESS_TOKEN_EXPIRED"
domain: "googleapis.com"
metadata {
  key: "method"
  value: "google.cloud.dataproc.v1.ClusterController.DeleteCluster"
}
metadata {
  key: "service"
  value: "dataproc.googleapis.com"
}
]; 13422)
[2023-02-01 16:27:47,794] {local_task_job.py:156} INFO - Task exited with return code 1
