[2023-02-02 10:00:11,132] {taskinstance.py:1159} INFO - Dependencies all met for <TaskInstance: 6_dataproc_airflow.create_cluster manual__2023-02-02T00:11:53.728323+00:00 [queued]>
[2023-02-02 10:00:11,150] {taskinstance.py:1159} INFO - Dependencies all met for <TaskInstance: 6_dataproc_airflow.create_cluster manual__2023-02-02T00:11:53.728323+00:00 [queued]>
[2023-02-02 10:00:11,151] {taskinstance.py:1356} INFO - 
--------------------------------------------------------------------------------
[2023-02-02 10:00:11,152] {taskinstance.py:1357} INFO - Starting attempt 2 of 2
[2023-02-02 10:00:11,152] {taskinstance.py:1358} INFO - 
--------------------------------------------------------------------------------
[2023-02-02 10:00:11,194] {taskinstance.py:1377} INFO - Executing <Task(DataprocCreateClusterOperator): create_cluster> on 2023-02-02 00:11:53.728323+00:00
[2023-02-02 10:00:11,197] {standard_task_runner.py:52} INFO - Started process 16724 to run task
[2023-02-02 10:00:11,200] {standard_task_runner.py:79} INFO - Running: ['airflow', 'tasks', 'run', '6_dataproc_airflow', 'create_cluster', 'manual__2023-02-02T00:11:53.728323+00:00', '--job-id', '154', '--raw', '--subdir', 'DAGS_FOLDER/Airflow2_0_De_0_a_Heroe/6_dataproc_airflow.py', '--cfg-path', '/tmp/tmpdbmovcgu', '--error-file', '/tmp/tmp2kjs3sdn']
[2023-02-02 10:00:11,201] {standard_task_runner.py:80} INFO - Job 154: Subtask create_cluster
[2023-02-02 10:00:11,315] {task_command.py:369} INFO - Running <TaskInstance: 6_dataproc_airflow.create_cluster manual__2023-02-02T00:11:53.728323+00:00 [running]> on host Tinmar.
[2023-02-02 10:00:11,531] {taskinstance.py:1569} INFO - Exporting the following env vars:
AIRFLOW_CTX_DAG_OWNER=David S
AIRFLOW_CTX_DAG_ID=6_dataproc_airflow
AIRFLOW_CTX_TASK_ID=create_cluster
AIRFLOW_CTX_EXECUTION_DATE=2023-02-02T00:11:53.728323+00:00
AIRFLOW_CTX_TRY_NUMBER=2
AIRFLOW_CTX_DAG_RUN_ID=manual__2023-02-02T00:11:53.728323+00:00
[2023-02-02 10:00:11,532] {dataproc.py:591} INFO - Creating cluster: airflow-spark-cluster
[2023-02-02 10:00:11,546] {base.py:68} INFO - Using connection ID 'google_cloud_default' for task execution.
[2023-02-02 10:01:57,420] {dataproc.py:535} INFO - Cluster created.
[2023-02-02 10:01:57,483] {taskinstance.py:1395} INFO - Marking task as SUCCESS. dag_id=6_dataproc_airflow, task_id=create_cluster, execution_date=20230202T001153, start_date=20230202T160011, end_date=20230202T160157
[2023-02-02 10:01:57,536] {local_task_job.py:156} INFO - Task exited with return code 0
