[2023-02-01 18:11:56,986] {taskinstance.py:1159} INFO - Dependencies all met for <TaskInstance: 6_dataproc_airflow.create_cluster manual__2023-02-02T00:11:53.728323+00:00 [queued]>
[2023-02-01 18:11:56,997] {taskinstance.py:1159} INFO - Dependencies all met for <TaskInstance: 6_dataproc_airflow.create_cluster manual__2023-02-02T00:11:53.728323+00:00 [queued]>
[2023-02-01 18:11:56,997] {taskinstance.py:1356} INFO - 
--------------------------------------------------------------------------------
[2023-02-01 18:11:56,999] {taskinstance.py:1357} INFO - Starting attempt 1 of 1
[2023-02-01 18:11:56,999] {taskinstance.py:1358} INFO - 
--------------------------------------------------------------------------------
[2023-02-01 18:11:57,024] {taskinstance.py:1377} INFO - Executing <Task(DataprocCreateClusterOperator): create_cluster> on 2023-02-02 00:11:53.728323+00:00
[2023-02-01 18:11:57,025] {standard_task_runner.py:52} INFO - Started process 14965 to run task
[2023-02-01 18:11:57,027] {standard_task_runner.py:79} INFO - Running: ['airflow', 'tasks', 'run', '6_dataproc_airflow', 'create_cluster', 'manual__2023-02-02T00:11:53.728323+00:00', '--job-id', '150', '--raw', '--subdir', 'DAGS_FOLDER/Airflow2_0_De_0_a_Heroe/6_dataproc_airflow.py', '--cfg-path', '/tmp/tmppgw2xcq4', '--error-file', '/tmp/tmpp2g1q773']
[2023-02-01 18:11:57,028] {standard_task_runner.py:80} INFO - Job 150: Subtask create_cluster
[2023-02-01 18:11:57,094] {task_command.py:369} INFO - Running <TaskInstance: 6_dataproc_airflow.create_cluster manual__2023-02-02T00:11:53.728323+00:00 [running]> on host Tinmar.
[2023-02-01 18:11:57,216] {taskinstance.py:1569} INFO - Exporting the following env vars:
AIRFLOW_CTX_DAG_OWNER=David S
AIRFLOW_CTX_DAG_ID=6_dataproc_airflow
AIRFLOW_CTX_TASK_ID=create_cluster
AIRFLOW_CTX_EXECUTION_DATE=2023-02-02T00:11:53.728323+00:00
AIRFLOW_CTX_TRY_NUMBER=1
AIRFLOW_CTX_DAG_RUN_ID=manual__2023-02-02T00:11:53.728323+00:00
[2023-02-01 18:11:57,217] {dataproc.py:591} INFO - Creating cluster: airflow-spark-cluster
[2023-02-01 18:11:57,227] {base.py:68} INFO - Using connection ID 'google_cloud_default' for task execution.
[2023-02-01 18:14:06,180] {dataproc.py:535} INFO - Cluster created.
[2023-02-01 18:14:06,228] {taskinstance.py:1395} INFO - Marking task as SUCCESS. dag_id=6_dataproc_airflow, task_id=create_cluster, execution_date=20230202T001153, start_date=20230202T001156, end_date=20230202T001406
[2023-02-01 18:14:06,269] {local_task_job.py:156} INFO - Task exited with return code 0
