[2023-02-21T08:48:31.464-0600] {taskinstance.py:1165} INFO - Dependencies all met for <TaskInstance: 6_dataproc_airflow.create_cluster scheduled__2023-02-20T00:00:00+00:00 [queued]>
[2023-02-21T08:48:31.508-0600] {taskinstance.py:1165} INFO - Dependencies all met for <TaskInstance: 6_dataproc_airflow.create_cluster scheduled__2023-02-20T00:00:00+00:00 [queued]>
[2023-02-21T08:48:31.510-0600] {taskinstance.py:1362} INFO - 
--------------------------------------------------------------------------------
[2023-02-21T08:48:31.513-0600] {taskinstance.py:1363} INFO - Starting attempt 1 of 1
[2023-02-21T08:48:31.522-0600] {taskinstance.py:1364} INFO - 
--------------------------------------------------------------------------------
[2023-02-21T08:48:31.739-0600] {taskinstance.py:1383} INFO - Executing <Task(DataprocCreateClusterOperator): create_cluster> on 2023-02-20 00:00:00+00:00
[2023-02-21T08:48:31.748-0600] {standard_task_runner.py:54} INFO - Started process 428081 to run task
[2023-02-21T08:48:31.752-0600] {standard_task_runner.py:82} INFO - Running: ['***', 'tasks', 'run', '6_dataproc_***', 'create_cluster', 'scheduled__2023-02-20T00:00:00+00:00', '--job-id', '608', '--raw', '--subdir', 'DAGS_FOLDER/Airflow2_0_De_0_a_Heroe/6_dataproc_***.py', '--cfg-path', '/tmp/tmps6562sds']
[2023-02-21T08:48:31.763-0600] {standard_task_runner.py:83} INFO - Job 608: Subtask create_cluster
[2023-02-21T08:48:31.765-0600] {dagbag.py:525} INFO - Filling up the DagBag from /c/Airflow/dags/Airflow2_0_De_0_a_Heroe/6_dataproc_***.py
[2023-02-21T08:48:31.974-0600] {logging_mixin.py:117} WARNING - /home/tinmar/.local/lib/python3.10/site-packages/***/models/baseoperator.py:408 DeprecationWarning: Passing cluster parameters by keywords to `DataprocCreateClusterOperator` will be deprecated. Please provide cluster_config object using `cluster_config` parameter. You can use `***.dataproc.ClusterGenerator.generate_cluster` method to obtain cluster object.
[2023-02-21T08:48:32.114-0600] {task_command.py:384} INFO - Running <TaskInstance: 6_dataproc_airflow.create_cluster scheduled__2023-02-20T00:00:00+00:00 [running]> on host Tinmar.
[2023-02-21T08:48:32.225-0600] {taskinstance.py:1590} INFO - Exporting the following env vars:
AIRFLOW_CTX_DAG_OWNER=David S
AIRFLOW_CTX_DAG_ID=6_dataproc_***
AIRFLOW_CTX_TASK_ID=create_cluster
AIRFLOW_CTX_EXECUTION_DATE=2023-02-20T00:00:00+00:00
AIRFLOW_CTX_TRY_NUMBER=1
AIRFLOW_CTX_DAG_RUN_ID=scheduled__2023-02-20T00:00:00+00:00
[2023-02-21T08:48:32.227-0600] {dataproc.py:591} INFO - Creating cluster: ***-spark-cluster
[2023-02-21T08:48:32.247-0600] {base.py:71} INFO - Using connection ID 'google_cloud_default' for task execution.
[2023-02-21T08:48:38.754-0600] {dataproc.py:603} INFO - Cluster already exists.
[2023-02-21T08:51:46.966-0600] {taskinstance.py:1401} INFO - Marking task as SUCCESS. dag_id=6_dataproc_***, task_id=create_cluster, execution_date=20230220T000000, start_date=20230221T144831, end_date=20230221T145146
[2023-02-21T08:51:47.012-0600] {local_task_job.py:164} INFO - Task exited with return code 0
[2023-02-21T08:51:47.036-0600] {local_task_job.py:273} INFO - 1 downstream tasks scheduled from follow-on schedule check
