[2023-02-16 12:03:49,457] {taskinstance.py:1159} INFO - Dependencies all met for <TaskInstance: 1.6_user_processing.process_user manual__2023-02-16T18:02:36.208542+00:00 [queued]>
[2023-02-16 12:03:49,465] {taskinstance.py:1159} INFO - Dependencies all met for <TaskInstance: 1.6_user_processing.process_user manual__2023-02-16T18:02:36.208542+00:00 [queued]>
[2023-02-16 12:03:49,466] {taskinstance.py:1356} INFO - 
--------------------------------------------------------------------------------
[2023-02-16 12:03:49,467] {taskinstance.py:1357} INFO - Starting attempt 2 of 2
[2023-02-16 12:03:49,467] {taskinstance.py:1358} INFO - 
--------------------------------------------------------------------------------
[2023-02-16 12:03:49,477] {taskinstance.py:1377} INFO - Executing <Task(PythonOperator): process_user> on 2023-02-16 18:02:36.208542+00:00
[2023-02-16 12:03:49,480] {standard_task_runner.py:52} INFO - Started process 76884 to run task
[2023-02-16 12:03:49,483] {standard_task_runner.py:79} INFO - Running: ['***', 'tasks', 'run', '1.6_user_processing', 'process_user', 'manual__2023-02-16T18:02:36.208542+00:00', '--job-id', '270', '--raw', '--subdir', 'DAGS_FOLDER/Introduction_to_Apache_Airflow/1.6_user_processing.py', '--cfg-path', '/tmp/tmpenhd0_pc', '--error-file', '/tmp/tmprnkhnr95']
[2023-02-16 12:03:49,484] {standard_task_runner.py:80} INFO - Job 270: Subtask process_user
[2023-02-16 12:03:49,538] {task_command.py:369} INFO - Running <TaskInstance: 1.6_user_processing.process_user manual__2023-02-16T18:02:36.208542+00:00 [running]> on host Tinmar.
[2023-02-16 12:03:49,594] {taskinstance.py:1569} INFO - Exporting the following env vars:
AIRFLOW_CTX_DAG_OWNER=Tinmar
AIRFLOW_CTX_DAG_ID=1.6_user_processing
AIRFLOW_CTX_TASK_ID=process_user
AIRFLOW_CTX_EXECUTION_DATE=2023-02-16T18:02:36.208542+00:00
AIRFLOW_CTX_TRY_NUMBER=2
AIRFLOW_CTX_DAG_RUN_ID=manual__2023-02-16T18:02:36.208542+00:00
[2023-02-16 12:03:49,629] {python.py:173} INFO - Done. Returned value was: None
[2023-02-16 12:03:49,641] {taskinstance.py:1395} INFO - Marking task as SUCCESS. dag_id=1.6_user_processing, task_id=process_user, execution_date=20230216T180236, start_date=20230216T180349, end_date=20230216T180349
[2023-02-16 12:03:49,660] {local_task_job.py:156} INFO - Task exited with return code 0
[2023-02-16 12:03:49,694] {local_task_job.py:273} INFO - 1 downstream tasks scheduled from follow-on schedule check
