[2023-02-16 12:02:43,540] {taskinstance.py:1159} INFO - Dependencies all met for <TaskInstance: 1.6_user_processing.process_user manual__2023-02-16T18:02:36.208542+00:00 [queued]>
[2023-02-16 12:02:43,548] {taskinstance.py:1159} INFO - Dependencies all met for <TaskInstance: 1.6_user_processing.process_user manual__2023-02-16T18:02:36.208542+00:00 [queued]>
[2023-02-16 12:02:43,549] {taskinstance.py:1356} INFO - 
--------------------------------------------------------------------------------
[2023-02-16 12:02:43,554] {taskinstance.py:1357} INFO - Starting attempt 1 of 1
[2023-02-16 12:02:43,554] {taskinstance.py:1358} INFO - 
--------------------------------------------------------------------------------
[2023-02-16 12:02:43,564] {taskinstance.py:1377} INFO - Executing <Task(PythonOperator): process_user> on 2023-02-16 18:02:36.208542+00:00
[2023-02-16 12:02:43,568] {standard_task_runner.py:52} INFO - Started process 76395 to run task
[2023-02-16 12:02:43,570] {standard_task_runner.py:79} INFO - Running: ['***', 'tasks', 'run', '1.6_user_processing', 'process_user', 'manual__2023-02-16T18:02:36.208542+00:00', '--job-id', '263', '--raw', '--subdir', 'DAGS_FOLDER/Introduction_to_Apache_Airflow/1.6_user_processing.py', '--cfg-path', '/tmp/tmp4zr33m0u', '--error-file', '/tmp/tmpdebs0pvt']
[2023-02-16 12:02:43,571] {standard_task_runner.py:80} INFO - Job 263: Subtask process_user
[2023-02-16 12:02:43,619] {task_command.py:369} INFO - Running <TaskInstance: 1.6_user_processing.process_user manual__2023-02-16T18:02:36.208542+00:00 [running]> on host Tinmar.
[2023-02-16 12:02:43,667] {taskinstance.py:1569} INFO - Exporting the following env vars:
AIRFLOW_CTX_DAG_OWNER=Tinmar
AIRFLOW_CTX_DAG_ID=1.6_user_processing
AIRFLOW_CTX_TASK_ID=process_user
AIRFLOW_CTX_EXECUTION_DATE=2023-02-16T18:02:36.208542+00:00
AIRFLOW_CTX_TRY_NUMBER=1
AIRFLOW_CTX_DAG_RUN_ID=manual__2023-02-16T18:02:36.208542+00:00
[2023-02-16 12:02:43,688] {python.py:173} INFO - Done. Returned value was: None
[2023-02-16 12:02:43,699] {taskinstance.py:1395} INFO - Marking task as SUCCESS. dag_id=1.6_user_processing, task_id=process_user, execution_date=20230216T180236, start_date=20230216T180243, end_date=20230216T180243
[2023-02-16 12:02:43,749] {local_task_job.py:156} INFO - Task exited with return code 0
[2023-02-16 12:02:43,783] {local_task_job.py:273} INFO - 1 downstream tasks scheduled from follow-on schedule check
