[2023-02-18T02:59:29.270-0600] {taskinstance.py:1165} INFO - Dependencies all met for <TaskInstance: 3_parallel_dag.extract_b scheduled__2023-02-17T00:00:00+00:00 [queued]>
[2023-02-18T02:59:29.287-0600] {taskinstance.py:1165} INFO - Dependencies all met for <TaskInstance: 3_parallel_dag.extract_b scheduled__2023-02-17T00:00:00+00:00 [queued]>
[2023-02-18T02:59:29.290-0600] {taskinstance.py:1362} INFO - 
--------------------------------------------------------------------------------
[2023-02-18T02:59:29.292-0600] {taskinstance.py:1363} INFO - Starting attempt 1 of 1
[2023-02-18T02:59:29.295-0600] {taskinstance.py:1364} INFO - 
--------------------------------------------------------------------------------
[2023-02-18T02:59:29.314-0600] {taskinstance.py:1383} INFO - Executing <Task(BashOperator): extract_b> on 2023-02-17 00:00:00+00:00
[2023-02-18T02:59:29.320-0600] {standard_task_runner.py:54} INFO - Started process 191168 to run task
[2023-02-18T02:59:29.326-0600] {standard_task_runner.py:82} INFO - Running: ['***', 'tasks', 'run', '3_parallel_dag', 'extract_b', 'scheduled__2023-02-17T00:00:00+00:00', '--job-id', '433', '--raw', '--subdir', 'DAGS_FOLDER/Introduction_to_Apache_Airflow/3_parallel_dag.py', '--cfg-path', '/tmp/tmpdkeq7njk']
[2023-02-18T02:59:29.333-0600] {standard_task_runner.py:83} INFO - Job 433: Subtask extract_b
[2023-02-18T02:59:29.335-0600] {dagbag.py:525} INFO - Filling up the DagBag from /c/Airflow/dags/Introduction_to_Apache_Airflow/3_parallel_dag.py
[2023-02-18T02:59:29.733-0600] {task_command.py:384} INFO - Running <TaskInstance: 3_parallel_dag.extract_b scheduled__2023-02-17T00:00:00+00:00 [running]> on host Tinmar.
[2023-02-18T02:59:29.849-0600] {taskinstance.py:1590} INFO - Exporting the following env vars:
AIRFLOW_CTX_DAG_OWNER=***
AIRFLOW_CTX_DAG_ID=3_parallel_dag
AIRFLOW_CTX_TASK_ID=extract_b
AIRFLOW_CTX_EXECUTION_DATE=2023-02-17T00:00:00+00:00
AIRFLOW_CTX_TRY_NUMBER=1
AIRFLOW_CTX_DAG_RUN_ID=scheduled__2023-02-17T00:00:00+00:00
[2023-02-18T02:59:29.850-0600] {subprocess.py:63} INFO - Tmp dir root location: 
 /tmp
[2023-02-18T02:59:29.855-0600] {subprocess.py:75} INFO - Running command: ['/usr/bin/bash', '-c', 'sleep 10']
[2023-02-18T02:59:29.866-0600] {subprocess.py:86} INFO - Output:
[2023-02-18T02:59:39.868-0600] {subprocess.py:97} INFO - Command exited with return code 0
[2023-02-18T02:59:39.894-0600] {taskinstance.py:1401} INFO - Marking task as SUCCESS. dag_id=3_parallel_dag, task_id=extract_b, execution_date=20230217T000000, start_date=20230218T085929, end_date=20230218T085939
[2023-02-18T02:59:39.910-0600] {local_task_job.py:164} INFO - Task exited with return code 0
[2023-02-18T02:59:39.932-0600] {local_task_job.py:273} INFO - 1 downstream tasks scheduled from follow-on schedule check
