[2023-01-30 15:47:42,408] {taskinstance.py:1159} INFO - Dependencies all met for <TaskInstance: 1_mi_primer_dag.python_task scheduled__2023-01-29T00:00:00+00:00 [queued]>
[2023-01-30 15:47:42,422] {taskinstance.py:1159} INFO - Dependencies all met for <TaskInstance: 1_mi_primer_dag.python_task scheduled__2023-01-29T00:00:00+00:00 [queued]>
[2023-01-30 15:47:42,422] {taskinstance.py:1356} INFO - 
--------------------------------------------------------------------------------
[2023-01-30 15:47:42,423] {taskinstance.py:1357} INFO - Starting attempt 1 of 1
[2023-01-30 15:47:42,423] {taskinstance.py:1358} INFO - 
--------------------------------------------------------------------------------
[2023-01-30 15:47:42,458] {taskinstance.py:1377} INFO - Executing <Task(PythonOperator): python_task> on 2023-01-29 00:00:00+00:00
[2023-01-30 15:47:42,461] {standard_task_runner.py:52} INFO - Started process 7948 to run task
[2023-01-30 15:47:42,463] {standard_task_runner.py:79} INFO - Running: ['airflow', 'tasks', 'run', '1_mi_primer_dag', 'python_task', 'scheduled__2023-01-29T00:00:00+00:00', '--job-id', '6', '--raw', '--subdir', 'DAGS_FOLDER/1_mi_primer_dag.py', '--cfg-path', '/tmp/tmpr1u_mv4m', '--error-file', '/tmp/tmph1i7kg2r']
[2023-01-30 15:47:42,464] {standard_task_runner.py:80} INFO - Job 6: Subtask python_task
[2023-01-30 15:47:42,529] {task_command.py:369} INFO - Running <TaskInstance: 1_mi_primer_dag.python_task scheduled__2023-01-29T00:00:00+00:00 [running]> on host Tinmar.
[2023-01-30 15:47:42,638] {taskinstance.py:1569} INFO - Exporting the following env vars:
AIRFLOW_CTX_DAG_OWNER=David S
AIRFLOW_CTX_DAG_ID=1_mi_primer_dag
AIRFLOW_CTX_TASK_ID=python_task
AIRFLOW_CTX_EXECUTION_DATE=2023-01-29T00:00:00+00:00
AIRFLOW_CTX_TRY_NUMBER=1
AIRFLOW_CTX_DAG_RUN_ID=scheduled__2023-01-29T00:00:00+00:00
[2023-01-30 15:47:42,639] {logging_mixin.py:115} INFO - ESTE ES EL RANDOM NUMBER 1 0.9590694452058497
[2023-01-30 15:47:42,639] {logging_mixin.py:115} INFO - ESTE ES EL RANDOM NUMBER 2 0.6391911848707251
[2023-01-30 15:47:42,640] {logging_mixin.py:115} INFO - ESTE ES EL RANDOM NUMBER 3 0.6587028088191972
[2023-01-30 15:47:42,640] {logging_mixin.py:115} INFO - ESTE ES EL RANDOM NUMBER 4 0.9922251069928948
[2023-01-30 15:47:42,640] {logging_mixin.py:115} INFO - ESTE ES EL RANDOM NUMBER 5 0.5097510031060096
[2023-01-30 15:47:42,640] {logging_mixin.py:115} INFO - ESTE ES EL RANDOM NUMBER 6 0.16349276924385192
[2023-01-30 15:47:42,641] {logging_mixin.py:115} INFO - ESTE ES EL RANDOM NUMBER 7 0.08920474189112404
[2023-01-30 15:47:42,641] {logging_mixin.py:115} INFO - ESTE ES EL RANDOM NUMBER 8 0.5608318804717585
[2023-01-30 15:47:42,641] {logging_mixin.py:115} INFO - ESTE ES EL RANDOM NUMBER 9 0.17415836363628767
[2023-01-30 15:47:42,641] {logging_mixin.py:115} INFO - ESTE ES EL RANDOM NUMBER 10 0.3630091604853066
[2023-01-30 15:47:42,642] {python.py:173} INFO - Done. Returned value was: None
[2023-01-30 15:47:42,654] {taskinstance.py:1395} INFO - Marking task as SUCCESS. dag_id=1_mi_primer_dag, task_id=python_task, execution_date=20230129T000000, start_date=20230130T214742, end_date=20230130T214742
[2023-01-30 15:47:42,716] {local_task_job.py:156} INFO - Task exited with return code 0
[2023-01-30 15:47:42,749] {local_task_job.py:273} INFO - 0 downstream tasks scheduled from follow-on schedule check
