[2023-02-13 09:22:13,551] {taskinstance.py:1159} INFO - Dependencies all met for <TaskInstance: 6_dataproc_airflow.delete_cluster scheduled__2023-02-11T00:00:00+00:00 [queued]>
[2023-02-13 09:22:13,556] {taskinstance.py:1159} INFO - Dependencies all met for <TaskInstance: 6_dataproc_airflow.delete_cluster scheduled__2023-02-11T00:00:00+00:00 [queued]>
[2023-02-13 09:22:13,557] {taskinstance.py:1356} INFO - 
--------------------------------------------------------------------------------
[2023-02-13 09:22:13,559] {taskinstance.py:1357} INFO - Starting attempt 1 of 1
[2023-02-13 09:22:13,559] {taskinstance.py:1358} INFO - 
--------------------------------------------------------------------------------
[2023-02-13 09:22:13,566] {taskinstance.py:1377} INFO - Executing <Task(DataprocDeleteClusterOperator): delete_cluster> on 2023-02-11 00:00:00+00:00
[2023-02-13 09:22:13,569] {standard_task_runner.py:52} INFO - Started process 3879 to run task
[2023-02-13 09:22:13,571] {standard_task_runner.py:79} INFO - Running: ['***', 'tasks', 'run', '6_dataproc_***', 'delete_cluster', 'scheduled__2023-02-11T00:00:00+00:00', '--job-id', '90', '--raw', '--subdir', 'DAGS_FOLDER/Airflow2_0_De_0_a_Heroe/6_dataproc_***.py', '--cfg-path', '/tmp/tmp9xyj3qn2', '--error-file', '/tmp/tmp_iyg71h8']
[2023-02-13 09:22:13,572] {standard_task_runner.py:80} INFO - Job 90: Subtask delete_cluster
[2023-02-13 09:22:13,612] {task_command.py:369} INFO - Running <TaskInstance: 6_dataproc_airflow.delete_cluster scheduled__2023-02-11T00:00:00+00:00 [running]> on host Tinmar.
[2023-02-13 09:22:13,656] {taskinstance.py:1569} INFO - Exporting the following env vars:
AIRFLOW_CTX_DAG_OWNER=David S
AIRFLOW_CTX_DAG_ID=6_dataproc_***
AIRFLOW_CTX_TASK_ID=delete_cluster
AIRFLOW_CTX_EXECUTION_DATE=2023-02-11T00:00:00+00:00
AIRFLOW_CTX_TRY_NUMBER=1
AIRFLOW_CTX_DAG_RUN_ID=scheduled__2023-02-11T00:00:00+00:00
[2023-02-13 09:22:13,665] {base.py:68} INFO - Using connection ID 'google_cloud_default' for task execution.
[2023-02-13 09:22:13,668] {dataproc.py:817} INFO - Deleting cluster: ***-spark-cluster
[2023-02-13 09:22:55,139] {dataproc.py:829} INFO - Cluster deleted.
[2023-02-13 09:22:55,155] {taskinstance.py:1395} INFO - Marking task as SUCCESS. dag_id=6_dataproc_***, task_id=delete_cluster, execution_date=20230211T000000, start_date=20230213T152213, end_date=20230213T152255
[2023-02-13 09:22:55,178] {local_task_job.py:156} INFO - Task exited with return code 0
