[2023-02-01 12:14:31,027] {taskinstance.py:1159} INFO - Dependencies all met for <TaskInstance: 5_variables.move_files scheduled__2023-01-31T00:00:00+00:00 [queued]>
[2023-02-01 12:14:31,038] {taskinstance.py:1159} INFO - Dependencies all met for <TaskInstance: 5_variables.move_files scheduled__2023-01-31T00:00:00+00:00 [queued]>
[2023-02-01 12:14:31,039] {taskinstance.py:1356} INFO - 
--------------------------------------------------------------------------------
[2023-02-01 12:14:31,039] {taskinstance.py:1357} INFO - Starting attempt 1 of 1
[2023-02-01 12:14:31,041] {taskinstance.py:1358} INFO - 
--------------------------------------------------------------------------------
[2023-02-01 12:14:31,066] {taskinstance.py:1377} INFO - Executing <Task(PythonOperator): move_files> on 2023-01-31 00:00:00+00:00
[2023-02-01 12:14:31,070] {standard_task_runner.py:52} INFO - Started process 3802 to run task
[2023-02-01 12:14:31,072] {standard_task_runner.py:79} INFO - Running: ['airflow', 'tasks', 'run', '5_variables', 'move_files', 'scheduled__2023-01-31T00:00:00+00:00', '--job-id', '119', '--raw', '--subdir', 'DAGS_FOLDER/Airflow2.0-De-0-a-Heroe/5_variables.py', '--cfg-path', '/tmp/tmpd2x7tidu', '--error-file', '/tmp/tmpyge1z2t3']
[2023-02-01 12:14:31,073] {standard_task_runner.py:80} INFO - Job 119: Subtask move_files
[2023-02-01 12:14:31,136] {task_command.py:369} INFO - Running <TaskInstance: 5_variables.move_files scheduled__2023-01-31T00:00:00+00:00 [running]> on host Tinmar.
[2023-02-01 12:14:31,225] {taskinstance.py:1569} INFO - Exporting the following env vars:
AIRFLOW_CTX_DAG_OWNER=David Sanchez
AIRFLOW_CTX_DAG_ID=5_variables
AIRFLOW_CTX_TASK_ID=move_files
AIRFLOW_CTX_EXECUTION_DATE=2023-01-31T00:00:00+00:00
AIRFLOW_CTX_TRY_NUMBER=1
AIRFLOW_CTX_DAG_RUN_ID=scheduled__2023-01-31T00:00:00+00:00
[2023-02-01 12:14:31,250] {base.py:68} INFO - Using connection ID 'google_cloud_default' for task execution.
[2023-02-01 12:14:31,814] {gcs.py:202} INFO - Object retail_2020.csv in bucket airflow23_bucket copied to object 2023-01-31T00:00:00+00:00/retail_2020.csv in bucket airflow23_final_bucket
[2023-02-01 12:14:31,827] {base.py:68} INFO - Using connection ID 'google_cloud_default' for task execution.
[2023-02-01 12:14:32,355] {gcs.py:664} INFO - Blob retail_2020.csv deleted.
[2023-02-01 12:14:32,370] {base.py:68} INFO - Using connection ID 'google_cloud_default' for task execution.
[2023-02-01 12:14:32,907] {gcs.py:202} INFO - Object retail_2021.csv in bucket airflow23_bucket copied to object 2023-01-31T00:00:00+00:00/retail_2021.csv in bucket airflow23_final_bucket
[2023-02-01 12:14:32,919] {base.py:68} INFO - Using connection ID 'google_cloud_default' for task execution.
[2023-02-01 12:14:33,409] {gcs.py:664} INFO - Blob retail_2021.csv deleted.
[2023-02-01 12:14:33,410] {python.py:173} INFO - Done. Returned value was: None
[2023-02-01 12:14:33,425] {taskinstance.py:1395} INFO - Marking task as SUCCESS. dag_id=5_variables, task_id=move_files, execution_date=20230131T000000, start_date=20230201T181431, end_date=20230201T181433
[2023-02-01 12:14:33,461] {local_task_job.py:156} INFO - Task exited with return code 0
[2023-02-01 12:14:33,488] {local_task_job.py:273} INFO - 0 downstream tasks scheduled from follow-on schedule check
