[2023-02-17T12:31:54.059-0600] {taskinstance.py:1165} INFO - Dependencies all met for <TaskInstance: 1.6.2_user_processing.select_data manual__2023-02-17T18:31:42.523446+00:00 [queued]>
[2023-02-17T12:31:54.068-0600] {taskinstance.py:1165} INFO - Dependencies all met for <TaskInstance: 1.6.2_user_processing.select_data manual__2023-02-17T18:31:42.523446+00:00 [queued]>
[2023-02-17T12:31:54.069-0600] {taskinstance.py:1362} INFO - 
--------------------------------------------------------------------------------
[2023-02-17T12:31:54.070-0600] {taskinstance.py:1363} INFO - Starting attempt 1 of 1
[2023-02-17T12:31:54.070-0600] {taskinstance.py:1364} INFO - 
--------------------------------------------------------------------------------
[2023-02-17T12:31:54.078-0600] {taskinstance.py:1383} INFO - Executing <Task(PostgresOperator): select_data> on 2023-02-17 18:31:42.523446+00:00
[2023-02-17T12:31:54.081-0600] {standard_task_runner.py:54} INFO - Started process 138256 to run task
[2023-02-17T12:31:54.083-0600] {standard_task_runner.py:82} INFO - Running: ['***', 'tasks', 'run', '1.6.2_user_processing', 'select_data', 'manual__2023-02-17T18:31:42.523446+00:00', '--job-id', '407', '--raw', '--subdir', 'DAGS_FOLDER/Introduction_to_Apache_Airflow/1.6.2_user_processing.py', '--cfg-path', '/tmp/tmpoqn890by']
[2023-02-17T12:31:54.085-0600] {standard_task_runner.py:83} INFO - Job 407: Subtask select_data
[2023-02-17T12:31:54.086-0600] {dagbag.py:525} INFO - Filling up the DagBag from /c/Airflow/dags/Introduction_to_Apache_Airflow/1.6.2_user_processing.py
[2023-02-17T12:31:54.395-0600] {task_command.py:384} INFO - Running <TaskInstance: 1.6.2_user_processing.select_data manual__2023-02-17T18:31:42.523446+00:00 [running]> on host Tinmar.
[2023-02-17T12:31:54.456-0600] {taskinstance.py:1590} INFO - Exporting the following env vars:
AIRFLOW_CTX_DAG_OWNER=Tinmar
AIRFLOW_CTX_DAG_ID=1.6.2_user_processing
AIRFLOW_CTX_TASK_ID=select_data
AIRFLOW_CTX_EXECUTION_DATE=2023-02-17T18:31:42.523446+00:00
AIRFLOW_CTX_TRY_NUMBER=1
AIRFLOW_CTX_DAG_RUN_ID=manual__2023-02-17T18:31:42.523446+00:00
[2023-02-17T12:31:54.458-0600] {sql.py:254} INFO - Executing: 
                                        SELECT * FROM users
                                    
[2023-02-17T12:31:54.474-0600] {base.py:71} INFO - Using connection ID 'postgres_default' for task execution.
[2023-02-17T12:31:54.683-0600] {base.py:71} INFO - Using connection ID 'postgres_default' for task execution.
[2023-02-17T12:31:54.689-0600] {sql.py:375} INFO - Running statement: 
                                        SELECT * FROM users
                                    , parameters: None
[2023-02-17T12:31:54.690-0600] {sql.py:384} INFO - Rows affected: 4
[2023-02-17T12:31:54.714-0600] {taskinstance.py:1401} INFO - Marking task as SUCCESS. dag_id=1.6.2_user_processing, task_id=select_data, execution_date=20230217T183142, start_date=20230217T183154, end_date=20230217T183154
[2023-02-17T12:31:54.729-0600] {local_task_job.py:164} INFO - Task exited with return code 0
[2023-02-17T12:31:54.747-0600] {local_task_job.py:273} INFO - 1 downstream tasks scheduled from follow-on schedule check
