[2023-02-21T11:27:40.808-0600] {taskinstance.py:1165} INFO - Dependencies all met for <TaskInstance: 2_owner.task_b manual__2023-02-21T17:27:38.256268+00:00 [queued]>
[2023-02-21T11:27:40.818-0600] {taskinstance.py:1165} INFO - Dependencies all met for <TaskInstance: 2_owner.task_b manual__2023-02-21T17:27:38.256268+00:00 [queued]>
[2023-02-21T11:27:40.819-0600] {taskinstance.py:1362} INFO - 
--------------------------------------------------------------------------------
[2023-02-21T11:27:40.819-0600] {taskinstance.py:1363} INFO - Starting attempt 1 of 1
[2023-02-21T11:27:40.820-0600] {taskinstance.py:1364} INFO - 
--------------------------------------------------------------------------------
[2023-02-21T11:27:40.828-0600] {taskinstance.py:1383} INFO - Executing <Task(BashOperator): task_b> on 2023-02-21 17:27:38.256268+00:00
[2023-02-21T11:27:40.830-0600] {standard_task_runner.py:54} INFO - Started process 505401 to run task
[2023-02-21T11:27:40.832-0600] {standard_task_runner.py:82} INFO - Running: ['***', 'tasks', 'run', '2_owner', 'task_b', 'manual__2023-02-21T17:27:38.256268+00:00', '--job-id', '652', '--raw', '--subdir', 'DAGS_FOLDER/Apache_Airflow-The_Operators_Guide/2_owner.py', '--cfg-path', '/tmp/tmpgytm_5a3']
[2023-02-21T11:27:40.834-0600] {standard_task_runner.py:83} INFO - Job 652: Subtask task_b
[2023-02-21T11:27:40.835-0600] {dagbag.py:525} INFO - Filling up the DagBag from /c/Airflow/dags/Apache_Airflow-The_Operators_Guide/2_owner.py
[2023-02-21T11:27:40.927-0600] {task_command.py:384} INFO - Running <TaskInstance: 2_owner.task_b manual__2023-02-21T17:27:38.256268+00:00 [running]> on host Tinmar.
[2023-02-21T11:27:40.978-0600] {taskinstance.py:1590} INFO - Exporting the following env vars:
AIRFLOW_CTX_DAG_OWNER=Andrade
AIRFLOW_CTX_DAG_ID=2_owner
AIRFLOW_CTX_TASK_ID=task_b
AIRFLOW_CTX_EXECUTION_DATE=2023-02-21T17:27:38.256268+00:00
AIRFLOW_CTX_TRY_NUMBER=1
AIRFLOW_CTX_DAG_RUN_ID=manual__2023-02-21T17:27:38.256268+00:00
[2023-02-21T11:27:40.979-0600] {subprocess.py:63} INFO - Tmp dir root location: 
 /tmp
[2023-02-21T11:27:40.980-0600] {subprocess.py:75} INFO - Running command: ['/usr/bin/bash', '-c', "echo 'task_c'"]
[2023-02-21T11:27:40.986-0600] {subprocess.py:86} INFO - Output:
[2023-02-21T11:27:40.987-0600] {subprocess.py:93} INFO - task_c
[2023-02-21T11:27:40.987-0600] {subprocess.py:97} INFO - Command exited with return code 0
[2023-02-21T11:27:41.011-0600] {taskinstance.py:1401} INFO - Marking task as SUCCESS. dag_id=2_owner, task_id=task_b, execution_date=20230221T172738, start_date=20230221T172740, end_date=20230221T172741
[2023-02-21T11:27:41.045-0600] {local_task_job.py:164} INFO - Task exited with return code 0
[2023-02-21T11:27:41.060-0600] {local_task_job.py:273} INFO - 0 downstream tasks scheduled from follow-on schedule check
