[2023-02-11 09:57:11,896] {taskinstance.py:1159} INFO - Dependencies all met for <TaskInstance: 6_dataproc_airflow.create_cluster scheduled__2023-02-10T00:00:00+00:00 [queued]>
[2023-02-11 09:57:11,909] {taskinstance.py:1159} INFO - Dependencies all met for <TaskInstance: 6_dataproc_airflow.create_cluster scheduled__2023-02-10T00:00:00+00:00 [queued]>
[2023-02-11 09:57:11,909] {taskinstance.py:1356} INFO - 
--------------------------------------------------------------------------------
[2023-02-11 09:57:11,911] {taskinstance.py:1357} INFO - Starting attempt 1 of 1
[2023-02-11 09:57:11,912] {taskinstance.py:1358} INFO - 
--------------------------------------------------------------------------------
[2023-02-11 09:57:11,933] {taskinstance.py:1377} INFO - Executing <Task(DataprocCreateClusterOperator): create_cluster> on 2023-02-10 00:00:00+00:00
[2023-02-11 09:57:11,937] {standard_task_runner.py:52} INFO - Started process 167136 to run task
[2023-02-11 09:57:11,943] {standard_task_runner.py:79} INFO - Running: ['***', 'tasks', 'run', '6_dataproc_***', 'create_cluster', 'scheduled__2023-02-10T00:00:00+00:00', '--job-id', '56', '--raw', '--subdir', 'DAGS_FOLDER/Airflow2_0_De_0_a_Heroe/6_dataproc_***.py', '--cfg-path', '/tmp/tmpdl3jc5fi', '--error-file', '/tmp/tmp0kj05ev5']
[2023-02-11 09:57:11,946] {standard_task_runner.py:80} INFO - Job 56: Subtask create_cluster
[2023-02-11 09:57:12,053] {task_command.py:369} INFO - Running <TaskInstance: 6_dataproc_airflow.create_cluster scheduled__2023-02-10T00:00:00+00:00 [running]> on host Tinmar.
[2023-02-11 09:57:12,174] {taskinstance.py:1569} INFO - Exporting the following env vars:
AIRFLOW_CTX_DAG_OWNER=David S
AIRFLOW_CTX_DAG_ID=6_dataproc_***
AIRFLOW_CTX_TASK_ID=create_cluster
AIRFLOW_CTX_EXECUTION_DATE=2023-02-10T00:00:00+00:00
AIRFLOW_CTX_TRY_NUMBER=1
AIRFLOW_CTX_DAG_RUN_ID=scheduled__2023-02-10T00:00:00+00:00
[2023-02-11 09:57:12,176] {dataproc.py:591} INFO - Creating cluster: ***-spark-cluster
[2023-02-11 09:57:12,195] {base.py:68} INFO - Using connection ID 'google_cloud_default' for task execution.
[2023-02-11 09:57:21,767] {dataproc.py:603} INFO - Cluster already exists.
[2023-02-11 11:07:17,453] {taskinstance.py:1395} INFO - Marking task as SUCCESS. dag_id=6_dataproc_***, task_id=create_cluster, execution_date=20230210T000000, start_date=20230211T155711, end_date=20230211T170717
[2023-02-11 11:07:17,493] {local_task_job.py:156} INFO - Task exited with return code 0
