[2023-02-09 11:55:53,376] {taskinstance.py:1159} INFO - Dependencies all met for <TaskInstance: 7_dataproc_subdags.par_task.avg_tincome scheduled__2023-02-09T16:42:00.190347+00:00 [queued]>
[2023-02-09 11:55:53,382] {taskinstance.py:1159} INFO - Dependencies all met for <TaskInstance: 7_dataproc_subdags.par_task.avg_tincome scheduled__2023-02-09T16:42:00.190347+00:00 [queued]>
[2023-02-09 11:55:53,382] {taskinstance.py:1356} INFO - 
--------------------------------------------------------------------------------
[2023-02-09 11:55:53,383] {taskinstance.py:1357} INFO - Starting attempt 1 of 1
[2023-02-09 11:55:53,383] {taskinstance.py:1358} INFO - 
--------------------------------------------------------------------------------
[2023-02-09 11:55:53,390] {taskinstance.py:1377} INFO - Executing <Task(DataprocSubmitJobOperator): avg_tincome> on 2023-02-09 16:42:00.190347+00:00
[2023-02-09 11:55:53,393] {standard_task_runner.py:52} INFO - Started process 40764 to run task
[2023-02-09 11:55:53,395] {standard_task_runner.py:79} INFO - Running: ['***', 'tasks', 'run', '7_dataproc_subdags.par_task', 'avg_tincome', 'scheduled__2023-02-09T16:42:00.190347+00:00', '--job-id', '34', '--raw', '--subdir', 'DAGS_FOLDER/Airflow2_0_De_0_a_Heroe/7_dataproc_subdags.py', '--cfg-path', '/tmp/tmp_2tk3p_7', '--error-file', '/tmp/tmp3u8c441s']
[2023-02-09 11:55:53,396] {standard_task_runner.py:80} INFO - Job 34: Subtask avg_tincome
[2023-02-09 11:55:53,434] {task_command.py:369} INFO - Running <TaskInstance: 7_dataproc_subdags.par_task.avg_tincome scheduled__2023-02-09T16:42:00.190347+00:00 [running]> on host Tinmar.
[2023-02-09 11:55:53,477] {taskinstance.py:1569} INFO - Exporting the following env vars:
AIRFLOW_CTX_DAG_OWNER=David Sanchez
AIRFLOW_CTX_DAG_ID=7_dataproc_subdags.par_task
AIRFLOW_CTX_TASK_ID=avg_tincome
AIRFLOW_CTX_EXECUTION_DATE=2023-02-09T16:42:00.190347+00:00
AIRFLOW_CTX_TRY_NUMBER=1
AIRFLOW_CTX_DAG_RUN_ID=scheduled__2023-02-09T16:42:00.190347+00:00
[2023-02-09 11:55:53,478] {dataproc.py:1866} INFO - Submitting job
[2023-02-09 11:55:53,485] {base.py:68} INFO - Using connection ID 'google_cloud_default' for task execution.
[2023-02-09 11:55:54,025] {dataproc.py:1878} INFO - Job b1b63d0a_subjob_avg_tincome submitted successfully.
[2023-02-09 11:55:54,037] {dataproc.py:1898} INFO - Waiting for job b1b63d0a_subjob_avg_tincome to complete
[2023-02-09 11:57:06,887] {dataproc.py:1902} INFO - Job b1b63d0a_subjob_avg_tincome completed successfully.
[2023-02-09 11:57:06,905] {taskinstance.py:1395} INFO - Marking task as SUCCESS. dag_id=7_dataproc_subdags.par_task, task_id=avg_tincome, execution_date=20230209T164200, start_date=20230209T175553, end_date=20230209T175706
[2023-02-09 11:57:06,936] {local_task_job.py:156} INFO - Task exited with return code 0
