[2023-02-17T08:32:56.359-0600] {taskinstance.py:1165} INFO - Dependencies all met for <TaskInstance: 7_dataproc_subdags.iden_number scheduled__2023-02-16T00:00:00+00:00 [queued]>
[2023-02-17T08:32:56.365-0600] {taskinstance.py:1165} INFO - Dependencies all met for <TaskInstance: 7_dataproc_subdags.iden_number scheduled__2023-02-16T00:00:00+00:00 [queued]>
[2023-02-17T08:32:56.365-0600] {taskinstance.py:1362} INFO - 
--------------------------------------------------------------------------------
[2023-02-17T08:32:56.367-0600] {taskinstance.py:1363} INFO - Starting attempt 1 of 1
[2023-02-17T08:32:56.367-0600] {taskinstance.py:1364} INFO - 
--------------------------------------------------------------------------------
[2023-02-17T08:32:56.373-0600] {taskinstance.py:1383} INFO - Executing <Task(BranchPythonOperator): iden_number> on 2023-02-16 00:00:00+00:00
[2023-02-17T08:32:56.376-0600] {standard_task_runner.py:54} INFO - Started process 4786 to run task
[2023-02-17T08:32:56.378-0600] {standard_task_runner.py:82} INFO - Running: ['***', 'tasks', 'run', '7_dataproc_subdags', 'iden_number', 'scheduled__2023-02-16T00:00:00+00:00', '--job-id', '356', '--raw', '--subdir', 'DAGS_FOLDER/Airflow2_0_De_0_a_Heroe/7_dataproc_subdags.py', '--cfg-path', '/tmp/tmp7v0mtw2g']
[2023-02-17T08:32:56.379-0600] {standard_task_runner.py:83} INFO - Job 356: Subtask iden_number
[2023-02-17T08:32:56.380-0600] {dagbag.py:525} INFO - Filling up the DagBag from /c/Airflow/dags/Airflow2_0_De_0_a_Heroe/7_dataproc_subdags.py
[2023-02-17T08:32:56.466-0600] {logging_mixin.py:117} WARNING - /home/tinmar/.local/lib/python3.10/site-packages/***/models/baseoperator.py:408 DeprecationWarning: Passing cluster parameters by keywords to `DataprocCreateClusterOperator` will be deprecated. Please provide cluster_config object using `cluster_config` parameter. You can use `***.dataproc.ClusterGenerator.generate_cluster` method to obtain cluster object.
[2023-02-17T08:32:56.541-0600] {task_command.py:384} INFO - Running <TaskInstance: 7_dataproc_subdags.iden_number scheduled__2023-02-16T00:00:00+00:00 [running]> on host Tinmar.
[2023-02-17T08:32:56.589-0600] {taskinstance.py:1590} INFO - Exporting the following env vars:
AIRFLOW_CTX_DAG_OWNER=David Sanchez
AIRFLOW_CTX_DAG_ID=7_dataproc_subdags
AIRFLOW_CTX_TASK_ID=iden_number
AIRFLOW_CTX_EXECUTION_DATE=2023-02-16T00:00:00+00:00
AIRFLOW_CTX_TRY_NUMBER=1
AIRFLOW_CTX_DAG_RUN_ID=scheduled__2023-02-16T00:00:00+00:00
[2023-02-17T08:32:56.590-0600] {python.py:177} INFO - Done. Returned value was: par_task
[2023-02-17T08:32:56.591-0600] {skipmixin.py:155} INFO - Following branch par_task
[2023-02-17T08:32:56.591-0600] {skipmixin.py:190} INFO - Skipping tasks ['impar_task']
[2023-02-17T08:32:56.628-0600] {taskinstance.py:1401} INFO - Marking task as SUCCESS. dag_id=7_dataproc_subdags, task_id=iden_number, execution_date=20230216T000000, start_date=20230217T143256, end_date=20230217T143256
[2023-02-17T08:32:56.674-0600] {local_task_job.py:164} INFO - Task exited with return code 0
[2023-02-17T08:32:56.696-0600] {local_task_job.py:273} INFO - 1 downstream tasks scheduled from follow-on schedule check
