[2023-02-02 10:25:51,302] {taskinstance.py:1159} INFO - Dependencies all met for <TaskInstance: 6_dataproc_airflow.create_cluster manual__2023-02-02T16:25:47.088667+00:00 [queued]>
[2023-02-02 10:25:51,324] {taskinstance.py:1159} INFO - Dependencies all met for <TaskInstance: 6_dataproc_airflow.create_cluster manual__2023-02-02T16:25:47.088667+00:00 [queued]>
[2023-02-02 10:25:51,324] {taskinstance.py:1356} INFO - 
--------------------------------------------------------------------------------
[2023-02-02 10:25:51,327] {taskinstance.py:1357} INFO - Starting attempt 1 of 1
[2023-02-02 10:25:51,328] {taskinstance.py:1358} INFO - 
--------------------------------------------------------------------------------
[2023-02-02 10:25:51,361] {taskinstance.py:1377} INFO - Executing <Task(DataprocCreateClusterOperator): create_cluster> on 2023-02-02 16:25:47.088667+00:00
[2023-02-02 10:25:51,363] {standard_task_runner.py:52} INFO - Started process 17769 to run task
[2023-02-02 10:25:51,365] {standard_task_runner.py:79} INFO - Running: ['airflow', 'tasks', 'run', '6_dataproc_airflow', 'create_cluster', 'manual__2023-02-02T16:25:47.088667+00:00', '--job-id', '168', '--raw', '--subdir', 'DAGS_FOLDER/Airflow2_0_De_0_a_Heroe/6_dataproc_airflow.py', '--cfg-path', '/tmp/tmptqxhr3qg', '--error-file', '/tmp/tmph3qbueaa']
[2023-02-02 10:25:51,366] {standard_task_runner.py:80} INFO - Job 168: Subtask create_cluster
[2023-02-02 10:25:51,437] {task_command.py:369} INFO - Running <TaskInstance: 6_dataproc_airflow.create_cluster manual__2023-02-02T16:25:47.088667+00:00 [running]> on host Tinmar.
[2023-02-02 10:25:51,551] {taskinstance.py:1569} INFO - Exporting the following env vars:
AIRFLOW_CTX_DAG_OWNER=David S
AIRFLOW_CTX_DAG_ID=6_dataproc_airflow
AIRFLOW_CTX_TASK_ID=create_cluster
AIRFLOW_CTX_EXECUTION_DATE=2023-02-02T16:25:47.088667+00:00
AIRFLOW_CTX_TRY_NUMBER=1
AIRFLOW_CTX_DAG_RUN_ID=manual__2023-02-02T16:25:47.088667+00:00
[2023-02-02 10:25:51,552] {dataproc.py:591} INFO - Creating cluster: airflow-spark-cluster
[2023-02-02 10:25:51,567] {base.py:68} INFO - Using connection ID 'google_cloud_default' for task execution.
[2023-02-02 10:28:39,014] {dataproc.py:535} INFO - Cluster created.
[2023-02-02 10:28:39,073] {taskinstance.py:1395} INFO - Marking task as SUCCESS. dag_id=6_dataproc_airflow, task_id=create_cluster, execution_date=20230202T162547, start_date=20230202T162551, end_date=20230202T162839
[2023-02-02 10:28:39,136] {local_task_job.py:156} INFO - Task exited with return code 0
