[2023-02-16 11:57:37,313] {taskinstance.py:1159} INFO - Dependencies all met for <TaskInstance: 1.6_user_processing.select_data manual__2023-02-16T17:57:32.619139+00:00 [queued]>
[2023-02-16 11:57:37,320] {taskinstance.py:1159} INFO - Dependencies all met for <TaskInstance: 1.6_user_processing.select_data manual__2023-02-16T17:57:32.619139+00:00 [queued]>
[2023-02-16 11:57:37,321] {taskinstance.py:1356} INFO - 
--------------------------------------------------------------------------------
[2023-02-16 11:57:37,323] {taskinstance.py:1357} INFO - Starting attempt 1 of 1
[2023-02-16 11:57:37,323] {taskinstance.py:1358} INFO - 
--------------------------------------------------------------------------------
[2023-02-16 11:57:37,332] {taskinstance.py:1377} INFO - Executing <Task(PostgresOperator): select_data> on 2023-02-16 17:57:32.619139+00:00
[2023-02-16 11:57:37,336] {standard_task_runner.py:52} INFO - Started process 74155 to run task
[2023-02-16 11:57:37,338] {standard_task_runner.py:79} INFO - Running: ['***', 'tasks', 'run', '1.6_user_processing', 'select_data', 'manual__2023-02-16T17:57:32.619139+00:00', '--job-id', '246', '--raw', '--subdir', 'DAGS_FOLDER/Introduction_to_Apache_Airflow/1.6_user_processing.py', '--cfg-path', '/tmp/tmp1_26n6hc', '--error-file', '/tmp/tmp8vii8h3_']
[2023-02-16 11:57:37,339] {standard_task_runner.py:80} INFO - Job 246: Subtask select_data
[2023-02-16 11:57:37,388] {task_command.py:369} INFO - Running <TaskInstance: 1.6_user_processing.select_data manual__2023-02-16T17:57:32.619139+00:00 [running]> on host Tinmar.
[2023-02-16 11:57:37,442] {taskinstance.py:1569} INFO - Exporting the following env vars:
AIRFLOW_CTX_DAG_OWNER=Tinmar
AIRFLOW_CTX_DAG_ID=1.6_user_processing
AIRFLOW_CTX_TASK_ID=select_data
AIRFLOW_CTX_EXECUTION_DATE=2023-02-16T17:57:32.619139+00:00
AIRFLOW_CTX_TRY_NUMBER=1
AIRFLOW_CTX_DAG_RUN_ID=manual__2023-02-16T17:57:32.619139+00:00
[2023-02-16 11:57:37,443] {sql.py:254} INFO - Executing: 
                                        SELECT * FROM users
                                    
[2023-02-16 11:57:37,456] {base.py:68} INFO - Using connection ID 'postgres' for task execution.
[2023-02-16 11:57:37,488] {base.py:68} INFO - Using connection ID 'postgres' for task execution.
[2023-02-16 11:57:37,495] {sql.py:375} INFO - Running statement: 
                                        SELECT * FROM users
                                    , parameters: None
[2023-02-16 11:57:37,497] {sql.py:384} INFO - Rows affected: 4
[2023-02-16 11:57:37,524] {taskinstance.py:1395} INFO - Marking task as SUCCESS. dag_id=1.6_user_processing, task_id=select_data, execution_date=20230216T175732, start_date=20230216T175737, end_date=20230216T175737
[2023-02-16 11:57:37,559] {local_task_job.py:156} INFO - Task exited with return code 0
[2023-02-16 11:57:37,593] {local_task_job.py:273} INFO - 1 downstream tasks scheduled from follow-on schedule check
