[2023-02-14 13:02:01,588] {taskinstance.py:1159} INFO - Dependencies all met for <TaskInstance: 12_manually_defined_dag.task_1 manual__2023-02-14T19:02:00.250747+00:00 [queued]>
[2023-02-14 13:02:01,594] {taskinstance.py:1159} INFO - Dependencies all met for <TaskInstance: 12_manually_defined_dag.task_1 manual__2023-02-14T19:02:00.250747+00:00 [queued]>
[2023-02-14 13:02:01,595] {taskinstance.py:1356} INFO - 
--------------------------------------------------------------------------------
[2023-02-14 13:02:01,596] {taskinstance.py:1357} INFO - Starting attempt 1 of 1
[2023-02-14 13:02:01,596] {taskinstance.py:1358} INFO - 
--------------------------------------------------------------------------------
[2023-02-14 13:02:01,604] {taskinstance.py:1377} INFO - Executing <Task(BashOperator): task_1> on 2023-02-14 19:02:00.250747+00:00
[2023-02-14 13:02:01,607] {standard_task_runner.py:52} INFO - Started process 397436 to run task
[2023-02-14 13:02:01,609] {standard_task_runner.py:79} INFO - Running: ['***', 'tasks', 'run', '12_manually_defined_dag', 'task_1', 'manual__2023-02-14T19:02:00.250747+00:00', '--job-id', '200', '--raw', '--subdir', 'DAGS_FOLDER/Apache_Airflow/12_manually_defined_dag.py', '--cfg-path', '/tmp/tmp5yd8arob', '--error-file', '/tmp/tmpawbhrubx']
[2023-02-14 13:02:01,611] {standard_task_runner.py:80} INFO - Job 200: Subtask task_1
[2023-02-14 13:02:01,659] {task_command.py:369} INFO - Running <TaskInstance: 12_manually_defined_dag.task_1 manual__2023-02-14T19:02:00.250747+00:00 [running]> on host Tinmar.
[2023-02-14 13:02:01,710] {taskinstance.py:1569} INFO - Exporting the following env vars:
AIRFLOW_CTX_DAG_OWNER=***
AIRFLOW_CTX_DAG_ID=12_manually_defined_dag
AIRFLOW_CTX_TASK_ID=task_1
AIRFLOW_CTX_EXECUTION_DATE=2023-02-14T19:02:00.250747+00:00
AIRFLOW_CTX_TRY_NUMBER=1
AIRFLOW_CTX_DAG_RUN_ID=manual__2023-02-14T19:02:00.250747+00:00
[2023-02-14 13:02:01,711] {subprocess.py:62} INFO - Tmp dir root location: 
 /tmp
[2023-02-14 13:02:01,713] {subprocess.py:74} INFO - Running command: ['bash', '-c', 'echo 1000']
[2023-02-14 13:02:01,718] {subprocess.py:85} INFO - Output:
[2023-02-14 13:02:01,720] {subprocess.py:92} INFO - 1000
[2023-02-14 13:02:01,721] {subprocess.py:96} INFO - Command exited with return code 0
[2023-02-14 13:02:01,745] {taskinstance.py:1395} INFO - Marking task as SUCCESS. dag_id=12_manually_defined_dag, task_id=task_1, execution_date=20230214T190200, start_date=20230214T190201, end_date=20230214T190201
[2023-02-14 13:02:01,783] {local_task_job.py:156} INFO - Task exited with return code 0
[2023-02-14 13:02:01,815] {local_task_job.py:273} INFO - 1 downstream tasks scheduled from follow-on schedule check
