[2023-02-01 17:49:37,273] {taskinstance.py:1159} INFO - Dependencies all met for <TaskInstance: 6_dataproc_airflow.iden_number scheduled__2023-01-31T00:00:00+00:00 [queued]>
[2023-02-01 17:49:37,287] {taskinstance.py:1159} INFO - Dependencies all met for <TaskInstance: 6_dataproc_airflow.iden_number scheduled__2023-01-31T00:00:00+00:00 [queued]>
[2023-02-01 17:49:37,287] {taskinstance.py:1356} INFO - 
--------------------------------------------------------------------------------
[2023-02-01 17:49:37,288] {taskinstance.py:1357} INFO - Starting attempt 1 of 1
[2023-02-01 17:49:37,288] {taskinstance.py:1358} INFO - 
--------------------------------------------------------------------------------
[2023-02-01 17:49:37,317] {taskinstance.py:1377} INFO - Executing <Task(BranchPythonOperator): iden_number> on 2023-01-31 00:00:00+00:00
[2023-02-01 17:49:37,319] {standard_task_runner.py:52} INFO - Started process 13878 to run task
[2023-02-01 17:49:37,320] {standard_task_runner.py:79} INFO - Running: ['airflow', 'tasks', 'run', '6_dataproc_airflow', 'iden_number', 'scheduled__2023-01-31T00:00:00+00:00', '--job-id', '133', '--raw', '--subdir', 'DAGS_FOLDER/Airflow2_0_De_0_a_Heroe/6_dataproc_airflow.py', '--cfg-path', '/tmp/tmp941um5af', '--error-file', '/tmp/tmpahhnfoa9']
[2023-02-01 17:49:37,322] {standard_task_runner.py:80} INFO - Job 133: Subtask iden_number
[2023-02-01 17:49:37,391] {task_command.py:369} INFO - Running <TaskInstance: 6_dataproc_airflow.iden_number scheduled__2023-01-31T00:00:00+00:00 [running]> on host Tinmar.
[2023-02-01 17:49:37,495] {taskinstance.py:1569} INFO - Exporting the following env vars:
AIRFLOW_CTX_DAG_OWNER=David S
AIRFLOW_CTX_DAG_ID=6_dataproc_airflow
AIRFLOW_CTX_TASK_ID=iden_number
AIRFLOW_CTX_EXECUTION_DATE=2023-01-31T00:00:00+00:00
AIRFLOW_CTX_TRY_NUMBER=1
AIRFLOW_CTX_DAG_RUN_ID=scheduled__2023-01-31T00:00:00+00:00
[2023-02-01 17:49:37,496] {python.py:173} INFO - Done. Returned value was: impar_task
[2023-02-01 17:49:37,496] {skipmixin.py:140} INFO - Following branch impar_task
[2023-02-01 17:49:37,497] {skipmixin.py:175} INFO - Skipping tasks ['par_task.avg_quant', 'par_task.avg_uprice', 'par_task.avg_tincome']
[2023-02-01 17:49:37,592] {taskinstance.py:1395} INFO - Marking task as SUCCESS. dag_id=6_dataproc_airflow, task_id=iden_number, execution_date=20230131T000000, start_date=20230201T234937, end_date=20230201T234937
[2023-02-01 17:49:37,654] {local_task_job.py:156} INFO - Task exited with return code 0
