[2023-02-17T08:50:53.610-0600] {taskinstance.py:1165} INFO - Dependencies all met for <TaskInstance: 6_xcom_dag.t3 manual__2023-02-17T14:50:50.750595+00:00 [queued]>
[2023-02-17T08:50:53.617-0600] {taskinstance.py:1165} INFO - Dependencies all met for <TaskInstance: 6_xcom_dag.t3 manual__2023-02-17T14:50:50.750595+00:00 [queued]>
[2023-02-17T08:50:53.617-0600] {taskinstance.py:1362} INFO - 
--------------------------------------------------------------------------------
[2023-02-17T08:50:53.618-0600] {taskinstance.py:1363} INFO - Starting attempt 1 of 1
[2023-02-17T08:50:53.619-0600] {taskinstance.py:1364} INFO - 
--------------------------------------------------------------------------------
[2023-02-17T08:50:53.628-0600] {taskinstance.py:1383} INFO - Executing <Task(BashOperator): t3> on 2023-02-17 14:50:50.750595+00:00
[2023-02-17T08:50:53.631-0600] {standard_task_runner.py:54} INFO - Started process 14951 to run task
[2023-02-17T08:50:53.633-0600] {standard_task_runner.py:82} INFO - Running: ['***', 'tasks', 'run', '6_xcom_dag', 't3', 'manual__2023-02-17T14:50:50.750595+00:00', '--job-id', '377', '--raw', '--subdir', 'DAGS_FOLDER/Introduction_to_Apache_Airflow/6_xcom_dag.py', '--cfg-path', '/tmp/tmpto1gv_sx']
[2023-02-17T08:50:53.635-0600] {standard_task_runner.py:83} INFO - Job 377: Subtask t3
[2023-02-17T08:50:53.637-0600] {dagbag.py:525} INFO - Filling up the DagBag from /c/Airflow/dags/Introduction_to_Apache_Airflow/6_xcom_dag.py
[2023-02-17T08:50:53.723-0600] {task_command.py:384} INFO - Running <TaskInstance: 6_xcom_dag.t3 manual__2023-02-17T14:50:50.750595+00:00 [running]> on host Tinmar.
[2023-02-17T08:50:53.766-0600] {taskinstance.py:1590} INFO - Exporting the following env vars:
AIRFLOW_CTX_DAG_OWNER=***
AIRFLOW_CTX_DAG_ID=6_xcom_dag
AIRFLOW_CTX_TASK_ID=t3
AIRFLOW_CTX_EXECUTION_DATE=2023-02-17T14:50:50.750595+00:00
AIRFLOW_CTX_TRY_NUMBER=1
AIRFLOW_CTX_DAG_RUN_ID=manual__2023-02-17T14:50:50.750595+00:00
[2023-02-17T08:50:53.767-0600] {subprocess.py:63} INFO - Tmp dir root location: 
 /tmp
[2023-02-17T08:50:53.768-0600] {subprocess.py:75} INFO - Running command: ['/usr/bin/bash', '-c', "echo ''"]
[2023-02-17T08:50:53.772-0600] {subprocess.py:86} INFO - Output:
[2023-02-17T08:50:53.773-0600] {subprocess.py:93} INFO - 
[2023-02-17T08:50:53.774-0600] {subprocess.py:97} INFO - Command exited with return code 0
[2023-02-17T08:50:53.793-0600] {taskinstance.py:1401} INFO - Marking task as SUCCESS. dag_id=6_xcom_dag, task_id=t3, execution_date=20230217T145050, start_date=20230217T145053, end_date=20230217T145053
[2023-02-17T08:50:53.807-0600] {local_task_job.py:164} INFO - Task exited with return code 0
[2023-02-17T08:50:53.820-0600] {local_task_job.py:273} INFO - 0 downstream tasks scheduled from follow-on schedule check
