[2023-02-18T02:59:34.480-0600] {taskinstance.py:1165} INFO - Dependencies all met for <TaskInstance: 7_branch_dag.t2 scheduled__2023-02-17T00:00:00+00:00 [queued]>
[2023-02-18T02:59:34.493-0600] {taskinstance.py:1165} INFO - Dependencies all met for <TaskInstance: 7_branch_dag.t2 scheduled__2023-02-17T00:00:00+00:00 [queued]>
[2023-02-18T02:59:34.494-0600] {taskinstance.py:1362} INFO - 
--------------------------------------------------------------------------------
[2023-02-18T02:59:34.494-0600] {taskinstance.py:1363} INFO - Starting attempt 1 of 1
[2023-02-18T02:59:34.495-0600] {taskinstance.py:1364} INFO - 
--------------------------------------------------------------------------------
[2023-02-18T02:59:34.508-0600] {taskinstance.py:1383} INFO - Executing <Task(PythonOperator): t2> on 2023-02-17 00:00:00+00:00
[2023-02-18T02:59:34.515-0600] {standard_task_runner.py:54} INFO - Started process 191777 to run task
[2023-02-18T02:59:34.518-0600] {standard_task_runner.py:82} INFO - Running: ['***', 'tasks', 'run', '7_branch_dag', 't2', 'scheduled__2023-02-17T00:00:00+00:00', '--job-id', '452', '--raw', '--subdir', 'DAGS_FOLDER/Introduction_to_Apache_Airflow/7_branch_dag.py', '--cfg-path', '/tmp/tmpsttvevwp']
[2023-02-18T02:59:34.520-0600] {standard_task_runner.py:83} INFO - Job 452: Subtask t2
[2023-02-18T02:59:34.522-0600] {dagbag.py:525} INFO - Filling up the DagBag from /c/Airflow/dags/Introduction_to_Apache_Airflow/7_branch_dag.py
[2023-02-18T02:59:34.680-0600] {task_command.py:384} INFO - Running <TaskInstance: 7_branch_dag.t2 scheduled__2023-02-17T00:00:00+00:00 [running]> on host Tinmar.
[2023-02-18T02:59:34.797-0600] {taskinstance.py:1590} INFO - Exporting the following env vars:
AIRFLOW_CTX_DAG_OWNER=***
AIRFLOW_CTX_DAG_ID=7_branch_dag
AIRFLOW_CTX_TASK_ID=t2
AIRFLOW_CTX_EXECUTION_DATE=2023-02-17T00:00:00+00:00
AIRFLOW_CTX_TRY_NUMBER=1
AIRFLOW_CTX_DAG_RUN_ID=scheduled__2023-02-17T00:00:00+00:00
[2023-02-18T02:59:34.824-0600] {logging_mixin.py:117} INFO - 42
[2023-02-18T02:59:34.825-0600] {python.py:177} INFO - Done. Returned value was: None
[2023-02-18T02:59:34.848-0600] {taskinstance.py:1401} INFO - Marking task as SUCCESS. dag_id=7_branch_dag, task_id=t2, execution_date=20230217T000000, start_date=20230218T085934, end_date=20230218T085934
[2023-02-18T02:59:34.891-0600] {local_task_job.py:164} INFO - Task exited with return code 0
[2023-02-18T02:59:34.916-0600] {local_task_job.py:273} INFO - 1 downstream tasks scheduled from follow-on schedule check
