[2023-02-21T08:48:47.933-0600] {taskinstance.py:1165} INFO - Dependencies all met for <TaskInstance: 4.1_group_dag.transform_a scheduled__2023-02-20T00:00:00+00:00 [queued]>
[2023-02-21T08:48:47.950-0600] {taskinstance.py:1165} INFO - Dependencies all met for <TaskInstance: 4.1_group_dag.transform_a scheduled__2023-02-20T00:00:00+00:00 [queued]>
[2023-02-21T08:48:47.951-0600] {taskinstance.py:1362} INFO - 
--------------------------------------------------------------------------------
[2023-02-21T08:48:47.952-0600] {taskinstance.py:1363} INFO - Starting attempt 1 of 1
[2023-02-21T08:48:47.953-0600] {taskinstance.py:1364} INFO - 
--------------------------------------------------------------------------------
[2023-02-21T08:48:47.966-0600] {taskinstance.py:1383} INFO - Executing <Task(BashOperator): transform_a> on 2023-02-20 00:00:00+00:00
[2023-02-21T08:48:47.970-0600] {standard_task_runner.py:54} INFO - Started process 428926 to run task
[2023-02-21T08:48:47.974-0600] {standard_task_runner.py:82} INFO - Running: ['***', 'tasks', 'run', '4.1_group_dag', 'transform_a', 'scheduled__2023-02-20T00:00:00+00:00', '--job-id', '633', '--raw', '--subdir', 'DAGS_FOLDER/Introduction_to_Apache_Airflow/4.1_group_dag.py', '--cfg-path', '/tmp/tmpje6v6crz']
[2023-02-21T08:48:47.977-0600] {standard_task_runner.py:83} INFO - Job 633: Subtask transform_a
[2023-02-21T08:48:47.979-0600] {dagbag.py:525} INFO - Filling up the DagBag from /c/Airflow/dags/Introduction_to_Apache_Airflow/4.1_group_dag.py
[2023-02-21T08:48:48.138-0600] {task_command.py:384} INFO - Running <TaskInstance: 4.1_group_dag.transform_a scheduled__2023-02-20T00:00:00+00:00 [running]> on host Tinmar.
[2023-02-21T08:48:48.236-0600] {taskinstance.py:1590} INFO - Exporting the following env vars:
AIRFLOW_CTX_DAG_OWNER=***
AIRFLOW_CTX_DAG_ID=4.1_group_dag
AIRFLOW_CTX_TASK_ID=transform_a
AIRFLOW_CTX_EXECUTION_DATE=2023-02-20T00:00:00+00:00
AIRFLOW_CTX_TRY_NUMBER=1
AIRFLOW_CTX_DAG_RUN_ID=scheduled__2023-02-20T00:00:00+00:00
[2023-02-21T08:48:48.237-0600] {subprocess.py:63} INFO - Tmp dir root location: 
 /tmp
[2023-02-21T08:48:48.239-0600] {subprocess.py:75} INFO - Running command: ['/usr/bin/bash', '-c', 'sleep 10']
[2023-02-21T08:48:48.249-0600] {subprocess.py:86} INFO - Output:
[2023-02-21T08:48:58.252-0600] {subprocess.py:97} INFO - Command exited with return code 0
[2023-02-21T08:48:58.283-0600] {taskinstance.py:1401} INFO - Marking task as SUCCESS. dag_id=4.1_group_dag, task_id=transform_a, execution_date=20230220T000000, start_date=20230221T144847, end_date=20230221T144858
[2023-02-21T08:48:58.325-0600] {local_task_job.py:164} INFO - Task exited with return code 0
[2023-02-21T08:48:58.348-0600] {local_task_job.py:273} INFO - 0 downstream tasks scheduled from follow-on schedule check
