[2023-02-01 09:04:44,196] {taskinstance.py:1159} INFO - Dependencies all met for <TaskInstance: 0_airflow_variables.bash_task scheduled__2023-01-31T12:30:00+00:00 [queued]>
[2023-02-01 09:04:44,223] {taskinstance.py:1159} INFO - Dependencies all met for <TaskInstance: 0_airflow_variables.bash_task scheduled__2023-01-31T12:30:00+00:00 [queued]>
[2023-02-01 09:04:44,223] {taskinstance.py:1356} INFO - 
--------------------------------------------------------------------------------
[2023-02-01 09:04:44,224] {taskinstance.py:1357} INFO - Starting attempt 1 of 1
[2023-02-01 09:04:44,225] {taskinstance.py:1358} INFO - 
--------------------------------------------------------------------------------
[2023-02-01 09:04:44,280] {taskinstance.py:1377} INFO - Executing <Task(BashOperator): bash_task> on 2023-01-31 12:30:00+00:00
[2023-02-01 09:04:44,282] {standard_task_runner.py:52} INFO - Started process 162 to run task
[2023-02-01 09:04:44,284] {standard_task_runner.py:79} INFO - Running: ['airflow', 'tasks', 'run', '0_airflow_variables', 'bash_task', 'scheduled__2023-01-31T12:30:00+00:00', '--job-id', '101', '--raw', '--subdir', 'DAGS_FOLDER/Airflow2.0-De-0-a-Heroe/0_airflow_variables.py', '--cfg-path', '/tmp/tmp05l_50tb', '--error-file', '/tmp/tmpjpyigttf']
[2023-02-01 09:04:44,285] {standard_task_runner.py:80} INFO - Job 101: Subtask bash_task
[2023-02-01 09:04:44,423] {task_command.py:369} INFO - Running <TaskInstance: 0_airflow_variables.bash_task scheduled__2023-01-31T12:30:00+00:00 [running]> on host Tinmar.
[2023-02-01 09:04:44,616] {taskinstance.py:1569} INFO - Exporting the following env vars:
AIRFLOW_CTX_DAG_OWNER=Tinmar
AIRFLOW_CTX_DAG_ID=0_airflow_variables
AIRFLOW_CTX_TASK_ID=bash_task
AIRFLOW_CTX_EXECUTION_DATE=2023-01-31T12:30:00+00:00
AIRFLOW_CTX_TRY_NUMBER=1
AIRFLOW_CTX_DAG_RUN_ID=scheduled__2023-01-31T12:30:00+00:00
[2023-02-01 09:04:44,617] {subprocess.py:62} INFO - Tmp dir root location: 
 /tmp
[2023-02-01 09:04:44,617] {subprocess.py:74} INFO - Running command: ['bash', '-c', 'echo "---> Mi primer DAG CON MACROS Y VARIABLES en Apache Airflow, Fecha: $TODAY y TIMESTAMP ES: 20230131T123000+0000"']
[2023-02-01 09:04:44,620] {subprocess.py:85} INFO - Output:
[2023-02-01 09:04:44,621] {subprocess.py:92} INFO - ---> Mi primer DAG CON MACROS Y VARIABLES en Apache Airflow, Fecha: 2023-02-01 y TIMESTAMP ES: 20230131T123000+0000
[2023-02-01 09:04:44,622] {subprocess.py:96} INFO - Command exited with return code 0
[2023-02-01 09:04:44,698] {taskinstance.py:1395} INFO - Marking task as SUCCESS. dag_id=0_airflow_variables, task_id=bash_task, execution_date=20230131T123000, start_date=20230201T150444, end_date=20230201T150444
[2023-02-01 09:04:44,779] {local_task_job.py:156} INFO - Task exited with return code 0
[2023-02-01 09:04:44,883] {local_task_job.py:273} INFO - 1 downstream tasks scheduled from follow-on schedule check
