[2023-02-16T17:42:47.419-0600] {taskinstance.py:1165} INFO - Dependencies all met for <TaskInstance: 4.1_group_dag.download_a scheduled__2023-02-15T00:00:00+00:00 [queued]>
[2023-02-16T17:42:47.427-0600] {taskinstance.py:1165} INFO - Dependencies all met for <TaskInstance: 4.1_group_dag.download_a scheduled__2023-02-15T00:00:00+00:00 [queued]>
[2023-02-16T17:42:47.428-0600] {taskinstance.py:1362} INFO - 
--------------------------------------------------------------------------------
[2023-02-16T17:42:47.428-0600] {taskinstance.py:1363} INFO - Starting attempt 1 of 1
[2023-02-16T17:42:47.429-0600] {taskinstance.py:1364} INFO - 
--------------------------------------------------------------------------------
[2023-02-16T17:42:47.436-0600] {taskinstance.py:1383} INFO - Executing <Task(BashOperator): download_a> on 2023-02-15 00:00:00+00:00
[2023-02-16T17:42:47.439-0600] {standard_task_runner.py:54} INFO - Started process 202279 to run task
[2023-02-16T17:42:47.441-0600] {standard_task_runner.py:82} INFO - Running: ['***', 'tasks', 'run', '4.1_group_dag', 'download_a', 'scheduled__2023-02-15T00:00:00+00:00', '--job-id', '313', '--raw', '--subdir', 'DAGS_FOLDER/Introduction_to_Apache_Airflow/4.1_group_dag.py', '--cfg-path', '/tmp/tmpoagt1dhc']
[2023-02-16T17:42:47.443-0600] {standard_task_runner.py:83} INFO - Job 313: Subtask download_a
[2023-02-16T17:42:47.444-0600] {dagbag.py:525} INFO - Filling up the DagBag from /c/Airflow/dags/Introduction_to_Apache_Airflow/4.1_group_dag.py
[2023-02-16T17:42:47.525-0600] {task_command.py:384} INFO - Running <TaskInstance: 4.1_group_dag.download_a scheduled__2023-02-15T00:00:00+00:00 [running]> on host Tinmar.
[2023-02-16T17:42:47.571-0600] {taskinstance.py:1590} INFO - Exporting the following env vars:
AIRFLOW_CTX_DAG_OWNER=***
AIRFLOW_CTX_DAG_ID=4.1_group_dag
AIRFLOW_CTX_TASK_ID=download_a
AIRFLOW_CTX_EXECUTION_DATE=2023-02-15T00:00:00+00:00
AIRFLOW_CTX_TRY_NUMBER=1
AIRFLOW_CTX_DAG_RUN_ID=scheduled__2023-02-15T00:00:00+00:00
[2023-02-16T17:42:47.572-0600] {subprocess.py:63} INFO - Tmp dir root location: 
 /tmp
[2023-02-16T17:42:47.573-0600] {subprocess.py:75} INFO - Running command: ['/usr/bin/bash', '-c', 'sleep 10']
[2023-02-16T17:42:47.577-0600] {subprocess.py:86} INFO - Output:
[2023-02-16T17:42:57.578-0600] {subprocess.py:97} INFO - Command exited with return code 0
[2023-02-16T17:42:57.601-0600] {taskinstance.py:1401} INFO - Marking task as SUCCESS. dag_id=4.1_group_dag, task_id=download_a, execution_date=20230215T000000, start_date=20230216T234247, end_date=20230216T234257
[2023-02-16T17:42:57.636-0600] {local_task_job.py:164} INFO - Task exited with return code 0
[2023-02-16T17:42:57.664-0600] {local_task_job.py:273} INFO - 0 downstream tasks scheduled from follow-on schedule check
