[2023-02-18T18:29:09.372-0600] {taskinstance.py:1165} INFO - Dependencies all met for <TaskInstance: 1.5_user_processing.extract_data scheduled__2023-02-18T00:00:00+00:00 [queued]>
[2023-02-18T18:29:09.388-0600] {taskinstance.py:1165} INFO - Dependencies all met for <TaskInstance: 1.5_user_processing.extract_data scheduled__2023-02-18T00:00:00+00:00 [queued]>
[2023-02-18T18:29:09.389-0600] {taskinstance.py:1362} INFO - 
--------------------------------------------------------------------------------
[2023-02-18T18:29:09.390-0600] {taskinstance.py:1363} INFO - Starting attempt 1 of 1
[2023-02-18T18:29:09.391-0600] {taskinstance.py:1364} INFO - 
--------------------------------------------------------------------------------
[2023-02-18T18:29:09.458-0600] {taskinstance.py:1383} INFO - Executing <Task(SimpleHttpOperator): extract_data> on 2023-02-18 00:00:00+00:00
[2023-02-18T18:29:09.462-0600] {standard_task_runner.py:54} INFO - Started process 196232 to run task
[2023-02-18T18:29:09.465-0600] {standard_task_runner.py:82} INFO - Running: ['***', 'tasks', 'run', '1.5_user_processing', 'extract_data', 'scheduled__2023-02-18T00:00:00+00:00', '--job-id', '515', '--raw', '--subdir', 'DAGS_FOLDER/Introduction_to_Apache_Airflow/1.5_user_processing.py', '--cfg-path', '/tmp/tmp2_3akp4i']
[2023-02-18T18:29:09.467-0600] {standard_task_runner.py:83} INFO - Job 515: Subtask extract_data
[2023-02-18T18:29:09.468-0600] {dagbag.py:525} INFO - Filling up the DagBag from /c/Airflow/dags/Introduction_to_Apache_Airflow/1.5_user_processing.py
[2023-02-18T18:29:09.825-0600] {task_command.py:384} INFO - Running <TaskInstance: 1.5_user_processing.extract_data scheduled__2023-02-18T00:00:00+00:00 [running]> on host Tinmar.
[2023-02-18T18:29:09.882-0600] {taskinstance.py:1590} INFO - Exporting the following env vars:
AIRFLOW_CTX_DAG_OWNER=Tinmar
AIRFLOW_CTX_DAG_ID=1.5_user_processing
AIRFLOW_CTX_TASK_ID=extract_data
AIRFLOW_CTX_EXECUTION_DATE=2023-02-18T00:00:00+00:00
AIRFLOW_CTX_TRY_NUMBER=1
AIRFLOW_CTX_DAG_RUN_ID=scheduled__2023-02-18T00:00:00+00:00
[2023-02-18T18:29:09.883-0600] {http.py:123} INFO - Calling HTTP method
[2023-02-18T18:29:09.894-0600] {base.py:71} INFO - Using connection ID 'user_api' for task execution.
[2023-02-18T18:29:11.330-0600] {http.py:127} INFO - {"results":[{"gender":"female","name":{"title":"Mrs","first":"Zirka","last":"Bilenko"},"location":{"street":{"number":9705,"name":"Gromadyanska"},"city":"Vishneve","state":"Luganska","country":"Ukraine","postcode":60479,"coordinates":{"latitude":"76.8802","longitude":"160.2847"},"timezone":{"offset":"+2:00","description":"Kaliningrad, South Africa"}},"email":"zirka.bilenko@example.com","login":{"uuid":"4158f427-8125-4039-ad5c-66f1bb4ad0c7","username":"smallgorilla473","password":"fresh","salt":"elvcpIP2","md5":"7780ec53348e9aa7c71c40c8eeeedfb1","sha1":"c2ae8c6d90c8223ae8117dc6b968042fb58e9aaa","sha256":"45b27a49c62d2620fd0835f157fe22441b1d23dddb53bb01e6c8242dac9875b8"},"dob":{"date":"1999-05-05T08:01:10.551Z","age":23},"registered":{"date":"2003-12-15T20:46:06.900Z","age":19},"phone":"(098) H68-0746","cell":"(066) K69-7478","id":{"name":"","value":null},"picture":{"large":"https://randomuser.me/api/portraits/women/71.jpg","medium":"https://randomuser.me/api/portraits/med/women/71.jpg","thumbnail":"https://randomuser.me/api/portraits/thumb/women/71.jpg"},"nat":"UA"}],"info":{"seed":"621511cc9aa25bc3","results":1,"page":1,"version":"1.4"}}
[2023-02-18T18:29:11.352-0600] {taskinstance.py:1401} INFO - Marking task as SUCCESS. dag_id=1.5_user_processing, task_id=extract_data, execution_date=20230218T000000, start_date=20230219T002909, end_date=20230219T002911
[2023-02-18T18:29:11.404-0600] {local_task_job.py:164} INFO - Task exited with return code 0
[2023-02-18T18:29:11.477-0600] {local_task_job.py:273} INFO - 0 downstream tasks scheduled from follow-on schedule check
