[2023-02-18T02:59:29.138-0600] {taskinstance.py:1165} INFO - Dependencies all met for <TaskInstance: 6_xcom_dag.t1 scheduled__2023-02-17T00:00:00+00:00 [queued]>
[2023-02-18T02:59:29.161-0600] {taskinstance.py:1165} INFO - Dependencies all met for <TaskInstance: 6_xcom_dag.t1 scheduled__2023-02-17T00:00:00+00:00 [queued]>
[2023-02-18T02:59:29.162-0600] {taskinstance.py:1362} INFO - 
--------------------------------------------------------------------------------
[2023-02-18T02:59:29.162-0600] {taskinstance.py:1363} INFO - Starting attempt 1 of 1
[2023-02-18T02:59:29.165-0600] {taskinstance.py:1364} INFO - 
--------------------------------------------------------------------------------
[2023-02-18T02:59:29.194-0600] {taskinstance.py:1383} INFO - Executing <Task(PythonOperator): t1> on 2023-02-17 00:00:00+00:00
[2023-02-18T02:59:29.199-0600] {standard_task_runner.py:54} INFO - Started process 191130 to run task
[2023-02-18T02:59:29.203-0600] {standard_task_runner.py:82} INFO - Running: ['***', 'tasks', 'run', '6_xcom_dag', 't1', 'scheduled__2023-02-17T00:00:00+00:00', '--job-id', '429', '--raw', '--subdir', 'DAGS_FOLDER/Introduction_to_Apache_Airflow/6_xcom_dag.py', '--cfg-path', '/tmp/tmph8kly6mp']
[2023-02-18T02:59:29.207-0600] {standard_task_runner.py:83} INFO - Job 429: Subtask t1
[2023-02-18T02:59:29.209-0600] {dagbag.py:525} INFO - Filling up the DagBag from /c/Airflow/dags/Introduction_to_Apache_Airflow/6_xcom_dag.py
[2023-02-18T02:59:29.626-0600] {task_command.py:384} INFO - Running <TaskInstance: 6_xcom_dag.t1 scheduled__2023-02-17T00:00:00+00:00 [running]> on host Tinmar.
[2023-02-18T02:59:29.751-0600] {taskinstance.py:1590} INFO - Exporting the following env vars:
AIRFLOW_CTX_DAG_OWNER=***
AIRFLOW_CTX_DAG_ID=6_xcom_dag
AIRFLOW_CTX_TASK_ID=t1
AIRFLOW_CTX_EXECUTION_DATE=2023-02-17T00:00:00+00:00
AIRFLOW_CTX_TRY_NUMBER=1
AIRFLOW_CTX_DAG_RUN_ID=scheduled__2023-02-17T00:00:00+00:00
[2023-02-18T02:59:29.786-0600] {python.py:177} INFO - Done. Returned value was: None
[2023-02-18T02:59:29.814-0600] {taskinstance.py:1401} INFO - Marking task as SUCCESS. dag_id=6_xcom_dag, task_id=t1, execution_date=20230217T000000, start_date=20230218T085929, end_date=20230218T085929
[2023-02-18T02:59:29.870-0600] {local_task_job.py:164} INFO - Task exited with return code 0
[2023-02-18T02:59:29.909-0600] {local_task_job.py:273} INFO - 1 downstream tasks scheduled from follow-on schedule check
