[2023-02-02 10:54:38,773] {taskinstance.py:1159} INFO - Dependencies all met for <TaskInstance: 6_dataproc_airflow.delete_cluster manual__2023-02-02T16:49:22.030413+00:00 [queued]>
[2023-02-02 10:54:38,788] {taskinstance.py:1159} INFO - Dependencies all met for <TaskInstance: 6_dataproc_airflow.delete_cluster manual__2023-02-02T16:49:22.030413+00:00 [queued]>
[2023-02-02 10:54:38,789] {taskinstance.py:1356} INFO - 
--------------------------------------------------------------------------------
[2023-02-02 10:54:38,791] {taskinstance.py:1357} INFO - Starting attempt 1 of 1
[2023-02-02 10:54:38,792] {taskinstance.py:1358} INFO - 
--------------------------------------------------------------------------------
[2023-02-02 10:54:38,823] {taskinstance.py:1377} INFO - Executing <Task(DataprocDeleteClusterOperator): delete_cluster> on 2023-02-02 16:49:22.030413+00:00
[2023-02-02 10:54:38,826] {standard_task_runner.py:52} INFO - Started process 19345 to run task
[2023-02-02 10:54:38,828] {standard_task_runner.py:79} INFO - Running: ['airflow', 'tasks', 'run', '6_dataproc_airflow', 'delete_cluster', 'manual__2023-02-02T16:49:22.030413+00:00', '--job-id', '187', '--raw', '--subdir', 'DAGS_FOLDER/Airflow2_0_De_0_a_Heroe/6_dataproc_airflow.py', '--cfg-path', '/tmp/tmpj2xiqoh9', '--error-file', '/tmp/tmp54lhxbd8']
[2023-02-02 10:54:38,829] {standard_task_runner.py:80} INFO - Job 187: Subtask delete_cluster
[2023-02-02 10:54:38,919] {task_command.py:369} INFO - Running <TaskInstance: 6_dataproc_airflow.delete_cluster manual__2023-02-02T16:49:22.030413+00:00 [running]> on host Tinmar.
[2023-02-02 10:54:39,040] {taskinstance.py:1569} INFO - Exporting the following env vars:
AIRFLOW_CTX_DAG_OWNER=David S
AIRFLOW_CTX_DAG_ID=6_dataproc_airflow
AIRFLOW_CTX_TASK_ID=delete_cluster
AIRFLOW_CTX_EXECUTION_DATE=2023-02-02T16:49:22.030413+00:00
AIRFLOW_CTX_TRY_NUMBER=1
AIRFLOW_CTX_DAG_RUN_ID=manual__2023-02-02T16:49:22.030413+00:00
[2023-02-02 10:54:39,053] {base.py:68} INFO - Using connection ID 'google_cloud_default' for task execution.
[2023-02-02 10:54:39,054] {dataproc.py:817} INFO - Deleting cluster: airflow-spark-cluster
[2023-02-02 10:55:29,093] {dataproc.py:829} INFO - Cluster deleted.
[2023-02-02 10:55:29,117] {taskinstance.py:1395} INFO - Marking task as SUCCESS. dag_id=6_dataproc_airflow, task_id=delete_cluster, execution_date=20230202T164922, start_date=20230202T165438, end_date=20230202T165529
[2023-02-02 10:55:29,155] {local_task_job.py:156} INFO - Task exited with return code 0
