[2023-02-20T09:22:04.175-0600] {taskinstance.py:1165} INFO - Dependencies all met for <TaskInstance: 6_dataproc_airflow.iden_number scheduled__2023-02-19T00:00:00+00:00 [queued]>
[2023-02-20T09:22:04.182-0600] {taskinstance.py:1165} INFO - Dependencies all met for <TaskInstance: 6_dataproc_airflow.iden_number scheduled__2023-02-19T00:00:00+00:00 [queued]>
[2023-02-20T09:22:04.182-0600] {taskinstance.py:1362} INFO - 
--------------------------------------------------------------------------------
[2023-02-20T09:22:04.184-0600] {taskinstance.py:1363} INFO - Starting attempt 1 of 1
[2023-02-20T09:22:04.184-0600] {taskinstance.py:1364} INFO - 
--------------------------------------------------------------------------------
[2023-02-20T09:22:04.193-0600] {taskinstance.py:1383} INFO - Executing <Task(BranchPythonOperator): iden_number> on 2023-02-19 00:00:00+00:00
[2023-02-20T09:22:04.196-0600] {standard_task_runner.py:54} INFO - Started process 201795 to run task
[2023-02-20T09:22:04.198-0600] {standard_task_runner.py:82} INFO - Running: ['***', 'tasks', 'run', '6_dataproc_***', 'iden_number', 'scheduled__2023-02-19T00:00:00+00:00', '--job-id', '584', '--raw', '--subdir', 'DAGS_FOLDER/Airflow2_0_De_0_a_Heroe/6_dataproc_***.py', '--cfg-path', '/tmp/tmpsm2fnfkj']
[2023-02-20T09:22:04.200-0600] {standard_task_runner.py:83} INFO - Job 584: Subtask iden_number
[2023-02-20T09:22:04.201-0600] {dagbag.py:525} INFO - Filling up the DagBag from /c/Airflow/dags/Airflow2_0_De_0_a_Heroe/6_dataproc_***.py
[2023-02-20T09:22:04.263-0600] {logging_mixin.py:117} WARNING - /home/tinmar/.local/lib/python3.10/site-packages/***/models/baseoperator.py:408 DeprecationWarning: Passing cluster parameters by keywords to `DataprocCreateClusterOperator` will be deprecated. Please provide cluster_config object using `cluster_config` parameter. You can use `***.dataproc.ClusterGenerator.generate_cluster` method to obtain cluster object.
[2023-02-20T09:22:04.335-0600] {task_command.py:384} INFO - Running <TaskInstance: 6_dataproc_airflow.iden_number scheduled__2023-02-19T00:00:00+00:00 [running]> on host Tinmar.
[2023-02-20T09:22:04.400-0600] {taskinstance.py:1590} INFO - Exporting the following env vars:
AIRFLOW_CTX_DAG_OWNER=David S
AIRFLOW_CTX_DAG_ID=6_dataproc_***
AIRFLOW_CTX_TASK_ID=iden_number
AIRFLOW_CTX_EXECUTION_DATE=2023-02-19T00:00:00+00:00
AIRFLOW_CTX_TRY_NUMBER=1
AIRFLOW_CTX_DAG_RUN_ID=scheduled__2023-02-19T00:00:00+00:00
[2023-02-20T09:22:04.402-0600] {python.py:177} INFO - Done. Returned value was: ['par_task.avg_quant', 'par_task.avg_tincome', 'par_task.avg_uprice']
[2023-02-20T09:22:04.403-0600] {skipmixin.py:155} INFO - Following branch ['par_task.avg_quant', 'par_task.avg_tincome', 'par_task.avg_uprice']
[2023-02-20T09:22:04.404-0600] {skipmixin.py:190} INFO - Skipping tasks ['impar_task']
[2023-02-20T09:22:04.456-0600] {taskinstance.py:1401} INFO - Marking task as SUCCESS. dag_id=6_dataproc_***, task_id=iden_number, execution_date=20230219T000000, start_date=20230220T152204, end_date=20230220T152204
[2023-02-20T09:22:04.491-0600] {local_task_job.py:164} INFO - Task exited with return code 0
[2023-02-20T09:22:04.522-0600] {local_task_job.py:273} INFO - 3 downstream tasks scheduled from follow-on schedule check
