[2023-02-09 14:33:31,077] {taskinstance.py:1159} INFO - Dependencies all met for <TaskInstance: Los_Simpson.Remember_Homer manual__2023-02-09T20:33:30.162104+00:00 [queued]>
[2023-02-09 14:33:31,082] {taskinstance.py:1159} INFO - Dependencies all met for <TaskInstance: Los_Simpson.Remember_Homer manual__2023-02-09T20:33:30.162104+00:00 [queued]>
[2023-02-09 14:33:31,083] {taskinstance.py:1356} INFO - 
--------------------------------------------------------------------------------
[2023-02-09 14:33:31,085] {taskinstance.py:1357} INFO - Starting attempt 1 of 1
[2023-02-09 14:33:31,085] {taskinstance.py:1358} INFO - 
--------------------------------------------------------------------------------
[2023-02-09 14:33:31,093] {taskinstance.py:1377} INFO - Executing <Task(PythonOperator): Remember_Homer> on 2023-02-09 20:33:30.162104+00:00
[2023-02-09 14:33:31,096] {standard_task_runner.py:52} INFO - Started process 133102 to run task
[2023-02-09 14:33:31,098] {standard_task_runner.py:79} INFO - Running: ['***', 'tasks', 'run', 'Los_Simpson', 'Remember_Homer', 'manual__2023-02-09T20:33:30.162104+00:00', '--job-id', '52', '--raw', '--subdir', 'DAGS_FOLDER/Apache_Airflow/Los Simpson.py', '--cfg-path', '/tmp/tmprs9doyhl', '--error-file', '/tmp/tmpkewg8w5p']
[2023-02-09 14:33:31,099] {standard_task_runner.py:80} INFO - Job 52: Subtask Remember_Homer
[2023-02-09 14:33:31,141] {task_command.py:369} INFO - Running <TaskInstance: Los_Simpson.Remember_Homer manual__2023-02-09T20:33:30.162104+00:00 [running]> on host Tinmar.
[2023-02-09 14:33:31,182] {taskinstance.py:1569} INFO - Exporting the following env vars:
AIRFLOW_CTX_DAG_OWNER=Homero Simpson
AIRFLOW_CTX_DAG_ID=Los_Simpson
AIRFLOW_CTX_TASK_ID=Remember_Homer
AIRFLOW_CTX_EXECUTION_DATE=2023-02-09T20:33:30.162104+00:00
AIRFLOW_CTX_TRY_NUMBER=1
AIRFLOW_CTX_DAG_RUN_ID=manual__2023-02-09T20:33:30.162104+00:00
[2023-02-09 14:33:31,183] {taskinstance.py:1889} ERROR - Task failed with exception
Traceback (most recent call last):
  File "/home/tinmar/.local/lib/python3.10/site-packages/airflow/operators/python.py", line 171, in execute
    return_value = self.execute_callable()
  File "/home/tinmar/.local/lib/python3.10/site-packages/airflow/operators/python.py", line 189, in execute_callable
    return self.python_callable(*self.op_args, **self.op_kwargs)
  File "/c/Airflow/dags/Apache_Airflow/Los Simpson.py", line 17, in remember_homer
    first=kwargs[first]
UnboundLocalError: local variable 'first' referenced before assignment
[2023-02-09 14:33:31,199] {taskinstance.py:1395} INFO - Marking task as FAILED. dag_id=Los_Simpson, task_id=Remember_Homer, execution_date=20230209T203330, start_date=20230209T203331, end_date=20230209T203331
[2023-02-09 14:33:31,205] {standard_task_runner.py:92} ERROR - Failed to execute job 52 for task Remember_Homer (local variable 'first' referenced before assignment; 133102)
[2023-02-09 14:33:31,230] {local_task_job.py:156} INFO - Task exited with return code 1
[2023-02-09 14:33:31,253] {local_task_job.py:273} INFO - 0 downstream tasks scheduled from follow-on schedule check
