[2023-02-02 10:08:43,676] {taskinstance.py:1159} INFO - Dependencies all met for <TaskInstance: 6_dataproc_airflow.impar_task manual__2023-02-02T00:11:53.728323+00:00 [queued]>
[2023-02-02 10:08:43,690] {taskinstance.py:1159} INFO - Dependencies all met for <TaskInstance: 6_dataproc_airflow.impar_task manual__2023-02-02T00:11:53.728323+00:00 [queued]>
[2023-02-02 10:08:43,691] {taskinstance.py:1356} INFO - 
--------------------------------------------------------------------------------
[2023-02-02 10:08:43,693] {taskinstance.py:1357} INFO - Starting attempt 3 of 3
[2023-02-02 10:08:43,693] {taskinstance.py:1358} INFO - 
--------------------------------------------------------------------------------
[2023-02-02 10:08:43,723] {taskinstance.py:1377} INFO - Executing <Task(DataprocSubmitJobOperator): impar_task> on 2023-02-02 00:11:53.728323+00:00
[2023-02-02 10:08:43,725] {standard_task_runner.py:52} INFO - Started process 16897 to run task
[2023-02-02 10:08:43,727] {standard_task_runner.py:79} INFO - Running: ['airflow', 'tasks', 'run', '6_dataproc_airflow', 'impar_task', 'manual__2023-02-02T00:11:53.728323+00:00', '--job-id', '160', '--raw', '--subdir', 'DAGS_FOLDER/Airflow2_0_De_0_a_Heroe/6_dataproc_airflow.py', '--cfg-path', '/tmp/tmpzfbtw9aq', '--error-file', '/tmp/tmp6zqmp1c3']
[2023-02-02 10:08:43,728] {standard_task_runner.py:80} INFO - Job 160: Subtask impar_task
[2023-02-02 10:08:43,789] {task_command.py:369} INFO - Running <TaskInstance: 6_dataproc_airflow.impar_task manual__2023-02-02T00:11:53.728323+00:00 [running]> on host Tinmar.
[2023-02-02 10:08:43,871] {taskinstance.py:1569} INFO - Exporting the following env vars:
AIRFLOW_CTX_DAG_OWNER=David S
AIRFLOW_CTX_DAG_ID=6_dataproc_airflow
AIRFLOW_CTX_TASK_ID=impar_task
AIRFLOW_CTX_EXECUTION_DATE=2023-02-02T00:11:53.728323+00:00
AIRFLOW_CTX_TRY_NUMBER=3
AIRFLOW_CTX_DAG_RUN_ID=manual__2023-02-02T00:11:53.728323+00:00
[2023-02-02 10:08:43,872] {dataproc.py:1866} INFO - Submitting job
[2023-02-02 10:08:43,881] {base.py:68} INFO - Using connection ID 'google_cloud_default' for task execution.
[2023-02-02 10:08:44,423] {dataproc.py:1878} INFO - Job IMPARTASK_dfa22fbf submitted successfully.
[2023-02-02 10:08:44,456] {dataproc.py:1898} INFO - Waiting for job IMPARTASK_dfa22fbf to complete
[2023-02-02 10:09:26,242] {taskinstance.py:1889} ERROR - Task failed with exception
Traceback (most recent call last):
  File "/home/tinmar/.local/lib/python3.10/site-packages/airflow/providers/google/cloud/operators/dataproc.py", line 1899, in execute
    self.hook.wait_for_job(
  File "/home/tinmar/.local/lib/python3.10/site-packages/airflow/providers/google/common/hooks/base_google.py", line 462, in inner_wrapper
    return func(self, *args, **kwargs)
  File "/home/tinmar/.local/lib/python3.10/site-packages/airflow/providers/google/cloud/hooks/dataproc.py", line 713, in wait_for_job
    raise AirflowException(f"Job failed:\n{job}")
airflow.exceptions.AirflowException: Job failed:
reference {
  project_id: "serene-gradient-371719"
  job_id: "IMPARTASK_dfa22fbf"
}
placement {
  cluster_name: "airflow-spark-cluster"
  cluster_uuid: "8a6c25d3-afbf-4425-a80c-50d5adab11cc"
}
pyspark_job {
  main_python_file_uri: "gs://airflow_spark_bucket/impar_task/vars_stdp.py"
  jar_file_uris: "gs://spark-lib/bigquery/spark-bigquery-latest_2.12.jar"
}
status {
  state: ERROR
  details: "Google Cloud Dataproc Agent reports job failure. If logs are available, they can be found at:\nhttps://console.cloud.google.com/dataproc/jobs/IMPARTASK_dfa22fbf?project=serene-gradient-371719&region=us-central1\ngcloud dataproc jobs wait \'IMPARTASK_dfa22fbf\' --region \'us-central1\' --project \'serene-gradient-371719\'\nhttps://console.cloud.google.com/storage/browser/airflow_spark_bucket/google-cloud-dataproc-metainfo/8a6c25d3-afbf-4425-a80c-50d5adab11cc/jobs/IMPARTASK_dfa22fbf/\ngs://airflow_spark_bucket/google-cloud-dataproc-metainfo/8a6c25d3-afbf-4425-a80c-50d5adab11cc/jobs/IMPARTASK_dfa22fbf/driveroutput"
  state_start_time {
    seconds: 1675354160
    nanos: 551972000
  }
}
yarn_applications {
  name: "bigquery-analytics-varsstdp"
  state: FINISHED
  progress: 1.0
  tracking_url: "http://airflow-spark-cluster-m:8088/proxy/application_1675354037502_0001/"
}
status_history {
  state: PENDING
  state_start_time {
    seconds: 1675354124
    nanos: 422336000
  }
}
status_history {
  state: SETUP_DONE
  state_start_time {
    seconds: 1675354124
    nanos: 457267000
  }
}
status_history {
  state: RUNNING
  state_start_time {
    seconds: 1675354124
    nanos: 808494000
  }
}
driver_control_files_uri: "gs://airflow_spark_bucket/google-cloud-dataproc-metainfo/8a6c25d3-afbf-4425-a80c-50d5adab11cc/jobs/IMPARTASK_dfa22fbf/"
driver_output_resource_uri: "gs://airflow_spark_bucket/google-cloud-dataproc-metainfo/8a6c25d3-afbf-4425-a80c-50d5adab11cc/jobs/IMPARTASK_dfa22fbf/driveroutput"
labels {
  key: "airflow-version"
  value: "v2-3-0"
}
job_uuid: "be773671-ed72-4f1a-a3c1-b3a41e1a14b3"
done: true

[2023-02-02 10:09:26,247] {taskinstance.py:1395} INFO - Marking task as FAILED. dag_id=6_dataproc_airflow, task_id=impar_task, execution_date=20230202T001153, start_date=20230202T160843, end_date=20230202T160926
[2023-02-02 10:09:26,272] {standard_task_runner.py:92} ERROR - Failed to execute job 160 for task impar_task (Job failed:
reference {
  project_id: "serene-gradient-371719"
  job_id: "IMPARTASK_dfa22fbf"
}
placement {
  cluster_name: "airflow-spark-cluster"
  cluster_uuid: "8a6c25d3-afbf-4425-a80c-50d5adab11cc"
}
pyspark_job {
  main_python_file_uri: "gs://airflow_spark_bucket/impar_task/vars_stdp.py"
  jar_file_uris: "gs://spark-lib/bigquery/spark-bigquery-latest_2.12.jar"
}
status {
  state: ERROR
  details: "Google Cloud Dataproc Agent reports job failure. If logs are available, they can be found at:\nhttps://console.cloud.google.com/dataproc/jobs/IMPARTASK_dfa22fbf?project=serene-gradient-371719&region=us-central1\ngcloud dataproc jobs wait \'IMPARTASK_dfa22fbf\' --region \'us-central1\' --project \'serene-gradient-371719\'\nhttps://console.cloud.google.com/storage/browser/airflow_spark_bucket/google-cloud-dataproc-metainfo/8a6c25d3-afbf-4425-a80c-50d5adab11cc/jobs/IMPARTASK_dfa22fbf/\ngs://airflow_spark_bucket/google-cloud-dataproc-metainfo/8a6c25d3-afbf-4425-a80c-50d5adab11cc/jobs/IMPARTASK_dfa22fbf/driveroutput"
  state_start_time {
    seconds: 1675354160
    nanos: 551972000
  }
}
yarn_applications {
  name: "bigquery-analytics-varsstdp"
  state: FINISHED
  progress: 1.0
  tracking_url: "http://airflow-spark-cluster-m:8088/proxy/application_1675354037502_0001/"
}
status_history {
  state: PENDING
  state_start_time {
    seconds: 1675354124
    nanos: 422336000
  }
}
status_history {
  state: SETUP_DONE
  state_start_time {
    seconds: 1675354124
    nanos: 457267000
  }
}
status_history {
  state: RUNNING
  state_start_time {
    seconds: 1675354124
    nanos: 808494000
  }
}
driver_control_files_uri: "gs://airflow_spark_bucket/google-cloud-dataproc-metainfo/8a6c25d3-afbf-4425-a80c-50d5adab11cc/jobs/IMPARTASK_dfa22fbf/"
driver_output_resource_uri: "gs://airflow_spark_bucket/google-cloud-dataproc-metainfo/8a6c25d3-afbf-4425-a80c-50d5adab11cc/jobs/IMPARTASK_dfa22fbf/driveroutput"
labels {
  key: "airflow-version"
  value: "v2-3-0"
}
job_uuid: "be773671-ed72-4f1a-a3c1-b3a41e1a14b3"
done: true
; 16897)
[2023-02-02 10:09:26,276] {local_task_job.py:156} INFO - Task exited with return code 1
