[2023-01-31 10:14:44,540] {taskinstance.py:1159} INFO - Dependencies all met for <TaskInstance: 1_mi_primer_dag.bash_task scheduled__2023-01-30T00:00:00+00:00 [queued]>
[2023-01-31 10:14:44,554] {taskinstance.py:1159} INFO - Dependencies all met for <TaskInstance: 1_mi_primer_dag.bash_task scheduled__2023-01-30T00:00:00+00:00 [queued]>
[2023-01-31 10:14:44,554] {taskinstance.py:1356} INFO - 
--------------------------------------------------------------------------------
[2023-01-31 10:14:44,554] {taskinstance.py:1357} INFO - Starting attempt 1 of 1
[2023-01-31 10:14:44,555] {taskinstance.py:1358} INFO - 
--------------------------------------------------------------------------------
[2023-01-31 10:14:44,583] {taskinstance.py:1377} INFO - Executing <Task(BashOperator): bash_task> on 2023-01-30 00:00:00+00:00
[2023-01-31 10:14:44,586] {standard_task_runner.py:52} INFO - Started process 145 to run task
[2023-01-31 10:14:44,588] {standard_task_runner.py:79} INFO - Running: ['airflow', 'tasks', 'run', '1_mi_primer_dag', 'bash_task', 'scheduled__2023-01-30T00:00:00+00:00', '--job-id', '15', '--raw', '--subdir', 'DAGS_FOLDER/1_mi_primer_dag.py', '--cfg-path', '/tmp/tmp8org08tg', '--error-file', '/tmp/tmpdhy6gygw']
[2023-01-31 10:14:44,588] {standard_task_runner.py:80} INFO - Job 15: Subtask bash_task
[2023-01-31 10:14:44,643] {task_command.py:369} INFO - Running <TaskInstance: 1_mi_primer_dag.bash_task scheduled__2023-01-30T00:00:00+00:00 [running]> on host Tinmar.
[2023-01-31 10:14:44,725] {taskinstance.py:1569} INFO - Exporting the following env vars:
AIRFLOW_CTX_DAG_OWNER=David S
AIRFLOW_CTX_DAG_ID=1_mi_primer_dag
AIRFLOW_CTX_TASK_ID=bash_task
AIRFLOW_CTX_EXECUTION_DATE=2023-01-30T00:00:00+00:00
AIRFLOW_CTX_TRY_NUMBER=1
AIRFLOW_CTX_DAG_RUN_ID=scheduled__2023-01-30T00:00:00+00:00
[2023-01-31 10:14:44,725] {subprocess.py:62} INFO - Tmp dir root location: 
 /tmp
[2023-01-31 10:14:44,726] {subprocess.py:74} INFO - Running command: ['bash', '-c', 'echo "---> Mi primer DAG en Apache Airflow!, Fecha: $TODAY"']
[2023-01-31 10:14:44,729] {subprocess.py:85} INFO - Output:
[2023-01-31 10:14:44,729] {subprocess.py:92} INFO - ---> Mi primer DAG en Apache Airflow!, Fecha: 2023-01-31
[2023-01-31 10:14:44,730] {subprocess.py:96} INFO - Command exited with return code 0
[2023-01-31 10:14:44,766] {taskinstance.py:1395} INFO - Marking task as SUCCESS. dag_id=1_mi_primer_dag, task_id=bash_task, execution_date=20230130T000000, start_date=20230131T161444, end_date=20230131T161444
[2023-01-31 10:14:44,800] {local_task_job.py:156} INFO - Task exited with return code 0
[2023-01-31 10:14:44,856] {local_task_job.py:273} INFO - 1 downstream tasks scheduled from follow-on schedule check
