[2023-02-18T18:28:59.846-0600] {taskinstance.py:1165} INFO - Dependencies all met for <TaskInstance: 4.1_group_dag.download_c scheduled__2023-02-18T00:00:00+00:00 [queued]>
[2023-02-18T18:28:59.865-0600] {taskinstance.py:1165} INFO - Dependencies all met for <TaskInstance: 4.1_group_dag.download_c scheduled__2023-02-18T00:00:00+00:00 [queued]>
[2023-02-18T18:28:59.870-0600] {taskinstance.py:1362} INFO - 
--------------------------------------------------------------------------------
[2023-02-18T18:28:59.876-0600] {taskinstance.py:1363} INFO - Starting attempt 1 of 1
[2023-02-18T18:28:59.879-0600] {taskinstance.py:1364} INFO - 
--------------------------------------------------------------------------------
[2023-02-18T18:28:59.902-0600] {taskinstance.py:1383} INFO - Executing <Task(BashOperator): download_c> on 2023-02-18 00:00:00+00:00
[2023-02-18T18:28:59.910-0600] {standard_task_runner.py:54} INFO - Started process 195205 to run task
[2023-02-18T18:28:59.915-0600] {standard_task_runner.py:82} INFO - Running: ['***', 'tasks', 'run', '4.1_group_dag', 'download_c', 'scheduled__2023-02-18T00:00:00+00:00', '--job-id', '480', '--raw', '--subdir', 'DAGS_FOLDER/Introduction_to_Apache_Airflow/4.1_group_dag.py', '--cfg-path', '/tmp/tmpm1l1l02q']
[2023-02-18T18:28:59.926-0600] {standard_task_runner.py:83} INFO - Job 480: Subtask download_c
[2023-02-18T18:28:59.931-0600] {dagbag.py:525} INFO - Filling up the DagBag from /c/Airflow/dags/Introduction_to_Apache_Airflow/4.1_group_dag.py
[2023-02-18T18:29:00.248-0600] {task_command.py:384} INFO - Running <TaskInstance: 4.1_group_dag.download_c scheduled__2023-02-18T00:00:00+00:00 [running]> on host Tinmar.
[2023-02-18T18:29:00.352-0600] {taskinstance.py:1590} INFO - Exporting the following env vars:
AIRFLOW_CTX_DAG_OWNER=***
AIRFLOW_CTX_DAG_ID=4.1_group_dag
AIRFLOW_CTX_TASK_ID=download_c
AIRFLOW_CTX_EXECUTION_DATE=2023-02-18T00:00:00+00:00
AIRFLOW_CTX_TRY_NUMBER=1
AIRFLOW_CTX_DAG_RUN_ID=scheduled__2023-02-18T00:00:00+00:00
[2023-02-18T18:29:00.354-0600] {subprocess.py:63} INFO - Tmp dir root location: 
 /tmp
[2023-02-18T18:29:00.357-0600] {subprocess.py:75} INFO - Running command: ['/usr/bin/bash', '-c', 'sleep 10']
[2023-02-18T18:29:00.369-0600] {subprocess.py:86} INFO - Output:
[2023-02-18T18:29:10.370-0600] {subprocess.py:97} INFO - Command exited with return code 0
[2023-02-18T18:29:10.398-0600] {taskinstance.py:1401} INFO - Marking task as SUCCESS. dag_id=4.1_group_dag, task_id=download_c, execution_date=20230218T000000, start_date=20230219T002859, end_date=20230219T002910
[2023-02-18T18:29:10.441-0600] {local_task_job.py:164} INFO - Task exited with return code 0
[2023-02-18T18:29:10.469-0600] {local_task_job.py:273} INFO - 0 downstream tasks scheduled from follow-on schedule check
