[2023-02-13 14:33:42,138] {taskinstance.py:1159} INFO - Dependencies all met for <TaskInstance: branch_octavo_dag.branch manual__2023-02-13T20:33:38.237870+00:00 [queued]>
[2023-02-13 14:33:42,145] {taskinstance.py:1159} INFO - Dependencies all met for <TaskInstance: branch_octavo_dag.branch manual__2023-02-13T20:33:38.237870+00:00 [queued]>
[2023-02-13 14:33:42,145] {taskinstance.py:1356} INFO - 
--------------------------------------------------------------------------------
[2023-02-13 14:33:42,146] {taskinstance.py:1357} INFO - Starting attempt 1 of 1
[2023-02-13 14:33:42,146] {taskinstance.py:1358} INFO - 
--------------------------------------------------------------------------------
[2023-02-13 14:33:42,155] {taskinstance.py:1377} INFO - Executing <Task(BranchPythonOperator): branch> on 2023-02-13 20:33:38.237870+00:00
[2023-02-13 14:33:42,158] {standard_task_runner.py:52} INFO - Started process 198302 to run task
[2023-02-13 14:33:42,160] {standard_task_runner.py:79} INFO - Running: ['***', 'tasks', 'run', 'branch_octavo_dag', 'branch', 'manual__2023-02-13T20:33:38.237870+00:00', '--job-id', '141', '--raw', '--subdir', 'DAGS_FOLDER/Apache_Airflow/branch_octavo_dag.py', '--cfg-path', '/tmp/tmphjxbnskb', '--error-file', '/tmp/tmp1b86choa']
[2023-02-13 14:33:42,161] {standard_task_runner.py:80} INFO - Job 141: Subtask branch
[2023-02-13 14:33:42,204] {task_command.py:369} INFO - Running <TaskInstance: branch_octavo_dag.branch manual__2023-02-13T20:33:38.237870+00:00 [running]> on host Tinmar.
[2023-02-13 14:33:42,250] {taskinstance.py:1569} INFO - Exporting the following env vars:
AIRFLOW_CTX_DAG_OWNER=Tinmar
AIRFLOW_CTX_DAG_ID=branch_octavo_dag
AIRFLOW_CTX_TASK_ID=branch
AIRFLOW_CTX_EXECUTION_DATE=2023-02-13T20:33:38.237870+00:00
AIRFLOW_CTX_TRY_NUMBER=1
AIRFLOW_CTX_DAG_RUN_ID=manual__2023-02-13T20:33:38.237870+00:00
[2023-02-13 14:33:42,260] {logging_mixin.py:115} INFO - [{"status":"success","min":0,"max":100,"random":34}]
[2023-02-13 14:33:42,261] {logging_mixin.py:115} INFO - [{'status': 'success', 'min': 0, 'max': 100, 'random': 34}]
[2023-02-13 14:33:42,272] {python.py:173} INFO - Done. Returned value was: menor_que_50
[2023-02-13 14:33:42,273] {skipmixin.py:140} INFO - Following branch menor_que_50
[2023-02-13 14:33:42,273] {skipmixin.py:175} INFO - Skipping tasks ['mayor_que_50']
[2023-02-13 14:33:42,309] {taskinstance.py:1395} INFO - Marking task as SUCCESS. dag_id=branch_octavo_dag, task_id=branch, execution_date=20230213T203338, start_date=20230213T203342, end_date=20230213T203342
[2023-02-13 14:33:42,343] {local_task_job.py:156} INFO - Task exited with return code 0
[2023-02-13 14:33:42,372] {local_task_job.py:273} INFO - 0 downstream tasks scheduled from follow-on schedule check
