[2023-02-09 10:53:05,157] {taskinstance.py:1159} INFO - Dependencies all met for <TaskInstance: 7_dataproc_subdags.create_cluster manual__2023-02-09T16:42:00.190347+00:00 [queued]>
[2023-02-09 10:53:05,162] {taskinstance.py:1159} INFO - Dependencies all met for <TaskInstance: 7_dataproc_subdags.create_cluster manual__2023-02-09T16:42:00.190347+00:00 [queued]>
[2023-02-09 10:53:05,163] {taskinstance.py:1356} INFO - 
--------------------------------------------------------------------------------
[2023-02-09 10:53:05,164] {taskinstance.py:1357} INFO - Starting attempt 2 of 2
[2023-02-09 10:53:05,165] {taskinstance.py:1358} INFO - 
--------------------------------------------------------------------------------
[2023-02-09 10:53:05,172] {taskinstance.py:1377} INFO - Executing <Task(DataprocCreateClusterOperator): create_cluster> on 2023-02-09 16:42:00.190347+00:00
[2023-02-09 10:53:05,174] {standard_task_runner.py:52} INFO - Started process 2337 to run task
[2023-02-09 10:53:05,176] {standard_task_runner.py:79} INFO - Running: ['***', 'tasks', 'run', '7_dataproc_subdags', 'create_cluster', 'manual__2023-02-09T16:42:00.190347+00:00', '--job-id', '9', '--raw', '--subdir', 'DAGS_FOLDER/Airflow2_0_De_0_a_Heroe/7_dataproc_subdags.py', '--cfg-path', '/tmp/tmpf8oobjcr', '--error-file', '/tmp/tmpr8j8j61n']
[2023-02-09 10:53:05,178] {standard_task_runner.py:80} INFO - Job 9: Subtask create_cluster
[2023-02-09 10:53:05,237] {task_command.py:369} INFO - Running <TaskInstance: 7_dataproc_subdags.create_cluster manual__2023-02-09T16:42:00.190347+00:00 [running]> on host Tinmar.
[2023-02-09 10:53:05,295] {taskinstance.py:1569} INFO - Exporting the following env vars:
AIRFLOW_CTX_DAG_OWNER=David Sanchez
AIRFLOW_CTX_DAG_ID=7_dataproc_subdags
AIRFLOW_CTX_TASK_ID=create_cluster
AIRFLOW_CTX_EXECUTION_DATE=2023-02-09T16:42:00.190347+00:00
AIRFLOW_CTX_TRY_NUMBER=2
AIRFLOW_CTX_DAG_RUN_ID=manual__2023-02-09T16:42:00.190347+00:00
[2023-02-09 10:53:05,296] {dataproc.py:591} INFO - Creating cluster: ***-spark-cluster
[2023-02-09 10:53:05,309] {base.py:68} INFO - Using connection ID 'google_cloud_default' for task execution.
[2023-02-09 10:53:05,326] {taskinstance.py:1889} ERROR - Task failed with exception
Traceback (most recent call last):
  File "/home/tinmar/.local/lib/python3.10/site-packages/airflow/providers/google/cloud/operators/dataproc.py", line 599, in execute
    cluster = self._create_cluster(hook)
  File "/home/tinmar/.local/lib/python3.10/site-packages/airflow/providers/google/cloud/operators/dataproc.py", line 522, in _create_cluster
    operation = hook.create_cluster(
  File "/home/tinmar/.local/lib/python3.10/site-packages/airflow/providers/google/common/hooks/base_google.py", line 462, in inner_wrapper
    return func(self, *args, **kwargs)
  File "/home/tinmar/.local/lib/python3.10/site-packages/airflow/providers/google/cloud/hooks/dataproc.py", line 321, in create_cluster
    client = self.get_cluster_client(region=region)
  File "/home/tinmar/.local/lib/python3.10/site-packages/airflow/providers/google/cloud/hooks/dataproc.py", line 222, in get_cluster_client
    credentials=self.get_credentials(), client_info=CLIENT_INFO, client_options=client_options
  File "/home/tinmar/.local/lib/python3.10/site-packages/airflow/providers/google/common/hooks/base_google.py", line 275, in get_credentials
    credentials, _ = self.get_credentials_and_project_id()
  File "/home/tinmar/.local/lib/python3.10/site-packages/airflow/providers/google/common/hooks/base_google.py", line 253, in get_credentials_and_project_id
    credentials, project_id = get_credentials_and_project_id(
  File "/home/tinmar/.local/lib/python3.10/site-packages/airflow/providers/google/cloud/utils/credentials_provider.py", line 332, in get_credentials_and_project_id
    return _CredentialProvider(*args, **kwargs).get_credentials_and_project()
  File "/home/tinmar/.local/lib/python3.10/site-packages/airflow/providers/google/cloud/utils/credentials_provider.py", line 231, in get_credentials_and_project
    credentials, project_id = self._get_credentials_using_key_path()
  File "/home/tinmar/.local/lib/python3.10/site-packages/airflow/providers/google/cloud/utils/credentials_provider.py", line 280, in _get_credentials_using_key_path
    credentials = google.oauth2.service_account.Credentials.from_service_account_file(
  File "/home/tinmar/.local/lib/python3.10/site-packages/google/oauth2/service_account.py", line 241, in from_service_account_file
    info, signer = _service_account_info.from_filename(
  File "/home/tinmar/.local/lib/python3.10/site-packages/google/auth/_service_account_info.py", line 80, in from_filename
    with io.open(filename, "r", encoding="utf-8") as json_file:
FileNotFoundError: [Errno 2] No such file or directory: 'C:\\Users\\tinma\\OneDrive\\Escritorio\\keys_IAM\\testing_key_gcp.json'
[2023-02-09 10:53:05,342] {taskinstance.py:1395} INFO - Marking task as FAILED. dag_id=7_dataproc_subdags, task_id=create_cluster, execution_date=20230209T164200, start_date=20230209T165305, end_date=20230209T165305
[2023-02-09 10:53:05,350] {standard_task_runner.py:92} ERROR - Failed to execute job 9 for task create_cluster ([Errno 2] No such file or directory: 'C:\\Users\\tinma\\OneDrive\\Escritorio\\keys_IAM\\testing_key_gcp.json'; 2337)
[2023-02-09 10:53:05,392] {local_task_job.py:156} INFO - Task exited with return code 1
