[2023-02-20T09:21:56.691-0600] {taskinstance.py:1165} INFO - Dependencies all met for <TaskInstance: 7_dataproc_subdags.delete_cluster scheduled__2023-02-19T00:00:00+00:00 [queued]>
[2023-02-20T09:21:56.701-0600] {taskinstance.py:1165} INFO - Dependencies all met for <TaskInstance: 7_dataproc_subdags.delete_cluster scheduled__2023-02-19T00:00:00+00:00 [queued]>
[2023-02-20T09:21:56.701-0600] {taskinstance.py:1362} INFO - 
--------------------------------------------------------------------------------
[2023-02-20T09:21:56.703-0600] {taskinstance.py:1363} INFO - Starting attempt 1 of 1
[2023-02-20T09:21:56.704-0600] {taskinstance.py:1364} INFO - 
--------------------------------------------------------------------------------
[2023-02-20T09:21:56.714-0600] {taskinstance.py:1383} INFO - Executing <Task(DataprocDeleteClusterOperator): delete_cluster> on 2023-02-19 00:00:00+00:00
[2023-02-20T09:21:56.717-0600] {standard_task_runner.py:54} INFO - Started process 201693 to run task
[2023-02-20T09:21:56.720-0600] {standard_task_runner.py:82} INFO - Running: ['***', 'tasks', 'run', '7_dataproc_subdags', 'delete_cluster', 'scheduled__2023-02-19T00:00:00+00:00', '--job-id', '583', '--raw', '--subdir', 'DAGS_FOLDER/Airflow2_0_De_0_a_Heroe/7_dataproc_subdags.py', '--cfg-path', '/tmp/tmp0fovl8_7']
[2023-02-20T09:21:56.722-0600] {standard_task_runner.py:83} INFO - Job 583: Subtask delete_cluster
[2023-02-20T09:21:56.723-0600] {dagbag.py:525} INFO - Filling up the DagBag from /c/Airflow/dags/Airflow2_0_De_0_a_Heroe/7_dataproc_subdags.py
[2023-02-20T09:21:56.818-0600] {logging_mixin.py:117} WARNING - /home/tinmar/.local/lib/python3.10/site-packages/***/models/baseoperator.py:408 DeprecationWarning: Passing cluster parameters by keywords to `DataprocCreateClusterOperator` will be deprecated. Please provide cluster_config object using `cluster_config` parameter. You can use `***.dataproc.ClusterGenerator.generate_cluster` method to obtain cluster object.
[2023-02-20T09:21:56.903-0600] {task_command.py:384} INFO - Running <TaskInstance: 7_dataproc_subdags.delete_cluster scheduled__2023-02-19T00:00:00+00:00 [running]> on host Tinmar.
[2023-02-20T09:21:56.957-0600] {taskinstance.py:1590} INFO - Exporting the following env vars:
AIRFLOW_CTX_DAG_OWNER=David Sanchez
AIRFLOW_CTX_DAG_ID=7_dataproc_subdags
AIRFLOW_CTX_TASK_ID=delete_cluster
AIRFLOW_CTX_EXECUTION_DATE=2023-02-19T00:00:00+00:00
AIRFLOW_CTX_TRY_NUMBER=1
AIRFLOW_CTX_DAG_RUN_ID=scheduled__2023-02-19T00:00:00+00:00
[2023-02-20T09:21:56.967-0600] {base.py:71} INFO - Using connection ID 'google_cloud_default' for task execution.
[2023-02-20T09:21:56.970-0600] {dataproc.py:817} INFO - Deleting cluster: ***-spark-cluster
[2023-02-20T09:22:25.828-0600] {dataproc.py:829} INFO - Cluster deleted.
[2023-02-20T09:22:25.848-0600] {taskinstance.py:1401} INFO - Marking task as SUCCESS. dag_id=7_dataproc_subdags, task_id=delete_cluster, execution_date=20230219T000000, start_date=20230220T152156, end_date=20230220T152225
[2023-02-20T09:22:25.877-0600] {local_task_job.py:164} INFO - Task exited with return code 0
[2023-02-20T09:22:25.896-0600] {local_task_job.py:273} INFO - 0 downstream tasks scheduled from follow-on schedule check
