[2023-02-02 10:37:22,344] {taskinstance.py:1159} INFO - Dependencies all met for <TaskInstance: 6_dataproc_airflow.delete_cluster manual__2023-02-02T16:25:47.088667+00:00 [queued]>
[2023-02-02 10:37:22,360] {taskinstance.py:1159} INFO - Dependencies all met for <TaskInstance: 6_dataproc_airflow.delete_cluster manual__2023-02-02T16:25:47.088667+00:00 [queued]>
[2023-02-02 10:37:22,360] {taskinstance.py:1356} INFO - 
--------------------------------------------------------------------------------
[2023-02-02 10:37:22,361] {taskinstance.py:1357} INFO - Starting attempt 2 of 2
[2023-02-02 10:37:22,362] {taskinstance.py:1358} INFO - 
--------------------------------------------------------------------------------
[2023-02-02 10:37:22,394] {taskinstance.py:1377} INFO - Executing <Task(DataprocDeleteClusterOperator): delete_cluster> on 2023-02-02 16:25:47.088667+00:00
[2023-02-02 10:37:22,396] {standard_task_runner.py:52} INFO - Started process 18425 to run task
[2023-02-02 10:37:22,398] {standard_task_runner.py:79} INFO - Running: ['airflow', 'tasks', 'run', '6_dataproc_airflow', 'delete_cluster', 'manual__2023-02-02T16:25:47.088667+00:00', '--job-id', '177', '--raw', '--subdir', 'DAGS_FOLDER/Airflow2_0_De_0_a_Heroe/6_dataproc_airflow.py', '--cfg-path', '/tmp/tmp1cdaz7rk', '--error-file', '/tmp/tmp7ezjb0sh']
[2023-02-02 10:37:22,399] {standard_task_runner.py:80} INFO - Job 177: Subtask delete_cluster
[2023-02-02 10:37:22,465] {task_command.py:369} INFO - Running <TaskInstance: 6_dataproc_airflow.delete_cluster manual__2023-02-02T16:25:47.088667+00:00 [running]> on host Tinmar.
[2023-02-02 10:37:22,566] {taskinstance.py:1569} INFO - Exporting the following env vars:
AIRFLOW_CTX_DAG_OWNER=David S
AIRFLOW_CTX_DAG_ID=6_dataproc_airflow
AIRFLOW_CTX_TASK_ID=delete_cluster
AIRFLOW_CTX_EXECUTION_DATE=2023-02-02T16:25:47.088667+00:00
AIRFLOW_CTX_TRY_NUMBER=2
AIRFLOW_CTX_DAG_RUN_ID=manual__2023-02-02T16:25:47.088667+00:00
[2023-02-02 10:37:22,579] {base.py:68} INFO - Using connection ID 'google_cloud_default' for task execution.
[2023-02-02 10:37:22,580] {dataproc.py:817} INFO - Deleting cluster: airflow-spark-cluster
[2023-02-02 10:39:01,128] {dataproc.py:829} INFO - Cluster deleted.
[2023-02-02 10:39:01,147] {taskinstance.py:1395} INFO - Marking task as SUCCESS. dag_id=6_dataproc_airflow, task_id=delete_cluster, execution_date=20230202T162547, start_date=20230202T163722, end_date=20230202T163901
[2023-02-02 10:39:01,214] {local_task_job.py:156} INFO - Task exited with return code 0
