[2023-02-21T13:49:16.717-0600] {taskinstance.py:1165} INFO - Dependencies all met for <TaskInstance: 5_trigger_rules.clean_c manual__2023-02-21T19:48:56.902282+00:00 [queued]>
[2023-02-21T13:49:16.725-0600] {taskinstance.py:1165} INFO - Dependencies all met for <TaskInstance: 5_trigger_rules.clean_c manual__2023-02-21T19:48:56.902282+00:00 [queued]>
[2023-02-21T13:49:16.726-0600] {taskinstance.py:1362} INFO - 
--------------------------------------------------------------------------------
[2023-02-21T13:49:16.727-0600] {taskinstance.py:1363} INFO - Starting attempt 1 of 1
[2023-02-21T13:49:16.728-0600] {taskinstance.py:1364} INFO - 
--------------------------------------------------------------------------------
[2023-02-21T13:49:16.735-0600] {taskinstance.py:1383} INFO - Executing <Task(BashOperator): clean_c> on 2023-02-21 19:48:56.902282+00:00
[2023-02-21T13:49:16.738-0600] {standard_task_runner.py:54} INFO - Started process 617270 to run task
[2023-02-21T13:49:16.740-0600] {standard_task_runner.py:82} INFO - Running: ['***', 'tasks', 'run', '5_trigger_rules', 'clean_c', 'manual__2023-02-21T19:48:56.902282+00:00', '--job-id', '682', '--raw', '--subdir', 'DAGS_FOLDER/Apache_Airflow-The_Operators_Guide/5_trigger_rules.py', '--cfg-path', '/tmp/tmpls389uts']
[2023-02-21T13:49:16.742-0600] {standard_task_runner.py:83} INFO - Job 682: Subtask clean_c
[2023-02-21T13:49:16.743-0600] {dagbag.py:525} INFO - Filling up the DagBag from /c/Airflow/dags/Apache_Airflow-The_Operators_Guide/5_trigger_rules.py
[2023-02-21T13:49:16.823-0600] {task_command.py:384} INFO - Running <TaskInstance: 5_trigger_rules.clean_c manual__2023-02-21T19:48:56.902282+00:00 [running]> on host Tinmar.
[2023-02-21T13:49:16.878-0600] {taskinstance.py:1590} INFO - Exporting the following env vars:
AIRFLOW_CTX_DAG_OWNER=Andrade
AIRFLOW_CTX_DAG_ID=5_trigger_rules
AIRFLOW_CTX_TASK_ID=clean_c
AIRFLOW_CTX_EXECUTION_DATE=2023-02-21T19:48:56.902282+00:00
AIRFLOW_CTX_TRY_NUMBER=1
AIRFLOW_CTX_DAG_RUN_ID=manual__2023-02-21T19:48:56.902282+00:00
[2023-02-21T13:49:16.879-0600] {subprocess.py:63} INFO - Tmp dir root location: 
 /tmp
[2023-02-21T13:49:16.880-0600] {subprocess.py:75} INFO - Running command: ['/usr/bin/bash', '-c', "echo 'clean_c' && sleep 5"]
[2023-02-21T13:49:16.886-0600] {subprocess.py:86} INFO - Output:
[2023-02-21T13:49:16.886-0600] {subprocess.py:93} INFO - clean_c
[2023-02-21T13:49:21.887-0600] {subprocess.py:97} INFO - Command exited with return code 0
[2023-02-21T13:49:21.910-0600] {taskinstance.py:1401} INFO - Marking task as SUCCESS. dag_id=5_trigger_rules, task_id=clean_c, execution_date=20230221T194856, start_date=20230221T194916, end_date=20230221T194921
[2023-02-21T13:49:21.938-0600] {local_task_job.py:164} INFO - Task exited with return code 0
[2023-02-21T13:49:21.951-0600] {local_task_job.py:273} INFO - 0 downstream tasks scheduled from follow-on schedule check
