[2023-02-16 11:27:12,208] {taskinstance.py:1159} INFO - Dependencies all met for <TaskInstance: 1.5_user_processing.process_user manual__2023-02-16T17:27:05.053608+00:00 [queued]>
[2023-02-16 11:27:12,215] {taskinstance.py:1159} INFO - Dependencies all met for <TaskInstance: 1.5_user_processing.process_user manual__2023-02-16T17:27:05.053608+00:00 [queued]>
[2023-02-16 11:27:12,216] {taskinstance.py:1356} INFO - 
--------------------------------------------------------------------------------
[2023-02-16 11:27:12,217] {taskinstance.py:1357} INFO - Starting attempt 1 of 1
[2023-02-16 11:27:12,217] {taskinstance.py:1358} INFO - 
--------------------------------------------------------------------------------
[2023-02-16 11:27:12,225] {taskinstance.py:1377} INFO - Executing <Task(PythonOperator): process_user> on 2023-02-16 17:27:05.053608+00:00
[2023-02-16 11:27:12,228] {standard_task_runner.py:52} INFO - Started process 62239 to run task
[2023-02-16 11:27:12,230] {standard_task_runner.py:79} INFO - Running: ['***', 'tasks', 'run', '1.5_user_processing', 'process_user', 'manual__2023-02-16T17:27:05.053608+00:00', '--job-id', '243', '--raw', '--subdir', 'DAGS_FOLDER/Introduction_to_Apache_Airflow/1.5_user_processing.py', '--cfg-path', '/tmp/tmp3do54jda', '--error-file', '/tmp/tmp3vteoi01']
[2023-02-16 11:27:12,232] {standard_task_runner.py:80} INFO - Job 243: Subtask process_user
[2023-02-16 11:27:12,283] {task_command.py:369} INFO - Running <TaskInstance: 1.5_user_processing.process_user manual__2023-02-16T17:27:05.053608+00:00 [running]> on host Tinmar.
[2023-02-16 11:27:12,336] {taskinstance.py:1569} INFO - Exporting the following env vars:
AIRFLOW_CTX_DAG_OWNER=Tinmar
AIRFLOW_CTX_DAG_ID=1.5_user_processing
AIRFLOW_CTX_TASK_ID=process_user
AIRFLOW_CTX_EXECUTION_DATE=2023-02-16T17:27:05.053608+00:00
AIRFLOW_CTX_TRY_NUMBER=1
AIRFLOW_CTX_DAG_RUN_ID=manual__2023-02-16T17:27:05.053608+00:00
[2023-02-16 11:27:12,366] {python.py:173} INFO - Done. Returned value was: None
[2023-02-16 11:27:12,390] {taskinstance.py:1395} INFO - Marking task as SUCCESS. dag_id=1.5_user_processing, task_id=process_user, execution_date=20230216T172705, start_date=20230216T172712, end_date=20230216T172712
[2023-02-16 11:27:12,416] {local_task_job.py:156} INFO - Task exited with return code 0
[2023-02-16 11:27:12,443] {local_task_job.py:273} INFO - 1 downstream tasks scheduled from follow-on schedule check
