[2023-02-02 10:44:57,222] {taskinstance.py:1159} INFO - Dependencies all met for <TaskInstance: 6_dataproc_airflow.create_cluster manual__2023-02-02T16:44:53.959572+00:00 [queued]>
[2023-02-02 10:44:57,239] {taskinstance.py:1159} INFO - Dependencies all met for <TaskInstance: 6_dataproc_airflow.create_cluster manual__2023-02-02T16:44:53.959572+00:00 [queued]>
[2023-02-02 10:44:57,240] {taskinstance.py:1356} INFO - 
--------------------------------------------------------------------------------
[2023-02-02 10:44:57,242] {taskinstance.py:1357} INFO - Starting attempt 1 of 1
[2023-02-02 10:44:57,243] {taskinstance.py:1358} INFO - 
--------------------------------------------------------------------------------
[2023-02-02 10:44:57,286] {taskinstance.py:1377} INFO - Executing <Task(DataprocCreateClusterOperator): create_cluster> on 2023-02-02 16:44:53.959572+00:00
[2023-02-02 10:44:57,289] {standard_task_runner.py:52} INFO - Started process 18682 to run task
[2023-02-02 10:44:57,292] {standard_task_runner.py:79} INFO - Running: ['airflow', 'tasks', 'run', '6_dataproc_airflow', 'create_cluster', 'manual__2023-02-02T16:44:53.959572+00:00', '--job-id', '178', '--raw', '--subdir', 'DAGS_FOLDER/Airflow2_0_De_0_a_Heroe/6_dataproc_airflow.py', '--cfg-path', '/tmp/tmpb_2g3ous', '--error-file', '/tmp/tmp8mzxigk4']
[2023-02-02 10:44:57,293] {standard_task_runner.py:80} INFO - Job 178: Subtask create_cluster
[2023-02-02 10:44:57,423] {task_command.py:369} INFO - Running <TaskInstance: 6_dataproc_airflow.create_cluster manual__2023-02-02T16:44:53.959572+00:00 [running]> on host Tinmar.
[2023-02-02 10:44:57,569] {taskinstance.py:1569} INFO - Exporting the following env vars:
AIRFLOW_CTX_DAG_OWNER=David S
AIRFLOW_CTX_DAG_ID=6_dataproc_airflow
AIRFLOW_CTX_TASK_ID=create_cluster
AIRFLOW_CTX_EXECUTION_DATE=2023-02-02T16:44:53.959572+00:00
AIRFLOW_CTX_TRY_NUMBER=1
AIRFLOW_CTX_DAG_RUN_ID=manual__2023-02-02T16:44:53.959572+00:00
[2023-02-02 10:44:57,571] {dataproc.py:591} INFO - Creating cluster: airflow-spark-cluster
[2023-02-02 10:44:57,585] {base.py:68} INFO - Using connection ID 'google_cloud_default' for task execution.
[2023-02-02 10:47:02,335] {dataproc.py:535} INFO - Cluster created.
[2023-02-02 10:47:02,400] {taskinstance.py:1395} INFO - Marking task as SUCCESS. dag_id=6_dataproc_airflow, task_id=create_cluster, execution_date=20230202T164453, start_date=20230202T164457, end_date=20230202T164702
[2023-02-02 10:47:02,462] {local_task_job.py:156} INFO - Task exited with return code 0
