[2023-02-13 18:00:01,454] {taskinstance.py:1159} INFO - Dependencies all met for <TaskInstance: 7_dataproc_subdags.create_cluster scheduled__2023-02-13T00:00:00+00:00 [queued]>
[2023-02-13 18:00:01,459] {taskinstance.py:1159} INFO - Dependencies all met for <TaskInstance: 7_dataproc_subdags.create_cluster scheduled__2023-02-13T00:00:00+00:00 [queued]>
[2023-02-13 18:00:01,460] {taskinstance.py:1356} INFO - 
--------------------------------------------------------------------------------
[2023-02-13 18:00:01,460] {taskinstance.py:1357} INFO - Starting attempt 1 of 1
[2023-02-13 18:00:01,461] {taskinstance.py:1358} INFO - 
--------------------------------------------------------------------------------
[2023-02-13 18:00:01,468] {taskinstance.py:1377} INFO - Executing <Task(DataprocCreateClusterOperator): create_cluster> on 2023-02-13 00:00:00+00:00
[2023-02-13 18:00:01,470] {standard_task_runner.py:52} INFO - Started process 282357 to run task
[2023-02-13 18:00:01,473] {standard_task_runner.py:79} INFO - Running: ['***', 'tasks', 'run', '7_dataproc_subdags', 'create_cluster', 'scheduled__2023-02-13T00:00:00+00:00', '--job-id', '170', '--raw', '--subdir', 'DAGS_FOLDER/Airflow2_0_De_0_a_Heroe/7_dataproc_subdags.py', '--cfg-path', '/tmp/tmprorqmdog', '--error-file', '/tmp/tmp4sqdkfw0']
[2023-02-13 18:00:01,474] {standard_task_runner.py:80} INFO - Job 170: Subtask create_cluster
[2023-02-13 18:00:01,519] {task_command.py:369} INFO - Running <TaskInstance: 7_dataproc_subdags.create_cluster scheduled__2023-02-13T00:00:00+00:00 [running]> on host Tinmar.
[2023-02-13 18:00:01,566] {taskinstance.py:1569} INFO - Exporting the following env vars:
AIRFLOW_CTX_DAG_OWNER=David Sanchez
AIRFLOW_CTX_DAG_ID=7_dataproc_subdags
AIRFLOW_CTX_TASK_ID=create_cluster
AIRFLOW_CTX_EXECUTION_DATE=2023-02-13T00:00:00+00:00
AIRFLOW_CTX_TRY_NUMBER=1
AIRFLOW_CTX_DAG_RUN_ID=scheduled__2023-02-13T00:00:00+00:00
[2023-02-13 18:00:01,567] {dataproc.py:591} INFO - Creating cluster: ***-spark-cluster
[2023-02-13 18:00:01,575] {base.py:68} INFO - Using connection ID 'google_cloud_default' for task execution.
[2023-02-13 18:00:10,840] {dataproc.py:603} INFO - Cluster already exists.
[2023-02-13 18:03:09,523] {taskinstance.py:1395} INFO - Marking task as SUCCESS. dag_id=7_dataproc_subdags, task_id=create_cluster, execution_date=20230213T000000, start_date=20230214T000001, end_date=20230214T000309
[2023-02-13 18:03:09,581] {local_task_job.py:156} INFO - Task exited with return code 0
