[2023-01-30 15:51:45,754] {taskinstance.py:1159} INFO - Dependencies all met for <TaskInstance: 0_airflow_variables.bash_task manual__2023-01-30T21:51:43.399322+00:00 [queued]>
[2023-01-30 15:51:45,770] {taskinstance.py:1159} INFO - Dependencies all met for <TaskInstance: 0_airflow_variables.bash_task manual__2023-01-30T21:51:43.399322+00:00 [queued]>
[2023-01-30 15:51:45,771] {taskinstance.py:1356} INFO - 
--------------------------------------------------------------------------------
[2023-01-30 15:51:45,772] {taskinstance.py:1357} INFO - Starting attempt 1 of 1
[2023-01-30 15:51:45,772] {taskinstance.py:1358} INFO - 
--------------------------------------------------------------------------------
[2023-01-30 15:51:45,804] {taskinstance.py:1377} INFO - Executing <Task(BashOperator): bash_task> on 2023-01-30 21:51:43.399322+00:00
[2023-01-30 15:51:45,806] {standard_task_runner.py:52} INFO - Started process 8186 to run task
[2023-01-30 15:51:45,808] {standard_task_runner.py:79} INFO - Running: ['airflow', 'tasks', 'run', '0_airflow_variables', 'bash_task', 'manual__2023-01-30T21:51:43.399322+00:00', '--job-id', '12', '--raw', '--subdir', 'DAGS_FOLDER/0_airflow_variables.py', '--cfg-path', '/tmp/tmpfv4dw3x6', '--error-file', '/tmp/tmpbrxti3ed']
[2023-01-30 15:51:45,809] {standard_task_runner.py:80} INFO - Job 12: Subtask bash_task
[2023-01-30 15:51:45,883] {task_command.py:369} INFO - Running <TaskInstance: 0_airflow_variables.bash_task manual__2023-01-30T21:51:43.399322+00:00 [running]> on host Tinmar.
[2023-01-30 15:51:46,008] {taskinstance.py:1569} INFO - Exporting the following env vars:
AIRFLOW_CTX_DAG_OWNER=Tinmar
AIRFLOW_CTX_DAG_ID=0_airflow_variables
AIRFLOW_CTX_TASK_ID=bash_task
AIRFLOW_CTX_EXECUTION_DATE=2023-01-30T21:51:43.399322+00:00
AIRFLOW_CTX_TRY_NUMBER=1
AIRFLOW_CTX_DAG_RUN_ID=manual__2023-01-30T21:51:43.399322+00:00
[2023-01-30 15:51:46,009] {subprocess.py:62} INFO - Tmp dir root location: 
 /tmp
[2023-01-30 15:51:46,010] {subprocess.py:74} INFO - Running command: ['bash', '-c', 'echo "---> Mi primer DAG CON MACROS Y VARIABLES en Apache Airflow, Fecha: $TODAY y TIMESTAMP ES: 20230130T215143.399322+0000"']
[2023-01-30 15:51:46,013] {subprocess.py:85} INFO - Output:
[2023-01-30 15:51:46,013] {subprocess.py:92} INFO - ---> Mi primer DAG CON MACROS Y VARIABLES en Apache Airflow, Fecha: 2023-01-30 y TIMESTAMP ES: 20230130T215143.399322+0000
[2023-01-30 15:51:46,014] {subprocess.py:96} INFO - Command exited with return code 0
[2023-01-30 15:51:46,064] {taskinstance.py:1395} INFO - Marking task as SUCCESS. dag_id=0_airflow_variables, task_id=bash_task, execution_date=20230130T215143, start_date=20230130T215145, end_date=20230130T215146
[2023-01-30 15:51:46,101] {local_task_job.py:156} INFO - Task exited with return code 0
[2023-01-30 15:51:46,156] {local_task_job.py:273} INFO - 1 downstream tasks scheduled from follow-on schedule check
