[2023-02-17T12:38:34.468-0600] {taskinstance.py:1165} INFO - Dependencies all met for <TaskInstance: 1.6.2_user_processing.select_data manual__2023-02-17T18:38:27.455559+00:00 [queued]>
[2023-02-17T12:38:34.477-0600] {taskinstance.py:1165} INFO - Dependencies all met for <TaskInstance: 1.6.2_user_processing.select_data manual__2023-02-17T18:38:27.455559+00:00 [queued]>
[2023-02-17T12:38:34.477-0600] {taskinstance.py:1362} INFO - 
--------------------------------------------------------------------------------
[2023-02-17T12:38:34.479-0600] {taskinstance.py:1363} INFO - Starting attempt 1 of 1
[2023-02-17T12:38:34.479-0600] {taskinstance.py:1364} INFO - 
--------------------------------------------------------------------------------
[2023-02-17T12:38:34.487-0600] {taskinstance.py:1383} INFO - Executing <Task(PostgresOperator): select_data> on 2023-02-17 18:38:27.455559+00:00
[2023-02-17T12:38:34.489-0600] {standard_task_runner.py:54} INFO - Started process 142218 to run task
[2023-02-17T12:38:34.491-0600] {standard_task_runner.py:82} INFO - Running: ['***', 'tasks', 'run', '1.6.2_user_processing', 'select_data', 'manual__2023-02-17T18:38:27.455559+00:00', '--job-id', '414', '--raw', '--subdir', 'DAGS_FOLDER/Introduction_to_Apache_Airflow/1.6.2_user_processing.py', '--cfg-path', '/tmp/tmp68uvj4bf']
[2023-02-17T12:38:34.493-0600] {standard_task_runner.py:83} INFO - Job 414: Subtask select_data
[2023-02-17T12:38:34.494-0600] {dagbag.py:525} INFO - Filling up the DagBag from /c/Airflow/dags/Introduction_to_Apache_Airflow/1.6.2_user_processing.py
[2023-02-17T12:38:34.734-0600] {task_command.py:384} INFO - Running <TaskInstance: 1.6.2_user_processing.select_data manual__2023-02-17T18:38:27.455559+00:00 [running]> on host Tinmar.
[2023-02-17T12:38:34.775-0600] {taskinstance.py:1590} INFO - Exporting the following env vars:
AIRFLOW_CTX_DAG_OWNER=Tinmar
AIRFLOW_CTX_DAG_ID=1.6.2_user_processing
AIRFLOW_CTX_TASK_ID=select_data
AIRFLOW_CTX_EXECUTION_DATE=2023-02-17T18:38:27.455559+00:00
AIRFLOW_CTX_TRY_NUMBER=1
AIRFLOW_CTX_DAG_RUN_ID=manual__2023-02-17T18:38:27.455559+00:00
[2023-02-17T12:38:34.776-0600] {sql.py:254} INFO - Executing: 
                                        SELECT * FROM users
                                    
[2023-02-17T12:38:34.786-0600] {base.py:71} INFO - Using connection ID 'postgres_default' for task execution.
[2023-02-17T12:38:34.938-0600] {base.py:71} INFO - Using connection ID 'postgres_default' for task execution.
[2023-02-17T12:38:34.943-0600] {sql.py:375} INFO - Running statement: 
                                        SELECT * FROM users
                                    , parameters: None
[2023-02-17T12:38:34.944-0600] {sql.py:384} INFO - Rows affected: 6
[2023-02-17T12:38:34.964-0600] {taskinstance.py:1401} INFO - Marking task as SUCCESS. dag_id=1.6.2_user_processing, task_id=select_data, execution_date=20230217T183827, start_date=20230217T183834, end_date=20230217T183834
[2023-02-17T12:38:35.018-0600] {local_task_job.py:164} INFO - Task exited with return code 0
[2023-02-17T12:38:35.037-0600] {local_task_job.py:273} INFO - 1 downstream tasks scheduled from follow-on schedule check
