[2023-02-18T18:28:59.927-0600] {taskinstance.py:1165} INFO - Dependencies all met for <TaskInstance: 4.1_group_dag.download_b scheduled__2023-02-18T00:00:00+00:00 [queued]>
[2023-02-18T18:28:59.946-0600] {taskinstance.py:1165} INFO - Dependencies all met for <TaskInstance: 4.1_group_dag.download_b scheduled__2023-02-18T00:00:00+00:00 [queued]>
[2023-02-18T18:28:59.951-0600] {taskinstance.py:1362} INFO - 
--------------------------------------------------------------------------------
[2023-02-18T18:28:59.954-0600] {taskinstance.py:1363} INFO - Starting attempt 1 of 1
[2023-02-18T18:28:59.955-0600] {taskinstance.py:1364} INFO - 
--------------------------------------------------------------------------------
[2023-02-18T18:28:59.981-0600] {taskinstance.py:1383} INFO - Executing <Task(BashOperator): download_b> on 2023-02-18 00:00:00+00:00
[2023-02-18T18:28:59.987-0600] {standard_task_runner.py:54} INFO - Started process 195217 to run task
[2023-02-18T18:28:59.993-0600] {standard_task_runner.py:82} INFO - Running: ['***', 'tasks', 'run', '4.1_group_dag', 'download_b', 'scheduled__2023-02-18T00:00:00+00:00', '--job-id', '485', '--raw', '--subdir', 'DAGS_FOLDER/Introduction_to_Apache_Airflow/4.1_group_dag.py', '--cfg-path', '/tmp/tmp9qnx7h63']
[2023-02-18T18:29:00.000-0600] {standard_task_runner.py:83} INFO - Job 485: Subtask download_b
[2023-02-18T18:29:00.003-0600] {dagbag.py:525} INFO - Filling up the DagBag from /c/Airflow/dags/Introduction_to_Apache_Airflow/4.1_group_dag.py
[2023-02-18T18:29:00.333-0600] {task_command.py:384} INFO - Running <TaskInstance: 4.1_group_dag.download_b scheduled__2023-02-18T00:00:00+00:00 [running]> on host Tinmar.
[2023-02-18T18:29:00.440-0600] {taskinstance.py:1590} INFO - Exporting the following env vars:
AIRFLOW_CTX_DAG_OWNER=***
AIRFLOW_CTX_DAG_ID=4.1_group_dag
AIRFLOW_CTX_TASK_ID=download_b
AIRFLOW_CTX_EXECUTION_DATE=2023-02-18T00:00:00+00:00
AIRFLOW_CTX_TRY_NUMBER=1
AIRFLOW_CTX_DAG_RUN_ID=scheduled__2023-02-18T00:00:00+00:00
[2023-02-18T18:29:00.442-0600] {subprocess.py:63} INFO - Tmp dir root location: 
 /tmp
[2023-02-18T18:29:00.445-0600] {subprocess.py:75} INFO - Running command: ['/usr/bin/bash', '-c', 'sleep 10']
[2023-02-18T18:29:00.460-0600] {subprocess.py:86} INFO - Output:
[2023-02-18T18:29:10.461-0600] {subprocess.py:97} INFO - Command exited with return code 0
[2023-02-18T18:29:10.496-0600] {taskinstance.py:1401} INFO - Marking task as SUCCESS. dag_id=4.1_group_dag, task_id=download_b, execution_date=20230218T000000, start_date=20230219T002859, end_date=20230219T002910
[2023-02-18T18:29:10.516-0600] {local_task_job.py:164} INFO - Task exited with return code 0
[2023-02-18T18:29:10.544-0600] {local_task_job.py:273} INFO - 1 downstream tasks scheduled from follow-on schedule check
