[2023-02-20T09:18:38.920-0600] {taskinstance.py:1165} INFO - Dependencies all met for <TaskInstance: 1.6.2_user_processing.select_data scheduled__2023-02-19T00:00:00+00:00 [queued]>
[2023-02-20T09:18:38.932-0600] {taskinstance.py:1165} INFO - Dependencies all met for <TaskInstance: 1.6.2_user_processing.select_data scheduled__2023-02-19T00:00:00+00:00 [queued]>
[2023-02-20T09:18:38.933-0600] {taskinstance.py:1362} INFO - 
--------------------------------------------------------------------------------
[2023-02-20T09:18:38.934-0600] {taskinstance.py:1363} INFO - Starting attempt 1 of 1
[2023-02-20T09:18:38.935-0600] {taskinstance.py:1364} INFO - 
--------------------------------------------------------------------------------
[2023-02-20T09:18:38.947-0600] {taskinstance.py:1383} INFO - Executing <Task(PostgresOperator): select_data> on 2023-02-19 00:00:00+00:00
[2023-02-20T09:18:38.950-0600] {standard_task_runner.py:54} INFO - Started process 198710 to run task
[2023-02-20T09:18:38.953-0600] {standard_task_runner.py:82} INFO - Running: ['***', 'tasks', 'run', '1.6.2_user_processing', 'select_data', 'scheduled__2023-02-19T00:00:00+00:00', '--job-id', '572', '--raw', '--subdir', 'DAGS_FOLDER/Introduction_to_Apache_Airflow/1.6.2_user_processing.py', '--cfg-path', '/tmp/tmptnbllx49']
[2023-02-20T09:18:38.955-0600] {standard_task_runner.py:83} INFO - Job 572: Subtask select_data
[2023-02-20T09:18:38.957-0600] {dagbag.py:525} INFO - Filling up the DagBag from /c/Airflow/dags/Introduction_to_Apache_Airflow/1.6.2_user_processing.py
[2023-02-20T09:18:39.333-0600] {task_command.py:384} INFO - Running <TaskInstance: 1.6.2_user_processing.select_data scheduled__2023-02-19T00:00:00+00:00 [running]> on host Tinmar.
[2023-02-20T09:18:39.402-0600] {taskinstance.py:1590} INFO - Exporting the following env vars:
AIRFLOW_CTX_DAG_OWNER=Tinmar
AIRFLOW_CTX_DAG_ID=1.6.2_user_processing
AIRFLOW_CTX_TASK_ID=select_data
AIRFLOW_CTX_EXECUTION_DATE=2023-02-19T00:00:00+00:00
AIRFLOW_CTX_TRY_NUMBER=1
AIRFLOW_CTX_DAG_RUN_ID=scheduled__2023-02-19T00:00:00+00:00
[2023-02-20T09:18:39.404-0600] {sql.py:254} INFO - Executing: 
                                        SELECT * FROM users
                                    
[2023-02-20T09:18:39.422-0600] {base.py:71} INFO - Using connection ID 'postgres_default' for task execution.
[2023-02-20T09:18:39.687-0600] {base.py:71} INFO - Using connection ID 'postgres_default' for task execution.
[2023-02-20T09:18:39.695-0600] {sql.py:375} INFO - Running statement: 
                                        SELECT * FROM users
                                    , parameters: None
[2023-02-20T09:18:39.697-0600] {sql.py:384} INFO - Rows affected: 21
[2023-02-20T09:18:39.726-0600] {taskinstance.py:1401} INFO - Marking task as SUCCESS. dag_id=1.6.2_user_processing, task_id=select_data, execution_date=20230219T000000, start_date=20230220T151838, end_date=20230220T151839
[2023-02-20T09:18:39.768-0600] {local_task_job.py:164} INFO - Task exited with return code 0
[2023-02-20T09:18:39.793-0600] {local_task_job.py:273} INFO - 1 downstream tasks scheduled from follow-on schedule check
