[2023-02-17T08:38:30.828-0600] {taskinstance.py:1165} INFO - Dependencies all met for <TaskInstance: 5_task_group.transforms.transform_c manual__2023-02-17T14:38:06.655169+00:00 [queued]>
[2023-02-17T08:38:30.842-0600] {taskinstance.py:1165} INFO - Dependencies all met for <TaskInstance: 5_task_group.transforms.transform_c manual__2023-02-17T14:38:06.655169+00:00 [queued]>
[2023-02-17T08:38:30.843-0600] {taskinstance.py:1362} INFO - 
--------------------------------------------------------------------------------
[2023-02-17T08:38:30.845-0600] {taskinstance.py:1363} INFO - Starting attempt 1 of 1
[2023-02-17T08:38:30.846-0600] {taskinstance.py:1364} INFO - 
--------------------------------------------------------------------------------
[2023-02-17T08:38:30.858-0600] {taskinstance.py:1383} INFO - Executing <Task(BashOperator): transforms.transform_c> on 2023-02-17 14:38:06.655169+00:00
[2023-02-17T08:38:30.861-0600] {standard_task_runner.py:54} INFO - Started process 8291 to run task
[2023-02-17T08:38:30.864-0600] {standard_task_runner.py:82} INFO - Running: ['***', 'tasks', 'run', '5_task_group', 'transforms.transform_c', 'manual__2023-02-17T14:38:06.655169+00:00', '--job-id', '367', '--raw', '--subdir', 'DAGS_FOLDER/Introduction_to_Apache_Airflow/5_task_group.py', '--cfg-path', '/tmp/tmpj3z1j1pz']
[2023-02-17T08:38:30.867-0600] {standard_task_runner.py:83} INFO - Job 367: Subtask transforms.transform_c
[2023-02-17T08:38:30.868-0600] {dagbag.py:525} INFO - Filling up the DagBag from /c/Airflow/dags/Introduction_to_Apache_Airflow/5_task_group.py
[2023-02-17T08:38:31.084-0600] {task_command.py:384} INFO - Running <TaskInstance: 5_task_group.transforms.transform_c manual__2023-02-17T14:38:06.655169+00:00 [running]> on host Tinmar.
[2023-02-17T08:38:31.154-0600] {taskinstance.py:1590} INFO - Exporting the following env vars:
AIRFLOW_CTX_DAG_OWNER=***
AIRFLOW_CTX_DAG_ID=5_task_group
AIRFLOW_CTX_TASK_ID=transforms.transform_c
AIRFLOW_CTX_EXECUTION_DATE=2023-02-17T14:38:06.655169+00:00
AIRFLOW_CTX_TRY_NUMBER=1
AIRFLOW_CTX_DAG_RUN_ID=manual__2023-02-17T14:38:06.655169+00:00
[2023-02-17T08:38:31.156-0600] {subprocess.py:63} INFO - Tmp dir root location: 
 /tmp
[2023-02-17T08:38:31.157-0600] {subprocess.py:75} INFO - Running command: ['/usr/bin/bash', '-c', 'sleep 10']
[2023-02-17T08:38:31.163-0600] {subprocess.py:86} INFO - Output:
[2023-02-17T08:38:41.166-0600] {subprocess.py:97} INFO - Command exited with return code 0
[2023-02-17T08:38:41.198-0600] {taskinstance.py:1401} INFO - Marking task as SUCCESS. dag_id=5_task_group, task_id=transforms.transform_c, execution_date=20230217T143806, start_date=20230217T143830, end_date=20230217T143841
[2023-02-17T08:38:41.223-0600] {local_task_job.py:164} INFO - Task exited with return code 0
[2023-02-17T08:38:41.244-0600] {local_task_job.py:273} INFO - 0 downstream tasks scheduled from follow-on schedule check
