[2023-02-13 18:03:11,381] {taskinstance.py:1159} INFO - Dependencies all met for <TaskInstance: 7_dataproc_subdags.iden_number scheduled__2023-02-13T00:00:00+00:00 [queued]>
[2023-02-13 18:03:11,386] {taskinstance.py:1159} INFO - Dependencies all met for <TaskInstance: 7_dataproc_subdags.iden_number scheduled__2023-02-13T00:00:00+00:00 [queued]>
[2023-02-13 18:03:11,387] {taskinstance.py:1356} INFO - 
--------------------------------------------------------------------------------
[2023-02-13 18:03:11,387] {taskinstance.py:1357} INFO - Starting attempt 1 of 1
[2023-02-13 18:03:11,388] {taskinstance.py:1358} INFO - 
--------------------------------------------------------------------------------
[2023-02-13 18:03:11,395] {taskinstance.py:1377} INFO - Executing <Task(BranchPythonOperator): iden_number> on 2023-02-13 00:00:00+00:00
[2023-02-13 18:03:11,398] {standard_task_runner.py:52} INFO - Started process 285233 to run task
[2023-02-13 18:03:11,400] {standard_task_runner.py:79} INFO - Running: ['***', 'tasks', 'run', '7_dataproc_subdags', 'iden_number', 'scheduled__2023-02-13T00:00:00+00:00', '--job-id', '178', '--raw', '--subdir', 'DAGS_FOLDER/Airflow2_0_De_0_a_Heroe/7_dataproc_subdags.py', '--cfg-path', '/tmp/tmptm4rnyny', '--error-file', '/tmp/tmpbacca5nm']
[2023-02-13 18:03:11,401] {standard_task_runner.py:80} INFO - Job 178: Subtask iden_number
[2023-02-13 18:03:11,442] {task_command.py:369} INFO - Running <TaskInstance: 7_dataproc_subdags.iden_number scheduled__2023-02-13T00:00:00+00:00 [running]> on host Tinmar.
[2023-02-13 18:03:11,487] {taskinstance.py:1569} INFO - Exporting the following env vars:
AIRFLOW_CTX_DAG_OWNER=David Sanchez
AIRFLOW_CTX_DAG_ID=7_dataproc_subdags
AIRFLOW_CTX_TASK_ID=iden_number
AIRFLOW_CTX_EXECUTION_DATE=2023-02-13T00:00:00+00:00
AIRFLOW_CTX_TRY_NUMBER=1
AIRFLOW_CTX_DAG_RUN_ID=scheduled__2023-02-13T00:00:00+00:00
[2023-02-13 18:03:11,488] {python.py:173} INFO - Done. Returned value was: par_task
[2023-02-13 18:03:11,489] {skipmixin.py:140} INFO - Following branch par_task
[2023-02-13 18:03:11,489] {skipmixin.py:175} INFO - Skipping tasks ['impar_task']
[2023-02-13 18:03:11,527] {taskinstance.py:1395} INFO - Marking task as SUCCESS. dag_id=7_dataproc_subdags, task_id=iden_number, execution_date=20230213T000000, start_date=20230214T000311, end_date=20230214T000311
[2023-02-13 18:03:11,541] {local_task_job.py:156} INFO - Task exited with return code 0
