[2023-02-13 13:14:54,276] {taskinstance.py:1159} INFO - Dependencies all met for <TaskInstance: pools_sexto_dag.python_op manual__2023-02-13T19:14:52.206312+00:00 [queued]>
[2023-02-13 13:14:54,282] {taskinstance.py:1159} INFO - Dependencies all met for <TaskInstance: pools_sexto_dag.python_op manual__2023-02-13T19:14:52.206312+00:00 [queued]>
[2023-02-13 13:14:54,282] {taskinstance.py:1356} INFO - 
--------------------------------------------------------------------------------
[2023-02-13 13:14:54,285] {taskinstance.py:1357} INFO - Starting attempt 1 of 1
[2023-02-13 13:14:54,286] {taskinstance.py:1358} INFO - 
--------------------------------------------------------------------------------
[2023-02-13 13:14:54,294] {taskinstance.py:1377} INFO - Executing <Task(PythonOperator): python_op> on 2023-02-13 19:14:52.206312+00:00
[2023-02-13 13:14:54,297] {standard_task_runner.py:52} INFO - Started process 147076 to run task
[2023-02-13 13:14:54,299] {standard_task_runner.py:79} INFO - Running: ['***', 'tasks', 'run', 'pools_sexto_dag', 'python_op', 'manual__2023-02-13T19:14:52.206312+00:00', '--job-id', '128', '--raw', '--subdir', 'DAGS_FOLDER/Apache_Airflow/pools_sexto_dag.py', '--cfg-path', '/tmp/tmp5eu6u5u0', '--error-file', '/tmp/tmpt2j7a12f']
[2023-02-13 13:14:54,301] {standard_task_runner.py:80} INFO - Job 128: Subtask python_op
[2023-02-13 13:14:54,341] {task_command.py:369} INFO - Running <TaskInstance: pools_sexto_dag.python_op manual__2023-02-13T19:14:52.206312+00:00 [running]> on host Tinmar.
[2023-02-13 13:14:54,392] {taskinstance.py:1569} INFO - Exporting the following env vars:
AIRFLOW_CTX_DAG_OWNER=Tinmar
AIRFLOW_CTX_DAG_ID=pools_sexto_dag
AIRFLOW_CTX_TASK_ID=python_op
AIRFLOW_CTX_EXECUTION_DATE=2023-02-13T19:14:52.206312+00:00
AIRFLOW_CTX_TRY_NUMBER=1
AIRFLOW_CTX_DAG_RUN_ID=manual__2023-02-13T19:14:52.206312+00:00
[2023-02-13 13:14:54,393] {logging_mixin.py:115} INFO - Hola Tinmar
[2023-02-13 13:14:54,394] {logging_mixin.py:115} INFO - Hola Alejandra
[2023-02-13 13:14:54,395] {logging_mixin.py:115} INFO - Hola Kenya
[2023-02-13 13:14:54,395] {logging_mixin.py:115} INFO - Hola Atocha
[2023-02-13 13:14:54,396] {logging_mixin.py:115} INFO - Hola Francisco
[2023-02-13 13:14:54,396] {logging_mixin.py:115} INFO - Hola Paola
[2023-02-13 13:14:54,397] {logging_mixin.py:115} INFO - Hola Lucy
[2023-02-13 13:14:54,398] {logging_mixin.py:115} INFO - Hola Ajna
[2023-02-13 13:14:54,399] {python.py:173} INFO - Done. Returned value was: None
[2023-02-13 13:14:54,410] {taskinstance.py:1395} INFO - Marking task as SUCCESS. dag_id=pools_sexto_dag, task_id=python_op, execution_date=20230213T191452, start_date=20230213T191454, end_date=20230213T191454
[2023-02-13 13:14:54,441] {local_task_job.py:156} INFO - Task exited with return code 0
[2023-02-13 13:14:54,474] {local_task_job.py:273} INFO - 1 downstream tasks scheduled from follow-on schedule check
