[2023-01-31 17:29:27,520] {taskinstance.py:1159} INFO - Dependencies all met for <TaskInstance: 3_hooks_xcoms.tabla_resumen manual__2023-01-31T23:27:04.884341+00:00 [queued]>
[2023-01-31 17:29:27,532] {taskinstance.py:1159} INFO - Dependencies all met for <TaskInstance: 3_hooks_xcoms.tabla_resumen manual__2023-01-31T23:27:04.884341+00:00 [queued]>
[2023-01-31 17:29:27,533] {taskinstance.py:1356} INFO - 
--------------------------------------------------------------------------------
[2023-01-31 17:29:27,534] {taskinstance.py:1357} INFO - Starting attempt 1 of 1
[2023-01-31 17:29:27,534] {taskinstance.py:1358} INFO - 
--------------------------------------------------------------------------------
[2023-01-31 17:29:27,559] {taskinstance.py:1377} INFO - Executing <Task(BigQueryExecuteQueryOperator): tabla_resumen> on 2023-01-31 23:27:04.884341+00:00
[2023-01-31 17:29:27,563] {standard_task_runner.py:52} INFO - Started process 14278 to run task
[2023-01-31 17:29:27,565] {standard_task_runner.py:79} INFO - Running: ['airflow', 'tasks', 'run', '3_hooks_xcoms', 'tabla_resumen', 'manual__2023-01-31T23:27:04.884341+00:00', '--job-id', '97', '--raw', '--subdir', 'DAGS_FOLDER/Airflow2.0-De-0-a-Heroe/3_hooks_xcoms.py', '--cfg-path', '/tmp/tmpuu_i7i6i', '--error-file', '/tmp/tmpyo1tsz7d']
[2023-01-31 17:29:27,566] {standard_task_runner.py:80} INFO - Job 97: Subtask tabla_resumen
[2023-01-31 17:29:27,630] {task_command.py:369} INFO - Running <TaskInstance: 3_hooks_xcoms.tabla_resumen manual__2023-01-31T23:27:04.884341+00:00 [running]> on host Tinmar.
[2023-01-31 17:29:27,730] {taskinstance.py:1569} INFO - Exporting the following env vars:
AIRFLOW_CTX_DAG_OWNER=David S
AIRFLOW_CTX_DAG_ID=3_hooks_xcoms
AIRFLOW_CTX_TASK_ID=tabla_resumen
AIRFLOW_CTX_EXECUTION_DATE=2023-01-31T23:27:04.884341+00:00
AIRFLOW_CTX_TRY_NUMBER=1
AIRFLOW_CTX_DAG_RUN_ID=manual__2023-01-31T23:27:04.884341+00:00
[2023-01-31 17:29:27,731] {bigquery.py:1077} INFO - Executing: 
        SELECT `year`, `area`, ROUND(AVG(`total_inc`), 4) AS avg_income
        FROM `serene-gradient-371719.airflow_trabajo.retail_years_hooks_xcoms`
        GROUP BY `year`, `area`
        ORDER BY `area` ASC
        
[2023-01-31 17:29:27,742] {base.py:68} INFO - Using connection ID 'google_cloud_default' for task execution.
[2023-01-31 17:29:27,746] {logging_mixin.py:115} WARNING - /home/tinmar/.local/lib/python3.10/site-packages/airflow/providers/google/cloud/hooks/bigquery.py:2050 DeprecationWarning: This method is deprecated. Please use `BigQueryHook.insert_job` method.
[2023-01-31 17:29:27,784] {bigquery.py:1542} INFO - Inserting job airflow_1675207767784284_623a0e401ce665f53d772369ab183a94
[2023-01-31 17:29:28,561] {taskinstance.py:1889} ERROR - Task failed with exception
Traceback (most recent call last):
  File "/home/tinmar/.local/lib/python3.10/site-packages/airflow/providers/google/cloud/operators/bigquery.py", line 1086, in execute
    job_id: str | list[str] = self.hook.run_query(
  File "/home/tinmar/.local/lib/python3.10/site-packages/airflow/providers/google/cloud/hooks/bigquery.py", line 2185, in run_query
    job = self.insert_job(configuration=configuration, project_id=self.project_id)
  File "/home/tinmar/.local/lib/python3.10/site-packages/airflow/providers/google/common/hooks/base_google.py", line 462, in inner_wrapper
    return func(self, *args, **kwargs)
  File "/home/tinmar/.local/lib/python3.10/site-packages/airflow/providers/google/cloud/hooks/bigquery.py", line 1548, in insert_job
    job.result(timeout=timeout, retry=retry)
  File "/home/tinmar/.local/lib/python3.10/site-packages/google/cloud/bigquery/job/query.py", line 1499, in result
    do_get_result()
  File "/home/tinmar/.local/lib/python3.10/site-packages/google/cloud/bigquery/job/query.py", line 1489, in do_get_result
    super(QueryJob, self).result(retry=retry, timeout=timeout)
  File "/home/tinmar/.local/lib/python3.10/site-packages/google/cloud/bigquery/job/base.py", line 728, in result
    return super(_AsyncJob, self).result(timeout=timeout, **kwargs)
  File "/home/tinmar/.local/lib/python3.10/site-packages/google/api_core/future/polling.py", line 137, in result
    raise self._exception
google.api_core.exceptions.NotFound: 404 Not found: Dataset serene-gradient-371719:airflow_trabajo was not found in location us-east1

Location: us-east1
Job ID: airflow_1675207767784284_623a0e401ce665f53d772369ab183a94

[2023-01-31 17:29:28,575] {taskinstance.py:1395} INFO - Marking task as FAILED. dag_id=3_hooks_xcoms, task_id=tabla_resumen, execution_date=20230131T232704, start_date=20230131T232927, end_date=20230131T232928
[2023-01-31 17:29:28,614] {standard_task_runner.py:92} ERROR - Failed to execute job 97 for task tabla_resumen (404 Not found: Dataset serene-gradient-371719:airflow_trabajo was not found in location us-east1

Location: us-east1
Job ID: airflow_1675207767784284_623a0e401ce665f53d772369ab183a94
; 14278)
[2023-01-31 17:29:28,623] {local_task_job.py:156} INFO - Task exited with return code 1
[2023-01-31 17:29:28,683] {local_task_job.py:273} INFO - 0 downstream tasks scheduled from follow-on schedule check
