[2023-02-21T12:59:57.756-0600] {taskinstance.py:1165} INFO - Dependencies all met for <TaskInstance: 4_pools.process_c manual__2023-02-21T18:59:38.924268+00:00 [queued]>
[2023-02-21T12:59:57.764-0600] {taskinstance.py:1165} INFO - Dependencies all met for <TaskInstance: 4_pools.process_c manual__2023-02-21T18:59:38.924268+00:00 [queued]>
[2023-02-21T12:59:57.764-0600] {taskinstance.py:1362} INFO - 
--------------------------------------------------------------------------------
[2023-02-21T12:59:57.765-0600] {taskinstance.py:1363} INFO - Starting attempt 1 of 1
[2023-02-21T12:59:57.766-0600] {taskinstance.py:1364} INFO - 
--------------------------------------------------------------------------------
[2023-02-21T12:59:57.772-0600] {taskinstance.py:1383} INFO - Executing <Task(BashOperator): process_c> on 2023-02-21 18:59:38.924268+00:00
[2023-02-21T12:59:57.774-0600] {standard_task_runner.py:54} INFO - Started process 578017 to run task
[2023-02-21T12:59:57.776-0600] {standard_task_runner.py:82} INFO - Running: ['***', 'tasks', 'run', '4_pools', 'process_c', 'manual__2023-02-21T18:59:38.924268+00:00', '--job-id', '675', '--raw', '--subdir', 'DAGS_FOLDER/Apache_Airflow-The_Operators_Guide/4_pools.py', '--cfg-path', '/tmp/tmpk18e64mo']
[2023-02-21T12:59:57.778-0600] {standard_task_runner.py:83} INFO - Job 675: Subtask process_c
[2023-02-21T12:59:57.778-0600] {dagbag.py:525} INFO - Filling up the DagBag from /c/Airflow/dags/Apache_Airflow-The_Operators_Guide/4_pools.py
[2023-02-21T12:59:57.848-0600] {task_command.py:384} INFO - Running <TaskInstance: 4_pools.process_c manual__2023-02-21T18:59:38.924268+00:00 [running]> on host Tinmar.
[2023-02-21T12:59:57.886-0600] {taskinstance.py:1590} INFO - Exporting the following env vars:
AIRFLOW_CTX_DAG_OWNER=Armando
AIRFLOW_CTX_DAG_ID=4_pools
AIRFLOW_CTX_TASK_ID=process_c
AIRFLOW_CTX_EXECUTION_DATE=2023-02-21T18:59:38.924268+00:00
AIRFLOW_CTX_TRY_NUMBER=1
AIRFLOW_CTX_DAG_RUN_ID=manual__2023-02-21T18:59:38.924268+00:00
[2023-02-21T12:59:57.887-0600] {subprocess.py:63} INFO - Tmp dir root location: 
 /tmp
[2023-02-21T12:59:57.887-0600] {subprocess.py:75} INFO - Running command: ['/usr/bin/bash', '-c', "echo 'process_c' && sleep 5"]
[2023-02-21T12:59:57.892-0600] {subprocess.py:86} INFO - Output:
[2023-02-21T12:59:57.893-0600] {subprocess.py:93} INFO - process_c
[2023-02-21T13:00:02.893-0600] {subprocess.py:97} INFO - Command exited with return code 0
[2023-02-21T13:00:02.915-0600] {taskinstance.py:1401} INFO - Marking task as SUCCESS. dag_id=4_pools, task_id=process_c, execution_date=20230221T185938, start_date=20230221T185957, end_date=20230221T190002
[2023-02-21T13:00:02.960-0600] {local_task_job.py:164} INFO - Task exited with return code 0
[2023-02-21T13:00:02.976-0600] {local_task_job.py:273} INFO - 1 downstream tasks scheduled from follow-on schedule check
