[2023-02-02 12:04:36,967] {taskinstance.py:1159} INFO - Dependencies all met for <TaskInstance: 8_documentation.bash_task manual__2023-02-02T18:04:33.945751+00:00 [queued]>
[2023-02-02 12:04:36,984] {taskinstance.py:1159} INFO - Dependencies all met for <TaskInstance: 8_documentation.bash_task manual__2023-02-02T18:04:33.945751+00:00 [queued]>
[2023-02-02 12:04:36,985] {taskinstance.py:1356} INFO - 
--------------------------------------------------------------------------------
[2023-02-02 12:04:36,986] {taskinstance.py:1357} INFO - Starting attempt 1 of 1
[2023-02-02 12:04:36,986] {taskinstance.py:1358} INFO - 
--------------------------------------------------------------------------------
[2023-02-02 12:04:37,019] {taskinstance.py:1377} INFO - Executing <Task(BashOperator): bash_task> on 2023-02-02 18:04:33.945751+00:00
[2023-02-02 12:04:37,021] {standard_task_runner.py:52} INFO - Started process 21838 to run task
[2023-02-02 12:04:37,023] {standard_task_runner.py:79} INFO - Running: ['airflow', 'tasks', 'run', '8_documentation', 'bash_task', 'manual__2023-02-02T18:04:33.945751+00:00', '--job-id', '197', '--raw', '--subdir', 'DAGS_FOLDER/Airflow2_0_De_0_a_Heroe/8_documentation.py', '--cfg-path', '/tmp/tmp620bdglo', '--error-file', '/tmp/tmpto21a6s9']
[2023-02-02 12:04:37,024] {standard_task_runner.py:80} INFO - Job 197: Subtask bash_task
[2023-02-02 12:04:37,091] {task_command.py:369} INFO - Running <TaskInstance: 8_documentation.bash_task manual__2023-02-02T18:04:33.945751+00:00 [running]> on host Tinmar.
[2023-02-02 12:04:37,214] {taskinstance.py:1569} INFO - Exporting the following env vars:
AIRFLOW_CTX_DAG_OWNER=David S
AIRFLOW_CTX_DAG_ID=8_documentation
AIRFLOW_CTX_TASK_ID=bash_task
AIRFLOW_CTX_EXECUTION_DATE=2023-02-02T18:04:33.945751+00:00
AIRFLOW_CTX_TRY_NUMBER=1
AIRFLOW_CTX_DAG_RUN_ID=manual__2023-02-02T18:04:33.945751+00:00
[2023-02-02 12:04:37,215] {subprocess.py:62} INFO - Tmp dir root location: 
 /tmp
[2023-02-02 12:04:37,216] {subprocess.py:74} INFO - Running command: ['bash', '-c', 'echo "---> Mi primer DAG en Apache Airflow!, Fecha: $TODAY"']
[2023-02-02 12:04:37,219] {subprocess.py:85} INFO - Output:
[2023-02-02 12:04:37,220] {subprocess.py:92} INFO - ---> Mi primer DAG en Apache Airflow!, Fecha: 2023-02-02
[2023-02-02 12:04:37,220] {subprocess.py:96} INFO - Command exited with return code 0
[2023-02-02 12:04:37,265] {taskinstance.py:1395} INFO - Marking task as SUCCESS. dag_id=8_documentation, task_id=bash_task, execution_date=20230202T180433, start_date=20230202T180436, end_date=20230202T180437
[2023-02-02 12:04:37,336] {local_task_job.py:156} INFO - Task exited with return code 0
[2023-02-02 12:04:37,394] {local_task_job.py:273} INFO - 1 downstream tasks scheduled from follow-on schedule check
