[2023-02-18T03:00:00.914-0600] {processor.py:156} INFO - Started process (PID=192678) to work on /c/Airflow/dags/Introduction_to_Apache_Airflow/groups/group_downloads.py
[2023-02-18T03:00:00.916-0600] {processor.py:758} INFO - Processing file /c/Airflow/dags/Introduction_to_Apache_Airflow/groups/group_downloads.py for tasks to queue
[2023-02-18T03:00:00.917-0600] {logging_mixin.py:117} INFO - [2023-02-18T03:00:00.917-0600] {dagbag.py:525} INFO - Filling up the DagBag from /c/Airflow/dags/Introduction_to_Apache_Airflow/groups/group_downloads.py
[2023-02-18T03:00:01.003-0600] {processor.py:770} WARNING - No viable dags retrieved from /c/Airflow/dags/Introduction_to_Apache_Airflow/groups/group_downloads.py
[2023-02-18T03:00:01.015-0600] {processor.py:178} INFO - Processing /c/Airflow/dags/Introduction_to_Apache_Airflow/groups/group_downloads.py took 0.103 seconds
[2023-02-18T03:00:32.180-0600] {processor.py:156} INFO - Started process (PID=193143) to work on /c/Airflow/dags/Introduction_to_Apache_Airflow/groups/group_downloads.py
[2023-02-18T03:00:32.181-0600] {processor.py:758} INFO - Processing file /c/Airflow/dags/Introduction_to_Apache_Airflow/groups/group_downloads.py for tasks to queue
[2023-02-18T03:00:32.182-0600] {logging_mixin.py:117} INFO - [2023-02-18T03:00:32.182-0600] {dagbag.py:525} INFO - Filling up the DagBag from /c/Airflow/dags/Introduction_to_Apache_Airflow/groups/group_downloads.py
[2023-02-18T03:00:32.227-0600] {processor.py:770} WARNING - No viable dags retrieved from /c/Airflow/dags/Introduction_to_Apache_Airflow/groups/group_downloads.py
[2023-02-18T03:00:32.241-0600] {processor.py:178} INFO - Processing /c/Airflow/dags/Introduction_to_Apache_Airflow/groups/group_downloads.py took 0.064 seconds
[2023-02-18T03:01:02.959-0600] {processor.py:156} INFO - Started process (PID=193499) to work on /c/Airflow/dags/Introduction_to_Apache_Airflow/groups/group_downloads.py
[2023-02-18T03:01:02.961-0600] {processor.py:758} INFO - Processing file /c/Airflow/dags/Introduction_to_Apache_Airflow/groups/group_downloads.py for tasks to queue
[2023-02-18T03:01:02.962-0600] {logging_mixin.py:117} INFO - [2023-02-18T03:01:02.962-0600] {dagbag.py:525} INFO - Filling up the DagBag from /c/Airflow/dags/Introduction_to_Apache_Airflow/groups/group_downloads.py
[2023-02-18T03:01:02.991-0600] {processor.py:770} WARNING - No viable dags retrieved from /c/Airflow/dags/Introduction_to_Apache_Airflow/groups/group_downloads.py
[2023-02-18T03:01:03.004-0600] {processor.py:178} INFO - Processing /c/Airflow/dags/Introduction_to_Apache_Airflow/groups/group_downloads.py took 0.047 seconds
[2023-02-18T03:01:33.124-0600] {processor.py:156} INFO - Started process (PID=193825) to work on /c/Airflow/dags/Introduction_to_Apache_Airflow/groups/group_downloads.py
[2023-02-18T03:01:33.125-0600] {processor.py:758} INFO - Processing file /c/Airflow/dags/Introduction_to_Apache_Airflow/groups/group_downloads.py for tasks to queue
[2023-02-18T03:01:33.126-0600] {logging_mixin.py:117} INFO - [2023-02-18T03:01:33.126-0600] {dagbag.py:525} INFO - Filling up the DagBag from /c/Airflow/dags/Introduction_to_Apache_Airflow/groups/group_downloads.py
[2023-02-18T03:01:33.148-0600] {processor.py:770} WARNING - No viable dags retrieved from /c/Airflow/dags/Introduction_to_Apache_Airflow/groups/group_downloads.py
[2023-02-18T03:01:33.161-0600] {processor.py:178} INFO - Processing /c/Airflow/dags/Introduction_to_Apache_Airflow/groups/group_downloads.py took 0.039 seconds
[2023-02-18T03:02:04.188-0600] {processor.py:156} INFO - Started process (PID=194374) to work on /c/Airflow/dags/Introduction_to_Apache_Airflow/groups/group_downloads.py
[2023-02-18T03:02:04.189-0600] {processor.py:758} INFO - Processing file /c/Airflow/dags/Introduction_to_Apache_Airflow/groups/group_downloads.py for tasks to queue
[2023-02-18T03:02:04.190-0600] {logging_mixin.py:117} INFO - [2023-02-18T03:02:04.190-0600] {dagbag.py:525} INFO - Filling up the DagBag from /c/Airflow/dags/Introduction_to_Apache_Airflow/groups/group_downloads.py
[2023-02-18T03:02:04.212-0600] {processor.py:770} WARNING - No viable dags retrieved from /c/Airflow/dags/Introduction_to_Apache_Airflow/groups/group_downloads.py
[2023-02-18T03:02:04.224-0600] {processor.py:178} INFO - Processing /c/Airflow/dags/Introduction_to_Apache_Airflow/groups/group_downloads.py took 0.038 seconds
