[2023-02-18T03:00:00.974-0600] {processor.py:156} INFO - Started process (PID=192683) to work on /c/Airflow/dags/Introduction_to_Apache_Airflow/groups/group_transforms.py
[2023-02-18T03:00:00.980-0600] {processor.py:758} INFO - Processing file /c/Airflow/dags/Introduction_to_Apache_Airflow/groups/group_transforms.py for tasks to queue
[2023-02-18T03:00:00.983-0600] {logging_mixin.py:117} INFO - [2023-02-18T03:00:00.983-0600] {dagbag.py:525} INFO - Filling up the DagBag from /c/Airflow/dags/Introduction_to_Apache_Airflow/groups/group_transforms.py
[2023-02-18T03:00:01.027-0600] {processor.py:770} WARNING - No viable dags retrieved from /c/Airflow/dags/Introduction_to_Apache_Airflow/groups/group_transforms.py
[2023-02-18T03:00:01.039-0600] {processor.py:178} INFO - Processing /c/Airflow/dags/Introduction_to_Apache_Airflow/groups/group_transforms.py took 0.068 seconds
[2023-02-18T03:00:32.278-0600] {processor.py:156} INFO - Started process (PID=193150) to work on /c/Airflow/dags/Introduction_to_Apache_Airflow/groups/group_transforms.py
[2023-02-18T03:00:32.279-0600] {processor.py:758} INFO - Processing file /c/Airflow/dags/Introduction_to_Apache_Airflow/groups/group_transforms.py for tasks to queue
[2023-02-18T03:00:32.280-0600] {logging_mixin.py:117} INFO - [2023-02-18T03:00:32.280-0600] {dagbag.py:525} INFO - Filling up the DagBag from /c/Airflow/dags/Introduction_to_Apache_Airflow/groups/group_transforms.py
[2023-02-18T03:00:32.316-0600] {processor.py:770} WARNING - No viable dags retrieved from /c/Airflow/dags/Introduction_to_Apache_Airflow/groups/group_transforms.py
[2023-02-18T03:00:32.328-0600] {processor.py:178} INFO - Processing /c/Airflow/dags/Introduction_to_Apache_Airflow/groups/group_transforms.py took 0.053 seconds
[2023-02-18T03:01:02.960-0600] {processor.py:156} INFO - Started process (PID=193502) to work on /c/Airflow/dags/Introduction_to_Apache_Airflow/groups/group_transforms.py
[2023-02-18T03:01:02.961-0600] {processor.py:758} INFO - Processing file /c/Airflow/dags/Introduction_to_Apache_Airflow/groups/group_transforms.py for tasks to queue
[2023-02-18T03:01:02.962-0600] {logging_mixin.py:117} INFO - [2023-02-18T03:01:02.962-0600] {dagbag.py:525} INFO - Filling up the DagBag from /c/Airflow/dags/Introduction_to_Apache_Airflow/groups/group_transforms.py
[2023-02-18T03:01:02.993-0600] {processor.py:770} WARNING - No viable dags retrieved from /c/Airflow/dags/Introduction_to_Apache_Airflow/groups/group_transforms.py
[2023-02-18T03:01:03.005-0600] {processor.py:178} INFO - Processing /c/Airflow/dags/Introduction_to_Apache_Airflow/groups/group_transforms.py took 0.047 seconds
[2023-02-18T03:01:33.258-0600] {processor.py:156} INFO - Started process (PID=193832) to work on /c/Airflow/dags/Introduction_to_Apache_Airflow/groups/group_transforms.py
[2023-02-18T03:01:33.259-0600] {processor.py:758} INFO - Processing file /c/Airflow/dags/Introduction_to_Apache_Airflow/groups/group_transforms.py for tasks to queue
[2023-02-18T03:01:33.260-0600] {logging_mixin.py:117} INFO - [2023-02-18T03:01:33.259-0600] {dagbag.py:525} INFO - Filling up the DagBag from /c/Airflow/dags/Introduction_to_Apache_Airflow/groups/group_transforms.py
[2023-02-18T03:01:33.282-0600] {processor.py:770} WARNING - No viable dags retrieved from /c/Airflow/dags/Introduction_to_Apache_Airflow/groups/group_transforms.py
[2023-02-18T03:01:33.294-0600] {processor.py:178} INFO - Processing /c/Airflow/dags/Introduction_to_Apache_Airflow/groups/group_transforms.py took 0.038 seconds
[2023-02-18T03:02:04.252-0600] {processor.py:156} INFO - Started process (PID=194381) to work on /c/Airflow/dags/Introduction_to_Apache_Airflow/groups/group_transforms.py
[2023-02-18T03:02:04.253-0600] {processor.py:758} INFO - Processing file /c/Airflow/dags/Introduction_to_Apache_Airflow/groups/group_transforms.py for tasks to queue
[2023-02-18T03:02:04.254-0600] {logging_mixin.py:117} INFO - [2023-02-18T03:02:04.254-0600] {dagbag.py:525} INFO - Filling up the DagBag from /c/Airflow/dags/Introduction_to_Apache_Airflow/groups/group_transforms.py
[2023-02-18T03:02:04.274-0600] {processor.py:770} WARNING - No viable dags retrieved from /c/Airflow/dags/Introduction_to_Apache_Airflow/groups/group_transforms.py
[2023-02-18T03:02:04.286-0600] {processor.py:178} INFO - Processing /c/Airflow/dags/Introduction_to_Apache_Airflow/groups/group_transforms.py took 0.037 seconds
