[2023-02-09 12:12:48,066] {taskinstance.py:1159} INFO - Dependencies all met for <TaskInstance: 6_dataproc_airflow.delete_cluster scheduled__2023-02-08T00:00:00+00:00 [queued]>
[2023-02-09 12:12:48,071] {taskinstance.py:1159} INFO - Dependencies all met for <TaskInstance: 6_dataproc_airflow.delete_cluster scheduled__2023-02-08T00:00:00+00:00 [queued]>
[2023-02-09 12:12:48,072] {taskinstance.py:1356} INFO - 
--------------------------------------------------------------------------------
[2023-02-09 12:12:48,072] {taskinstance.py:1357} INFO - Starting attempt 2 of 2
[2023-02-09 12:12:48,073] {taskinstance.py:1358} INFO - 
--------------------------------------------------------------------------------
[2023-02-09 12:12:48,079] {taskinstance.py:1377} INFO - Executing <Task(DataprocDeleteClusterOperator): delete_cluster> on 2023-02-08 00:00:00+00:00
[2023-02-09 12:12:48,082] {standard_task_runner.py:52} INFO - Started process 52259 to run task
[2023-02-09 12:12:48,084] {standard_task_runner.py:79} INFO - Running: ['***', 'tasks', 'run', '6_dataproc_***', 'delete_cluster', 'scheduled__2023-02-08T00:00:00+00:00', '--job-id', '48', '--raw', '--subdir', 'DAGS_FOLDER/Airflow2_0_De_0_a_Heroe/6_dataproc_***.py', '--cfg-path', '/tmp/tmptacc185j', '--error-file', '/tmp/tmpbsa4w23z']
[2023-02-09 12:12:48,085] {standard_task_runner.py:80} INFO - Job 48: Subtask delete_cluster
[2023-02-09 12:12:48,119] {task_command.py:369} INFO - Running <TaskInstance: 6_dataproc_airflow.delete_cluster scheduled__2023-02-08T00:00:00+00:00 [running]> on host Tinmar.
[2023-02-09 12:12:48,156] {taskinstance.py:1569} INFO - Exporting the following env vars:
AIRFLOW_CTX_DAG_OWNER=David S
AIRFLOW_CTX_DAG_ID=6_dataproc_***
AIRFLOW_CTX_TASK_ID=delete_cluster
AIRFLOW_CTX_EXECUTION_DATE=2023-02-08T00:00:00+00:00
AIRFLOW_CTX_TRY_NUMBER=2
AIRFLOW_CTX_DAG_RUN_ID=scheduled__2023-02-08T00:00:00+00:00
[2023-02-09 12:12:48,163] {base.py:68} INFO - Using connection ID 'google_cloud_default' for task execution.
[2023-02-09 12:12:48,166] {dataproc.py:817} INFO - Deleting cluster: ***-spark-cluster
[2023-02-09 12:13:37,122] {dataproc.py:829} INFO - Cluster deleted.
[2023-02-09 12:13:37,137] {taskinstance.py:1395} INFO - Marking task as SUCCESS. dag_id=6_dataproc_***, task_id=delete_cluster, execution_date=20230208T000000, start_date=20230209T181248, end_date=20230209T181337
[2023-02-09 12:13:37,164] {local_task_job.py:156} INFO - Task exited with return code 0
