[2023-02-11 11:07:54,364] {taskinstance.py:1159} INFO - Dependencies all met for <TaskInstance: 7_dataproc_subdags.par_task.avg_tincome scheduled__2023-02-10T00:00:00+00:00 [queued]>
[2023-02-11 11:07:54,371] {taskinstance.py:1159} INFO - Dependencies all met for <TaskInstance: 7_dataproc_subdags.par_task.avg_tincome scheduled__2023-02-10T00:00:00+00:00 [queued]>
[2023-02-11 11:07:54,372] {taskinstance.py:1356} INFO - 
--------------------------------------------------------------------------------
[2023-02-11 11:07:54,373] {taskinstance.py:1357} INFO - Starting attempt 1 of 1
[2023-02-11 11:07:54,374] {taskinstance.py:1358} INFO - 
--------------------------------------------------------------------------------
[2023-02-11 11:07:54,384] {taskinstance.py:1377} INFO - Executing <Task(DataprocSubmitJobOperator): avg_tincome> on 2023-02-10 00:00:00+00:00
[2023-02-11 11:07:54,388] {standard_task_runner.py:52} INFO - Started process 170492 to run task
[2023-02-11 11:07:54,391] {standard_task_runner.py:79} INFO - Running: ['***', 'tasks', 'run', '7_dataproc_subdags.par_task', 'avg_tincome', 'scheduled__2023-02-10T00:00:00+00:00', '--job-id', '72', '--raw', '--subdir', 'DAGS_FOLDER/Airflow2_0_De_0_a_Heroe/7_dataproc_subdags.py', '--cfg-path', '/tmp/tmpbwkcxog5', '--error-file', '/tmp/tmp0iaihycg']
[2023-02-11 11:07:54,393] {standard_task_runner.py:80} INFO - Job 72: Subtask avg_tincome
[2023-02-11 11:07:54,465] {task_command.py:369} INFO - Running <TaskInstance: 7_dataproc_subdags.par_task.avg_tincome scheduled__2023-02-10T00:00:00+00:00 [running]> on host Tinmar.
[2023-02-11 11:07:54,543] {taskinstance.py:1569} INFO - Exporting the following env vars:
AIRFLOW_CTX_DAG_OWNER=David Sanchez
AIRFLOW_CTX_DAG_ID=7_dataproc_subdags.par_task
AIRFLOW_CTX_TASK_ID=avg_tincome
AIRFLOW_CTX_EXECUTION_DATE=2023-02-10T00:00:00+00:00
AIRFLOW_CTX_TRY_NUMBER=1
AIRFLOW_CTX_DAG_RUN_ID=scheduled__2023-02-10T00:00:00+00:00
[2023-02-11 11:07:54,545] {dataproc.py:1866} INFO - Submitting job
[2023-02-11 11:07:54,557] {base.py:68} INFO - Using connection ID 'google_cloud_default' for task execution.
[2023-02-11 11:07:55,176] {taskinstance.py:1889} ERROR - Task failed with exception
Traceback (most recent call last):
  File "/home/tinmar/.local/lib/python3.10/site-packages/google/api_core/grpc_helpers.py", line 50, in error_remapped_callable
    return callable_(*args, **kwargs)
  File "/home/tinmar/.local/lib/python3.10/site-packages/grpc/_channel.py", line 946, in __call__
    return _end_unary_response_blocking(state, call, False, None)
  File "/home/tinmar/.local/lib/python3.10/site-packages/grpc/_channel.py", line 849, in _end_unary_response_blocking
    raise _InactiveRpcError(state)
grpc._channel._InactiveRpcError: <_InactiveRpcError of RPC that terminated with:
	status = StatusCode.FAILED_PRECONDITION
	details = "Unable to submit job, cluster 'airflow-spark-cluster' is in state DELETING and cannot accept jobs."
	debug_error_string = "UNKNOWN:Error received from peer ipv4:142.250.65.106:443 {created_time:"2023-02-11T11:07:55.175755134-06:00", grpc_status:9, grpc_message:"Unable to submit job, cluster \'airflow-spark-cluster\' is in state DELETING and cannot accept jobs."}"
>

The above exception was the direct cause of the following exception:

Traceback (most recent call last):
  File "/home/tinmar/.local/lib/python3.10/site-packages/airflow/providers/google/cloud/operators/dataproc.py", line 1868, in execute
    job_object = self.hook.submit_job(
  File "/home/tinmar/.local/lib/python3.10/site-packages/airflow/providers/google/common/hooks/base_google.py", line 462, in inner_wrapper
    return func(self, *args, **kwargs)
  File "/home/tinmar/.local/lib/python3.10/site-packages/airflow/providers/google/cloud/hooks/dataproc.py", line 780, in submit_job
    return client.submit_job(
  File "/home/tinmar/.local/lib/python3.10/site-packages/google/cloud/dataproc_v1/services/job_controller/client.py", line 520, in submit_job
    response = rpc(
  File "/home/tinmar/.local/lib/python3.10/site-packages/google/api_core/gapic_v1/method.py", line 154, in __call__
    return wrapped_func(*args, **kwargs)
  File "/home/tinmar/.local/lib/python3.10/site-packages/google/api_core/retry.py", line 283, in retry_wrapped_func
    return retry_target(
  File "/home/tinmar/.local/lib/python3.10/site-packages/google/api_core/retry.py", line 190, in retry_target
    return target()
  File "/home/tinmar/.local/lib/python3.10/site-packages/google/api_core/grpc_helpers.py", line 52, in error_remapped_callable
    raise exceptions.from_grpc_error(exc) from exc
google.api_core.exceptions.FailedPrecondition: 400 Unable to submit job, cluster 'airflow-spark-cluster' is in state DELETING and cannot accept jobs.
[2023-02-11 11:07:55,186] {taskinstance.py:1395} INFO - Marking task as FAILED. dag_id=7_dataproc_subdags.par_task, task_id=avg_tincome, execution_date=20230210T000000, start_date=20230211T170754, end_date=20230211T170755
[2023-02-11 11:07:55,194] {standard_task_runner.py:92} ERROR - Failed to execute job 72 for task avg_tincome (400 Unable to submit job, cluster 'airflow-spark-cluster' is in state DELETING and cannot accept jobs.; 170492)
[2023-02-11 11:07:55,211] {local_task_job.py:156} INFO - Task exited with return code 1
