[2023-02-20T09:18:23.895-0600] {taskinstance.py:1165} INFO - Dependencies all met for <TaskInstance: 6_dataproc_airflow.delete_cluster scheduled__2023-02-18T00:00:00+00:00 [queued]>
[2023-02-20T09:18:23.925-0600] {taskinstance.py:1165} INFO - Dependencies all met for <TaskInstance: 6_dataproc_airflow.delete_cluster scheduled__2023-02-18T00:00:00+00:00 [queued]>
[2023-02-20T09:18:23.939-0600] {taskinstance.py:1362} INFO - 
--------------------------------------------------------------------------------
[2023-02-20T09:18:23.954-0600] {taskinstance.py:1363} INFO - Starting attempt 1 of 1
[2023-02-20T09:18:23.958-0600] {taskinstance.py:1364} INFO - 
--------------------------------------------------------------------------------
[2023-02-20T09:18:24.034-0600] {taskinstance.py:1383} INFO - Executing <Task(DataprocDeleteClusterOperator): delete_cluster> on 2023-02-18 00:00:00+00:00
[2023-02-20T09:18:24.076-0600] {standard_task_runner.py:54} INFO - Started process 197923 to run task
[2023-02-20T09:18:24.085-0600] {standard_task_runner.py:82} INFO - Running: ['***', 'tasks', 'run', '6_dataproc_***', 'delete_cluster', 'scheduled__2023-02-18T00:00:00+00:00', '--job-id', '550', '--raw', '--subdir', 'DAGS_FOLDER/Airflow2_0_De_0_a_Heroe/6_dataproc_***.py', '--cfg-path', '/tmp/tmpbkfmk_h1']
[2023-02-20T09:18:24.199-0600] {standard_task_runner.py:83} INFO - Job 550: Subtask delete_cluster
[2023-02-20T09:18:24.221-0600] {dagbag.py:525} INFO - Filling up the DagBag from /c/Airflow/dags/Airflow2_0_De_0_a_Heroe/6_dataproc_***.py
[2023-02-20T09:18:24.657-0600] {logging_mixin.py:117} WARNING - /home/tinmar/.local/lib/python3.10/site-packages/***/models/baseoperator.py:408 DeprecationWarning: Passing cluster parameters by keywords to `DataprocCreateClusterOperator` will be deprecated. Please provide cluster_config object using `cluster_config` parameter. You can use `***.dataproc.ClusterGenerator.generate_cluster` method to obtain cluster object.
[2023-02-20T09:18:24.852-0600] {task_command.py:384} INFO - Running <TaskInstance: 6_dataproc_airflow.delete_cluster scheduled__2023-02-18T00:00:00+00:00 [running]> on host Tinmar.
[2023-02-20T09:18:24.981-0600] {taskinstance.py:1590} INFO - Exporting the following env vars:
AIRFLOW_CTX_DAG_OWNER=David S
AIRFLOW_CTX_DAG_ID=6_dataproc_***
AIRFLOW_CTX_TASK_ID=delete_cluster
AIRFLOW_CTX_EXECUTION_DATE=2023-02-18T00:00:00+00:00
AIRFLOW_CTX_TRY_NUMBER=1
AIRFLOW_CTX_DAG_RUN_ID=scheduled__2023-02-18T00:00:00+00:00
[2023-02-20T09:18:25.014-0600] {base.py:71} INFO - Using connection ID 'google_cloud_default' for task execution.
[2023-02-20T09:18:25.026-0600] {dataproc.py:817} INFO - Deleting cluster: ***-spark-cluster
[2023-02-20T09:18:45.615-0600] {taskinstance.py:1851} ERROR - Task failed with exception
Traceback (most recent call last):
  File "/home/tinmar/.local/lib/python3.10/site-packages/google/api_core/grpc_helpers.py", line 50, in error_remapped_callable
    return callable_(*args, **kwargs)
  File "/home/tinmar/.local/lib/python3.10/site-packages/grpc/_channel.py", line 946, in __call__
    return _end_unary_response_blocking(state, call, False, None)
  File "/home/tinmar/.local/lib/python3.10/site-packages/grpc/_channel.py", line 849, in _end_unary_response_blocking
    raise _InactiveRpcError(state)
grpc._channel._InactiveRpcError: <_InactiveRpcError of RPC that terminated with:
	status = StatusCode.NOT_FOUND
	details = "Not found: Cluster projects/serene-gradient-371719/regions/us-central1/clusters/airflow-spark-cluster"
	debug_error_string = "UNKNOWN:Error received from peer ipv4:142.251.34.138:443 {grpc_message:"Not found: Cluster projects/serene-gradient-371719/regions/us-central1/clusters/airflow-spark-cluster", grpc_status:5, created_time:"2023-02-20T09:18:45.614087068-06:00"}"
>

The above exception was the direct cause of the following exception:

Traceback (most recent call last):
  File "/home/tinmar/.local/lib/python3.10/site-packages/airflow/providers/google/cloud/operators/dataproc.py", line 818, in execute
    operation = hook.delete_cluster(
  File "/home/tinmar/.local/lib/python3.10/site-packages/airflow/providers/google/common/hooks/base_google.py", line 462, in inner_wrapper
    return func(self, *args, **kwargs)
  File "/home/tinmar/.local/lib/python3.10/site-packages/airflow/providers/google/cloud/hooks/dataproc.py", line 365, in delete_cluster
    result = client.delete_cluster(
  File "/home/tinmar/.local/lib/python3.10/site-packages/google/cloud/dataproc_v1/services/cluster_controller/client.py", line 1124, in delete_cluster
    response = rpc(
  File "/home/tinmar/.local/lib/python3.10/site-packages/google/api_core/gapic_v1/method.py", line 154, in __call__
    return wrapped_func(*args, **kwargs)
  File "/home/tinmar/.local/lib/python3.10/site-packages/google/api_core/retry.py", line 283, in retry_wrapped_func
    return retry_target(
  File "/home/tinmar/.local/lib/python3.10/site-packages/google/api_core/retry.py", line 190, in retry_target
    return target()
  File "/home/tinmar/.local/lib/python3.10/site-packages/google/api_core/grpc_helpers.py", line 52, in error_remapped_callable
    raise exceptions.from_grpc_error(exc) from exc
google.api_core.exceptions.NotFound: 404 Not found: Cluster projects/serene-gradient-371719/regions/us-central1/clusters/airflow-spark-cluster
[2023-02-20T09:18:45.633-0600] {taskinstance.py:1401} INFO - Marking task as FAILED. dag_id=6_dataproc_***, task_id=delete_cluster, execution_date=20230218T000000, start_date=20230220T151823, end_date=20230220T151845
[2023-02-20T09:18:45.648-0600] {standard_task_runner.py:102} ERROR - Failed to execute job 550 for task delete_cluster (404 Not found: Cluster projects/serene-gradient-371719/regions/us-central1/clusters/airflow-spark-cluster; 197923)
[2023-02-20T09:18:45.689-0600] {local_task_job.py:164} INFO - Task exited with return code 1
[2023-02-20T09:18:45.731-0600] {local_task_job.py:273} INFO - 0 downstream tasks scheduled from follow-on schedule check
