[2023-02-13 11:22:53,514] {taskinstance.py:1159} INFO - Dependencies all met for <TaskInstance: xcoms_cuarto_dag.xcom_push manual__2023-02-13T17:22:52.360192+00:00 [queued]>
[2023-02-13 11:22:53,519] {taskinstance.py:1159} INFO - Dependencies all met for <TaskInstance: xcoms_cuarto_dag.xcom_push manual__2023-02-13T17:22:52.360192+00:00 [queued]>
[2023-02-13 11:22:53,520] {taskinstance.py:1356} INFO - 
--------------------------------------------------------------------------------
[2023-02-13 11:22:53,520] {taskinstance.py:1357} INFO - Starting attempt 1 of 1
[2023-02-13 11:22:53,521] {taskinstance.py:1358} INFO - 
--------------------------------------------------------------------------------
[2023-02-13 11:22:53,527] {taskinstance.py:1377} INFO - Executing <Task(PythonOperator): xcom_push> on 2023-02-13 17:22:52.360192+00:00
[2023-02-13 11:22:53,530] {standard_task_runner.py:52} INFO - Started process 77627 to run task
[2023-02-13 11:22:53,531] {standard_task_runner.py:79} INFO - Running: ['***', 'tasks', 'run', 'xcoms_cuarto_dag', 'xcom_push', 'manual__2023-02-13T17:22:52.360192+00:00', '--job-id', '107', '--raw', '--subdir', 'DAGS_FOLDER/Apache_Airflow/xcoms_cuarto_dag.py', '--cfg-path', '/tmp/tmp0sdkj4x8', '--error-file', '/tmp/tmpgu8gbal2']
[2023-02-13 11:22:53,533] {standard_task_runner.py:80} INFO - Job 107: Subtask xcom_push
[2023-02-13 11:22:53,586] {task_command.py:369} INFO - Running <TaskInstance: xcoms_cuarto_dag.xcom_push manual__2023-02-13T17:22:52.360192+00:00 [running]> on host Tinmar.
[2023-02-13 11:22:53,633] {taskinstance.py:1569} INFO - Exporting the following env vars:
AIRFLOW_CTX_DAG_OWNER=Tinmar
AIRFLOW_CTX_DAG_ID=xcoms_cuarto_dag
AIRFLOW_CTX_TASK_ID=xcom_push
AIRFLOW_CTX_EXECUTION_DATE=2023-02-13T17:22:52.360192+00:00
AIRFLOW_CTX_TRY_NUMBER=1
AIRFLOW_CTX_DAG_RUN_ID=manual__2023-02-13T17:22:52.360192+00:00
[2023-02-13 11:22:53,635] {logging_mixin.py:115} INFO - Hola Tinmar
[2023-02-13 11:22:53,635] {logging_mixin.py:115} INFO - Hola Alejandra
[2023-02-13 11:22:53,636] {logging_mixin.py:115} INFO - Hola Kenya
[2023-02-13 11:22:53,636] {logging_mixin.py:115} INFO - Hola Atocha
[2023-02-13 11:22:53,637] {logging_mixin.py:115} INFO - Hola Francisco
[2023-02-13 11:22:53,637] {logging_mixin.py:115} INFO - Hola Paola
[2023-02-13 11:22:53,638] {logging_mixin.py:115} INFO - Hola Lucy
[2023-02-13 11:22:53,638] {logging_mixin.py:115} INFO - Hola Ajna
[2023-02-13 11:22:53,650] {python.py:173} INFO - Done. Returned value was: Este es un Xcom
[2023-02-13 11:22:53,669] {taskinstance.py:1395} INFO - Marking task as SUCCESS. dag_id=xcoms_cuarto_dag, task_id=xcom_push, execution_date=20230213T172252, start_date=20230213T172253, end_date=20230213T172253
[2023-02-13 11:22:53,708] {local_task_job.py:156} INFO - Task exited with return code 0
[2023-02-13 11:22:53,735] {local_task_job.py:273} INFO - 1 downstream tasks scheduled from follow-on schedule check
