[2023-02-13 13:14:55,330] {taskinstance.py:1159} INFO - Dependencies all met for <TaskInstance: pools_sexto_dag.bash_op manual__2023-02-13T19:14:52.206312+00:00 [queued]>
[2023-02-13 13:14:55,338] {taskinstance.py:1159} INFO - Dependencies all met for <TaskInstance: pools_sexto_dag.bash_op manual__2023-02-13T19:14:52.206312+00:00 [queued]>
[2023-02-13 13:14:55,339] {taskinstance.py:1356} INFO - 
--------------------------------------------------------------------------------
[2023-02-13 13:14:55,342] {taskinstance.py:1357} INFO - Starting attempt 1 of 1
[2023-02-13 13:14:55,343] {taskinstance.py:1358} INFO - 
--------------------------------------------------------------------------------
[2023-02-13 13:14:55,353] {taskinstance.py:1377} INFO - Executing <Task(BashOperator): bash_op> on 2023-02-13 19:14:52.206312+00:00
[2023-02-13 13:14:55,357] {standard_task_runner.py:52} INFO - Started process 147129 to run task
[2023-02-13 13:14:55,359] {standard_task_runner.py:79} INFO - Running: ['***', 'tasks', 'run', 'pools_sexto_dag', 'bash_op', 'manual__2023-02-13T19:14:52.206312+00:00', '--job-id', '129', '--raw', '--subdir', 'DAGS_FOLDER/Apache_Airflow/pools_sexto_dag.py', '--cfg-path', '/tmp/tmp1njx_efr', '--error-file', '/tmp/tmp8axec6yu']
[2023-02-13 13:14:55,361] {standard_task_runner.py:80} INFO - Job 129: Subtask bash_op
[2023-02-13 13:14:55,410] {task_command.py:369} INFO - Running <TaskInstance: pools_sexto_dag.bash_op manual__2023-02-13T19:14:52.206312+00:00 [running]> on host Tinmar.
[2023-02-13 13:14:55,465] {taskinstance.py:1569} INFO - Exporting the following env vars:
AIRFLOW_CTX_DAG_OWNER=Tinmar
AIRFLOW_CTX_DAG_ID=pools_sexto_dag
AIRFLOW_CTX_TASK_ID=bash_op
AIRFLOW_CTX_EXECUTION_DATE=2023-02-13T19:14:52.206312+00:00
AIRFLOW_CTX_TRY_NUMBER=1
AIRFLOW_CTX_DAG_RUN_ID=manual__2023-02-13T19:14:52.206312+00:00
[2023-02-13 13:14:55,466] {subprocess.py:62} INFO - Tmp dir root location: 
 /tmp
[2023-02-13 13:14:55,467] {subprocess.py:74} INFO - Running command: ['bash', '-c', 'echo Prueba Bash']
[2023-02-13 13:14:55,473] {subprocess.py:85} INFO - Output:
[2023-02-13 13:14:55,477] {subprocess.py:92} INFO - Prueba Bash
[2023-02-13 13:14:55,478] {subprocess.py:96} INFO - Command exited with return code 0
[2023-02-13 13:14:55,509] {taskinstance.py:1395} INFO - Marking task as SUCCESS. dag_id=pools_sexto_dag, task_id=bash_op, execution_date=20230213T191452, start_date=20230213T191455, end_date=20230213T191455
[2023-02-13 13:14:55,540] {local_task_job.py:156} INFO - Task exited with return code 0
[2023-02-13 13:14:55,571] {local_task_job.py:273} INFO - 1 downstream tasks scheduled from follow-on schedule check
