[2023-02-21T08:48:22.948-0600] {taskinstance.py:1165} INFO - Dependencies all met for <TaskInstance: 1.6.2_user_processing.extract_data scheduled__2023-02-20T00:00:00+00:00 [queued]>
[2023-02-21T08:48:22.986-0600] {taskinstance.py:1165} INFO - Dependencies all met for <TaskInstance: 1.6.2_user_processing.extract_data scheduled__2023-02-20T00:00:00+00:00 [queued]>
[2023-02-21T08:48:23.006-0600] {taskinstance.py:1362} INFO - 
--------------------------------------------------------------------------------
[2023-02-21T08:48:23.022-0600] {taskinstance.py:1363} INFO - Starting attempt 1 of 1
[2023-02-21T08:48:23.028-0600] {taskinstance.py:1364} INFO - 
--------------------------------------------------------------------------------
[2023-02-21T08:48:23.062-0600] {taskinstance.py:1383} INFO - Executing <Task(SimpleHttpOperator): extract_data> on 2023-02-20 00:00:00+00:00
[2023-02-21T08:48:23.122-0600] {standard_task_runner.py:54} INFO - Started process 427701 to run task
[2023-02-21T08:48:23.128-0600] {standard_task_runner.py:82} INFO - Running: ['***', 'tasks', 'run', '1.6.2_user_processing', 'extract_data', 'scheduled__2023-02-20T00:00:00+00:00', '--job-id', '599', '--raw', '--subdir', 'DAGS_FOLDER/Introduction_to_Apache_Airflow/1.6.2_user_processing.py', '--cfg-path', '/tmp/tmpqbwg6iim']
[2023-02-21T08:48:23.176-0600] {standard_task_runner.py:83} INFO - Job 599: Subtask extract_data
[2023-02-21T08:48:23.209-0600] {dagbag.py:525} INFO - Filling up the DagBag from /c/Airflow/dags/Introduction_to_Apache_Airflow/1.6.2_user_processing.py
[2023-02-21T08:48:25.082-0600] {task_command.py:384} INFO - Running <TaskInstance: 1.6.2_user_processing.extract_data scheduled__2023-02-20T00:00:00+00:00 [running]> on host Tinmar.
[2023-02-21T08:48:25.251-0600] {taskinstance.py:1590} INFO - Exporting the following env vars:
AIRFLOW_CTX_DAG_OWNER=Tinmar
AIRFLOW_CTX_DAG_ID=1.6.2_user_processing
AIRFLOW_CTX_TASK_ID=extract_data
AIRFLOW_CTX_EXECUTION_DATE=2023-02-20T00:00:00+00:00
AIRFLOW_CTX_TRY_NUMBER=1
AIRFLOW_CTX_DAG_RUN_ID=scheduled__2023-02-20T00:00:00+00:00
[2023-02-21T08:48:25.253-0600] {http.py:123} INFO - Calling HTTP method
[2023-02-21T08:48:25.279-0600] {base.py:71} INFO - Using connection ID 'user_api' for task execution.
[2023-02-21T08:48:29.105-0600] {http.py:127} INFO - {"results":[{"gender":"male","name":{"title":"Mr","first":"Brynjar","last":"Smestad"},"location":{"street":{"number":8982,"name":"Surstoffveien"},"city":"Skulestadmoen","state":"Akershus","country":"Norway","postcode":"1665","coordinates":{"latitude":"43.9999","longitude":"-34.6915"},"timezone":{"offset":"+3:30","description":"Tehran"}},"email":"brynjar.smestad@example.com","login":{"uuid":"2c9edb0f-3dbf-4d18-b8f5-6a32498f1ad4","username":"whitefrog469","password":"labrador","salt":"o1R72gHD","md5":"3c51b13c1bbfac92d06568dfe9289b28","sha1":"88e75adcc113fbee53c8ccc97080b7024c83714e","sha256":"154e2f295d378ed3ba52ba5a193656e6ef195d6a9e1f498e39df7f434fe71f87"},"dob":{"date":"1981-03-14T03:17:50.799Z","age":41},"registered":{"date":"2006-03-08T12:17:06.368Z","age":16},"phone":"35590682","cell":"43191339","id":{"name":"FN","value":"14038124596"},"picture":{"large":"https://randomuser.me/api/portraits/men/16.jpg","medium":"https://randomuser.me/api/portraits/med/men/16.jpg","thumbnail":"https://randomuser.me/api/portraits/thumb/men/16.jpg"},"nat":"NO"}],"info":{"seed":"b08e1bc91f93ed05","results":1,"page":1,"version":"1.4"}}
[2023-02-21T08:48:29.651-0600] {taskinstance.py:1401} INFO - Marking task as SUCCESS. dag_id=1.6.2_user_processing, task_id=extract_data, execution_date=20230220T000000, start_date=20230221T144822, end_date=20230221T144829
[2023-02-21T08:48:29.751-0600] {local_task_job.py:164} INFO - Task exited with return code 0
[2023-02-21T08:48:29.883-0600] {local_task_job.py:273} INFO - 1 downstream tasks scheduled from follow-on schedule check
