[2023-02-11 11:07:20,419] {taskinstance.py:1159} INFO - Dependencies all met for <TaskInstance: 6_dataproc_airflow.par_task.avg_tincome scheduled__2023-02-10T00:00:00+00:00 [queued]>
[2023-02-11 11:07:20,431] {taskinstance.py:1159} INFO - Dependencies all met for <TaskInstance: 6_dataproc_airflow.par_task.avg_tincome scheduled__2023-02-10T00:00:00+00:00 [queued]>
[2023-02-11 11:07:20,432] {taskinstance.py:1356} INFO - 
--------------------------------------------------------------------------------
[2023-02-11 11:07:20,434] {taskinstance.py:1357} INFO - Starting attempt 1 of 1
[2023-02-11 11:07:20,435] {taskinstance.py:1358} INFO - 
--------------------------------------------------------------------------------
[2023-02-11 11:07:20,448] {taskinstance.py:1377} INFO - Executing <Task(DataprocSubmitJobOperator): par_task.avg_tincome> on 2023-02-10 00:00:00+00:00
[2023-02-11 11:07:20,451] {standard_task_runner.py:52} INFO - Started process 169819 to run task
[2023-02-11 11:07:20,456] {standard_task_runner.py:79} INFO - Running: ['***', 'tasks', 'run', '6_dataproc_***', 'par_task.avg_tincome', 'scheduled__2023-02-10T00:00:00+00:00', '--job-id', '65', '--raw', '--subdir', 'DAGS_FOLDER/Airflow2_0_De_0_a_Heroe/6_dataproc_***.py', '--cfg-path', '/tmp/tmp873e15om', '--error-file', '/tmp/tmps5u9kloe']
[2023-02-11 11:07:20,458] {standard_task_runner.py:80} INFO - Job 65: Subtask par_task.avg_tincome
[2023-02-11 11:07:20,532] {task_command.py:369} INFO - Running <TaskInstance: 6_dataproc_airflow.par_task.avg_tincome scheduled__2023-02-10T00:00:00+00:00 [running]> on host Tinmar.
[2023-02-11 11:07:20,600] {taskinstance.py:1569} INFO - Exporting the following env vars:
AIRFLOW_CTX_DAG_OWNER=David S
AIRFLOW_CTX_DAG_ID=6_dataproc_***
AIRFLOW_CTX_TASK_ID=par_task.avg_tincome
AIRFLOW_CTX_EXECUTION_DATE=2023-02-10T00:00:00+00:00
AIRFLOW_CTX_TRY_NUMBER=1
AIRFLOW_CTX_DAG_RUN_ID=scheduled__2023-02-10T00:00:00+00:00
[2023-02-11 11:07:20,601] {dataproc.py:1866} INFO - Submitting job
[2023-02-11 11:07:20,614] {base.py:68} INFO - Using connection ID 'google_cloud_default' for task execution.
[2023-02-11 11:07:21,780] {taskinstance.py:1889} ERROR - Task failed with exception
Traceback (most recent call last):
  File "/home/tinmar/.local/lib/python3.10/site-packages/google/api_core/grpc_helpers.py", line 50, in error_remapped_callable
    return callable_(*args, **kwargs)
  File "/home/tinmar/.local/lib/python3.10/site-packages/grpc/_channel.py", line 946, in __call__
    return _end_unary_response_blocking(state, call, False, None)
  File "/home/tinmar/.local/lib/python3.10/site-packages/grpc/_channel.py", line 849, in _end_unary_response_blocking
    raise _InactiveRpcError(state)
grpc._channel._InactiveRpcError: <_InactiveRpcError of RPC that terminated with:
	status = StatusCode.ALREADY_EXISTS
	details = "Already exists: Failed to submit job: Job projects/serene-gradient-371719/regions/us-central1/jobs/PARTASK_dfa23fbf_avg_tincome"
	debug_error_string = "UNKNOWN:Error received from peer ipv4:142.250.65.106:443 {created_time:"2023-02-11T11:07:21.779743957-06:00", grpc_status:6, grpc_message:"Already exists: Failed to submit job: Job projects/serene-gradient-371719/regions/us-central1/jobs/PARTASK_dfa23fbf_avg_tincome"}"
>

The above exception was the direct cause of the following exception:

Traceback (most recent call last):
  File "/home/tinmar/.local/lib/python3.10/site-packages/airflow/providers/google/cloud/operators/dataproc.py", line 1868, in execute
    job_object = self.hook.submit_job(
  File "/home/tinmar/.local/lib/python3.10/site-packages/airflow/providers/google/common/hooks/base_google.py", line 462, in inner_wrapper
    return func(self, *args, **kwargs)
  File "/home/tinmar/.local/lib/python3.10/site-packages/airflow/providers/google/cloud/hooks/dataproc.py", line 780, in submit_job
    return client.submit_job(
  File "/home/tinmar/.local/lib/python3.10/site-packages/google/cloud/dataproc_v1/services/job_controller/client.py", line 520, in submit_job
    response = rpc(
  File "/home/tinmar/.local/lib/python3.10/site-packages/google/api_core/gapic_v1/method.py", line 154, in __call__
    return wrapped_func(*args, **kwargs)
  File "/home/tinmar/.local/lib/python3.10/site-packages/google/api_core/retry.py", line 283, in retry_wrapped_func
    return retry_target(
  File "/home/tinmar/.local/lib/python3.10/site-packages/google/api_core/retry.py", line 190, in retry_target
    return target()
  File "/home/tinmar/.local/lib/python3.10/site-packages/google/api_core/grpc_helpers.py", line 52, in error_remapped_callable
    raise exceptions.from_grpc_error(exc) from exc
google.api_core.exceptions.AlreadyExists: 409 Already exists: Failed to submit job: Job projects/serene-gradient-371719/regions/us-central1/jobs/PARTASK_dfa23fbf_avg_tincome
[2023-02-11 11:07:21,794] {taskinstance.py:1395} INFO - Marking task as FAILED. dag_id=6_dataproc_***, task_id=par_task.avg_tincome, execution_date=20230210T000000, start_date=20230211T170720, end_date=20230211T170721
[2023-02-11 11:07:21,804] {standard_task_runner.py:92} ERROR - Failed to execute job 65 for task par_task.avg_tincome (409 Already exists: Failed to submit job: Job projects/serene-gradient-371719/regions/us-central1/jobs/PARTASK_dfa23fbf_avg_tincome; 169819)
[2023-02-11 11:07:21,834] {local_task_job.py:156} INFO - Task exited with return code 1
