[2023-01-31 17:30:03,826] {taskinstance.py:1159} INFO - Dependencies all met for <TaskInstance: 3_hooks_xcoms.move_files manual__2023-01-31T23:27:04.884341+00:00 [queued]>
[2023-01-31 17:30:03,842] {taskinstance.py:1159} INFO - Dependencies all met for <TaskInstance: 3_hooks_xcoms.move_files manual__2023-01-31T23:27:04.884341+00:00 [queued]>
[2023-01-31 17:30:03,843] {taskinstance.py:1356} INFO - 
--------------------------------------------------------------------------------
[2023-01-31 17:30:03,843] {taskinstance.py:1357} INFO - Starting attempt 1 of 1
[2023-01-31 17:30:03,844] {taskinstance.py:1358} INFO - 
--------------------------------------------------------------------------------
[2023-01-31 17:30:03,872] {taskinstance.py:1377} INFO - Executing <Task(PythonOperator): move_files> on 2023-01-31 23:27:04.884341+00:00
[2023-01-31 17:30:03,875] {standard_task_runner.py:52} INFO - Started process 14314 to run task
[2023-01-31 17:30:03,877] {standard_task_runner.py:79} INFO - Running: ['airflow', 'tasks', 'run', '3_hooks_xcoms', 'move_files', 'manual__2023-01-31T23:27:04.884341+00:00', '--job-id', '99', '--raw', '--subdir', 'DAGS_FOLDER/Airflow2.0-De-0-a-Heroe/3_hooks_xcoms.py', '--cfg-path', '/tmp/tmpyfp9shnl', '--error-file', '/tmp/tmp1bzwxi1j']
[2023-01-31 17:30:03,878] {standard_task_runner.py:80} INFO - Job 99: Subtask move_files
[2023-01-31 17:30:03,959] {task_command.py:369} INFO - Running <TaskInstance: 3_hooks_xcoms.move_files manual__2023-01-31T23:27:04.884341+00:00 [running]> on host Tinmar.
[2023-01-31 17:30:04,080] {taskinstance.py:1569} INFO - Exporting the following env vars:
AIRFLOW_CTX_DAG_OWNER=David S
AIRFLOW_CTX_DAG_ID=3_hooks_xcoms
AIRFLOW_CTX_TASK_ID=move_files
AIRFLOW_CTX_EXECUTION_DATE=2023-01-31T23:27:04.884341+00:00
AIRFLOW_CTX_TRY_NUMBER=1
AIRFLOW_CTX_DAG_RUN_ID=manual__2023-01-31T23:27:04.884341+00:00
[2023-01-31 17:30:04,105] {base.py:68} INFO - Using connection ID 'google_cloud_default' for task execution.
[2023-01-31 17:30:05,024] {gcs.py:202} INFO - Object retail_2020.csv in bucket airflow23_bucket copied to object 2023-01-31/retail_2020.csv in bucket airflow23_final_bucket
[2023-01-31 17:30:05,035] {base.py:68} INFO - Using connection ID 'google_cloud_default' for task execution.
[2023-01-31 17:30:05,648] {gcs.py:664} INFO - Blob retail_2020.csv deleted.
[2023-01-31 17:30:05,664] {base.py:68} INFO - Using connection ID 'google_cloud_default' for task execution.
[2023-01-31 17:30:06,237] {gcs.py:202} INFO - Object retail_2021.csv in bucket airflow23_bucket copied to object 2023-01-31/retail_2021.csv in bucket airflow23_final_bucket
[2023-01-31 17:30:06,250] {base.py:68} INFO - Using connection ID 'google_cloud_default' for task execution.
[2023-01-31 17:30:06,725] {gcs.py:664} INFO - Blob retail_2021.csv deleted.
[2023-01-31 17:30:06,726] {python.py:173} INFO - Done. Returned value was: None
[2023-01-31 17:30:06,749] {taskinstance.py:1395} INFO - Marking task as SUCCESS. dag_id=3_hooks_xcoms, task_id=move_files, execution_date=20230131T232704, start_date=20230131T233003, end_date=20230131T233006
[2023-01-31 17:30:06,785] {local_task_job.py:156} INFO - Task exited with return code 0
[2023-01-31 17:30:06,833] {local_task_job.py:273} INFO - 1 downstream tasks scheduled from follow-on schedule check
