[2023-02-21T11:53:49.901-0600] {taskinstance.py:1165} INFO - Dependencies all met for <TaskInstance: 3_retries.task_a manual__2023-02-21T17:53:49.337492+00:00 [queued]>
[2023-02-21T11:53:49.909-0600] {taskinstance.py:1165} INFO - Dependencies all met for <TaskInstance: 3_retries.task_a manual__2023-02-21T17:53:49.337492+00:00 [queued]>
[2023-02-21T11:53:49.909-0600] {taskinstance.py:1362} INFO - 
--------------------------------------------------------------------------------
[2023-02-21T11:53:49.910-0600] {taskinstance.py:1363} INFO - Starting attempt 1 of 1
[2023-02-21T11:53:49.911-0600] {taskinstance.py:1364} INFO - 
--------------------------------------------------------------------------------
[2023-02-21T11:53:49.917-0600] {taskinstance.py:1383} INFO - Executing <Task(BashOperator): task_a> on 2023-02-21 17:53:49.337492+00:00
[2023-02-21T11:53:49.920-0600] {standard_task_runner.py:54} INFO - Started process 525736 to run task
[2023-02-21T11:53:49.922-0600] {standard_task_runner.py:82} INFO - Running: ['***', 'tasks', 'run', '3_retries', 'task_a', 'manual__2023-02-21T17:53:49.337492+00:00', '--job-id', '659', '--raw', '--subdir', 'DAGS_FOLDER/Apache_Airflow-The_Operators_Guide/3_retries.py', '--cfg-path', '/tmp/tmp0k37pxk2']
[2023-02-21T11:53:49.924-0600] {standard_task_runner.py:83} INFO - Job 659: Subtask task_a
[2023-02-21T11:53:49.925-0600] {dagbag.py:525} INFO - Filling up the DagBag from /c/Airflow/dags/Apache_Airflow-The_Operators_Guide/3_retries.py
[2023-02-21T11:53:50.003-0600] {task_command.py:384} INFO - Running <TaskInstance: 3_retries.task_a manual__2023-02-21T17:53:49.337492+00:00 [running]> on host Tinmar.
[2023-02-21T11:53:50.054-0600] {taskinstance.py:1590} INFO - Exporting the following env vars:
AIRFLOW_CTX_DAG_OWNER=Tinmar
AIRFLOW_CTX_DAG_ID=3_retries
AIRFLOW_CTX_TASK_ID=task_a
AIRFLOW_CTX_EXECUTION_DATE=2023-02-21T17:53:49.337492+00:00
AIRFLOW_CTX_TRY_NUMBER=1
AIRFLOW_CTX_DAG_RUN_ID=manual__2023-02-21T17:53:49.337492+00:00
[2023-02-21T11:53:50.055-0600] {subprocess.py:63} INFO - Tmp dir root location: 
 /tmp
[2023-02-21T11:53:50.057-0600] {subprocess.py:75} INFO - Running command: ['/usr/bin/bash', '-c', "echo 'task_a'"]
[2023-02-21T11:53:50.062-0600] {subprocess.py:86} INFO - Output:
[2023-02-21T11:53:50.062-0600] {subprocess.py:93} INFO - task_a
[2023-02-21T11:53:50.063-0600] {subprocess.py:97} INFO - Command exited with return code 0
[2023-02-21T11:53:50.083-0600] {taskinstance.py:1401} INFO - Marking task as SUCCESS. dag_id=3_retries, task_id=task_a, execution_date=20230221T175349, start_date=20230221T175349, end_date=20230221T175350
[2023-02-21T11:53:50.094-0600] {local_task_job.py:164} INFO - Task exited with return code 0
[2023-02-21T11:53:50.112-0600] {local_task_job.py:273} INFO - 1 downstream tasks scheduled from follow-on schedule check
