[2023-02-16T16:11:51.651-0600] {taskinstance.py:1165} INFO - Dependencies all met for <TaskInstance: 3_parallel_dag.extract_a manual__2023-02-16T22:11:50.773088+00:00 [queued]>
[2023-02-16T16:11:51.658-0600] {taskinstance.py:1165} INFO - Dependencies all met for <TaskInstance: 3_parallel_dag.extract_a manual__2023-02-16T22:11:50.773088+00:00 [queued]>
[2023-02-16T16:11:51.659-0600] {taskinstance.py:1362} INFO - 
--------------------------------------------------------------------------------
[2023-02-16T16:11:51.660-0600] {taskinstance.py:1363} INFO - Starting attempt 1 of 1
[2023-02-16T16:11:51.660-0600] {taskinstance.py:1364} INFO - 
--------------------------------------------------------------------------------
[2023-02-16T16:11:51.669-0600] {taskinstance.py:1383} INFO - Executing <Task(BashOperator): extract_a> on 2023-02-16 22:11:50.773088+00:00
[2023-02-16T16:11:51.671-0600] {standard_task_runner.py:54} INFO - Started process 144291 to run task
[2023-02-16T16:11:51.674-0600] {standard_task_runner.py:82} INFO - Running: ['***', 'tasks', 'run', '3_parallel_dag', 'extract_a', 'manual__2023-02-16T22:11:50.773088+00:00', '--job-id', '292', '--raw', '--subdir', 'DAGS_FOLDER/Introduction_to_Apache_Airflow/3_parallel_dag.py', '--cfg-path', '/tmp/tmp8fijv4hs']
[2023-02-16T16:11:51.675-0600] {standard_task_runner.py:83} INFO - Job 292: Subtask extract_a
[2023-02-16T16:11:51.676-0600] {dagbag.py:525} INFO - Filling up the DagBag from /c/Airflow/dags/Introduction_to_Apache_Airflow/3_parallel_dag.py
[2023-02-16T16:11:51.773-0600] {task_command.py:384} INFO - Running <TaskInstance: 3_parallel_dag.extract_a manual__2023-02-16T22:11:50.773088+00:00 [running]> on host Tinmar.
[2023-02-16T16:11:51.833-0600] {taskinstance.py:1590} INFO - Exporting the following env vars:
AIRFLOW_CTX_DAG_OWNER=***
AIRFLOW_CTX_DAG_ID=3_parallel_dag
AIRFLOW_CTX_TASK_ID=extract_a
AIRFLOW_CTX_EXECUTION_DATE=2023-02-16T22:11:50.773088+00:00
AIRFLOW_CTX_TRY_NUMBER=1
AIRFLOW_CTX_DAG_RUN_ID=manual__2023-02-16T22:11:50.773088+00:00
[2023-02-16T16:11:51.834-0600] {subprocess.py:63} INFO - Tmp dir root location: 
 /tmp
[2023-02-16T16:11:51.835-0600] {subprocess.py:75} INFO - Running command: ['/usr/bin/bash', '-c', 'sleep 10']
[2023-02-16T16:11:51.842-0600] {subprocess.py:86} INFO - Output:
[2023-02-16T16:12:01.845-0600] {subprocess.py:97} INFO - Command exited with return code 0
[2023-02-16T16:12:01.871-0600] {taskinstance.py:1401} INFO - Marking task as SUCCESS. dag_id=3_parallel_dag, task_id=extract_a, execution_date=20230216T221150, start_date=20230216T221151, end_date=20230216T221201
[2023-02-16T16:12:01.895-0600] {local_task_job.py:164} INFO - Task exited with return code 0
[2023-02-16T16:12:01.914-0600] {local_task_job.py:273} INFO - 1 downstream tasks scheduled from follow-on schedule check
