[2023-02-21T08:48:36.491-0600] {taskinstance.py:1165} INFO - Dependencies all met for <TaskInstance: 3_parallel_dag.load_a scheduled__2023-02-20T00:00:00+00:00 [queued]>
[2023-02-21T08:48:36.511-0600] {taskinstance.py:1165} INFO - Dependencies all met for <TaskInstance: 3_parallel_dag.load_a scheduled__2023-02-20T00:00:00+00:00 [queued]>
[2023-02-21T08:48:36.513-0600] {taskinstance.py:1362} INFO - 
--------------------------------------------------------------------------------
[2023-02-21T08:48:36.514-0600] {taskinstance.py:1363} INFO - Starting attempt 1 of 1
[2023-02-21T08:48:36.515-0600] {taskinstance.py:1364} INFO - 
--------------------------------------------------------------------------------
[2023-02-21T08:48:36.556-0600] {taskinstance.py:1383} INFO - Executing <Task(BashOperator): load_a> on 2023-02-20 00:00:00+00:00
[2023-02-21T08:48:36.563-0600] {standard_task_runner.py:54} INFO - Started process 428528 to run task
[2023-02-21T08:48:36.568-0600] {standard_task_runner.py:82} INFO - Running: ['***', 'tasks', 'run', '3_parallel_dag', 'load_a', 'scheduled__2023-02-20T00:00:00+00:00', '--job-id', '622', '--raw', '--subdir', 'DAGS_FOLDER/Introduction_to_Apache_Airflow/3_parallel_dag.py', '--cfg-path', '/tmp/tmpp9k4qb9a']
[2023-02-21T08:48:36.573-0600] {standard_task_runner.py:83} INFO - Job 622: Subtask load_a
[2023-02-21T08:48:36.575-0600] {dagbag.py:525} INFO - Filling up the DagBag from /c/Airflow/dags/Introduction_to_Apache_Airflow/3_parallel_dag.py
[2023-02-21T08:48:36.789-0600] {task_command.py:384} INFO - Running <TaskInstance: 3_parallel_dag.load_a scheduled__2023-02-20T00:00:00+00:00 [running]> on host Tinmar.
[2023-02-21T08:48:36.890-0600] {taskinstance.py:1590} INFO - Exporting the following env vars:
AIRFLOW_CTX_DAG_OWNER=***
AIRFLOW_CTX_DAG_ID=3_parallel_dag
AIRFLOW_CTX_TASK_ID=load_a
AIRFLOW_CTX_EXECUTION_DATE=2023-02-20T00:00:00+00:00
AIRFLOW_CTX_TRY_NUMBER=1
AIRFLOW_CTX_DAG_RUN_ID=scheduled__2023-02-20T00:00:00+00:00
[2023-02-21T08:48:36.893-0600] {subprocess.py:63} INFO - Tmp dir root location: 
 /tmp
[2023-02-21T08:48:36.895-0600] {subprocess.py:75} INFO - Running command: ['/usr/bin/bash', '-c', 'sleep 10']
[2023-02-21T08:48:36.903-0600] {subprocess.py:86} INFO - Output:
[2023-02-21T08:48:46.905-0600] {subprocess.py:97} INFO - Command exited with return code 0
[2023-02-21T08:48:46.946-0600] {taskinstance.py:1401} INFO - Marking task as SUCCESS. dag_id=3_parallel_dag, task_id=load_a, execution_date=20230220T000000, start_date=20230221T144836, end_date=20230221T144846
[2023-02-21T08:48:46.995-0600] {local_task_job.py:164} INFO - Task exited with return code 0
[2023-02-21T08:48:47.021-0600] {local_task_job.py:273} INFO - 1 downstream tasks scheduled from follow-on schedule check
