[2023-01-31 10:29:03,571] {taskinstance.py:1159} INFO - Dependencies all met for <TaskInstance: 2_simple_storage_bigquery.cargar_datos manual__2023-01-31T16:29:01.952738+00:00 [queued]>
[2023-01-31 10:29:03,581] {taskinstance.py:1159} INFO - Dependencies all met for <TaskInstance: 2_simple_storage_bigquery.cargar_datos manual__2023-01-31T16:29:01.952738+00:00 [queued]>
[2023-01-31 10:29:03,581] {taskinstance.py:1356} INFO - 
--------------------------------------------------------------------------------
[2023-01-31 10:29:03,581] {taskinstance.py:1357} INFO - Starting attempt 1 of 1
[2023-01-31 10:29:03,582] {taskinstance.py:1358} INFO - 
--------------------------------------------------------------------------------
[2023-01-31 10:29:03,605] {taskinstance.py:1377} INFO - Executing <Task(GCSToBigQueryOperator): cargar_datos> on 2023-01-31 16:29:01.952738+00:00
[2023-01-31 10:29:03,609] {standard_task_runner.py:52} INFO - Started process 782 to run task
[2023-01-31 10:29:03,611] {standard_task_runner.py:79} INFO - Running: ['airflow', 'tasks', 'run', '2_simple_storage_bigquery', 'cargar_datos', 'manual__2023-01-31T16:29:01.952738+00:00', '--job-id', '24', '--raw', '--subdir', 'DAGS_FOLDER/2_simple_storage_bigquery.py', '--cfg-path', '/tmp/tmpjgzev3fc', '--error-file', '/tmp/tmpzlurdc15']
[2023-01-31 10:29:03,614] {standard_task_runner.py:80} INFO - Job 24: Subtask cargar_datos
[2023-01-31 10:29:03,677] {task_command.py:369} INFO - Running <TaskInstance: 2_simple_storage_bigquery.cargar_datos manual__2023-01-31T16:29:01.952738+00:00 [running]> on host Tinmar.
[2023-01-31 10:29:03,766] {taskinstance.py:1569} INFO - Exporting the following env vars:
AIRFLOW_CTX_DAG_OWNER=Rodrigo N
AIRFLOW_CTX_DAG_ID=2_simple_storage_bigquery
AIRFLOW_CTX_TASK_ID=cargar_datos
AIRFLOW_CTX_EXECUTION_DATE=2023-01-31T16:29:01.952738+00:00
AIRFLOW_CTX_TRY_NUMBER=1
AIRFLOW_CTX_DAG_RUN_ID=manual__2023-01-31T16:29:01.952738+00:00
[2023-01-31 10:29:03,776] {base.py:68} INFO - Using connection ID 'google_cloud_default' for task execution.
[2023-01-31 10:29:03,778] {gcs_to_bigquery.py:377} INFO - Using existing BigQuery table for storing data...
[2023-01-31 10:29:03,814] {gcs_to_bigquery.py:381} INFO - Executing: {'load': {'autodetect': True, 'createDisposition': 'CREATE_IF_NEEDED', 'destinationTable': {'projectId': 'serene-gradient-371719', 'datasetId': 'airflow_trabajo', 'tableId': 'retail_years'}, 'sourceFormat': 'CSV', 'sourceUris': ['gs://airflow23_bucket/*'], 'writeDisposition': 'WRITE_APPEND', 'ignoreUnknownValues': False, 'skipLeadingRows': 1, 'fieldDelimiter': ';', 'quote': None, 'allowQuotedNewlines': False, 'encoding': 'UTF-8'}}
[2023-01-31 10:29:03,815] {bigquery.py:1542} INFO - Inserting job airflow_2_simple_storage_bigquery_cargar_datos_2023_01_31T16_29_01_952738_00_00_4b2b2c51242c45fab53dd82bd2c8ea93
[2023-01-31 10:29:08,976] {taskinstance.py:1395} INFO - Marking task as SUCCESS. dag_id=2_simple_storage_bigquery, task_id=cargar_datos, execution_date=20230131T162901, start_date=20230131T162903, end_date=20230131T162908
[2023-01-31 10:29:09,034] {local_task_job.py:156} INFO - Task exited with return code 0
[2023-01-31 10:29:09,075] {local_task_job.py:273} INFO - 1 downstream tasks scheduled from follow-on schedule check
