[2023-02-18T18:29:00.505-0600] {taskinstance.py:1165} INFO - Dependencies all met for <TaskInstance: 1.6.2_user_processing.insert_data scheduled__2023-02-18T00:00:00+00:00 [queued]>
[2023-02-18T18:29:00.526-0600] {taskinstance.py:1165} INFO - Dependencies all met for <TaskInstance: 1.6.2_user_processing.insert_data scheduled__2023-02-18T00:00:00+00:00 [queued]>
[2023-02-18T18:29:00.527-0600] {taskinstance.py:1362} INFO - 
--------------------------------------------------------------------------------
[2023-02-18T18:29:00.530-0600] {taskinstance.py:1363} INFO - Starting attempt 1 of 1
[2023-02-18T18:29:00.533-0600] {taskinstance.py:1364} INFO - 
--------------------------------------------------------------------------------
[2023-02-18T18:29:00.558-0600] {taskinstance.py:1383} INFO - Executing <Task(PostgresOperator): insert_data> on 2023-02-18 00:00:00+00:00
[2023-02-18T18:29:00.567-0600] {standard_task_runner.py:54} INFO - Started process 195359 to run task
[2023-02-18T18:29:00.572-0600] {standard_task_runner.py:82} INFO - Running: ['***', 'tasks', 'run', '1.6.2_user_processing', 'insert_data', 'scheduled__2023-02-18T00:00:00+00:00', '--job-id', '493', '--raw', '--subdir', 'DAGS_FOLDER/Introduction_to_Apache_Airflow/1.6.2_user_processing.py', '--cfg-path', '/tmp/tmpgxmhkc_c']
[2023-02-18T18:29:00.584-0600] {standard_task_runner.py:83} INFO - Job 493: Subtask insert_data
[2023-02-18T18:29:00.588-0600] {dagbag.py:525} INFO - Filling up the DagBag from /c/Airflow/dags/Introduction_to_Apache_Airflow/1.6.2_user_processing.py
[2023-02-18T18:29:02.298-0600] {task_command.py:384} INFO - Running <TaskInstance: 1.6.2_user_processing.insert_data scheduled__2023-02-18T00:00:00+00:00 [running]> on host Tinmar.
[2023-02-18T18:29:02.416-0600] {taskinstance.py:1590} INFO - Exporting the following env vars:
AIRFLOW_CTX_DAG_OWNER=Tinmar
AIRFLOW_CTX_DAG_ID=1.6.2_user_processing
AIRFLOW_CTX_TASK_ID=insert_data
AIRFLOW_CTX_EXECUTION_DATE=2023-02-18T00:00:00+00:00
AIRFLOW_CTX_TRY_NUMBER=1
AIRFLOW_CTX_DAG_RUN_ID=scheduled__2023-02-18T00:00:00+00:00
[2023-02-18T18:29:02.417-0600] {sql.py:254} INFO - Executing: 
                                        INSERT INTO users VALUES ('Tinmar', 'Andrade','México','tinmar','GuruSat.3','tinmar96@gmail.com')
                                    
[2023-02-18T18:29:02.439-0600] {base.py:71} INFO - Using connection ID 'postgres_default' for task execution.
[2023-02-18T18:29:03.201-0600] {base.py:71} INFO - Using connection ID 'postgres_default' for task execution.
[2023-02-18T18:29:03.214-0600] {sql.py:375} INFO - Running statement: 
                                        INSERT INTO users VALUES ('Tinmar', 'Andrade','México','tinmar','GuruSat.3','tinmar96@gmail.com')
                                    , parameters: None
[2023-02-18T18:29:03.216-0600] {sql.py:384} INFO - Rows affected: 1
[2023-02-18T18:29:03.891-0600] {taskinstance.py:1401} INFO - Marking task as SUCCESS. dag_id=1.6.2_user_processing, task_id=insert_data, execution_date=20230218T000000, start_date=20230219T002900, end_date=20230219T002903
[2023-02-18T18:29:03.932-0600] {local_task_job.py:164} INFO - Task exited with return code 0
[2023-02-18T18:29:04.011-0600] {local_task_job.py:273} INFO - 0 downstream tasks scheduled from follow-on schedule check
