[2023-02-02 10:51:47,619] {taskinstance.py:1159} INFO - Dependencies all met for <TaskInstance: 6_dataproc_airflow.iden_number manual__2023-02-02T16:49:22.030413+00:00 [queued]>
[2023-02-02 10:51:47,632] {taskinstance.py:1159} INFO - Dependencies all met for <TaskInstance: 6_dataproc_airflow.iden_number manual__2023-02-02T16:49:22.030413+00:00 [queued]>
[2023-02-02 10:51:47,632] {taskinstance.py:1356} INFO - 
--------------------------------------------------------------------------------
[2023-02-02 10:51:47,633] {taskinstance.py:1357} INFO - Starting attempt 1 of 1
[2023-02-02 10:51:47,634] {taskinstance.py:1358} INFO - 
--------------------------------------------------------------------------------
[2023-02-02 10:51:47,665] {taskinstance.py:1377} INFO - Executing <Task(BranchPythonOperator): iden_number> on 2023-02-02 16:49:22.030413+00:00
[2023-02-02 10:51:47,667] {standard_task_runner.py:52} INFO - Started process 18956 to run task
[2023-02-02 10:51:47,670] {standard_task_runner.py:79} INFO - Running: ['airflow', 'tasks', 'run', '6_dataproc_airflow', 'iden_number', 'manual__2023-02-02T16:49:22.030413+00:00', '--job-id', '183', '--raw', '--subdir', 'DAGS_FOLDER/Airflow2_0_De_0_a_Heroe/6_dataproc_airflow.py', '--cfg-path', '/tmp/tmpkpe7t2qb', '--error-file', '/tmp/tmpbnrrs9s4']
[2023-02-02 10:51:47,671] {standard_task_runner.py:80} INFO - Job 183: Subtask iden_number
[2023-02-02 10:51:47,743] {task_command.py:369} INFO - Running <TaskInstance: 6_dataproc_airflow.iden_number manual__2023-02-02T16:49:22.030413+00:00 [running]> on host Tinmar.
[2023-02-02 10:51:47,881] {taskinstance.py:1569} INFO - Exporting the following env vars:
AIRFLOW_CTX_DAG_OWNER=David S
AIRFLOW_CTX_DAG_ID=6_dataproc_airflow
AIRFLOW_CTX_TASK_ID=iden_number
AIRFLOW_CTX_EXECUTION_DATE=2023-02-02T16:49:22.030413+00:00
AIRFLOW_CTX_TRY_NUMBER=1
AIRFLOW_CTX_DAG_RUN_ID=manual__2023-02-02T16:49:22.030413+00:00
[2023-02-02 10:51:47,882] {python.py:173} INFO - Done. Returned value was: ['par_task.avg_quant', 'par_task.avg_tincome', 'par_task.avg_uprice']
[2023-02-02 10:51:47,883] {skipmixin.py:140} INFO - Following branch ['par_task.avg_quant', 'par_task.avg_tincome', 'par_task.avg_uprice']
[2023-02-02 10:51:47,884] {skipmixin.py:175} INFO - Skipping tasks ['impar_task']
[2023-02-02 10:51:47,993] {taskinstance.py:1395} INFO - Marking task as SUCCESS. dag_id=6_dataproc_airflow, task_id=iden_number, execution_date=20230202T164922, start_date=20230202T165147, end_date=20230202T165147
[2023-02-02 10:51:48,044] {local_task_job.py:156} INFO - Task exited with return code 0
