[2023-02-21T08:48:31.913-0600] {taskinstance.py:1165} INFO - Dependencies all met for <TaskInstance: 7_branch_dag.branch scheduled__2023-02-20T00:00:00+00:00 [queued]>
[2023-02-21T08:48:31.933-0600] {taskinstance.py:1165} INFO - Dependencies all met for <TaskInstance: 7_branch_dag.branch scheduled__2023-02-20T00:00:00+00:00 [queued]>
[2023-02-21T08:48:31.934-0600] {taskinstance.py:1362} INFO - 
--------------------------------------------------------------------------------
[2023-02-21T08:48:31.935-0600] {taskinstance.py:1363} INFO - Starting attempt 1 of 1
[2023-02-21T08:48:31.937-0600] {taskinstance.py:1364} INFO - 
--------------------------------------------------------------------------------
[2023-02-21T08:48:31.955-0600] {taskinstance.py:1383} INFO - Executing <Task(BranchPythonOperator): branch> on 2023-02-20 00:00:00+00:00
[2023-02-21T08:48:31.959-0600] {standard_task_runner.py:54} INFO - Started process 428098 to run task
[2023-02-21T08:48:31.963-0600] {standard_task_runner.py:82} INFO - Running: ['***', 'tasks', 'run', '7_branch_dag', 'branch', 'scheduled__2023-02-20T00:00:00+00:00', '--job-id', '611', '--raw', '--subdir', 'DAGS_FOLDER/Introduction_to_Apache_Airflow/7_branch_dag.py', '--cfg-path', '/tmp/tmpprb1gl_i']
[2023-02-21T08:48:31.967-0600] {standard_task_runner.py:83} INFO - Job 611: Subtask branch
[2023-02-21T08:48:31.968-0600] {dagbag.py:525} INFO - Filling up the DagBag from /c/Airflow/dags/Introduction_to_Apache_Airflow/7_branch_dag.py
[2023-02-21T08:48:32.171-0600] {task_command.py:384} INFO - Running <TaskInstance: 7_branch_dag.branch scheduled__2023-02-20T00:00:00+00:00 [running]> on host Tinmar.
[2023-02-21T08:48:32.273-0600] {taskinstance.py:1590} INFO - Exporting the following env vars:
AIRFLOW_CTX_DAG_OWNER=***
AIRFLOW_CTX_DAG_ID=7_branch_dag
AIRFLOW_CTX_TASK_ID=branch
AIRFLOW_CTX_EXECUTION_DATE=2023-02-20T00:00:00+00:00
AIRFLOW_CTX_TRY_NUMBER=1
AIRFLOW_CTX_DAG_RUN_ID=scheduled__2023-02-20T00:00:00+00:00
[2023-02-21T08:48:32.296-0600] {python.py:177} INFO - Done. Returned value was: t2
[2023-02-21T08:48:32.297-0600] {skipmixin.py:155} INFO - Following branch t2
[2023-02-21T08:48:32.298-0600] {skipmixin.py:190} INFO - Skipping tasks ['t3']
[2023-02-21T08:48:32.372-0600] {taskinstance.py:1401} INFO - Marking task as SUCCESS. dag_id=7_branch_dag, task_id=branch, execution_date=20230220T000000, start_date=20230221T144831, end_date=20230221T144832
[2023-02-21T08:48:32.417-0600] {local_task_job.py:164} INFO - Task exited with return code 0
[2023-02-21T08:48:32.452-0600] {local_task_job.py:273} INFO - 1 downstream tasks scheduled from follow-on schedule check
