[2023-02-02 11:16:30,384] {taskinstance.py:1159} INFO - Dependencies all met for <TaskInstance: 7_dataproc_subdags.par_task scheduled__2023-02-01T00:00:00+00:00 [queued]>
[2023-02-02 11:16:30,402] {taskinstance.py:1159} INFO - Dependencies all met for <TaskInstance: 7_dataproc_subdags.par_task scheduled__2023-02-01T00:00:00+00:00 [queued]>
[2023-02-02 11:16:30,403] {taskinstance.py:1356} INFO - 
--------------------------------------------------------------------------------
[2023-02-02 11:16:30,403] {taskinstance.py:1357} INFO - Starting attempt 1 of 1
[2023-02-02 11:16:30,408] {taskinstance.py:1358} INFO - 
--------------------------------------------------------------------------------
[2023-02-02 11:16:30,448] {taskinstance.py:1377} INFO - Executing <Task(SubDagOperator): par_task> on 2023-02-01 00:00:00+00:00
[2023-02-02 11:16:30,450] {standard_task_runner.py:52} INFO - Started process 20122 to run task
[2023-02-02 11:16:30,452] {standard_task_runner.py:79} INFO - Running: ['airflow', 'tasks', 'run', '7_dataproc_subdags', 'par_task', 'scheduled__2023-02-01T00:00:00+00:00', '--job-id', '190', '--raw', '--subdir', 'DAGS_FOLDER/Airflow2_0_De_0_a_Heroe/7_dataproc_subdags.py', '--cfg-path', '/tmp/tmpfuq4e45_', '--error-file', '/tmp/tmpfmq1b3gb']
[2023-02-02 11:16:30,453] {standard_task_runner.py:80} INFO - Job 190: Subtask par_task
[2023-02-02 11:16:30,511] {task_command.py:369} INFO - Running <TaskInstance: 7_dataproc_subdags.par_task scheduled__2023-02-01T00:00:00+00:00 [running]> on host Tinmar.
[2023-02-02 11:16:30,608] {taskinstance.py:1569} INFO - Exporting the following env vars:
AIRFLOW_CTX_DAG_OWNER=David Sanchez
AIRFLOW_CTX_DAG_ID=7_dataproc_subdags
AIRFLOW_CTX_TASK_ID=par_task
AIRFLOW_CTX_EXECUTION_DATE=2023-02-01T00:00:00+00:00
AIRFLOW_CTX_TRY_NUMBER=1
AIRFLOW_CTX_DAG_RUN_ID=scheduled__2023-02-01T00:00:00+00:00
[2023-02-02 11:16:30,610] {logging_mixin.py:115} WARNING - /home/tinmar/.local/lib/python3.10/site-packages/airflow/utils/context.py:202 AirflowContextDeprecationWarning: Accessing 'execution_date' from the template is deprecated and will be removed in a future version. Please use 'data_interval_start' or 'logical_date' instead.
[2023-02-02 11:16:30,657] {subdag.py:176} INFO - Created DagRun: scheduled__2023-02-01T00:00:00+00:00
[2023-02-02 11:21:41,972] {base.py:301} INFO - Success criteria met. Exiting.
[2023-02-02 11:21:41,984] {subdag.py:191} INFO - Execution finished. State is queued
