[2023-02-18T02:59:30.023-0600] {taskinstance.py:1165} INFO - Dependencies all met for <TaskInstance: 1.6.2_user_processing.extract_data scheduled__2023-02-17T00:00:00+00:00 [queued]>
[2023-02-18T02:59:30.043-0600] {taskinstance.py:1165} INFO - Dependencies all met for <TaskInstance: 1.6.2_user_processing.extract_data scheduled__2023-02-17T00:00:00+00:00 [queued]>
[2023-02-18T02:59:30.045-0600] {taskinstance.py:1362} INFO - 
--------------------------------------------------------------------------------
[2023-02-18T02:59:30.047-0600] {taskinstance.py:1363} INFO - Starting attempt 1 of 1
[2023-02-18T02:59:30.048-0600] {taskinstance.py:1364} INFO - 
--------------------------------------------------------------------------------
[2023-02-18T02:59:30.067-0600] {taskinstance.py:1383} INFO - Executing <Task(SimpleHttpOperator): extract_data> on 2023-02-17 00:00:00+00:00
[2023-02-18T02:59:30.073-0600] {standard_task_runner.py:54} INFO - Started process 191386 to run task
[2023-02-18T02:59:30.076-0600] {standard_task_runner.py:82} INFO - Running: ['***', 'tasks', 'run', '1.6.2_user_processing', 'extract_data', 'scheduled__2023-02-17T00:00:00+00:00', '--job-id', '443', '--raw', '--subdir', 'DAGS_FOLDER/Introduction_to_Apache_Airflow/1.6.2_user_processing.py', '--cfg-path', '/tmp/tmpyan6qgpn']
[2023-02-18T02:59:30.080-0600] {standard_task_runner.py:83} INFO - Job 443: Subtask extract_data
[2023-02-18T02:59:30.082-0600] {dagbag.py:525} INFO - Filling up the DagBag from /c/Airflow/dags/Introduction_to_Apache_Airflow/1.6.2_user_processing.py
[2023-02-18T02:59:32.211-0600] {task_command.py:384} INFO - Running <TaskInstance: 1.6.2_user_processing.extract_data scheduled__2023-02-17T00:00:00+00:00 [running]> on host Tinmar.
[2023-02-18T02:59:32.467-0600] {taskinstance.py:1590} INFO - Exporting the following env vars:
AIRFLOW_CTX_DAG_OWNER=Tinmar
AIRFLOW_CTX_DAG_ID=1.6.2_user_processing
AIRFLOW_CTX_TASK_ID=extract_data
AIRFLOW_CTX_EXECUTION_DATE=2023-02-17T00:00:00+00:00
AIRFLOW_CTX_TRY_NUMBER=1
AIRFLOW_CTX_DAG_RUN_ID=scheduled__2023-02-17T00:00:00+00:00
[2023-02-18T02:59:32.471-0600] {http.py:123} INFO - Calling HTTP method
[2023-02-18T02:59:32.495-0600] {base.py:71} INFO - Using connection ID 'user_api' for task execution.
[2023-02-18T02:59:33.463-0600] {http.py:127} INFO - {"results":[{"gender":"female","name":{"title":"Ms","first":"Kathy","last":"Hughes"},"location":{"street":{"number":5762,"name":"Mill Road"},"city":"Wolverhampton","state":"County Fermanagh","country":"United Kingdom","postcode":"PL5M 9ER","coordinates":{"latitude":"-11.6973","longitude":"117.9862"},"timezone":{"offset":"+4:30","description":"Kabul"}},"email":"kathy.hughes@example.com","login":{"uuid":"87ca97f3-5b3f-46d0-9895-c592d197f7dc","username":"greenpeacock396","password":"maximum","salt":"Tn8A2beH","md5":"44e74bf035ee3537c35d76bca36d74b1","sha1":"703295b3142336c86894f4b630cfb1a158bd519a","sha256":"fa00b342be9e71b39d0d30f87cc7d829336624e6ca9d44fdb22f05fd2a76b4c2"},"dob":{"date":"1978-06-12T22:10:13.256Z","age":44},"registered":{"date":"2005-11-16T05:02:01.450Z","age":17},"phone":"016973 96315","cell":"07225 976341","id":{"name":"NINO","value":"XZ 86 60 96 I"},"picture":{"large":"https://randomuser.me/api/portraits/women/79.jpg","medium":"https://randomuser.me/api/portraits/med/women/79.jpg","thumbnail":"https://randomuser.me/api/portraits/thumb/women/79.jpg"},"nat":"GB"}],"info":{"seed":"276ce619ef6b11e7","results":1,"page":1,"version":"1.4"}}
[2023-02-18T02:59:33.494-0600] {taskinstance.py:1401} INFO - Marking task as SUCCESS. dag_id=1.6.2_user_processing, task_id=extract_data, execution_date=20230217T000000, start_date=20230218T085930, end_date=20230218T085933
[2023-02-18T02:59:33.539-0600] {local_task_job.py:164} INFO - Task exited with return code 0
[2023-02-18T02:59:33.573-0600] {local_task_job.py:273} INFO - 1 downstream tasks scheduled from follow-on schedule check
