[2023-02-18T03:00:05.059-0600] {processor.py:156} INFO - Started process (PID=192926) to work on /c/Airflow/dags/Airflow2_0_De_0_a_Heroe/0_airflow_variables.py
[2023-02-18T03:00:05.060-0600] {processor.py:758} INFO - Processing file /c/Airflow/dags/Airflow2_0_De_0_a_Heroe/0_airflow_variables.py for tasks to queue
[2023-02-18T03:00:05.061-0600] {logging_mixin.py:117} INFO - [2023-02-18T03:00:05.061-0600] {dagbag.py:525} INFO - Filling up the DagBag from /c/Airflow/dags/Airflow2_0_De_0_a_Heroe/0_airflow_variables.py
[2023-02-18T03:00:05.118-0600] {processor.py:768} INFO - DAG(s) dict_keys(['0_airflow_variables']) retrieved from /c/Airflow/dags/Airflow2_0_De_0_a_Heroe/0_airflow_variables.py
[2023-02-18T03:00:05.150-0600] {logging_mixin.py:117} INFO - [2023-02-18T03:00:05.150-0600] {dag.py:2573} INFO - Sync 1 DAGs
[2023-02-18T03:00:05.165-0600] {logging_mixin.py:117} INFO - [2023-02-18T03:00:05.165-0600] {dag.py:3324} INFO - Setting next_dagrun for 0_airflow_variables to 2023-02-17T12:00:00+00:00, run_after=2023-02-18T12:00:00+00:00
[2023-02-18T03:00:05.279-0600] {processor.py:178} INFO - Processing /c/Airflow/dags/Airflow2_0_De_0_a_Heroe/0_airflow_variables.py took 0.222 seconds
[2023-02-18T03:00:37.848-0600] {processor.py:156} INFO - Started process (PID=193330) to work on /c/Airflow/dags/Airflow2_0_De_0_a_Heroe/0_airflow_variables.py
[2023-02-18T03:00:37.849-0600] {processor.py:758} INFO - Processing file /c/Airflow/dags/Airflow2_0_De_0_a_Heroe/0_airflow_variables.py for tasks to queue
[2023-02-18T03:00:37.850-0600] {logging_mixin.py:117} INFO - [2023-02-18T03:00:37.850-0600] {dagbag.py:525} INFO - Filling up the DagBag from /c/Airflow/dags/Airflow2_0_De_0_a_Heroe/0_airflow_variables.py
[2023-02-18T03:00:37.941-0600] {processor.py:768} INFO - DAG(s) dict_keys(['0_airflow_variables']) retrieved from /c/Airflow/dags/Airflow2_0_De_0_a_Heroe/0_airflow_variables.py
[2023-02-18T03:00:37.953-0600] {logging_mixin.py:117} INFO - [2023-02-18T03:00:37.953-0600] {dag.py:2573} INFO - Sync 1 DAGs
[2023-02-18T03:00:37.966-0600] {logging_mixin.py:117} INFO - [2023-02-18T03:00:37.965-0600] {dag.py:3324} INFO - Setting next_dagrun for 0_airflow_variables to 2023-02-17T12:00:00+00:00, run_after=2023-02-18T12:00:00+00:00
[2023-02-18T03:00:38.068-0600] {processor.py:178} INFO - Processing /c/Airflow/dags/Airflow2_0_De_0_a_Heroe/0_airflow_variables.py took 0.222 seconds
[2023-02-18T03:01:08.888-0600] {processor.py:156} INFO - Started process (PID=193684) to work on /c/Airflow/dags/Airflow2_0_De_0_a_Heroe/0_airflow_variables.py
[2023-02-18T03:01:08.890-0600] {processor.py:758} INFO - Processing file /c/Airflow/dags/Airflow2_0_De_0_a_Heroe/0_airflow_variables.py for tasks to queue
[2023-02-18T03:01:08.890-0600] {logging_mixin.py:117} INFO - [2023-02-18T03:01:08.890-0600] {dagbag.py:525} INFO - Filling up the DagBag from /c/Airflow/dags/Airflow2_0_De_0_a_Heroe/0_airflow_variables.py
[2023-02-18T03:01:08.939-0600] {processor.py:768} INFO - DAG(s) dict_keys(['0_airflow_variables']) retrieved from /c/Airflow/dags/Airflow2_0_De_0_a_Heroe/0_airflow_variables.py
[2023-02-18T03:01:08.951-0600] {logging_mixin.py:117} INFO - [2023-02-18T03:01:08.951-0600] {dag.py:2573} INFO - Sync 1 DAGs
[2023-02-18T03:01:08.966-0600] {logging_mixin.py:117} INFO - [2023-02-18T03:01:08.966-0600] {dag.py:3324} INFO - Setting next_dagrun for 0_airflow_variables to 2023-02-17T12:00:00+00:00, run_after=2023-02-18T12:00:00+00:00
[2023-02-18T03:01:09.068-0600] {processor.py:178} INFO - Processing /c/Airflow/dags/Airflow2_0_De_0_a_Heroe/0_airflow_variables.py took 0.182 seconds
[2023-02-18T03:01:39.680-0600] {processor.py:156} INFO - Started process (PID=194016) to work on /c/Airflow/dags/Airflow2_0_De_0_a_Heroe/0_airflow_variables.py
[2023-02-18T03:01:39.681-0600] {processor.py:758} INFO - Processing file /c/Airflow/dags/Airflow2_0_De_0_a_Heroe/0_airflow_variables.py for tasks to queue
[2023-02-18T03:01:39.682-0600] {logging_mixin.py:117} INFO - [2023-02-18T03:01:39.682-0600] {dagbag.py:525} INFO - Filling up the DagBag from /c/Airflow/dags/Airflow2_0_De_0_a_Heroe/0_airflow_variables.py
[2023-02-18T03:01:39.726-0600] {processor.py:768} INFO - DAG(s) dict_keys(['0_airflow_variables']) retrieved from /c/Airflow/dags/Airflow2_0_De_0_a_Heroe/0_airflow_variables.py
[2023-02-18T03:01:39.736-0600] {logging_mixin.py:117} INFO - [2023-02-18T03:01:39.736-0600] {dag.py:2573} INFO - Sync 1 DAGs
[2023-02-18T03:01:39.749-0600] {logging_mixin.py:117} INFO - [2023-02-18T03:01:39.749-0600] {dag.py:3324} INFO - Setting next_dagrun for 0_airflow_variables to 2023-02-17T12:00:00+00:00, run_after=2023-02-18T12:00:00+00:00
[2023-02-18T03:01:39.762-0600] {processor.py:178} INFO - Processing /c/Airflow/dags/Airflow2_0_De_0_a_Heroe/0_airflow_variables.py took 0.084 seconds
[2023-02-18T03:02:10.609-0600] {processor.py:156} INFO - Started process (PID=194566) to work on /c/Airflow/dags/Airflow2_0_De_0_a_Heroe/0_airflow_variables.py
[2023-02-18T03:02:10.611-0600] {processor.py:758} INFO - Processing file /c/Airflow/dags/Airflow2_0_De_0_a_Heroe/0_airflow_variables.py for tasks to queue
[2023-02-18T03:02:10.612-0600] {logging_mixin.py:117} INFO - [2023-02-18T03:02:10.612-0600] {dagbag.py:525} INFO - Filling up the DagBag from /c/Airflow/dags/Airflow2_0_De_0_a_Heroe/0_airflow_variables.py
[2023-02-18T03:02:10.717-0600] {processor.py:768} INFO - DAG(s) dict_keys(['0_airflow_variables']) retrieved from /c/Airflow/dags/Airflow2_0_De_0_a_Heroe/0_airflow_variables.py
[2023-02-18T03:02:10.747-0600] {logging_mixin.py:117} INFO - [2023-02-18T03:02:10.747-0600] {dag.py:2573} INFO - Sync 1 DAGs
[2023-02-18T03:02:10.764-0600] {logging_mixin.py:117} INFO - [2023-02-18T03:02:10.764-0600] {dag.py:3324} INFO - Setting next_dagrun for 0_airflow_variables to 2023-02-17T12:00:00+00:00, run_after=2023-02-18T12:00:00+00:00
[2023-02-18T03:02:10.796-0600] {processor.py:178} INFO - Processing /c/Airflow/dags/Airflow2_0_De_0_a_Heroe/0_airflow_variables.py took 0.191 seconds
