[2023-02-18T03:00:06.503-0600] {processor.py:156} INFO - Started process (PID=192970) to work on /c/Airflow/dags/Airflow2_0_De_0_a_Heroe/2.3_azure_storage_bigquery.py
[2023-02-18T03:00:06.504-0600] {processor.py:758} INFO - Processing file /c/Airflow/dags/Airflow2_0_De_0_a_Heroe/2.3_azure_storage_bigquery.py for tasks to queue
[2023-02-18T03:00:06.505-0600] {logging_mixin.py:117} INFO - [2023-02-18T03:00:06.505-0600] {dagbag.py:525} INFO - Filling up the DagBag from /c/Airflow/dags/Airflow2_0_De_0_a_Heroe/2.3_azure_storage_bigquery.py
[2023-02-18T03:00:07.130-0600] {processor.py:768} INFO - DAG(s) dict_keys(['2.3_azure_storage_bigquery']) retrieved from /c/Airflow/dags/Airflow2_0_De_0_a_Heroe/2.3_azure_storage_bigquery.py
[2023-02-18T03:00:07.166-0600] {logging_mixin.py:117} INFO - [2023-02-18T03:00:07.166-0600] {dag.py:2573} INFO - Sync 1 DAGs
[2023-02-18T03:00:07.179-0600] {logging_mixin.py:117} INFO - [2023-02-18T03:00:07.179-0600] {dag.py:3324} INFO - Setting next_dagrun for 2.3_azure_storage_bigquery to 2023-02-17T00:00:00+00:00, run_after=2023-02-18T00:00:00+00:00
[2023-02-18T03:00:07.194-0600] {processor.py:178} INFO - Processing /c/Airflow/dags/Airflow2_0_De_0_a_Heroe/2.3_azure_storage_bigquery.py took 0.694 seconds
[2023-02-18T03:00:39.626-0600] {processor.py:156} INFO - Started process (PID=193380) to work on /c/Airflow/dags/Airflow2_0_De_0_a_Heroe/2.3_azure_storage_bigquery.py
[2023-02-18T03:00:39.627-0600] {processor.py:758} INFO - Processing file /c/Airflow/dags/Airflow2_0_De_0_a_Heroe/2.3_azure_storage_bigquery.py for tasks to queue
[2023-02-18T03:00:39.628-0600] {logging_mixin.py:117} INFO - [2023-02-18T03:00:39.628-0600] {dagbag.py:525} INFO - Filling up the DagBag from /c/Airflow/dags/Airflow2_0_De_0_a_Heroe/2.3_azure_storage_bigquery.py
[2023-02-18T03:00:40.210-0600] {processor.py:768} INFO - DAG(s) dict_keys(['2.3_azure_storage_bigquery']) retrieved from /c/Airflow/dags/Airflow2_0_De_0_a_Heroe/2.3_azure_storage_bigquery.py
[2023-02-18T03:00:40.231-0600] {logging_mixin.py:117} INFO - [2023-02-18T03:00:40.231-0600] {dag.py:2573} INFO - Sync 1 DAGs
[2023-02-18T03:00:40.254-0600] {logging_mixin.py:117} INFO - [2023-02-18T03:00:40.253-0600] {dag.py:3324} INFO - Setting next_dagrun for 2.3_azure_storage_bigquery to 2023-02-17T00:00:00+00:00, run_after=2023-02-18T00:00:00+00:00
[2023-02-18T03:00:40.268-0600] {processor.py:178} INFO - Processing /c/Airflow/dags/Airflow2_0_De_0_a_Heroe/2.3_azure_storage_bigquery.py took 0.644 seconds
[2023-02-18T03:01:11.000-0600] {processor.py:156} INFO - Started process (PID=193738) to work on /c/Airflow/dags/Airflow2_0_De_0_a_Heroe/2.3_azure_storage_bigquery.py
[2023-02-18T03:01:11.001-0600] {processor.py:758} INFO - Processing file /c/Airflow/dags/Airflow2_0_De_0_a_Heroe/2.3_azure_storage_bigquery.py for tasks to queue
[2023-02-18T03:01:11.002-0600] {logging_mixin.py:117} INFO - [2023-02-18T03:01:11.002-0600] {dagbag.py:525} INFO - Filling up the DagBag from /c/Airflow/dags/Airflow2_0_De_0_a_Heroe/2.3_azure_storage_bigquery.py
[2023-02-18T03:01:11.504-0600] {processor.py:768} INFO - DAG(s) dict_keys(['2.3_azure_storage_bigquery']) retrieved from /c/Airflow/dags/Airflow2_0_De_0_a_Heroe/2.3_azure_storage_bigquery.py
[2023-02-18T03:01:11.521-0600] {logging_mixin.py:117} INFO - [2023-02-18T03:01:11.521-0600] {dag.py:2573} INFO - Sync 1 DAGs
[2023-02-18T03:01:11.532-0600] {logging_mixin.py:117} INFO - [2023-02-18T03:01:11.531-0600] {dag.py:3324} INFO - Setting next_dagrun for 2.3_azure_storage_bigquery to 2023-02-17T00:00:00+00:00, run_after=2023-02-18T00:00:00+00:00
[2023-02-18T03:01:11.544-0600] {processor.py:178} INFO - Processing /c/Airflow/dags/Airflow2_0_De_0_a_Heroe/2.3_azure_storage_bigquery.py took 0.546 seconds
[2023-02-18T03:01:41.706-0600] {processor.py:156} INFO - Started process (PID=194067) to work on /c/Airflow/dags/Airflow2_0_De_0_a_Heroe/2.3_azure_storage_bigquery.py
[2023-02-18T03:01:41.706-0600] {processor.py:758} INFO - Processing file /c/Airflow/dags/Airflow2_0_De_0_a_Heroe/2.3_azure_storage_bigquery.py for tasks to queue
[2023-02-18T03:01:41.707-0600] {logging_mixin.py:117} INFO - [2023-02-18T03:01:41.707-0600] {dagbag.py:525} INFO - Filling up the DagBag from /c/Airflow/dags/Airflow2_0_De_0_a_Heroe/2.3_azure_storage_bigquery.py
[2023-02-18T03:01:42.168-0600] {processor.py:768} INFO - DAG(s) dict_keys(['2.3_azure_storage_bigquery']) retrieved from /c/Airflow/dags/Airflow2_0_De_0_a_Heroe/2.3_azure_storage_bigquery.py
[2023-02-18T03:01:42.183-0600] {logging_mixin.py:117} INFO - [2023-02-18T03:01:42.183-0600] {dag.py:2573} INFO - Sync 1 DAGs
[2023-02-18T03:01:42.194-0600] {logging_mixin.py:117} INFO - [2023-02-18T03:01:42.194-0600] {dag.py:3324} INFO - Setting next_dagrun for 2.3_azure_storage_bigquery to 2023-02-17T00:00:00+00:00, run_after=2023-02-18T00:00:00+00:00
[2023-02-18T03:01:42.207-0600] {processor.py:178} INFO - Processing /c/Airflow/dags/Airflow2_0_De_0_a_Heroe/2.3_azure_storage_bigquery.py took 0.503 seconds
[2023-02-18T03:02:13.416-0600] {processor.py:156} INFO - Started process (PID=194614) to work on /c/Airflow/dags/Airflow2_0_De_0_a_Heroe/2.3_azure_storage_bigquery.py
[2023-02-18T03:02:13.417-0600] {processor.py:758} INFO - Processing file /c/Airflow/dags/Airflow2_0_De_0_a_Heroe/2.3_azure_storage_bigquery.py for tasks to queue
[2023-02-18T03:02:13.418-0600] {logging_mixin.py:117} INFO - [2023-02-18T03:02:13.418-0600] {dagbag.py:525} INFO - Filling up the DagBag from /c/Airflow/dags/Airflow2_0_De_0_a_Heroe/2.3_azure_storage_bigquery.py
[2023-02-18T03:02:14.271-0600] {processor.py:768} INFO - DAG(s) dict_keys(['2.3_azure_storage_bigquery']) retrieved from /c/Airflow/dags/Airflow2_0_De_0_a_Heroe/2.3_azure_storage_bigquery.py
[2023-02-18T03:02:14.292-0600] {logging_mixin.py:117} INFO - [2023-02-18T03:02:14.292-0600] {dag.py:2573} INFO - Sync 1 DAGs
[2023-02-18T03:02:14.312-0600] {logging_mixin.py:117} INFO - [2023-02-18T03:02:14.312-0600] {dag.py:3324} INFO - Setting next_dagrun for 2.3_azure_storage_bigquery to 2023-02-17T00:00:00+00:00, run_after=2023-02-18T00:00:00+00:00
[2023-02-18T03:02:14.332-0600] {processor.py:178} INFO - Processing /c/Airflow/dags/Airflow2_0_De_0_a_Heroe/2.3_azure_storage_bigquery.py took 0.919 seconds
