[2023-02-18T03:00:05.433-0600] {processor.py:156} INFO - Started process (PID=192938) to work on /c/Airflow/dags/Airflow2_0_De_0_a_Heroe/2_simple_storage_bigquery.py
[2023-02-18T03:00:05.434-0600] {processor.py:758} INFO - Processing file /c/Airflow/dags/Airflow2_0_De_0_a_Heroe/2_simple_storage_bigquery.py for tasks to queue
[2023-02-18T03:00:05.435-0600] {logging_mixin.py:117} INFO - [2023-02-18T03:00:05.434-0600] {dagbag.py:525} INFO - Filling up the DagBag from /c/Airflow/dags/Airflow2_0_De_0_a_Heroe/2_simple_storage_bigquery.py
[2023-02-18T03:00:06.002-0600] {processor.py:768} INFO - DAG(s) dict_keys(['2_simple_storage_bigquery']) retrieved from /c/Airflow/dags/Airflow2_0_De_0_a_Heroe/2_simple_storage_bigquery.py
[2023-02-18T03:00:06.038-0600] {logging_mixin.py:117} INFO - [2023-02-18T03:00:06.038-0600] {dag.py:2573} INFO - Sync 1 DAGs
[2023-02-18T03:00:06.051-0600] {logging_mixin.py:117} INFO - [2023-02-18T03:00:06.051-0600] {dag.py:3324} INFO - Setting next_dagrun for 2_simple_storage_bigquery to 2023-02-17T00:00:00+00:00, run_after=2023-02-18T00:00:00+00:00
[2023-02-18T03:00:06.066-0600] {processor.py:178} INFO - Processing /c/Airflow/dags/Airflow2_0_De_0_a_Heroe/2_simple_storage_bigquery.py took 0.636 seconds
[2023-02-18T03:00:38.855-0600] {processor.py:156} INFO - Started process (PID=193346) to work on /c/Airflow/dags/Airflow2_0_De_0_a_Heroe/2_simple_storage_bigquery.py
[2023-02-18T03:00:38.856-0600] {processor.py:758} INFO - Processing file /c/Airflow/dags/Airflow2_0_De_0_a_Heroe/2_simple_storage_bigquery.py for tasks to queue
[2023-02-18T03:00:38.857-0600] {logging_mixin.py:117} INFO - [2023-02-18T03:00:38.857-0600] {dagbag.py:525} INFO - Filling up the DagBag from /c/Airflow/dags/Airflow2_0_De_0_a_Heroe/2_simple_storage_bigquery.py
[2023-02-18T03:00:39.454-0600] {processor.py:768} INFO - DAG(s) dict_keys(['2_simple_storage_bigquery']) retrieved from /c/Airflow/dags/Airflow2_0_De_0_a_Heroe/2_simple_storage_bigquery.py
[2023-02-18T03:00:39.486-0600] {logging_mixin.py:117} INFO - [2023-02-18T03:00:39.486-0600] {dag.py:2573} INFO - Sync 1 DAGs
[2023-02-18T03:00:39.499-0600] {logging_mixin.py:117} INFO - [2023-02-18T03:00:39.499-0600] {dag.py:3324} INFO - Setting next_dagrun for 2_simple_storage_bigquery to 2023-02-17T00:00:00+00:00, run_after=2023-02-18T00:00:00+00:00
[2023-02-18T03:00:39.527-0600] {processor.py:178} INFO - Processing /c/Airflow/dags/Airflow2_0_De_0_a_Heroe/2_simple_storage_bigquery.py took 0.675 seconds
[2023-02-18T03:01:09.899-0600] {processor.py:156} INFO - Started process (PID=193712) to work on /c/Airflow/dags/Airflow2_0_De_0_a_Heroe/2_simple_storage_bigquery.py
[2023-02-18T03:01:09.900-0600] {processor.py:758} INFO - Processing file /c/Airflow/dags/Airflow2_0_De_0_a_Heroe/2_simple_storage_bigquery.py for tasks to queue
[2023-02-18T03:01:09.901-0600] {logging_mixin.py:117} INFO - [2023-02-18T03:01:09.901-0600] {dagbag.py:525} INFO - Filling up the DagBag from /c/Airflow/dags/Airflow2_0_De_0_a_Heroe/2_simple_storage_bigquery.py
[2023-02-18T03:01:10.399-0600] {processor.py:768} INFO - DAG(s) dict_keys(['2_simple_storage_bigquery']) retrieved from /c/Airflow/dags/Airflow2_0_De_0_a_Heroe/2_simple_storage_bigquery.py
[2023-02-18T03:01:10.418-0600] {logging_mixin.py:117} INFO - [2023-02-18T03:01:10.418-0600] {dag.py:2573} INFO - Sync 1 DAGs
[2023-02-18T03:01:10.431-0600] {logging_mixin.py:117} INFO - [2023-02-18T03:01:10.430-0600] {dag.py:3324} INFO - Setting next_dagrun for 2_simple_storage_bigquery to 2023-02-17T00:00:00+00:00, run_after=2023-02-18T00:00:00+00:00
[2023-02-18T03:01:10.444-0600] {processor.py:178} INFO - Processing /c/Airflow/dags/Airflow2_0_De_0_a_Heroe/2_simple_storage_bigquery.py took 0.547 seconds
[2023-02-18T03:01:40.576-0600] {processor.py:156} INFO - Started process (PID=194044) to work on /c/Airflow/dags/Airflow2_0_De_0_a_Heroe/2_simple_storage_bigquery.py
[2023-02-18T03:01:40.577-0600] {processor.py:758} INFO - Processing file /c/Airflow/dags/Airflow2_0_De_0_a_Heroe/2_simple_storage_bigquery.py for tasks to queue
[2023-02-18T03:01:40.577-0600] {logging_mixin.py:117} INFO - [2023-02-18T03:01:40.577-0600] {dagbag.py:525} INFO - Filling up the DagBag from /c/Airflow/dags/Airflow2_0_De_0_a_Heroe/2_simple_storage_bigquery.py
[2023-02-18T03:01:41.028-0600] {processor.py:768} INFO - DAG(s) dict_keys(['2_simple_storage_bigquery']) retrieved from /c/Airflow/dags/Airflow2_0_De_0_a_Heroe/2_simple_storage_bigquery.py
[2023-02-18T03:01:41.044-0600] {logging_mixin.py:117} INFO - [2023-02-18T03:01:41.044-0600] {dag.py:2573} INFO - Sync 1 DAGs
[2023-02-18T03:01:41.054-0600] {logging_mixin.py:117} INFO - [2023-02-18T03:01:41.054-0600] {dag.py:3324} INFO - Setting next_dagrun for 2_simple_storage_bigquery to 2023-02-17T00:00:00+00:00, run_after=2023-02-18T00:00:00+00:00
[2023-02-18T03:01:41.066-0600] {processor.py:178} INFO - Processing /c/Airflow/dags/Airflow2_0_De_0_a_Heroe/2_simple_storage_bigquery.py took 0.492 seconds
[2023-02-18T03:02:12.544-0600] {processor.py:156} INFO - Started process (PID=194603) to work on /c/Airflow/dags/Airflow2_0_De_0_a_Heroe/2_simple_storage_bigquery.py
[2023-02-18T03:02:12.546-0600] {processor.py:758} INFO - Processing file /c/Airflow/dags/Airflow2_0_De_0_a_Heroe/2_simple_storage_bigquery.py for tasks to queue
[2023-02-18T03:02:12.547-0600] {logging_mixin.py:117} INFO - [2023-02-18T03:02:12.547-0600] {dagbag.py:525} INFO - Filling up the DagBag from /c/Airflow/dags/Airflow2_0_De_0_a_Heroe/2_simple_storage_bigquery.py
[2023-02-18T03:02:13.270-0600] {processor.py:768} INFO - DAG(s) dict_keys(['2_simple_storage_bigquery']) retrieved from /c/Airflow/dags/Airflow2_0_De_0_a_Heroe/2_simple_storage_bigquery.py
[2023-02-18T03:02:13.314-0600] {logging_mixin.py:117} INFO - [2023-02-18T03:02:13.314-0600] {dag.py:2573} INFO - Sync 1 DAGs
[2023-02-18T03:02:13.334-0600] {logging_mixin.py:117} INFO - [2023-02-18T03:02:13.334-0600] {dag.py:3324} INFO - Setting next_dagrun for 2_simple_storage_bigquery to 2023-02-17T00:00:00+00:00, run_after=2023-02-18T00:00:00+00:00
[2023-02-18T03:02:13.362-0600] {processor.py:178} INFO - Processing /c/Airflow/dags/Airflow2_0_De_0_a_Heroe/2_simple_storage_bigquery.py took 0.821 seconds
