[2023-02-18T03:00:06.012-0600] {processor.py:156} INFO - Started process (PID=192946) to work on /c/Airflow/dags/Airflow2_0_De_0_a_Heroe/8_documentation.py
[2023-02-18T03:00:06.013-0600] {processor.py:758} INFO - Processing file /c/Airflow/dags/Airflow2_0_De_0_a_Heroe/8_documentation.py for tasks to queue
[2023-02-18T03:00:06.014-0600] {logging_mixin.py:117} INFO - [2023-02-18T03:00:06.014-0600] {dagbag.py:525} INFO - Filling up the DagBag from /c/Airflow/dags/Airflow2_0_De_0_a_Heroe/8_documentation.py
[2023-02-18T03:00:06.059-0600] {processor.py:768} INFO - DAG(s) dict_keys(['8_documentation']) retrieved from /c/Airflow/dags/Airflow2_0_De_0_a_Heroe/8_documentation.py
[2023-02-18T03:00:06.099-0600] {logging_mixin.py:117} INFO - [2023-02-18T03:00:06.099-0600] {dag.py:2573} INFO - Sync 1 DAGs
[2023-02-18T03:00:06.113-0600] {logging_mixin.py:117} INFO - [2023-02-18T03:00:06.113-0600] {dag.py:3324} INFO - Setting next_dagrun for 8_documentation to 2023-02-17T00:00:00+00:00, run_after=2023-02-18T00:00:00+00:00
[2023-02-18T03:00:06.223-0600] {processor.py:178} INFO - Processing /c/Airflow/dags/Airflow2_0_De_0_a_Heroe/8_documentation.py took 0.213 seconds
[2023-02-18T03:00:38.856-0600] {processor.py:156} INFO - Started process (PID=193349) to work on /c/Airflow/dags/Airflow2_0_De_0_a_Heroe/8_documentation.py
[2023-02-18T03:00:38.857-0600] {processor.py:758} INFO - Processing file /c/Airflow/dags/Airflow2_0_De_0_a_Heroe/8_documentation.py for tasks to queue
[2023-02-18T03:00:38.857-0600] {logging_mixin.py:117} INFO - [2023-02-18T03:00:38.857-0600] {dagbag.py:525} INFO - Filling up the DagBag from /c/Airflow/dags/Airflow2_0_De_0_a_Heroe/8_documentation.py
[2023-02-18T03:00:38.896-0600] {processor.py:768} INFO - DAG(s) dict_keys(['8_documentation']) retrieved from /c/Airflow/dags/Airflow2_0_De_0_a_Heroe/8_documentation.py
[2023-02-18T03:00:38.919-0600] {logging_mixin.py:117} INFO - [2023-02-18T03:00:38.919-0600] {dag.py:2573} INFO - Sync 1 DAGs
[2023-02-18T03:00:38.934-0600] {logging_mixin.py:117} INFO - [2023-02-18T03:00:38.934-0600] {dag.py:3324} INFO - Setting next_dagrun for 8_documentation to 2023-02-17T00:00:00+00:00, run_after=2023-02-18T00:00:00+00:00
[2023-02-18T03:00:38.954-0600] {processor.py:178} INFO - Processing /c/Airflow/dags/Airflow2_0_De_0_a_Heroe/8_documentation.py took 0.100 seconds
[2023-02-18T03:01:09.645-0600] {processor.py:156} INFO - Started process (PID=193706) to work on /c/Airflow/dags/Airflow2_0_De_0_a_Heroe/8_documentation.py
[2023-02-18T03:01:09.645-0600] {processor.py:758} INFO - Processing file /c/Airflow/dags/Airflow2_0_De_0_a_Heroe/8_documentation.py for tasks to queue
[2023-02-18T03:01:09.646-0600] {logging_mixin.py:117} INFO - [2023-02-18T03:01:09.646-0600] {dagbag.py:525} INFO - Filling up the DagBag from /c/Airflow/dags/Airflow2_0_De_0_a_Heroe/8_documentation.py
[2023-02-18T03:01:09.674-0600] {processor.py:768} INFO - DAG(s) dict_keys(['8_documentation']) retrieved from /c/Airflow/dags/Airflow2_0_De_0_a_Heroe/8_documentation.py
[2023-02-18T03:01:09.695-0600] {logging_mixin.py:117} INFO - [2023-02-18T03:01:09.695-0600] {dag.py:2573} INFO - Sync 1 DAGs
[2023-02-18T03:01:09.709-0600] {logging_mixin.py:117} INFO - [2023-02-18T03:01:09.709-0600] {dag.py:3324} INFO - Setting next_dagrun for 8_documentation to 2023-02-17T00:00:00+00:00, run_after=2023-02-18T00:00:00+00:00
[2023-02-18T03:01:09.805-0600] {processor.py:178} INFO - Processing /c/Airflow/dags/Airflow2_0_De_0_a_Heroe/8_documentation.py took 0.162 seconds
[2023-02-18T03:01:40.412-0600] {processor.py:156} INFO - Started process (PID=194035) to work on /c/Airflow/dags/Airflow2_0_De_0_a_Heroe/8_documentation.py
[2023-02-18T03:01:40.413-0600] {processor.py:758} INFO - Processing file /c/Airflow/dags/Airflow2_0_De_0_a_Heroe/8_documentation.py for tasks to queue
[2023-02-18T03:01:40.413-0600] {logging_mixin.py:117} INFO - [2023-02-18T03:01:40.413-0600] {dagbag.py:525} INFO - Filling up the DagBag from /c/Airflow/dags/Airflow2_0_De_0_a_Heroe/8_documentation.py
[2023-02-18T03:01:40.440-0600] {processor.py:768} INFO - DAG(s) dict_keys(['8_documentation']) retrieved from /c/Airflow/dags/Airflow2_0_De_0_a_Heroe/8_documentation.py
[2023-02-18T03:01:40.467-0600] {logging_mixin.py:117} INFO - [2023-02-18T03:01:40.467-0600] {dag.py:2573} INFO - Sync 1 DAGs
[2023-02-18T03:01:40.480-0600] {logging_mixin.py:117} INFO - [2023-02-18T03:01:40.480-0600] {dag.py:3324} INFO - Setting next_dagrun for 8_documentation to 2023-02-17T00:00:00+00:00, run_after=2023-02-18T00:00:00+00:00
[2023-02-18T03:01:40.495-0600] {processor.py:178} INFO - Processing /c/Airflow/dags/Airflow2_0_De_0_a_Heroe/8_documentation.py took 0.085 seconds
[2023-02-18T03:02:11.658-0600] {processor.py:156} INFO - Started process (PID=194579) to work on /c/Airflow/dags/Airflow2_0_De_0_a_Heroe/8_documentation.py
[2023-02-18T03:02:11.664-0600] {processor.py:758} INFO - Processing file /c/Airflow/dags/Airflow2_0_De_0_a_Heroe/8_documentation.py for tasks to queue
[2023-02-18T03:02:11.667-0600] {logging_mixin.py:117} INFO - [2023-02-18T03:02:11.666-0600] {dagbag.py:525} INFO - Filling up the DagBag from /c/Airflow/dags/Airflow2_0_De_0_a_Heroe/8_documentation.py
[2023-02-18T03:02:11.770-0600] {processor.py:768} INFO - DAG(s) dict_keys(['8_documentation']) retrieved from /c/Airflow/dags/Airflow2_0_De_0_a_Heroe/8_documentation.py
[2023-02-18T03:02:11.799-0600] {logging_mixin.py:117} INFO - [2023-02-18T03:02:11.799-0600] {dag.py:2573} INFO - Sync 1 DAGs
[2023-02-18T03:02:11.821-0600] {logging_mixin.py:117} INFO - [2023-02-18T03:02:11.821-0600] {dag.py:3324} INFO - Setting next_dagrun for 8_documentation to 2023-02-17T00:00:00+00:00, run_after=2023-02-18T00:00:00+00:00
[2023-02-18T03:02:11.853-0600] {processor.py:178} INFO - Processing /c/Airflow/dags/Airflow2_0_De_0_a_Heroe/8_documentation.py took 0.198 seconds
