[2023-02-18T03:00:06.099-0600] {processor.py:156} INFO - Started process (PID=192953) to work on /c/Airflow/dags/Airflow2_0_De_0_a_Heroe/pyspark_subdag.py
[2023-02-18T03:00:06.100-0600] {processor.py:758} INFO - Processing file /c/Airflow/dags/Airflow2_0_De_0_a_Heroe/pyspark_subdag.py for tasks to queue
[2023-02-18T03:00:06.101-0600] {logging_mixin.py:117} INFO - [2023-02-18T03:00:06.101-0600] {dagbag.py:525} INFO - Filling up the DagBag from /c/Airflow/dags/Airflow2_0_De_0_a_Heroe/pyspark_subdag.py
[2023-02-18T03:00:06.379-0600] {processor.py:770} WARNING - No viable dags retrieved from /c/Airflow/dags/Airflow2_0_De_0_a_Heroe/pyspark_subdag.py
[2023-02-18T03:00:06.390-0600] {processor.py:178} INFO - Processing /c/Airflow/dags/Airflow2_0_De_0_a_Heroe/pyspark_subdag.py took 0.293 seconds
[2023-02-18T03:00:38.988-0600] {processor.py:156} INFO - Started process (PID=193355) to work on /c/Airflow/dags/Airflow2_0_De_0_a_Heroe/pyspark_subdag.py
[2023-02-18T03:00:38.989-0600] {processor.py:758} INFO - Processing file /c/Airflow/dags/Airflow2_0_De_0_a_Heroe/pyspark_subdag.py for tasks to queue
[2023-02-18T03:00:38.990-0600] {logging_mixin.py:117} INFO - [2023-02-18T03:00:38.990-0600] {dagbag.py:525} INFO - Filling up the DagBag from /c/Airflow/dags/Airflow2_0_De_0_a_Heroe/pyspark_subdag.py
[2023-02-18T03:00:39.346-0600] {processor.py:770} WARNING - No viable dags retrieved from /c/Airflow/dags/Airflow2_0_De_0_a_Heroe/pyspark_subdag.py
[2023-02-18T03:00:39.358-0600] {processor.py:178} INFO - Processing /c/Airflow/dags/Airflow2_0_De_0_a_Heroe/pyspark_subdag.py took 0.373 seconds
[2023-02-18T03:01:09.899-0600] {processor.py:156} INFO - Started process (PID=193715) to work on /c/Airflow/dags/Airflow2_0_De_0_a_Heroe/pyspark_subdag.py
[2023-02-18T03:01:09.900-0600] {processor.py:758} INFO - Processing file /c/Airflow/dags/Airflow2_0_De_0_a_Heroe/pyspark_subdag.py for tasks to queue
[2023-02-18T03:01:09.901-0600] {logging_mixin.py:117} INFO - [2023-02-18T03:01:09.901-0600] {dagbag.py:525} INFO - Filling up the DagBag from /c/Airflow/dags/Airflow2_0_De_0_a_Heroe/pyspark_subdag.py
[2023-02-18T03:01:10.150-0600] {processor.py:770} WARNING - No viable dags retrieved from /c/Airflow/dags/Airflow2_0_De_0_a_Heroe/pyspark_subdag.py
[2023-02-18T03:01:10.161-0600] {processor.py:178} INFO - Processing /c/Airflow/dags/Airflow2_0_De_0_a_Heroe/pyspark_subdag.py took 0.264 seconds
[2023-02-18T03:01:40.412-0600] {processor.py:156} INFO - Started process (PID=194038) to work on /c/Airflow/dags/Airflow2_0_De_0_a_Heroe/pyspark_subdag.py
[2023-02-18T03:01:40.413-0600] {processor.py:758} INFO - Processing file /c/Airflow/dags/Airflow2_0_De_0_a_Heroe/pyspark_subdag.py for tasks to queue
[2023-02-18T03:01:40.413-0600] {logging_mixin.py:117} INFO - [2023-02-18T03:01:40.413-0600] {dagbag.py:525} INFO - Filling up the DagBag from /c/Airflow/dags/Airflow2_0_De_0_a_Heroe/pyspark_subdag.py
[2023-02-18T03:01:40.644-0600] {processor.py:770} WARNING - No viable dags retrieved from /c/Airflow/dags/Airflow2_0_De_0_a_Heroe/pyspark_subdag.py
[2023-02-18T03:01:40.654-0600] {processor.py:178} INFO - Processing /c/Airflow/dags/Airflow2_0_De_0_a_Heroe/pyspark_subdag.py took 0.244 seconds
[2023-02-18T03:02:11.892-0600] {processor.py:156} INFO - Started process (PID=194585) to work on /c/Airflow/dags/Airflow2_0_De_0_a_Heroe/pyspark_subdag.py
[2023-02-18T03:02:11.895-0600] {processor.py:758} INFO - Processing file /c/Airflow/dags/Airflow2_0_De_0_a_Heroe/pyspark_subdag.py for tasks to queue
[2023-02-18T03:02:11.896-0600] {logging_mixin.py:117} INFO - [2023-02-18T03:02:11.896-0600] {dagbag.py:525} INFO - Filling up the DagBag from /c/Airflow/dags/Airflow2_0_De_0_a_Heroe/pyspark_subdag.py
[2023-02-18T03:02:12.278-0600] {processor.py:770} WARNING - No viable dags retrieved from /c/Airflow/dags/Airflow2_0_De_0_a_Heroe/pyspark_subdag.py
[2023-02-18T03:02:12.290-0600] {processor.py:178} INFO - Processing /c/Airflow/dags/Airflow2_0_De_0_a_Heroe/pyspark_subdag.py took 0.401 seconds
