[2023-01-30 15:49:28,706] {taskinstance.py:1159} INFO - Dependencies all met for <TaskInstance: 0_airflow_variables.python_task scheduled__2023-01-29T12:30:00+00:00 [queued]>
[2023-01-30 15:49:28,722] {taskinstance.py:1159} INFO - Dependencies all met for <TaskInstance: 0_airflow_variables.python_task scheduled__2023-01-29T12:30:00+00:00 [queued]>
[2023-01-30 15:49:28,722] {taskinstance.py:1356} INFO - 
--------------------------------------------------------------------------------
[2023-01-30 15:49:28,723] {taskinstance.py:1357} INFO - Starting attempt 1 of 1
[2023-01-30 15:49:28,723] {taskinstance.py:1358} INFO - 
--------------------------------------------------------------------------------
[2023-01-30 15:49:28,759] {taskinstance.py:1377} INFO - Executing <Task(PythonOperator): python_task> on 2023-01-29 12:30:00+00:00
[2023-01-30 15:49:28,761] {standard_task_runner.py:52} INFO - Started process 8057 to run task
[2023-01-30 15:49:28,764] {standard_task_runner.py:79} INFO - Running: ['airflow', 'tasks', 'run', '0_airflow_variables', 'python_task', 'scheduled__2023-01-29T12:30:00+00:00', '--job-id', '11', '--raw', '--subdir', 'DAGS_FOLDER/0_airflow_variables.py', '--cfg-path', '/tmp/tmp2ihn0jip', '--error-file', '/tmp/tmps2t12s9h']
[2023-01-30 15:49:28,764] {standard_task_runner.py:80} INFO - Job 11: Subtask python_task
[2023-01-30 15:49:28,865] {task_command.py:369} INFO - Running <TaskInstance: 0_airflow_variables.python_task scheduled__2023-01-29T12:30:00+00:00 [running]> on host Tinmar.
[2023-01-30 15:49:28,995] {taskinstance.py:1569} INFO - Exporting the following env vars:
AIRFLOW_CTX_DAG_OWNER=Tinmar
AIRFLOW_CTX_DAG_ID=0_airflow_variables
AIRFLOW_CTX_TASK_ID=python_task
AIRFLOW_CTX_EXECUTION_DATE=2023-01-29T12:30:00+00:00
AIRFLOW_CTX_TRY_NUMBER=1
AIRFLOW_CTX_DAG_RUN_ID=scheduled__2023-01-29T12:30:00+00:00
[2023-01-30 15:49:28,996] {logging_mixin.py:115} INFO - ESTE ES EL RANDOM NUMBER 1 0.8511802259371382
[2023-01-30 15:49:28,997] {logging_mixin.py:115} INFO - ESTE ES EL RANDOM NUMBER 2 0.3207943080908361
[2023-01-30 15:49:28,997] {logging_mixin.py:115} INFO - ESTE ES EL RANDOM NUMBER 3 0.6447717678458927
[2023-01-30 15:49:28,998] {logging_mixin.py:115} INFO - ESTE ES EL RANDOM NUMBER 4 0.6962532235768955
[2023-01-30 15:49:28,998] {logging_mixin.py:115} INFO - ESTE ES EL RANDOM NUMBER 5 0.04841414273794098
[2023-01-30 15:49:28,999] {logging_mixin.py:115} INFO - ESTE ES EL RANDOM NUMBER 6 0.8246813686004733
[2023-01-30 15:49:29,000] {logging_mixin.py:115} INFO - ESTE ES EL RANDOM NUMBER 7 0.6926502346003917
[2023-01-30 15:49:29,000] {logging_mixin.py:115} INFO - ESTE ES EL RANDOM NUMBER 8 0.28540387924676647
[2023-01-30 15:49:29,001] {logging_mixin.py:115} INFO - ESTE ES EL RANDOM NUMBER 9 0.6726228194708727
[2023-01-30 15:49:29,001] {logging_mixin.py:115} INFO - ESTE ES EL RANDOM NUMBER 10 0.5002380285487493
[2023-01-30 15:49:29,002] {python.py:173} INFO - Done. Returned value was: None
[2023-01-30 15:49:29,021] {taskinstance.py:1395} INFO - Marking task as SUCCESS. dag_id=0_airflow_variables, task_id=python_task, execution_date=20230129T123000, start_date=20230130T214928, end_date=20230130T214929
[2023-01-30 15:49:29,097] {local_task_job.py:156} INFO - Task exited with return code 0
[2023-01-30 15:49:29,134] {local_task_job.py:273} INFO - 0 downstream tasks scheduled from follow-on schedule check
