[2023-02-13 14:31:35,914] {taskinstance.py:1159} INFO - Dependencies all met for <TaskInstance: branch_octavo_dag.api_call manual__2023-02-13T20:26:17.717316+00:00 [queued]>
[2023-02-13 14:31:35,919] {taskinstance.py:1159} INFO - Dependencies all met for <TaskInstance: branch_octavo_dag.api_call manual__2023-02-13T20:26:17.717316+00:00 [queued]>
[2023-02-13 14:31:35,920] {taskinstance.py:1356} INFO - 
--------------------------------------------------------------------------------
[2023-02-13 14:31:35,920] {taskinstance.py:1357} INFO - Starting attempt 3 of 3
[2023-02-13 14:31:35,921] {taskinstance.py:1358} INFO - 
--------------------------------------------------------------------------------
[2023-02-13 14:31:35,929] {taskinstance.py:1377} INFO - Executing <Task(SimpleHttpOperator): api_call> on 2023-02-13 20:26:17.717316+00:00
[2023-02-13 14:31:35,931] {standard_task_runner.py:52} INFO - Started process 196873 to run task
[2023-02-13 14:31:35,933] {standard_task_runner.py:79} INFO - Running: ['***', 'tasks', 'run', 'branch_octavo_dag', 'api_call', 'manual__2023-02-13T20:26:17.717316+00:00', '--job-id', '138', '--raw', '--subdir', 'DAGS_FOLDER/Apache_Airflow/branch_octavo_dag.py', '--cfg-path', '/tmp/tmp6ok9agz6', '--error-file', '/tmp/tmp9tzw6aox']
[2023-02-13 14:31:35,935] {standard_task_runner.py:80} INFO - Job 138: Subtask api_call
[2023-02-13 14:31:35,975] {task_command.py:369} INFO - Running <TaskInstance: branch_octavo_dag.api_call manual__2023-02-13T20:26:17.717316+00:00 [running]> on host Tinmar.
[2023-02-13 14:31:36,021] {taskinstance.py:1569} INFO - Exporting the following env vars:
AIRFLOW_CTX_DAG_OWNER=Tinmar
AIRFLOW_CTX_DAG_ID=branch_octavo_dag
AIRFLOW_CTX_TASK_ID=api_call
AIRFLOW_CTX_EXECUTION_DATE=2023-02-13T20:26:17.717316+00:00
AIRFLOW_CTX_TRY_NUMBER=3
AIRFLOW_CTX_DAG_RUN_ID=manual__2023-02-13T20:26:17.717316+00:00
[2023-02-13 14:31:36,022] {http.py:123} INFO - Calling HTTP method
[2023-02-13 14:31:36,031] {base.py:68} INFO - Using connection ID 'random_number' for task execution.
[2023-02-13 14:31:37,223] {taskinstance.py:1395} INFO - Marking task as SUCCESS. dag_id=branch_octavo_dag, task_id=api_call, execution_date=20230213T202617, start_date=20230213T203135, end_date=20230213T203137
[2023-02-13 14:31:37,244] {local_task_job.py:156} INFO - Task exited with return code 0
[2023-02-13 14:31:37,275] {local_task_job.py:273} INFO - 1 downstream tasks scheduled from follow-on schedule check
