[2023-02-11 11:08:54,529] {taskinstance.py:1159} INFO - Dependencies all met for <TaskInstance: 7_dataproc_subdags.delete_cluster scheduled__2023-02-10T00:00:00+00:00 [queued]>
[2023-02-11 11:08:54,535] {taskinstance.py:1159} INFO - Dependencies all met for <TaskInstance: 7_dataproc_subdags.delete_cluster scheduled__2023-02-10T00:00:00+00:00 [queued]>
[2023-02-11 11:08:54,536] {taskinstance.py:1356} INFO - 
--------------------------------------------------------------------------------
[2023-02-11 11:08:54,537] {taskinstance.py:1357} INFO - Starting attempt 1 of 1
[2023-02-11 11:08:54,538] {taskinstance.py:1358} INFO - 
--------------------------------------------------------------------------------
[2023-02-11 11:08:54,547] {taskinstance.py:1377} INFO - Executing <Task(DataprocDeleteClusterOperator): delete_cluster> on 2023-02-10 00:00:00+00:00
[2023-02-11 11:08:54,550] {standard_task_runner.py:52} INFO - Started process 171601 to run task
[2023-02-11 11:08:54,552] {standard_task_runner.py:79} INFO - Running: ['***', 'tasks', 'run', '7_dataproc_subdags', 'delete_cluster', 'scheduled__2023-02-10T00:00:00+00:00', '--job-id', '75', '--raw', '--subdir', 'DAGS_FOLDER/Airflow2_0_De_0_a_Heroe/7_dataproc_subdags.py', '--cfg-path', '/tmp/tmpydzp7fmm', '--error-file', '/tmp/tmpdc7gts2n']
[2023-02-11 11:08:54,554] {standard_task_runner.py:80} INFO - Job 75: Subtask delete_cluster
[2023-02-11 11:08:54,610] {task_command.py:369} INFO - Running <TaskInstance: 7_dataproc_subdags.delete_cluster scheduled__2023-02-10T00:00:00+00:00 [running]> on host Tinmar.
[2023-02-11 11:08:54,658] {taskinstance.py:1569} INFO - Exporting the following env vars:
AIRFLOW_CTX_DAG_OWNER=David Sanchez
AIRFLOW_CTX_DAG_ID=7_dataproc_subdags
AIRFLOW_CTX_TASK_ID=delete_cluster
AIRFLOW_CTX_EXECUTION_DATE=2023-02-10T00:00:00+00:00
AIRFLOW_CTX_TRY_NUMBER=1
AIRFLOW_CTX_DAG_RUN_ID=scheduled__2023-02-10T00:00:00+00:00
[2023-02-11 11:08:54,668] {base.py:68} INFO - Using connection ID 'google_cloud_default' for task execution.
[2023-02-11 11:08:54,672] {dataproc.py:817} INFO - Deleting cluster: ***-spark-cluster
[2023-02-11 15:33:11,451] {local_task_job.py:144} ERROR - Heartbeat time limit exceeded!
[2023-02-11 15:33:11,454] {process_utils.py:125} INFO - Sending Signals.SIGTERM to group 171601. PIDs of all processes in the group: [171601]
[2023-02-11 15:33:11,456] {process_utils.py:80} INFO - Sending the signal Signals.SIGTERM to group 171601
[2023-02-11 15:33:11,658] {taskinstance.py:1541} ERROR - Received SIGTERM. Terminating subprocesses.
[2023-02-11 15:33:11,671] {taskinstance.py:1889} ERROR - Task failed with exception
Traceback (most recent call last):
  File "/home/tinmar/.local/lib/python3.10/site-packages/airflow/providers/google/cloud/operators/dataproc.py", line 818, in execute
    operation = hook.delete_cluster(
  File "/home/tinmar/.local/lib/python3.10/site-packages/airflow/providers/google/common/hooks/base_google.py", line 462, in inner_wrapper
    return func(self, *args, **kwargs)
  File "/home/tinmar/.local/lib/python3.10/site-packages/airflow/providers/google/cloud/hooks/dataproc.py", line 365, in delete_cluster
    result = client.delete_cluster(
  File "/home/tinmar/.local/lib/python3.10/site-packages/google/cloud/dataproc_v1/services/cluster_controller/client.py", line 1124, in delete_cluster
    response = rpc(
  File "/home/tinmar/.local/lib/python3.10/site-packages/google/api_core/gapic_v1/method.py", line 154, in __call__
    return wrapped_func(*args, **kwargs)
  File "/home/tinmar/.local/lib/python3.10/site-packages/google/api_core/retry.py", line 283, in retry_wrapped_func
    return retry_target(
  File "/home/tinmar/.local/lib/python3.10/site-packages/google/api_core/retry.py", line 190, in retry_target
    return target()
  File "/home/tinmar/.local/lib/python3.10/site-packages/google/api_core/grpc_helpers.py", line 50, in error_remapped_callable
    return callable_(*args, **kwargs)
  File "/home/tinmar/.local/lib/python3.10/site-packages/grpc/_channel.py", line 944, in __call__
    state, call, = self._blocking(request, timeout, metadata, credentials,
  File "/home/tinmar/.local/lib/python3.10/site-packages/grpc/_channel.py", line 933, in _blocking
    event = call.next_event()
  File "src/python/grpcio/grpc/_cython/_cygrpc/channel.pyx.pxi", line 338, in grpc._cython.cygrpc.SegregatedCall.next_event
  File "src/python/grpcio/grpc/_cython/_cygrpc/channel.pyx.pxi", line 169, in grpc._cython.cygrpc._next_call_event
  File "src/python/grpcio/grpc/_cython/_cygrpc/channel.pyx.pxi", line 163, in grpc._cython.cygrpc._next_call_event
  File "src/python/grpcio/grpc/_cython/_cygrpc/completion_queue.pyx.pxi", line 78, in grpc._cython.cygrpc._latent_event
  File "src/python/grpcio/grpc/_cython/_cygrpc/completion_queue.pyx.pxi", line 61, in grpc._cython.cygrpc._internal_latent_event
  File "src/python/grpcio/grpc/_cython/_cygrpc/completion_queue.pyx.pxi", line 42, in grpc._cython.cygrpc._next
  File "/home/tinmar/.local/lib/python3.10/site-packages/airflow/models/taskinstance.py", line 1543, in signal_handler
    raise AirflowException("Task received SIGTERM signal")
airflow.exceptions.AirflowException: Task received SIGTERM signal
[2023-02-11 15:33:11,675] {taskinstance.py:1395} INFO - Marking task as FAILED. dag_id=7_dataproc_subdags, task_id=delete_cluster, execution_date=20230210T000000, start_date=20230211T170854, end_date=20230211T213311
[2023-02-11 15:33:11,683] {standard_task_runner.py:92} ERROR - Failed to execute job 75 for task delete_cluster (Task received SIGTERM signal; 171601)
[2023-02-11 15:33:11,710] {process_utils.py:75} INFO - Process psutil.Process(pid=171601, status='terminated', exitcode=1, started='11:08:53') (171601) terminated with exit code 1
