[2023-02-13 14:31:38,124] {taskinstance.py:1159} INFO - Dependencies all met for <TaskInstance: branch_octavo_dag.branch manual__2023-02-13T20:26:17.717316+00:00 [queued]>
[2023-02-13 14:31:38,130] {taskinstance.py:1159} INFO - Dependencies all met for <TaskInstance: branch_octavo_dag.branch manual__2023-02-13T20:26:17.717316+00:00 [queued]>
[2023-02-13 14:31:38,130] {taskinstance.py:1356} INFO - 
--------------------------------------------------------------------------------
[2023-02-13 14:31:38,133] {taskinstance.py:1357} INFO - Starting attempt 3 of 3
[2023-02-13 14:31:38,134] {taskinstance.py:1358} INFO - 
--------------------------------------------------------------------------------
[2023-02-13 14:31:38,142] {taskinstance.py:1377} INFO - Executing <Task(BranchPythonOperator): branch> on 2023-02-13 20:26:17.717316+00:00
[2023-02-13 14:31:38,145] {standard_task_runner.py:52} INFO - Started process 196894 to run task
[2023-02-13 14:31:38,147] {standard_task_runner.py:79} INFO - Running: ['***', 'tasks', 'run', 'branch_octavo_dag', 'branch', 'manual__2023-02-13T20:26:17.717316+00:00', '--job-id', '139', '--raw', '--subdir', 'DAGS_FOLDER/Apache_Airflow/branch_octavo_dag.py', '--cfg-path', '/tmp/tmprg6kr9oo', '--error-file', '/tmp/tmpatvfqgku']
[2023-02-13 14:31:38,148] {standard_task_runner.py:80} INFO - Job 139: Subtask branch
[2023-02-13 14:31:38,190] {task_command.py:369} INFO - Running <TaskInstance: branch_octavo_dag.branch manual__2023-02-13T20:26:17.717316+00:00 [running]> on host Tinmar.
[2023-02-13 14:31:38,233] {taskinstance.py:1569} INFO - Exporting the following env vars:
AIRFLOW_CTX_DAG_OWNER=Tinmar
AIRFLOW_CTX_DAG_ID=branch_octavo_dag
AIRFLOW_CTX_TASK_ID=branch
AIRFLOW_CTX_EXECUTION_DATE=2023-02-13T20:26:17.717316+00:00
AIRFLOW_CTX_TRY_NUMBER=3
AIRFLOW_CTX_DAG_RUN_ID=manual__2023-02-13T20:26:17.717316+00:00
[2023-02-13 14:31:38,242] {logging_mixin.py:115} INFO - [{"status":"success","min":0,"max":100,"random":20}]
[2023-02-13 14:31:38,242] {logging_mixin.py:115} INFO - [{'status': 'success', 'min': 0, 'max': 100, 'random': 20}]
[2023-02-13 14:31:38,253] {python.py:173} INFO - Done. Returned value was: menor_que_5
[2023-02-13 14:31:38,255] {skipmixin.py:140} INFO - Following branch menor_que_5
[2023-02-13 14:31:38,255] {skipmixin.py:175} INFO - Skipping tasks ['mayor_que_5']
[2023-02-13 14:31:38,293] {taskinstance.py:1395} INFO - Marking task as SUCCESS. dag_id=branch_octavo_dag, task_id=branch, execution_date=20230213T202617, start_date=20230213T203138, end_date=20230213T203138
[2023-02-13 14:31:38,331] {local_task_job.py:156} INFO - Task exited with return code 0
[2023-02-13 14:31:38,363] {local_task_job.py:273} INFO - 0 downstream tasks scheduled from follow-on schedule check
