[2023-02-17T08:30:18.519-0600] {taskinstance.py:1165} INFO - Dependencies all met for <TaskInstance: 1.6_user_processing.is_api_available scheduled__2023-02-16T00:00:00+00:00 [queued]>
[2023-02-17T08:30:18.531-0600] {taskinstance.py:1165} INFO - Dependencies all met for <TaskInstance: 1.6_user_processing.is_api_available scheduled__2023-02-16T00:00:00+00:00 [queued]>
[2023-02-17T08:30:18.532-0600] {taskinstance.py:1362} INFO - 
--------------------------------------------------------------------------------
[2023-02-17T08:30:18.534-0600] {taskinstance.py:1363} INFO - Starting attempt 1 of 1
[2023-02-17T08:30:18.535-0600] {taskinstance.py:1364} INFO - 
--------------------------------------------------------------------------------
[2023-02-17T08:30:18.545-0600] {taskinstance.py:1383} INFO - Executing <Task(HttpSensor): is_api_available> on 2023-02-16 00:00:00+00:00
[2023-02-17T08:30:18.548-0600] {standard_task_runner.py:54} INFO - Started process 2256 to run task
[2023-02-17T08:30:18.550-0600] {standard_task_runner.py:82} INFO - Running: ['***', 'tasks', 'run', '1.6_user_processing', 'is_api_available', 'scheduled__2023-02-16T00:00:00+00:00', '--job-id', '334', '--raw', '--subdir', 'DAGS_FOLDER/Introduction_to_Apache_Airflow/1.6_user_processing.py', '--cfg-path', '/tmp/tmp1fp9aop1']
[2023-02-17T08:30:18.552-0600] {standard_task_runner.py:83} INFO - Job 334: Subtask is_api_available
[2023-02-17T08:30:18.554-0600] {dagbag.py:525} INFO - Filling up the DagBag from /c/Airflow/dags/Introduction_to_Apache_Airflow/1.6_user_processing.py
[2023-02-17T08:30:18.907-0600] {task_command.py:384} INFO - Running <TaskInstance: 1.6_user_processing.is_api_available scheduled__2023-02-16T00:00:00+00:00 [running]> on host Tinmar.
[2023-02-17T08:30:18.962-0600] {taskinstance.py:1590} INFO - Exporting the following env vars:
AIRFLOW_CTX_DAG_OWNER=Tinmar
AIRFLOW_CTX_DAG_ID=1.6_user_processing
AIRFLOW_CTX_TASK_ID=is_api_available
AIRFLOW_CTX_EXECUTION_DATE=2023-02-16T00:00:00+00:00
AIRFLOW_CTX_TRY_NUMBER=1
AIRFLOW_CTX_DAG_RUN_ID=scheduled__2023-02-16T00:00:00+00:00
[2023-02-17T08:30:18.963-0600] {http.py:122} INFO - Poking: api/
[2023-02-17T08:30:18.973-0600] {base.py:71} INFO - Using connection ID 'user_api' for task execution.
[2023-02-17T08:30:19.274-0600] {base.py:213} INFO - Success criteria met. Exiting.
[2023-02-17T08:30:19.377-0600] {taskinstance.py:1401} INFO - Marking task as SUCCESS. dag_id=1.6_user_processing, task_id=is_api_available, execution_date=20230216T000000, start_date=20230217T143018, end_date=20230217T143019
[2023-02-17T08:30:19.406-0600] {local_task_job.py:164} INFO - Task exited with return code 0
[2023-02-17T08:30:19.428-0600] {local_task_job.py:273} INFO - 1 downstream tasks scheduled from follow-on schedule check
