[2023-02-16 12:11:00,974] {taskinstance.py:1159} INFO - Dependencies all met for <TaskInstance: 1.6_user_processing.insert_data manual__2023-02-16T18:10:57.909407+00:00 [queued]>
[2023-02-16 12:11:00,980] {taskinstance.py:1159} INFO - Dependencies all met for <TaskInstance: 1.6_user_processing.insert_data manual__2023-02-16T18:10:57.909407+00:00 [queued]>
[2023-02-16 12:11:00,980] {taskinstance.py:1356} INFO - 
--------------------------------------------------------------------------------
[2023-02-16 12:11:00,981] {taskinstance.py:1357} INFO - Starting attempt 1 of 1
[2023-02-16 12:11:00,982] {taskinstance.py:1358} INFO - 
--------------------------------------------------------------------------------
[2023-02-16 12:11:00,989] {taskinstance.py:1377} INFO - Executing <Task(PostgresOperator): insert_data> on 2023-02-16 18:10:57.909407+00:00
[2023-02-16 12:11:00,992] {standard_task_runner.py:52} INFO - Started process 79891 to run task
[2023-02-16 12:11:00,993] {standard_task_runner.py:79} INFO - Running: ['***', 'tasks', 'run', '1.6_user_processing', 'insert_data', 'manual__2023-02-16T18:10:57.909407+00:00', '--job-id', '280', '--raw', '--subdir', 'DAGS_FOLDER/Introduction_to_Apache_Airflow/1.6_user_processing.py', '--cfg-path', '/tmp/tmp27sudrt_', '--error-file', '/tmp/tmpyd8gwr23']
[2023-02-16 12:11:00,995] {standard_task_runner.py:80} INFO - Job 280: Subtask insert_data
[2023-02-16 12:11:01,039] {task_command.py:369} INFO - Running <TaskInstance: 1.6_user_processing.insert_data manual__2023-02-16T18:10:57.909407+00:00 [running]> on host Tinmar.
[2023-02-16 12:11:01,088] {taskinstance.py:1569} INFO - Exporting the following env vars:
AIRFLOW_CTX_DAG_OWNER=Tinmar
AIRFLOW_CTX_DAG_ID=1.6_user_processing
AIRFLOW_CTX_TASK_ID=insert_data
AIRFLOW_CTX_EXECUTION_DATE=2023-02-16T18:10:57.909407+00:00
AIRFLOW_CTX_TRY_NUMBER=1
AIRFLOW_CTX_DAG_RUN_ID=manual__2023-02-16T18:10:57.909407+00:00
[2023-02-16 12:11:01,089] {sql.py:254} INFO - Executing: 
                                        INSERT INTO users VALUES ('Tinmar', 'Andrade','México','tinmar','GuruSat.3','tinmar96@gmail.com')
                                    
[2023-02-16 12:11:01,100] {base.py:68} INFO - Using connection ID 'postgres' for task execution.
[2023-02-16 12:11:01,128] {base.py:68} INFO - Using connection ID 'postgres' for task execution.
[2023-02-16 12:11:01,133] {sql.py:375} INFO - Running statement: 
                                        INSERT INTO users VALUES ('Tinmar', 'Andrade','México','tinmar','GuruSat.3','tinmar96@gmail.com')
                                    , parameters: None
[2023-02-16 12:11:01,146] {sql.py:384} INFO - Rows affected: 1
[2023-02-16 12:11:01,159] {taskinstance.py:1395} INFO - Marking task as SUCCESS. dag_id=1.6_user_processing, task_id=insert_data, execution_date=20230216T181057, start_date=20230216T181100, end_date=20230216T181101
[2023-02-16 12:11:01,179] {local_task_job.py:156} INFO - Task exited with return code 0
[2023-02-16 12:11:01,205] {local_task_job.py:273} INFO - 1 downstream tasks scheduled from follow-on schedule check
