[2023-02-13 13:47:28,939] {taskinstance.py:1159} INFO - Dependencies all met for <TaskInstance: subdags_septimo_dag.subdag.python_task scheduled__2023-02-13T19:47:24.550753+00:00 [queued]>
[2023-02-13 13:47:28,944] {taskinstance.py:1159} INFO - Dependencies all met for <TaskInstance: subdags_septimo_dag.subdag.python_task scheduled__2023-02-13T19:47:24.550753+00:00 [queued]>
[2023-02-13 13:47:28,944] {taskinstance.py:1356} INFO - 
--------------------------------------------------------------------------------
[2023-02-13 13:47:28,945] {taskinstance.py:1357} INFO - Starting attempt 1 of 1
[2023-02-13 13:47:28,946] {taskinstance.py:1358} INFO - 
--------------------------------------------------------------------------------
[2023-02-13 13:47:28,954] {taskinstance.py:1377} INFO - Executing <Task(PythonOperator): python_task> on 2023-02-13 19:47:24.550753+00:00
[2023-02-13 13:47:28,956] {standard_task_runner.py:52} INFO - Started process 167970 to run task
[2023-02-13 13:47:28,958] {standard_task_runner.py:79} INFO - Running: ['***', 'tasks', 'run', 'subdags_septimo_dag.subdag', 'python_task', 'scheduled__2023-02-13T19:47:24.550753+00:00', '--job-id', '133', '--raw', '--subdir', 'DAGS_FOLDER/Apache_Airflow/subdags_septimo_dag.py', '--cfg-path', '/tmp/tmpqft07srq', '--error-file', '/tmp/tmp2i0m_26e']
[2023-02-13 13:47:28,960] {standard_task_runner.py:80} INFO - Job 133: Subtask python_task
[2023-02-13 13:47:29,001] {task_command.py:369} INFO - Running <TaskInstance: subdags_septimo_dag.subdag.python_task scheduled__2023-02-13T19:47:24.550753+00:00 [running]> on host Tinmar.
[2023-02-13 13:47:29,047] {taskinstance.py:1569} INFO - Exporting the following env vars:
AIRFLOW_CTX_DAG_OWNER=Tinmar
AIRFLOW_CTX_DAG_ID=subdags_septimo_dag.subdag
AIRFLOW_CTX_TASK_ID=python_task
AIRFLOW_CTX_EXECUTION_DATE=2023-02-13T19:47:24.550753+00:00
AIRFLOW_CTX_TRY_NUMBER=1
AIRFLOW_CTX_DAG_RUN_ID=scheduled__2023-02-13T19:47:24.550753+00:00
[2023-02-13 13:47:29,048] {logging_mixin.py:115} INFO - Hola Mundo
[2023-02-13 13:47:29,048] {python.py:173} INFO - Done. Returned value was: None
[2023-02-13 13:47:29,057] {taskinstance.py:1395} INFO - Marking task as SUCCESS. dag_id=subdags_septimo_dag.subdag, task_id=python_task, execution_date=20230213T194724, start_date=20230213T194728, end_date=20230213T194729
[2023-02-13 13:47:29,101] {local_task_job.py:156} INFO - Task exited with return code 0
[2023-02-13 13:47:29,128] {local_task_job.py:273} INFO - 1 downstream tasks scheduled from follow-on schedule check
