[2023-02-17T08:30:25.974-0600] {taskinstance.py:1165} INFO - Dependencies all met for <TaskInstance: 4.1_group_dag.check_files scheduled__2023-02-16T00:00:00+00:00 [queued]>
[2023-02-17T08:30:25.986-0600] {taskinstance.py:1165} INFO - Dependencies all met for <TaskInstance: 4.1_group_dag.check_files scheduled__2023-02-16T00:00:00+00:00 [queued]>
[2023-02-17T08:30:25.987-0600] {taskinstance.py:1362} INFO - 
--------------------------------------------------------------------------------
[2023-02-17T08:30:25.989-0600] {taskinstance.py:1363} INFO - Starting attempt 1 of 1
[2023-02-17T08:30:25.989-0600] {taskinstance.py:1364} INFO - 
--------------------------------------------------------------------------------
[2023-02-17T08:30:26.000-0600] {taskinstance.py:1383} INFO - Executing <Task(BashOperator): check_files> on 2023-02-16 00:00:00+00:00
[2023-02-17T08:30:26.003-0600] {standard_task_runner.py:54} INFO - Started process 2584 to run task
[2023-02-17T08:30:26.006-0600] {standard_task_runner.py:82} INFO - Running: ['***', 'tasks', 'run', '4.1_group_dag', 'check_files', 'scheduled__2023-02-16T00:00:00+00:00', '--job-id', '345', '--raw', '--subdir', 'DAGS_FOLDER/Introduction_to_Apache_Airflow/4.1_group_dag.py', '--cfg-path', '/tmp/tmp5qojkinh']
[2023-02-17T08:30:26.008-0600] {standard_task_runner.py:83} INFO - Job 345: Subtask check_files
[2023-02-17T08:30:26.009-0600] {dagbag.py:525} INFO - Filling up the DagBag from /c/Airflow/dags/Introduction_to_Apache_Airflow/4.1_group_dag.py
[2023-02-17T08:30:26.141-0600] {task_command.py:384} INFO - Running <TaskInstance: 4.1_group_dag.check_files scheduled__2023-02-16T00:00:00+00:00 [running]> on host Tinmar.
[2023-02-17T08:30:26.203-0600] {taskinstance.py:1590} INFO - Exporting the following env vars:
AIRFLOW_CTX_DAG_OWNER=***
AIRFLOW_CTX_DAG_ID=4.1_group_dag
AIRFLOW_CTX_TASK_ID=check_files
AIRFLOW_CTX_EXECUTION_DATE=2023-02-16T00:00:00+00:00
AIRFLOW_CTX_TRY_NUMBER=1
AIRFLOW_CTX_DAG_RUN_ID=scheduled__2023-02-16T00:00:00+00:00
[2023-02-17T08:30:26.204-0600] {subprocess.py:63} INFO - Tmp dir root location: 
 /tmp
[2023-02-17T08:30:26.205-0600] {subprocess.py:75} INFO - Running command: ['/usr/bin/bash', '-c', 'sleep 10']
[2023-02-17T08:30:26.210-0600] {subprocess.py:86} INFO - Output:
[2023-02-17T08:30:36.211-0600] {subprocess.py:97} INFO - Command exited with return code 0
[2023-02-17T08:30:36.241-0600] {taskinstance.py:1401} INFO - Marking task as SUCCESS. dag_id=4.1_group_dag, task_id=check_files, execution_date=20230216T000000, start_date=20230217T143025, end_date=20230217T143036
[2023-02-17T08:30:36.290-0600] {local_task_job.py:164} INFO - Task exited with return code 0
[2023-02-17T08:30:36.314-0600] {local_task_job.py:273} INFO - 3 downstream tasks scheduled from follow-on schedule check
