[2023-02-02 10:30:16,085] {taskinstance.py:1159} INFO - Dependencies all met for <TaskInstance: 6_dataproc_airflow.par_task.avg_uprice manual__2023-02-02T16:25:47.088667+00:00 [queued]>
[2023-02-02 10:30:16,120] {taskinstance.py:1159} INFO - Dependencies all met for <TaskInstance: 6_dataproc_airflow.par_task.avg_uprice manual__2023-02-02T16:25:47.088667+00:00 [queued]>
[2023-02-02 10:30:16,121] {taskinstance.py:1356} INFO - 
--------------------------------------------------------------------------------
[2023-02-02 10:30:16,124] {taskinstance.py:1357} INFO - Starting attempt 1 of 1
[2023-02-02 10:30:16,125] {taskinstance.py:1358} INFO - 
--------------------------------------------------------------------------------
[2023-02-02 10:30:16,169] {taskinstance.py:1377} INFO - Executing <Task(DataprocSubmitJobOperator): par_task.avg_uprice> on 2023-02-02 16:25:47.088667+00:00
[2023-02-02 10:30:16,170] {standard_task_runner.py:52} INFO - Started process 18022 to run task
[2023-02-02 10:30:16,172] {standard_task_runner.py:79} INFO - Running: ['airflow', 'tasks', 'run', '6_dataproc_airflow', 'par_task.avg_uprice', 'manual__2023-02-02T16:25:47.088667+00:00', '--job-id', '172', '--raw', '--subdir', 'DAGS_FOLDER/Airflow2_0_De_0_a_Heroe/6_dataproc_airflow.py', '--cfg-path', '/tmp/tmplv9di9y_', '--error-file', '/tmp/tmpj511cg46']
[2023-02-02 10:30:16,173] {standard_task_runner.py:80} INFO - Job 172: Subtask par_task.avg_uprice
[2023-02-02 10:30:16,245] {task_command.py:369} INFO - Running <TaskInstance: 6_dataproc_airflow.par_task.avg_uprice manual__2023-02-02T16:25:47.088667+00:00 [running]> on host Tinmar.
[2023-02-02 10:30:16,358] {taskinstance.py:1569} INFO - Exporting the following env vars:
AIRFLOW_CTX_DAG_OWNER=David S
AIRFLOW_CTX_DAG_ID=6_dataproc_airflow
AIRFLOW_CTX_TASK_ID=par_task.avg_uprice
AIRFLOW_CTX_EXECUTION_DATE=2023-02-02T16:25:47.088667+00:00
AIRFLOW_CTX_TRY_NUMBER=1
AIRFLOW_CTX_DAG_RUN_ID=manual__2023-02-02T16:25:47.088667+00:00
[2023-02-02 10:30:16,359] {dataproc.py:1866} INFO - Submitting job
[2023-02-02 10:30:16,374] {base.py:68} INFO - Using connection ID 'google_cloud_default' for task execution.
[2023-02-02 10:30:17,159] {dataproc.py:1878} INFO - Job PARTASK_dfa23fbf_avg_uprice submitted successfully.
[2023-02-02 10:30:17,193] {dataproc.py:1898} INFO - Waiting for job PARTASK_dfa23fbf_avg_uprice to complete
[2023-02-02 10:30:59,018] {taskinstance.py:1889} ERROR - Task failed with exception
Traceback (most recent call last):
  File "/home/tinmar/.local/lib/python3.10/site-packages/airflow/providers/google/cloud/operators/dataproc.py", line 1899, in execute
    self.hook.wait_for_job(
  File "/home/tinmar/.local/lib/python3.10/site-packages/airflow/providers/google/common/hooks/base_google.py", line 462, in inner_wrapper
    return func(self, *args, **kwargs)
  File "/home/tinmar/.local/lib/python3.10/site-packages/airflow/providers/google/cloud/hooks/dataproc.py", line 713, in wait_for_job
    raise AirflowException(f"Job failed:\n{job}")
airflow.exceptions.AirflowException: Job failed:
reference {
  project_id: "serene-gradient-371719"
  job_id: "PARTASK_dfa23fbf_avg_uprice"
}
placement {
  cluster_name: "airflow-spark-cluster"
  cluster_uuid: "c0489a9b-f112-43e1-a3bb-a0f5469ef0ff"
}
pyspark_job {
  main_python_file_uri: "gs://airflow_spark_bucket/par_task/avg_uprice.py"
  jar_file_uris: "gs://spark-lib/bigquery/spark-bigquery-latest_2.12.jar"
}
status {
  state: ERROR
  details: "Google Cloud Dataproc Agent reports job failure. If logs are available, they can be found at:\nhttps://console.cloud.google.com/dataproc/jobs/PARTASK_dfa23fbf_avg_uprice?project=serene-gradient-371719&region=us-central1\ngcloud dataproc jobs wait \'PARTASK_dfa23fbf_avg_uprice\' --region \'us-central1\' --project \'serene-gradient-371719\'\nhttps://console.cloud.google.com/storage/browser/airflow_spark_bucket/google-cloud-dataproc-metainfo/c0489a9b-f112-43e1-a3bb-a0f5469ef0ff/jobs/PARTASK_dfa23fbf_avg_uprice/\ngs://airflow_spark_bucket/google-cloud-dataproc-metainfo/c0489a9b-f112-43e1-a3bb-a0f5469ef0ff/jobs/PARTASK_dfa23fbf_avg_uprice/driveroutput"
  state_start_time {
    seconds: 1675355451
    nanos: 412173000
  }
}
yarn_applications {
  name: "bigquery-analytics-avg-uprice"
  state: FINISHED
  progress: 1.0
  tracking_url: "http://airflow-spark-cluster-m:8088/proxy/application_1675355232634_0003/"
}
status_history {
  state: PENDING
  state_start_time {
    seconds: 1675355417
    nanos: 171364000
  }
}
status_history {
  state: SETUP_DONE
  state_start_time {
    seconds: 1675355417
    nanos: 207835000
  }
}
status_history {
  state: RUNNING
  state_start_time {
    seconds: 1675355417
    nanos: 467973000
  }
}
driver_control_files_uri: "gs://airflow_spark_bucket/google-cloud-dataproc-metainfo/c0489a9b-f112-43e1-a3bb-a0f5469ef0ff/jobs/PARTASK_dfa23fbf_avg_uprice/"
driver_output_resource_uri: "gs://airflow_spark_bucket/google-cloud-dataproc-metainfo/c0489a9b-f112-43e1-a3bb-a0f5469ef0ff/jobs/PARTASK_dfa23fbf_avg_uprice/driveroutput"
labels {
  key: "airflow-version"
  value: "v2-3-0"
}
job_uuid: "d30dbbd2-abe1-4a44-8412-312f5d8586d1"
done: true

[2023-02-02 10:30:59,023] {taskinstance.py:1395} INFO - Marking task as FAILED. dag_id=6_dataproc_airflow, task_id=par_task.avg_uprice, execution_date=20230202T162547, start_date=20230202T163016, end_date=20230202T163059
[2023-02-02 10:30:59,050] {standard_task_runner.py:92} ERROR - Failed to execute job 172 for task par_task.avg_uprice (Job failed:
reference {
  project_id: "serene-gradient-371719"
  job_id: "PARTASK_dfa23fbf_avg_uprice"
}
placement {
  cluster_name: "airflow-spark-cluster"
  cluster_uuid: "c0489a9b-f112-43e1-a3bb-a0f5469ef0ff"
}
pyspark_job {
  main_python_file_uri: "gs://airflow_spark_bucket/par_task/avg_uprice.py"
  jar_file_uris: "gs://spark-lib/bigquery/spark-bigquery-latest_2.12.jar"
}
status {
  state: ERROR
  details: "Google Cloud Dataproc Agent reports job failure. If logs are available, they can be found at:\nhttps://console.cloud.google.com/dataproc/jobs/PARTASK_dfa23fbf_avg_uprice?project=serene-gradient-371719&region=us-central1\ngcloud dataproc jobs wait \'PARTASK_dfa23fbf_avg_uprice\' --region \'us-central1\' --project \'serene-gradient-371719\'\nhttps://console.cloud.google.com/storage/browser/airflow_spark_bucket/google-cloud-dataproc-metainfo/c0489a9b-f112-43e1-a3bb-a0f5469ef0ff/jobs/PARTASK_dfa23fbf_avg_uprice/\ngs://airflow_spark_bucket/google-cloud-dataproc-metainfo/c0489a9b-f112-43e1-a3bb-a0f5469ef0ff/jobs/PARTASK_dfa23fbf_avg_uprice/driveroutput"
  state_start_time {
    seconds: 1675355451
    nanos: 412173000
  }
}
yarn_applications {
  name: "bigquery-analytics-avg-uprice"
  state: FINISHED
  progress: 1.0
  tracking_url: "http://airflow-spark-cluster-m:8088/proxy/application_1675355232634_0003/"
}
status_history {
  state: PENDING
  state_start_time {
    seconds: 1675355417
    nanos: 171364000
  }
}
status_history {
  state: SETUP_DONE
  state_start_time {
    seconds: 1675355417
    nanos: 207835000
  }
}
status_history {
  state: RUNNING
  state_start_time {
    seconds: 1675355417
    nanos: 467973000
  }
}
driver_control_files_uri: "gs://airflow_spark_bucket/google-cloud-dataproc-metainfo/c0489a9b-f112-43e1-a3bb-a0f5469ef0ff/jobs/PARTASK_dfa23fbf_avg_uprice/"
driver_output_resource_uri: "gs://airflow_spark_bucket/google-cloud-dataproc-metainfo/c0489a9b-f112-43e1-a3bb-a0f5469ef0ff/jobs/PARTASK_dfa23fbf_avg_uprice/driveroutput"
labels {
  key: "airflow-version"
  value: "v2-3-0"
}
job_uuid: "d30dbbd2-abe1-4a44-8412-312f5d8586d1"
done: true
; 18022)
[2023-02-02 10:30:59,075] {local_task_job.py:156} INFO - Task exited with return code 1
