[2023-02-01 17:53:37,313] {taskinstance.py:1159} INFO - Dependencies all met for <TaskInstance: 6_dataproc_airflow.create_cluster manual__2023-02-01T23:53:34.596502+00:00 [queued]>
[2023-02-01 17:53:37,326] {taskinstance.py:1159} INFO - Dependencies all met for <TaskInstance: 6_dataproc_airflow.create_cluster manual__2023-02-01T23:53:34.596502+00:00 [queued]>
[2023-02-01 17:53:37,326] {taskinstance.py:1356} INFO - 
--------------------------------------------------------------------------------
[2023-02-01 17:53:37,327] {taskinstance.py:1357} INFO - Starting attempt 1 of 1
[2023-02-01 17:53:37,327] {taskinstance.py:1358} INFO - 
--------------------------------------------------------------------------------
[2023-02-01 17:53:37,356] {taskinstance.py:1377} INFO - Executing <Task(DataprocCreateClusterOperator): create_cluster> on 2023-02-01 23:53:34.596502+00:00
[2023-02-01 17:53:37,360] {standard_task_runner.py:52} INFO - Started process 14100 to run task
[2023-02-01 17:53:37,362] {standard_task_runner.py:79} INFO - Running: ['airflow', 'tasks', 'run', '6_dataproc_airflow', 'create_cluster', 'manual__2023-02-01T23:53:34.596502+00:00', '--job-id', '136', '--raw', '--subdir', 'DAGS_FOLDER/Airflow2_0_De_0_a_Heroe/6_dataproc_airflow.py', '--cfg-path', '/tmp/tmpuerzofb7', '--error-file', '/tmp/tmp56qgac3y']
[2023-02-01 17:53:37,363] {standard_task_runner.py:80} INFO - Job 136: Subtask create_cluster
[2023-02-01 17:53:37,428] {task_command.py:369} INFO - Running <TaskInstance: 6_dataproc_airflow.create_cluster manual__2023-02-01T23:53:34.596502+00:00 [running]> on host Tinmar.
[2023-02-01 17:53:37,528] {taskinstance.py:1569} INFO - Exporting the following env vars:
AIRFLOW_CTX_DAG_OWNER=David S
AIRFLOW_CTX_DAG_ID=6_dataproc_airflow
AIRFLOW_CTX_TASK_ID=create_cluster
AIRFLOW_CTX_EXECUTION_DATE=2023-02-01T23:53:34.596502+00:00
AIRFLOW_CTX_TRY_NUMBER=1
AIRFLOW_CTX_DAG_RUN_ID=manual__2023-02-01T23:53:34.596502+00:00
[2023-02-01 17:53:37,530] {dataproc.py:591} INFO - Creating cluster: airflow-spark-cluster
[2023-02-01 17:53:37,540] {base.py:68} INFO - Using connection ID 'google_cloud_default' for task execution.
[2023-02-01 17:56:25,074] {dataproc.py:535} INFO - Cluster created.
[2023-02-01 17:56:25,133] {taskinstance.py:1395} INFO - Marking task as SUCCESS. dag_id=6_dataproc_airflow, task_id=create_cluster, execution_date=20230201T235334, start_date=20230201T235337, end_date=20230201T235625
[2023-02-01 17:56:25,179] {local_task_job.py:156} INFO - Task exited with return code 0
