[2023-02-16T13:52:26.150-0600] {taskinstance.py:1165} INFO - Dependencies all met for <TaskInstance: producer.update_dataset manual__2023-02-16T19:52:25.669441+00:00 [queued]>
[2023-02-16T13:52:26.163-0600] {taskinstance.py:1165} INFO - Dependencies all met for <TaskInstance: producer.update_dataset manual__2023-02-16T19:52:25.669441+00:00 [queued]>
[2023-02-16T13:52:26.164-0600] {taskinstance.py:1362} INFO - 
--------------------------------------------------------------------------------
[2023-02-16T13:52:26.167-0600] {taskinstance.py:1363} INFO - Starting attempt 1 of 1
[2023-02-16T13:52:26.168-0600] {taskinstance.py:1364} INFO - 
--------------------------------------------------------------------------------
[2023-02-16T13:52:26.180-0600] {taskinstance.py:1383} INFO - Executing <Task(_PythonDecoratedOperator): update_dataset> on 2023-02-16 19:52:25.669441+00:00
[2023-02-16T13:52:26.183-0600] {standard_task_runner.py:54} INFO - Started process 121882 to run task
[2023-02-16T13:52:26.186-0600] {standard_task_runner.py:82} INFO - Running: ['***', 'tasks', 'run', 'producer', 'update_dataset', 'manual__2023-02-16T19:52:25.669441+00:00', '--job-id', '288', '--raw', '--subdir', 'DAGS_FOLDER/Introduction_to_Apache_Airflow/producer.py', '--cfg-path', '/tmp/tmphppfhfmk']
[2023-02-16T13:52:26.189-0600] {standard_task_runner.py:83} INFO - Job 288: Subtask update_dataset
[2023-02-16T13:52:26.190-0600] {dagbag.py:525} INFO - Filling up the DagBag from /c/Airflow/dags/Introduction_to_Apache_Airflow/producer.py
[2023-02-16T13:52:26.374-0600] {task_command.py:384} INFO - Running <TaskInstance: producer.update_dataset manual__2023-02-16T19:52:25.669441+00:00 [running]> on host Tinmar.
[2023-02-16T13:52:26.445-0600] {taskinstance.py:1590} INFO - Exporting the following env vars:
AIRFLOW_CTX_DAG_OWNER=***
AIRFLOW_CTX_DAG_ID=producer
AIRFLOW_CTX_TASK_ID=update_dataset
AIRFLOW_CTX_EXECUTION_DATE=2023-02-16T19:52:25.669441+00:00
AIRFLOW_CTX_TRY_NUMBER=1
AIRFLOW_CTX_DAG_RUN_ID=manual__2023-02-16T19:52:25.669441+00:00
[2023-02-16T13:52:26.446-0600] {python.py:177} INFO - Done. Returned value was: None
[2023-02-16T13:52:26.458-0600] {taskinstance.py:1401} INFO - Marking task as SUCCESS. dag_id=producer, task_id=update_dataset, execution_date=20230216T195225, start_date=20230216T195226, end_date=20230216T195226
[2023-02-16T13:52:26.498-0600] {local_task_job.py:164} INFO - Task exited with return code 0
[2023-02-16T13:52:26.515-0600] {local_task_job.py:273} INFO - 0 downstream tasks scheduled from follow-on schedule check
