[2023-02-14 13:03:13,797] {taskinstance.py:1159} INFO - Dependencies all met for <TaskInstance: 12_manually_defined_dag.task_1 manual__2023-02-14T19:03:11.595357+00:00 [queued]>
[2023-02-14 13:03:13,804] {taskinstance.py:1159} INFO - Dependencies all met for <TaskInstance: 12_manually_defined_dag.task_1 manual__2023-02-14T19:03:11.595357+00:00 [queued]>
[2023-02-14 13:03:13,804] {taskinstance.py:1356} INFO - 
--------------------------------------------------------------------------------
[2023-02-14 13:03:13,807] {taskinstance.py:1357} INFO - Starting attempt 1 of 1
[2023-02-14 13:03:13,807] {taskinstance.py:1358} INFO - 
--------------------------------------------------------------------------------
[2023-02-14 13:03:13,815] {taskinstance.py:1377} INFO - Executing <Task(BashOperator): task_1> on 2023-02-14 19:03:11.595357+00:00
[2023-02-14 13:03:13,818] {standard_task_runner.py:52} INFO - Started process 397910 to run task
[2023-02-14 13:03:13,820] {standard_task_runner.py:79} INFO - Running: ['***', 'tasks', 'run', '12_manually_defined_dag', 'task_1', 'manual__2023-02-14T19:03:11.595357+00:00', '--job-id', '202', '--raw', '--subdir', 'DAGS_FOLDER/Apache_Airflow/12_manually_defined_dag.py', '--cfg-path', '/tmp/tmp3uijj0lr', '--error-file', '/tmp/tmpxi4vq5x0']
[2023-02-14 13:03:13,822] {standard_task_runner.py:80} INFO - Job 202: Subtask task_1
[2023-02-14 13:03:13,879] {task_command.py:369} INFO - Running <TaskInstance: 12_manually_defined_dag.task_1 manual__2023-02-14T19:03:11.595357+00:00 [running]> on host Tinmar.
[2023-02-14 13:03:13,937] {taskinstance.py:1569} INFO - Exporting the following env vars:
AIRFLOW_CTX_DAG_OWNER=***
AIRFLOW_CTX_DAG_ID=12_manually_defined_dag
AIRFLOW_CTX_TASK_ID=task_1
AIRFLOW_CTX_EXECUTION_DATE=2023-02-14T19:03:11.595357+00:00
AIRFLOW_CTX_TRY_NUMBER=1
AIRFLOW_CTX_DAG_RUN_ID=manual__2023-02-14T19:03:11.595357+00:00
[2023-02-14 13:03:13,939] {subprocess.py:62} INFO - Tmp dir root location: 
 /tmp
[2023-02-14 13:03:13,940] {subprocess.py:74} INFO - Running command: ['bash', '-c', 'echo 1000']
[2023-02-14 13:03:13,944] {subprocess.py:85} INFO - Output:
[2023-02-14 13:03:13,945] {subprocess.py:92} INFO - 1000
[2023-02-14 13:03:13,945] {subprocess.py:96} INFO - Command exited with return code 0
[2023-02-14 13:03:13,971] {taskinstance.py:1395} INFO - Marking task as SUCCESS. dag_id=12_manually_defined_dag, task_id=task_1, execution_date=20230214T190311, start_date=20230214T190313, end_date=20230214T190313
[2023-02-14 13:03:13,993] {local_task_job.py:156} INFO - Task exited with return code 0
[2023-02-14 13:03:14,030] {local_task_job.py:273} INFO - 1 downstream tasks scheduled from follow-on schedule check
