[2023-02-02 10:47:12,595] {taskinstance.py:1159} INFO - Dependencies all met for <TaskInstance: 6_dataproc_airflow.impar_task manual__2023-02-02T16:44:53.959572+00:00 [queued]>
[2023-02-02 10:47:12,612] {taskinstance.py:1159} INFO - Dependencies all met for <TaskInstance: 6_dataproc_airflow.impar_task manual__2023-02-02T16:44:53.959572+00:00 [queued]>
[2023-02-02 10:47:12,612] {taskinstance.py:1356} INFO - 
--------------------------------------------------------------------------------
[2023-02-02 10:47:12,615] {taskinstance.py:1357} INFO - Starting attempt 1 of 1
[2023-02-02 10:47:12,615] {taskinstance.py:1358} INFO - 
--------------------------------------------------------------------------------
[2023-02-02 10:47:12,646] {taskinstance.py:1377} INFO - Executing <Task(DataprocSubmitJobOperator): impar_task> on 2023-02-02 16:44:53.959572+00:00
[2023-02-02 10:47:12,648] {standard_task_runner.py:52} INFO - Started process 18720 to run task
[2023-02-02 10:47:12,650] {standard_task_runner.py:79} INFO - Running: ['airflow', 'tasks', 'run', '6_dataproc_airflow', 'impar_task', 'manual__2023-02-02T16:44:53.959572+00:00', '--job-id', '180', '--raw', '--subdir', 'DAGS_FOLDER/Airflow2_0_De_0_a_Heroe/6_dataproc_airflow.py', '--cfg-path', '/tmp/tmp3xyo6hm_', '--error-file', '/tmp/tmp6gzctpp0']
[2023-02-02 10:47:12,651] {standard_task_runner.py:80} INFO - Job 180: Subtask impar_task
[2023-02-02 10:47:12,750] {task_command.py:369} INFO - Running <TaskInstance: 6_dataproc_airflow.impar_task manual__2023-02-02T16:44:53.959572+00:00 [running]> on host Tinmar.
[2023-02-02 10:47:12,909] {taskinstance.py:1569} INFO - Exporting the following env vars:
AIRFLOW_CTX_DAG_OWNER=David S
AIRFLOW_CTX_DAG_ID=6_dataproc_airflow
AIRFLOW_CTX_TASK_ID=impar_task
AIRFLOW_CTX_EXECUTION_DATE=2023-02-02T16:44:53.959572+00:00
AIRFLOW_CTX_TRY_NUMBER=1
AIRFLOW_CTX_DAG_RUN_ID=manual__2023-02-02T16:44:53.959572+00:00
[2023-02-02 10:47:12,910] {dataproc.py:1866} INFO - Submitting job
[2023-02-02 10:47:12,921] {base.py:68} INFO - Using connection ID 'google_cloud_default' for task execution.
[2023-02-02 10:47:13,435] {dataproc.py:1878} INFO - Job IMPARTASK_dfa23fbf submitted successfully.
[2023-02-02 10:47:13,477] {dataproc.py:1898} INFO - Waiting for job IMPARTASK_dfa23fbf to complete
[2023-02-02 10:48:16,059] {dataproc.py:1902} INFO - Job IMPARTASK_dfa23fbf completed successfully.
[2023-02-02 10:48:16,110] {taskinstance.py:1395} INFO - Marking task as SUCCESS. dag_id=6_dataproc_airflow, task_id=impar_task, execution_date=20230202T164453, start_date=20230202T164712, end_date=20230202T164816
[2023-02-02 10:48:16,172] {local_task_job.py:156} INFO - Task exited with return code 0
