[2023-01-31 17:13:46,852] {taskinstance.py:1159} INFO - Dependencies all met for <TaskInstance: 2.2_aws_storage_bigquery.transferir_aws scheduled__2023-01-31T00:00:00+00:00 [queued]>
[2023-01-31 17:13:46,865] {taskinstance.py:1159} INFO - Dependencies all met for <TaskInstance: 2.2_aws_storage_bigquery.transferir_aws scheduled__2023-01-31T00:00:00+00:00 [queued]>
[2023-01-31 17:13:46,866] {taskinstance.py:1356} INFO - 
--------------------------------------------------------------------------------
[2023-01-31 17:13:46,868] {taskinstance.py:1357} INFO - Starting attempt 1 of 1
[2023-01-31 17:13:46,868] {taskinstance.py:1358} INFO - 
--------------------------------------------------------------------------------
[2023-01-31 17:13:46,897] {taskinstance.py:1377} INFO - Executing <Task(S3ToGCSOperator): transferir_aws> on 2023-01-31 00:00:00+00:00
[2023-01-31 17:13:46,899] {standard_task_runner.py:52} INFO - Started process 13437 to run task
[2023-01-31 17:13:46,901] {standard_task_runner.py:79} INFO - Running: ['airflow', 'tasks', 'run', '2.2_aws_storage_bigquery', 'transferir_aws', 'scheduled__2023-01-31T00:00:00+00:00', '--job-id', '81', '--raw', '--subdir', 'DAGS_FOLDER/Airflow2.0-De-0-a-Heroe/2.2_aws_storage_bigquery.py', '--cfg-path', '/tmp/tmpas75_jtf', '--error-file', '/tmp/tmpnmj30i3v']
[2023-01-31 17:13:46,902] {standard_task_runner.py:80} INFO - Job 81: Subtask transferir_aws
[2023-01-31 17:13:46,965] {task_command.py:369} INFO - Running <TaskInstance: 2.2_aws_storage_bigquery.transferir_aws scheduled__2023-01-31T00:00:00+00:00 [running]> on host Tinmar.
[2023-01-31 17:13:47,049] {taskinstance.py:1569} INFO - Exporting the following env vars:
AIRFLOW_CTX_DAG_OWNER=Rodrigo N
AIRFLOW_CTX_DAG_ID=2.2_aws_storage_bigquery
AIRFLOW_CTX_TASK_ID=transferir_aws
AIRFLOW_CTX_EXECUTION_DATE=2023-01-31T00:00:00+00:00
AIRFLOW_CTX_TRY_NUMBER=1
AIRFLOW_CTX_DAG_RUN_ID=scheduled__2023-01-31T00:00:00+00:00
[2023-01-31 17:13:47,050] {s3.py:679} INFO - Getting the list of files from bucket: airflow23-bucket in prefix: retail_ (Delimiter )
[2023-01-31 17:13:47,063] {base.py:68} INFO - Using connection ID 'aws_default' for task execution.
[2023-01-31 17:13:47,067] {logging_mixin.py:115} WARNING - <string>:8 UserWarning: AWS Connection (conn_id='aws_default', conn_type='ftp') expected connection type 'aws', got 'ftp'. This connection might not work correctly. Please use Amazon Web Services Connection type.
[2023-01-31 17:13:47,067] {connection_wrapper.py:334} INFO - AWS Connection (conn_id='aws_default', conn_type='ftp') credentials retrieved from login and password.
[2023-01-31 17:13:47,674] {taskinstance.py:1889} ERROR - Task failed with exception
Traceback (most recent call last):
  File "/home/tinmar/.local/lib/python3.10/site-packages/airflow/providers/google/cloud/transfers/s3_to_gcs.py", line 147, in execute
    files = super().execute(context)
  File "/home/tinmar/.local/lib/python3.10/site-packages/airflow/providers/amazon/aws/operators/s3.py", line 686, in execute
    return hook.list_keys(bucket_name=self.bucket, prefix=self.prefix, delimiter=self.delimiter)
  File "/home/tinmar/.local/lib/python3.10/site-packages/airflow/providers/amazon/aws/hooks/s3.py", line 70, in wrapper
    return func(*bound_args.args, **bound_args.kwargs)
  File "/home/tinmar/.local/lib/python3.10/site-packages/airflow/providers/amazon/aws/hooks/s3.py", line 414, in list_keys
    for page in response:
  File "/home/tinmar/.local/lib/python3.10/site-packages/botocore/paginate.py", line 269, in __iter__
    response = self._make_request(current_kwargs)
  File "/home/tinmar/.local/lib/python3.10/site-packages/botocore/paginate.py", line 357, in _make_request
    return self._method(**current_kwargs)
  File "/home/tinmar/.local/lib/python3.10/site-packages/botocore/client.py", line 530, in _api_call
    return self._make_api_call(operation_name, kwargs)
  File "/home/tinmar/.local/lib/python3.10/site-packages/botocore/client.py", line 960, in _make_api_call
    raise error_class(parsed_response, operation_name)
botocore.exceptions.ClientError: An error occurred (RequestTimeTooSkewed) when calling the ListObjectsV2 operation: The difference between the request time and the current time is too large.
[2023-01-31 17:13:47,686] {taskinstance.py:1395} INFO - Marking task as FAILED. dag_id=2.2_aws_storage_bigquery, task_id=transferir_aws, execution_date=20230131T000000, start_date=20230201T001346, end_date=20230201T001347
[2023-01-31 17:13:47,707] {standard_task_runner.py:92} ERROR - Failed to execute job 81 for task transferir_aws (An error occurred (RequestTimeTooSkewed) when calling the ListObjectsV2 operation: The difference between the request time and the current time is too large.; 13437)
[2023-01-31 17:13:47,716] {local_task_job.py:156} INFO - Task exited with return code 1
[2023-01-31 17:13:47,762] {local_task_job.py:273} INFO - 0 downstream tasks scheduled from follow-on schedule check
