[2023-01-31 17:13:39,052] {taskinstance.py:1159} INFO - Dependencies all met for <TaskInstance: 1_mi_primer_dag.bash_task scheduled__2023-01-31T00:00:00+00:00 [queued]>
[2023-01-31 17:13:39,065] {taskinstance.py:1159} INFO - Dependencies all met for <TaskInstance: 1_mi_primer_dag.bash_task scheduled__2023-01-31T00:00:00+00:00 [queued]>
[2023-01-31 17:13:39,066] {taskinstance.py:1356} INFO - 
--------------------------------------------------------------------------------
[2023-01-31 17:13:39,066] {taskinstance.py:1357} INFO - Starting attempt 1 of 1
[2023-01-31 17:13:39,067] {taskinstance.py:1358} INFO - 
--------------------------------------------------------------------------------
[2023-01-31 17:13:39,105] {taskinstance.py:1377} INFO - Executing <Task(BashOperator): bash_task> on 2023-01-31 00:00:00+00:00
[2023-01-31 17:13:39,106] {standard_task_runner.py:52} INFO - Started process 13376 to run task
[2023-01-31 17:13:39,108] {standard_task_runner.py:79} INFO - Running: ['airflow', 'tasks', 'run', '1_mi_primer_dag', 'bash_task', 'scheduled__2023-01-31T00:00:00+00:00', '--job-id', '77', '--raw', '--subdir', 'DAGS_FOLDER/Airflow2.0-De-0-a-Heroe/1_mi_primer_dag.py', '--cfg-path', '/tmp/tmpqgrw1_d3', '--error-file', '/tmp/tmpjhpokkmx']
[2023-01-31 17:13:39,109] {standard_task_runner.py:80} INFO - Job 77: Subtask bash_task
[2023-01-31 17:13:39,176] {task_command.py:369} INFO - Running <TaskInstance: 1_mi_primer_dag.bash_task scheduled__2023-01-31T00:00:00+00:00 [running]> on host Tinmar.
[2023-01-31 17:13:39,268] {taskinstance.py:1569} INFO - Exporting the following env vars:
AIRFLOW_CTX_DAG_OWNER=David S
AIRFLOW_CTX_DAG_ID=1_mi_primer_dag
AIRFLOW_CTX_TASK_ID=bash_task
AIRFLOW_CTX_EXECUTION_DATE=2023-01-31T00:00:00+00:00
AIRFLOW_CTX_TRY_NUMBER=1
AIRFLOW_CTX_DAG_RUN_ID=scheduled__2023-01-31T00:00:00+00:00
[2023-01-31 17:13:39,274] {subprocess.py:62} INFO - Tmp dir root location: 
 /tmp
[2023-01-31 17:13:39,275] {subprocess.py:74} INFO - Running command: ['bash', '-c', 'echo "---> Mi primer DAG en Apache Airflow!, Fecha: $TODAY"']
[2023-01-31 17:13:39,278] {subprocess.py:85} INFO - Output:
[2023-01-31 17:13:39,278] {subprocess.py:92} INFO - ---> Mi primer DAG en Apache Airflow!, Fecha: 2023-01-31
[2023-01-31 17:13:39,279] {subprocess.py:96} INFO - Command exited with return code 0
[2023-01-31 17:13:39,319] {taskinstance.py:1395} INFO - Marking task as SUCCESS. dag_id=1_mi_primer_dag, task_id=bash_task, execution_date=20230131T000000, start_date=20230201T001339, end_date=20230201T001339
[2023-01-31 17:13:39,361] {local_task_job.py:156} INFO - Task exited with return code 0
[2023-01-31 17:13:39,413] {local_task_job.py:273} INFO - 1 downstream tasks scheduled from follow-on schedule check
