[2023-02-13 12:18:04,942] {taskinstance.py:1159} INFO - Dependencies all met for <TaskInstance: jinja_macros_quinto_dag.jinja_1 manual__2023-02-13T18:18:03.246075+00:00 [queued]>
[2023-02-13 12:18:04,951] {taskinstance.py:1159} INFO - Dependencies all met for <TaskInstance: jinja_macros_quinto_dag.jinja_1 manual__2023-02-13T18:18:03.246075+00:00 [queued]>
[2023-02-13 12:18:04,953] {taskinstance.py:1356} INFO - 
--------------------------------------------------------------------------------
[2023-02-13 12:18:04,954] {taskinstance.py:1357} INFO - Starting attempt 1 of 1
[2023-02-13 12:18:04,955] {taskinstance.py:1358} INFO - 
--------------------------------------------------------------------------------
[2023-02-13 12:18:04,966] {taskinstance.py:1377} INFO - Executing <Task(BashOperator): jinja_1> on 2023-02-13 18:18:03.246075+00:00
[2023-02-13 12:18:04,972] {standard_task_runner.py:52} INFO - Started process 111482 to run task
[2023-02-13 12:18:04,979] {standard_task_runner.py:79} INFO - Running: ['***', 'tasks', 'run', 'jinja_macros_quinto_dag', 'jinja_1', 'manual__2023-02-13T18:18:03.246075+00:00', '--job-id', '115', '--raw', '--subdir', 'DAGS_FOLDER/Apache_Airflow/jinja_macros_quinto_dag.py', '--cfg-path', '/tmp/tmp5wu_xjfg', '--error-file', '/tmp/tmpyhw19bgv']
[2023-02-13 12:18:04,983] {standard_task_runner.py:80} INFO - Job 115: Subtask jinja_1
[2023-02-13 12:18:05,055] {task_command.py:369} INFO - Running <TaskInstance: jinja_macros_quinto_dag.jinja_1 manual__2023-02-13T18:18:03.246075+00:00 [running]> on host Tinmar.
[2023-02-13 12:18:05,127] {taskinstance.py:1569} INFO - Exporting the following env vars:
AIRFLOW_CTX_DAG_OWNER=Tinmar
AIRFLOW_CTX_DAG_ID=jinja_macros_quinto_dag
AIRFLOW_CTX_TASK_ID=jinja_1
AIRFLOW_CTX_EXECUTION_DATE=2023-02-13T18:18:03.246075+00:00
AIRFLOW_CTX_TRY_NUMBER=1
AIRFLOW_CTX_DAG_RUN_ID=manual__2023-02-13T18:18:03.246075+00:00
[2023-02-13 12:18:05,129] {subprocess.py:62} INFO - Tmp dir root location: 
 /tmp
[2023-02-13 12:18:05,130] {subprocess.py:74} INFO - Running command: ['bash', '-c', 'echo 2023-02-13']
[2023-02-13 12:18:05,138] {subprocess.py:85} INFO - Output:
[2023-02-13 12:18:05,139] {subprocess.py:92} INFO - 2023-02-13
[2023-02-13 12:18:05,140] {subprocess.py:96} INFO - Command exited with return code 0
[2023-02-13 12:18:05,173] {taskinstance.py:1395} INFO - Marking task as SUCCESS. dag_id=jinja_macros_quinto_dag, task_id=jinja_1, execution_date=20230213T181803, start_date=20230213T181804, end_date=20230213T181805
[2023-02-13 12:18:05,196] {local_task_job.py:156} INFO - Task exited with return code 0
[2023-02-13 12:18:05,228] {local_task_job.py:273} INFO - 0 downstream tasks scheduled from follow-on schedule check
