[2023-02-01 09:04:47,118] {taskinstance.py:1159} INFO - Dependencies all met for <TaskInstance: 0_airflow_variables.python_task scheduled__2023-01-31T12:30:00+00:00 [queued]>
[2023-02-01 09:04:47,146] {taskinstance.py:1159} INFO - Dependencies all met for <TaskInstance: 0_airflow_variables.python_task scheduled__2023-01-31T12:30:00+00:00 [queued]>
[2023-02-01 09:04:47,147] {taskinstance.py:1356} INFO - 
--------------------------------------------------------------------------------
[2023-02-01 09:04:47,148] {taskinstance.py:1357} INFO - Starting attempt 1 of 1
[2023-02-01 09:04:47,149] {taskinstance.py:1358} INFO - 
--------------------------------------------------------------------------------
[2023-02-01 09:04:47,204] {taskinstance.py:1377} INFO - Executing <Task(PythonOperator): python_task> on 2023-01-31 12:30:00+00:00
[2023-02-01 09:04:47,206] {standard_task_runner.py:52} INFO - Started process 167 to run task
[2023-02-01 09:04:47,208] {standard_task_runner.py:79} INFO - Running: ['airflow', 'tasks', 'run', '0_airflow_variables', 'python_task', 'scheduled__2023-01-31T12:30:00+00:00', '--job-id', '102', '--raw', '--subdir', 'DAGS_FOLDER/Airflow2.0-De-0-a-Heroe/0_airflow_variables.py', '--cfg-path', '/tmp/tmpicn0viod', '--error-file', '/tmp/tmpodjmhrwi']
[2023-02-01 09:04:47,209] {standard_task_runner.py:80} INFO - Job 102: Subtask python_task
[2023-02-01 09:04:47,356] {task_command.py:369} INFO - Running <TaskInstance: 0_airflow_variables.python_task scheduled__2023-01-31T12:30:00+00:00 [running]> on host Tinmar.
[2023-02-01 09:04:47,583] {taskinstance.py:1569} INFO - Exporting the following env vars:
AIRFLOW_CTX_DAG_OWNER=Tinmar
AIRFLOW_CTX_DAG_ID=0_airflow_variables
AIRFLOW_CTX_TASK_ID=python_task
AIRFLOW_CTX_EXECUTION_DATE=2023-01-31T12:30:00+00:00
AIRFLOW_CTX_TRY_NUMBER=1
AIRFLOW_CTX_DAG_RUN_ID=scheduled__2023-01-31T12:30:00+00:00
[2023-02-01 09:04:47,584] {logging_mixin.py:115} INFO - ESTE ES EL RANDOM NUMBER 1 0.9194426329340242
[2023-02-01 09:04:47,585] {logging_mixin.py:115} INFO - ESTE ES EL RANDOM NUMBER 2 0.7862784768145725
[2023-02-01 09:04:47,586] {logging_mixin.py:115} INFO - ESTE ES EL RANDOM NUMBER 3 0.670090162303022
[2023-02-01 09:04:47,586] {logging_mixin.py:115} INFO - ESTE ES EL RANDOM NUMBER 4 0.385908376819445
[2023-02-01 09:04:47,587] {logging_mixin.py:115} INFO - ESTE ES EL RANDOM NUMBER 5 0.6364203454100187
[2023-02-01 09:04:47,587] {logging_mixin.py:115} INFO - ESTE ES EL RANDOM NUMBER 6 0.4044620671772373
[2023-02-01 09:04:47,588] {logging_mixin.py:115} INFO - ESTE ES EL RANDOM NUMBER 7 0.7453713612222712
[2023-02-01 09:04:47,588] {logging_mixin.py:115} INFO - ESTE ES EL RANDOM NUMBER 8 0.8030071444175145
[2023-02-01 09:04:47,589] {logging_mixin.py:115} INFO - ESTE ES EL RANDOM NUMBER 9 0.8545866148696464
[2023-02-01 09:04:47,589] {logging_mixin.py:115} INFO - ESTE ES EL RANDOM NUMBER 10 0.930438724243853
[2023-02-01 09:04:47,590] {python.py:173} INFO - Done. Returned value was: None
[2023-02-01 09:04:47,606] {taskinstance.py:1395} INFO - Marking task as SUCCESS. dag_id=0_airflow_variables, task_id=python_task, execution_date=20230131T123000, start_date=20230201T150447, end_date=20230201T150447
[2023-02-01 09:04:47,662] {local_task_job.py:156} INFO - Task exited with return code 0
[2023-02-01 09:04:47,706] {local_task_job.py:273} INFO - 0 downstream tasks scheduled from follow-on schedule check
