[2023-02-15 18:02:11,424] {taskinstance.py:1159} INFO - Dependencies all met for <TaskInstance: 6_dataproc_airflow.delete_cluster scheduled__2023-02-15T00:00:00+00:00 [queued]>
[2023-02-15 18:02:11,431] {taskinstance.py:1159} INFO - Dependencies all met for <TaskInstance: 6_dataproc_airflow.delete_cluster scheduled__2023-02-15T00:00:00+00:00 [queued]>
[2023-02-15 18:02:11,431] {taskinstance.py:1356} INFO - 
--------------------------------------------------------------------------------
[2023-02-15 18:02:11,434] {taskinstance.py:1357} INFO - Starting attempt 1 of 1
[2023-02-15 18:02:11,434] {taskinstance.py:1358} INFO - 
--------------------------------------------------------------------------------
[2023-02-15 18:02:11,443] {taskinstance.py:1377} INFO - Executing <Task(DataprocDeleteClusterOperator): delete_cluster> on 2023-02-15 00:00:00+00:00
[2023-02-15 18:02:11,446] {standard_task_runner.py:52} INFO - Started process 467149 to run task
[2023-02-15 18:02:11,448] {standard_task_runner.py:79} INFO - Running: ['***', 'tasks', 'run', '6_dataproc_***', 'delete_cluster', 'scheduled__2023-02-15T00:00:00+00:00', '--job-id', '223', '--raw', '--subdir', 'DAGS_FOLDER/Airflow2_0_De_0_a_Heroe/6_dataproc_***.py', '--cfg-path', '/tmp/tmp57yxkgxm', '--error-file', '/tmp/tmp4ob5hf13']
[2023-02-15 18:02:11,449] {standard_task_runner.py:80} INFO - Job 223: Subtask delete_cluster
[2023-02-15 18:02:11,491] {task_command.py:369} INFO - Running <TaskInstance: 6_dataproc_airflow.delete_cluster scheduled__2023-02-15T00:00:00+00:00 [running]> on host Tinmar.
[2023-02-15 18:02:11,534] {taskinstance.py:1569} INFO - Exporting the following env vars:
AIRFLOW_CTX_DAG_OWNER=David S
AIRFLOW_CTX_DAG_ID=6_dataproc_***
AIRFLOW_CTX_TASK_ID=delete_cluster
AIRFLOW_CTX_EXECUTION_DATE=2023-02-15T00:00:00+00:00
AIRFLOW_CTX_TRY_NUMBER=1
AIRFLOW_CTX_DAG_RUN_ID=scheduled__2023-02-15T00:00:00+00:00
[2023-02-15 18:02:11,542] {base.py:68} INFO - Using connection ID 'google_cloud_default' for task execution.
[2023-02-15 18:02:11,546] {dataproc.py:817} INFO - Deleting cluster: ***-spark-cluster
[2023-02-15 18:04:55,828] {dataproc.py:829} INFO - Cluster deleted.
[2023-02-15 18:04:55,877] {taskinstance.py:1395} INFO - Marking task as SUCCESS. dag_id=6_dataproc_***, task_id=delete_cluster, execution_date=20230215T000000, start_date=20230216T000211, end_date=20230216T000455
[2023-02-15 18:04:55,928] {local_task_job.py:156} INFO - Task exited with return code 0
