[2023-02-13 17:29:16,015] {taskinstance.py:1159} INFO - Dependencies all met for <TaskInstance: dynamic.dags.decimo.dag.Nicaragua.imprimir_Nicaragua manual__2023-02-13T23:29:13.443867+00:00 [queued]>
[2023-02-13 17:29:16,020] {taskinstance.py:1159} INFO - Dependencies all met for <TaskInstance: dynamic.dags.decimo.dag.Nicaragua.imprimir_Nicaragua manual__2023-02-13T23:29:13.443867+00:00 [queued]>
[2023-02-13 17:29:16,021] {taskinstance.py:1356} INFO - 
--------------------------------------------------------------------------------
[2023-02-13 17:29:16,023] {taskinstance.py:1357} INFO - Starting attempt 1 of 1
[2023-02-13 17:29:16,024] {taskinstance.py:1358} INFO - 
--------------------------------------------------------------------------------
[2023-02-13 17:29:16,033] {taskinstance.py:1377} INFO - Executing <Task(BashOperator): imprimir_Nicaragua> on 2023-02-13 23:29:13.443867+00:00
[2023-02-13 17:29:16,035] {standard_task_runner.py:52} INFO - Started process 261119 to run task
[2023-02-13 17:29:16,037] {standard_task_runner.py:79} INFO - Running: ['***', 'tasks', 'run', 'dynamic.dags.decimo.dag.Nicaragua', 'imprimir_Nicaragua', 'manual__2023-02-13T23:29:13.443867+00:00', '--job-id', '165', '--raw', '--subdir', 'DAGS_FOLDER/Apache_Airflow/dynamic_dags_decimo_dag.py', '--cfg-path', '/tmp/tmptutmr_bx', '--error-file', '/tmp/tmpedm5l71_']
[2023-02-13 17:29:16,039] {standard_task_runner.py:80} INFO - Job 165: Subtask imprimir_Nicaragua
[2023-02-13 17:29:16,080] {task_command.py:369} INFO - Running <TaskInstance: dynamic.dags.decimo.dag.Nicaragua.imprimir_Nicaragua manual__2023-02-13T23:29:13.443867+00:00 [running]> on host Tinmar.
[2023-02-13 17:29:16,127] {taskinstance.py:1569} INFO - Exporting the following env vars:
AIRFLOW_CTX_DAG_OWNER=Tinmar_Nicaragua
AIRFLOW_CTX_DAG_ID=dynamic.dags.decimo.dag.Nicaragua
AIRFLOW_CTX_TASK_ID=imprimir_Nicaragua
AIRFLOW_CTX_EXECUTION_DATE=2023-02-13T23:29:13.443867+00:00
AIRFLOW_CTX_TRY_NUMBER=1
AIRFLOW_CTX_DAG_RUN_ID=manual__2023-02-13T23:29:13.443867+00:00
[2023-02-13 17:29:16,128] {subprocess.py:62} INFO - Tmp dir root location: 
 /tmp
[2023-02-13 17:29:16,129] {subprocess.py:74} INFO - Running command: ['bash', '-c', 'echo Nicaragua']
[2023-02-13 17:29:16,134] {subprocess.py:85} INFO - Output:
[2023-02-13 17:29:16,135] {subprocess.py:92} INFO - Nicaragua
[2023-02-13 17:29:16,135] {subprocess.py:96} INFO - Command exited with return code 0
[2023-02-13 17:29:16,160] {taskinstance.py:1395} INFO - Marking task as SUCCESS. dag_id=dynamic.dags.decimo.dag.Nicaragua, task_id=imprimir_Nicaragua, execution_date=20230213T232913, start_date=20230213T232916, end_date=20230213T232916
[2023-02-13 17:29:16,170] {local_task_job.py:156} INFO - Task exited with return code 0
[2023-02-13 17:29:16,195] {local_task_job.py:273} INFO - 1 downstream tasks scheduled from follow-on schedule check
