[2023-02-18T02:59:29.189-0600] {taskinstance.py:1165} INFO - Dependencies all met for <TaskInstance: 4.1_group_dag.download_c scheduled__2023-02-17T00:00:00+00:00 [queued]>
[2023-02-18T02:59:29.207-0600] {taskinstance.py:1165} INFO - Dependencies all met for <TaskInstance: 4.1_group_dag.download_c scheduled__2023-02-17T00:00:00+00:00 [queued]>
[2023-02-18T02:59:29.209-0600] {taskinstance.py:1362} INFO - 
--------------------------------------------------------------------------------
[2023-02-18T02:59:29.211-0600] {taskinstance.py:1363} INFO - Starting attempt 1 of 1
[2023-02-18T02:59:29.212-0600] {taskinstance.py:1364} INFO - 
--------------------------------------------------------------------------------
[2023-02-18T02:59:29.234-0600] {taskinstance.py:1383} INFO - Executing <Task(BashOperator): download_c> on 2023-02-17 00:00:00+00:00
[2023-02-18T02:59:29.239-0600] {standard_task_runner.py:54} INFO - Started process 191139 to run task
[2023-02-18T02:59:29.243-0600] {standard_task_runner.py:82} INFO - Running: ['***', 'tasks', 'run', '4.1_group_dag', 'download_c', 'scheduled__2023-02-17T00:00:00+00:00', '--job-id', '431', '--raw', '--subdir', 'DAGS_FOLDER/Introduction_to_Apache_Airflow/4.1_group_dag.py', '--cfg-path', '/tmp/tmp6zeux5g6']
[2023-02-18T02:59:29.248-0600] {standard_task_runner.py:83} INFO - Job 431: Subtask download_c
[2023-02-18T02:59:29.250-0600] {dagbag.py:525} INFO - Filling up the DagBag from /c/Airflow/dags/Introduction_to_Apache_Airflow/4.1_group_dag.py
[2023-02-18T02:59:29.483-0600] {task_command.py:384} INFO - Running <TaskInstance: 4.1_group_dag.download_c scheduled__2023-02-17T00:00:00+00:00 [running]> on host Tinmar.
[2023-02-18T02:59:29.602-0600] {taskinstance.py:1590} INFO - Exporting the following env vars:
AIRFLOW_CTX_DAG_OWNER=***
AIRFLOW_CTX_DAG_ID=4.1_group_dag
AIRFLOW_CTX_TASK_ID=download_c
AIRFLOW_CTX_EXECUTION_DATE=2023-02-17T00:00:00+00:00
AIRFLOW_CTX_TRY_NUMBER=1
AIRFLOW_CTX_DAG_RUN_ID=scheduled__2023-02-17T00:00:00+00:00
[2023-02-18T02:59:29.604-0600] {subprocess.py:63} INFO - Tmp dir root location: 
 /tmp
[2023-02-18T02:59:29.608-0600] {subprocess.py:75} INFO - Running command: ['/usr/bin/bash', '-c', 'sleep 10']
[2023-02-18T02:59:29.620-0600] {subprocess.py:86} INFO - Output:
[2023-02-18T02:59:39.624-0600] {subprocess.py:97} INFO - Command exited with return code 0
[2023-02-18T02:59:39.650-0600] {taskinstance.py:1401} INFO - Marking task as SUCCESS. dag_id=4.1_group_dag, task_id=download_c, execution_date=20230217T000000, start_date=20230218T085929, end_date=20230218T085939
[2023-02-18T02:59:39.681-0600] {local_task_job.py:164} INFO - Task exited with return code 0
[2023-02-18T02:59:39.704-0600] {local_task_job.py:273} INFO - 0 downstream tasks scheduled from follow-on schedule check
