[2023-02-13 12:18:04,890] {taskinstance.py:1159} INFO - Dependencies all met for <TaskInstance: jinja_macros_quinto_dag.xcom_push manual__2023-02-13T18:18:03.246075+00:00 [queued]>
[2023-02-13 12:18:04,897] {taskinstance.py:1159} INFO - Dependencies all met for <TaskInstance: jinja_macros_quinto_dag.xcom_push manual__2023-02-13T18:18:03.246075+00:00 [queued]>
[2023-02-13 12:18:04,898] {taskinstance.py:1356} INFO - 
--------------------------------------------------------------------------------
[2023-02-13 12:18:04,898] {taskinstance.py:1357} INFO - Starting attempt 1 of 1
[2023-02-13 12:18:04,899] {taskinstance.py:1358} INFO - 
--------------------------------------------------------------------------------
[2023-02-13 12:18:04,909] {taskinstance.py:1377} INFO - Executing <Task(PythonOperator): xcom_push> on 2023-02-13 18:18:03.246075+00:00
[2023-02-13 12:18:04,913] {standard_task_runner.py:52} INFO - Started process 111474 to run task
[2023-02-13 12:18:04,916] {standard_task_runner.py:79} INFO - Running: ['***', 'tasks', 'run', 'jinja_macros_quinto_dag', 'xcom_push', 'manual__2023-02-13T18:18:03.246075+00:00', '--job-id', '119', '--raw', '--subdir', 'DAGS_FOLDER/Apache_Airflow/jinja_macros_quinto_dag.py', '--cfg-path', '/tmp/tmp67ugdoc5', '--error-file', '/tmp/tmpnuv_jz28']
[2023-02-13 12:18:04,919] {standard_task_runner.py:80} INFO - Job 119: Subtask xcom_push
[2023-02-13 12:18:04,989] {task_command.py:369} INFO - Running <TaskInstance: jinja_macros_quinto_dag.xcom_push manual__2023-02-13T18:18:03.246075+00:00 [running]> on host Tinmar.
[2023-02-13 12:18:05,072] {taskinstance.py:1569} INFO - Exporting the following env vars:
AIRFLOW_CTX_DAG_OWNER=Tinmar
AIRFLOW_CTX_DAG_ID=jinja_macros_quinto_dag
AIRFLOW_CTX_TASK_ID=xcom_push
AIRFLOW_CTX_EXECUTION_DATE=2023-02-13T18:18:03.246075+00:00
AIRFLOW_CTX_TRY_NUMBER=1
AIRFLOW_CTX_DAG_RUN_ID=manual__2023-02-13T18:18:03.246075+00:00
[2023-02-13 12:18:05,074] {logging_mixin.py:115} INFO - Hola Tinmar
[2023-02-13 12:18:05,075] {logging_mixin.py:115} INFO - Hola Alejandra
[2023-02-13 12:18:05,076] {logging_mixin.py:115} INFO - Hola Kenya
[2023-02-13 12:18:05,077] {logging_mixin.py:115} INFO - Hola Atocha
[2023-02-13 12:18:05,077] {logging_mixin.py:115} INFO - Hola Francisco
[2023-02-13 12:18:05,078] {logging_mixin.py:115} INFO - Hola Paola
[2023-02-13 12:18:05,079] {logging_mixin.py:115} INFO - Hola Lucy
[2023-02-13 12:18:05,080] {logging_mixin.py:115} INFO - Hola Ajna
[2023-02-13 12:18:05,099] {python.py:173} INFO - Done. Returned value was: Este es un Xcom
[2023-02-13 12:18:05,128] {taskinstance.py:1395} INFO - Marking task as SUCCESS. dag_id=jinja_macros_quinto_dag, task_id=xcom_push, execution_date=20230213T181803, start_date=20230213T181804, end_date=20230213T181805
[2023-02-13 12:18:05,177] {local_task_job.py:156} INFO - Task exited with return code 0
[2023-02-13 12:18:05,209] {local_task_job.py:273} INFO - 0 downstream tasks scheduled from follow-on schedule check
