[2023-02-09 10:58:33,251] {taskinstance.py:1159} INFO - Dependencies all met for <TaskInstance: 7_dataproc_subdags.create_cluster manual__2023-02-09T16:42:00.190347+00:00 [queued]>
[2023-02-09 10:58:33,258] {taskinstance.py:1159} INFO - Dependencies all met for <TaskInstance: 7_dataproc_subdags.create_cluster manual__2023-02-09T16:42:00.190347+00:00 [queued]>
[2023-02-09 10:58:33,258] {taskinstance.py:1356} INFO - 
--------------------------------------------------------------------------------
[2023-02-09 10:58:33,259] {taskinstance.py:1357} INFO - Starting attempt 4 of 4
[2023-02-09 10:58:33,260] {taskinstance.py:1358} INFO - 
--------------------------------------------------------------------------------
[2023-02-09 10:58:33,267] {taskinstance.py:1377} INFO - Executing <Task(DataprocCreateClusterOperator): create_cluster> on 2023-02-09 16:42:00.190347+00:00
[2023-02-09 10:58:33,269] {standard_task_runner.py:52} INFO - Started process 5959 to run task
[2023-02-09 10:58:33,271] {standard_task_runner.py:79} INFO - Running: ['***', 'tasks', 'run', '7_dataproc_subdags', 'create_cluster', 'manual__2023-02-09T16:42:00.190347+00:00', '--job-id', '13', '--raw', '--subdir', 'DAGS_FOLDER/Airflow2_0_De_0_a_Heroe/7_dataproc_subdags.py', '--cfg-path', '/tmp/tmp645a3bck', '--error-file', '/tmp/tmpuqu25hty']
[2023-02-09 10:58:33,273] {standard_task_runner.py:80} INFO - Job 13: Subtask create_cluster
[2023-02-09 10:58:33,326] {task_command.py:369} INFO - Running <TaskInstance: 7_dataproc_subdags.create_cluster manual__2023-02-09T16:42:00.190347+00:00 [running]> on host Tinmar.
[2023-02-09 10:58:33,391] {taskinstance.py:1569} INFO - Exporting the following env vars:
AIRFLOW_CTX_DAG_OWNER=David Sanchez
AIRFLOW_CTX_DAG_ID=7_dataproc_subdags
AIRFLOW_CTX_TASK_ID=create_cluster
AIRFLOW_CTX_EXECUTION_DATE=2023-02-09T16:42:00.190347+00:00
AIRFLOW_CTX_TRY_NUMBER=4
AIRFLOW_CTX_DAG_RUN_ID=manual__2023-02-09T16:42:00.190347+00:00
[2023-02-09 10:58:33,392] {dataproc.py:591} INFO - Creating cluster: ***-spark-cluster
[2023-02-09 10:58:33,407] {base.py:68} INFO - Using connection ID 'google_cloud_default' for task execution.
[2023-02-09 10:58:33,441] {taskinstance.py:1889} ERROR - Task failed with exception
Traceback (most recent call last):
  File "/home/tinmar/.local/lib/python3.10/site-packages/airflow/providers/google/cloud/operators/dataproc.py", line 599, in execute
    cluster = self._create_cluster(hook)
  File "/home/tinmar/.local/lib/python3.10/site-packages/airflow/providers/google/cloud/operators/dataproc.py", line 522, in _create_cluster
    operation = hook.create_cluster(
  File "/home/tinmar/.local/lib/python3.10/site-packages/airflow/providers/google/common/hooks/base_google.py", line 462, in inner_wrapper
    return func(self, *args, **kwargs)
  File "/home/tinmar/.local/lib/python3.10/site-packages/airflow/providers/google/cloud/hooks/dataproc.py", line 321, in create_cluster
    client = self.get_cluster_client(region=region)
  File "/home/tinmar/.local/lib/python3.10/site-packages/airflow/providers/google/cloud/hooks/dataproc.py", line 222, in get_cluster_client
    credentials=self.get_credentials(), client_info=CLIENT_INFO, client_options=client_options
  File "/home/tinmar/.local/lib/python3.10/site-packages/airflow/providers/google/common/hooks/base_google.py", line 275, in get_credentials
    credentials, _ = self.get_credentials_and_project_id()
  File "/home/tinmar/.local/lib/python3.10/site-packages/airflow/providers/google/common/hooks/base_google.py", line 253, in get_credentials_and_project_id
    credentials, project_id = get_credentials_and_project_id(
  File "/home/tinmar/.local/lib/python3.10/site-packages/airflow/providers/google/cloud/utils/credentials_provider.py", line 332, in get_credentials_and_project_id
    return _CredentialProvider(*args, **kwargs).get_credentials_and_project()
  File "/home/tinmar/.local/lib/python3.10/site-packages/airflow/providers/google/cloud/utils/credentials_provider.py", line 210, in __init__
    raise AirflowException(
airflow.exceptions.AirflowException: The `keyfile_dict`, `key_path`, and `key_secret_name` fields are all mutually exclusive. Please provide only one value.
[2023-02-09 10:58:33,444] {taskinstance.py:1395} INFO - Marking task as FAILED. dag_id=7_dataproc_subdags, task_id=create_cluster, execution_date=20230209T164200, start_date=20230209T165833, end_date=20230209T165833
[2023-02-09 10:58:33,450] {standard_task_runner.py:92} ERROR - Failed to execute job 13 for task create_cluster (The `keyfile_dict`, `key_path`, and `key_secret_name` fields are all mutually exclusive. Please provide only one value.; 5959)
[2023-02-09 10:58:33,485] {local_task_job.py:156} INFO - Task exited with return code 1
