[2023-02-09 11:54:00,410] {taskinstance.py:1159} INFO - Dependencies all met for <TaskInstance: 7_dataproc_subdags.create_cluster manual__2023-02-09T16:42:00.190347+00:00 [queued]>
[2023-02-09 11:54:00,416] {taskinstance.py:1159} INFO - Dependencies all met for <TaskInstance: 7_dataproc_subdags.create_cluster manual__2023-02-09T16:42:00.190347+00:00 [queued]>
[2023-02-09 11:54:00,416] {taskinstance.py:1356} INFO - 
--------------------------------------------------------------------------------
[2023-02-09 11:54:00,417] {taskinstance.py:1357} INFO - Starting attempt 12 of 12
[2023-02-09 11:54:00,420] {taskinstance.py:1358} INFO - 
--------------------------------------------------------------------------------
[2023-02-09 11:54:00,428] {taskinstance.py:1377} INFO - Executing <Task(DataprocCreateClusterOperator): create_cluster> on 2023-02-09 16:42:00.190347+00:00
[2023-02-09 11:54:00,437] {standard_task_runner.py:52} INFO - Started process 39446 to run task
[2023-02-09 11:54:00,439] {standard_task_runner.py:79} INFO - Running: ['***', 'tasks', 'run', '7_dataproc_subdags', 'create_cluster', 'manual__2023-02-09T16:42:00.190347+00:00', '--job-id', '30', '--raw', '--subdir', 'DAGS_FOLDER/Airflow2_0_De_0_a_Heroe/7_dataproc_subdags.py', '--cfg-path', '/tmp/tmpwl38d6sn', '--error-file', '/tmp/tmpyegam3jx']
[2023-02-09 11:54:00,453] {standard_task_runner.py:80} INFO - Job 30: Subtask create_cluster
[2023-02-09 11:54:00,519] {task_command.py:369} INFO - Running <TaskInstance: 7_dataproc_subdags.create_cluster manual__2023-02-09T16:42:00.190347+00:00 [running]> on host Tinmar.
[2023-02-09 11:54:00,574] {taskinstance.py:1569} INFO - Exporting the following env vars:
AIRFLOW_CTX_DAG_OWNER=David Sanchez
AIRFLOW_CTX_DAG_ID=7_dataproc_subdags
AIRFLOW_CTX_TASK_ID=create_cluster
AIRFLOW_CTX_EXECUTION_DATE=2023-02-09T16:42:00.190347+00:00
AIRFLOW_CTX_TRY_NUMBER=12
AIRFLOW_CTX_DAG_RUN_ID=manual__2023-02-09T16:42:00.190347+00:00
[2023-02-09 11:54:00,595] {dataproc.py:591} INFO - Creating cluster: ***-spark-cluster
[2023-02-09 11:54:00,615] {base.py:68} INFO - Using connection ID 'google_cloud_default' for task execution.
[2023-02-09 11:55:49,766] {dataproc.py:535} INFO - Cluster created.
[2023-02-09 11:55:49,797] {taskinstance.py:1395} INFO - Marking task as SUCCESS. dag_id=7_dataproc_subdags, task_id=create_cluster, execution_date=20230209T164200, start_date=20230209T175400, end_date=20230209T175549
[2023-02-09 11:55:49,812] {local_task_job.py:156} INFO - Task exited with return code 0
