[2023-02-13 13:47:18,894] {taskinstance.py:1159} INFO - Dependencies all met for <TaskInstance: subdags_septimo_dag.subdag.python_task scheduled__2023-02-12T00:00:00+00:00 [queued]>
[2023-02-13 13:47:18,899] {taskinstance.py:1159} INFO - Dependencies all met for <TaskInstance: subdags_septimo_dag.subdag.python_task scheduled__2023-02-12T00:00:00+00:00 [queued]>
[2023-02-13 13:47:18,899] {taskinstance.py:1356} INFO - 
--------------------------------------------------------------------------------
[2023-02-13 13:47:18,900] {taskinstance.py:1357} INFO - Starting attempt 1 of 1
[2023-02-13 13:47:18,900] {taskinstance.py:1358} INFO - 
--------------------------------------------------------------------------------
[2023-02-13 13:47:18,907] {taskinstance.py:1377} INFO - Executing <Task(PythonOperator): python_task> on 2023-02-12 00:00:00+00:00
[2023-02-13 13:47:18,909] {standard_task_runner.py:52} INFO - Started process 167710 to run task
[2023-02-13 13:47:18,911] {standard_task_runner.py:79} INFO - Running: ['***', 'tasks', 'run', 'subdags_septimo_dag.subdag', 'python_task', 'scheduled__2023-02-12T00:00:00+00:00', '--job-id', '131', '--raw', '--subdir', 'DAGS_FOLDER/Apache_Airflow/subdags_septimo_dag.py', '--cfg-path', '/tmp/tmptyerb2pw', '--error-file', '/tmp/tmpwsqgxvgs']
[2023-02-13 13:47:18,913] {standard_task_runner.py:80} INFO - Job 131: Subtask python_task
[2023-02-13 13:47:18,950] {task_command.py:369} INFO - Running <TaskInstance: subdags_septimo_dag.subdag.python_task scheduled__2023-02-12T00:00:00+00:00 [running]> on host Tinmar.
[2023-02-13 13:47:18,988] {taskinstance.py:1569} INFO - Exporting the following env vars:
AIRFLOW_CTX_DAG_OWNER=Tinmar
AIRFLOW_CTX_DAG_ID=subdags_septimo_dag.subdag
AIRFLOW_CTX_TASK_ID=python_task
AIRFLOW_CTX_EXECUTION_DATE=2023-02-12T00:00:00+00:00
AIRFLOW_CTX_TRY_NUMBER=1
AIRFLOW_CTX_DAG_RUN_ID=scheduled__2023-02-12T00:00:00+00:00
[2023-02-13 13:47:18,989] {logging_mixin.py:115} INFO - Hola Mundo
[2023-02-13 13:47:18,990] {python.py:173} INFO - Done. Returned value was: None
[2023-02-13 13:47:18,999] {taskinstance.py:1395} INFO - Marking task as SUCCESS. dag_id=subdags_septimo_dag.subdag, task_id=python_task, execution_date=20230212T000000, start_date=20230213T194718, end_date=20230213T194718
[2023-02-13 13:47:19,049] {local_task_job.py:156} INFO - Task exited with return code 0
[2023-02-13 13:47:19,076] {local_task_job.py:273} INFO - 1 downstream tasks scheduled from follow-on schedule check
