[2023-02-17T12:38:29.428-0600] {taskinstance.py:1165} INFO - Dependencies all met for <TaskInstance: 1.6.2_user_processing.extract_data manual__2023-02-17T18:38:27.455559+00:00 [queued]>
[2023-02-17T12:38:29.443-0600] {taskinstance.py:1165} INFO - Dependencies all met for <TaskInstance: 1.6.2_user_processing.extract_data manual__2023-02-17T18:38:27.455559+00:00 [queued]>
[2023-02-17T12:38:29.444-0600] {taskinstance.py:1362} INFO - 
--------------------------------------------------------------------------------
[2023-02-17T12:38:29.446-0600] {taskinstance.py:1363} INFO - Starting attempt 1 of 1
[2023-02-17T12:38:29.447-0600] {taskinstance.py:1364} INFO - 
--------------------------------------------------------------------------------
[2023-02-17T12:38:29.459-0600] {taskinstance.py:1383} INFO - Executing <Task(SimpleHttpOperator): extract_data> on 2023-02-17 18:38:27.455559+00:00
[2023-02-17T12:38:29.464-0600] {standard_task_runner.py:54} INFO - Started process 142035 to run task
[2023-02-17T12:38:29.468-0600] {standard_task_runner.py:82} INFO - Running: ['***', 'tasks', 'run', '1.6.2_user_processing', 'extract_data', 'manual__2023-02-17T18:38:27.455559+00:00', '--job-id', '409', '--raw', '--subdir', 'DAGS_FOLDER/Introduction_to_Apache_Airflow/1.6.2_user_processing.py', '--cfg-path', '/tmp/tmpvu6ztl8e']
[2023-02-17T12:38:29.471-0600] {standard_task_runner.py:83} INFO - Job 409: Subtask extract_data
[2023-02-17T12:38:29.474-0600] {dagbag.py:525} INFO - Filling up the DagBag from /c/Airflow/dags/Introduction_to_Apache_Airflow/1.6.2_user_processing.py
[2023-02-17T12:38:29.958-0600] {task_command.py:384} INFO - Running <TaskInstance: 1.6.2_user_processing.extract_data manual__2023-02-17T18:38:27.455559+00:00 [running]> on host Tinmar.
[2023-02-17T12:38:30.040-0600] {taskinstance.py:1590} INFO - Exporting the following env vars:
AIRFLOW_CTX_DAG_OWNER=Tinmar
AIRFLOW_CTX_DAG_ID=1.6.2_user_processing
AIRFLOW_CTX_TASK_ID=extract_data
AIRFLOW_CTX_EXECUTION_DATE=2023-02-17T18:38:27.455559+00:00
AIRFLOW_CTX_TRY_NUMBER=1
AIRFLOW_CTX_DAG_RUN_ID=manual__2023-02-17T18:38:27.455559+00:00
[2023-02-17T12:38:30.042-0600] {http.py:123} INFO - Calling HTTP method
[2023-02-17T12:38:30.058-0600] {base.py:71} INFO - Using connection ID 'user_api' for task execution.
[2023-02-17T12:38:30.686-0600] {http.py:127} INFO - {"results":[{"gender":"female","name":{"title":"Miss","first":"Megan","last":"Ferguson"},"location":{"street":{"number":2676,"name":"Bridge Road"},"city":"Stevenage","state":"Devon","country":"United Kingdom","postcode":"GX5 6LE","coordinates":{"latitude":"-9.4474","longitude":"174.7108"},"timezone":{"offset":"-7:00","description":"Mountain Time (US & Canada)"}},"email":"megan.ferguson@example.com","login":{"uuid":"b32241c4-cf78-4c0e-953e-14d3c69740d1","username":"tinybutterfly369","password":"clock","salt":"9EIUa4Kv","md5":"1501d025cd045f2e9ca4bbf5e9ef2790","sha1":"af3e96c77559e124421dd828a0959fa5cd1777ef","sha256":"9f13973b4b17c6625afa86c0bbe8c4ba01be77b76de106f6b790f5331b51c2aa"},"dob":{"date":"1993-01-01T16:28:03.436Z","age":30},"registered":{"date":"2006-04-10T21:46:53.158Z","age":16},"phone":"01364 20800","cell":"07125 951079","id":{"name":"NINO","value":"BM 03 84 91 U"},"picture":{"large":"https://randomuser.me/api/portraits/women/75.jpg","medium":"https://randomuser.me/api/portraits/med/women/75.jpg","thumbnail":"https://randomuser.me/api/portraits/thumb/women/75.jpg"},"nat":"GB"}],"info":{"seed":"ad8ed3e121a1d4fe","results":1,"page":1,"version":"1.4"}}
[2023-02-17T12:38:30.717-0600] {taskinstance.py:1401} INFO - Marking task as SUCCESS. dag_id=1.6.2_user_processing, task_id=extract_data, execution_date=20230217T183827, start_date=20230217T183829, end_date=20230217T183830
[2023-02-17T12:38:30.737-0600] {local_task_job.py:164} INFO - Task exited with return code 0
[2023-02-17T12:38:30.767-0600] {local_task_job.py:273} INFO - 1 downstream tasks scheduled from follow-on schedule check
