[2023-02-16T16:45:21.527-0600] {taskinstance.py:1165} INFO - Dependencies all met for <TaskInstance: 4_group_dag.check_files scheduled__2023-02-15T00:00:00+00:00 [queued]>
[2023-02-16T16:45:21.541-0600] {taskinstance.py:1165} INFO - Dependencies all met for <TaskInstance: 4_group_dag.check_files scheduled__2023-02-15T00:00:00+00:00 [queued]>
[2023-02-16T16:45:21.543-0600] {taskinstance.py:1362} INFO - 
--------------------------------------------------------------------------------
[2023-02-16T16:45:21.545-0600] {taskinstance.py:1363} INFO - Starting attempt 1 of 1
[2023-02-16T16:45:21.547-0600] {taskinstance.py:1364} INFO - 
--------------------------------------------------------------------------------
[2023-02-16T16:45:21.562-0600] {taskinstance.py:1383} INFO - Executing <Task(BashOperator): check_files> on 2023-02-15 00:00:00+00:00
[2023-02-16T16:45:21.567-0600] {standard_task_runner.py:54} INFO - Started process 165116 to run task
[2023-02-16T16:45:21.571-0600] {standard_task_runner.py:82} INFO - Running: ['***', 'tasks', 'run', '4_group_dag', 'check_files', 'scheduled__2023-02-15T00:00:00+00:00', '--job-id', '305', '--raw', '--subdir', 'DAGS_FOLDER/Introduction_to_Apache_Airflow/4_group_dag.py', '--cfg-path', '/tmp/tmpxjb4pen_']
[2023-02-16T16:45:21.576-0600] {standard_task_runner.py:83} INFO - Job 305: Subtask check_files
[2023-02-16T16:45:21.581-0600] {dagbag.py:525} INFO - Filling up the DagBag from /c/Airflow/dags/Introduction_to_Apache_Airflow/4_group_dag.py
[2023-02-16T16:45:21.758-0600] {task_command.py:384} INFO - Running <TaskInstance: 4_group_dag.check_files scheduled__2023-02-15T00:00:00+00:00 [running]> on host Tinmar.
[2023-02-16T16:45:21.824-0600] {taskinstance.py:1590} INFO - Exporting the following env vars:
AIRFLOW_CTX_DAG_OWNER=***
AIRFLOW_CTX_DAG_ID=4_group_dag
AIRFLOW_CTX_TASK_ID=check_files
AIRFLOW_CTX_EXECUTION_DATE=2023-02-15T00:00:00+00:00
AIRFLOW_CTX_TRY_NUMBER=1
AIRFLOW_CTX_DAG_RUN_ID=scheduled__2023-02-15T00:00:00+00:00
[2023-02-16T16:45:21.825-0600] {subprocess.py:63} INFO - Tmp dir root location: 
 /tmp
[2023-02-16T16:45:21.826-0600] {subprocess.py:75} INFO - Running command: ['/usr/bin/bash', '-c', 'sleep 10']
[2023-02-16T16:45:21.832-0600] {subprocess.py:86} INFO - Output:
[2023-02-16T16:45:31.833-0600] {subprocess.py:97} INFO - Command exited with return code 0
[2023-02-16T16:45:31.855-0600] {taskinstance.py:1401} INFO - Marking task as SUCCESS. dag_id=4_group_dag, task_id=check_files, execution_date=20230215T000000, start_date=20230216T224521, end_date=20230216T224531
[2023-02-16T16:45:31.875-0600] {local_task_job.py:164} INFO - Task exited with return code 0
[2023-02-16T16:45:31.890-0600] {local_task_job.py:273} INFO - 3 downstream tasks scheduled from follow-on schedule check
